#-------------------------------------------------
#DMC run: timestep 0.01
#-------------------------------------------------


init { 
   label ts_0.01
}
block { 
   label ts_0.01
   totweight 1740800
   nautocorr 0
   total_energy { -5.00031391344475   } 
   total_energyvar { 0.03125735945723895   } 
   weight { 1.001044506297501   } 
   weightvar { 0.00347565768718182   } 
   kinetic_energy { 2.666852622589606   } 
   kinetic_energyvar { 2.966598929947927   } 
   potential_energy { -8.31152507675011   } 
   potential_energyvar { 4.027334711194931   } 
   nonlocal_energy { 0.6443585407157529   } 
   nonlocal_energyvar { 2.416264532917789   } 
   autocorr_energy { } 
} 

block { 
   label ts_0.01
   totweight 1740800
   nautocorr 0
   total_energy { -5.00149518422101   } 
   total_energyvar { 0.03079957174102343   } 
   weight { 1.001718129588262   } 
   weightvar { 0.01490556333271626   } 
   kinetic_energy { 2.672801904978374   } 
   kinetic_energyvar { 2.969455359742037   } 
   potential_energy { -8.325421108868916   } 
   potential_energyvar { 4.119106659796008   } 
   nonlocal_energy { 0.6511240196695317   } 
   nonlocal_energyvar { 2.533940159903605   } 
   autocorr_energy { } 
} 

block { 
   label ts_0.01
   totweight 1740800
   nautocorr 0
   total_energy { -5.001812930611477   } 
   total_energyvar { 0.03032414137669863   } 
   weight { 1.001180747529259   } 
   weightvar { 0.02759272257299731   } 
   kinetic_energy { 2.671958624624411   } 
   kinetic_energyvar { 2.947891954775432   } 
   potential_energy { -8.319740199684846   } 
   potential_energyvar { 4.048211312680341   } 
   nonlocal_energy { 0.645968644448957   } 
   nonlocal_energyvar { 2.461100826677245   } 
   autocorr_energy { } 
} 

block { 
   label ts_0.01
   totweight 1740800
   nautocorr 0
   total_energy { -5.002344744461902   } 
   total_energyvar { 0.02996406741308546   } 
   weight { 1.000814133231494   } 
   weightvar { 0.03986794216359317   } 
   kinetic_energy { 2.658133376544408   } 
   kinetic_energyvar { 2.929374181628477   } 
   potential_energy { -8.303322029066535   } 
   potential_energyvar { 3.955316338413121   } 
   nonlocal_energy { 0.6428439080602287   } 
   nonlocal_energyvar { 2.3601537130989   } 
   autocorr_energy { } 
} 

block { 
   label ts_0.01
   totweight 1740800
   nautocorr 0
   total_energy { -5.00286598995892   } 
   total_energyvar { 0.02981644848158303   } 
   weight { 1.000694049183079   } 
   weightvar { 0.05089937688538975   } 
   kinetic_energy { 2.678184809139143   } 
   kinetic_energyvar { 2.975569491486924   } 
   potential_energy { -8.322345908919162   } 
   potential_energyvar { 4.237230562141023   } 
   nonlocal_energy { 0.6412951098210996   } 
   nonlocal_energyvar { 2.590476755243224   } 
   autocorr_energy { } 
} 

block { 
   label ts_0.01
   totweight 1740800
   nautocorr 0
   total_energy { -5.002485196317298   } 
   total_energyvar { 0.02977234176092384   } 
   weight { 1.000822192352392   } 
   weightvar { 0.06041915506468985   } 
   kinetic_energy { 2.675802899461858   } 
   kinetic_energyvar { 2.949190611082854   } 
   potential_energy { -8.324148126463298   } 
   potential_energyvar { 4.024839103603894   } 
   nonlocal_energy { 0.6458600306841425   } 
   nonlocal_energyvar { 2.366515099231578   } 
   autocorr_energy { } 
} 

block { 
   label ts_0.01
   totweight 1740800
   nautocorr 0
   total_energy { -5.003110976661501   } 
   total_energyvar { 0.02985860382134265   } 
   weight { 1.000209208608105   } 
   weightvar { 0.06744859396691337   } 
   kinetic_energy { 2.673229175674734   } 
   kinetic_energyvar { 2.942684022730563   } 
   potential_energy { -8.310396044459429   } 
   potential_energyvar { 4.050614865863706   } 
   nonlocal_energy { 0.6340558921231927   } 
   nonlocal_energyvar { 2.389840269624519   } 
   autocorr_energy { } 
} 

block { 
   label ts_0.01
   totweight 1740800
   nautocorr 0
   total_energy { -5.003178086106515   } 
   total_energyvar { 0.02999503076744137   } 
   weight { 1.000493681323181   } 
   weightvar { 0.0724516514412633   } 
   kinetic_energy { 2.6646927612805   } 
   kinetic_energyvar { 2.924414547090895   } 
   potential_energy { -8.313188221721223   } 
   potential_energyvar { 4.043176321695998   } 
   nonlocal_energy { 0.6453173743342059   } 
   nonlocal_energyvar { 2.459075546816495   } 
   autocorr_energy { } 
} 

block { 
   label ts_0.01
   totweight 1740800
   nautocorr 0
   total_energy { -5.003661084097875   } 
   total_energyvar { 0.02956813330412679   } 
   weight { 1.000364695988482   } 
   weightvar { 0.07729906820203628   } 
   kinetic_energy { 2.678396620413345   } 
   kinetic_energyvar { 2.95724160340888   } 
   potential_energy { -8.327826918241222   } 
   potential_energyvar { 4.023169922549991   } 
   nonlocal_energy { 0.6457692137300024   } 
   nonlocal_energyvar { 2.400899452759242   } 
   autocorr_energy { } 
} 

block { 
   label ts_0.01
   totweight 1740800
   nautocorr 0
   total_energy { -5.00341157037785   } 
   total_energyvar { 0.02939427676929807   } 
   weight { 1.00029978122575   } 
   weightvar { 0.08083435216579681   } 
   kinetic_energy { 2.683245881179575   } 
   kinetic_energyvar { 2.87815551196697   } 
   potential_energy { -8.326067236467253   } 
   potential_energyvar { 3.930995144194999   } 
   nonlocal_energy { 0.6394097849098258   } 
   nonlocal_energyvar { 2.275540022095018   } 
   autocorr_energy { } 
} 

block { 
   label ts_0.01
   totweight 1740800
   nautocorr 0
   total_energy { -5.003749453855446   } 
   total_energyvar { 0.0295491649538499   } 
   weight { 1.000382616257092   } 
   weightvar { 0.08407698437537658   } 
   kinetic_energy { 2.681102385009385   } 
   kinetic_energyvar { 2.988500075083884   } 
   potential_energy { -8.328883349387215   } 
   potential_energyvar { 4.00724787737478   } 
   nonlocal_energy { 0.6440315105223869   } 
   nonlocal_energyvar { 2.344113644096034   } 
   autocorr_energy { } 
} 

block { 
   label ts_0.01
   totweight 1740800
   nautocorr 0
   total_energy { -5.002544213014935   } 
   total_energyvar { 0.02991723338925858   } 
   weight { 0.9997327737499141   } 
   weightvar { 0.08631571011391664   } 
   kinetic_energy { 2.67192956204517   } 
   kinetic_energyvar { 2.918637571948075   } 
   potential_energy { -8.321476734678127   } 
   potential_energyvar { 4.003105676895732   } 
   nonlocal_energy { 0.647002959618022   } 
   nonlocal_energyvar { 2.41048116147067   } 
   autocorr_energy { } 
} 

block { 
   label ts_0.01
   totweight 1740800
   nautocorr 0
   total_energy { -5.001894184216277   } 
   total_energyvar { 0.02825883027344206   } 
   weight { 0.9990647670056783   } 
   weightvar { 0.08743773184234997   } 
   kinetic_energy { 2.677667134850364   } 
   kinetic_energyvar { 2.955389130501861   } 
   potential_energy { -8.315826500147335   } 
   potential_energyvar { 4.072025348176655   } 
   nonlocal_energy { 0.6362651810806944   } 
   nonlocal_energyvar { 2.344430350087883   } 
   autocorr_energy { } 
} 

block { 
   label ts_0.01
   totweight 1740800
   nautocorr 0
   total_energy { -5.003396041500105   } 
   total_energyvar { 0.02992248757001032   } 
   weight { 0.9994824464953079   } 
   weightvar { 0.08945551999215849   } 
   kinetic_energy { 2.695479124178698   } 
   kinetic_energyvar { 2.973848933817362   } 
   potential_energy { -8.336659204167866   } 
   potential_energyvar { 4.100544835022595   } 
   nonlocal_energy { 0.6377840384890635   } 
   nonlocal_energyvar { 2.429134647996285   } 
   autocorr_energy { } 
} 

block { 
   label ts_0.01
   totweight 1740800
   nautocorr 0
   total_energy { -5.002515299251747   } 
   total_energyvar { 0.02864382592420854   } 
   weight { 0.9993655799704501   } 
   weightvar { 0.09092797224605784   } 
   kinetic_energy { 2.680282897982391   } 
   kinetic_energyvar { 2.884935375845199   } 
   potential_energy { -8.316274072334469   } 
   potential_energyvar { 4.014807768462377   } 
   nonlocal_energy { 0.6334758751003287   } 
   nonlocal_energyvar { 2.289850467206125   } 
   autocorr_energy { } 
} 

block { 
   label ts_0.01
   totweight 1740800
   nautocorr 0
   total_energy { -5.002923374526126   } 
   total_energyvar { 0.02926545921737215   } 
   weight { 0.9995047651133884   } 
   weightvar { 0.09157644197964164   } 
   kinetic_energy { 2.686463032369675   } 
   kinetic_energyvar { 2.914710539941973   } 
   potential_energy { -8.339276999179612   } 
   potential_energyvar { 3.978565629173767   } 
   nonlocal_energy { 0.6498905922838104   } 
   nonlocal_energyvar { 2.334022919832417   } 
   autocorr_energy { } 
} 

block { 
   label ts_0.01
   totweight 1740800
   nautocorr 0
   total_energy { -5.002489960166442   } 
   total_energyvar { 0.03029746998079103   } 
   weight { 0.9995186923259416   } 
   weightvar { 0.09234754141225696   } 
   kinetic_energy { 2.685325575081663   } 
   kinetic_energyvar { 2.94379273816695   } 
   potential_energy { -8.325696628503668   } 
   potential_energyvar { 4.00438850311582   } 
   nonlocal_energy { 0.6378810932555623   } 
   nonlocal_energyvar { 2.326379084029476   } 
   autocorr_energy { } 
} 

block { 
   label ts_0.01
   totweight 1740800
   nautocorr 0
   total_energy { -5.00339752297393   } 
   total_energyvar { 0.02955875804146488   } 
   weight { 0.9994964750336366   } 
   weightvar { 0.09248722608664783   } 
   kinetic_energy { 2.67674871114819   } 
   kinetic_energyvar { 2.957678584304612   } 
   potential_energy { -8.315526192774556   } 
   potential_energyvar { 4.00919697456388   } 
   nonlocal_energy { 0.6353799586524373   } 
   nonlocal_energyvar { 2.331570857807297   } 
   autocorr_energy { } 
} 

block { 
   label ts_0.01
   totweight 1740800
   nautocorr 0
   total_energy { -5.001685844482351   } 
   total_energyvar { 0.03087441265329183   } 
   weight { 0.9992107091493327   } 
   weightvar { 0.09264562189535057   } 
   kinetic_energy { 2.671469253495664   } 
   kinetic_energyvar { 2.967166676661919   } 
   potential_energy { -8.314973383956728   } 
   potential_energyvar { 4.102548285256757   } 
   nonlocal_energy { 0.6418182859787106   } 
   nonlocal_energyvar { 2.475918822895852   } 
   autocorr_energy { } 
} 

block { 
   label ts_0.01
   totweight 1740800
   nautocorr 0
   total_energy { -5.002519449289279   } 
   total_energyvar { 0.0297343762758941   } 
   weight { 0.9988834504345205   } 
   weightvar { 0.09377310731406513   } 
   kinetic_energy { 2.679582113156424   } 
   kinetic_energyvar { 2.936817721619216   } 
   potential_energy { -8.324906441578865   } 
   potential_energyvar { 4.204815843190651   } 
   nonlocal_energy { 0.6428048791331636   } 
   nonlocal_energyvar { 2.584066413219552   } 
   autocorr_energy { } 
} 

block { 
   label ts_0.01
   totweight 1740800
   nautocorr 0
   total_energy { -5.002789048957754   } 
   total_energyvar { 0.02958834033703628   } 
   weight { 0.9992353658215443   } 
   weightvar { 0.09469568885767542   } 
   kinetic_energy { 2.675433767974513   } 
   kinetic_energyvar { 2.943023247051437   } 
   potential_energy { -8.316693506816428   } 
   potential_energyvar { 4.046001756188653   } 
   nonlocal_energy { 0.6384706898841612   } 
   nonlocal_energyvar { 2.367017543569744   } 
   autocorr_energy { } 
} 

block { 
   label ts_0.01
   totweight 1740800
   nautocorr 0
   total_energy { -5.002957450724641   } 
   total_energyvar { 0.03005517554390837   } 
   weight { 0.9995242412861112   } 
   weightvar { 0.09343297502440233   } 
   kinetic_energy { 2.676650206498806   } 
   kinetic_energyvar { 2.94415390397683   } 
   potential_energy { -8.318133536718209   } 
   potential_energyvar { 4.057987140164159   } 
   nonlocal_energy { 0.6385258794947621   } 
   nonlocal_energyvar { 2.422306842323835   } 
   autocorr_energy { } 
} 

block { 
   label ts_0.01
   totweight 1740800
   nautocorr 0
   total_energy { -5.00182383308771   } 
   total_energyvar { 0.02937326658228482   } 
   weight { 0.9992587270048874   } 
   weightvar { 0.09312212962802749   } 
   kinetic_energy { 2.685332551300116   } 
   kinetic_energyvar { 2.920002418669407   } 
   potential_energy { -8.323507919070337   } 
   potential_energyvar { 4.036503862114268   } 
   nonlocal_energy { 0.6363515346825107   } 
   nonlocal_energyvar { 2.315133562624847   } 
   autocorr_energy { } 
} 

block { 
   label ts_0.01
   totweight 1740800
   nautocorr 0
   total_energy { -5.001680481394834   } 
   total_energyvar { 0.02882178242763725   } 
   weight { 0.9986966160356534   } 
   weightvar { 0.09287779377503126   } 
   kinetic_energy { 2.683690589510233   } 
   kinetic_energyvar { 2.9550718285288   } 
   potential_energy { -8.319544974785666   } 
   potential_energyvar { 4.065020371570236   } 
   nonlocal_energy { 0.6341739038806008   } 
   nonlocal_energyvar { 2.397225519021312   } 
   autocorr_energy { } 
} 

block { 
   label ts_0.01
   totweight 1740800
   nautocorr 0
   total_energy { -5.002214699200065   } 
   total_energyvar { 0.02878478147746403   } 
   weight { 0.9988057613072377   } 
   weightvar { 0.09306726392686589   } 
   kinetic_energy { 2.692005478982596   } 
   kinetic_energyvar { 2.929716768951705   } 
   potential_energy { -8.339912615867297   } 
   potential_energyvar { 4.00462181827828   } 
   nonlocal_energy { 0.6456924376846346   } 
   nonlocal_energyvar { 2.312102352340482   } 
   autocorr_energy { } 
} 

block { 
   label ts_0.01
   totweight 1740800
   nautocorr 0
   total_energy { -5.003579604922621   } 
   total_energyvar { 0.02983297406615634   } 
   weight { 0.9997506528960836   } 
   weightvar { 0.09406013309184798   } 
   kinetic_energy { 2.686018915351061   } 
   kinetic_energyvar { 2.938885298352245   } 
   potential_energy { -8.334144747496534   } 
   potential_energyvar { 4.059460731842846   } 
   nonlocal_energy { 0.6445462272228528   } 
   nonlocal_energyvar { 2.364662423039408   } 
   autocorr_energy { } 
} 

block { 
   label ts_0.01
   totweight 1740800
   nautocorr 0
   total_energy { -5.002401011453634   } 
   total_energyvar { 0.02941026020330684   } 
   weight { 0.9998393216184385   } 
   weightvar { 0.09497700537821888   } 
   kinetic_energy { 2.677828942363502   } 
   kinetic_energyvar { 2.931864146736563   } 
   potential_energy { -8.320030234622443   } 
   potential_energyvar { 4.026552352688666   } 
   nonlocal_energy { 0.6398002808053088   } 
   nonlocal_energyvar { 2.353183245176577   } 
   autocorr_energy { } 
} 

block { 
   label ts_0.01
   totweight 1740800
   nautocorr 0
   total_energy { -5.002505383288529   } 
   total_energyvar { 0.0290003221743226   } 
   weight { 0.9992677306219563   } 
   weightvar { 0.09433876369620194   } 
   kinetic_energy { 2.664514123809581   } 
   kinetic_energyvar { 2.923878978187397   } 
   potential_energy { -8.299426875468551   } 
   potential_energyvar { 3.965272841172336   } 
   nonlocal_energy { 0.6324073683704415   } 
   nonlocal_energyvar { 2.356620411835622   } 
   autocorr_energy { } 
} 

block { 
   label ts_0.01
   totweight 1740800
   nautocorr 0
   total_energy { -5.003607216819736   } 
   total_energyvar { 0.02874896108744547   } 
   weight { 0.999801327758316   } 
   weightvar { 0.09427297517304224   } 
   kinetic_energy { 2.660674475460036   } 
   kinetic_energyvar { 2.917573507665343   } 
   potential_energy { -8.306358805193073   } 
   potential_energyvar { 3.98254770850614   } 
   nonlocal_energy { 0.6420771129133003   } 
   nonlocal_energyvar { 2.386194318339077   } 
   autocorr_energy { } 
} 

block { 
   label ts_0.01
   totweight 1740800
   nautocorr 0
   total_energy { -5.002721101033936   } 
   total_energyvar { 0.0292304302824846   } 
   weight { 1.000040747166621   } 
   weightvar { 0.09344799269573417   } 
   kinetic_energy { 2.670840172729134   } 
   kinetic_energyvar { 2.927747952972473   } 
   potential_energy { -8.314000563942363   } 
   potential_energyvar { 4.054974695894856   } 
   nonlocal_energy { 0.6404392901792932   } 
   nonlocal_energyvar { 2.447065147054891   } 
   autocorr_energy { } 
} 

block { 
   label ts_0.01
   totweight 1740800
   nautocorr 0
   total_energy { -5.002223710983344   } 
   total_energyvar { 0.02959080869823741   } 
   weight { 0.999432456761968   } 
   weightvar { 0.09346002269791302   } 
   kinetic_energy { 2.67857381657415   } 
   kinetic_energyvar { 3.001475628166883   } 
   potential_energy { -8.316267554164485   } 
   potential_energyvar { 4.060510542573199   } 
   nonlocal_energy { 0.6354700266069901   } 
   nonlocal_energyvar { 2.36648616532918   } 
   autocorr_energy { } 
} 

block { 
   label ts_0.01
   totweight 1740800
   nautocorr 0
   total_energy { -5.003526329751777   } 
   total_energyvar { 0.03028923547159399   } 
   weight { 0.9998197647508223   } 
   weightvar { 0.09368720068054744   } 
   kinetic_energy { 2.670634602641198   } 
   kinetic_energyvar { 3.000945812536137   } 
   potential_energy { -8.316482524624526   } 
   potential_energyvar { 4.10341200039595   } 
   nonlocal_energy { 0.6423215922315495   } 
   nonlocal_energyvar { 2.569600767182954   } 
   autocorr_energy { } 
} 

block { 
   label ts_0.01
   totweight 1740800
   nautocorr 0
   total_energy { -5.002045182473061   } 
   total_energyvar { 0.02884982791482054   } 
   weight { 0.9995482570773263   } 
   weightvar { 0.09385615074525049   } 
   kinetic_energy { 2.686413345532926   } 
   kinetic_energyvar { 2.949420318470241   } 
   potential_energy { -8.324311452939067   } 
   potential_energyvar { 4.018456562936411   } 
   nonlocal_energy { 0.6358529249330814   } 
   nonlocal_energyvar { 2.334404785559344   } 
   autocorr_energy { } 
} 

block { 
   label ts_0.01
   totweight 1740800
   nautocorr 0
   total_energy { -5.001655939785135   } 
   total_energyvar { 0.03028574342933885   } 
   weight { 0.9989766065222541   } 
   weightvar { 0.09426623399908625   } 
   kinetic_energy { 2.675685373934752   } 
   kinetic_energyvar { 2.977818453194594   } 
   potential_energy { -8.323536621103235   } 
   potential_energyvar { 4.134229401136747   } 
   nonlocal_energy { 0.6461953073833496   } 
   nonlocal_energyvar { 2.44680738202082   } 
   autocorr_energy { } 
} 

block { 
   label ts_0.01
   totweight 1740800
   nautocorr 0
   total_energy { -5.002460568752617   } 
   total_energyvar { 0.02851930688983926   } 
   weight { 0.9990312201717523   } 
   weightvar { 0.09394427659179522   } 
   kinetic_energy { 2.683640765701425   } 
   kinetic_energyvar { 2.988941825967197   } 
   potential_energy { -8.326636735717278   } 
   potential_energyvar { 4.162356119694831   } 
   nonlocal_energy { 0.6405354012632367   } 
   nonlocal_energyvar { 2.353410447597393   } 
   autocorr_energy { } 
} 

block { 
   label ts_0.01
   totweight 1740800
   nautocorr 0
   total_energy { -5.002057725032493   } 
   total_energyvar { 0.02932110995332786   } 
   weight { 0.9992414359548323   } 
   weightvar { 0.09511376215100092   } 
   kinetic_energy { 2.683126109791143   } 
   kinetic_energyvar { 2.939132926482332   } 
   potential_energy { -8.325503632849658   } 
   potential_energyvar { 4.007078409921026   } 
   nonlocal_energy { 0.6403197980260222   } 
   nonlocal_energyvar { 2.28063246267533   } 
   autocorr_energy { } 
} 

block { 
   label ts_0.01
   totweight 1740800
   nautocorr 0
   total_energy { -5.003193852668024   } 
   total_energyvar { 0.02943265433522975   } 
   weight { 0.9994270114755605   } 
   weightvar { 0.09507353388192133   } 
   kinetic_energy { 2.676436326565214   } 
   kinetic_energyvar { 2.973941330070307   } 
   potential_energy { -8.321286055045954   } 
   potential_energyvar { 4.019131526252443   } 
   nonlocal_energy { 0.6416558758127158   } 
   nonlocal_energyvar { 2.360588953938755   } 
   autocorr_energy { } 
} 

block { 
   label ts_0.01
   totweight 1740800
   nautocorr 0
   total_energy { -5.001967544582546   } 
   total_energyvar { 0.02993622951329721   } 
   weight { 0.9995331940550426   } 
   weightvar { 0.09540437232678813   } 
   kinetic_energy { 2.68809703370354   } 
   kinetic_energyvar { 3.015400673785711   } 
   potential_energy { -8.337222245380271   } 
   potential_energyvar { 4.073706907274723   } 
   nonlocal_energy { 0.6471576670941859   } 
   nonlocal_energyvar { 2.478404116372384   } 
   autocorr_energy { } 
} 

block { 
   label ts_0.01
   totweight 1740800
   nautocorr 0
   total_energy { -5.001331442807485   } 
   total_energyvar { 0.02969624859675078   } 
   weight { 0.998852266381187   } 
   weightvar { 0.09493617287942316   } 
   kinetic_energy { 2.681036146022688   } 
   kinetic_energyvar { 2.930098315625125   } 
   potential_energy { -8.324306111014279   } 
   potential_energyvar { 4.035090968330674   } 
   nonlocal_energy { 0.6419385221841036   } 
   nonlocal_energyvar { 2.352138600538717   } 
   autocorr_energy { } 
} 

block { 
   label ts_0.01
   totweight 1740800
   nautocorr 0
   total_energy { -5.002674781287597   } 
   total_energyvar { 0.03014755273516265   } 
   weight { 0.998792572093397   } 
   weightvar { 0.09441757866541514   } 
   kinetic_energy { 2.673153537302951   } 
   kinetic_energyvar { 2.928776431902774   } 
   potential_energy { -8.317196243575664   } 
   potential_energyvar { 3.98416397360546   } 
   nonlocal_energy { 0.6413679249851141   } 
   nonlocal_energyvar { 2.326008779787646   } 
   autocorr_energy { } 
} 

#-------------------------------------------------
#DMC run: timestep 0.005
#-------------------------------------------------


init { 
   label ts_0.005
}
block { 
   label ts_0.005
   totweight 3481600
   nautocorr 0
   total_energy { -5.003450566383481   } 
   total_energyvar { 0.03100299611373149   } 
   weight { 1.000035938128319   } 
   weightvar { 0.09442027607057038   } 
   kinetic_energy { 2.667241609636939   } 
   kinetic_energyvar { 2.946419036127812   } 
   potential_energy { -8.311111480015406   } 
   potential_energyvar { 4.093697883778307   } 
   nonlocal_energy { 0.6404193039949848   } 
   nonlocal_energyvar { 2.456653575732665   } 
   autocorr_energy { } 
} 

block { 
   label ts_0.005
   totweight 3481600
   nautocorr 0
   total_energy { -5.002876079033493   } 
   total_energyvar { 0.02963360978868387   } 
   weight { 1.000085979029629   } 
   weightvar { 0.09469513155447445   } 
   kinetic_energy { 2.676017645596982   } 
   kinetic_energyvar { 2.936985510395961   } 
   potential_energy { -8.321059136289023   } 
   potential_energyvar { 4.039265446197549   } 
   nonlocal_energy { 0.6421654116585501   } 
   nonlocal_energyvar { 2.413626462063449   } 
   autocorr_energy { } 
} 

block { 
   label ts_0.005
   totweight 3481600
   nautocorr 0
   total_energy { -5.002495739074752   } 
   total_energyvar { 0.02904430660480376   } 
   weight { 0.999109111472635   } 
   weightvar { 0.09408812918169515   } 
   kinetic_energy { 2.685607695772067   } 
   kinetic_energyvar { 2.908941220394075   } 
   potential_energy { -8.340457064399192   } 
   potential_energyvar { 4.061373648384385   } 
   nonlocal_energy { 0.6523536295523724   } 
   nonlocal_energyvar { 2.366223304341771   } 
   autocorr_energy { } 
} 

block { 
   label ts_0.005
   totweight 3481600
   nautocorr 0
   total_energy { -5.003286070308574   } 
   total_energyvar { 0.02929134489907489   } 
   weight { 0.9995301081869095   } 
   weightvar { 0.09419711385770276   } 
   kinetic_energy { 2.67083354590656   } 
   kinetic_energyvar { 2.899138139881819   } 
   potential_energy { -8.316229289304777   } 
   potential_energyvar { 3.947095205618059   } 
   nonlocal_energy { 0.6421096730896428   } 
   nonlocal_energyvar { 2.350652813367338   } 
   autocorr_energy { } 
} 

block { 
   label ts_0.005
   totweight 3481600
   nautocorr 0
   total_energy { -5.002052232243161   } 
   total_energyvar { 0.03028630296334406   } 
   weight { 0.9992931806984429   } 
   weightvar { 0.09374235384758606   } 
   kinetic_energy { 2.69288421264168   } 
   kinetic_energyvar { 2.969177826269063   } 
   potential_energy { -8.339823125257665   } 
   potential_energyvar { 4.07497153006164   } 
   nonlocal_energy { 0.6448866803728238   } 
   nonlocal_energyvar { 2.392857378933293   } 
   autocorr_energy { } 
} 

block { 
   label ts_0.005
   totweight 3481600
   nautocorr 0
   total_energy { -5.003358326563148   } 
   total_energyvar { 0.02984930677473842   } 
   weight { 0.9993785300509943   } 
   weightvar { 0.09391609629229124   } 
   kinetic_energy { 2.670492871807187   } 
   kinetic_energyvar { 2.936988959202624   } 
   potential_energy { -8.3143248776388   } 
   potential_energyvar { 4.104421504518311   } 
   nonlocal_energy { 0.6404736792684649   } 
   nonlocal_energyvar { 2.482622662312056   } 
   autocorr_energy { } 
} 

block { 
   label ts_0.005
   totweight 3481600
   nautocorr 0
   total_energy { -5.002660701598267   } 
   total_energyvar { 0.03000040774845846   } 
   weight { 0.99970926559252   } 
   weightvar { 0.09450069052298937   } 
   kinetic_energy { 2.679192549417087   } 
   kinetic_energyvar { 2.945372173601249   } 
   potential_energy { -8.329353768521656   } 
   potential_energyvar { 4.059462532731027   } 
   nonlocal_energy { 0.647500517506302   } 
   nonlocal_energyvar { 2.376558795454454   } 
   autocorr_energy { } 
} 

block { 
   label ts_0.005
   totweight 3481600
   nautocorr 0
   total_energy { -5.002454888600246   } 
   total_energyvar { 0.02995897613411769   } 
   weight { 0.9994936322583263   } 
   weightvar { 0.0943454567911496   } 
   kinetic_energy { 2.672438149075665   } 
   kinetic_energyvar { 2.963281690914906   } 
   potential_energy { -8.314835592047503   } 
   potential_energyvar { 3.990384040607249   } 
   nonlocal_energy { 0.6399425543715915   } 
   nonlocal_energyvar { 2.374650845080468   } 
   autocorr_energy { } 
} 

block { 
   label ts_0.005
   totweight 3481600
   nautocorr 0
   total_energy { -5.00196818751733   } 
   total_energyvar { 0.02916428887209688   } 
   weight { 0.9992940015562221   } 
   weightvar { 0.09421320499675773   } 
   kinetic_energy { 2.668398152422586   } 
   kinetic_energyvar { 2.897819991333117   } 
   potential_energy { -8.300998889077894   } 
   potential_energyvar { 4.080859869014327   } 
   nonlocal_energy { 0.6306325491379756   } 
   nonlocal_energyvar { 2.393067541152266   } 
   autocorr_energy { } 
} 

block { 
   label ts_0.005
   totweight 3481600
   nautocorr 0
   total_energy { -5.002780349203138   } 
   total_energyvar { 0.02978491926404543   } 
   weight { 0.9989046406469486   } 
   weightvar { 0.09264981088407921   } 
   kinetic_energy { 2.672553134655527   } 
   kinetic_energyvar { 2.907058829493377   } 
   potential_energy { -8.307353337534817   } 
   potential_energyvar { 3.998663311556951   } 
   nonlocal_energy { 0.6320198536761527   } 
   nonlocal_energyvar { 2.423782934116396   } 
   autocorr_energy { } 
} 

block { 
   label ts_0.005
   totweight 3481600
   nautocorr 0
   total_energy { -5.003065301603434   } 
   total_energyvar { 0.02894170252362308   } 
   weight { 0.9998909881602974   } 
   weightvar { 0.09259049089469466   } 
   kinetic_energy { 2.683188640195317   } 
   kinetic_energyvar { 2.937157418361512   } 
   potential_energy { -8.310452226437494   } 
   potential_energyvar { 3.994818332840139   } 
   nonlocal_energy { 0.6241982846387426   } 
   nonlocal_energyvar { 2.292743051004539   } 
   autocorr_energy { } 
} 

block { 
   label ts_0.005
   totweight 3481600
   nautocorr 0
   total_energy { -5.002618173955814   } 
   total_energyvar { 0.03017381964743944   } 
   weight { 0.9994196352715672   } 
   weightvar { 0.09356157402917195   } 
   kinetic_energy { 2.685666120367363   } 
   kinetic_energyvar { 2.960288920318916   } 
   potential_energy { -8.325850476663739   } 
   potential_energyvar { 4.007352659912688   } 
   nonlocal_energy { 0.6375661823405623   } 
   nonlocal_energyvar { 2.37554464966147   } 
   autocorr_energy { } 
} 

block { 
   label ts_0.005
   totweight 3481600
   nautocorr 0
   total_energy { -5.001119308430167   } 
   total_energyvar { 0.02925261430130907   } 
   weight { 0.9992478490734938   } 
   weightvar { 0.09406366131735712   } 
   kinetic_energy { 2.678581323754401   } 
   kinetic_energyvar { 2.970119431788991   } 
   potential_energy { -8.318033813311786   } 
   potential_energyvar { 4.092061102507004   } 
   nonlocal_energy { 0.6383331811272182   } 
   nonlocal_energyvar { 2.439730474441298   } 
   autocorr_energy { } 
} 

block { 
   label ts_0.005
   totweight 3481600
   nautocorr 0
   total_energy { -5.001429815038833   } 
   total_energyvar { 0.02894177124600689   } 
   weight { 0.998605142547647   } 
   weightvar { 0.09343783990667263   } 
   kinetic_energy { 2.675098842195345   } 
   kinetic_energyvar { 2.928581175141449   } 
   potential_energy { -8.314961497952618   } 
   potential_energyvar { 4.071476933343104   } 
   nonlocal_energy { 0.6384328407184429   } 
   nonlocal_energyvar { 2.370341804925631   } 
   autocorr_energy { } 
} 

block { 
   label ts_0.005
   totweight 3481600
   nautocorr 0
   total_energy { -5.001499095289451   } 
   total_energyvar { 0.02818234068304398   } 
   weight { 0.998301258199607   } 
   weightvar { 0.0938507289546822   } 
   kinetic_energy { 2.679955413200865   } 
   kinetic_energyvar { 2.923654116324717   } 
   potential_energy { -8.311788726303572   } 
   potential_energyvar { 4.077319044282173   } 
   nonlocal_energy { 0.6303342178132542   } 
   nonlocal_energyvar { 2.325069962050254   } 
   autocorr_energy { } 
} 

block { 
   label ts_0.005
   totweight 3481600
   nautocorr 0
   total_energy { -5.002999804194593   } 
   total_energyvar { 0.02913344741742488   } 
   weight { 0.9992224527575986   } 
   weightvar { 0.0940215342025509   } 
   kinetic_energy { 2.680989256028068   } 
   kinetic_energyvar { 2.900565768993451   } 
   potential_energy { -8.325437878491449   } 
   potential_energyvar { 3.969964316610617   } 
   nonlocal_energy { 0.6414488182687882   } 
   nonlocal_energyvar { 2.295645096254259   } 
   autocorr_energy { } 
} 

block { 
   label ts_0.005
   totweight 3481600
   nautocorr 0
   total_energy { -5.001508447253352   } 
   total_energyvar { 0.03044982343248048   } 
   weight { 0.9994737163836228   } 
   weightvar { 0.0937144210350996   } 
   kinetic_energy { 2.68671729878327   } 
   kinetic_energyvar { 2.922511041119768   } 
   potential_energy { -8.322449592468059   } 
   potential_energyvar { 4.133823466114602   } 
   nonlocal_energy { 0.634223846431436   } 
   nonlocal_energyvar { 2.445142217310015   } 
   autocorr_energy { } 
} 

block { 
   label ts_0.005
   totweight 3481600
   nautocorr 0
   total_energy { -5.001470717118844   } 
   total_energyvar { 0.02942414147689043   } 
   weight { 0.9987916446642318   } 
   weightvar { 0.09459306767142683   } 
   kinetic_energy { 2.67452981009741   } 
   kinetic_energyvar { 2.89820482516627   } 
   potential_energy { -8.313115238134058   } 
   potential_energyvar { 3.985069879770443   } 
   nonlocal_energy { 0.6371147109178037   } 
   nonlocal_energyvar { 2.38285126820534   } 
   autocorr_energy { } 
} 

block { 
   label ts_0.005
   totweight 3481600
   nautocorr 0
   total_energy { -5.001327649019187   } 
   total_energyvar { 0.02957713677862052   } 
   weight { 0.9985260242734375   } 
   weightvar { 0.0930902781036905   } 
   kinetic_energy { 2.686772044568385   } 
   kinetic_energyvar { 2.902663865222421   } 
   potential_energy { -8.332245438370988   } 
   potential_energyvar { 4.107554554785913   } 
   nonlocal_energy { 0.6441457447834154   } 
   nonlocal_energyvar { 2.411532559075264   } 
   autocorr_energy { } 
} 

block { 
   label ts_0.005
   totweight 3481600
   nautocorr 0
   total_energy { -5.002760105649055   } 
   total_energyvar { 0.02875237538793582   } 
   weight { 0.9990561532663632   } 
   weightvar { 0.09371521216415742   } 
   kinetic_energy { 2.678854044073308   } 
   kinetic_energyvar { 2.871638265208728   } 
   potential_energy { -8.316620059931189   } 
   potential_energyvar { 3.924906697652687   } 
   nonlocal_energy { 0.6350059102088284   } 
   nonlocal_energyvar { 2.289723473727469   } 
   autocorr_energy { } 
} 

block { 
   label ts_0.005
   totweight 3481600
   nautocorr 0
   total_energy { -5.001457966900198   } 
   total_energyvar { 0.02911283455742072   } 
   weight { 0.9993460171912408   } 
   weightvar { 0.09423765586944867   } 
   kinetic_energy { 2.687208172864295   } 
   kinetic_energyvar { 2.969400108750525   } 
   potential_energy { -8.328550464832382   } 
   potential_energyvar { 4.085102824113032   } 
   nonlocal_energy { 0.6398843250678909   } 
   nonlocal_energyvar { 2.41955632805642   } 
   autocorr_energy { } 
} 

block { 
   label ts_0.005
   totweight 3481600
   nautocorr 0
   total_energy { -5.001911585965076   } 
   total_energyvar { 0.03242262988353022   } 
   weight { 0.9991287533640039   } 
   weightvar { 0.09422568072370541   } 
   kinetic_energy { 2.673271601163018   } 
   kinetic_energyvar { 2.941015263861021   } 
   potential_energy { -8.322480927056048   } 
   potential_energyvar { 4.011530915582849   } 
   nonlocal_energy { 0.6472977399279535   } 
   nonlocal_energyvar { 2.418547217877245   } 
   autocorr_energy { } 
} 

block { 
   label ts_0.005
   totweight 3481600
   nautocorr 0
   total_energy { -5.003261088720198   } 
   total_energyvar { 0.03018377165998778   } 
   weight { 0.999885373371309   } 
   weightvar { 0.09419117728659565   } 
   kinetic_energy { 2.668386095510288   } 
   kinetic_energyvar { 2.971919782463744   } 
   potential_energy { -8.317280775971138   } 
   potential_energyvar { 4.151448493781379   } 
   nonlocal_energy { 0.6456335917406533   } 
   nonlocal_energyvar { 2.519379779390933   } 
   autocorr_energy { } 
} 

block { 
   label ts_0.005
   totweight 3481600
   nautocorr 0
   total_energy { -5.002629651670365   } 
   total_energyvar { 0.0292883170091127   } 
   weight { 1.000025039522235   } 
   weightvar { 0.09380039281770837   } 
   kinetic_energy { 2.680586975173047   } 
   kinetic_energyvar { 2.940049971619562   } 
   potential_energy { -8.313636975143131   } 
   potential_energyvar { 4.024226560610665   } 
   nonlocal_energy { 0.6304203482997184   } 
   nonlocal_energyvar { 2.292182255177627   } 
   autocorr_energy { } 
} 

block { 
   label ts_0.005
   totweight 3481600
   nautocorr 0
   total_energy { -5.001158912450134   } 
   total_energyvar { 0.02981217555870683   } 
   weight { 0.9993187032411797   } 
   weightvar { 0.09394712655013324   } 
   kinetic_energy { 2.68798601047526   } 
   kinetic_energyvar { 2.979586546222683   } 
   potential_energy { -8.329114324190968   } 
   potential_energyvar { 4.035907790423373   } 
   nonlocal_energy { 0.6399694012655726   } 
   nonlocal_energyvar { 2.403946730574966   } 
   autocorr_energy { } 
} 

block { 
   label ts_0.005
   totweight 3481600
   nautocorr 0
   total_energy { -5.002097378652932   } 
   total_energyvar { 0.02961278600566453   } 
   weight { 0.9991866855431834   } 
   weightvar { 0.0945010560797267   } 
   kinetic_energy { 2.680542773536527   } 
   kinetic_energyvar { 2.946167075194831   } 
   potential_energy { -8.32232896920249   } 
   potential_energyvar { 4.043269839768909   } 
   nonlocal_energy { 0.6396888170130323   } 
   nonlocal_energyvar { 2.370494135208439   } 
   autocorr_energy { } 
} 

block { 
   label ts_0.005
   totweight 3481600
   nautocorr 0
   total_energy { -5.003425367601147   } 
   total_energyvar { 0.02975030680297573   } 
   weight { 0.999840231552178   } 
   weightvar { 0.09394493045838458   } 
   kinetic_energy { 2.667140372624273   } 
   kinetic_energyvar { 2.934928962808644   } 
   potential_energy { -8.308903917378261   } 
   potential_energyvar { 4.002263579371259   } 
   nonlocal_energy { 0.638338177152842   } 
   nonlocal_energyvar { 2.39350590307643   } 
   autocorr_energy { } 
} 

block { 
   label ts_0.005
   totweight 3481600
   nautocorr 0
   total_energy { -5.003021561488104   } 
   total_energyvar { 0.02927518551276925   } 
   weight { 1.000428524217894   } 
   weightvar { 0.09457177805619825   } 
   kinetic_energy { 2.664256867737747   } 
   kinetic_energyvar { 2.938313615725913   } 
   potential_energy { -8.308804591933214   } 
   potential_energyvar { 4.083249812503285   } 
   nonlocal_energy { 0.6415261627073627   } 
   nonlocal_energyvar { 2.422721208238781   } 
   autocorr_energy { } 
} 

block { 
   label ts_0.005
   totweight 3481600
   nautocorr 0
   total_energy { -5.001630548324242   } 
   total_energyvar { 0.02948766748773619   } 
   weight { 0.999722449780592   } 
   weightvar { 0.09466910903973348   } 
   kinetic_energy { 2.673096407219864   } 
   kinetic_energyvar { 2.936274586240687   } 
   potential_energy { -8.318332956079221   } 
   potential_energyvar { 4.055097866952025   } 
   nonlocal_energy { 0.643606000535115   } 
   nonlocal_energyvar { 2.386497229474158   } 
   autocorr_energy { } 
} 

block { 
   label ts_0.005
   totweight 3481600
   nautocorr 0
   total_energy { -5.001904356371195   } 
   total_energyvar { 0.03003709846678887   } 
   weight { 0.9991825428030079   } 
   weightvar { 0.09499451190768922   } 
   kinetic_energy { 2.674653687724408   } 
   kinetic_energyvar { 3.003438876259728   } 
   potential_energy { -8.323237636146894   } 
   potential_energyvar { 4.082548657407304   } 
   nonlocal_energy { 0.64667959205129   } 
   nonlocal_energyvar { 2.448199911316011   } 
   autocorr_energy { } 
} 

block { 
   label ts_0.005
   totweight 3481600
   nautocorr 0
   total_energy { -5.003583121309462   } 
   total_energyvar { 0.03062214217277268   } 
   weight { 1.000083487321286   } 
   weightvar { 0.09495683505161577   } 
   kinetic_energy { 2.667926723343216   } 
   kinetic_energyvar { 3.005669260749009   } 
   potential_energy { -8.313114787156342   } 
   potential_energyvar { 4.040726704515572   } 
   nonlocal_energy { 0.6416049425036657   } 
   nonlocal_energyvar { 2.409214281695796   } 
   autocorr_energy { } 
} 

block { 
   label ts_0.005
   totweight 3481600
   nautocorr 0
   total_energy { -5.002545839522221   } 
   total_energyvar { 0.02906674254712614   } 
   weight { 1.000064487113842   } 
   weightvar { 0.09506825591215835   } 
   kinetic_energy { 2.671171926227358   } 
   kinetic_energyvar { 2.902377483864583   } 
   potential_energy { -8.307944152767369   } 
   potential_energyvar { 4.089206876386752   } 
   nonlocal_energy { 0.6342263870177902   } 
   nonlocal_energyvar { 2.37169636147692   } 
   autocorr_energy { } 
} 

block { 
   label ts_0.005
   totweight 3481600
   nautocorr 0
   total_energy { -5.002210480885241   } 
   total_energyvar { 0.02924509797459083   } 
   weight { 0.9998116990075554   } 
   weightvar { 0.09490989456228775   } 
   kinetic_energy { 2.671753966003346   } 
   kinetic_energyvar { 2.887491113344857   } 
   potential_energy { -8.30443717519428   } 
   potential_energyvar { 4.083015481006893   } 
   nonlocal_energy { 0.6304727283056931   } 
   nonlocal_energyvar { 2.345535448797924   } 
   autocorr_energy { } 
} 

block { 
   label ts_0.005
   totweight 3481600
   nautocorr 0
   total_energy { -5.002115285184719   } 
   total_energyvar { 0.03131494706362227   } 
   weight { 0.9995231287614701   } 
   weightvar { 0.0946504128536578   } 
   kinetic_energy { 2.676243383590213   } 
   kinetic_energyvar { 2.984398640520951   } 
   potential_energy { -8.320328853448718   } 
   potential_energyvar { 4.018377876548466   } 
   nonlocal_energy { 0.6419701846737853   } 
   nonlocal_energyvar { 2.437405247325974   } 
   autocorr_energy { } 
} 

block { 
   label ts_0.005
   totweight 3481600
   nautocorr 0
   total_energy { -5.002140095022972   } 
   total_energyvar { 0.03049227124525813   } 
   weight { 0.9991676078076615   } 
   weightvar { 0.0953395285320625   } 
   kinetic_energy { 2.678758457229216   } 
   kinetic_energyvar { 2.947026107371982   } 
   potential_energy { -8.332249950657891   } 
   potential_energyvar { 4.012840155538893   } 
   nonlocal_energy { 0.6513513984057021   } 
   nonlocal_energyvar { 2.437400405567826   } 
   autocorr_energy { } 
} 

block { 
   label ts_0.005
   totweight 3481600
   nautocorr 0
   total_energy { -5.00170867370874   } 
   total_energyvar { 0.0298444535462018   } 
   weight { 0.9994543657977328   } 
   weightvar { 0.09550505727070675   } 
   kinetic_energy { 2.68340259151016   } 
   kinetic_energyvar { 2.96645319546879   } 
   potential_energy { -8.324189504184814   } 
   potential_energyvar { 4.072277887881193   } 
   nonlocal_energy { 0.6390782389659133   } 
   nonlocal_energyvar { 2.373714323346479   } 
   autocorr_energy { } 
} 

block { 
   label ts_0.005
   totweight 3481600
   nautocorr 0
   total_energy { -5.001600709835778   } 
   total_energyvar { 0.02908556638322888   } 
   weight { 0.9989749773166904   } 
   weightvar { 0.09530688218433753   } 
   kinetic_energy { 2.682253331583999   } 
   kinetic_energyvar { 2.918062401307659   } 
   potential_energy { -8.321896528078311   } 
   potential_energyvar { 4.011093795061214   } 
   nonlocal_energy { 0.6380424866585361   } 
   nonlocal_energyvar { 2.352498449783789   } 
   autocorr_energy { } 
} 

block { 
   label ts_0.005
   totweight 3481600
   nautocorr 0
   total_energy { -5.001581569650676   } 
   total_energyvar { 0.0296882362706045   } 
   weight { 0.9988694061296264   } 
   weightvar { 0.09609770305300426   } 
   kinetic_energy { 2.676713558203056   } 
   kinetic_energyvar { 2.938230806247503   } 
   potential_energy { -8.318653413045459   } 
   potential_energyvar { 4.01246722309061   } 
   nonlocal_energy { 0.6403582851917281   } 
   nonlocal_energyvar { 2.428186527073365   } 
   autocorr_energy { } 
} 

block { 
   label ts_0.005
   totweight 3481600
   nautocorr 0
   total_energy { -5.002010612325406   } 
   total_energyvar { 0.02958028682578946   } 
   weight { 0.9991742127566057   } 
   weightvar { 0.09603737085633791   } 
   kinetic_energy { 2.667190930431014   } 
   kinetic_energyvar { 2.912004872785702   } 
   potential_energy { -8.313380415732317   } 
   potential_energyvar { 4.013087609671032   } 
   nonlocal_energy { 0.6441788729758953   } 
   nonlocal_energyvar { 2.390034334191444   } 
   autocorr_energy { } 
} 

block { 
   label ts_0.005
   totweight 3481600
   nautocorr 0
   total_energy { -5.003352050597575   } 
   total_energyvar { 0.03601976450640065   } 
   weight { 0.9998621403327622   } 
   weightvar { 0.09586966817543645   } 
   kinetic_energy { 2.665592573336776   } 
   kinetic_energyvar { 2.943945145393173   } 
   potential_energy { -8.315582453196733   } 
   potential_energyvar { 5.866738592173124   } 
   nonlocal_energy { 0.646637829262382   } 
   nonlocal_energyvar { 4.229338210864277   } 
   autocorr_energy { } 
} 

#-------------------------------------------------
#DMC run: timestep 0.002
#-------------------------------------------------


init { 
   label ts_0.002
}
block { 
   label ts_0.002
   totweight 8704000
   nautocorr 0
   total_energy { -5.00177895690025   } 
   total_energyvar { 0.02997865044290567   } 
   weight { 0.9996731553932118   } 
   weightvar { 0.09496206893933862   } 
   kinetic_energy { 2.670662216447549   } 
   kinetic_energyvar { 2.987666671789021   } 
   potential_energy { -8.32016721613536   } 
   potential_energyvar { 4.102018217157059   } 
   nonlocal_energy { 0.6477260427875629   } 
   nonlocal_energyvar { 2.439728617050664   } 
   autocorr_energy { } 
} 

block { 
   label ts_0.002
   totweight 8704000
   nautocorr 0
   total_energy { -5.002993331814843   } 
   total_energyvar { 0.02930306054823349   } 
   weight { 0.9999110285059248   } 
   weightvar { 0.0946390482183979   } 
   kinetic_energy { 2.672580982878674   } 
   kinetic_energyvar { 2.941314902673433   } 
   potential_energy { -8.306722804072296   } 
   potential_energyvar { 4.037294666348356   } 
   nonlocal_energy { 0.6311484893787792   } 
   nonlocal_energyvar { 2.264951382098222   } 
   autocorr_energy { } 
} 

block { 
   label ts_0.002
   totweight 8704000
   nautocorr 0
   total_energy { -5.002879016603138   } 
   total_energyvar { 0.02942851294015571   } 
   weight { 1.000252996568897   } 
   weightvar { 0.09569425451542563   } 
   kinetic_energy { 2.669383063593928   } 
   kinetic_energyvar { 2.942113069128423   } 
   potential_energy { -8.318451094361626   } 
   potential_energyvar { 4.066578152090037   } 
   nonlocal_energy { 0.6461890141645596   } 
   nonlocal_energyvar { 2.373872252530104   } 
   autocorr_energy { } 
} 

block { 
   label ts_0.002
   totweight 8704000
   nautocorr 0
   total_energy { -5.001876270366077   } 
   total_energyvar { 0.02982666777240039   } 
   weight { 0.9998339766254467   } 
   weightvar { 0.09603445482765031   } 
   kinetic_energy { 2.67170170731278   } 
   kinetic_energyvar { 2.972487557339601   } 
   potential_energy { -8.321257061091409   } 
   potential_energyvar { 4.079159902340136   } 
   nonlocal_energy { 0.6476790834125509   } 
   nonlocal_energyvar { 2.426902120253779   } 
   autocorr_energy { } 
} 

block { 
   label ts_0.002
   totweight 8704000
   nautocorr 0
   total_energy { -5.001989429563952   } 
   total_energyvar { 0.02887052018713194   } 
   weight { 0.9993319212905557   } 
   weightvar { 0.09582025342847006   } 
   kinetic_energy { 2.671970838129216   } 
   kinetic_energyvar { 2.963991867658825   } 
   potential_energy { -8.306419290799591   } 
   potential_energyvar { 4.003242090472633   } 
   nonlocal_energy { 0.6324590231064247   } 
   nonlocal_energyvar { 2.34809467867213   } 
   autocorr_energy { } 
} 

block { 
   label ts_0.002
   totweight 8704000
   nautocorr 0
   total_energy { -5.00285085566069   } 
   total_energyvar { 0.02954777809379969   } 
   weight { 0.9995366033451728   } 
   weightvar { 0.09587676446882744   } 
   kinetic_energy { 2.669920459667154   } 
   kinetic_energyvar { 2.988070464496258   } 
   potential_energy { -8.308201630923058   } 
   potential_energyvar { 4.072715985096053   } 
   nonlocal_energy { 0.6354303155952139   } 
   nonlocal_energyvar { 2.395266090058514   } 
   autocorr_energy { } 
} 

block { 
   label ts_0.002
   totweight 8704000
   nautocorr 0
   total_energy { -5.002355584162266   } 
   total_energyvar { 0.02937951487698217   } 
   weight { 0.9998068649497043   } 
   weightvar { 0.09601650579888361   } 
   kinetic_energy { 2.684025491676267   } 
   kinetic_energyvar { 2.940336373500539   } 
   potential_energy { -8.323272962713363   } 
   potential_energyvar { 4.054568672924956   } 
   nonlocal_energy { 0.63689188687483   } 
   nonlocal_energyvar { 2.324472161032462   } 
   autocorr_energy { } 
} 

block { 
   label ts_0.002
   totweight 8704000
   nautocorr 0
   total_energy { -5.001181903362514   } 
   total_energyvar { 0.02962185993739973   } 
   weight { 0.9992994599908578   } 
   weightvar { 0.09611709953255516   } 
   kinetic_energy { 2.668908516248837   } 
   kinetic_energyvar { 2.909694334775814   } 
   potential_energy { -8.314534015050626   } 
   potential_energyvar { 3.948782274651089   } 
   nonlocal_energy { 0.6444435954392738   } 
   nonlocal_energyvar { 2.34362630487151   } 
   autocorr_energy { } 
} 

block { 
   label ts_0.002
   totweight 8704000
   nautocorr 0
   total_energy { -5.001237090943753   } 
   total_energyvar { 0.02978427422042312   } 
   weight { 0.9988385046549819   } 
   weightvar { 0.0952474263229471   } 
   kinetic_energy { 2.673099434539284   } 
   kinetic_energyvar { 2.922425588314099   } 
   potential_energy { -8.319081103459769   } 
   potential_energyvar { 4.094340644606937   } 
   nonlocal_energy { 0.6447445779767331   } 
   nonlocal_energyvar { 2.391804910083322   } 
   autocorr_energy { } 
} 

block { 
   label ts_0.002
   totweight 8704000
   nautocorr 0
   total_energy { -5.001724601883895   } 
   total_energyvar { 0.02902832820146541   } 
   weight { 0.9987238263715394   } 
   weightvar { 0.09490494891337267   } 
   kinetic_energy { 2.68002005108122   } 
   kinetic_energyvar { 2.931074788255955   } 
   potential_energy { -8.329974178052256   } 
   potential_energyvar { 4.032141192149995   } 
   nonlocal_energy { 0.6482295250871413   } 
   nonlocal_energyvar { 2.379332307332924   } 
   autocorr_energy { } 
} 

block { 
   label ts_0.002
   totweight 8704000
   nautocorr 0
   total_energy { -5.002533506617602   } 
   total_energyvar { 0.0319616842062045   } 
   weight { 0.9994508965518257   } 
   weightvar { 0.09523764770851288   } 
   kinetic_energy { 2.680885466224929   } 
   kinetic_energyvar { 3.011850368774809   } 
   potential_energy { -8.327712659589709   } 
   potential_energyvar { 4.015560944232233   } 
   nonlocal_energy { 0.6442936867471768   } 
   nonlocal_energyvar { 2.447658707190848   } 
   autocorr_energy { } 
} 

block { 
   label ts_0.002
   totweight 8704000
   nautocorr 0
   total_energy { -5.003374783201409   } 
   total_energyvar { 0.0297001250977939   } 
   weight { 1.000160097397315   } 
   weightvar { 0.0953495750908121   } 
   kinetic_energy { 2.693234521477482   } 
   kinetic_energyvar { 2.95958345945575   } 
   potential_energy { -8.341980454379108   } 
   potential_energyvar { 4.222662434024598   } 
   nonlocal_energy { 0.6453711497002178   } 
   nonlocal_energyvar { 2.537541576871826   } 
   autocorr_energy { } 
} 

block { 
   label ts_0.002
   totweight 8704000
   nautocorr 0
   total_energy { -5.002140697520384   } 
   total_energyvar { 0.02959091128135422   } 
   weight { 1.000229941565097   } 
   weightvar { 0.09576019272840493   } 
   kinetic_energy { 2.688597333151334   } 
   kinetic_energyvar { 2.968004874342302   } 
   potential_energy { -8.330767139376459   } 
   potential_energyvar { 4.077159456552288   } 
   nonlocal_energy { 0.6400291087047401   } 
   nonlocal_energyvar { 2.435118790434835   } 
   autocorr_energy { } 
} 

block { 
   label ts_0.002
   totweight 8704000
   nautocorr 0
   total_energy { -5.001115627832499   } 
   total_energyvar { 0.02931094068702831   } 
   weight { 0.9994750881816585   } 
   weightvar { 0.09486462765146404   } 
   kinetic_energy { 2.67161470529433   } 
   kinetic_energyvar { 2.913490096882873   } 
   potential_energy { -8.318015514205072   } 
   potential_energyvar { 4.063771104643783   } 
   nonlocal_energy { 0.6452851810782437   } 
   nonlocal_energyvar { 2.393619358439644   } 
   autocorr_energy { } 
} 

block { 
   label ts_0.002
   totweight 8704000
   nautocorr 0
   total_energy { -5.001141353328905   } 
   total_energyvar { 0.02931781589481333   } 
   weight { 0.9987608333697189   } 
   weightvar { 0.09411252552537648   } 
   kinetic_energy { 2.692637580861559   } 
   kinetic_energyvar { 2.922620847675564   } 
   potential_energy { -8.332374949645018   } 
   potential_energyvar { 4.011540304897132   } 
   nonlocal_energy { 0.6385960154545524   } 
   nonlocal_energyvar { 2.319128043035664   } 
   autocorr_energy { } 
} 

block { 
   label ts_0.002
   totweight 8704000
   nautocorr 0
   total_energy { -5.003213263721873   } 
   total_energyvar { 0.02897803897641958   } 
   weight { 0.9995684457084747   } 
   weightvar { 0.09437317231988578   } 
   kinetic_energy { 2.68106230897592   } 
   kinetic_energyvar { 2.96570749908126   } 
   potential_energy { -8.329540017260621   } 
   potential_energyvar { 4.069313991702469   } 
   nonlocal_energy { 0.6452644445628308   } 
   nonlocal_energyvar { 2.337400356082147   } 
   autocorr_energy { } 
} 

block { 
   label ts_0.002
   totweight 8704000
   nautocorr 0
   total_energy { -5.004402151844062   } 
   total_energyvar { 0.02964052444046592   } 
   weight { 1.000716430865542   } 
   weightvar { 0.09487092085264522   } 
   kinetic_energy { 2.664508328859007   } 
   kinetic_energyvar { 2.913595076731604   } 
   potential_energy { -8.318407030705657   } 
   potential_energyvar { 3.989589837215736   } 
   nonlocal_energy { 0.6494965500025872   } 
   nonlocal_energyvar { 2.377954335474112   } 
   autocorr_energy { } 
} 

block { 
   label ts_0.002
   totweight 8704000
   nautocorr 0
   total_energy { -5.004429196831101   } 
   total_energyvar { 0.02888623131827849   } 
   weight { 1.001522989073734   } 
   weightvar { 0.09360140178885723   } 
   kinetic_energy { 2.674398251933162   } 
   kinetic_energyvar { 2.912068558033377   } 
   potential_energy { -8.318423559164463   } 
   potential_energyvar { 3.985974336417533   } 
   nonlocal_energy { 0.6395961104002011   } 
   nonlocal_energyvar { 2.289916020380892   } 
   autocorr_energy { } 
} 

block { 
   label ts_0.002
   totweight 8704000
   nautocorr 0
   total_energy { -5.003907191260281   } 
   total_energyvar { 0.02938693333573735   } 
   weight { 1.001462304211306   } 
   weightvar { 0.0933607565307395   } 
   kinetic_energy { 2.678428011799443   } 
   kinetic_energyvar { 2.918637746975   } 
   potential_energy { -8.314454792667892   } 
   potential_energyvar { 4.029014864367092   } 
   nonlocal_energy { 0.6321195896081699   } 
   nonlocal_energyvar { 2.35642895101891   } 
   autocorr_energy { } 
} 

block { 
   label ts_0.002
   totweight 8704000
   nautocorr 0
   total_energy { -5.001748911184482   } 
   total_energyvar { 0.02949844536549753   } 
   weight { 1.00021514881826   } 
   weightvar { 0.0936040201230763   } 
   kinetic_energy { 2.68663296274557   } 
   kinetic_energyvar { 2.97355551885663   } 
   potential_energy { -8.330236084706941   } 
   potential_energyvar { 4.102084394241333   } 
   nonlocal_energy { 0.6418542107768908   } 
   nonlocal_energyvar { 2.455598985769799   } 
   autocorr_energy { } 
} 

block { 
   label ts_0.002
   totweight 8704000
   nautocorr 0
   total_energy { -5.001906652950241   } 
   total_energyvar { 0.02901303979272328   } 
   weight { 0.9994020614986554   } 
   weightvar { 0.09396484483156738   } 
   kinetic_energy { 2.682660260114519   } 
   kinetic_energyvar { 2.948957777282577   } 
   potential_energy { -8.322611369998839   } 
   potential_energyvar { 4.110893155464153   } 
   nonlocal_energy { 0.6380444569340782   } 
   nonlocal_energyvar { 2.412963649530093   } 
   autocorr_energy { } 
} 

block { 
   label ts_0.002
   totweight 8704000
   nautocorr 0
   total_energy { -5.00178727649952   } 
   total_energyvar { 0.02872015298981739   } 
   weight { 0.9993394367479164   } 
   weightvar { 0.09385080291930833   } 
   kinetic_energy { 2.677092390104991   } 
   kinetic_energyvar { 2.941541427376964   } 
   potential_energy { -8.320323762024506   } 
   potential_energyvar { 4.004376709644425   } 
   nonlocal_energy { 0.6414440954199934   } 
   nonlocal_energyvar { 2.336025488434258   } 
   autocorr_energy { } 
} 

block { 
   label ts_0.002
   totweight 8704000
   nautocorr 0
   total_energy { -5.002324220059873   } 
   total_energyvar { 0.02952885970334869   } 
   weight { 0.9990866319825665   } 
   weightvar { 0.09383117627055106   } 
   kinetic_energy { 2.673286072747097   } 
   kinetic_energyvar { 2.944696966915016   } 
   potential_energy { -8.316784262751131   } 
   potential_energyvar { 3.99151481829279   } 
   nonlocal_energy { 0.6411739699441619   } 
   nonlocal_energyvar { 2.377965194956161   } 
   autocorr_energy { } 
} 

block { 
   label ts_0.002
   totweight 8704000
   nautocorr 0
   total_energy { -5.00138858792188   } 
   total_energyvar { 0.02944766112902005   } 
   weight { 0.9991824978548907   } 
   weightvar { 0.09372309789519467   } 
   kinetic_energy { 2.674528115213956   } 
   kinetic_energyvar { 2.977517173536638   } 
   potential_energy { -8.319807844017108   } 
   potential_energyvar { 4.081454277079695   } 
   nonlocal_energy { 0.6438911408812732   } 
   nonlocal_energyvar { 2.476421526768132   } 
   autocorr_energy { } 
} 

block { 
   label ts_0.002
   totweight 8704000
   nautocorr 0
   total_energy { -5.002069023023158   } 
   total_energyvar { 0.02937297391854352   } 
   weight { 0.9990169906587689   } 
   weightvar { 0.09400371303772477   } 
   kinetic_energy { 2.666135280243184   } 
   kinetic_energyvar { 2.929333956030715   } 
   potential_energy { -8.310949402558345   } 
   potential_energyvar { 4.077748658250227   } 
   nonlocal_energy { 0.642745099292003   } 
   nonlocal_energyvar { 2.434267677727846   } 
   autocorr_energy { } 
} 

block { 
   label ts_0.002
   totweight 8704000
   nautocorr 0
   total_energy { -5.00344591220117   } 
   total_energyvar { 0.02978438011381658   } 
   weight { 0.9996825623939372   } 
   weightvar { 0.09410736364911139   } 
   kinetic_energy { 2.664279689513794   } 
   kinetic_energyvar { 2.916941404717224   } 
   potential_energy { -8.317538338825608   } 
   potential_energyvar { 4.058864552730449   } 
   nonlocal_energy { 0.6498127371106465   } 
   nonlocal_energyvar { 2.43726009888779   } 
   autocorr_energy { } 
} 

block { 
   label ts_0.002
   totweight 8704000
   nautocorr 0
   total_energy { -5.003567186607864   } 
   total_energyvar { 0.0291324453688141   } 
   weight { 1.000627246988919   } 
   weightvar { 0.09381405936423048   } 
   kinetic_energy { 2.684201520953764   } 
   kinetic_energyvar { 2.986202268241222   } 
   potential_energy { -8.322998697757425   } 
   potential_energyvar { 4.070650178565602   } 
   nonlocal_energy { 0.6352299901957978   } 
   nonlocal_energyvar { 2.276164611120271   } 
   autocorr_energy { } 
} 

block { 
   label ts_0.002
   totweight 8704000
   nautocorr 0
   total_energy { -5.002371380677753   } 
   total_energyvar { 0.02875031812341465   } 
   weight { 1.000063435545862   } 
   weightvar { 0.09426239852827105   } 
   kinetic_energy { 2.681124912452295   } 
   kinetic_energyvar { 2.905539334852121   } 
   potential_energy { -8.328664512714765   } 
   potential_energyvar { 4.026783719018675   } 
   nonlocal_energy { 0.6451682195847167   } 
   nonlocal_energyvar { 2.297314240506168   } 
   autocorr_energy { } 
} 

block { 
   label ts_0.002
   totweight 8704000
   nautocorr 0
   total_energy { -5.003259145402949   } 
   total_energyvar { 0.03015693235510149   } 
   weight { 1.000151391928588   } 
   weightvar { 0.0941711723553014   } 
   kinetic_energy { 2.672229571427303   } 
   kinetic_energyvar { 2.957593374003766   } 
   potential_energy { -8.322192337507721   } 
   potential_energyvar { 4.030133327495543   } 
   nonlocal_energy { 0.6467036206774665   } 
   nonlocal_energyvar { 2.427326688473834   } 
   autocorr_energy { } 
} 

block { 
   label ts_0.002
   totweight 8704000
   nautocorr 0
   total_energy { -5.00279511488081   } 
   total_energyvar { 0.02886382358641045   } 
   weight { 1.000370749699585   } 
   weightvar { 0.0933889279624092   } 
   kinetic_energy { 2.681681706859762   } 
   kinetic_energyvar { 2.888162242085567   } 
   potential_energy { -8.316830689591294   } 
   potential_energyvar { 4.028210556349094   } 
   nonlocal_energy { 0.6323538678507207   } 
   nonlocal_energyvar { 2.269956798350539   } 
   autocorr_energy { } 
} 

block { 
   label ts_0.002
   totweight 8704000
   nautocorr 0
   total_energy { -5.002131779407061   } 
   total_energyvar { 0.03007559643154945   } 
   weight { 0.9997308866447761   } 
   weightvar { 0.09377832111407436   } 
   kinetic_energy { 2.674531042357798   } 
   kinetic_energyvar { 2.928123066973355   } 
   potential_energy { -8.316390488240403   } 
   potential_energyvar { 4.125103781446401   } 
   nonlocal_energy { 0.6397276664755445   } 
   nonlocal_energyvar { 2.381897171761719   } 
   autocorr_energy { } 
} 

block { 
   label ts_0.002
   totweight 8704000
   nautocorr 0
   total_energy { -5.001054562296314   } 
   total_energyvar { 0.03038492200167314   } 
   weight { 0.9991330583616788   } 
   weightvar { 0.09350573779915723   } 
   kinetic_energy { 2.680983801733355   } 
   kinetic_energyvar { 2.948956659913745   } 
   potential_energy { -8.315367466799199   } 
   potential_energyvar { 4.042557440242355   } 
   nonlocal_energy { 0.6333291027695306   } 
   nonlocal_energyvar { 2.3642508290094   } 
   autocorr_energy { } 
} 

block { 
   label ts_0.002
   totweight 8704000
   nautocorr 0
   total_energy { -5.001379944082025   } 
   total_energyvar { 0.02998824054935303   } 
   weight { 0.9983755908887827   } 
   weightvar { 0.09324020926517133   } 
   kinetic_energy { 2.673541655219762   } 
   kinetic_energyvar { 2.983100437647265   } 
   potential_energy { -8.323226901578103   } 
   potential_energyvar { 4.09088720566142   } 
   nonlocal_energy { 0.6483053022763177   } 
   nonlocal_energyvar { 2.475108098255265   } 
   autocorr_energy { } 
} 

block { 
   label ts_0.002
   totweight 8704000
   nautocorr 0
   total_energy { -5.002952555637362   } 
   total_energyvar { 0.02966753728573757   } 
   weight { 0.9992654499444513   } 
   weightvar { 0.09320358263940619   } 
   kinetic_energy { 2.66926427243866   } 
   kinetic_energyvar { 2.950642059871044   } 
   potential_energy { -8.321525108721747   } 
   potential_energyvar { 4.069657698420476   } 
   nonlocal_energy { 0.6493082806457237   } 
   nonlocal_energyvar { 2.430527321804601   } 
   autocorr_energy { } 
} 

block { 
   label ts_0.002
   totweight 8704000
   nautocorr 0
   total_energy { -5.002013263543055   } 
   total_energyvar { 0.02981976051744464   } 
   weight { 0.9994113602022922   } 
   weightvar { 0.09364192108700388   } 
   kinetic_energy { 2.684349041727912   } 
   kinetic_energyvar { 2.989364162467063   } 
   potential_energy { -8.335481253322921   } 
   potential_energyvar { 4.07833693117445   } 
   nonlocal_energy { 0.6491189480519535   } 
   nonlocal_energyvar { 2.413023688605259   } 
   autocorr_energy { } 
} 

block { 
   label ts_0.002
   totweight 8704000
   nautocorr 0
   total_energy { -5.002579028154406   } 
   total_energyvar { 0.02936285208233039   } 
   weight { 0.9996894797881903   } 
   weightvar { 0.09351582001309014   } 
   kinetic_energy { 2.678857772766482   } 
   kinetic_energyvar { 2.936327781988835   } 
   potential_energy { -8.319827886068266   } 
   potential_energyvar { 4.054894519533686   } 
   nonlocal_energy { 0.6383910851473772   } 
   nonlocal_energyvar { 2.347363067869022   } 
   autocorr_energy { } 
} 

block { 
   label ts_0.002
   totweight 8704000
   nautocorr 0
   total_energy { -5.002523818711341   } 
   total_energyvar { 0.02935826689926723   } 
   weight { 0.9997129552088569   } 
   weightvar { 0.09306476566919057   } 
   kinetic_energy { 2.679662942328865   } 
   kinetic_energyvar { 2.938704566280464   } 
   potential_energy { -8.329883197475525   } 
   potential_energyvar { 4.126833390776055   } 
   nonlocal_energy { 0.6476964364353173   } 
   nonlocal_energyvar { 2.407186036516987   } 
   autocorr_energy { } 
} 

block { 
   label ts_0.002
   totweight 8704000
   nautocorr 0
   total_energy { -5.002559114093061   } 
   total_energyvar { 0.02935964254334696   } 
   weight { 0.999816789325455   } 
   weightvar { 0.09281023787796887   } 
   kinetic_energy { 2.673607102994637   } 
   kinetic_energyvar { 2.937237218892416   } 
   potential_energy { -8.312177873485162   } 
   potential_energyvar { 4.002130026308541   } 
   nonlocal_energy { 0.6360116563974638   } 
   nonlocal_energyvar { 2.338472720998859   } 
   autocorr_energy { } 
} 

block { 
   label ts_0.002
   totweight 8704000
   nautocorr 0
   total_energy { -5.00189162879442   } 
   total_energyvar { 0.03008254050013836   } 
   weight { 0.9995268729897689   } 
   weightvar { 0.09296160434697948   } 
   kinetic_energy { 2.690018734931586   } 
   kinetic_energyvar { 2.945736186683934   } 
   potential_energy { -8.332762650380193   } 
   potential_energyvar { 4.100064811600708   } 
   nonlocal_energy { 0.640852286654188   } 
   nonlocal_energyvar { 2.434306646097664   } 
   autocorr_energy { } 
} 

block { 
   label ts_0.002
   totweight 8704000
   nautocorr 0
   total_energy { -5.002664848571635   } 
   total_energyvar { 0.02914905493115398   } 
   weight { 0.9996846598585818   } 
   weightvar { 0.09257295830124482   } 
   kinetic_energy { 2.689440230062953   } 
   kinetic_energyvar { 2.907098147725396   } 
   potential_energy { -8.338611501854787   } 
   potential_energyvar { 4.040175602106753   } 
   nonlocal_energy { 0.646506423220199   } 
   nonlocal_energyvar { 2.368396596542969   } 
   autocorr_energy { } 
} 

#-------------------------------------------------
#DMC run: timestep 0.001
#-------------------------------------------------


init { 
   label ts_0.001
}
block { 
   label ts_0.001
   totweight 17408000
   nautocorr 0
   total_energy { -5.001803851930243   } 
   total_energyvar { 0.02961983947365529   } 
   weight { 1.000474223925695   } 
   weightvar { 0.09303111524055832   } 
   kinetic_energy { 2.68330148791689   } 
   kinetic_energyvar { 2.941325373457941   } 
   potential_energy { -8.323309162293071   } 
   potential_energyvar { 4.043455456664512   } 
   nonlocal_energy { 0.6382038224459388   } 
   nonlocal_energyvar { 2.371723682949356   } 
   autocorr_energy { } 
} 

block { 
   label ts_0.001
   totweight 17408000
   nautocorr 0
   total_energy { -5.003585711774867   } 
   total_energyvar { 0.02896515607696162   } 
   weight { 1.001168169365403   } 
   weightvar { 0.09402327208824557   } 
   kinetic_energy { 2.672470515274128   } 
   kinetic_energyvar { 2.979236325398168   } 
   potential_energy { -8.314187941926315   } 
   potential_energyvar { 4.061144870088717   } 
   nonlocal_energy { 0.6381317148773206   } 
   nonlocal_energyvar { 2.383000701309423   } 
   autocorr_energy { } 
} 

block { 
   label ts_0.001
   totweight 17408000
   nautocorr 0
   total_energy { -5.001999266652205   } 
   total_energyvar { 0.02937168440054583   } 
   weight { 1.000421166209492   } 
   weightvar { 0.09423286228968231   } 
   kinetic_energy { 2.675087437014902   } 
   kinetic_energyvar { 2.969235489072716   } 
   potential_energy { -8.317909057332772   } 
   potential_energyvar { 4.085412009227544   } 
   nonlocal_energy { 0.640822353665666   } 
   nonlocal_energyvar { 2.399560599363489   } 
   autocorr_energy { } 
} 

block { 
   label ts_0.001
   totweight 17408000
   nautocorr 0
   total_energy { -5.002754180764721   } 
   total_energyvar { 0.02955663474695315   } 
   weight { 0.9996760632997843   } 
   weightvar { 0.09448085035292204   } 
   kinetic_energy { 2.685353871555451   } 
   kinetic_energyvar { 2.965913084419366   } 
   potential_energy { -8.332395209167144   } 
   potential_energyvar { 4.158995863398681   } 
   nonlocal_energy { 0.6442871568469719   } 
   nonlocal_energyvar { 2.473723015449504   } 
   autocorr_energy { } 
} 

block { 
   label ts_0.001
   totweight 17408000
   nautocorr 0
   total_energy { -5.002150695926668   } 
   total_energyvar { 0.02948728583429116   } 
   weight { 0.999687535456508   } 
   weightvar { 0.09366274970797038   } 
   kinetic_energy { 2.675025515687394   } 
   kinetic_energyvar { 2.977349188237566   } 
   potential_energy { -8.325515056323995   } 
   potential_energyvar { 4.052039492910319   } 
   nonlocal_energy { 0.6483388447099329   } 
   nonlocal_energyvar { 2.389735405901362   } 
   autocorr_energy { } 
} 

block { 
   label ts_0.001
   totweight 17408000
   nautocorr 0
   total_energy { -5.001241651875344   } 
   total_energyvar { 0.02920076043821411   } 
   weight { 0.9990934154420487   } 
   weightvar { 0.09394576694659929   } 
   kinetic_energy { 2.676304645131611   } 
   kinetic_energyvar { 2.95734087352459   } 
   potential_energy { -8.316453412730663   } 
   potential_energyvar { 4.08101996148608   } 
   nonlocal_energy { 0.6389071157237076   } 
   nonlocal_energyvar { 2.33121451287613   } 
   autocorr_energy { } 
} 

block { 
   label ts_0.001
   totweight 17408000
   nautocorr 0
   total_energy { -5.002890950450979   } 
   total_energyvar { 0.02932759977006153   } 
   weight { 0.9993165928623093   } 
   weightvar { 0.09414796644502345   } 
   kinetic_energy { 2.682016374969363   } 
   kinetic_energyvar { 2.946494610815284   } 
   potential_energy { -8.325040246596821   } 
   potential_energyvar { 4.050320007379381   } 
   nonlocal_energy { 0.6401329211764814   } 
   nonlocal_energyvar { 2.413659271826568   } 
   autocorr_energy { } 
} 

block { 
   label ts_0.001
   totweight 17408000
   nautocorr 0
   total_energy { -5.001561901014568   } 
   total_energyvar { 0.02982245569976966   } 
   weight { 0.9993158383802963   } 
   weightvar { 0.09469872567066913   } 
   kinetic_energy { 2.675391036635353   } 
   kinetic_energyvar { 2.961810614981263   } 
   potential_energy { -8.316418895651895   } 
   potential_energyvar { 4.003747979917759   } 
   nonlocal_energy { 0.6394659580019726   } 
   nonlocal_energyvar { 2.427268428249337   } 
   autocorr_energy { } 
} 

block { 
   label ts_0.001
   totweight 17408000
   nautocorr 0
   total_energy { -5.002508802974076   } 
   total_energyvar { 0.02878195484572642   } 
   weight { 0.9993060640996516   } 
   weightvar { 0.09501973750553951   } 
   kinetic_energy { 2.674071782881491   } 
   kinetic_energyvar { 2.93189772942738   } 
   potential_energy { -8.303903528714033   } 
   potential_energyvar { 4.010198113842615   } 
   nonlocal_energy { 0.6273229428584669   } 
   nonlocal_energyvar { 2.251616423769394   } 
   autocorr_energy { } 
} 

block { 
   label ts_0.001
   totweight 17408000
   nautocorr 0
   total_energy { -5.002288472135971   } 
   total_energyvar { 0.02904687535237929   } 
   weight { 0.9998691880553969   } 
   weightvar { 0.09482099978047125   } 
   kinetic_energy { 2.674114463372489   } 
   kinetic_energyvar { 2.961507495986785   } 
   potential_energy { -8.31742313089207   } 
   potential_energyvar { 4.04772970783686   } 
   nonlocal_energy { 0.6410201953836109   } 
   nonlocal_energyvar { 2.360503430414548   } 
   autocorr_energy { } 
} 

block { 
   label ts_0.001
   totweight 17408000
   nautocorr 0
   total_energy { -5.00134500855138   } 
   total_energyvar { 0.02928282505650544   } 
   weight { 0.9991788967688472   } 
   weightvar { 0.09506601521337253   } 
   kinetic_energy { 2.669444589626333   } 
   kinetic_energyvar { 2.939104949326232   } 
   potential_energy { -8.315370290437693   } 
   potential_energyvar { 4.043841287962098   } 
   nonlocal_energy { 0.64458069225998   } 
   nonlocal_energyvar { 2.391827994008534   } 
   autocorr_energy { } 
} 

block { 
   label ts_0.001
   totweight 17408000
   nautocorr 0
   total_energy { -5.002302691652174   } 
   total_energyvar { 0.02954755864559253   } 
   weight { 0.9991255776660775   } 
   weightvar { 0.09487109565902191   } 
   kinetic_energy { 2.679746100979187   } 
   kinetic_energyvar { 2.917008257012216   } 
   potential_energy { -8.326936834020453   } 
   potential_energyvar { 4.066088427248395   } 
   nonlocal_energy { 0.6448880413890942   } 
   nonlocal_energyvar { 2.404461032619488   } 
   autocorr_energy { } 
} 

block { 
   label ts_0.001
   totweight 17408000
   nautocorr 0
   total_energy { -5.002146613120301   } 
   total_energyvar { 0.02893959825418842   } 
   weight { 0.9995784710345302   } 
   weightvar { 0.09478895160102317   } 
   kinetic_energy { 2.667163858444742   } 
   kinetic_energyvar { 2.926651293338874   } 
   potential_energy { -8.305933614511712   } 
   potential_energyvar { 4.006779407946956   } 
   nonlocal_energy { 0.6366231429466697   } 
   nonlocal_energyvar { 2.393397791199887   } 
   autocorr_energy { } 
} 

block { 
   label ts_0.001
   totweight 17408000
   nautocorr 0
   total_energy { -5.00275861240209   } 
   total_energyvar { 0.02993243182277131   } 
   weight { 0.9998152289284348   } 
   weightvar { 0.09458337960255669   } 
   kinetic_energy { 2.676054558018554   } 
   kinetic_energyvar { 2.940568466353602   } 
   potential_energy { -8.317403632159428   } 
   potential_energyvar { 4.016020539123264   } 
   nonlocal_energy { 0.6385904617387832   } 
   nonlocal_energyvar { 2.349897739311944   } 
   autocorr_energy { } 
} 

block { 
   label ts_0.001
   totweight 17408000
   nautocorr 0
   total_energy { -5.002279390302272   } 
   total_energyvar { 0.03055871230903005   } 
   weight { 0.9998221142611355   } 
   weightvar { 0.09416725010041258   } 
   kinetic_energy { 2.679964671677188   } 
   kinetic_energyvar { 2.9453865015539   } 
   potential_energy { -8.333814476434748   } 
   potential_energyvar { 4.054433210410465   } 
   nonlocal_energy { 0.6515704144552863   } 
   nonlocal_energyvar { 2.430274569925984   } 
   autocorr_energy { } 
} 

block { 
   label ts_0.001
   totweight 17408000
   nautocorr 0
   total_energy { -5.003343751102076   } 
   total_energyvar { 0.02966406285737187   } 
   weight { 1.00019951775973   } 
   weightvar { 0.0936962541800722   } 
   kinetic_energy { 2.668736917709839   } 
   kinetic_energyvar { 2.949407875665278   } 
   potential_energy { -8.31573769999212   } 
   potential_energyvar { 4.05615518264774   } 
   nonlocal_energy { 0.6436570311802065   } 
   nonlocal_energyvar { 2.370639164064116   } 
   autocorr_energy { } 
} 

block { 
   label ts_0.001
   totweight 17408000
   nautocorr 0
   total_energy { -5.003084152476903   } 
   total_energyvar { 0.03055469557676068   } 
   weight { 1.000254661176183   } 
   weightvar { 0.09415204630983973   } 
   kinetic_energy { 2.655039993343096   } 
   kinetic_energyvar { 2.936591351217084   } 
   potential_energy { -8.304253898409772   } 
   potential_energyvar { 4.020187690514605   } 
   nonlocal_energy { 0.646129752589773   } 
   nonlocal_energyvar { 2.382831327345303   } 
   autocorr_energy { } 
} 

block { 
   label ts_0.001
   totweight 17408000
   nautocorr 0
   total_energy { -5.002328502123317   } 
   total_energyvar { 0.02916961991868343   } 
   weight { 1.000105348914929   } 
   weightvar { 0.09474489200506786   } 
   kinetic_energy { 2.66793513755134   } 
   kinetic_energyvar { 2.943603144168044   } 
   potential_energy { -8.301991366376939   } 
   potential_energyvar { 4.037296369800289   } 
   nonlocal_energy { 0.6317277267022822   } 
   nonlocal_energyvar { 2.32233828671251   } 
   autocorr_energy { } 
} 

block { 
   label ts_0.001
   totweight 17408000
   nautocorr 0
   total_energy { -5.003047518014084   } 
   total_energyvar { 0.02971405518148939   } 
   weight { 0.9998488351295861   } 
   weightvar { 0.09508000406850856   } 
   kinetic_energy { 2.661579191043665   } 
   kinetic_energyvar { 2.926146644741303   } 
   potential_energy { -8.307962506754183   } 
   potential_energyvar { 4.048737044519606   } 
   nonlocal_energy { 0.6433357976964359   } 
   nonlocal_energyvar { 2.408618266299876   } 
   autocorr_energy { } 
} 

block { 
   label ts_0.001
   totweight 17408000
   nautocorr 0
   total_energy { -5.002805090818381   } 
   total_energyvar { 0.02989074603740263   } 
   weight { 1.000312858069338   } 
   weightvar { 0.09448983826172072   } 
   kinetic_energy { 2.683764381344227   } 
   kinetic_energyvar { 2.951945430290754   } 
   potential_energy { -8.323846142952117   } 
   potential_energyvar { 4.125399724387018   } 
   nonlocal_energy { 0.6372766707895088   } 
   nonlocal_energyvar { 2.429382641435918   } 
   autocorr_energy { } 
} 

block { 
   label ts_0.001
   totweight 17408000
   nautocorr 0
   total_energy { -5.002405972386572   } 
   total_energyvar { 0.02908906111880052   } 
   weight { 0.9998663444655354   } 
   weightvar { 0.09354585738390285   } 
   kinetic_energy { 2.680279513709072   } 
   kinetic_energyvar { 2.949177205328427   } 
   potential_energy { -8.310520400975873   } 
   potential_energyvar { 4.055975544664168   } 
   nonlocal_energy { 0.6278349148802299   } 
   nonlocal_energyvar { 2.320756400177211   } 
   autocorr_energy { } 
} 

block { 
   label ts_0.001
   totweight 17408000
   nautocorr 0
   total_energy { -5.001702322436364   } 
   total_energyvar { 0.02976264434331628   } 
   weight { 0.9994812566572325   } 
   weightvar { 0.09424779113688531   } 
   kinetic_energy { 2.671122280708273   } 
   kinetic_energyvar { 2.96069292808351   } 
   potential_energy { -8.312424631803935   } 
   potential_energyvar { 4.02318329879749   } 
   nonlocal_energy { 0.6396000286592984   } 
   nonlocal_energyvar { 2.428736658204706   } 
   autocorr_energy { } 
} 

block { 
   label ts_0.001
   totweight 17408000
   nautocorr 0
   total_energy { -5.002210486458663   } 
   total_energyvar { 0.02965019826201173   } 
   weight { 0.9993663749255614   } 
   weightvar { 0.09469201189762214   } 
   kinetic_energy { 2.671889114971908   } 
   kinetic_energyvar { 2.882972664168797   } 
   potential_energy { -8.31668067286436   } 
   potential_energyvar { 3.959388803968418   } 
   nonlocal_energy { 0.6425810714337873   } 
   nonlocal_energyvar { 2.335899735651419   } 
   autocorr_energy { } 
} 

block { 
   label ts_0.001
   totweight 17408000
   nautocorr 0
   total_energy { -5.002975733906013   } 
   total_energyvar { 0.03057113074889441   } 
   weight { 0.9997464976662167   } 
   weightvar { 0.09513962349485162   } 
   kinetic_energy { 2.673181959018764   } 
   kinetic_energyvar { 2.948641346387775   } 
   potential_energy { -8.324220376328254   } 
   potential_energyvar { 4.058161691319244   } 
   nonlocal_energy { 0.6480626834034766   } 
   nonlocal_energyvar { 2.430164133416431   } 
   autocorr_energy { } 
} 

block { 
   label ts_0.001
   totweight 17408000
   nautocorr 0
   total_energy { -5.001750823107606   } 
   total_energyvar { 0.03076764745830339   } 
   weight { 0.9994589576326878   } 
   weightvar { 0.09478341260606847   } 
   kinetic_energy { 2.67460300208897   } 
   kinetic_energyvar { 2.980778260094088   } 
   potential_energy { -8.328060642053657   } 
   potential_energyvar { 4.09787576255025   } 
   nonlocal_energy { 0.6517068168570797   } 
   nonlocal_energyvar { 2.46304636168744   } 
   autocorr_energy { } 
} 

block { 
   label ts_0.001
   totweight 17408000
   nautocorr 0
   total_energy { -5.001323610722276   } 
   total_energyvar { 0.02924712340472478   } 
   weight { 0.9990994743556691   } 
   weightvar { 0.09514280162880574   } 
   kinetic_energy { 2.690528990728657   } 
   kinetic_energyvar { 2.918923206107409   } 
   potential_energy { -8.339180210028781   } 
   potential_energyvar { 4.05195498441834   } 
   nonlocal_energy { 0.6473276085778484   } 
   nonlocal_energyvar { 2.403514242220823   } 
   autocorr_energy { } 
} 

block { 
   label ts_0.001
   totweight 17408000
   nautocorr 0
   total_energy { -5.002840471138514   } 
   total_energyvar { 0.02922141567684745   } 
   weight { 0.9990756726930359   } 
   weightvar { 0.09464092457778307   } 
   kinetic_energy { 2.698499935343038   } 
   kinetic_energyvar { 2.920760755766365   } 
   potential_energy { -8.3375188896685   } 
   potential_energyvar { 4.04967618728004   } 
   nonlocal_energy { 0.636178483186949   } 
   nonlocal_energyvar { 2.338982625168776   } 
   autocorr_energy { } 
} 

block { 
   label ts_0.001
   totweight 17408000
   nautocorr 0
   total_energy { -5.002439115747328   } 
   total_energyvar { 0.02973981824442821   } 
   weight { 0.9997034721549869   } 
   weightvar { 0.09477112613799805   } 
   kinetic_energy { 2.701007181644861   } 
   kinetic_energyvar { 2.984280263268516   } 
   potential_energy { -8.351545506005337   } 
   potential_energyvar { 4.128301905241638   } 
   nonlocal_energy { 0.6480992086131478   } 
   nonlocal_energyvar { 2.414673499118777   } 
   autocorr_energy { } 
} 

block { 
   label ts_0.001
   totweight 17408000
   nautocorr 0
   total_energy { -5.001357613395243   } 
   total_energyvar { 0.02981815253143225   } 
   weight { 0.9992665284811504   } 
   weightvar { 0.09495573701982894   } 
   kinetic_energy { 2.680873926949559   } 
   kinetic_energyvar { 2.970892647378916   } 
   potential_energy { -8.327036956909856   } 
   potential_energyvar { 4.033257317479752   } 
   nonlocal_energy { 0.6448054165650553   } 
   nonlocal_energyvar { 2.447563806322477   } 
   autocorr_energy { } 
} 

block { 
   label ts_0.001
   totweight 17408000
   nautocorr 0
   total_energy { -5.002290122429049   } 
   total_energyvar { 0.02997796642390888   } 
   weight { 0.9992936774239144   } 
   weightvar { 0.09443275256693984   } 
   kinetic_energy { 2.665784338103642   } 
   kinetic_energyvar { 2.928585550850106   } 
   potential_energy { -8.317517259903134   } 
   potential_energyvar { 4.083068049549268   } 
   nonlocal_energy { 0.6494427993704419   } 
   nonlocal_energyvar { 2.476814354992105   } 
   autocorr_energy { } 
} 

block { 
   label ts_0.001
   totweight 17408000
   nautocorr 0
   total_energy { -5.00290267697835   } 
   total_energyvar { 0.02943988913258872   } 
   weight { 0.9997216188466289   } 
   weightvar { 0.09375190249471101   } 
   kinetic_energy { 2.674866675046685   } 
   kinetic_energyvar { 2.91598860701789   } 
   potential_energy { -8.315871102750974   } 
   potential_energyvar { 4.041053636172498   } 
   nonlocal_energy { 0.638101750725939   } 
   nonlocal_energyvar { 2.455608451130781   } 
   autocorr_energy { } 
} 

block { 
   label ts_0.001
   totweight 17408000
   nautocorr 0
   total_energy { -5.00306756441397   } 
   total_energyvar { 0.02931241194126042   } 
   weight { 1.000055709986635   } 
   weightvar { 0.09376040251132266   } 
   kinetic_energy { 2.675414414461385   } 
   kinetic_energyvar { 2.938508292793609   } 
   potential_energy { -8.322051932591506   } 
   potential_energyvar { 4.020667211074857   } 
   nonlocal_energy { 0.643569953716149   } 
   nonlocal_energyvar { 2.34879049931275   } 
   autocorr_energy { } 
} 

