0: output to qw.linear.o
Could not open qw.linear.config. Generating configurations from scratch
0: Timestep is 1.76844
1: Timestep is 1.76844
3: Timestep is 1.76844
16: Timestep is 1.76844
24: Timestep is 1.76844
40: Timestep is 1.76844
48: Timestep is 1.76844
56: Timestep is 1.76844
32: Timestep is 1.76844
8: Timestep is 1.76844
5: Timestep is 1.76844
17: Timestep is 1.76844
25: Timestep is 1.76844
41: Timestep is 1.76844
49: Timestep is 1.76844
57: Timestep is 1.76844
33: Timestep is 1.76844
9: Timestep is 1.76844
7: Timestep is 1.76844
18: Timestep is 1.76844
26: Timestep is 1.76844
42: Timestep is 1.76844
50: Timestep is 1.76844
58: Timestep is 1.76844
34: Timestep is 1.76844
10: Timestep is 1.76844
2: Timestep is 1.76844
19: Timestep is 1.76844
27: Timestep is 1.76844
43: Timestep is 1.76844
51: Timestep is 1.76844
59: Timestep is 1.76844
35: Timestep is 1.76844
11: Timestep is 1.76844
4: Timestep is 1.76844
20: Timestep is 1.76844
28: Timestep is 1.76844
44: Timestep is 1.76844
52: Timestep is 1.76844
60: Timestep is 1.76844
36: Timestep is 1.76844
12: Timestep is 1.76844
6: Timestep is 1.76844
21: Timestep is 1.76844
29: Timestep is 1.76844
45: Timestep is 1.76844
53: Timestep is 1.76844
61: Timestep is 1.76844
37: Timestep is 1.76844
13: Timestep is 1.76844
22: Timestep is 1.76844
30: Timestep is 1.76844
46: Timestep is 1.76844
54: Timestep is 1.76844
62: Timestep is 1.76844
38: Timestep is 1.76844
14: Timestep is 1.76844
23: Timestep is 1.76844
31: Timestep is 1.76844
47: Timestep is 1.76844
55: Timestep is 1.76844
63: Timestep is 1.76844
39: Timestep is 1.76844
15: Timestep is 1.76844
1: Write took 0 seconds
1: Write took 0 seconds
1: Write took 0 seconds
1: Write took 0 seconds
1: Write took 0 seconds
1: Write took 0 seconds
1: Write took 0 seconds
1: Write took 0 seconds
1: Write took 0 seconds
1: Write took 0 seconds
1: Write took 0 seconds
1: Write took 0 seconds
1: Write took 0 seconds
1: Write took 0 seconds
1: Write took 0 seconds
1: Write took 0 seconds
1: Write took 0 seconds
1: Write took 0 seconds
1: Write took 0 seconds
1: Write took 0 seconds
energy derivative -0.0540264704 +/- 0.0003338777879
energy derivative -0.09737644094 +/- 0.0007821840352
energy derivative -0.07125533827 +/- 0.0009405024609
energy derivative -0.02520401733 +/- 0.0006253666356
energy derivative -0.006205495443 +/- 0.0003598534354
energy derivative -0.2295519631 +/- 0.001529344017
energy derivative -0.1183103036 +/- 0.001974615307
energy derivative -0.06183680514 +/- 0.004882920984
energy derivative -0.03093352401 +/- 0.008957654242
energy derivative -0.01885674058 +/- 0.02127742308
energy derivative -0.3345241968 +/- 0.001793178686
energy derivative -0.3783605125 +/- 0.002016138983
energy derivative -0.2573308833 +/- 0.001470441772
energy derivative -0.1339493458 +/- 0.001667483021
energy derivative -0.05533492546 +/- 0.00289367227
energy derivative -0.7043150175 +/- 0.005751353258
energy derivative -0.6374214128 +/- 0.004669972368
energy derivative -0.5183944447 +/- 0.004345797192
energy derivative -0.1948260985 +/- 0.002598260231
energy derivative -0.3411079884 +/- 0.003650214946
energy derivative -0.1777171091 +/- 0.001719249344
energy derivative -0.06887680465 +/- 0.000978945171
energy derivative -0.01866780064 +/- 0.0004847939631
energy derivative -0.05457117049 +/- 0.0008242956354
energy derivative -0.006528971181 +/- 0.0001993285979
energy derivative -0.1375986602 +/- 0.001495463336
energy derivative -0.0211800808 +/- 0.0004234577607
energy derivative -0.3298785432 +/- 0.003448148591
energy derivative -0.5252642264 +/- 0.003758215114
energy derivative -0.2833165312 +/- 0.002751370183
energy derivative -0.0743773736 +/- 0.002724835494
energy derivative -0.2279606699 +/- 0.005936809467
energy derivative -0.1537176125 +/- 0.003038668477
energy derivative -0.05732469978 +/- 0.001804128714
energy derivative -0.01416808334 +/- 0.001411753054
energy derivative -0.05964272867 +/- 0.004007152668
energy derivative -0.01167058924 +/- 0.0009604557862
energy derivative -0.1032694449 +/- 0.002269923272
energy derivative -0.02483070818 +/- 0.001399504967
eigenvals (133.6128114,0) (107.9070637,0) (71.64442203,0) (31.76201851,0) (29.95216267,0) (28.69295235,0) (23.65373818,0) (20.36139182,0) (17.22841506,0) (15.62731244,0) (10.83097842,0) (8.718427098,0) (5.496835993,0) (5.774325231,0) (5.02157348,0) (4.827634437,0) (2.950387722,0) (1.609561514,0) (-5.909557956,0) (-0.6088369332,0) (-0.6927480755,0) (-1.191276524,0) (-1.254278795,0) (-1.349648358,0) (-1.622994994,0) (-1.821949008,0) (-2.429467332,0) (-2.609148146,0) (-5.562142155,0) (-5.317456194,0) (-3.372510308,0) (-4.999346279,0) (-4.935404613,0) (-4.745073708,0) (-3.73714352,0) (-3.807488018,0) (-4.502083826,0) (-4.457098123,0) (-4.245639003,0) (-4.121239489,0) 
i 18 stab 5.90991234e-06 p0 0.2203456141 eigenval (-5.909557956,0)
chose 18 eigenval -5.909557956
eigenvals (624.8481021,0) (108.1345702,0) (73.05927883,0) (62.24274235,0) (43.28335509,0) (36.8171222,0) (32.38813418,0) (26.48921069,0) (21.92151549,0) (17.81141614,0) (15.87253543,0) (9.946606553,0) (11.0141657,0) (8.091833072,0) (7.476677699,0) (5.644923719,0) (4.898339886,0) (1.824795439,0) (0.6551862075,0) (-5.909451333,0) (-0.489096264,0) (-0.7351086644,0) (-1.14082415,0.05072535179) (-1.14082415,-0.05072535179) (-1.384994445,0) (-1.605485886,0) (-2.022258539,0) (-2.439341272,0) (-5.550477255,0) (-3.325863981,0) (-5.287586764,0) (-3.65770953,0) (-3.759166487,0) (-4.976948784,0) (-4.907502899,0) (-4.031094984,0) (-4.21375997,0) (-4.401107805,0) (-4.469164022,0) (-4.729365556,0) 
i 19 stab 2.95495617e-05 p0 0.3212690807 eigenval (-5.909451333,0)
chose 19 eigenval -5.909451333
eigenvals (3081.765503,0) (282.6429166,0) (114.4447041,0) (106.6200217,0) (89.45696465,0) (86.95231714,0) (70.09079601,0) (48.72967578,0) (39.47290076,0) (31.82095081,0) (22.10956955,0) (17.56622505,0) (16.09952446,0) (14.1905748,0) (11.23870673,0) (8.708378405,0) (6.839250063,0) (3.922134528,0) (2.442141517,0) (1.302645773,0) (-0.005016231121,0) (-5.908918819,0) (-0.383848967,0) (-0.7674875672,0) (-1.040360152,0) (-1.250403526,0) (-1.43088167,0) (-2.10760927,0) (-5.521394449,0) (-3.185346645,0) (-5.213609247,0) (-3.449916273,0) (-3.666428066,0) (-3.792088835,0) (-4.937282291,0) (-4.792273751,0) (-4.6784284,0) (-4.087911341,0) (-4.37276451,0) (-4.261065985,0) 
i 21 stab 0.0001477478085 p0 0.4550070537 eigenval (-5.908918819,0)
chose 21 eigenval -5.908918819
eigenvals (15366.49164,0) (1383.822746,0) (454.0450399,0) (424.3697449,0) (340.9033997,0) (154.1136338,0) (146.1018409,0) (122.0511906,0) (105.1781916,0) (78.71097615,0) (59.32529429,0) (46.57159714,0) (21.89181832,0) (18.55855747,0) (16.8871245,0) (15.72059603,0) (12.59301985,0) (10.74387044,0) (8.927404031,0) (3.979087341,0) (2.281774469,0) (1.457080726,0) (0.4578665956,0) (0.1146169104,0) (-5.907902461,0) (-0.7178214906,0) (-1.279605546,0) (-1.078847644,0) (-5.478995107,0) (-2.445089268,0) (-5.106298274,0) (-4.896480993,0) (-4.628521323,0) (-4.501051039,0) (-2.83291283,0) (-3.243557814,0) (-3.528967633,0) (-3.622516098,0) (-3.811637352,0) (-4.057608783,0) 
i 24 stab 0.0007387390425 p0 0.7529208509 eigenval (-5.907902461,0)
chose 24 eigenval -5.907902461
eigenvals (76790.15022,0) (6890.604689,0) (2067.981773,0) (2202.867792,0) (1612.344019,0) (734.714889,0) (674.2263964,0) (523.4478041,0) (276.719023,0) (185.3729696,0) (117.0576634,0) (115.9517913,0) (88.24986843,0) (56.73242478,0) (45.56018291,0) (29.90001955,0) (25.63657126,0) (20.70355127,0) (17.3828737,0) (12.40330032,0) (9.943381853,0) (7.859612036,0) (4.045815141,0) (3.719368817,0) (2.349989902,0) (0.4311819021,0) (0.9810759771,0) (-0.7492129925,0) (-5.907218201,0) (-1.338323499,0) (-2.093204933,0) (-2.55809632,0) (-2.819777419,0) (-3.117725512,0) (-5.438401949,0) (-3.721789093,0) (-4.173524322,0) (-4.463735785,0) (-4.981980455,0) (-4.827778405,0) 
i 28 stab 0.003693695213 p0 0.9643226053 eigenval (-5.907218201,0)
chose 28 eigenval -5.907218201
eigenvals (383908.4487,0) (34424.67923,0) (10269.46506,0) (10964.89179,0) (7970.732292,0) (3647.308469,0) (3327.014842,0) (2530.93229,0) (1361.378668,0) (877.6504408,0) (457.2674155,0) (319.2590312,0) (276.3872197,0) (197.4302169,0) (152.5537758,0) (124.2340276,0) (83.37793443,0) (57.93210605,0) (48.73761889,0) (41.78172633,0) (33.06169079,0) (26.7442388,0) (19.11167136,0) (16.21049885,0) (13.41323464,0) (9.821172732,0) (5.105861666,0) (3.71713761,0) (2.294645585,0) (-5.906886007,0) (0.471704795,0) (-0.1771420226,0) (-5.39494433,0) (-4.188343716,0) (-4.86508738,0) (-4.693919322,0) (-3.293311247,0) (-2.997827255,0) (-2.173618604,0) (-1.640259721,0) 
i 29 stab 0.01846847606 p0 0.9947507423 eigenval (-5.906886007,0)
i 32 stab 0.01846847606 p0 0.1651401447 eigenval (-5.39494433,0)
chose 29 eigenval -5.906886007
eigenvals (1919499.942,0) (172095.0846,0) (51273.8684,0) (54778.27893,0) (39762.90057,0) (18211.21499,0) (16592.38266,0) (12568.35729,0) (6784.899,0) (4342.71603,0) (2276.300579,0) (1456.653986,0) (1296.184282,0) (904.733185,0) (637.4745384,0) (485.7630096,0) (291.7266741,0) (267.4330763,0) (230.216279,0) (150.7773736,0) (148.4612065,0) (112.6891321,0) (79.74973289,0) (68.48675074,0) (48.05582611,0) (35.5211982,0) (30.66148051,0) (22.79382842,0) (14.46532223,0) (11.04308184,0) (7.98998542,0) (-5.906822354,0) (-5.32635225,0) (-3.533591829,0) (-4.687985078,0) (-4.465585432,0) (0.6341954218,0) (0.2174455708,0) (-1.393692811,0) (-1.599920892,0) 
i 31 stab 0.09234238031 p0 0.9985457672 eigenval (-5.906822354,0)
i 32 stab 0.09234238031 p0 0.3033368676 eigenval (-5.32635225,0)
chose 31 eigenval -5.906822354
eigenvals (9597457.411,0) (860447.1179,0) (256295.3131,0) (273845.8371,0) (198723.7872,0) (91030.91782,0) (82919.48826,0) (62755.50245,0) (33902.51072,0) (21668.58658,0) (11374.19425,0) (7229.440667,0) (6317.025025,0) (4468.946914,0) (3177.396484,0) (2296.390636,0) (1433.096957,0) (1159.547656,0) (1118.597835,0) (732.6031262,0) (666.1887729,0) (558.1848587,0) (386.0660457,0) (324.3206836,0) (219.9934658,0) (165.0286624,0) (143.7962112,0) (81.22359403,0) (70.8169559,0) (64.06942299,0) (45.39538984,0) (11.42213775,0) (6.59398117,0) (5.103593955,0) (-1.455299619,0) (-5.907690295,0) (-3.753864295,0) (-4.338495037,0) (-5.224255166,0) (2.925744341,0) 
i 35 stab 0.4617119016 p0 0.9996633334 eigenval (-5.907690295,0)
i 38 stab 0.4617119016 p0 0.5855158291 eigenval (-5.224255166,0)
chose 35 eigenval -5.907690295
eigenvals (47987244.75,0) (4302207.286,0) (1281402.423,0) (1369183.751,0) (993528.2291,0) (455129.4654,0) (414555.0689,0) (313691.2331,0) (169490.5704,0) (108298.0436,0) (56864.05848,0) (36104.74893,0) (31411.89104,0) (22292.03464,0) (15879.23862,0) (11371.05391,0) (7157.04445,0) (5734.317315,0) (5441.598976,0) (3640.016461,0) (3250.76748,0) (2776.55384,0) (1919.140374,0) (1603.427499,0) (1084.918916,0) (835.676631,0) (696.1928033,0) (365.8199433,0) (350.8229359,0) (324.3305256,0) (214.1842541,0) (63.76145258,0) (42.24044775,0) (31.92070259,0) (22.30460609,0) (7.373014866,0) (-0.645383976,0) (-5.909242865,0) (-3.462666583,0) (-5.091838688,0) 
i 37 stab 2.308559508 p0 0.999958315 eigenval (-5.909242865,0)
i 39 stab 2.308559508 p0 0.8179415946 eigenval (-5.091838688,0)
chose 37 eigenval -5.909242865
eigenvals (239936181.4,0) (21511008.12,0) (6406937.952,0) (6845873.344,0) (4967550.441,0) (2275622.21,0) (2072732.982,0) (1568369.887,0) (847430.869,0) (541445.3492,0) (284313.4545,0) (180483.1796,0) (156884.7603,0) (111407.8225,0) (79388.76605,0) (56748.14395,0) (35777.85045,0) (28635.97435,0) (27033.01196,0) (18176.46826,0) (16174.87642,0) (13863.94144,0) (9584.683367,0) (7999.01577,0) (5410.337115,0) (4189.004425,0) (3460.274821,0) (1803.325104,0) (1751.011578,0) (1619.446159,0) (1044.939032,0) (325.2568471,0) (220.9223387,0) (167.3441835,0) (115.1822105,0) (50.25415599,0) (14.4932767,0) (-5.910022504,0) (0.394700752,0) (-4.740605441,0) 
i 37 stab 11.54279754 p0 0.9999969402 eigenval (-5.910022504,0)
i 39 stab 11.54279754 p0 0.7874809276 eigenval (-4.740605441,0)
chose 37 eigenval -5.910022504
eigenvals (1199680865,0) (107555012.3,0) (32034615.59,0) (34229321.32,0) (24837661.5,0) (11378085.93,0) (10363622.55,0) (7841763.158,0) (4237132.362,0) (2707181.882,0) (1421560.449,0) (902375.6969,0) (784248.8292,0) (556986.8299,0) (396936.4627,0) (283634.3269,0) (178882.0623,0) (143147.2264,0) (134988.1001,0) (90858.59818,0) (80795.84394,0) (69299.78699,0) (47912.42706,0) (39976.9706,0) (27037.57791,0) (20955.64951,0) (17281.06929,0) (8994.839286,0) (8752.283479,0) (8093.28294,0) (5195.571425,0) (1632.719656,0) (1114.241391,0) (845.0785847,0) (578.6614761,0) (264.1416141,0) (90.06697476,0) (-5.910041039,0) (19.47142065,0) (-3.104137415,0) 
i 37 stab 57.7139877 p0 0.9999998393 eigenval (-5.910041039,0)
i 39 stab 57.7139877 p0 0.4783505458 eigenval (-3.104137415,0)
chose 37 eigenval -5.910041039
eigenvals (5998404282,0) (537775033.3,0) (160173003.8,0) (171146561.2,0) (124188216.8,0) (56890404.55,0) (51818070.4,0) (39208729.51,0) (21185639.83,0) (13535864.54,0) (7107795.426,0) (4511838.356,0) (3921069.119,0) (2784881.88,0) (1984674.958,0) (1418065.387,0) (894403.1568,0) (715704.0138,0) (674763.2173,0) (454269.2218,0) (403900.7746,0) (346478.787,0) (239551.151,0) (199866.7475,0) (135173.8116,0) (104788.8758,0) (86385.11688,0) (44953.20182,0) (43758.73188,0) (40462.12566,0) (25948.10209,0) (8170.032404,0) (5580.81335,0) (4233.874009,0) (2895.899666,0) (1333.451916,0) (467.9096483,0) (-5.909950312,0) (114.8011506,0) (5.050678074,0) 
i 37 stab 288.5699385 p0 0.9999999929 eigenval (-5.909950312,0)
i 39 stab 288.5699385 p0 0.1384161847 eigenval (5.050678074,0)
chose 37 eigenval -5.909950312
eigenvals (2.999202137e+10,0) (2688875138,0) (800864944.8,0) (855732760.5,0) (620940993.3,0) (284451997.7,0) (259090309.6,0) (196043561.3,0) (105928177.1,0) (67679277.86,0) (35538970.31,0) (22559151.66,0) (19605170.56,0) (13924357.13,0) (9923367.435,0) (7090220.719,0) (4472008.637,0) (3578488.054,0) (3373638.741,0) (2271322.334,0) (2019425.447,0) (1732373.741,0) (1197744.772,0) (999315.6327,0) (675854.9857,0) (523955.0074,0) (431905.3698,0) (224745.1719,0) (218790.9926,0) (202306.2718,0) (129710.6293,0) (40856.59595,0) (27913.66829,0) (21177.87571,0) (14482.06034,0) (6679.976901,0) (2357.117775,0) (-5.909920607,0) (591.4383632,0) (45.81954101,0) 
i 37 stab 1442.849692 p0 0.9999999997 eigenval (-5.909920607,0)
chose 37 eigenval -5.909920607
eigenvals (1.499601068e+11,0) (1.344437566e+10,0) (4004324650,0) (4278663757,0) (3104704876,0) (1422259963,0) (1295451506,0) (980217720.1,0) (529640863.8,0) (338396344.4,0) (177694844.7,0) (112795718.2,0) (98025677.74,0) (69621733.41,0) (49616829.82,0) (35450997.38,0) (22360036.04,0) (17892408.28,0) (16868016.35,0) (11356587.9,0) (10097048.81,0) (8661848.504,0) (5988712.877,0) (4996560.059,0) (3379260.858,0) (2619785.666,0) (2159506.637,0) (1123705.053,0) (1093952.3,0) (1011526.989,0) (648523.2399,0) (204289.4137,0) (139577.942,0) (105897.8891,0) (72412.85774,0) (33412.59648,0) (-5.909914023,0) (11803.15736,0) (2974.62211,0) (249.6628635,0) 
i 36 stab 7214.248462 p0 1 eigenval (-5.909914023,0)
chose 36 eigenval -5.909914023
eigenvals (7.498005341e+11,0) (6.722187828e+10,0) (2.002162317e+10,0) (2.139331874e+10,0) (1.552352429e+10,0) (7111299791,0) (6477257487,0) (4901088514,0) (2648204297,0) (1691981677,0) (888474216.8,0) (563978551,0) (490128213.7,0) (348108614.8,0) (248084141.8,0) (177254880.7,0) (111800173,0) (89462009.39,0) (84339904.38,0) (56782915.71,0) (50485165.64,0) (43309222.32,0) (29943553.4,0) (24982782.19,0) (16896290.22,0) (13098938.96,0) (10797512.98,0) (5618504.468,0) (5469758.839,0) (5057630.573,0) (3242586.288,0) (1021453.502,0) (697899.3104,0) (529497.9571,0) (362066.8435,0) (167075.6933,0) (-5.909912678,0) (59033.35507,0) (14890.54038,0) (1268.879281,0) 
i 36 stab 36071.24231 p0 1 eigenval (-5.909912678,0)
chose 36 eigenval -5.909912678
eigenvals (76790.15022,0) (6890.604689,0) (2067.981773,0) (2202.867792,0) (1612.344019,0) (734.714889,0) (674.2263964,0) (523.4478041,0) (276.719023,0) (185.3729696,0) (117.0576634,0) (115.9517913,0) (88.24986843,0) (56.73242478,0) (45.56018291,0) (29.90001955,0) (25.63657126,0) (20.70355127,0) (17.3828737,0) (12.40330032,0) (9.943381853,0) (7.859612036,0) (4.045815141,0) (3.719368817,0) (2.349989902,0) (0.4311819021,0) (0.9810759771,0) (-0.7492129925,0) (-5.907218201,0) (-1.338323499,0) (-2.093204933,0) (-2.55809632,0) (-2.819777419,0) (-3.117725512,0) (-5.438401949,0) (-3.721789093,0) (-4.173524322,0) (-4.463735785,0) (-4.981980455,0) (-4.827778405,0) 
i 28 stab 0.003693695213 p0 0.9643226053 eigenval (-5.907218201,0)
chose 28 eigenval -5.907218201
eigenvals (383908.4487,0) (34424.67923,0) (10269.46506,0) (10964.89179,0) (7970.732292,0) (3647.308469,0) (3327.014842,0) (2530.93229,0) (1361.378668,0) (877.6504408,0) (457.2674155,0) (319.2590312,0) (276.3872197,0) (197.4302169,0) (152.5537758,0) (124.2340276,0) (83.37793443,0) (57.93210605,0) (48.73761889,0) (41.78172633,0) (33.06169079,0) (26.7442388,0) (19.11167136,0) (16.21049885,0) (13.41323464,0) (9.821172732,0) (5.105861666,0) (3.71713761,0) (2.294645585,0) (-5.906886007,0) (0.471704795,0) (-0.1771420226,0) (-5.39494433,0) (-4.188343716,0) (-4.86508738,0) (-4.693919322,0) (-3.293311247,0) (-2.997827255,0) (-2.173618604,0) (-1.640259721,0) 
i 29 stab 0.01846847606 p0 0.9947507423 eigenval (-5.906886007,0)
i 32 stab 0.01846847606 p0 0.1651401447 eigenval (-5.39494433,0)
chose 29 eigenval -5.906886007
eigenvals (1919499.942,0) (172095.0846,0) (51273.8684,0) (54778.27893,0) (39762.90057,0) (18211.21499,0) (16592.38266,0) (12568.35729,0) (6784.899,0) (4342.71603,0) (2276.300579,0) (1456.653986,0) (1296.184282,0) (904.733185,0) (637.4745384,0) (485.7630096,0) (291.7266741,0) (267.4330763,0) (230.216279,0) (150.7773736,0) (148.4612065,0) (112.6891321,0) (79.74973289,0) (68.48675074,0) (48.05582611,0) (35.5211982,0) (30.66148051,0) (22.79382842,0) (14.46532223,0) (11.04308184,0) (7.98998542,0) (-5.906822354,0) (-5.32635225,0) (-3.533591829,0) (-4.687985078,0) (-4.465585432,0) (0.6341954218,0) (0.2174455708,0) (-1.393692811,0) (-1.599920892,0) 
i 31 stab 0.09234238031 p0 0.9985457672 eigenval (-5.906822354,0)
i 32 stab 0.09234238031 p0 0.3033368676 eigenval (-5.32635225,0)
chose 31 eigenval -5.906822354
eigenvals (9597457.411,0) (860447.1179,0) (256295.3131,0) (273845.8371,0) (198723.7872,0) (91030.91782,0) (82919.48826,0) (62755.50245,0) (33902.51072,0) (21668.58658,0) (11374.19425,0) (7229.440667,0) (6317.025025,0) (4468.946914,0) (3177.396484,0) (2296.390636,0) (1433.096957,0) (1159.547656,0) (1118.597835,0) (732.6031262,0) (666.1887729,0) (558.1848587,0) (386.0660457,0) (324.3206836,0) (219.9934658,0) (165.0286624,0) (143.7962112,0) (81.22359403,0) (70.8169559,0) (64.06942299,0) (45.39538984,0) (11.42213775,0) (6.59398117,0) (5.103593955,0) (-1.455299619,0) (-5.907690295,0) (-3.753864295,0) (-4.338495037,0) (-5.224255166,0) (2.925744341,0) 
i 35 stab 0.4617119016 p0 0.9996633334 eigenval (-5.907690295,0)
i 38 stab 0.4617119016 p0 0.5855158291 eigenval (-5.224255166,0)
chose 35 eigenval -5.907690295
eigenvals (47987244.75,0) (4302207.286,0) (1281402.423,0) (1369183.751,0) (993528.2291,0) (455129.4654,0) (414555.0689,0) (313691.2331,0) (169490.5704,0) (108298.0436,0) (56864.05848,0) (36104.74893,0) (31411.89104,0) (22292.03464,0) (15879.23862,0) (11371.05391,0) (7157.04445,0) (5734.317315,0) (5441.598976,0) (3640.016461,0) (3250.76748,0) (2776.55384,0) (1919.140374,0) (1603.427499,0) (1084.918916,0) (835.676631,0) (696.1928033,0) (365.8199433,0) (350.8229359,0) (324.3305256,0) (214.1842541,0) (63.76145258,0) (42.24044775,0) (31.92070259,0) (22.30460609,0) (7.373014866,0) (-0.645383976,0) (-5.909242865,0) (-3.462666583,0) (-5.091838688,0) 
i 37 stab 2.308559508 p0 0.999958315 eigenval (-5.909242865,0)
i 39 stab 2.308559508 p0 0.8179415946 eigenval (-5.091838688,0)
chose 37 eigenval -5.909242865
eigenvals (239936181.4,0) (21511008.12,0) (6406937.952,0) (6845873.344,0) (4967550.441,0) (2275622.21,0) (2072732.982,0) (1568369.887,0) (847430.869,0) (541445.3492,0) (284313.4545,0) (180483.1796,0) (156884.7603,0) (111407.8225,0) (79388.76605,0) (56748.14395,0) (35777.85045,0) (28635.97435,0) (27033.01196,0) (18176.46826,0) (16174.87642,0) (13863.94144,0) (9584.683367,0) (7999.01577,0) (5410.337115,0) (4189.004425,0) (3460.274821,0) (1803.325104,0) (1751.011578,0) (1619.446159,0) (1044.939032,0) (325.2568471,0) (220.9223387,0) (167.3441835,0) (115.1822105,0) (50.25415599,0) (14.4932767,0) (-5.910022504,0) (0.394700752,0) (-4.740605441,0) 
i 37 stab 11.54279754 p0 0.9999969402 eigenval (-5.910022504,0)
i 39 stab 11.54279754 p0 0.7874809276 eigenval (-4.740605441,0)
chose 37 eigenval -5.910022504
eigenvals (1199680865,0) (107555012.3,0) (32034615.59,0) (34229321.32,0) (24837661.5,0) (11378085.93,0) (10363622.55,0) (7841763.158,0) (4237132.362,0) (2707181.882,0) (1421560.449,0) (902375.6969,0) (784248.8292,0) (556986.8299,0) (396936.4627,0) (283634.3269,0) (178882.0623,0) (143147.2264,0) (134988.1001,0) (90858.59818,0) (80795.84394,0) (69299.78699,0) (47912.42706,0) (39976.9706,0) (27037.57791,0) (20955.64951,0) (17281.06929,0) (8994.839286,0) (8752.283479,0) (8093.28294,0) (5195.571425,0) (1632.719656,0) (1114.241391,0) (845.0785847,0) (578.6614761,0) (264.1416141,0) (90.06697476,0) (-5.910041039,0) (19.47142065,0) (-3.104137415,0) 
i 37 stab 57.7139877 p0 0.9999998393 eigenval (-5.910041039,0)
i 39 stab 57.7139877 p0 0.4783505458 eigenval (-3.104137415,0)
chose 37 eigenval -5.910041039
eigenvals (5998404282,0) (537775033.3,0) (160173003.8,0) (171146561.2,0) (124188216.8,0) (56890404.55,0) (51818070.4,0) (39208729.51,0) (21185639.83,0) (13535864.54,0) (7107795.426,0) (4511838.356,0) (3921069.119,0) (2784881.88,0) (1984674.958,0) (1418065.387,0) (894403.1568,0) (715704.0138,0) (674763.2173,0) (454269.2218,0) (403900.7746,0) (346478.787,0) (239551.151,0) (199866.7475,0) (135173.8116,0) (104788.8758,0) (86385.11688,0) (44953.20182,0) (43758.73188,0) (40462.12566,0) (25948.10209,0) (8170.032404,0) (5580.81335,0) (4233.874009,0) (2895.899666,0) (1333.451916,0) (467.9096483,0) (-5.909950312,0) (114.8011506,0) (5.050678074,0) 
i 37 stab 288.5699385 p0 0.9999999929 eigenval (-5.909950312,0)
i 39 stab 288.5699385 p0 0.1384161847 eigenval (5.050678074,0)
chose 37 eigenval -5.909950312
eigenvals (2.999202137e+10,0) (2688875138,0) (800864944.8,0) (855732760.5,0) (620940993.3,0) (284451997.7,0) (259090309.6,0) (196043561.3,0) (105928177.1,0) (67679277.86,0) (35538970.31,0) (22559151.66,0) (19605170.56,0) (13924357.13,0) (9923367.435,0) (7090220.719,0) (4472008.637,0) (3578488.054,0) (3373638.741,0) (2271322.334,0) (2019425.447,0) (1732373.741,0) (1197744.772,0) (999315.6327,0) (675854.9857,0) (523955.0074,0) (431905.3698,0) (224745.1719,0) (218790.9926,0) (202306.2718,0) (129710.6293,0) (40856.59595,0) (27913.66829,0) (21177.87571,0) (14482.06034,0) (6679.976901,0) (2357.117775,0) (-5.909920607,0) (591.4383632,0) (45.81954101,0) 
i 37 stab 1442.849692 p0 0.9999999997 eigenval (-5.909920607,0)
chose 37 eigenval -5.909920607
eigenvals (1.499601068e+11,0) (1.344437566e+10,0) (4004324650,0) (4278663757,0) (3104704876,0) (1422259963,0) (1295451506,0) (980217720.1,0) (529640863.8,0) (338396344.4,0) (177694844.7,0) (112795718.2,0) (98025677.74,0) (69621733.41,0) (49616829.82,0) (35450997.38,0) (22360036.04,0) (17892408.28,0) (16868016.35,0) (11356587.9,0) (10097048.81,0) (8661848.504,0) (5988712.877,0) (4996560.059,0) (3379260.858,0) (2619785.666,0) (2159506.637,0) (1123705.053,0) (1093952.3,0) (1011526.989,0) (648523.2399,0) (204289.4137,0) (139577.942,0) (105897.8891,0) (72412.85774,0) (33412.59648,0) (-5.909914023,0) (11803.15736,0) (2974.62211,0) (249.6628635,0) 
i 36 stab 7214.248462 p0 1 eigenval (-5.909914023,0)
chose 36 eigenval -5.909914023
eigenvals (7.498005341e+11,0) (6.722187828e+10,0) (2.002162317e+10,0) (2.139331874e+10,0) (1.552352429e+10,0) (7111299791,0) (6477257487,0) (4901088514,0) (2648204297,0) (1691981677,0) (888474216.8,0) (563978551,0) (490128213.7,0) (348108614.8,0) (248084141.8,0) (177254880.7,0) (111800173,0) (89462009.39,0) (84339904.38,0) (56782915.71,0) (50485165.64,0) (43309222.32,0) (29943553.4,0) (24982782.19,0) (16896290.22,0) (13098938.96,0) (10797512.98,0) (5618504.468,0) (5469758.839,0) (5057630.573,0) (3242586.288,0) (1021453.502,0) (697899.3104,0) (529497.9571,0) (362066.8435,0) (167075.6933,0) (-5.909912678,0) (59033.35507,0) (14890.54038,0) (1268.879281,0) 
i 36 stab 36071.24231 p0 1 eigenval (-5.909912678,0)
chose 36 eigenval -5.909912678
0: Timestep is 1.291875
16: Timestep is 1.291875
1: Timestep is 1.291875
8: Timestep is 1.291875
2: Timestep is 1.291875
17: Timestep is 1.291875
24: Timestep is 1.291875
40: Timestep is 1.291875
48: Timestep is 1.291875
56: Timestep is 1.291875
32: Timestep is 1.291875
9: Timestep is 1.291875
3: Timestep is 1.291875
18: Timestep is 1.291875
25: Timestep is 1.291875
41: Timestep is 1.291875
49: Timestep is 1.291875
57: Timestep is 1.291875
33: Timestep is 1.291875
10: Timestep is 1.291875
4: Timestep is 1.291875
19: Timestep is 1.291875
26: Timestep is 1.291875
42: Timestep is 1.291875
50: Timestep is 1.291875
58: Timestep is 1.291875
34: Timestep is 1.291875
11: Timestep is 1.291875
5: Timestep is 1.291875
20: Timestep is 1.291875
27: Timestep is 1.291875
43: Timestep is 1.291875
51: Timestep is 1.291875
59: Timestep is 1.291875
35: Timestep is 1.291875
12: Timestep is 1.291875
6: Timestep is 1.291875
21: Timestep is 1.291875
28: Timestep is 1.291875
44: Timestep is 1.291875
52: Timestep is 1.291875
60: Timestep is 1.291875
36: Timestep is 1.291875
13: Timestep is 1.291875
7: Timestep is 1.291875
22: Timestep is 1.291875
29: Timestep is 1.291875
45: Timestep is 1.291875
53: Timestep is 1.291875
61: Timestep is 1.291875
37: Timestep is 1.291875
14: Timestep is 1.291875
23: Timestep is 1.291875
30: Timestep is 1.291875
46: Timestep is 1.291875
54: Timestep is 1.291875
62: Timestep is 1.291875
38: Timestep is 1.291875
15: Timestep is 1.291875
31: Timestep is 1.291875
47: Timestep is 1.291875
55: Timestep is 1.291875
63: Timestep is 1.291875
39: Timestep is 1.291875
fitting to -0.003398347863 0.09234238031
fitting to -0.003154262551 0.01846847606
fitting to -0.003085936337 0.003693695213
fitting to -0.002044081271 0.4617119016
fitting to -0.0006988867116 2.308559508
fit r2 0.9630745474 curvature -0.0007621335079
eigenvals (1919499.942,0) (172095.0846,0) (51273.8684,0) (54778.27893,0) (39762.90057,0) (18211.21499,0) (16592.38266,0) (12568.35729,0) (6784.899,0) (4342.71603,0) (2276.300579,0) (1456.653986,0) (1296.184282,0) (904.733185,0) (637.4745384,0) (485.7630096,0) (291.7266741,0) (267.4330763,0) (230.216279,0) (150.7773736,0) (148.4612065,0) (112.6891321,0) (79.74973289,0) (68.48675074,0) (48.05582611,0) (35.5211982,0) (30.66148051,0) (22.79382842,0) (14.46532223,0) (11.04308184,0) (7.98998542,0) (-5.906822354,0) (-5.32635225,0) (-3.533591829,0) (-4.687985078,0) (-4.465585432,0) (0.6341954218,0) (0.2174455708,0) (-1.393692811,0) (-1.599920892,0) 
i 31 stab 0.09234238031 p0 0.9985457672 eigenval (-5.906822354,0)
i 32 stab 0.09234238031 p0 0.3033368676 eigenval (-5.32635225,0)
chose 31 eigenval -5.906822354
0: Timestep is 1.2928125
16: Timestep is 1.2928125
40: Timestep is 1.2928125
48: Timestep is 1.2928125
1: Timestep is 1.2928125
17: Timestep is 1.2928125
24: Timestep is 1.2928125
41: Timestep is 1.2928125
49: Timestep is 1.2928125
56: Timestep is 1.2928125
32: Timestep is 1.2928125
8: Timestep is 1.2928125
2: Timestep is 1.2928125
18: Timestep is 1.2928125
25: Timestep is 1.2928125
42: Timestep is 1.2928125
50: Timestep is 1.2928125
57: Timestep is 1.2928125
33: Timestep is 1.2928125
9: Timestep is 1.2928125
3: Timestep is 1.2928125
19: Timestep is 1.2928125
26: Timestep is 1.2928125
43: Timestep is 1.2928125
51: Timestep is 1.2928125
58: Timestep is 1.2928125
34: Timestep is 1.2928125
10: Timestep is 1.2928125
4: Timestep is 1.2928125
20: Timestep is 1.2928125
27: Timestep is 1.2928125
44: Timestep is 1.2928125
52: Timestep is 1.2928125
59: Timestep is 1.2928125
35: Timestep is 1.2928125
11: Timestep is 1.2928125
5: Timestep is 1.2928125
21: Timestep is 1.2928125
28: Timestep is 1.2928125
45: Timestep is 1.2928125
53: Timestep is 1.2928125
60: Timestep is 1.2928125
36: Timestep is 1.2928125
12: Timestep is 1.2928125
6: Timestep is 1.2928125
22: Timestep is 1.2928125
29: Timestep is 1.2928125
46: Timestep is 1.2928125
54: Timestep is 1.2928125
61: Timestep is 1.2928125
37: Timestep is 1.2928125
13: Timestep is 1.2928125
7: Timestep is 1.2928125
23: Timestep is 1.2928125
30: Timestep is 1.2928125
47: Timestep is 1.2928125
55: Timestep is 1.2928125
62: Timestep is 1.2928125
38: Timestep is 1.2928125
14: Timestep is 1.2928125
31: Timestep is 1.2928125
63: Timestep is 1.2928125
39: Timestep is 1.2928125
15: Timestep is 1.2928125
Read took 0 seconds
0: Timestep is 1.76
40: Timestep is 1.76
56: Timestep is 1.76
32: Timestep is 1.76
8: Timestep is 1.76
1: Timestep is 1.76
16: Timestep is 1.76
24: Timestep is 1.76
48: Timestep is 1.76
33: Timestep is 1.76
9: Timestep is 1.76
2: Timestep is 1.76
17: Timestep is 1.76
25: Timestep is 1.76
41: Timestep is 1.76
49: Timestep is 1.76
57: Timestep is 1.76
34: Timestep is 1.76
10: Timestep is 1.76
3: Timestep is 1.76
18: Timestep is 1.76
26: Timestep is 1.76
42: Timestep is 1.76
50: Timestep is 1.76
58: Timestep is 1.76
35: Timestep is 1.76
11: Timestep is 1.76
4: Timestep is 1.76
19: Timestep is 1.76
27: Timestep is 1.76
43: Timestep is 1.76
51: Timestep is 1.76
59: Timestep is 1.76
36: Timestep is 1.76
12: Timestep is 1.76
5: Timestep is 1.76
20: Timestep is 1.76
28: Timestep is 1.76
44: Timestep is 1.76
52: Timestep is 1.76
60: Timestep is 1.76
37: Timestep is 1.76
13: Timestep is 1.76
6: Timestep is 1.76
21: Timestep is 1.76
29: Timestep is 1.76
45: Timestep is 1.76
53: Timestep is 1.76
61: Timestep is 1.76
38: Timestep is 1.76
14: Timestep is 1.76
7: Timestep is 1.76
22: Timestep is 1.76
30: Timestep is 1.76
46: Timestep is 1.76
54: Timestep is 1.76
62: Timestep is 1.76
39: Timestep is 1.76
15: Timestep is 1.76
23: Timestep is 1.76
31: Timestep is 1.76
47: Timestep is 1.76
55: Timestep is 1.76
63: Timestep is 1.76
1: Write took 0 seconds
1: Write took 0 seconds
1: Write took 0 seconds
1: Write took 0 seconds
