0: output to qw.opt.o
21: wfdata allocate
16: wfdata allocate
17: wfdata allocate
22: wfdata allocate
20: wfdata allocate
46: wfdata allocate
47: wfdata allocate
23: wfdata allocate
41: wfdata allocate
43: wfdata allocate
34: wfdata allocate
39: wfdata allocate
36: wfdata allocate
32: wfdata allocate
38: wfdata allocate
40: wfdata allocate
42: wfdata allocate
33: wfdata allocate
56: wfdata allocate
61: wfdata allocate
62: wfdata allocate
59: wfdata allocate
57: wfdata allocate
58: wfdata allocate
19: wfdata allocate
45: wfdata allocate
35: wfdata allocate
26: wfdata allocate
60: wfdata allocate
18: wfdata allocate
44: wfdata allocate
37: wfdata allocate
63: wfdata allocate
28: wfdata allocate
29: wfdata allocate
25: wfdata allocate
30: wfdata allocate
31: wfdata allocate
6: wfdata allocate
0: wfdata allocate
2: wfdata allocate
5: wfdata allocate
7: wfdata allocate
4: wfdata allocate
24: wfdata allocate
1: wfdata allocate
27: wfdata allocate
3: wfdata allocate
9: wfdata allocate
13: wfdata allocate
10: wfdata allocate
12: wfdata allocate
14: wfdata allocate
8: wfdata allocate
54: wfdata allocate
50: wfdata allocate
52: wfdata allocate
53: wfdata allocate
55: wfdata allocate
48: wfdata allocate
15: wfdata allocate
51: wfdata allocate
11: wfdata allocate
49: wfdata allocate
0: Timestep is 1.214375
24: Timestep is 1.214375
56: Timestep is 1.214375
32: Timestep is 1.214375
8: Timestep is 1.214375
1: Timestep is 1.214375
25: Timestep is 1.214375
41: Timestep is 1.214375
16: Timestep is 1.214375
9: Timestep is 1.214375
2: Timestep is 1.214375
26: Timestep is 1.214375
48: Timestep is 1.214375
57: Timestep is 1.214375
33: Timestep is 1.214375
43: Timestep is 1.214375
17: Timestep is 1.214375
10: Timestep is 1.214375
3: Timestep is 1.214375
27: Timestep is 1.214375
49: Timestep is 1.214375
58: Timestep is 1.214375
34: Timestep is 1.214375
44: Timestep is 1.214375
18: Timestep is 1.214375
11: Timestep is 1.214375
4: Timestep is 1.214375
28: Timestep is 1.214375
50: Timestep is 1.214375
59: Timestep is 1.214375
35: Timestep is 1.214375
45: Timestep is 1.214375
19: Timestep is 1.214375
12: Timestep is 1.214375
5: Timestep is 1.214375
29: Timestep is 1.214375
51: Timestep is 1.214375
60: Timestep is 1.214375
36: Timestep is 1.214375
46: Timestep is 1.214375
20: Timestep is 1.214375
13: Timestep is 1.214375
6: Timestep is 1.214375
30: Timestep is 1.214375
52: Timestep is 1.214375
61: Timestep is 1.214375
37: Timestep is 1.214375
47: Timestep is 1.214375
21: Timestep is 1.214375
14: Timestep is 1.214375
7: Timestep is 1.214375
31: Timestep is 1.214375
53: Timestep is 1.214375
62: Timestep is 1.214375
38: Timestep is 1.214375
40: Timestep is 1.214375
22: Timestep is 1.214375
15: Timestep is 1.214375
54: Timestep is 1.214375
63: Timestep is 1.214375
39: Timestep is 1.214375
42: Timestep is 1.214375
23: Timestep is 1.214375
55: Timestep is 1.214375
Setting step size to 0.0479

Setting step size to 0.0187

Setting step size to 0.0338

Setting step size to 0.0163

Setting step size to 0.00712

Setting step size to 0.0317

Setting step size to 0.0115

Setting step size to 0.00316

Setting step size to 0.00629

Setting step size to 0.00527

Setting step size to 0.0209

Setting step size to 0.00723

Setting step size to 0.00611

Setting step size to 0.00262

Setting step size to 0.00258

Setting step size to 0.00416

Setting step size to 0.00459

Setting step size to 0.0016

Setting step size to 0.00372

Setting step size to 0.00269

Setting step size to 0.00173

Setting step size to 0.00699

Setting step size to 0.00655

Setting step size to 0.0055

Setting step size to 0.000924

Setting step size to 0.00174

Setting step size to 0.00545

Setting step size to 0.00206

Setting step size to 0.00105

Setting step size to 0.00425

Setting step size to 0.0479

Setting step size to 0.0187

Setting step size to 0.0338

Setting step size to 0.0163

Setting step size to 0.00712

Setting step size to 0.0317

Setting step size to 0.0115

Setting step size to 0.00316

Setting step size to 0.00629

Setting step size to 0.00527

Setting step size to 0.0209

Setting step size to 0.00723

Setting step size to 0.00611

Setting step size to 0.00262

Setting step size to 0.00258

Setting step size to 0.00416

Setting step size to 0.00459

Setting step size to 0.0016

Setting step size to 0.00372

Setting step size to 0.00269

Setting step size to 0.00173

Setting step size to 0.00699

Setting step size to 0.00655

Setting step size to 0.0055

Setting step size to 0.000924

Setting step size to 0.00174

Setting step size to 0.00545

Setting step size to 0.00206

Setting step size to 0.00105

Setting step size to 0.00425

Setting step size to 0.0479

Setting step size to 0.0187

Setting step size to 0.0338

Setting step size to 0.0163

Setting step size to 0.00712

Setting step size to 0.0317

Setting step size to 0.0115

Setting step size to 0.00316

Setting step size to 0.00629

Setting step size to 0.00527

Setting step size to 0.0209

Setting step size to 0.00723

Setting step size to 0.00611

Setting step size to 0.00262

Setting step size to 0.00258

Setting step size to 0.00416

Setting step size to 0.00459

Setting step size to 0.0016

Setting step size to 0.00372

Setting step size to 0.00269

Setting step size to 0.00173

Setting step size to 0.00699

Setting step size to 0.00655

Setting step size to 0.0055

Setting step size to 0.000924

Setting step size to 0.00174

Setting step size to 0.00545

Setting step size to 0.00206

Setting step size to 0.00105

Setting step size to 0.00425

Setting step size to 0.0479

Setting step size to 0.0187

Setting step size to 0.0338

Setting step size to 0.0163

Setting step size to 0.00712

Setting step size to 0.0317

Setting step size to 0.0115

Setting step size to 0.00316

Setting step size to 0.00629

Setting step size to 0.00527

Setting step size to 0.0209

Setting step size to 0.00723

Setting step size to 0.00611

Setting step size to 0.00262

Setting step size to 0.00258

Setting step size to 0.00416

Setting step size to 0.00459

Setting step size to 0.0016

Setting step size to 0.00372

Setting step size to 0.00269

Setting step size to 0.00173

Setting step size to 0.00699

Setting step size to 0.00655

Setting step size to 0.0055

Setting step size to 0.000924

Setting step size to 0.00174

Setting step size to 0.00545

Setting step size to 0.00206

Setting step size to 0.00105

Setting step size to 0.00425

Setting step size to 0.0479

Setting step size to 0.0187

Setting step size to 0.0338

Setting step size to 0.0163

Setting step size to 0.00712

Setting step size to 0.0317

Setting step size to 0.0115

Setting step size to 0.00316

Setting step size to 0.00629

Setting step size to 0.00527

Setting step size to 0.0209

Setting step size to 0.00723

Setting step size to 0.00611

Setting step size to 0.00262

Setting step size to 0.00258

Setting step size to 0.00416

Setting step size to 0.00459

Setting step size to 0.0016

Setting step size to 0.00372

Setting step size to 0.00269

Setting step size to 0.00173

Setting step size to 0.00699

Setting step size to 0.00655

Setting step size to 0.0055

Setting step size to 0.000924

Setting step size to 0.00174

Setting step size to 0.00545

Setting step size to 0.00206

Setting step size to 0.00105

Setting step size to 0.00425

Setting step size to 0.0479

Setting step size to 0.0187

Setting step size to 0.0338

Setting step size to 0.0163

Setting step size to 0.00712

Setting step size to 0.0317

Setting step size to 0.0115

Setting step size to 0.00316

Setting step size to 0.00629

Setting step size to 0.00527

Setting step size to 0.0209

Setting step size to 0.00723

Setting step size to 0.00611

Setting step size to 0.00262

Setting step size to 0.00258

Setting step size to 0.00416

Setting step size to 0.00459

Setting step size to 0.0016

Setting step size to 0.00372

Setting step size to 0.00269

Setting step size to 0.00173

Setting step size to 0.00699

Setting step size to 0.00655

Setting step size to 0.0055

Setting step size to 0.000924

Setting step size to 0.00174

Setting step size to 0.00545

Setting step size to 0.00206

Setting step size to 0.00105

Setting step size to 0.00425

Setting step size to 0.0479

Setting step size to 0.0187

Setting step size to 0.0338

Setting step size to 0.0163

Setting step size to 0.00712

Setting step size to 0.0317

Setting step size to 0.0115

Setting step size to 0.00316

Setting step size to 0.00629

Setting step size to 0.00527

Setting step size to 0.0209

Setting step size to 0.00723

Setting step size to 0.00611

Setting step size to 0.00262

Setting step size to 0.00258

Setting step size to 0.00416

Setting step size to 0.00459

Setting step size to 0.0016

Setting step size to 0.00372

Setting step size to 0.00269

Setting step size to 0.00173

Setting step size to 0.00699

Setting step size to 0.00655

Setting step size to 0.0055

Setting step size to 0.000924

Setting step size to 0.00174

Setting step size to 0.00545

Setting step size to 0.00206

Setting step size to 0.00105

Setting step size to 0.00425

Setting step size to 0.0479

Setting step size to 0.0187

Setting step size to 0.0338

Setting step size to 0.0163

Setting step size to 0.00712

Setting step size to 0.0317

Setting step size to 0.0115

Setting step size to 0.00316

Setting step size to 0.00629

Setting step size to 0.00527

Setting step size to 0.0209

Setting step size to 0.00723

Setting step size to 0.00611

Setting step size to 0.00262

Setting step size to 0.00258

Setting step size to 0.00416

Setting step size to 0.00459

Setting step size to 0.0016

Setting step size to 0.00372

Setting step size to 0.00269

Setting step size to 0.00173

Setting step size to 0.00699

Setting step size to 0.00655

Setting step size to 0.0055

Setting step size to 0.000924

Setting step size to 0.00174

Setting step size to 0.00545

Setting step size to 0.00206

Setting step size to 0.00105

Setting step size to 0.00425

Setting step size to 0.0479

Setting step size to 0.0187

Setting step size to 0.0338

Setting step size to 0.0163

Setting step size to 0.00712

Setting step size to 0.0317

Setting step size to 0.0115

Setting step size to 0.00316

Setting step size to 0.00629

Setting step size to 0.00527

Setting step size to 0.0209

Setting step size to 0.00723

Setting step size to 0.00611

Setting step size to 0.00262

Setting step size to 0.00258

Setting step size to 0.00416

Setting step size to 0.00459

Setting step size to 0.0016

Setting step size to 0.00372

Setting step size to 0.00269

Setting step size to 0.00173

Setting step size to 0.00699

Setting step size to 0.00655

Setting step size to 0.0055

Setting step size to 0.000924

Setting step size to 0.00174

Setting step size to 0.00545

Setting step size to 0.00206

Setting step size to 0.00105

Setting step size to 0.00425

Setting step size to 0.0479

Setting step size to 0.0187

Setting step size to 0.0338

Setting step size to 0.0163

Setting step size to 0.00712

Setting step size to 0.0317

Setting step size to 0.0115

Setting step size to 0.00316

Setting step size to 0.00629

Setting step size to 0.00527

Setting step size to 0.0209

Setting step size to 0.00723

Setting step size to 0.00611

Setting step size to 0.00262

Setting step size to 0.00258

Setting step size to 0.00416

Setting step size to 0.00459

Setting step size to 0.0016

Setting step size to 0.00372

Setting step size to 0.00269

Setting step size to 0.00173

Setting step size to 0.00699

Setting step size to 0.00655

Setting step size to 0.0055

Setting step size to 0.000924

Setting step size to 0.00174

Setting step size to 0.00545

Setting step size to 0.00206

Setting step size to 0.00105

Setting step size to 0.00425

Setting step size to 0.0479

Setting step size to 0.0187

Setting step size to 0.0338

Setting step size to 0.0163

Setting step size to 0.00712

Setting step size to 0.0317

Setting step size to 0.0115

Setting step size to 0.00316

Setting step size to 0.00629

Setting step size to 0.00527

Setting step size to 0.0209

Setting step size to 0.00723

Setting step size to 0.00611

Setting step size to 0.00262

Setting step size to 0.00258

Setting step size to 0.00416

Setting step size to 0.00459

Setting step size to 0.0016

Setting step size to 0.00372

Setting step size to 0.00269

Setting step size to 0.00173

Setting step size to 0.00699

Setting step size to 0.00655

Setting step size to 0.0055

Setting step size to 0.000924

Setting step size to 0.00174

Setting step size to 0.00545

Setting step size to 0.00206

Setting step size to 0.00105

Setting step size to 0.00425

Setting step size to 0.0479

Setting step size to 0.0187

Setting step size to 0.0338

Setting step size to 0.0163

Setting step size to 0.00712

Setting step size to 0.0317

Setting step size to 0.0115

Setting step size to 0.00316

Setting step size to 0.00629

Setting step size to 0.00527

Setting step size to 0.0209

Setting step size to 0.00723

Setting step size to 0.00611

Setting step size to 0.00262

Setting step size to 0.00258

Setting step size to 0.00416

Setting step size to 0.00459

Setting step size to 0.0016

Setting step size to 0.00372

Setting step size to 0.00269

Setting step size to 0.00173

Setting step size to 0.00699

Setting step size to 0.00655

Setting step size to 0.0055

Setting step size to 0.000924

Setting step size to 0.00174

Setting step size to 0.00545

Setting step size to 0.00206

Setting step size to 0.00105

Setting step size to 0.00425

Setting step size to 0.0479

Setting step size to 0.0187

Setting step size to 0.0338

Setting step size to 0.0163

Setting step size to 0.00712

Setting step size to 0.0317

Setting step size to 0.0115

Setting step size to 0.00316

Setting step size to 0.00629

Setting step size to 0.00527

Setting step size to 0.0209

Setting step size to 0.00723

Setting step size to 0.00611

Setting step size to 0.00262

Setting step size to 0.00258

Setting step size to 0.00416

Setting step size to 0.00459

Setting step size to 0.0016

Setting step size to 0.00372

Setting step size to 0.00269

Setting step size to 0.00173

Setting step size to 0.00699

Setting step size to 0.00655

Setting step size to 0.0055

Setting step size to 0.000924

Setting step size to 0.00174

Setting step size to 0.00545

Setting step size to 0.00206

Setting step size to 0.00105

Setting step size to 0.00425

Setting step size to 0.0479

Setting step size to 0.0187

Setting step size to 0.0338

Setting step size to 0.0163

Setting step size to 0.00712

Setting step size to 0.0317

Setting step size to 0.0115

Setting step size to 0.00316

Setting step size to 0.00629

Setting step size to 0.00527

Setting step size to 0.0209

Setting step size to 0.00723

Setting step size to 0.00611

Setting step size to 0.00262

Setting step size to 0.00258

Setting step size to 0.00416

Setting step size to 0.00459

Setting step size to 0.0016

Setting step size to 0.00372

Setting step size to 0.00269

Setting step size to 0.00173

Setting step size to 0.00699

Setting step size to 0.00655

Setting step size to 0.0055

Setting step size to 0.000924

Setting step size to 0.00174

Setting step size to 0.00545

Setting step size to 0.00206

Setting step size to 0.00105

Setting step size to 0.00425

Setting step size to 0.0479

Setting step size to 0.0187

Setting step size to 0.0338

Setting step size to 0.0163

Setting step size to 0.00712

Setting step size to 0.0317

Setting step size to 0.0115

Setting step size to 0.00316

Setting step size to 0.00629

Setting step size to 0.00527

Setting step size to 0.0209

Setting step size to 0.00723

Setting step size to 0.00611

Setting step size to 0.00262

Setting step size to 0.00258

Setting step size to 0.00416

Setting step size to 0.00459

Setting step size to 0.0016

Setting step size to 0.00372

Setting step size to 0.00269

Setting step size to 0.00173

Setting step size to 0.00699

Setting step size to 0.00655

Setting step size to 0.0055

Setting step size to 0.000924

Setting step size to 0.00174

Setting step size to 0.00545

Setting step size to 0.00206

Setting step size to 0.00105

Setting step size to 0.00425

Setting step size to 0.0479

Setting step size to 0.0187

Setting step size to 0.0338

Setting step size to 0.0163

Setting step size to 0.00712

Setting step size to 0.0317

Setting step size to 0.0115

Setting step size to 0.00316

Setting step size to 0.00629

Setting step size to 0.00527

Setting step size to 0.0209

Setting step size to 0.00723

Setting step size to 0.00611

Setting step size to 0.00262

Setting step size to 0.00258

Setting step size to 0.00416

Setting step size to 0.00459

Setting step size to 0.0016

Setting step size to 0.00372

Setting step size to 0.00269

Setting step size to 0.00173

Setting step size to 0.00699

Setting step size to 0.00655

Setting step size to 0.0055

Setting step size to 0.000924

Setting step size to 0.00174

Setting step size to 0.00545

Setting step size to 0.00206

Setting step size to 0.00105

Setting step size to 0.00425

Setting step size to 0.0479

Setting step size to 0.0187

Setting step size to 0.0338

Setting step size to 0.0163

Setting step size to 0.00712

Setting step size to 0.0317

Setting step size to 0.0115

Setting step size to 0.00316

Setting step size to 0.00629

Setting step size to 0.00527

Setting step size to 0.0209

Setting step size to 0.00723

Setting step size to 0.00611

Setting step size to 0.00262

Setting step size to 0.00258

Setting step size to 0.00416

Setting step size to 0.00459

Setting step size to 0.0016

Setting step size to 0.00372

Setting step size to 0.00269

Setting step size to 0.00173

Setting step size to 0.00699

Setting step size to 0.00655

Setting step size to 0.0055

Setting step size to 0.000924

Setting step size to 0.00174

Setting step size to 0.00545

Setting step size to 0.00206

Setting step size to 0.00105

Setting step size to 0.00425

Setting step size to 0.0479

Setting step size to 0.0187

Setting step size to 0.0338

Setting step size to 0.0163

Setting step size to 0.00712

Setting step size to 0.0317

Setting step size to 0.0115

Setting step size to 0.00316

Setting step size to 0.00629

Setting step size to 0.00527

Setting step size to 0.0209

Setting step size to 0.00723

Setting step size to 0.00611

Setting step size to 0.00262

Setting step size to 0.00258

Setting step size to 0.00416

Setting step size to 0.00459

Setting step size to 0.0016

Setting step size to 0.00372

Setting step size to 0.00269

Setting step size to 0.00173

Setting step size to 0.00699

Setting step size to 0.00655

Setting step size to 0.0055

Setting step size to 0.000924

Setting step size to 0.00174

Setting step size to 0.00545

Setting step size to 0.00206

Setting step size to 0.00105

Setting step size to 0.00425

Setting step size to 0.0479

Setting step size to 0.0187

Setting step size to 0.0338

Setting step size to 0.0163

Setting step size to 0.00712

Setting step size to 0.0317

Setting step size to 0.0115

Setting step size to 0.00316

Setting step size to 0.00629

Setting step size to 0.00527

Setting step size to 0.0209

Setting step size to 0.00723

Setting step size to 0.00611

Setting step size to 0.00262

Setting step size to 0.00258

Setting step size to 0.00416

Setting step size to 0.00459

Setting step size to 0.0016

Setting step size to 0.00372

Setting step size to 0.00269

Setting step size to 0.00173

Setting step size to 0.00699

Setting step size to 0.00655

Setting step size to 0.0055

Setting step size to 0.000924

Setting step size to 0.00174

Setting step size to 0.00545

Setting step size to 0.00206

Setting step size to 0.00105

Setting step size to 0.00425

Setting step size to 0.0479

Setting step size to 0.0187

Setting step size to 0.0338

Setting step size to 0.0163

Setting step size to 0.00712

Setting step size to 0.0317

Setting step size to 0.0115

Setting step size to 0.00316

Setting step size to 0.00629

Setting step size to 0.00527

Setting step size to 0.0209

Setting step size to 0.00723

Setting step size to 0.00611

Setting step size to 0.00262

Setting step size to 0.00258

Setting step size to 0.00416

Setting step size to 0.00459

Setting step size to 0.0016

Setting step size to 0.00372

Setting step size to 0.00269

Setting step size to 0.00173

Setting step size to 0.00699

Setting step size to 0.00655

Setting step size to 0.0055

Setting step size to 0.000924

Setting step size to 0.00174

Setting step size to 0.00545

Setting step size to 0.00206

Setting step size to 0.00105

Setting step size to 0.00425

Setting step size to 0.0479

Setting step size to 0.0187

Setting step size to 0.0338

Setting step size to 0.0163

Setting step size to 0.00712

Setting step size to 0.0317

Setting step size to 0.0115

Setting step size to 0.00316

Setting step size to 0.00629

Setting step size to 0.00527

Setting step size to 0.0209

Setting step size to 0.00723

Setting step size to 0.00611

Setting step size to 0.00262

Setting step size to 0.00258

Setting step size to 0.00416

Setting step size to 0.00459

Setting step size to 0.0016

Setting step size to 0.00372

Setting step size to 0.00269

Setting step size to 0.00173

Setting step size to 0.00699

Setting step size to 0.00655

Setting step size to 0.0055

Setting step size to 0.000924

Setting step size to 0.00174

Setting step size to 0.00545

Setting step size to 0.00206

Setting step size to 0.00105

Setting step size to 0.00425

Setting step size to 0.0479

Setting step size to 0.0187

Setting step size to 0.0338

Setting step size to 0.0163

Setting step size to 0.00712

Setting step size to 0.0317

Setting step size to 0.0115

Setting step size to 0.00316

Setting step size to 0.00629

Setting step size to 0.00527

Setting step size to 0.0209

Setting step size to 0.00723

Setting step size to 0.00611

Setting step size to 0.00262

Setting step size to 0.00258

Setting step size to 0.00416

Setting step size to 0.00459

Setting step size to 0.0016

Setting step size to 0.00372

Setting step size to 0.00269

Setting step size to 0.00173

Setting step size to 0.00699

Setting step size to 0.00655

Setting step size to 0.0055

Setting step size to 0.000924

Setting step size to 0.00174

Setting step size to 0.00545

Setting step size to 0.00206

Setting step size to 0.00105

Setting step size to 0.00425

Setting step size to 0.0479

Setting step size to 0.0187

Setting step size to 0.0338

Setting step size to 0.0163

Setting step size to 0.00712

Setting step size to 0.0317

Setting step size to 0.0115

Setting step size to 0.00316

Setting step size to 0.00629

Setting step size to 0.00527

Setting step size to 0.0209

Setting step size to 0.00723

Setting step size to 0.00611

Setting step size to 0.00262

Setting step size to 0.00258

Setting step size to 0.00416

Setting step size to 0.00459

Setting step size to 0.0016

Setting step size to 0.00372

Setting step size to 0.00269

Setting step size to 0.00173

Setting step size to 0.00699

Setting step size to 0.00655

Setting step size to 0.0055

Setting step size to 0.000924

Setting step size to 0.00174

Setting step size to 0.00545

Setting step size to 0.00206

Setting step size to 0.00105

Setting step size to 0.00425

Setting step size to 0.0479

Setting step size to 0.0187

Setting step size to 0.0338

Setting step size to 0.0163

Setting step size to 0.00712

Setting step size to 0.0317

Setting step size to 0.0115

Setting step size to 0.00316

Setting step size to 0.00629

Setting step size to 0.00527

Setting step size to 0.0209

Setting step size to 0.00723

Setting step size to 0.00611

Setting step size to 0.00262

Setting step size to 0.00258

Setting step size to 0.00416

Setting step size to 0.00459

Setting step size to 0.0016

Setting step size to 0.00372

Setting step size to 0.00269

Setting step size to 0.00173

Setting step size to 0.00699

Setting step size to 0.00655

Setting step size to 0.0055

Setting step size to 0.000924

Setting step size to 0.00174

Setting step size to 0.00545

Setting step size to 0.00206

Setting step size to 0.00105

Setting step size to 0.00425

Setting step size to 0.0479

Setting step size to 0.0187

Setting step size to 0.0338

Setting step size to 0.0163

Setting step size to 0.00712

Setting step size to 0.0317

Setting step size to 0.0115

Setting step size to 0.00316

Setting step size to 0.00629

Setting step size to 0.00527

Setting step size to 0.0209

Setting step size to 0.00723

Setting step size to 0.00611

Setting step size to 0.00262

Setting step size to 0.00258

Setting step size to 0.00416

Setting step size to 0.00459

Setting step size to 0.0016

Setting step size to 0.00372

Setting step size to 0.00269

Setting step size to 0.00173

Setting step size to 0.00699

Setting step size to 0.00655

Setting step size to 0.0055

Setting step size to 0.000924

Setting step size to 0.00174

Setting step size to 0.00545

Setting step size to 0.00206

Setting step size to 0.00105

Setting step size to 0.00425

Setting step size to 0.0479

Setting step size to 0.0187

Setting step size to 0.0338

Setting step size to 0.0163

Setting step size to 0.00712

Setting step size to 0.0317

Setting step size to 0.0115

Setting step size to 0.00316

Setting step size to 0.00629

Setting step size to 0.00527

Setting step size to 0.0209

Setting step size to 0.00723

Setting step size to 0.00611

Setting step size to 0.00262

Setting step size to 0.00258

Setting step size to 0.00416

Setting step size to 0.00459

Setting step size to 0.0016

Setting step size to 0.00372

Setting step size to 0.00269

Setting step size to 0.00173

Setting step size to 0.00699

Setting step size to 0.00655

Setting step size to 0.0055

Setting step size to 0.000924

Setting step size to 0.00174

Setting step size to 0.00545

Setting step size to 0.00206

Setting step size to 0.00105

Setting step size to 0.00425

Setting step size to 0.0479

Setting step size to 0.0187

Setting step size to 0.0338

Setting step size to 0.0163

Setting step size to 0.00712

Setting step size to 0.0317

Setting step size to 0.0115

Setting step size to 0.00316

Setting step size to 0.00629

Setting step size to 0.00527

Setting step size to 0.0209

Setting step size to 0.00723

Setting step size to 0.00611

Setting step size to 0.00262

Setting step size to 0.00258

Setting step size to 0.00416

Setting step size to 0.00459

Setting step size to 0.0016

Setting step size to 0.00372

Setting step size to 0.00269

Setting step size to 0.00173

Setting step size to 0.00699

Setting step size to 0.00655

Setting step size to 0.0055

Setting step size to 0.000924

Setting step size to 0.00174

Setting step size to 0.00545

Setting step size to 0.00206

Setting step size to 0.00105

Setting step size to 0.00425

Setting step size to 0.0479

Setting step size to 0.0187

Setting step size to 0.0338

Setting step size to 0.0163

Setting step size to 0.00712

Setting step size to 0.0317

Setting step size to 0.0115

Setting step size to 0.00316

Setting step size to 0.00629

Setting step size to 0.00527

Setting step size to 0.0209

Setting step size to 0.00723

Setting step size to 0.00611

Setting step size to 0.00262

Setting step size to 0.00258

Setting step size to 0.00416

Setting step size to 0.00459

Setting step size to 0.0016

Setting step size to 0.00372

Setting step size to 0.00269

Setting step size to 0.00173

Setting step size to 0.00699

Setting step size to 0.00655

Setting step size to 0.0055

Setting step size to 0.000924

Setting step size to 0.00174

Setting step size to 0.00545

Setting step size to 0.00206

Setting step size to 0.00105

Setting step size to 0.00425

Setting step size to 0.0479

Setting step size to 0.0187

Setting step size to 0.0338

Setting step size to 0.0163

Setting step size to 0.00712

Setting step size to 0.0317

Setting step size to 0.0115

Setting step size to 0.00316

Setting step size to 0.00629

Setting step size to 0.00527

Setting step size to 0.0209

Setting step size to 0.00723

Setting step size to 0.00611

Setting step size to 0.00262

Setting step size to 0.00258

Setting step size to 0.00416

Setting step size to 0.00459

Setting step size to 0.0016

Setting step size to 0.00372

Setting step size to 0.00269

Setting step size to 0.00173

Setting step size to 0.00699

Setting step size to 0.00655

Setting step size to 0.0055

Setting step size to 0.000924

Setting step size to 0.00174

Setting step size to 0.00545

Setting step size to 0.00206

Setting step size to 0.00105

Setting step size to 0.00425

Setting step size to 0.0479

Setting step size to 0.0187

Setting step size to 0.0338

Setting step size to 0.0163

Setting step size to 0.00712

Setting step size to 0.0317

Setting step size to 0.0115

Setting step size to 0.00316

Setting step size to 0.00629

Setting step size to 0.00527

Setting step size to 0.0209

Setting step size to 0.00723

Setting step size to 0.00611

Setting step size to 0.00262

Setting step size to 0.00258

Setting step size to 0.00416

Setting step size to 0.00459

Setting step size to 0.0016

Setting step size to 0.00372

Setting step size to 0.00269

Setting step size to 0.00173

Setting step size to 0.00699

Setting step size to 0.00655

Setting step size to 0.0055

Setting step size to 0.000924

Setting step size to 0.00174

Setting step size to 0.00545

Setting step size to 0.00206

Setting step size to 0.00105

Setting step size to 0.00425

Setting step size to 0.0479

Setting step size to 0.0187

Setting step size to 0.0338

Setting step size to 0.0163

Setting step size to 0.00712

Setting step size to 0.0317

Setting step size to 0.0115

Setting step size to 0.00316

Setting step size to 0.00629

Setting step size to 0.00527

Setting step size to 0.0209

Setting step size to 0.00723

Setting step size to 0.00611

Setting step size to 0.00262

Setting step size to 0.00258

Setting step size to 0.00416

Setting step size to 0.00459

Setting step size to 0.0016

Setting step size to 0.00372

Setting step size to 0.00269

Setting step size to 0.00173

Setting step size to 0.00699

Setting step size to 0.00655

Setting step size to 0.0055

Setting step size to 0.000924

Setting step size to 0.00174

Setting step size to 0.00545

Setting step size to 0.00206

Setting step size to 0.00105

Setting step size to 0.00425

Setting step size to 0.0479

Setting step size to 0.0187

Setting step size to 0.0338

Setting step size to 0.0163

Setting step size to 0.00712

Setting step size to 0.0317

Setting step size to 0.0115

Setting step size to 0.00316

Setting step size to 0.00629

Setting step size to 0.00527

Setting step size to 0.0209

Setting step size to 0.00723

Setting step size to 0.00611

Setting step size to 0.00262

Setting step size to 0.00258

Setting step size to 0.00416

Setting step size to 0.00459

Setting step size to 0.0016

Setting step size to 0.00372

Setting step size to 0.00269

Setting step size to 0.00173

Setting step size to 0.00699

Setting step size to 0.00655

Setting step size to 0.0055

Setting step size to 0.000924

Setting step size to 0.00174

Setting step size to 0.00545

Setting step size to 0.00206

Setting step size to 0.00105

Setting step size to 0.00425

Setting step size to 0.0479

Setting step size to 0.0187

Setting step size to 0.0338

Setting step size to 0.0163

Setting step size to 0.00712

Setting step size to 0.0317

Setting step size to 0.0115

Setting step size to 0.00316

Setting step size to 0.00629

Setting step size to 0.00527

Setting step size to 0.0209

Setting step size to 0.00723

Setting step size to 0.00611

Setting step size to 0.00262

Setting step size to 0.00258

Setting step size to 0.00416

Setting step size to 0.00459

Setting step size to 0.0016

Setting step size to 0.00372

Setting step size to 0.00269

Setting step size to 0.00173

Setting step size to 0.00699

Setting step size to 0.00655

Setting step size to 0.0055

Setting step size to 0.000924

Setting step size to 0.00174

Setting step size to 0.00545

Setting step size to 0.00206

Setting step size to 0.00105

Setting step size to 0.00425

Setting step size to 0.0479

Setting step size to 0.0187

Setting step size to 0.0338

Setting step size to 0.0163

Setting step size to 0.00712

Setting step size to 0.0317

Setting step size to 0.0115

Setting step size to 0.00316

Setting step size to 0.00629

Setting step size to 0.00527

Setting step size to 0.0209

Setting step size to 0.00723

Setting step size to 0.00611

Setting step size to 0.00262

Setting step size to 0.00258

Setting step size to 0.00416

Setting step size to 0.00459

Setting step size to 0.0016

Setting step size to 0.00372

Setting step size to 0.00269

Setting step size to 0.00173

Setting step size to 0.00699

Setting step size to 0.00655

Setting step size to 0.0055

Setting step size to 0.000924

Setting step size to 0.00174

Setting step size to 0.00545

Setting step size to 0.00206

Setting step size to 0.00105

Setting step size to 0.00425

Setting step size to 0.0479

Setting step size to 0.0187

Setting step size to 0.0338

Setting step size to 0.0163

Setting step size to 0.00712

Setting step size to 0.0317

Setting step size to 0.0115

Setting step size to 0.00316

Setting step size to 0.00629

Setting step size to 0.00527

Setting step size to 0.0209

Setting step size to 0.00723

Setting step size to 0.00611

Setting step size to 0.00262

Setting step size to 0.00258

Setting step size to 0.00416

Setting step size to 0.00459

Setting step size to 0.0016

Setting step size to 0.00372

Setting step size to 0.00269

Setting step size to 0.00173

Setting step size to 0.00699

Setting step size to 0.00655

Setting step size to 0.0055

Setting step size to 0.000924

Setting step size to 0.00174

Setting step size to 0.00545

Setting step size to 0.00206

Setting step size to 0.00105

Setting step size to 0.00425

Setting step size to 0.0479

Setting step size to 0.0187

Setting step size to 0.0338

Setting step size to 0.0163

Setting step size to 0.00712

Setting step size to 0.0317

Setting step size to 0.0115

Setting step size to 0.00316

Setting step size to 0.00629

Setting step size to 0.00527

Setting step size to 0.0209

Setting step size to 0.00723

Setting step size to 0.00611

Setting step size to 0.00262

Setting step size to 0.00258

Setting step size to 0.00416

Setting step size to 0.00459

Setting step size to 0.0016

Setting step size to 0.00372

Setting step size to 0.00269

Setting step size to 0.00173

Setting step size to 0.00699

Setting step size to 0.00655

Setting step size to 0.0055

Setting step size to 0.000924

Setting step size to 0.00174

Setting step size to 0.00545

Setting step size to 0.00206

Setting step size to 0.00105

Setting step size to 0.00425

Setting step size to 0.0479

Setting step size to 0.0187

Setting step size to 0.0338

Setting step size to 0.0163

Setting step size to 0.00712

Setting step size to 0.0317

Setting step size to 0.0115

Setting step size to 0.00316

Setting step size to 0.00629

Setting step size to 0.00527

Setting step size to 0.0209

Setting step size to 0.00723

Setting step size to 0.00611

Setting step size to 0.00262

Setting step size to 0.00258

Setting step size to 0.00416

Setting step size to 0.00459

Setting step size to 0.0016

Setting step size to 0.00372

Setting step size to 0.00269

Setting step size to 0.00173

Setting step size to 0.00699

Setting step size to 0.00655

Setting step size to 0.0055

Setting step size to 0.000924

Setting step size to 0.00174

Setting step size to 0.00545

Setting step size to 0.00206

Setting step size to 0.00105

Setting step size to 0.00425

Setting step size to 0.0479

Setting step size to 0.0187

Setting step size to 0.0338

Setting step size to 0.0163

Setting step size to 0.00712

Setting step size to 0.0317

Setting step size to 0.0115

Setting step size to 0.00316

Setting step size to 0.00629

Setting step size to 0.00527

Setting step size to 0.0209

Setting step size to 0.00723

Setting step size to 0.00611

Setting step size to 0.00262

Setting step size to 0.00258

Setting step size to 0.00416

Setting step size to 0.00459

Setting step size to 0.0016

Setting step size to 0.00372

Setting step size to 0.00269

Setting step size to 0.00173

Setting step size to 0.00699

Setting step size to 0.00655

Setting step size to 0.0055

Setting step size to 0.000924

Setting step size to 0.00174

Setting step size to 0.00545

Setting step size to 0.00206

Setting step size to 0.00105

Setting step size to 0.00425

Setting step size to 0.0479

Setting step size to 0.0187

Setting step size to 0.0338

Setting step size to 0.0163

Setting step size to 0.00712

Setting step size to 0.0317

Setting step size to 0.0115

Setting step size to 0.00316

Setting step size to 0.00629

Setting step size to 0.00527

Setting step size to 0.0209

Setting step size to 0.00723

Setting step size to 0.00611

Setting step size to 0.00262

Setting step size to 0.00258

Setting step size to 0.00416

Setting step size to 0.00459

Setting step size to 0.0016

Setting step size to 0.00372

Setting step size to 0.00269

Setting step size to 0.00173

Setting step size to 0.00699

Setting step size to 0.00655

Setting step size to 0.0055

Setting step size to 0.000924

Setting step size to 0.00174

Setting step size to 0.00545

Setting step size to 0.00206

Setting step size to 0.00105

Setting step size to 0.00425

Setting step size to 0.0479

Setting step size to 0.0187

Setting step size to 0.0338

Setting step size to 0.0163

Setting step size to 0.00712

Setting step size to 0.0317

Setting step size to 0.0115

Setting step size to 0.00316

Setting step size to 0.00629

Setting step size to 0.00527

Setting step size to 0.0209

Setting step size to 0.00723

Setting step size to 0.00611

Setting step size to 0.00262

Setting step size to 0.00258

Setting step size to 0.00416

Setting step size to 0.00459

Setting step size to 0.0016

Setting step size to 0.00372

Setting step size to 0.00269

Setting step size to 0.00173

Setting step size to 0.00699

Setting step size to 0.00655

Setting step size to 0.0055

Setting step size to 0.000924

Setting step size to 0.00174

Setting step size to 0.00545

Setting step size to 0.00206

Setting step size to 0.00105

Setting step size to 0.00425

Setting step size to 0.0479

Setting step size to 0.0187

Setting step size to 0.0338

Setting step size to 0.0163

Setting step size to 0.00712

Setting step size to 0.0317

Setting step size to 0.0115

Setting step size to 0.00316

Setting step size to 0.00629

Setting step size to 0.00527

Setting step size to 0.0209

Setting step size to 0.00723

Setting step size to 0.00611

Setting step size to 0.00262

Setting step size to 0.00258

Setting step size to 0.00416

Setting step size to 0.00459

Setting step size to 0.0016

Setting step size to 0.00372

Setting step size to 0.00269

Setting step size to 0.00173

Setting step size to 0.00699

Setting step size to 0.00655

Setting step size to 0.0055

Setting step size to 0.000924

Setting step size to 0.00174

Setting step size to 0.00545

Setting step size to 0.00206

Setting step size to 0.00105

Setting step size to 0.00425

Setting step size to 0.0479

Setting step size to 0.0187

Setting step size to 0.0338

Setting step size to 0.0163

Setting step size to 0.00712

Setting step size to 0.0317

Setting step size to 0.0115

Setting step size to 0.00316

Setting step size to 0.00629

Setting step size to 0.00527

Setting step size to 0.0209

Setting step size to 0.00723

Setting step size to 0.00611

Setting step size to 0.00262

Setting step size to 0.00258

Setting step size to 0.00416

Setting step size to 0.00459

Setting step size to 0.0016

Setting step size to 0.00372

Setting step size to 0.00269

Setting step size to 0.00173

Setting step size to 0.00699

Setting step size to 0.00655

Setting step size to 0.0055

Setting step size to 0.000924

Setting step size to 0.00174

Setting step size to 0.00545

Setting step size to 0.00206

Setting step size to 0.00105

Setting step size to 0.00425

Setting step size to 0.0479

Setting step size to 0.0187

Setting step size to 0.0338

Setting step size to 0.0163

Setting step size to 0.00712

Setting step size to 0.0317

Setting step size to 0.0115

Setting step size to 0.00316

Setting step size to 0.00629

Setting step size to 0.00527

Setting step size to 0.0209

Setting step size to 0.00723

Setting step size to 0.00611

Setting step size to 0.00262

Setting step size to 0.00258

Setting step size to 0.00416

Setting step size to 0.00459

Setting step size to 0.0016

Setting step size to 0.00372

Setting step size to 0.00269

Setting step size to 0.00173

Setting step size to 0.00699

Setting step size to 0.00655

Setting step size to 0.0055

Setting step size to 0.000924

Setting step size to 0.00174

Setting step size to 0.00545

Setting step size to 0.00206

Setting step size to 0.00105

Setting step size to 0.00425

Setting step size to 0.0479

Setting step size to 0.0187

Setting step size to 0.0338

Setting step size to 0.0163

Setting step size to 0.00712

Setting step size to 0.0317

Setting step size to 0.0115

Setting step size to 0.00316

Setting step size to 0.00629

Setting step size to 0.00527

Setting step size to 0.0209

Setting step size to 0.00723

Setting step size to 0.00611

Setting step size to 0.00262

Setting step size to 0.00258

Setting step size to 0.00416

Setting step size to 0.00459

Setting step size to 0.0016

Setting step size to 0.00372

Setting step size to 0.00269

Setting step size to 0.00173

Setting step size to 0.00699

Setting step size to 0.00655

Setting step size to 0.0055

Setting step size to 0.000924

Setting step size to 0.00174

Setting step size to 0.00545

Setting step size to 0.00206

Setting step size to 0.00105

Setting step size to 0.00425

Setting step size to 0.0479

Setting step size to 0.0187

Setting step size to 0.0338

Setting step size to 0.0163

Setting step size to 0.00712

Setting step size to 0.0317

Setting step size to 0.0115

Setting step size to 0.00316

Setting step size to 0.00629

Setting step size to 0.00527

Setting step size to 0.0209

Setting step size to 0.00723

Setting step size to 0.00611

Setting step size to 0.00262

Setting step size to 0.00258

Setting step size to 0.00416

Setting step size to 0.00459

Setting step size to 0.0016

Setting step size to 0.00372

Setting step size to 0.00269

Setting step size to 0.00173

Setting step size to 0.00699

Setting step size to 0.00655

Setting step size to 0.0055

Setting step size to 0.000924

Setting step size to 0.00174

Setting step size to 0.00545

Setting step size to 0.00206

Setting step size to 0.00105

Setting step size to 0.00425

Setting step size to 0.0479

Setting step size to 0.0187

Setting step size to 0.0338

Setting step size to 0.0163

Setting step size to 0.00712

Setting step size to 0.0317

Setting step size to 0.0115

Setting step size to 0.00316

Setting step size to 0.00629

Setting step size to 0.00527

Setting step size to 0.0209

Setting step size to 0.00723

Setting step size to 0.00611

Setting step size to 0.00262

Setting step size to 0.00258

Setting step size to 0.00416

Setting step size to 0.00459

Setting step size to 0.0016

Setting step size to 0.00372

Setting step size to 0.00269

Setting step size to 0.00173

Setting step size to 0.00699

Setting step size to 0.00655

Setting step size to 0.0055

Setting step size to 0.000924

Setting step size to 0.00174

Setting step size to 0.00545

Setting step size to 0.00206

Setting step size to 0.00105

Setting step size to 0.00425

Setting step size to 0.0479

Setting step size to 0.0187

Setting step size to 0.0338

Setting step size to 0.0163

Setting step size to 0.00712

Setting step size to 0.0317

Setting step size to 0.0115

Setting step size to 0.00316

Setting step size to 0.00629

Setting step size to 0.00527

Setting step size to 0.0209

Setting step size to 0.00723

Setting step size to 0.00611

Setting step size to 0.00262

Setting step size to 0.00258

Setting step size to 0.00416

Setting step size to 0.00459

Setting step size to 0.0016

Setting step size to 0.00372

Setting step size to 0.00269

Setting step size to 0.00173

Setting step size to 0.00699

Setting step size to 0.00655

Setting step size to 0.0055

Setting step size to 0.000924

Setting step size to 0.00174

Setting step size to 0.00545

Setting step size to 0.00206

Setting step size to 0.00105

Setting step size to 0.00425

Setting step size to 0.0479

Setting step size to 0.0187

Setting step size to 0.0338

Setting step size to 0.0163

Setting step size to 0.00712

Setting step size to 0.0317

Setting step size to 0.0115

Setting step size to 0.00316

Setting step size to 0.00629

Setting step size to 0.00527

Setting step size to 0.0209

Setting step size to 0.00723

Setting step size to 0.00611

Setting step size to 0.00262

Setting step size to 0.00258

Setting step size to 0.00416

Setting step size to 0.00459

Setting step size to 0.0016

Setting step size to 0.00372

Setting step size to 0.00269

Setting step size to 0.00173

Setting step size to 0.00699

Setting step size to 0.00655

Setting step size to 0.0055

Setting step size to 0.000924

Setting step size to 0.00174

Setting step size to 0.00545

Setting step size to 0.00206

Setting step size to 0.00105

Setting step size to 0.00425

Setting step size to 0.0479

Setting step size to 0.0187

Setting step size to 0.0338

Setting step size to 0.0163

Setting step size to 0.00712

Setting step size to 0.0317

Setting step size to 0.0115

Setting step size to 0.00316

Setting step size to 0.00629

Setting step size to 0.00527

Setting step size to 0.0209

Setting step size to 0.00723

Setting step size to 0.00611

Setting step size to 0.00262

Setting step size to 0.00258

Setting step size to 0.00416

Setting step size to 0.00459

Setting step size to 0.0016

Setting step size to 0.00372

Setting step size to 0.00269

Setting step size to 0.00173

Setting step size to 0.00699

Setting step size to 0.00655

Setting step size to 0.0055

Setting step size to 0.000924

Setting step size to 0.00174

Setting step size to 0.00545

Setting step size to 0.00206

Setting step size to 0.00105

Setting step size to 0.00425

Setting step size to 0.0479

Setting step size to 0.0187

Setting step size to 0.0338

Setting step size to 0.0163

Setting step size to 0.00712

Setting step size to 0.0317

Setting step size to 0.0115

Setting step size to 0.00316

Setting step size to 0.00629

Setting step size to 0.00527

Setting step size to 0.0209

Setting step size to 0.00723

Setting step size to 0.00611

Setting step size to 0.00262

Setting step size to 0.00258

Setting step size to 0.00416

Setting step size to 0.00459

Setting step size to 0.0016

Setting step size to 0.00372

Setting step size to 0.00269

Setting step size to 0.00173

Setting step size to 0.00699

Setting step size to 0.00655

Setting step size to 0.0055

Setting step size to 0.000924

Setting step size to 0.00174

Setting step size to 0.00545

Setting step size to 0.00206

Setting step size to 0.00105

Setting step size to 0.00425

Setting step size to 0.0479

Setting step size to 0.0187

Setting step size to 0.0338

Setting step size to 0.0163

Setting step size to 0.00712

Setting step size to 0.0317

Setting step size to 0.0115

Setting step size to 0.00316

Setting step size to 0.00629

Setting step size to 0.00527

Setting step size to 0.0209

Setting step size to 0.00723

Setting step size to 0.00611

Setting step size to 0.00262

Setting step size to 0.00258

Setting step size to 0.00416

Setting step size to 0.00459

Setting step size to 0.0016

Setting step size to 0.00372

Setting step size to 0.00269

Setting step size to 0.00173

Setting step size to 0.00699

Setting step size to 0.00655

Setting step size to 0.0055

Setting step size to 0.000924

Setting step size to 0.00174

Setting step size to 0.00545

Setting step size to 0.00206

Setting step size to 0.00105

Setting step size to 0.00425

Setting step size to 0.0479

Setting step size to 0.0187

Setting step size to 0.0338

Setting step size to 0.0163

Setting step size to 0.00712

Setting step size to 0.0317

Setting step size to 0.0115

Setting step size to 0.00316

Setting step size to 0.00629

Setting step size to 0.00527

Setting step size to 0.0209

Setting step size to 0.00723

Setting step size to 0.00611

Setting step size to 0.00262

Setting step size to 0.00258

Setting step size to 0.00416

Setting step size to 0.00459

Setting step size to 0.0016

Setting step size to 0.00372

Setting step size to 0.00269

Setting step size to 0.00173

Setting step size to 0.00699

Setting step size to 0.00655

Setting step size to 0.0055

Setting step size to 0.000924

Setting step size to 0.00174

Setting step size to 0.00545

Setting step size to 0.00206

Setting step size to 0.00105

Setting step size to 0.00425

Setting step size to 0.0479

Setting step size to 0.0187

Setting step size to 0.0338

Setting step size to 0.0163

Setting step size to 0.00712

Setting step size to 0.0317

Setting step size to 0.0115

Setting step size to 0.00316

Setting step size to 0.00629

Setting step size to 0.00527

Setting step size to 0.0209

Setting step size to 0.00723

Setting step size to 0.00611

Setting step size to 0.00262

Setting step size to 0.00258

Setting step size to 0.00416

Setting step size to 0.00459

Setting step size to 0.0016

Setting step size to 0.00372

Setting step size to 0.00269

Setting step size to 0.00173

Setting step size to 0.00699

Setting step size to 0.00655

Setting step size to 0.0055

Setting step size to 0.000924

Setting step size to 0.00174

Setting step size to 0.00545

Setting step size to 0.00206

Setting step size to 0.00105

Setting step size to 0.00425

Setting step size to 0.0479

Setting step size to 0.0187

Setting step size to 0.0338

Setting step size to 0.0163

Setting step size to 0.00712

Setting step size to 0.0317

Setting step size to 0.0115

Setting step size to 0.00316

Setting step size to 0.00629

Setting step size to 0.00527

Setting step size to 0.0209

Setting step size to 0.00723

Setting step size to 0.00611

Setting step size to 0.00262

Setting step size to 0.00258

Setting step size to 0.00416

Setting step size to 0.00459

Setting step size to 0.0016

Setting step size to 0.00372

Setting step size to 0.00269

Setting step size to 0.00173

Setting step size to 0.00699

Setting step size to 0.00655

Setting step size to 0.0055

Setting step size to 0.000924

Setting step size to 0.00174

Setting step size to 0.00545

Setting step size to 0.00206

Setting step size to 0.00105

Setting step size to 0.00425

Setting step size to 0.0479

Setting step size to 0.0187

Setting step size to 0.0338

Setting step size to 0.0163

Setting step size to 0.00712

Setting step size to 0.0317

Setting step size to 0.0115

Setting step size to 0.00316

Setting step size to 0.00629

Setting step size to 0.00527

Setting step size to 0.0209

Setting step size to 0.00723

Setting step size to 0.00611

Setting step size to 0.00262

Setting step size to 0.00258

Setting step size to 0.00416

Setting step size to 0.00459

Setting step size to 0.0016

Setting step size to 0.00372

Setting step size to 0.00269

Setting step size to 0.00173

Setting step size to 0.00699

Setting step size to 0.00655

Setting step size to 0.0055

Setting step size to 0.000924

Setting step size to 0.00174

Setting step size to 0.00545

Setting step size to 0.00206

Setting step size to 0.00105

Setting step size to 0.00425

Setting step size to 0.0479

Setting step size to 0.0187

Setting step size to 0.0338

Setting step size to 0.0163

Setting step size to 0.00712

Setting step size to 0.0317

Setting step size to 0.0115

Setting step size to 0.00316

Setting step size to 0.00629

Setting step size to 0.00527

Setting step size to 0.0209

Setting step size to 0.00723

Setting step size to 0.00611

Setting step size to 0.00262

Setting step size to 0.00258

Setting step size to 0.00416

Setting step size to 0.00459

Setting step size to 0.0016

Setting step size to 0.00372

Setting step size to 0.00269

Setting step size to 0.00173

Setting step size to 0.00699

Setting step size to 0.00655

Setting step size to 0.0055

Setting step size to 0.000924

Setting step size to 0.00174

Setting step size to 0.00545

Setting step size to 0.00206

Setting step size to 0.00105

Setting step size to 0.00425

Setting step size to 0.0479

Setting step size to 0.0187

Setting step size to 0.0338

Setting step size to 0.0163

Setting step size to 0.00712

Setting step size to 0.0317

Setting step size to 0.0115

Setting step size to 0.00316

Setting step size to 0.00629

Setting step size to 0.00527

Setting step size to 0.0209

Setting step size to 0.00723

Setting step size to 0.00611

Setting step size to 0.00262

Setting step size to 0.00258

Setting step size to 0.00416

Setting step size to 0.00459

Setting step size to 0.0016

Setting step size to 0.00372

Setting step size to 0.00269

Setting step size to 0.00173

Setting step size to 0.00699

Setting step size to 0.00655

Setting step size to 0.0055

Setting step size to 0.000924

Setting step size to 0.00174

Setting step size to 0.00545

Setting step size to 0.00206

Setting step size to 0.00105

Setting step size to 0.00425

Setting step size to 0.0479

Setting step size to 0.0187

Setting step size to 0.0338

Setting step size to 0.0163

Setting step size to 0.00712

Setting step size to 0.0317

Setting step size to 0.0115

Setting step size to 0.00316

Setting step size to 0.00629

Setting step size to 0.00527

Setting step size to 0.0209

Setting step size to 0.00723

Setting step size to 0.00611

Setting step size to 0.00262

Setting step size to 0.00258

Setting step size to 0.00416

Setting step size to 0.00459

Setting step size to 0.0016

Setting step size to 0.00372

Setting step size to 0.00269

Setting step size to 0.00173

Setting step size to 0.00699

Setting step size to 0.00655

Setting step size to 0.0055

Setting step size to 0.000924

Setting step size to 0.00174

Setting step size to 0.00545

Setting step size to 0.00206

Setting step size to 0.00105

Setting step size to 0.00425

Setting step size to 0.0479

Setting step size to 0.0187

Setting step size to 0.0338

Setting step size to 0.0163

Setting step size to 0.00712

Setting step size to 0.0317

Setting step size to 0.0115

Setting step size to 0.00316

Setting step size to 0.00629

Setting step size to 0.00527

Setting step size to 0.0209

Setting step size to 0.00723

Setting step size to 0.00611

Setting step size to 0.00262

Setting step size to 0.00258

Setting step size to 0.00416

Setting step size to 0.00459

Setting step size to 0.0016

Setting step size to 0.00372

Setting step size to 0.00269

Setting step size to 0.00173

Setting step size to 0.00699

Setting step size to 0.00655

Setting step size to 0.0055

Setting step size to 0.000924

Setting step size to 0.00174

Setting step size to 0.00545

Setting step size to 0.00206

Setting step size to 0.00105

Setting step size to 0.00425

Setting step size to 0.0479

Setting step size to 0.0187

Setting step size to 0.0338

Setting step size to 0.0163

Setting step size to 0.00712

Setting step size to 0.0317

Setting step size to 0.0115

Setting step size to 0.00316

Setting step size to 0.00629

Setting step size to 0.00527

Setting step size to 0.0209

Setting step size to 0.00723

Setting step size to 0.00611

Setting step size to 0.00262

Setting step size to 0.00258

Setting step size to 0.00416

Setting step size to 0.00459

Setting step size to 0.0016

Setting step size to 0.00372

Setting step size to 0.00269

Setting step size to 0.00173

Setting step size to 0.00699

Setting step size to 0.00655

Setting step size to 0.0055

Setting step size to 0.000924

Setting step size to 0.00174

Setting step size to 0.00545

Setting step size to 0.00206

Setting step size to 0.00105

Setting step size to 0.00425

Setting step size to 0.0479

Setting step size to 0.0187

Setting step size to 0.0338

Setting step size to 0.0163

Setting step size to 0.00712

Setting step size to 0.0317

Setting step size to 0.0115

Setting step size to 0.00316

Setting step size to 0.00629

Setting step size to 0.00527

Setting step size to 0.0209

Setting step size to 0.00723

Setting step size to 0.00611

Setting step size to 0.00262

Setting step size to 0.00258

Setting step size to 0.00416

Setting step size to 0.00459

Setting step size to 0.0016

Setting step size to 0.00372

Setting step size to 0.00269

Setting step size to 0.00173

Setting step size to 0.00699

Setting step size to 0.00655

Setting step size to 0.0055

Setting step size to 0.000924

Setting step size to 0.00174

Setting step size to 0.00545

Setting step size to 0.00206

Setting step size to 0.00105

Setting step size to 0.00425

Setting step size to 0.0479

Setting step size to 0.0187

Setting step size to 0.0338

Setting step size to 0.0163

Setting step size to 0.00712

Setting step size to 0.0317

Setting step size to 0.0115

Setting step size to 0.00316

Setting step size to 0.00629

Setting step size to 0.00527

Setting step size to 0.0209

Setting step size to 0.00723

Setting step size to 0.00611

Setting step size to 0.00262

Setting step size to 0.00258

Setting step size to 0.00416

Setting step size to 0.00459

Setting step size to 0.0016

Setting step size to 0.00372

Setting step size to 0.00269

Setting step size to 0.00173

Setting step size to 0.00699

Setting step size to 0.00655

Setting step size to 0.0055

Setting step size to 0.000924

Setting step size to 0.00174

Setting step size to 0.00545

Setting step size to 0.00206

Setting step size to 0.00105

Setting step size to 0.00425

Setting step size to 0.0479

Setting step size to 0.0187

Setting step size to 0.0338

Setting step size to 0.0163

Setting step size to 0.00712

Setting step size to 0.0317

Setting step size to 0.0115

Setting step size to 0.00316

Setting step size to 0.00629

Setting step size to 0.00527

Setting step size to 0.0209

Setting step size to 0.00723

Setting step size to 0.00611

Setting step size to 0.00262

Setting step size to 0.00258

Setting step size to 0.00416

Setting step size to 0.00459

Setting step size to 0.0016

Setting step size to 0.00372

Setting step size to 0.00269

Setting step size to 0.00173

Setting step size to 0.00699

Setting step size to 0.00655

Setting step size to 0.0055

Setting step size to 0.000924

Setting step size to 0.00174

Setting step size to 0.00545

Setting step size to 0.00206

Setting step size to 0.00105

Setting step size to 0.00425

Setting step size to 0.0479

Setting step size to 0.0187

Setting step size to 0.0338

Setting step size to 0.0163

Setting step size to 0.00712

Setting step size to 0.0317

Setting step size to 0.0115

Setting step size to 0.00316

Setting step size to 0.00629

Setting step size to 0.00527

Setting step size to 0.0209

Setting step size to 0.00723

Setting step size to 0.00611

Setting step size to 0.00262

Setting step size to 0.00258

Setting step size to 0.00416

Setting step size to 0.00459

Setting step size to 0.0016

Setting step size to 0.00372

Setting step size to 0.00269

Setting step size to 0.00173

Setting step size to 0.00699

Setting step size to 0.00655

Setting step size to 0.0055

Setting step size to 0.000924

Setting step size to 0.00174

Setting step size to 0.00545

Setting step size to 0.00206

Setting step size to 0.00105

Setting step size to 0.00425

