#-------------------------------------------------
#VMC run: timestep 1 nconfig 640 steps 100
#-------------------------------------------------


init { 
   label vmc
}
block { 
   label vmc
   totweight 64000
   nautocorr 0
   total_energy { -6.081654654200625   } 
   total_energyvar { 0.9074200188820694   } 
   weight { 1   } 
   weightvar { 0   } 
   kinetic_energy { 3.866189459381304   } 
   kinetic_energyvar { 4.822227054877069   } 
   potential_energy { -10.55075485480392   } 
   potential_energyvar { 6.609690708758181   } 
   nonlocal_energy { 0.6029107412219942   } 
   nonlocal_energyvar { 2.131544191490295   } 
   autocorr_energy { } 
} 

block { 
   label vmc
   totweight 64000
   nautocorr 0
   total_energy { -6.080300957023192   } 
   total_energyvar { 0.8402317651982155   } 
   weight { 1   } 
   weightvar { 0   } 
   kinetic_energy { 3.884143045998298   } 
   kinetic_energyvar { 4.946232522185725   } 
   potential_energy { -10.56502187979095   } 
   potential_energyvar { 6.870902828953855   } 
   nonlocal_energy { 0.6005778767694606   } 
   nonlocal_energyvar { 2.109074815455694   } 
   autocorr_energy { } 
} 

block { 
   label vmc
   totweight 64000
   nautocorr 0
   total_energy { -6.080155862925452   } 
   total_energyvar { 0.8177824406395031   } 
   weight { 1   } 
   weightvar { 0   } 
   kinetic_energy { 3.884972589546829   } 
   kinetic_energyvar { 4.952639420583916   } 
   potential_energy { -10.55650986887947   } 
   potential_energyvar { 6.648124908263197   } 
   nonlocal_energy { 0.5913814164071851   } 
   nonlocal_energyvar { 2.336632144714692   } 
   autocorr_energy { } 
} 

block { 
   label vmc
   totweight 64000
   nautocorr 0
   total_energy { -6.077344799425894   } 
   total_energyvar { 0.7959860591252003   } 
   weight { 1   } 
   weightvar { 0   } 
   kinetic_energy { 3.900442494499067   } 
   kinetic_energyvar { 4.875013802061993   } 
   potential_energy { -10.5763483026238   } 
   potential_energyvar { 6.825278531944876   } 
   nonlocal_energy { 0.5985610086988358   } 
   nonlocal_energyvar { 2.27165687708864   } 
   autocorr_energy { } 
} 

block { 
   label vmc
   totweight 64000
   nautocorr 0
   total_energy { -6.084743358875531   } 
   total_energyvar { 0.783103533102365   } 
   weight { 1   } 
   weightvar { 0   } 
   kinetic_energy { 3.868002847838874   } 
   kinetic_energyvar { 4.693095396501772   } 
   potential_energy { -10.55389560554714   } 
   potential_energyvar { 6.839534332814411   } 
   nonlocal_energy { 0.601149398832733   } 
   nonlocal_energyvar { 2.347396782195558   } 
   autocorr_energy { } 
} 

block { 
   label vmc
   totweight 64000
   nautocorr 0
   total_energy { -6.076119656602043   } 
   total_energyvar { 0.9143706962359547   } 
   weight { 1   } 
   weightvar { 0   } 
   kinetic_energy { 3.894101796083534   } 
   kinetic_energyvar { 4.804427901524779   } 
   potential_energy { -10.57166873171027   } 
   potential_energyvar { 6.766611584501386   } 
   nonlocal_energy { 0.6014472790246888   } 
   nonlocal_energyvar { 2.136202741071054   } 
   autocorr_energy { } 
} 

block { 
   label vmc
   totweight 64000
   nautocorr 0
   total_energy { -6.083432171611152   } 
   total_energyvar { 0.8016568407229934   } 
   weight { 1   } 
   weightvar { 0   } 
   kinetic_energy { 3.920732396538926   } 
   kinetic_energyvar { 4.848303914532423   } 
   potential_energy { -10.59689800023669   } 
   potential_energyvar { 6.851067951025612   } 
   nonlocal_energy { 0.5927334320866139   } 
   nonlocal_energyvar { 2.149918147279012   } 
   autocorr_energy { } 
} 

block { 
   label vmc
   totweight 64000
   nautocorr 0
   total_energy { -6.074193374053642   } 
   total_energyvar { 0.8495848804006157   } 
   weight { 1   } 
   weightvar { 0   } 
   kinetic_energy { 3.869894647811468   } 
   kinetic_energyvar { 4.825454412538395   } 
   potential_energy { -10.53380172872712   } 
   potential_energyvar { 6.757062401464399   } 
   nonlocal_energy { 0.5897137068620114   } 
   nonlocal_energyvar { 2.077955418006639   } 
   autocorr_energy { } 
} 

block { 
   label vmc
   totweight 64000
   nautocorr 0
   total_energy { -6.085580484132282   } 
   total_energyvar { 1.065304701085521   } 
   weight { 1   } 
   weightvar { 0   } 
   kinetic_energy { 3.8779575758695   } 
   kinetic_energyvar { 4.818614596888152   } 
   potential_energy { -10.55975754089218   } 
   potential_energyvar { 7.082160925682689   } 
   nonlocal_energy { 0.5962194808904009   } 
   nonlocal_energyvar { 2.296746721643454   } 
   autocorr_energy { } 
} 

block { 
   label vmc
   totweight 64000
   nautocorr 0
   total_energy { -6.082397991040088   } 
   total_energyvar { 0.8100960075859137   } 
   weight { 1   } 
   weightvar { 0   } 
   kinetic_energy { 3.860775671240912   } 
   kinetic_energyvar { 4.754168177844004   } 
   potential_energy { -10.53263664054882   } 
   potential_energyvar { 6.517570770959654   } 
   nonlocal_energy { 0.5894629782678232   } 
   nonlocal_energyvar { 2.038963480085227   } 
   autocorr_energy { } 
} 

block { 
   label vmc
   totweight 64000
   nautocorr 0
   total_energy { -6.082527217071394   } 
   total_energyvar { 0.8311115883906993   } 
   weight { 1   } 
   weightvar { 0   } 
   kinetic_energy { 3.883868098961993   } 
   kinetic_energyvar { 4.866885665442837   } 
   potential_energy { -10.5704993295933   } 
   potential_energyvar { 6.656149039714713   } 
   nonlocal_energy { 0.6041040135599113   } 
   nonlocal_energyvar { 2.124914529250974   } 
   autocorr_energy { } 
} 

block { 
   label vmc
   totweight 64000
   nautocorr 0
   total_energy { -6.086363095839703   } 
   total_energyvar { 0.7822783799120682   } 
   weight { 1   } 
   weightvar { 0   } 
   kinetic_energy { 3.850742417453824   } 
   kinetic_energyvar { 4.661953903468675   } 
   potential_energy { -10.52822856530772   } 
   potential_energyvar { 6.842419887156527   } 
   nonlocal_energy { 0.5911230520141987   } 
   nonlocal_energyvar { 2.419143804327729   } 
   autocorr_energy { } 
} 

block { 
   label vmc
   totweight 64000
   nautocorr 0
   total_energy { -6.080095632551951   } 
   total_energyvar { 0.8137644601249545   } 
   weight { 1   } 
   weightvar { 0   } 
   kinetic_energy { 3.916383433090258   } 
   kinetic_energyvar { 4.980386330361401   } 
   potential_energy { -10.60491739371534   } 
   potential_energyvar { 7.168131845866102   } 
   nonlocal_energy { 0.6084383280731307   } 
   nonlocal_energyvar { 2.493572147314451   } 
   autocorr_energy { } 
} 

block { 
   label vmc
   totweight 64000
   nautocorr 0
   total_energy { -6.071524703678191   } 
   total_energyvar { 0.870124374008106   } 
   weight { 1   } 
   weightvar { 0   } 
   kinetic_energy { 3.870726773902061   } 
   kinetic_energyvar { 4.764003209168551   } 
   potential_energy { -10.53939547912925   } 
   potential_energyvar { 6.863792084484319   } 
   nonlocal_energy { 0.5971440015489946   } 
   nonlocal_energyvar { 2.249174195188218   } 
   autocorr_energy { } 
} 

block { 
   label vmc
   totweight 64000
   nautocorr 0
   total_energy { -6.08218821739877   } 
   total_energyvar { 0.8664703211065328   } 
   weight { 1   } 
   weightvar { 0   } 
   kinetic_energy { 3.852147270695788   } 
   kinetic_energyvar { 4.786473197331509   } 
   potential_energy { -10.53602712313691   } 
   potential_energyvar { 7.032467083997391   } 
   nonlocal_energy { 0.6016916350423546   } 
   nonlocal_energyvar { 2.572043236803844   } 
   autocorr_energy { } 
} 

block { 
   label vmc
   totweight 64000
   nautocorr 0
   total_energy { -6.08167967103769   } 
   total_energyvar { 0.8125925225074141   } 
   weight { 1   } 
   weightvar { 0   } 
   kinetic_energy { 3.890916539119627   } 
   kinetic_energyvar { 4.951961550518671   } 
   potential_energy { -10.56952676656875   } 
   potential_energyvar { 6.752664480541112   } 
   nonlocal_energy { 0.5969305564114331   } 
   nonlocal_energyvar { 2.116019383253713   } 
   autocorr_energy { } 
} 

block { 
   label vmc
   totweight 64000
   nautocorr 0
   total_energy { -6.080904919048993   } 
   total_energyvar { 0.8103069648861019   } 
   weight { 1   } 
   weightvar { 0   } 
   kinetic_energy { 3.887241965963536   } 
   kinetic_energyvar { 4.871025901675245   } 
   potential_energy { -10.56508397052568   } 
   potential_energyvar { 7.160356276188921   } 
   nonlocal_energy { 0.5969370855131452   } 
   nonlocal_energyvar { 2.527663174707351   } 
   autocorr_energy { } 
} 

block { 
   label vmc
   totweight 64000
   nautocorr 0
   total_energy { -6.082858671295707   } 
   total_energyvar { 0.7838379039851061   } 
   weight { 1   } 
   weightvar { 0   } 
   kinetic_energy { 3.878914396307925   } 
   kinetic_energyvar { 4.81807099803479   } 
   potential_energy { -10.55834344814965   } 
   potential_energyvar { 6.550636302576631   } 
   nonlocal_energy { 0.5965703805460245   } 
   nonlocal_energyvar { 2.04137133767051   } 
   autocorr_energy { } 
} 

block { 
   label vmc
   totweight 64000
   nautocorr 0
   total_energy { -6.081852715739301   } 
   total_energyvar { 0.8273185991466995   } 
   weight { 1   } 
   weightvar { 0   } 
   kinetic_energy { 3.923024546987421   } 
   kinetic_energyvar { 4.911444099266391   } 
   potential_energy { -10.60677336335254   } 
   potential_energyvar { 7.009193301398255   } 
   nonlocal_energy { 0.6018961006258154   } 
   nonlocal_energyvar { 2.261624052316856   } 
   autocorr_energy { } 
} 

block { 
   label vmc
   totweight 64000
   nautocorr 0
   total_energy { -6.086255689124761   } 
   total_energyvar { 0.805672509216579   } 
   weight { 1   } 
   weightvar { 0   } 
   kinetic_energy { 3.877588316524494   } 
   kinetic_energyvar { 4.81788044636301   } 
   potential_energy { -10.56480444443407   } 
   potential_energyvar { 8.890594772397316   } 
   nonlocal_energy { 0.6009604387848099   } 
   nonlocal_energyvar { 3.904414438245746   } 
   autocorr_energy { } 
} 

