#-------------------------------------------------
#VMC run: timestep 1 nconfig 3200 steps 20
#-------------------------------------------------


init { 
   label vmc
}
block { 
   label vmc
   totweight 64000
   nautocorr 0
   total_energy { -4.743933076404784   } 
   total_energyvar { 0.5147208324407317   } 
   weight { 1   } 
   weightvar { 0   } 
   kinetic_energy { 2.568077308005059   } 
   kinetic_energyvar { 2.650677161280939   } 
   potential_energy { -7.934065119260928   } 
   potential_energyvar { 4.133177766400082   } 
   nonlocal_energy { 0.6220547348510848   } 
   nonlocal_energyvar { 2.028123865794049   } 
   autocorr_energy { } 
} 

block { 
   label vmc
   totweight 64000
   nautocorr 0
   total_energy { -4.74780895977544   } 
   total_energyvar { 0.5091825005557581   } 
   weight { 1   } 
   weightvar { 0   } 
   kinetic_energy { 2.589294319989286   } 
   kinetic_energyvar { 2.745848926932928   } 
   potential_energy { -7.956453778768755   } 
   potential_energyvar { 4.136026380881349   } 
   nonlocal_energy { 0.6193504990040299   } 
   nonlocal_energyvar { 2.013445038051214   } 
   autocorr_energy { } 
} 

block { 
   label vmc
   totweight 64000
   nautocorr 0
   total_energy { -4.745211353505234   } 
   total_energyvar { 0.5419521787867839   } 
   weight { 1   } 
   weightvar { 0   } 
   kinetic_energy { 2.582907339253666   } 
   kinetic_energyvar { 2.720855002066357   } 
   potential_energy { -7.961599857798704   } 
   potential_energyvar { 4.474939065304522   } 
   nonlocal_energy { 0.6334811650398039   } 
   nonlocal_energyvar { 2.284766708422628   } 
   autocorr_energy { } 
} 

block { 
   label vmc
   totweight 64000
   nautocorr 0
   total_energy { -4.742537846713711   } 
   total_energyvar { 0.5560978555086893   } 
   weight { 1   } 
   weightvar { 0   } 
   kinetic_energy { 2.587427573182998   } 
   kinetic_energyvar { 2.783375787249974   } 
   potential_energy { -7.965926585667992   } 
   potential_energyvar { 7.411477456262376   } 
   nonlocal_energy { 0.635961165771281   } 
   nonlocal_energyvar { 4.896854000390895   } 
   autocorr_energy { } 
} 

block { 
   label vmc
   totweight 64000
   nautocorr 0
   total_energy { -4.746214210547943   } 
   total_energyvar { 0.5040720785309601   } 
   weight { 1   } 
   weightvar { 0   } 
   kinetic_energy { 2.589432955829264   } 
   kinetic_energyvar { 2.826630987191741   } 
   potential_energy { -7.95674330699483   } 
   potential_energyvar { 4.36604472508897   } 
   nonlocal_energy { 0.6210961406176235   } 
   nonlocal_energyvar { 2.176061374682591   } 
   autocorr_energy { } 
} 

block { 
   label vmc
   totweight 64000
   nautocorr 0
   total_energy { -4.746337890492281   } 
   total_energyvar { 0.5422097429079424   } 
   weight { 1   } 
   weightvar { 0   } 
   kinetic_energy { 2.599446070047462   } 
   kinetic_energyvar { 2.783679171353893   } 
   potential_energy { -7.975005213877349   } 
   potential_energyvar { 4.274096723280693   } 
   nonlocal_energy { 0.6292212533376049   } 
   nonlocal_energyvar { 2.09567479811815   } 
   autocorr_energy { } 
} 

block { 
   label vmc
   totweight 64000
   nautocorr 0
   total_energy { -4.742637780159266   } 
   total_energyvar { 0.7265424522893393   } 
   weight { 1   } 
   weightvar { 0   } 
   kinetic_energy { 2.581093522951555   } 
   kinetic_energyvar { 2.723377489049556   } 
   potential_energy { -7.94541305457067   } 
   potential_energyvar { 4.403297050776157   } 
   nonlocal_energy { 0.6216817514598492   } 
   nonlocal_energyvar { 1.967860947668289   } 
   autocorr_energy { } 
} 

block { 
   label vmc
   totweight 64000
   nautocorr 0
   total_energy { -4.743929859151387   } 
   total_energyvar { 0.4918993631253533   } 
   weight { 1   } 
   weightvar { 0   } 
   kinetic_energy { 2.575353472358282   } 
   kinetic_energyvar { 2.742057644035041   } 
   potential_energy { -7.936687077341882   } 
   potential_energyvar { 4.17773205779808   } 
   nonlocal_energy { 0.6174037458322121   } 
   nonlocal_energyvar { 2.083150897692873   } 
   autocorr_energy { } 
} 

block { 
   label vmc
   totweight 64000
   nautocorr 0
   total_energy { -4.746446559396388   } 
   total_energyvar { 0.5186257906560002   } 
   weight { 1   } 
   weightvar { 0   } 
   kinetic_energy { 2.579823312574338   } 
   kinetic_energyvar { 2.740887143898443   } 
   potential_energy { -7.944349595745252   } 
   potential_energyvar { 4.221418944033063   } 
   nonlocal_energy { 0.6180797237745254   } 
   nonlocal_energyvar { 2.027266066538806   } 
   autocorr_energy { } 
} 

block { 
   label vmc
   totweight 64000
   nautocorr 0
   total_energy { -4.739441406395106   } 
   total_energyvar { 0.7502116989251784   } 
   weight { 1   } 
   weightvar { 0   } 
   kinetic_energy { 2.591341763346609   } 
   kinetic_energyvar { 2.748307608535183   } 
   potential_energy { -7.950207960950237   } 
   potential_energyvar { 4.938342122517826   } 
   nonlocal_energy { 0.6194247912085219   } 
   nonlocal_energyvar { 2.387937598796079   } 
   autocorr_energy { } 
} 

block { 
   label vmc
   totweight 64000
   nautocorr 0
   total_energy { -4.741059510630179   } 
   total_energyvar { 0.5394230137452711   } 
   weight { 1   } 
   weightvar { 0   } 
   kinetic_energy { 2.585637412512757   } 
   kinetic_energyvar { 2.815022465169385   } 
   potential_energy { -7.953127259262868   } 
   potential_energyvar { 4.147860600652217   } 
   nonlocal_energy { 0.6264303361199338   } 
   nonlocal_energyvar { 2.087985554090207   } 
   autocorr_energy { } 
} 

block { 
   label vmc
   totweight 64000
   nautocorr 0
   total_energy { -4.739453442762377   } 
   total_energyvar { 0.5404407789132701   } 
   weight { 1   } 
   weightvar { 0   } 
   kinetic_energy { 2.580922626502367   } 
   kinetic_energyvar { 2.699099525744384   } 
   potential_energy { -7.948091968906335   } 
   potential_energyvar { 4.271649585952702   } 
   nonlocal_energy { 0.6277158996415906   } 
   nonlocal_energyvar { 2.25818734149583   } 
   autocorr_energy { } 
} 

block { 
   label vmc
   totweight 64000
   nautocorr 0
   total_energy { -4.745888024559147   } 
   total_energyvar { 0.4928556665534839   } 
   weight { 1   } 
   weightvar { 0   } 
   kinetic_energy { 2.595300702624643   } 
   kinetic_energyvar { 2.889713826633332   } 
   potential_energy { -7.979027314789612   } 
   potential_energyvar { 4.696140766189647   } 
   nonlocal_energy { 0.6378385876058209   } 
   nonlocal_energyvar { 2.329993935923139   } 
   autocorr_energy { } 
} 

block { 
   label vmc
   totweight 64000
   nautocorr 0
   total_energy { -4.737128710876567   } 
   total_energyvar { 0.5877381714038915   } 
   weight { 1   } 
   weightvar { 0   } 
   kinetic_energy { 2.58425648985038   } 
   kinetic_energyvar { 2.745645530372833   } 
   potential_energy { -7.945314351244321   } 
   potential_energyvar { 4.427144500502016   } 
   nonlocal_energy { 0.6239291505173761   } 
   nonlocal_energyvar { 2.206912535549133   } 
   autocorr_energy { } 
} 

block { 
   label vmc
   totweight 64000
   nautocorr 0
   total_energy { -4.745977914939538   } 
   total_energyvar { 0.5339141442881868   } 
   weight { 1   } 
   weightvar { 0   } 
   kinetic_energy { 2.5716925977111   } 
   kinetic_energyvar { 2.683119350053687   } 
   potential_energy { -7.936002195693572   } 
   potential_energyvar { 4.004445878689517   } 
   nonlocal_energy { 0.6183316830429338   } 
   nonlocal_energyvar { 1.992572836048034   } 
   autocorr_energy { } 
} 

block { 
   label vmc
   totweight 64000
   nautocorr 0
   total_energy { -4.740977880631672   } 
   total_energyvar { 0.5837859656937282   } 
   weight { 1   } 
   weightvar { 0   } 
   kinetic_energy { 2.583166174136743   } 
   kinetic_energyvar { 2.663616448606738   } 
   potential_energy { -7.937162489799502   } 
   potential_energyvar { 4.137072415900422   } 
   nonlocal_energy { 0.6130184350310875   } 
   nonlocal_energyvar { 1.935899246638804   } 
   autocorr_energy { } 
} 

block { 
   label vmc
   totweight 64000
   nautocorr 0
   total_energy { -4.743285845354023   } 
   total_energyvar { 0.5336610390409916   } 
   weight { 1   } 
   weightvar { 0   } 
   kinetic_energy { 2.58365034195649   } 
   kinetic_energyvar { 2.687164875364037   } 
   potential_energy { -7.945979988371269   } 
   potential_energyvar { 4.209711576385231   } 
   nonlocal_energy { 0.6190438010607552   } 
   nonlocal_energyvar { 2.182741348210281   } 
   autocorr_energy { } 
} 

block { 
   label vmc
   totweight 64000
   nautocorr 0
   total_energy { -4.741711007348316   } 
   total_energyvar { 0.5523177977797513   } 
   weight { 1   } 
   weightvar { 0   } 
   kinetic_energy { 2.571618462863624   } 
   kinetic_energyvar { 2.761538932610278   } 
   potential_energy { -7.938166746068891   } 
   potential_energyvar { 4.227608010657368   } 
   nonlocal_energy { 0.6248372758569514   } 
   nonlocal_energyvar { 2.12324707202826   } 
   autocorr_energy { } 
} 

block { 
   label vmc
   totweight 64000
   nautocorr 0
   total_energy { -4.744630228745693   } 
   total_energyvar { 0.545064825491787   } 
   weight { 1   } 
   weightvar { 0   } 
   kinetic_energy { 2.566344679470704   } 
   kinetic_energyvar { 2.752275019184493   } 
   potential_energy { -7.948415739059828   } 
   potential_energyvar { 4.232700838784117   } 
   nonlocal_energy { 0.6374408308434318   } 
   nonlocal_energyvar { 2.213392252886247   } 
   autocorr_energy { } 
} 

block { 
   label vmc
   totweight 64000
   nautocorr 0
   total_energy { -4.742720117217058   } 
   total_energyvar { 1.778274159381231   } 
   weight { 1   } 
   weightvar { 0   } 
   kinetic_energy { 2.574019874063628   } 
   kinetic_energyvar { 2.793235081256481   } 
   potential_energy { -7.944589428377595   } 
   potential_energyvar { 5.648337130968268   } 
   nonlocal_energy { 0.6278494370969094   } 
   nonlocal_energyvar { 2.257345182439018   } 
   autocorr_energy { } 
} 

block { 
   label vmc
   totweight 64000
   nautocorr 0
   total_energy { -4.746345126195683   } 
   total_energyvar { 0.5447576706457671   } 
   weight { 1   } 
   weightvar { 0   } 
   kinetic_energy { 2.568113037762148   } 
   kinetic_energyvar { 2.684855550684505   } 
   potential_energy { -7.938331883866807   } 
   potential_energyvar { 4.384262197749835   } 
   nonlocal_energy { 0.6238737199089751   } 
   nonlocal_energyvar { 2.091694016089559   } 
   autocorr_energy { } 
} 

block { 
   label vmc
   totweight 64000
   nautocorr 0
   total_energy { -4.744319180751675   } 
   total_energyvar { 0.5049864801860086   } 
   weight { 1   } 
   weightvar { 0   } 
   kinetic_energy { 2.569294837292603   } 
   kinetic_energyvar { 2.793844394769776   } 
   potential_energy { -7.952280538054059   } 
   potential_energyvar { 4.532085755287447   } 
   nonlocal_energy { 0.6386665200097824   } 
   nonlocal_energyvar { 2.541277197967584   } 
   autocorr_energy { } 
} 

block { 
   label vmc
   totweight 64000
   nautocorr 0
   total_energy { -4.742903820172789   } 
   total_energyvar { 0.5212835138290007   } 
   weight { 1   } 
   weightvar { 0   } 
   kinetic_energy { 2.583906473296067   } 
   kinetic_energyvar { 2.762866989411665   } 
   potential_energy { -7.952354590726435   } 
   potential_energyvar { 4.586878584049446   } 
   nonlocal_energy { 0.625544297257578   } 
   nonlocal_energyvar { 2.307932777052895   } 
   autocorr_energy { } 
} 

block { 
   label vmc
   totweight 64000
   nautocorr 0
   total_energy { -4.741232558396471   } 
   total_energyvar { 0.5754440712661166   } 
   weight { 1   } 
   weightvar { 0   } 
   kinetic_energy { 2.576281365942724   } 
   kinetic_energyvar { 2.742463493666913   } 
   potential_energy { -7.947404975475791   } 
   potential_energyvar { 4.262941474360017   } 
   nonlocal_energy { 0.629891051136599   } 
   nonlocal_energyvar { 2.068488972946246   } 
   autocorr_energy { } 
} 

block { 
   label vmc
   totweight 64000
   nautocorr 0
   total_energy { -4.744851236028496   } 
   total_energyvar { 0.5811648092417793   } 
   weight { 1   } 
   weightvar { 0   } 
   kinetic_energy { 2.576427937845144   } 
   kinetic_energyvar { 2.696384887448975   } 
   potential_energy { -7.942285091928773   } 
   potential_energyvar { 4.324386910407591   } 
   nonlocal_energy { 0.6210059180551332   } 
   nonlocal_energyvar { 1.991657366049537   } 
   autocorr_energy { } 
} 

block { 
   label vmc
   totweight 64000
   nautocorr 0
   total_energy { -4.745057060306816   } 
   total_energyvar { 0.5285929638448417   } 
   weight { 1   } 
   weightvar { 0   } 
   kinetic_energy { 2.568900801598727   } 
   kinetic_energyvar { 2.646452578164451   } 
   potential_energy { -7.935817795555359   } 
   potential_energyvar { 4.196639866073303   } 
   nonlocal_energy { 0.6218599336498151   } 
   nonlocal_energyvar { 2.156129593862887   } 
   autocorr_energy { } 
} 

block { 
   label vmc
   totweight 64000
   nautocorr 0
   total_energy { -4.739477208753672   } 
   total_energyvar { 0.5233884083227383   } 
   weight { 1   } 
   weightvar { 0   } 
   kinetic_energy { 2.564131280218743   } 
   kinetic_energyvar { 2.747518654446547   } 
   potential_energy { -7.943807094084566   } 
   potential_energyvar { 4.790998330789207   } 
   nonlocal_energy { 0.6401986051121498   } 
   nonlocal_energyvar { 2.680514593960157   } 
   autocorr_energy { } 
} 

block { 
   label vmc
   totweight 64000
   nautocorr 0
   total_energy { -4.744129652477648   } 
   total_energyvar { 0.4932764703250143   } 
   weight { 1   } 
   weightvar { 0   } 
   kinetic_energy { 2.576138946786008   } 
   kinetic_energyvar { 2.75258224359329   } 
   potential_energy { -7.953103007816836   } 
   potential_energyvar { 4.25710893594625   } 
   nonlocal_energy { 0.6328344085531813   } 
   nonlocal_energyvar { 2.2501907876667   } 
   autocorr_energy { } 
} 

block { 
   label vmc
   totweight 64000
   nautocorr 0
   total_energy { -4.743708080186011   } 
   total_energyvar { 0.5158183186342896   } 
   weight { 1   } 
   weightvar { 0   } 
   kinetic_energy { 2.585014980359042   } 
   kinetic_energyvar { 2.669258705053108   } 
   potential_energy { -7.950322937719209   } 
   potential_energyvar { 4.466668638965571   } 
   nonlocal_energy { 0.6215998771741561   } 
   nonlocal_energyvar { 2.288633519069077   } 
   autocorr_energy { } 
} 

block { 
   label vmc
   totweight 64000
   nautocorr 0
   total_energy { -4.740956564854226   } 
   total_energyvar { 0.5851027579389619   } 
   weight { 1   } 
   weightvar { 0   } 
   kinetic_energy { 2.576088942656245   } 
   kinetic_energyvar { 2.662045970115896   } 
   potential_energy { -7.939608464925571   } 
   potential_energyvar { 4.630956402659611   } 
   nonlocal_energy { 0.6225629574150987   } 
   nonlocal_energyvar { 2.396900112576796   } 
   autocorr_energy { } 
} 

block { 
   label vmc
   totweight 64000
   nautocorr 0
   total_energy { -4.741779573670884   } 
   total_energyvar { 0.565804580501673   } 
   weight { 1   } 
   weightvar { 0   } 
   kinetic_energy { 2.577992123011275   } 
   kinetic_energyvar { 2.851288455775818   } 
   potential_energy { -7.953274438841134   } 
   potential_energyvar { 4.386882265691672   } 
   nonlocal_energy { 0.6335027421589734   } 
   nonlocal_energyvar { 2.219735967761222   } 
   autocorr_energy { } 
} 

block { 
   label vmc
   totweight 64000
   nautocorr 0
   total_energy { -4.7451763130908   } 
   total_energyvar { 0.5435326689360354   } 
   weight { 1   } 
   weightvar { 0   } 
   kinetic_energy { 2.58071462184079   } 
   kinetic_energyvar { 2.802440436486765   } 
   potential_energy { -7.947400785542712   } 
   potential_energyvar { 4.462092665026913   } 
   nonlocal_energy { 0.6215098506111217   } 
   nonlocal_energyvar { 2.13843294013848   } 
   autocorr_energy { } 
} 

block { 
   label vmc
   totweight 64000
   nautocorr 0
   total_energy { -4.746486129317279   } 
   total_energyvar { 0.486749176768885   } 
   weight { 1   } 
   weightvar { 0   } 
   kinetic_energy { 2.605757758665101   } 
   kinetic_energyvar { 2.889936806729278   } 
   potential_energy { -7.975910156337   } 
   potential_energyvar { 4.239901723571449   } 
   nonlocal_energy { 0.6236662683546218   } 
   nonlocal_energyvar { 2.048510437677974   } 
   autocorr_energy { } 
} 

block { 
   label vmc
   totweight 64000
   nautocorr 0
   total_energy { -4.748311592125083   } 
   total_energyvar { 0.4957757507238928   } 
   weight { 1   } 
   weightvar { 0   } 
   kinetic_energy { 2.569943519702322   } 
   kinetic_energyvar { 2.778706739878971   } 
   potential_energy { -7.946315765431977   } 
   potential_energyvar { 4.280700528513438   } 
   nonlocal_energy { 0.6280606536045713   } 
   nonlocal_energyvar { 2.191976657660861   } 
   autocorr_energy { } 
} 

block { 
   label vmc
   totweight 64000
   nautocorr 0
   total_energy { -4.74333586144983   } 
   total_energyvar { 0.5154675104374205   } 
   weight { 1   } 
   weightvar { 0   } 
   kinetic_energy { 2.574745281602263   } 
   kinetic_energyvar { 2.654364643900638   } 
   potential_energy { -7.936295120073606   } 
   potential_energyvar { 4.150048333528079   } 
   nonlocal_energy { 0.6182139770215132   } 
   nonlocal_energyvar { 2.007816355548854   } 
   autocorr_energy { } 
} 

block { 
   label vmc
   totweight 64000
   nautocorr 0
   total_energy { -4.739813387892474   } 
   total_energyvar { 0.7195480401072888   } 
   weight { 1   } 
   weightvar { 0   } 
   kinetic_energy { 2.57356432477629   } 
   kinetic_energyvar { 2.741566557553031   } 
   potential_energy { -7.93542693059468   } 
   potential_energyvar { 4.395552521103014   } 
   nonlocal_energy { 0.6220492179259145   } 
   nonlocal_energyvar { 2.171200965852868   } 
   autocorr_energy { } 
} 

block { 
   label vmc
   totweight 64000
   nautocorr 0
   total_energy { -4.73922403752222   } 
   total_energyvar { 0.5867316484996327   } 
   weight { 1   } 
   weightvar { 0   } 
   kinetic_energy { 2.581961327323051   } 
   kinetic_energyvar { 2.767823448257784   } 
   potential_energy { -7.957168332714568   } 
   potential_energyvar { 4.481863972188382   } 
   nonlocal_energy { 0.6359829678693008   } 
   nonlocal_energyvar { 2.19288342401919   } 
   autocorr_energy { } 
} 

block { 
   label vmc
   totweight 64000
   nautocorr 0
   total_energy { -4.745286916046338   } 
   total_energyvar { 0.5319803309669466   } 
   weight { 1   } 
   weightvar { 0   } 
   kinetic_energy { 2.574570821603489   } 
   kinetic_energyvar { 2.783599567829799   } 
   potential_energy { -7.945154396880095   } 
   potential_energyvar { 4.297555031497677   } 
   nonlocal_energy { 0.6252966592302671   } 
   nonlocal_energyvar { 2.188996637121292   } 
   autocorr_energy { } 
} 

block { 
   label vmc
   totweight 64000
   nautocorr 0
   total_energy { -4.739767657094344   } 
   total_energyvar { 0.6143331090002075   } 
   weight { 1   } 
   weightvar { 0   } 
   kinetic_energy { 2.56239853062749   } 
   kinetic_energyvar { 2.705268734508369   } 
   potential_energy { -7.930388983214881   } 
   potential_energyvar { 4.286055666943367   } 
   nonlocal_energy { 0.6282227954930456   } 
   nonlocal_energyvar { 2.128356386440738   } 
   autocorr_energy { } 
} 

block { 
   label vmc
   totweight 64000
   nautocorr 0
   total_energy { -4.743498975445167   } 
   total_energyvar { 0.5351381335120108   } 
   weight { 1   } 
   weightvar { 0   } 
   kinetic_energy { 2.559694021468059   } 
   kinetic_energyvar { 2.629237312292448   } 
   potential_energy { -7.918393853942353   } 
   potential_energyvar { 4.071965622719842   } 
   nonlocal_energy { 0.6152008570291277   } 
   nonlocal_energyvar { 2.029855463597062   } 
   autocorr_energy { } 
} 

block { 
   label vmc
   totweight 64000
   nautocorr 0
   total_energy { -4.741390756627552   } 
   total_energyvar { 0.5591777984476006   } 
   weight { 1   } 
   weightvar { 0   } 
   kinetic_energy { 2.56640364963229   } 
   kinetic_energyvar { 2.859417873192953   } 
   potential_energy { -7.945672472887662   } 
   potential_energyvar { 4.401038882626964   } 
   nonlocal_energy { 0.6378780666278205   } 
   nonlocal_energyvar { 2.316676912710638   } 
   autocorr_energy { } 
} 

block { 
   label vmc
   totweight 64000
   nautocorr 0
   total_energy { -4.742714421449322   } 
   total_energyvar { 1.730876498141006   } 
   weight { 1   } 
   weightvar { 0   } 
   kinetic_energy { 2.585985864291031   } 
   kinetic_energyvar { 2.776677339111343   } 
   potential_energy { -7.948696182243246   } 
   potential_energyvar { 5.526579382085823   } 
   nonlocal_energy { 0.6199958965028946   } 
   nonlocal_energyvar { 2.185332526771307   } 
   autocorr_energy { } 
} 

block { 
   label vmc
   totweight 64000
   nautocorr 0
   total_energy { -4.744542347354166   } 
   total_energyvar { 0.6129629369241114   } 
   weight { 1   } 
   weightvar { 0   } 
   kinetic_energy { 2.555092721207396   } 
   kinetic_energyvar { 2.734241662087537   } 
   potential_energy { -7.927972726701389   } 
   potential_energyvar { 4.108242566763723   } 
   nonlocal_energy { 0.6283376581398291   } 
   nonlocal_energyvar { 2.118589814638916   } 
   autocorr_energy { } 
} 

block { 
   label vmc
   totweight 64000
   nautocorr 0
   total_energy { -4.746785694681347   } 
   total_energyvar { 0.5280604925849035   } 
   weight { 1   } 
   weightvar { 0   } 
   kinetic_energy { 2.56745985640138   } 
   kinetic_energyvar { 2.720757414521064   } 
   potential_energy { -7.94501194945863   } 
   potential_energyvar { 4.367730886567107   } 
   nonlocal_energy { 0.630766398375903   } 
   nonlocal_energyvar { 2.230265698930971   } 
   autocorr_energy { } 
} 

block { 
   label vmc
   totweight 64000
   nautocorr 0
   total_energy { -4.744443806116038   } 
   total_energyvar { 0.5289545487977654   } 
   weight { 1   } 
   weightvar { 0   } 
   kinetic_energy { 2.58195737378378   } 
   kinetic_energyvar { 2.782896034194141   } 
   potential_energy { -7.956174184913833   } 
   potential_energyvar { 4.312517120867678   } 
   nonlocal_energy { 0.6297730050140153   } 
   nonlocal_energyvar { 2.064012661168504   } 
   autocorr_energy { } 
} 

block { 
   label vmc
   totweight 64000
   nautocorr 0
   total_energy { -4.737089906733853   } 
   total_energyvar { 0.6523149593103109   } 
   weight { 1   } 
   weightvar { 0   } 
   kinetic_energy { 2.583217825606517   } 
   kinetic_energyvar { 2.716689239823259   } 
   potential_energy { -7.937672274377713   } 
   potential_energyvar { 4.107626015392564   } 
   nonlocal_energy { 0.6173645420373445   } 
   nonlocal_energyvar { 2.072618290706225   } 
   autocorr_energy { } 
} 

block { 
   label vmc
   totweight 64000
   nautocorr 0
   total_energy { -4.739732426709591   } 
   total_energyvar { 0.6102399262832444   } 
   weight { 1   } 
   weightvar { 0   } 
   kinetic_energy { 2.565836941545697   } 
   kinetic_energyvar { 2.654732202834965   } 
   potential_energy { -7.945259924750021   } 
   potential_energyvar { 5.81586657357711   } 
   nonlocal_energy { 0.6396905564947317   } 
   nonlocal_energyvar { 3.508178060453287   } 
   autocorr_energy { } 
} 

block { 
   label vmc
   totweight 64000
   nautocorr 0
   total_energy { -4.749441918860818   } 
   total_energyvar { 0.5027187504398902   } 
   weight { 1   } 
   weightvar { 0   } 
   kinetic_energy { 2.564401001497707   } 
   kinetic_energyvar { 2.606873492224416   } 
   potential_energy { -7.941465371230438   } 
   potential_energyvar { 4.579318926511606   } 
   nonlocal_energy { 0.6276224508719146   } 
   nonlocal_energyvar { 2.437628981679559   } 
   autocorr_energy { } 
} 

block { 
   label vmc
   totweight 64000
   nautocorr 0
   total_energy { -4.746591040420831   } 
   total_energyvar { 0.5383309700015808   } 
   weight { 1   } 
   weightvar { 0   } 
   kinetic_energy { 2.609419170588855   } 
   kinetic_energyvar { 2.932040774388847   } 
   potential_energy { -7.984895403337192   } 
   potential_energyvar { 4.608199871788177   } 
   nonlocal_energy { 0.6288851923275058   } 
   nonlocal_energyvar { 2.435039006874234   } 
   autocorr_energy { } 
} 

block { 
   label vmc
   totweight 64000
   nautocorr 0
   total_energy { -4.737076175671638   } 
   total_energyvar { 0.7156359601125224   } 
   weight { 1   } 
   weightvar { 0   } 
   kinetic_energy { 2.580872148322247   } 
   kinetic_energyvar { 2.808223912109191   } 
   potential_energy { -7.945515167079006   } 
   potential_energyvar { 4.282795527913857   } 
   nonlocal_energy { 0.627566843085123   } 
   nonlocal_energyvar { 2.031028488163035   } 
   autocorr_energy { } 
} 

block { 
   label vmc
   totweight 64000
   nautocorr 0
   total_energy { -4.746820799257754   } 
   total_energyvar { 0.5152905647216115   } 
   weight { 1   } 
   weightvar { 0   } 
   kinetic_energy { 2.567899208501392   } 
   kinetic_energyvar { 2.670772218086792   } 
   potential_energy { -7.928256670152223   } 
   potential_energyvar { 3.928597922357396   } 
   nonlocal_energy { 0.6135366623930782   } 
   nonlocal_energyvar { 1.919143365228638   } 
   autocorr_energy { } 
} 

block { 
   label vmc
   totweight 64000
   nautocorr 0
   total_energy { -4.755055451407906   } 
   total_energyvar { 0.4676968990862322   } 
   weight { 1   } 
   weightvar { 0   } 
   kinetic_energy { 2.563298821901262   } 
   kinetic_energyvar { 2.658203717318941   } 
   potential_energy { -7.939842428518665   } 
   potential_energyvar { 4.073043691663738   } 
   nonlocal_energy { 0.621488155209496   } 
   nonlocal_energyvar { 2.039204106968172   } 
   autocorr_energy { } 
} 

block { 
   label vmc
   totweight 64000
   nautocorr 0
   total_energy { -4.743993383809578   } 
   total_energyvar { 0.5459089531224189   } 
   weight { 1   } 
   weightvar { 0   } 
   kinetic_energy { 2.581567193336143   } 
   kinetic_energyvar { 2.785974649230522   } 
   potential_energy { -7.948582153384431   } 
   potential_energyvar { 4.453457264056755   } 
   nonlocal_energy { 0.6230215762387099   } 
   nonlocal_energyvar { 2.253792833864341   } 
   autocorr_energy { } 
} 

block { 
   label vmc
   totweight 64000
   nautocorr 0
   total_energy { -4.743569159586365   } 
   total_energyvar { 0.5095684773863561   } 
   weight { 1   } 
   weightvar { 0   } 
   kinetic_energy { 2.577955938529507   } 
   kinetic_energyvar { 2.757340803045159   } 
   potential_energy { -7.951395184200504   } 
   potential_energyvar { 4.143795411491635   } 
   nonlocal_energy { 0.6298700860846304   } 
   nonlocal_energyvar { 2.221633357496893   } 
   autocorr_energy { } 
} 

block { 
   label vmc
   totweight 64000
   nautocorr 0
   total_energy { -4.740759411614649   } 
   total_energyvar { 0.510589175641613   } 
   weight { 1   } 
   weightvar { 0   } 
   kinetic_energy { 2.588522857749269   } 
   kinetic_energyvar { 3.110385304931683   } 
   potential_energy { -7.954739513259653   } 
   potential_energyvar { 4.53261056008879   } 
   nonlocal_energy { 0.625457243895737   } 
   nonlocal_energyvar { 2.554022622873421   } 
   autocorr_energy { } 
} 

block { 
   label vmc
   totweight 64000
   nautocorr 0
   total_energy { -4.746753619646953   } 
   total_energyvar { 0.4936160721479885   } 
   weight { 1   } 
   weightvar { 0   } 
   kinetic_energy { 2.562079500189528   } 
   kinetic_energyvar { 2.605269863916587   } 
   potential_energy { -7.941668867840506   } 
   potential_energyvar { 5.127495137056115   } 
   nonlocal_energy { 0.6328357480040246   } 
   nonlocal_energyvar { 2.905486781978705   } 
   autocorr_energy { } 
} 

block { 
   label vmc
   totweight 64000
   nautocorr 0
   total_energy { -4.745317023084571   } 
   total_energyvar { 0.5059272707808066   } 
   weight { 1   } 
   weightvar { 0   } 
   kinetic_energy { 2.570185819895842   } 
   kinetic_energyvar { 2.721385135179497   } 
   potential_energy { -7.953371582303324   } 
   potential_energyvar { 4.420337889511434   } 
   nonlocal_energy { 0.6378687393229118   } 
   nonlocal_energyvar { 2.248223865529993   } 
   autocorr_energy { } 
} 

block { 
   label vmc
   totweight 64000
   nautocorr 0
   total_energy { -4.739724520491672   } 
   total_energyvar { 0.5342570203909882   } 
   weight { 1   } 
   weightvar { 0   } 
   kinetic_energy { 2.586240355444919   } 
   kinetic_energyvar { 2.780363308782632   } 
   potential_energy { -7.948008801015846   } 
   potential_energyvar { 4.181362810546432   } 
   nonlocal_energy { 0.6220439250792534   } 
   nonlocal_energyvar { 2.184621050686903   } 
   autocorr_energy { } 
} 

block { 
   label vmc
   totweight 64000
   nautocorr 0
   total_energy { -4.742141295520201   } 
   total_energyvar { 0.5036675549941333   } 
   weight { 1   } 
   weightvar { 0   } 
   kinetic_energy { 2.567177446100085   } 
   kinetic_energyvar { 2.713787194555375   } 
   potential_energy { -7.919454683795609   } 
   potential_energyvar { 4.052479212097636   } 
   nonlocal_energy { 0.6101359421753217   } 
   nonlocal_energyvar { 2.046686431090024   } 
   autocorr_energy { } 
} 

block { 
   label vmc
   totweight 64000
   nautocorr 0
   total_energy { -4.740504869627042   } 
   total_energyvar { 0.5417449483960144   } 
   weight { 1   } 
   weightvar { 0   } 
   kinetic_energy { 2.575997281531614   } 
   kinetic_energyvar { 2.806029768377137   } 
   potential_energy { -7.940078554853884   } 
   potential_energyvar { 4.38495221203029   } 
   nonlocal_energy { 0.6235764036952268   } 
   nonlocal_energyvar { 2.243484221284626   } 
   autocorr_energy { } 
} 

block { 
   label vmc
   totweight 64000
   nautocorr 0
   total_energy { -4.74114505463428   } 
   total_energyvar { 0.5717167253460588   } 
   weight { 1   } 
   weightvar { 0   } 
   kinetic_energy { 2.591122412913001   } 
   kinetic_energyvar { 2.822162115366035   } 
   potential_energy { -7.961815559630165   } 
   potential_energyvar { 4.565412969279146   } 
   nonlocal_energy { 0.6295480920828824   } 
   nonlocal_energyvar { 2.231642205551547   } 
   autocorr_energy { } 
} 

block { 
   label vmc
   totweight 64000
   nautocorr 0
   total_energy { -4.739379410093782   } 
   total_energyvar { 0.5331866745878407   } 
   weight { 1   } 
   weightvar { 0   } 
   kinetic_energy { 2.576034854352673   } 
   kinetic_energyvar { 2.763037767036906   } 
   potential_energy { -7.93856296734205   } 
   potential_energyvar { 4.467529943106761   } 
   nonlocal_energy { 0.6231487028955933   } 
   nonlocal_energyvar { 2.185813711968784   } 
   autocorr_energy { } 
} 

block { 
   label vmc
   totweight 64000
   nautocorr 0
   total_energy { -4.741704641063635   } 
   total_energyvar { 0.5755151385484099   } 
   weight { 1   } 
   weightvar { 0   } 
   kinetic_energy { 2.570287357251511   } 
   kinetic_energyvar { 2.612516586038397   } 
   potential_energy { -7.925081779238784   } 
   potential_energyvar { 3.984135098540256   } 
   nonlocal_energy { 0.6130897809236378   } 
   nonlocal_energyvar { 1.912351019317352   } 
   autocorr_energy { } 
} 

block { 
   label vmc
   totweight 64000
   nautocorr 0
   total_energy { -4.746700126895869   } 
   total_energyvar { 0.4960765160834478   } 
   weight { 1   } 
   weightvar { 0   } 
   kinetic_energy { 2.579717601263339   } 
   kinetic_energyvar { 2.760557295172327   } 
   potential_energy { -7.950770904077671   } 
   potential_energyvar { 4.05542847825445   } 
   nonlocal_energy { 0.6243531759184643   } 
   nonlocal_energyvar { 2.041734261314468   } 
   autocorr_energy { } 
} 

block { 
   label vmc
   totweight 64000
   nautocorr 0
   total_energy { -4.746343820701314   } 
   total_energyvar { 0.5053088507101606   } 
   weight { 1   } 
   weightvar { 0   } 
   kinetic_energy { 2.569625860657314   } 
   kinetic_energyvar { 2.773159221097488   } 
   potential_energy { -7.943991156479363   } 
   potential_energyvar { 4.080825149257478   } 
   nonlocal_energy { 0.6280214751207345   } 
   nonlocal_energyvar { 2.199471527195509   } 
   autocorr_energy { } 
} 

block { 
   label vmc
   totweight 64000
   nautocorr 0
   total_energy { -4.746334856070123   } 
   total_energyvar { 0.5474572431389476   } 
   weight { 1   } 
   weightvar { 0   } 
   kinetic_energy { 2.580914843275519   } 
   kinetic_energyvar { 2.761301485092289   } 
   potential_energy { -7.943751977114985   } 
   potential_energyvar { 4.252947187890326   } 
   nonlocal_energy { 0.6165022777693417   } 
   nonlocal_energyvar { 2.118044214075897   } 
   autocorr_energy { } 
} 

block { 
   label vmc
   totweight 64000
   nautocorr 0
   total_energy { -4.741436052491833   } 
   total_energyvar { 0.5833009344162767   } 
   weight { 1   } 
   weightvar { 0   } 
   kinetic_energy { 2.56669285239195   } 
   kinetic_energyvar { 2.647940072992998   } 
   potential_energy { -7.927352849886121   } 
   potential_energyvar { 4.40105387685913   } 
   nonlocal_energy { 0.6192239450023411   } 
   nonlocal_energyvar { 2.274749227769559   } 
   autocorr_energy { } 
} 

block { 
   label vmc
   totweight 64000
   nautocorr 0
   total_energy { -4.742232278959324   } 
   total_energyvar { 0.4996669686526178   } 
   weight { 1   } 
   weightvar { 0   } 
   kinetic_energy { 2.577987315930601   } 
   kinetic_energyvar { 3.093406859412539   } 
   potential_energy { -7.944640483609964   } 
   potential_energyvar { 4.032914637469441   } 
   nonlocal_energy { 0.6244208887200405   } 
   nonlocal_energyvar { 2.409437366580606   } 
   autocorr_energy { } 
} 

block { 
   label vmc
   totweight 64000
   nautocorr 0
   total_energy { -4.745650619952877   } 
   total_energyvar { 0.5614091903819509   } 
   weight { 1   } 
   weightvar { 0   } 
   kinetic_energy { 2.55877061196299   } 
   kinetic_energyvar { 2.696161198308471   } 
   potential_energy { -7.928519888457433   } 
   potential_energyvar { 4.116443389352397   } 
   nonlocal_energy { 0.6240986565415656   } 
   nonlocal_energyvar { 2.071866771988398   } 
   autocorr_energy { } 
} 

block { 
   label vmc
   totweight 64000
   nautocorr 0
   total_energy { -4.75022130576103   } 
   total_energyvar { 0.4859022594999846   } 
   weight { 1   } 
   weightvar { 0   } 
   kinetic_energy { 2.580792124924434   } 
   kinetic_energyvar { 2.762252464390649   } 
   potential_energy { -7.949863086872003   } 
   potential_energyvar { 4.102754883313814   } 
   nonlocal_energy { 0.6188496561865384   } 
   nonlocal_energyvar { 2.02620596831428   } 
   autocorr_energy { } 
} 

block { 
   label vmc
   totweight 64000
   nautocorr 0
   total_energy { -4.740084897467006   } 
   total_energyvar { 0.528889168702587   } 
   weight { 1   } 
   weightvar { 0   } 
   kinetic_energy { 2.584498590939384   } 
   kinetic_energyvar { 2.714001321199038   } 
   potential_energy { -7.93734801987743   } 
   potential_energyvar { 4.039559412615974   } 
   nonlocal_energy { 0.6127645314710398   } 
   nonlocal_energyvar { 1.947293414347455   } 
   autocorr_energy { } 
} 

block { 
   label vmc
   totweight 64000
   nautocorr 0
   total_energy { -4.739485656689001   } 
   total_energyvar { 0.5588937160299216   } 
   weight { 1   } 
   weightvar { 0   } 
   kinetic_energy { 2.588845712004318   } 
   kinetic_energyvar { 2.689326961756561   } 
   potential_energy { -7.945350023020684   } 
   potential_energyvar { 4.322525621193212   } 
   nonlocal_energy { 0.6170186543273672   } 
   nonlocal_energyvar { 2.147522263322295   } 
   autocorr_energy { } 
} 

block { 
   label vmc
   totweight 64000
   nautocorr 0
   total_energy { -4.746212140027153   } 
   total_energyvar { 0.5338191162873073   } 
   weight { 1   } 
   weightvar { 0   } 
   kinetic_energy { 2.600135188408181   } 
   kinetic_energyvar { 2.858330286815316   } 
   potential_energy { -7.973554515233276   } 
   potential_energyvar { 4.404862599716371   } 
   nonlocal_energy { 0.6272071867979415   } 
   nonlocal_energyvar { 2.103595829034937   } 
   autocorr_energy { } 
} 

block { 
   label vmc
   totweight 64000
   nautocorr 0
   total_energy { -4.741915950765502   } 
   total_energyvar { 0.5170684105427533   } 
   weight { 1   } 
   weightvar { 0   } 
   kinetic_energy { 2.568090448551243   } 
   kinetic_energyvar { 2.917194646961656   } 
   potential_energy { -7.951187892257835   } 
   potential_energyvar { 4.527104531816398   } 
   nonlocal_energy { 0.6411814929410907   } 
   nonlocal_energyvar { 2.421081342087184   } 
   autocorr_energy { } 
} 

block { 
   label vmc
   totweight 64000
   nautocorr 0
   total_energy { -4.745157818697309   } 
   total_energyvar { 0.5273753775714145   } 
   weight { 1   } 
   weightvar { 0   } 
   kinetic_energy { 2.588726700201512   } 
   kinetic_energyvar { 2.820329431140967   } 
   potential_energy { -7.955719973731114   } 
   potential_energyvar { 4.182722252138277   } 
   nonlocal_energy { 0.6218354548322936   } 
   nonlocal_energyvar { 2.134428536841311   } 
   autocorr_energy { } 
} 

block { 
   label vmc
   totweight 64000
   nautocorr 0
   total_energy { -4.741030219204867   } 
   total_energyvar { 0.5162216115230014   } 
   weight { 1   } 
   weightvar { 0   } 
   kinetic_energy { 2.559582544475745   } 
   kinetic_energyvar { 2.715382145462282   } 
   potential_energy { -7.926266200267275   } 
   potential_energyvar { 4.04648078737282   } 
   nonlocal_energy { 0.6256534365866631   } 
   nonlocal_energyvar { 2.105726164592311   } 
   autocorr_energy { } 
} 

block { 
   label vmc
   totweight 64000
   nautocorr 0
   total_energy { -4.745685359606987   } 
   total_energyvar { 0.5254542530953232   } 
   weight { 1   } 
   weightvar { 0   } 
   kinetic_energy { 2.556211101338203   } 
   kinetic_energyvar { 2.577762780735262   } 
   potential_energy { -7.918108619685554   } 
   potential_energyvar { 4.072362999468215   } 
   nonlocal_energy { 0.6162121587403642   } 
   nonlocal_energyvar { 1.936679477649286   } 
   autocorr_energy { } 
} 

block { 
   label vmc
   totweight 64000
   nautocorr 0
   total_energy { -4.74416365388783   } 
   total_energyvar { 0.5564594657205195   } 
   weight { 1   } 
   weightvar { 0   } 
   kinetic_energy { 2.587981186778105   } 
   kinetic_energyvar { 2.68495392193487   } 
   potential_energy { -7.967149083661304   } 
   potential_energyvar { 4.320475654944257   } 
   nonlocal_energy { 0.6350042429953707   } 
   nonlocal_energyvar { 2.171760661097471   } 
   autocorr_energy { } 
} 

block { 
   label vmc
   totweight 64000
   nautocorr 0
   total_energy { -4.745457943750624   } 
   total_energyvar { 0.4870635600168838   } 
   weight { 1   } 
   weightvar { 0   } 
   kinetic_energy { 2.575297084016231   } 
   kinetic_energyvar { 2.787588711755847   } 
   potential_energy { -7.948268416949396   } 
   potential_energyvar { 4.576001407674403   } 
   nonlocal_energy { 0.6275133891825404   } 
   nonlocal_energyvar { 2.276577912040262   } 
   autocorr_energy { } 
} 

block { 
   label vmc
   totweight 64000
   nautocorr 0
   total_energy { -4.745134092242802   } 
   total_energyvar { 0.5425040553067597   } 
   weight { 1   } 
   weightvar { 0   } 
   kinetic_energy { 2.581355508106405   } 
   kinetic_energyvar { 2.849955870665038   } 
   potential_energy { -7.964003297596547   } 
   potential_energyvar { 4.630330028774238   } 
   nonlocal_energy { 0.6375136972473415   } 
   nonlocal_energyvar { 2.410696932627106   } 
   autocorr_energy { } 
} 

block { 
   label vmc
   totweight 64000
   nautocorr 0
   total_energy { -4.738195315148023   } 
   total_energyvar { 0.5558558193859524   } 
   weight { 1   } 
   weightvar { 0   } 
   kinetic_energy { 2.580868482395785   } 
   kinetic_energyvar { 2.696232912705464   } 
   potential_energy { -7.937980967331807   } 
   potential_energyvar { 4.339066045381153   } 
   nonlocal_energy { 0.6189171697879978   } 
   nonlocal_energyvar { 2.129791722113269   } 
   autocorr_energy { } 
} 

block { 
   label vmc
   totweight 64000
   nautocorr 0
   total_energy { -4.747368020928671   } 
   total_energyvar { 0.5548399778983693   } 
   weight { 1   } 
   weightvar { 0   } 
   kinetic_energy { 2.576779556566998   } 
   kinetic_energyvar { 2.629621795523592   } 
   potential_energy { -7.942319240091587   } 
   potential_energyvar { 4.08648210862011   } 
   nonlocal_energy { 0.6181716625959178   } 
   nonlocal_energyvar { 2.032011223453329   } 
   autocorr_energy { } 
} 

block { 
   label vmc
   totweight 64000
   nautocorr 0
   total_energy { -4.745272424043398   } 
   total_energyvar { 0.5125661776987824   } 
   weight { 1   } 
   weightvar { 0   } 
   kinetic_energy { 2.56945056176532   } 
   kinetic_energyvar { 2.679149755191041   } 
   potential_energy { -7.931582633278201   } 
   potential_energyvar { 4.107045921818046   } 
   nonlocal_energy { 0.6168596474694825   } 
   nonlocal_energyvar { 1.94178744647943   } 
   autocorr_energy { } 
} 

block { 
   label vmc
   totweight 64000
   nautocorr 0
   total_energy { -4.748241500558626   } 
   total_energyvar { 0.483181480989454   } 
   weight { 1   } 
   weightvar { 0   } 
   kinetic_energy { 2.573525777068693   } 
   kinetic_energyvar { 2.756326740224245   } 
   potential_energy { -7.96111793551665   } 
   potential_energyvar { 4.560475194546195   } 
   nonlocal_energy { 0.6393506578893317   } 
   nonlocal_energyvar { 2.457765022193757   } 
   autocorr_energy { } 
} 

block { 
   label vmc
   totweight 64000
   nautocorr 0
   total_energy { -4.745813374417712   } 
   total_energyvar { 0.5597019835605782   } 
   weight { 1   } 
   weightvar { 0   } 
   kinetic_energy { 2.561041015919071   } 
   kinetic_energyvar { 2.7302690836693   } 
   potential_energy { -7.940663185828088   } 
   potential_energyvar { 4.673042388571468   } 
   nonlocal_energy { 0.6338087954913058   } 
   nonlocal_energyvar { 2.424928042574721   } 
   autocorr_energy { } 
} 

block { 
   label vmc
   totweight 64000
   nautocorr 0
   total_energy { -4.744177353419208   } 
   total_energyvar { 0.5004626162199708   } 
   weight { 1   } 
   weightvar { 0   } 
   kinetic_energy { 2.607565333200869   } 
   kinetic_energyvar { 2.861733811024386   } 
   potential_energy { -7.974207977075094   } 
   potential_energyvar { 4.24387318873689   } 
   nonlocal_energy { 0.6224652904550161   } 
   nonlocal_energyvar { 2.007792747480614   } 
   autocorr_energy { } 
} 

block { 
   label vmc
   totweight 64000
   nautocorr 0
   total_energy { -4.74679016436628   } 
   total_energyvar { 0.5314309185792507   } 
   weight { 1   } 
   weightvar { 0   } 
   kinetic_energy { 2.564703484627195   } 
   kinetic_energyvar { 2.646696481664734   } 
   potential_energy { -7.93719837567561   } 
   potential_energyvar { 4.125188553193698   } 
   nonlocal_energy { 0.6257047266821327   } 
   nonlocal_energyvar { 2.001888886632775   } 
   autocorr_energy { } 
} 

block { 
   label vmc
   totweight 64000
   nautocorr 0
   total_energy { -4.749540680642411   } 
   total_energyvar { 0.49272232972314   } 
   weight { 1   } 
   weightvar { 0   } 
   kinetic_energy { 2.564833121688175   } 
   kinetic_energyvar { 2.595427994189191   } 
   potential_energy { -7.932628966248224   } 
   potential_energyvar { 4.259862980270573   } 
   nonlocal_energy { 0.6182551639176352   } 
   nonlocal_energyvar { 2.125215435846299   } 
   autocorr_energy { } 
} 

block { 
   label vmc
   totweight 64000
   nautocorr 0
   total_energy { -4.74373018446284   } 
   total_energyvar { 0.5409993785003345   } 
   weight { 1   } 
   weightvar { 0   } 
   kinetic_energy { 2.585895133257238   } 
   kinetic_energyvar { 2.709921270040175   } 
   potential_energy { -7.95222292386681   } 
   potential_energyvar { 4.549297315074151   } 
   nonlocal_energy { 0.6225976061467315   } 
   nonlocal_energyvar { 2.239473113234182   } 
   autocorr_energy { } 
} 

block { 
   label vmc
   totweight 64000
   nautocorr 0
   total_energy { -4.744890055863684   } 
   total_energyvar { 0.5264566884139072   } 
   weight { 1   } 
   weightvar { 0   } 
   kinetic_energy { 2.566251685754   } 
   kinetic_energyvar { 2.663533944728957   } 
   potential_energy { -7.934263463947685   } 
   potential_energyvar { 4.320552741792049   } 
   nonlocal_energy { 0.6231217223300001   } 
   nonlocal_energyvar { 2.139110976002488   } 
   autocorr_energy { } 
} 

block { 
   label vmc
   totweight 64000
   nautocorr 0
   total_energy { -4.739778502231617   } 
   total_energyvar { 0.5552746432320065   } 
   weight { 1   } 
   weightvar { 0   } 
   kinetic_energy { 2.582405842608121   } 
   kinetic_energyvar { 2.779091856950665   } 
   potential_energy { -7.955168053155742   } 
   potential_energyvar { 4.354080053469559   } 
   nonlocal_energy { 0.632983708316004   } 
   nonlocal_energyvar { 2.156696339329524   } 
   autocorr_energy { } 
} 

block { 
   label vmc
   totweight 64000
   nautocorr 0
   total_energy { -4.742646991556413   } 
   total_energyvar { 0.5044422432559701   } 
   weight { 1   } 
   weightvar { 0   } 
   kinetic_energy { 2.582895373023822   } 
   kinetic_energyvar { 2.767410675238339   } 
   potential_energy { -7.954954786446631   } 
   potential_energyvar { 4.106439873486757   } 
   nonlocal_energy { 0.629412421866397   } 
   nonlocal_energyvar { 2.159230645765601   } 
   autocorr_energy { } 
} 

block { 
   label vmc
   totweight 64000
   nautocorr 0
   total_energy { -4.742924713541329   } 
   total_energyvar { 0.5683118879722673   } 
   weight { 1   } 
   weightvar { 0   } 
   kinetic_energy { 2.591005552322995   } 
   kinetic_energyvar { 2.791749682769125   } 
   potential_energy { -7.968136805562178   } 
   potential_energyvar { 4.422994848115554   } 
   nonlocal_energy { 0.6342065396978539   } 
   nonlocal_energyvar { 2.175873532771829   } 
   autocorr_energy { } 
} 

block { 
   label vmc
   totweight 64000
   nautocorr 0
   total_energy { -4.737548513909785   } 
   total_energyvar { 0.6244460579794145   } 
   weight { 1   } 
   weightvar { 0   } 
   kinetic_energy { 2.57419462348324   } 
   kinetic_energyvar { 2.712477651666215   } 
   potential_energy { -7.936901086107214   } 
   potential_energyvar { 4.41625037018752   } 
   nonlocal_energy { 0.6251579487141897   } 
   nonlocal_energyvar { 2.125909667088381   } 
   autocorr_energy { } 
} 

block { 
   label vmc
   totweight 64000
   nautocorr 0
   total_energy { -4.741692174234644   } 
   total_energyvar { 0.5553397775593474   } 
   weight { 1   } 
   weightvar { 0   } 
   kinetic_energy { 2.582881461830455   } 
   kinetic_energyvar { 2.745995737095275   } 
   potential_energy { -7.947373013851251   } 
   potential_energyvar { 4.12356684281809   } 
   nonlocal_energy { 0.6227993777861527   } 
   nonlocal_energyvar { 2.035893864642168   } 
   autocorr_energy { } 
} 

block { 
   label vmc
   totweight 64000
   nautocorr 0
   total_energy { -4.744611943157563   } 
   total_energyvar { 0.5356871209368418   } 
   weight { 1   } 
   weightvar { 0   } 
   kinetic_energy { 2.580328327613   } 
   kinetic_energyvar { 2.842040587324159   } 
   potential_energy { -7.951971174482275   } 
   potential_energyvar { 4.561344509950633   } 
   nonlocal_energy { 0.6270309037117127   } 
   nonlocal_energyvar { 2.341032533680964   } 
   autocorr_energy { } 
} 

block { 
   label vmc
   totweight 64000
   nautocorr 0
   total_energy { -4.741680709293543   } 
   total_energyvar { 0.6011148469265319   } 
   weight { 1   } 
   weightvar { 0   } 
   kinetic_energy { 2.575411232937791   } 
   kinetic_energyvar { 2.74843445666047   } 
   potential_energy { -7.949176379115249   } 
   potential_energyvar { 4.242964216149809   } 
   nonlocal_energy { 0.632084436883915   } 
   nonlocal_energyvar { 2.137929248934442   } 
   autocorr_energy { } 
} 

block { 
   label vmc
   totweight 64000
   nautocorr 0
   total_energy { -4.743379203869674   } 
   total_energyvar { 0.5047398670878755   } 
   weight { 1   } 
   weightvar { 0   } 
   kinetic_energy { 2.585437387141369   } 
   kinetic_energyvar { 2.714344466769548   } 
   potential_energy { -7.955180066092738   } 
   potential_energyvar { 4.056571084043236   } 
   nonlocal_energy { 0.6263634750816939   } 
   nonlocal_energyvar { 2.000814993999953   } 
   autocorr_energy { } 
} 

block { 
   label vmc
   totweight 64000
   nautocorr 0
   total_energy { -4.743847549679155   } 
   total_energyvar { 0.5283692391105839   } 
   weight { 1   } 
   weightvar { 0   } 
   kinetic_energy { 2.571060012058111   } 
   kinetic_energyvar { 2.790199761087222   } 
   potential_energy { -7.950743103353429   } 
   potential_energyvar { 4.485425880933978   } 
   nonlocal_energy { 0.635835541616162   } 
   nonlocal_energyvar { 2.318669817906149   } 
   autocorr_energy { } 
} 

block { 
   label vmc
   totweight 64000
   nautocorr 0
   total_energy { -4.739581562361536   } 
   total_energyvar { 0.5849924591070501   } 
   weight { 1   } 
   weightvar { 0   } 
   kinetic_energy { 2.575434696119051   } 
   kinetic_energyvar { 2.704141970374894   } 
   potential_energy { -7.928753146194977   } 
   potential_energyvar { 4.11756412124477   } 
   nonlocal_energy { 0.6137368877143882   } 
   nonlocal_energyvar { 2.069698430580924   } 
   autocorr_energy { } 
} 

