
 Primary working directories    : /global/cscratch1/sd/gwang18
 Secondary working directories  : /global/cscratch1/sd/gwang18
 Wavefunction directory         : /global/homes/g/gwang18/wfu/
 Main file repository           : /global/cscratch1/sd/gwang18/

 SHA1      : 19cd028119e0e09f93f0674bd8af7968d9b3eff6
 NAME      : 2015.1.36
 ARCHNAME  : linux/x86_64
 FC        : /opt/cray/pe/craype/2.5.14/bin/ftn
 BLASLIB   : -L/opt/intel/compilers_and_libraries_2018.1.163/linux/mkl/lib/intel64 -Wl,-_start-group -lmkl_intel_ilp64 -lmkl_intel_thread -lmkl_core -Wl,-_end-group -liomp5
 id        : lbl

 Nodes     nprocs
 nid00026     1
 Number of processes for MPI-2 version of Molpro:   nprocs(total)=    2   nprocs(compute)=    1   nprocs(helper)=    1

 Using customized tuning parameters: mindgm=7; mindgv=16; mindgc=1; mindgr=1; noblas=0; minvec=7
 default implementation of scratch files=df  

 ***,SiH4
 memory,8,g
 gthresh,twoint=1.0E-12
 
 
 basis={
 ECP,Si,10,2,0;
 3;                                                                              !Vd
 1,5.168316,    4.000000
 3,8.861690,   20.673264
 2,3.933474,  -14.818174
 2;                                                                              !Vs-Vd
 2,9.447023,   14.832760
 2,2.553812,   26.349664
 2;                                                                              !Vp-Vd
 2,3.660001,    7.621400
 2,1.903653,   10.331583
 
 Including file /global/u2/g/gwang18/projects/si_gap/sih2/ci/cisdt/Si.aug-cc-pVDZ.basis
 
 ECP,H,0,1,0
 3;
 2,   21.77696655044365 ,     -10.85192405303825 ;
 1,   21.24359508259891 ,       1.00000000000000;
 3,   21.24359508259891 ,      21.24359508259891;
 1; 2,                   1.,                      0.;
 
 Including file /global/u2/g/gwang18/projects/si_gap/sih2/ci/cisdt/H.aug-cc-pVDZ.basis
 }
 
 
 angstrom
 geometry={
  Si
  H1     Si     1.51402
  H2     Si     1.51402      H1     91.9830
 }
 
                                                                                 ! HARTREE-FOCK
 {RHF
    wf,6,1,0                                                                     ! nelec,symm,spin
 }
 scf = energy
 
  !NOTE: Perturbative MRCC works only with UHF reference. So, here we will trick MRCC by doing zero UHF iteration right after ROHF.
 {uhf
 wf,6,1,0
 maxit,0
 }
 scf=energy
 pop;
 
 
 {mrcc,method=CISDT,NSING=2,TOL=1.0E-7
 orbital,ignore_error=1                                                          !Ignore the fact that UHF WF is not converged
 maxit,100
 core
 }
 posthf=energy
 
 table,scf,posthf
 save,dz.csv,new

 Variables initialized (889), CPU time= 0.00 sec
 Commands  initialized (702), CPU time= 0.01 sec, 572 directives.
 Default parameters read. Elapsed time= 0.11 sec

 Checking input...
 Passed
1


                                         ***  PROGRAM SYSTEM MOLPRO  ***
                                       Copyright, TTI GmbH Stuttgart, 2015
                                    Version 2015.1 linked Dec 29 2018 15:55:43


 **********************************************************************************************************************************
 LABEL *   SiH4                                                                          
  64 bit serial version                                                                  DATE: 01-May-20          TIME: 18:34:46  
 **********************************************************************************************************************************

 SHA1:             19cd028119e0e09f93f0674bd8af7968d9b3eff6
 **********************************************************************************************************************************

 THRESHOLDS:

 ZERO    =  1.00D-12  ONEINT  =  1.00D-12  TWOINT  =  1.00D-12  PREFAC  =  1.00D-14  LOCALI  =  1.00D-09  EORDER  =  1.00D-04
 ENERGY  =  0.00D+00  ETEST   =  0.00D+00  EDENS   =  0.00D+00  THRDEDEF=  1.00D-06  GRADIENT=  1.00D-02  STEP    =  1.00D-03
 ORBITAL =  1.00D-05  CIVEC   =  1.00D-05  COEFF   =  1.00D-04  PRINTCI =  5.00D-02  PUNCHCI =  9.90D+01  OPTGRAD =  3.00D-04
 OPTENERG=  1.00D-06  OPTSTEP =  3.00D-04  THRGRAD =  1.00D-10  COMPRESS=  1.00D-11  VARMIN  =  1.00D-07  VARMAX  =  1.00D-03
 THRDOUB =  0.00D+00  THRDIV  =  1.00D-05  THRRED  =  1.00D-07  THRPSP  =  1.00D+00  THRDC   =  1.00D-10  THRCS   =  1.00D-10
 THRNRM  =  1.00D-08  THREQ   =  0.00D+00  THRDE   =  1.00D+00  THRREF  =  1.00D-05  SPARFAC =  1.00D+00  THRDLP  =  1.00D-07
 THRDIA  =  1.00D-10  THRDLS  =  1.00D-07  THRGPS  =  0.00D+00  THRKEX  =  0.00D+00  THRDIS  =  2.00D-01  THRVAR  =  1.00D-10
 THRLOC  =  1.00D-06  THRGAP  =  1.00D-06  THRLOCT = -1.00D+00  THRGAPT = -1.00D+00  THRORB  =  1.00D-06  THRMLTP =  0.00D+00
 THRCPQCI=  1.00D-10  KEXTA   =  0.00D+00  THRCOARS=  0.00D+00  SYMTOL  =  1.00D-06  GRADTOL =  1.00D-06  THROVL  =  1.00D-08
 THRORTH =  1.00D-08  GRID    =  1.00D-06  GRIDMAX =  1.00D-03  DTMAX   =  0.00D+00  THROCCDE=  1.00D-01  THROCCDE=  1.00D-01



 Variable memory set to 8000000000 words,  buffer space   230000 words

 SETTING BASIS          =    USERDEF
 ZUNIT=ANG
 


 Recomputing integrals since basis changed


 Using spherical harmonics



 PROGRAM * SEWARD (Integral evaluation for generally contracted gaussian basis sets)     Author: Roland Lindh, 1990

 Geometry written to block  1 of record 700

 Orientation using atomic masses  
 Molecule type: Asymmetric top,     Order of principal axis = 2
 Symmetry elements: X,Y
 Rotational constants:     113.0212983    242.8385172    211.4197542 GHz  (calculated with average atomic masses)

 Point group  C2v 



 ATOMIC COORDINATES

 NR  ATOM    CHARGE       X              Y              Z

   1  SI      4.00    0.000000000    0.000000000   -0.133121049
   2  H1      1.00    0.000000000    2.057796109    1.854659610
   3  H2      1.00    0.000000000   -2.057796109    1.854659610

 Bond lengths in Bohr (Angstrom)

 1-2  2.861083147  1-3  2.861083147
     ( 1.514020000)     ( 1.514020000)

 Bond angles

  2-1-3   91.98300000

 NUCLEAR CHARGE:                    6
 NUMBER OF PRIMITIVE AOS:          92
 NUMBER OF SYMMETRY AOS:           90
 NUMBER OF CONTRACTIONS:           40   (  17A1  +   7B1  +  12B2  +   4A2  )
 NUMBER OF CORE ORBITALS:           0   (   0A1  +   0B1  +   0B2  +   0A2  )
 NUMBER OF VALENCE ORBITALS:        6   (   3A1  +   1B1  +   2B2  +   0A2  )


 NUCLEAR REPULSION ENERGY    3.03912223

 Eigenvalues of metric

         1 0.218E-02 0.117E-01 0.301E-01 0.552E-01 0.660E-01 0.167E+00 0.224E+00 0.245E+00
         2 0.161E-01 0.662E-01 0.260E+00 0.478E+00 0.757E+00 0.197E+01 0.370E+01
         3 0.196E-02 0.480E-02 0.507E-01 0.753E-01 0.107E+00 0.244E+00 0.356E+00 0.371E+00
         4 0.169E+00 0.477E+00 0.806E+00 0.230E+01


 Contracted 2-electron integrals neglected if value below      1.0D-12
 AO integral compression algorithm  1   Integral accuracy      1.0D-12

     1.311 MB (compressed) written to integral file ( 92.5%)


 NUMBER OF SORTED TWO-ELECTRON INTEGRALS:      95435.     BUFFER LENGTH:  32768
 NUMBER OF SEGMENTS:   1  SEGMENT LENGTH:      95435      RECORD LENGTH: 524288

 Memory used in sort:       0.65 MW

 SORT1 READ      157879. AND WROTE       88348. INTEGRALS IN      1 RECORDS. CPU TIME:     0.01 SEC, REAL TIME:     0.01 SEC
 SORT2 READ       88348. AND WROTE       95435. INTEGRALS IN      5 RECORDS. CPU TIME:     0.00 SEC, REAL TIME:     0.01 SEC

 FILE SIZES:   FILE 1:    21.2 MBYTE,  FILE 4:     4.2 MBYTE,   TOTAL:     25.5 MBYTE

 OPERATOR DM      FOR CENTER  0  COORDINATES:    0.000000    0.000000    0.000000


 **********************************************************************************************************************************
 DATASETS  * FILE   NREC   LENGTH (MB)   RECORD NAMES
              1      20       20.58       500      610      700      900      950      970     1000      129      960     1100   
                                          VAR    BASINP    GEOM    SYMINP    ZMAT    AOBASIS   BASIS     P2S    ABASIS      S 
                                         1400     1410     1420     1200     1210     1080     1600     1650     1300     1700   
                                           T        V       ECP      H0       H01     AOSYM     SMH    MOLCAS    ERIS     OPER   

 PROGRAMS   *        TOTAL       INT
 CPU TIMES  *         0.83      0.74
 REAL TIME  *         4.61 SEC
 DISK USED  *        25.75 MB      
 **********************************************************************************************************************************


 PROGRAM * RHF-SCF (CLOSED SHELL)       Authors: W. Meyer, H.-J. Werner


 NUMBER OF ELECTRONS:       3+    3-    SPACE SYMMETRY=1    SPIN SYMMETRY: Singlet 
 CONVERGENCE THRESHOLDS:    1.00E-05 (Density)    1.00E-07 (Energy)
 MAX. NUMBER OF ITERATIONS:       60
 INTERPOLATION TYPE:            DIIS
 INTERPOLATION STEPS:              2 (START)      1 (STEP)
 LEVEL SHIFTS:                  0.00 (CLOSED)  0.00 (OPEN) 



 Orbital guess generated from atomic densities. Full valence occupancy:    3   1   2   0

 Molecular orbital dump at record        2100.2

 Initial occupancy:   2   0   1   0

 ITERATION    DDIFF          GRAD             ENERGY        2-EL.EN.            DIPOLE MOMENTS         DIIS   ORB.
    1      0.000D+00      0.000D+00        -4.83855211      9.729710    0.00000    0.00000    0.03635    0    start
    2      0.000D+00      0.818D-02        -4.84498689      9.856866    0.00000    0.00000    0.10309    1    diag
    3      0.136D-01      0.204D-02        -4.84554393      9.859659    0.00000    0.00000    0.12907    2    diag
    4      0.490D-02      0.449D-03        -4.84558095      9.860627    0.00000    0.00000    0.14162    3    diag
    5      0.112D-02      0.838D-04        -4.84558249      9.860384    0.00000    0.00000    0.14465    4    diag
    6      0.299D-03      0.104D-04        -4.84558251      9.860353    0.00000    0.00000    0.14504    5    diag
    7      0.346D-04      0.917D-06        -4.84558251      9.860350    0.00000    0.00000    0.14505    6    diag
    8      0.296D-05      0.115D-06        -4.84558251      9.860350    0.00000    0.00000    0.14505    0    orth

 Final occupancy:   2   0   1   0

 !RHF STATE 1.1 Energy                 -4.845582506179
 Nuclear energy                         3.03912223
 One-electron energy                  -12.81487956
 Two-electron energy                    4.93017482
 Virial quotient                       -1.92107327
 !RHF STATE 1.1 Dipole moment           0.00000000     0.00000000     0.14504960
 Dipole moment /Debye                   0.00000000     0.00000000     0.36865517

 Orbital energies:

         1.1          2.1          3.1          4.1
     -0.680561    -0.337736     0.072985     0.195410

         1.2          2.2
      0.004793     0.233274

         1.3          2.3          3.3
     -0.458968     0.107932     0.147633

         1.4          2.4
      0.230988     0.507638

 HOMO      2.1    -0.337736 =      -9.1903eV
 LUMO      1.2     0.004793 =       0.1304eV
 LUMO-HOMO         0.342529 =       9.3207eV


 **********************************************************************************************************************************
 DATASETS  * FILE   NREC   LENGTH (MB)   RECORD NAMES
              1      20       20.58       500      610      700      900      950      970     1000      129      960     1100   
                                          VAR    BASINP    GEOM    SYMINP    ZMAT    AOBASIS   BASIS     P2S    ABASIS      S 
                                         1400     1410     1420     1200     1210     1080     1600     1650     1300     1700   
                                           T        V       ECP      H0       H01     AOSYM     SMH    MOLCAS    ERIS     OPER   

              2       4        2.77       700     1000      520     2100   
                                         GEOM     BASIS   MCVARS     RHF  

 PROGRAMS   *        TOTAL       RHF       INT
 CPU TIMES  *         0.88      0.04      0.74
 REAL TIME  *         4.76 SEC
 DISK USED  *        25.75 MB      
 **********************************************************************************************************************************
 SETTING SCF            =        -4.84558251  AU                              


 PROGRAM * UHF-SCF       Authors: W. Meyer, H.-J. Werner


 NUMBER OF ELECTRONS:       3+    3-    SPACE SYMMETRY=1    SPIN SYMMETRY: Singlet 
 CONVERGENCE THRESHOLDS:    1.00E-05 (Density)    1.00E-07 (Energy)
 MAX. NUMBER OF ITERATIONS:        0
 INTERPOLATION TYPE:            DIIS
 INTERPOLATION STEPS:              2 (START)      1 (STEP)
 LEVEL SHIFTS:                  0.20 (ALPHA)   0.20 (BETA) 



 Molecular orbitals read from record     2100.2  Type=RHF/CANONICAL (state 1.1)

 Molecular orbital dump at record        2200.2

 Initial alpha occupation   2   0   1   0
 Initial beta  occupation   2   0   1   0

 ITERATION    DDIFF          GRAD             ENERGY        2-EL.EN.            DIPOLE MOMENTS         DIIS
    1      0.000D+00      0.000D+00        -4.84558251      9.860350    0.00000    0.00000    0.14505    0
 
 Final alpha occupancy:   2   0   1   0
 Final beta  occupancy:   2   0   1   0

 !UHF STATE 1.1 Energy                 -4.845582506179
 Nuclear energy                         3.03912223
 One-electron energy                  -12.81487956
 Two-electron energy                    4.93017482
 Virial quotient                       -1.92107327
 !UHF STATE 1.1 Dipole moment           0.00000000     0.00000000     0.14504960
 Dipole moment /Debye                   0.00000000     0.00000000     0.36865517

 Orbital energies for positive spin:

         1.1          2.1          3.1          4.1
     -0.680561    -0.337736     0.072985     0.195410

         1.2          2.2
      0.004793     0.233274

         1.3          2.3          3.3
     -0.458968     0.107932     0.147633

         1.4          2.4
      0.230988     0.507638

 Orbital energies for negative spin:

         1.1          2.1          3.1          4.1
     -0.680561    -0.337736     0.072985     0.195410

         1.2          2.2
      0.004793     0.233274

         1.3          2.3          3.3
     -0.458968     0.107932     0.147633

         1.4          2.4
      0.230988     0.507638

 HOMO      2.1    -0.337736 =      -9.1903eV
 LUMO      1.2     0.004793 =       0.1304eV
 LUMO-HOMO         0.342529 =       9.3207eV

 EXPECTATION VALUE OF S**2:            -0.00000000

 Natural orbitals saved to record    2200.2 (Orbital set 3)

 Orbital spaces for UNO-CAS (Min. occupation: 0.020  Max. occupation: 1.980):

 Closed:        2   0   1   0
 Active:        0   0   0   0

 No convergence



 **********************************************************************************************************************************
 DATASETS  * FILE   NREC   LENGTH (MB)   RECORD NAMES
              1      20       20.58       500      610      700      900      950      970     1000      129      960     1100   
                                          VAR    BASINP    GEOM    SYMINP    ZMAT    AOBASIS   BASIS     P2S    ABASIS      S 
                                         1400     1410     1420     1200     1210     1080     1600     1650     1300     1700   
                                           T        V       ECP      H0       H01     AOSYM     SMH    MOLCAS    ERIS     OPER   

              2       5        5.30       700     1000      520     2100     2200   
                                         GEOM     BASIS   MCVARS     RHF      UHF  

 PROGRAMS   *        TOTAL       UHF       RHF       INT
 CPU TIMES  *         0.88      0.00      0.04      0.74
 REAL TIME  *         4.82 SEC
 DISK USED  *        25.95 MB      
 **********************************************************************************************************************************
 SETTING SCF            =        -4.84558251  AU                              


 PROGRAM * POP (Mulliken population analysis)

 
 Density matrix read from record         2200.2  Type=UHF/CHARGE (state 1.1)
 
 Population analysis by basis function type

 Unique atom        s        p        d        f        g    Total    Charge
   1  SI      1.80670  2.39499  0.21236  0.00000  0.00000  4.41406  - 0.41406
   2  H1      0.79445 -0.00148  0.00000  0.00000  0.00000  0.79297  + 0.20703


 **********************************************************************************************************************************
 DATASETS  * FILE   NREC   LENGTH (MB)   RECORD NAMES
              1      20       20.58       500      610      700      900      950      970     1000      129      960     1100   
                                          VAR    BASINP    GEOM    SYMINP    ZMAT    AOBASIS   BASIS     P2S    ABASIS      S 
                                         1400     1410     1420     1200     1210     1080     1600     1650     1300     1700   
                                           T        V       ECP      H0       H01     AOSYM     SMH    MOLCAS    ERIS     OPER   

              2       5        5.30       700     1000      520     2100     2200   
                                         GEOM     BASIS   MCVARS     RHF      UHF  

 PROGRAMS   *        TOTAL       POP       UHF       RHF       INT
 CPU TIMES  *         0.89      0.01      0.00      0.04      0.74
 REAL TIME  *         4.83 SEC
 DISK USED  *        25.95 MB      
 **********************************************************************************************************************************


 PROGRAM * MRCC (General Multireference Coupled Cluster)    Author: M. Kallay, 2000-2005

 ***  Initialisation ***

   0 Spin projections
 
 Molecular orbitals read from record     2200.2  Type=UHF/ALPHA (state 1.1)

 ?Warning: UHF not converged
 Molecular orbitals read from record     2200.2  Type=UHF/BETA (state 1.1)

 ?Warning: UHF not converged
 
 Frozen orbitals:              0 (  0  0  0  0  0  0  0  0)
 Active orbitals:             40 ( 17  7 12  4  0  0  0  0)
 Active electrons:             6
 Spin quantum number:          0.0

 Transformed integrals will be written to file mrcc_44011/fort.55

 Load integrals                1.8 sec
 Transform integrals           1.9 sec
 Storage for integrals:         540112
 Remaining memory:           *********

 Core energy:               3.03912223
 
 MRCC Input:
     3     2     0     0     0     0     0     1     0     1     0     1     0     0     0     7     0     0   0.000     0   64000
  ex.lev,nsing,ntrip, rest,method,dens,conver,symm, diag, CS ,spatial, HF, ndoub,nacto,nactv, tol, maxex, sacc, freq,  dboc,   mem
  2  2  0  0  0  0  0  0  0  0  0  0  0  0  0  0  0  0  0  0  0  0  0  0  2  0  0  0  0  0  0  0  0  0  0  0  0  0  0  0
 MRCC Input end
 Variable memory released
 MRCC now being run, temporary output in /global/cscratch1/sd/gwang18/mrcc_44011/mrcc.out
 **********************************************************************
                          MRCC program system
 **********************************************************************

                              Written by
 Mihaly Kallay, Peter R. Nagy, Zoltan Rolik, David Mester, Gyula Samu,
   Jozsef Csontos, Jozsef Csoka, Bernat P. Szabo, Laszlo Gyevi-Nagy,
    Istvan Ladjanszki, Lorant Szegedy, Bence Ladoczki, Klara Petrov,
              Mate Farkas, Pal D. Mezei, and Bence Hegely

        Department of Physical Chemistry and Materials Science
            Budapest University of Technology and Economics
                  Budapest P.O.Box 91, H-1521 Hungary

                              www.mrcc.hu

                     Release date: February 9, 2019

 ************************ 2020-05-01 18:34:51 *************************
 Executing goldstone...

 Generation of CI equations in terms of H and C...
 Generation of antisymmetrized Goldstone diagrams...
 Number of diagrams in T^1 equations:     8
 Number of diagrams in T^2 equations:    11
 Number of diagrams in T^3 equations:     8
 Translation of diagrams to factorized equations...
 Optimizing intermediate calculation...
 Number of floating-point operations per iteration step:   5.8280E+08
 Probable CPU time per iteration step (hours):      0.01
 Required memory (Mbytes):     248.4
 Number of intermediates:                                  38
 Number of intermediates to be stored:                     11
 Length of intermediate file (Mbytes):       9.5

 ************************ 2020-05-01 18:34:51 *************************
 Executing xmrcc...

 **********************************************************************
 CI(                     3 ) calculation


 Allocation of 248.4 Mbytes of memory...
 Number of spinorbitals:                    80
 Number of alpha electrons:                        3
 Number of beta electrons:                         3
 z-component of spin:  0.0
 Spatial symmetry:                      1
 Convergence criterion:  1.0E-07
 Construction of occupation graphs...
 Number of                     0 -fold excitations:                      1
 Number of                     1 -fold excitations:                     82
 Number of                     2 -fold excitations:                   4745
 Number of                     3 -fold excitations:                 121296
 Total number of configurations:                 126124
 Calculation of coupling coefficients...
 Length of intermediate file (Mbytes):       7.6

 ======================================================================

 ======================================================================

 Memory requirements /Mbyte/:
               Minimal        Optimal
 Real*8:          4.5733        19.5596
 Integer:         1.7315
 Total:           6.3048        21.2911


 ************************ 2020-05-01 18:34:52 *************************
 Executing mrcc...

 **********************************************************************
 CISDT calculation


 Allocation of   19.6 Mbytes of memory...
 Number of spinorbitals:  80
 Number of alpha electrons:  3
 Number of beta  electrons:  3
 z-component of spin:  0.0
 Spatial symmetry: 1
 Convergence criterion:  1.0E-07
 Construction of occupation graphs...
 Number of 0-fold excitations: 1
 Number of 1-fold excitations: 82
 Number of 2-fold excitations: 4745
 Number of 3-fold excitations: 121296
 Total number of determinants: 126124
 Calculation of coupling coefficients...
 Initial cluster amplitudes are generated.
 Length of intermediate file (Mbytes):       7.6
 Reading integral list from unit 55...
 Sorting integrals...
 Sorting integrals...
 Sorting integrals...
 Sorting integrals...
 Energy of reference determinant [au]:      -4.845582506179
 Calculation of diagonal elements of Hamiltonian...

 Starting CI iteration for root                      1 ...
 ======================================================================
 Norm of residual vector:     0.46648482      Convergence:   1.00000000
 CPU time [min]:     0.019                   Wall time [min]:     0.021

 Iteration  1  CI energy:    -4.84558251  Energy decrease:   0.0000E+00
 ======================================================================
 Norm of residual vector:     0.11914029      Convergence:   0.28561069
 CPU time [min]:     0.029                   Wall time [min]:     0.030

 Iteration  2  CI energy:    -4.96020006  Energy decrease:   0.11461756
 ======================================================================
 Norm of residual vector:     0.03390740      Convergence:   0.06921773
 CPU time [min]:     0.039                   Wall time [min]:     0.041

 Iteration  3  CI energy:    -4.96715156  Energy decrease:   0.00695150
 ======================================================================
 Norm of residual vector:     0.01102029      Convergence:   0.02037448
 CPU time [min]:     0.048                   Wall time [min]:     0.051

 Iteration  4  CI energy:    -4.96774283  Energy decrease:   0.00059127
 ======================================================================
 Norm of residual vector:     0.00425239      Convergence:   0.00848483
 CPU time [min]:     0.058                   Wall time [min]:     0.061

 Iteration  5  CI energy:    -4.96782238  Energy decrease:   0.00007955
 ======================================================================
 Norm of residual vector:     0.00150317      Convergence:   0.00295136
 CPU time [min]:     0.068                   Wall time [min]:     0.071

 Iteration  6  CI energy:    -4.96783309  Energy decrease:   0.00001071
 ======================================================================
 Norm of residual vector:     0.00046372      Convergence:   0.00090600
 CPU time [min]:     0.078                   Wall time [min]:     0.081

 Iteration  7  CI energy:    -4.96783428  Energy decrease:   0.00000119
 ======================================================================
 Norm of residual vector:     0.00017143      Convergence:   0.00031973
 CPU time [min]:     0.088                   Wall time [min]:     0.093

 Iteration  8  CI energy:    -4.96783441  Energy decrease:   0.00000012
 ======================================================================
 Norm of residual vector:     0.00006172      Convergence:   0.00011601
 CPU time [min]:     0.098                   Wall time [min]:     0.103

 Iteration  9  CI energy:    -4.96783443  Energy decrease:   0.00000002
 ======================================================================
 Norm of residual vector:     0.00002241      Convergence:   0.00004183
 CPU time [min]:     0.108                   Wall time [min]:     0.113

 Iteration 10  CI energy:    -4.96783443  Energy decrease:   2.2111E-09
 ======================================================================
 Norm of residual vector:     0.00000732      Convergence:   0.00001341
 CPU time [min]:     0.119                   Wall time [min]:     0.124

 Iteration 11  CI energy:    -4.96783443  Energy decrease:   2.6215E-10
 ======================================================================
 Norm of residual vector:     0.00000261      Convergence:   0.00000500
 CPU time [min]:     0.129                   Wall time [min]:     0.135

 Iteration 12  CI energy:    -4.96783443  Energy decrease:   3.0765E-11
 ======================================================================
 Norm of residual vector:     0.00000085      Convergence:   0.00000166
 CPU time [min]:     0.140                   Wall time [min]:     0.147

 Iteration 13  CI energy:    -4.96783443  Energy decrease:   3.7836E-12
 ======================================================================
 Norm of residual vector:     0.00000026      Convergence:   0.00000050
 CPU time [min]:     0.150                   Wall time [min]:     0.158

 Iteration 14  CI energy:    -4.96783443  Energy decrease:   3.6859E-13
 ======================================================================
 Norm of residual vector:     0.0000E+00      Convergence:   1.5301E-07
 CPU time [min]:     0.161                   Wall time [min]:     0.169

 Iteration 15  CI energy:    -4.96783443  Energy decrease:   3.4639E-14
 ======================================================================

 Iteration has converged in 15 steps.

 Final results:
 Total CISDT energy [au]:             -4.967834428868
 Spin multiplicity:                     1



 Starting CI iteration for root                      2 ...
 ======================================================================
 Norm of residual vector:     0.33192516      Convergence:   1.00000000
 CPU time [min]:     0.171                   Wall time [min]:     0.180

 Iteration  1  CI energy:    -4.60122873  Energy decrease:   0.24435377
 ======================================================================
 Norm of residual vector:     0.22309624      Convergence:   0.46057950
 CPU time [min]:     0.180                   Wall time [min]:     0.189

 Iteration  2  CI energy:    -4.69459461  Energy decrease:   0.09336588
 ======================================================================
 Norm of residual vector:     0.08843661      Convergence:   0.20937427
 CPU time [min]:     0.190                   Wall time [min]:     0.199

 Iteration  3  CI energy:    -4.72731749  Energy decrease:   0.03272288
 ======================================================================
 Norm of residual vector:     0.03814812      Convergence:   0.07933361
 CPU time [min]:     0.199                   Wall time [min]:     0.209

 Iteration  4  CI energy:    -4.73299295  Energy decrease:   0.00567546
 ======================================================================
 Norm of residual vector:     0.01898869      Convergence:   0.03968654
 CPU time [min]:     0.209                   Wall time [min]:     0.219

 Iteration  5  CI energy:    -4.73418015  Energy decrease:   0.00118720
 ======================================================================
 Norm of residual vector:     0.01179712      Convergence:   0.01655080
 CPU time [min]:     0.219                   Wall time [min]:     0.229

 Iteration  6  CI energy:    -4.73441951  Energy decrease:   0.00023936
 ======================================================================
 Norm of residual vector:     0.01075616      Convergence:   0.01270408
 CPU time [min]:     0.229                   Wall time [min]:     0.239

 Iteration  7  CI energy:    -4.73449797  Energy decrease:   0.00007846
 ======================================================================
 Norm of residual vector:     0.01035940      Convergence:   0.01061037
 CPU time [min]:     0.239                   Wall time [min]:     0.250

 Iteration  8  CI energy:    -4.73455851  Energy decrease:   0.00006054
 ======================================================================
 Norm of residual vector:     0.01041009      Convergence:   0.01531186
 CPU time [min]:     0.249                   Wall time [min]:     0.260

 Iteration  9  CI energy:    -4.73463111  Energy decrease:   0.00007260
 ======================================================================
 Norm of residual vector:     0.00935192      Convergence:   0.01108480
 CPU time [min]:     0.260                   Wall time [min]:     0.271

 Iteration 10  CI energy:    -4.73469887  Energy decrease:   0.00006777
 ======================================================================
 Norm of residual vector:     0.00795407      Convergence:   0.00935977
 CPU time [min]:     0.270                   Wall time [min]:     0.282

 Iteration 11  CI energy:    -4.73474704  Energy decrease:   0.00004817
 ======================================================================
 Norm of residual vector:     0.00694607      Convergence:   0.00673185
 CPU time [min]:     0.281                   Wall time [min]:     0.292

 Iteration 12  CI energy:    -4.73477302  Energy decrease:   0.00002597
 ======================================================================
 Norm of residual vector:     0.00614123      Convergence:   0.00427701
 CPU time [min]:     0.291                   Wall time [min]:     0.304

 Iteration 13  CI energy:    -4.73478511  Energy decrease:   0.00001209
 ======================================================================
 Norm of residual vector:     0.00565879      Convergence:   0.00250989
 CPU time [min]:     0.302                   Wall time [min]:     0.315

 Iteration 14  CI energy:    -4.73478975  Energy decrease:   0.00000464
 ======================================================================
 Norm of residual vector:     0.00549836      Convergence:   0.00112680
 CPU time [min]:     0.313                   Wall time [min]:     0.326

 Iteration 15  CI energy:    -4.73479078  Energy decrease:   0.00000103
 ======================================================================
 Norm of residual vector:     0.00547545      Convergence:   0.00019224
 CPU time [min]:     0.324                   Wall time [min]:     0.337

 Iteration 16  CI energy:    -4.73479081  Energy decrease:   0.00000004
 ======================================================================
 Norm of residual vector:     0.00546552      Convergence:   0.00055174
 CPU time [min]:     0.336                   Wall time [min]:     0.349

 Iteration 17  CI energy:    -4.73479110  Energy decrease:   0.00000029
 ======================================================================
 Norm of residual vector:     0.00521197      Convergence:   0.00145358
 CPU time [min]:     0.347                   Wall time [min]:     0.360

 Iteration 18  CI energy:    -4.73479341  Energy decrease:   0.00000231
 ======================================================================
 Norm of residual vector:     0.00386512      Convergence:   0.00248880
 CPU time [min]:     0.358                   Wall time [min]:     0.372

 Iteration 19  CI energy:    -4.73480106  Energy decrease:   0.00000764
 ======================================================================
 Norm of residual vector:     0.00190397      Convergence:   0.00248867
 CPU time [min]:     0.370                   Wall time [min]:     0.385

 Iteration 20  CI energy:    -4.73480879  Energy decrease:   0.00000773
 ======================================================================
 Norm of residual vector:     0.00079542      Convergence:   0.00143151
 CPU time [min]:     0.382                   Wall time [min]:     0.397

 Iteration 21  CI energy:    -4.73481099  Energy decrease:   0.00000220
 ======================================================================
 Norm of residual vector:     0.00032093      Convergence:   0.00060336
 CPU time [min]:     0.393                   Wall time [min]:     0.409

 Iteration 22  CI energy:    -4.73481140  Energy decrease:   0.00000041
 ======================================================================
 Norm of residual vector:     0.00017181      Convergence:   0.00032935
 CPU time [min]:     0.405                   Wall time [min]:     0.422

 Iteration 23  CI energy:    -4.73481148  Energy decrease:   0.00000008
 ======================================================================
 Norm of residual vector:     0.00008175      Convergence:   0.00014324
 CPU time [min]:     0.417                   Wall time [min]:     0.436

 Iteration 24  CI energy:    -4.73481150  Energy decrease:   0.00000002
 ======================================================================
 Norm of residual vector:     0.00004139      Convergence:   0.00007979
 CPU time [min]:     0.430                   Wall time [min]:     0.448

 Iteration 25  CI energy:    -4.73481151  Energy decrease:   0.00000001
 ======================================================================
 Norm of residual vector:     0.00001819      Convergence:   0.00003433
 CPU time [min]:     0.442                   Wall time [min]:     0.461

 Iteration 26  CI energy:    -4.73481151  Energy decrease:   1.2051E-09
 ======================================================================
 Norm of residual vector:     0.00000763      Convergence:   0.00001496
 CPU time [min]:     0.454                   Wall time [min]:     0.474

 Iteration 27  CI energy:    -4.73481151  Energy decrease:   2.2720E-10
 ======================================================================
 Norm of residual vector:     0.00000321      Convergence:   0.00000611
 CPU time [min]:     0.467                   Wall time [min]:     0.487

 Iteration 28  CI energy:    -4.73481151  Energy decrease:   3.9352E-11
 ======================================================================
 Norm of residual vector:     0.00000136      Convergence:   0.00000257
 CPU time [min]:     0.480                   Wall time [min]:     0.500

 Iteration 29  CI energy:    -4.73481151  Energy decrease:   6.9518E-12
 ======================================================================
 Norm of residual vector:     0.00000057      Convergence:   0.00000108
 CPU time [min]:     0.493                   Wall time [min]:     0.513

 Iteration 30  CI energy:    -4.73481151  Energy decrease:   1.2212E-12
 ======================================================================
 Norm of residual vector:     0.00000025      Convergence:   0.00000045
 CPU time [min]:     0.505                   Wall time [min]:     0.527

 Iteration 31  CI energy:    -4.73481151  Energy decrease:   2.1405E-13
 ======================================================================
 Norm of residual vector:     0.00000011      Convergence:   0.00000020
 CPU time [min]:     0.518                   Wall time [min]:     0.541

 Iteration 32  CI energy:    -4.73481151  Energy decrease:   4.0856E-14
 ======================================================================
 Norm of residual vector:     0.00000005      Convergence:   0.00000009
 CPU time [min]:     0.532                   Wall time [min]:     0.556

 Iteration 33  CI energy:    -4.73481151  Energy decrease:   7.1054E-15
 ======================================================================

 Iteration has converged in 33 steps.

 Final results:
 Total CISDT energy [au]:             -4.734811509988
 Excitation energy [eV]:           6.3409
 Excitation energy [cm^-1]:    51142.62
 Absorption wavelength [nm]:     195.53
 Spin multiplicity:                     1

 ************************ 2020-05-01 18:35:25 *************************
                      Normal termination of mrcc.
 **********************************************************************
 !CISDT STATE 1.1 Energy               -4.967834428868
 !CISDT STATE 1.1 Energy               -4.734811509988
 
 CPU-time for MRCC:             31.9 sec
 Elapsed-time for MRCC:         33.9 sec

 Variable memory set to 8000000000 words,  buffer space   230000 words



 **********************************************************************************************************************************
 DATASETS  * FILE   NREC   LENGTH (MB)   RECORD NAMES
              1      20       20.58       500      610      700      900      950      970     1000      129      960     1100   
                                          VAR    BASINP    GEOM    SYMINP    ZMAT    AOBASIS   BASIS     P2S    ABASIS      S 
                                         1400     1410     1420     1200     1210     1080     1600     1650     1300     1700   
                                           T        V       ECP      H0       H01     AOSYM     SMH    MOLCAS    ERIS     OPER   

              2       5        5.30       700     1000      520     2100     2200   
                                         GEOM     BASIS   MCVARS     RHF      UHF  

 PROGRAMS   *        TOTAL      MRCC       POP       UHF       RHF       INT
 CPU TIMES  *        33.38     32.49      0.01      0.00      0.04      0.74
 REAL TIME  *        39.86 SEC
 DISK USED  *        25.95 MB      
 **********************************************************************************************************************************
 SETTING POSTHF(1)      =        -4.96783443  AU                              
 SETTING POSTHF(2)      =        -4.73481151  AU                              
                                                                                                                                                                                                                                                                

       SCF           POSTHF
    -4.84558251   -4.96783443
                                                  

 CISDT/USERDEF energy=     -4.734811509988

        CISDT           UHF-SCF         RHF-SCF 
     -4.96783443     -4.84558251     -4.84558251
 **********************************************************************************************************************************
 Molpro calculation terminated
 Variable memory released
