
 Primary working directories    : /global/cscratch1/sd/gwang18
 Secondary working directories  : /global/cscratch1/sd/gwang18
 Wavefunction directory         : /global/homes/g/gwang18/wfu/
 Main file repository           : /global/cscratch1/sd/gwang18/

 SHA1      : 19cd028119e0e09f93f0674bd8af7968d9b3eff6
 NAME      : 2015.1.36
 ARCHNAME  : linux/x86_64
 FC        : /opt/cray/pe/craype/2.5.14/bin/ftn
 BLASLIB   : -L/opt/intel/compilers_and_libraries_2018.1.163/linux/mkl/lib/intel64 -Wl,-_start-group -lmkl_intel_ilp64 -lmkl_intel_thread -lmkl_core -Wl,-_end-group -liomp5
 id        : lbl

 Nodes     nprocs
 nid00118     7
 Number of processes for MPI-2 version of Molpro:   nprocs(total)=    8   nprocs(compute)=    7   nprocs(helper)=    1

 Using customized tuning parameters: mindgm=7; mindgv=16; mindgc=1; mindgr=1; noblas=0; minvec=7
 default implementation of scratch files=sf  

 ***,Si2H6
 memory,1000,m
 gthresh,twoint=1.0E-12
 
 basis={
 ECP,Si,10,2,0;
 3;                                                                              !Vd
 1,5.168316,    4.000000
 3,8.861690,   20.673264
 2,3.933474,  -14.818174
 2;                                                                              !Vs-Vd
 2,9.447023,   14.832760
 2,2.553812,   26.349664
 2;                                                                              !Vp-Vd
 2,3.660001,    7.621400
 2,1.903653,   10.331583
 
 Including file /global/u2/g/gwang18/projects/si_gap/si2h6/ccsd/gs/Si.aug-cc-pV5Z.basis
 
 ECP,H,0,1,0
 3;
 2,   21.77696655044365 ,     -10.85192405303825 ;
 1,   21.24359508259891 ,       1.00000000000000;
 3,   21.24359508259891 ,      21.24359508259891;
 1; 2,                   1.,                      0.;
 
 Including file /global/u2/g/gwang18/projects/si_gap/si2h6/ccsd/gs/H.aug-cc-pV5Z.basis
 }
 
 geometry={
 8
 Si2H6
 Si   0.0000   0.0000   1.1600
 Si   0.0000   0.0000  -1.1600
 H    0.0000   1.3865   1.6483
 H   -1.2008  -0.6933   1.6483
 H    1.2008  -0.6933   1.6483
 H    0.0000  -1.3865  -1.6483
 H   -1.2008   0.6933  -1.6483
 H    1.2008   0.6933  -1.6483
 }
 
                                                                                 ! HARTREE-FOCK
 {RHF
 wf,14,1,0                                                                       ! nelec,symm,spin
 }
 scf = energy
 pop;
 
 {rccsd(t);maxit,100;core}
 ccsd = energy
 
 table, scf, ccsd
 save
 type,csv
 

 Variables initialized (889), CPU time= 0.01 sec
 Commands  initialized (702), CPU time= 0.01 sec, 572 directives.
 Default parameters read. Elapsed time= 0.18 sec

 Checking input...
 Passed
1


                                         ***  PROGRAM SYSTEM MOLPRO  ***
                                       Copyright, TTI GmbH Stuttgart, 2015
                                    Version 2015.1 linked Dec 29 2018 15:55:43


 **********************************************************************************************************************************
 LABEL *   Si2H6                                                                         
  64 bit mpp version                                                                     DATE: 12-May-20          TIME: 20:43:46  
 **********************************************************************************************************************************

 SHA1:             19cd028119e0e09f93f0674bd8af7968d9b3eff6
 **********************************************************************************************************************************

 THRESHOLDS:

 ZERO    =  1.00D-12  ONEINT  =  1.00D-12  TWOINT  =  1.00D-12  PREFAC  =  1.00D-14  LOCALI  =  1.00D-09  EORDER  =  1.00D-04
 ENERGY  =  0.00D+00  ETEST   =  0.00D+00  EDENS   =  0.00D+00  THRDEDEF=  1.00D-06  GRADIENT=  1.00D-02  STEP    =  1.00D-03
 ORBITAL =  1.00D-05  CIVEC   =  1.00D-05  COEFF   =  1.00D-04  PRINTCI =  5.00D-02  PUNCHCI =  9.90D+01  OPTGRAD =  3.00D-04
 OPTENERG=  1.00D-06  OPTSTEP =  3.00D-04  THRGRAD =  1.00D-10  COMPRESS=  1.00D-11  VARMIN  =  1.00D-07  VARMAX  =  1.00D-03
 THRDOUB =  0.00D+00  THRDIV  =  1.00D-05  THRRED  =  1.00D-07  THRPSP  =  1.00D+00  THRDC   =  1.00D-10  THRCS   =  1.00D-10
 THRNRM  =  1.00D-08  THREQ   =  0.00D+00  THRDE   =  1.00D+00  THRREF  =  1.00D-05  SPARFAC =  1.00D+00  THRDLP  =  1.00D-07
 THRDIA  =  1.00D-10  THRDLS  =  1.00D-07  THRGPS  =  0.00D+00  THRKEX  =  0.00D+00  THRDIS  =  2.00D-01  THRVAR  =  1.00D-10
 THRLOC  =  1.00D-06  THRGAP  =  1.00D-06  THRLOCT = -1.00D+00  THRGAPT = -1.00D+00  THRORB  =  1.00D-06  THRMLTP =  0.00D+00
 THRCPQCI=  1.00D-10  KEXTA   =  0.00D+00  THRCOARS=  0.00D+00  SYMTOL  =  1.00D-06  GRADTOL =  1.00D-06  THROVL  =  1.00D-08
 THRORTH =  1.00D-08  GRID    =  1.00D-06  GRIDMAX =  1.00D-03  DTMAX   =  0.00D+00  THROCCDE=  1.00D-01  THROCCDE=  1.00D-01



 Variable memory set to 1000000000 words,  buffer space   230000 words

 SETTING BASIS          =    USERDEF

Geometry recognized as XYZ



 Recomputing integrals since basis changed


 Using spherical harmonics



 PROGRAM * SEWARD (Integral evaluation for generally contracted gaussian basis sets)     Author: Roland Lindh, 1990

 Geometry written to block  1 of record 700


 Point group  C2h 



 ATOMIC COORDINATES

 NR  ATOM    CHARGE       X              Y              Z

   1  SI      4.00    0.000000000    0.000000000    2.192082304
   2  SI      4.00    0.000000000    0.000000000   -2.192082304
   3  H       1.00    0.000000000    2.620105272    3.114835571
   4  H       1.00    0.000000000   -2.620105272   -3.114835571
   5  H       1.00   -2.269183130   -1.310147122    3.114835571
   6  H       1.00    2.269183130   -1.310147122    3.114835571
   7  H       1.00   -2.269183130    1.310147122   -3.114835571
   8  H       1.00    2.269183130    1.310147122   -3.114835571

 Bond lengths in Bohr (Angstrom)

 1-2  4.384164609  1-3  2.777845429  1-5  2.777976089  1-6  2.777976089  2-4  2.777845429
     ( 2.320000000)     ( 1.469972496)     ( 1.470041639)     ( 1.470041639)     ( 1.469972496)

 2-7  2.777976089  2-8  2.777976089
     ( 1.470041639)     ( 1.470041639)

 Bond angles

  1-2-4  109.40133359   1-2-7  109.40038451   1-2-8  109.40038451   2-1-3  109.40133359

  2-1-5  109.40038451   2-1-6  109.40038451   3-1-5  109.54201116   3-1-6  109.54201116

  4-2-7  109.54201116   4-2-8  109.54201116   5-1-6  109.54092240   7-2-8  109.54092240

 NUCLEAR CHARGE:                   14
 NUMBER OF PRIMITIVE AOS:        1106
 NUMBER OF SYMMETRY AOS:          846
 NUMBER OF CONTRACTIONS:          732   ( 206Ag  + 160Au  + 206Bu  + 160Bg  )
 NUMBER OF CORE ORBITALS:           0   (   0Ag  +   0Au  +   0Bu  +   0Bg  )
 NUMBER OF VALENCE ORBITALS:       14   (   5Ag  +   2Au  +   5Bu  +   2Bg  )


 NUCLEAR REPULSION ENERGY   18.92248565

 Eigenvalues of metric

         1 0.114E-05 0.163E-05 0.445E-05 0.755E-05 0.140E-04 0.294E-04 0.459E-04 0.699E-04
         2 0.163E-05 0.803E-05 0.627E-04 0.851E-04 0.157E-03 0.176E-03 0.181E-03 0.233E-03
         3 0.366E-06 0.155E-05 0.163E-05 0.803E-05 0.810E-05 0.169E-04 0.359E-04 0.524E-04
         4 0.114E-05 0.755E-05 0.295E-04 0.699E-04 0.114E-03 0.162E-03 0.179E-03 0.182E-03


 Contracted 2-electron integrals neglected if value below      1.0D-13
 AO integral compression algorithm  1   Integral accuracy      1.0D-13

     59165.639 MB (compressed) written to integral file ( 63.5%)

     Node minimum: 5487.198 MB, node maximum: 10746.331 MB


 NUMBER OF SORTED TWO-ELECTRON INTEGRALS: 1290862985.     BUFFER LENGTH:  32768
 NUMBER OF SEGMENTS:  41  SEGMENT LENGTH:   31995432      RECORD LENGTH: 524288

 Memory used in sort:      32.55 MW

 SORT1 READ 11637819704. AND WROTE  1257590997. INTEGRALS IN   3617 RECORDS. CPU TIME:  1113.59 SEC, REAL TIME:  2219.54 SEC
 SORT2 READ  8815534825. AND WROTE  9036410525. INTEGRALS IN 286195 RECORDS. CPU TIME:   178.33 SEC, REAL TIME:   273.59 SEC

 Node minimum:  1290862985.  Node maximum:  1290969144. integrals

 OPERATOR DM      FOR CENTER  0  COORDINATES:    0.000000    0.000000    0.000000


 **********************************************************************************************************************************
 DATASETS  * FILE   NREC   LENGTH (MB)   RECORD NAMES
              1      19       25.82       500      610      700      900      950      970     1000      129      960     1100   
                                          VAR    BASINP    GEOM    SYMINP    ZMAT    AOBASIS   BASIS     P2S    ABASIS      S 
                                         1400     1410     1420     1200     1210     1080     1600     1650     1700   
                                           T        V       ECP      H0       H01     AOSYM     SMH    MOLCAS    OPER   

 PROGRAMS   *        TOTAL       INT
 CPU TIMES  *      1510.00   1509.80
 REAL TIME  *      2723.60 SEC
 DISK USED  *       168.82 GB      
 GA USED    *         0.00 MB       (max)       0.00 MB       (current)
 **********************************************************************************************************************************


 PROGRAM * RHF-SCF (CLOSED SHELL)       Authors: W. Meyer, H.-J. Werner


 NUMBER OF ELECTRONS:       7+    7-    SPACE SYMMETRY=1    SPIN SYMMETRY: Singlet 
 CONVERGENCE THRESHOLDS:    1.00E-05 (Density)    1.00E-07 (Energy)
 MAX. NUMBER OF ITERATIONS:       60
 INTERPOLATION TYPE:            DIIS
 INTERPOLATION STEPS:              2 (START)      1 (STEP)
 LEVEL SHIFTS:                  0.00 (CLOSED)  0.00 (OPEN) 



 Orbital guess generated from atomic densities. Full valence occupancy:    5   2   5   2

 Molecular orbital dump at record        2100.2

 Initial occupancy:   3   1   2   1

 ITERATION    DDIFF          GRAD             ENERGY        2-EL.EN.            DIPOLE MOMENTS         DIIS   ORB.
    1      0.000D+00      0.000D+00       -10.99092934     44.462103    0.00000    0.00000    0.00000    0    start
    2      0.000D+00      0.279D-02       -11.01862151     44.642321    0.00000    0.00000    0.00000    1    diag
    3      0.180D-02      0.916D-03       -11.02261713     44.667322    0.00000    0.00000    0.00000    2    diag
    4      0.663D-03      0.128D-03       -11.02270626     44.664303    0.00000    0.00000    0.00000    3    diag
    5      0.854D-04      0.208D-04       -11.02270876     44.662365    0.00000    0.00000    0.00000    4    diag
    6      0.231D-04      0.309D-05       -11.02270881     44.662448    0.00000    0.00000    0.00000    5    diag
    7      0.354D-05      0.554D-06       -11.02270881     44.662391    0.00000    0.00000    0.00000    0    orth

 Final occupancy:   3   1   2   1

 !RHF STATE 1.1 Energy                -11.022708813799
 Nuclear energy                        18.92248565
 One-electron energy                  -52.27639011
 Two-electron energy                   22.33119564
 Virial quotient                       -1.66875880
 !RHF STATE 1.1 Dipole moment           0.00000000     0.00000000     0.00000000
 Dipole moment /Debye                   0.00000000     0.00000000     0.00000000

 Orbital energies:

         1.1          2.1          3.1          4.1          5.1
     -0.763320    -0.475983    -0.401989     0.029928     0.065075

         1.2          2.2          3.2
     -0.503904     0.048385     0.110546

         1.3          2.3          3.3          4.3
     -0.681917    -0.503915     0.039684     0.048384

         1.4          2.4          3.4
     -0.475971     0.065075     0.092823

 HOMO      3.1    -0.401989 =     -10.9387eV
 LUMO      4.1     0.029928 =       0.8144eV
 LUMO-HOMO         0.431918 =      11.7531eV


 **********************************************************************************************************************************
 DATASETS  * FILE   NREC   LENGTH (MB)   RECORD NAMES
              1      19       25.85       500      610      700      900      950      970     1000      129      960     1100   
                                          VAR    BASINP    GEOM    SYMINP    ZMAT    AOBASIS   BASIS     P2S    ABASIS      S 
                                         1400     1410     1420     1200     1210     1080     1600     1650     1700   
                                           T        V       ECP      H0       H01     AOSYM     SMH    MOLCAS    OPER   

              2       4        5.78       700     1000      520     2100   
                                         GEOM     BASIS   MCVARS     RHF  

 PROGRAMS   *        TOTAL       RHF       INT
 CPU TIMES  *      1556.95     46.94   1509.80
 REAL TIME  *      2787.02 SEC
 DISK USED  *       169.09 GB      
 SF USED    *         0.55 MB      
 GA USED    *         0.00 MB       (max)       0.00 MB       (current)
 **********************************************************************************************************************************
 SETTING SCF            =       -11.02270881  AU                              


 PROGRAM * POP (Mulliken population analysis)

 
 Density matrix read from record         2100.2  Type=RHF/CHARGE (state 1.1)
 
 Population analysis by basis function type

 Unique atom        s        p        d        f        g    Total    Charge
   1  SI      0.65806  2.91379  0.32960  0.01470  0.00734  3.92438  + 0.07562
   3  H       0.96939  0.05314  0.00254  0.00015 -0.00004  1.02517  - 0.02517
   4  H       0.96943  0.05314  0.00254  0.00015 -0.00004  1.02522  - 0.02522


 **********************************************************************************************************************************
 DATASETS  * FILE   NREC   LENGTH (MB)   RECORD NAMES
              1      19       25.85       500      610      700      900      950      970     1000      129      960     1100   
                                          VAR    BASINP    GEOM    SYMINP    ZMAT    AOBASIS   BASIS     P2S    ABASIS      S 
                                         1400     1410     1420     1200     1210     1080     1600     1650     1700   
                                           T        V       ECP      H0       H01     AOSYM     SMH    MOLCAS    OPER   

              2       4        5.78       700     1000      520     2100   
                                         GEOM     BASIS   MCVARS     RHF  

 PROGRAMS   *        TOTAL       POP       RHF       INT
 CPU TIMES  *      1556.95      0.00     46.94   1509.80
 REAL TIME  *      2787.05 SEC
 DISK USED  *       169.09 GB      
 SF USED    *         0.55 MB      
 GA USED    *         0.00 MB       (max)       0.00 MB       (current)
 **********************************************************************************************************************************


 PROGRAM * CCSD (Restricted open-shell coupled cluster)     Authors: C. Hampel, H.-J. Werner, 1991, M. Deegan, P.J. Knowles, 1992


 Convergence thresholds:  THRVAR = 1.00D-08  THRDEN = 1.00D-06

 CCSD(T)     terms to be evaluated (factor= 1.000)


 Number of closed-shell orbitals:   7 (   3   1   2   1 )
 Number of external orbitals:     725 ( 203 159 204 159 )

 For full I/O caching in triples, increase memory by 279.31 Mwords to 1279.59 Mwords.

 Number of N-1 electron functions:              14
 Number of N-2 electron functions:              91
 Number of singly external CSFs:              2670
 Number of doubly external CSFs:           9215339
 Total number of CSFs:                     9218009

 Molecular orbitals read from record     2100.2  Type=RHF/CANONICAL (state 1.1)

 Integral transformation finished. Total CPU:  47.65 sec, npass=  1  Memory used: 131.02 MW

 Starting RMP2 calculation

 Wavefunction is spin-projected

 ITER.      SQ.NORM     CORR.ENERGY   TOTAL ENERGY   ENERGY CHANGE        DEN1      VAR(S)    VAR(P)  DIIS     TIME
   1      1.11710950    -0.29464501   -11.31735382    -0.29464501    -0.00172960  0.66D-11  0.85D-03  1  1    52.08
   2      1.11918704    -0.29654158   -11.31925039    -0.00189657    -0.00000193  0.15D-12  0.11D-05  2  2    55.91
   3      1.11923407    -0.29656524   -11.31927406    -0.00002366    -0.00000000  0.37D-14  0.20D-08  3  3    60.23
   4      1.11923459    -0.29656528   -11.31927409    -0.00000004    -0.00000000  0.96D-16  0.39D-11  4  4    64.56

 Norm of t1 vector:      0.00001551      S-energy:    -0.00000000      T1 diagnostic:  0.00000293
 Norm of t2 vector:      0.34530362      P-energy:    -0.29656528
                                         Alpha-Beta:  -0.26055782
                                         Alpha-Alpha: -0.01800373
                                         Beta-Beta:   -0.01800373

 Spin contamination <S**2-Sz**2-Sz>     0.00000000
  Reference energy                    -11.022708813799
  RHF-RMP2 correlation energy          -0.296565279224
 !RHF-RMP2 energy                     -11.319274093022
 (NB above energy spin projected)

 Starting RCCSD calculation

 ITER.      SQ.NORM     CORR.ENERGY   TOTAL ENERGY   ENERGY CHANGE        DEN1      VAR(S)    VAR(P)  DIIS     TIME
   1      1.14563076    -0.31846414   -11.34117296    -0.31846414    -0.01467680  0.90D-03  0.55D-02  1  1    95.80
   2      1.17076258    -0.33622391   -11.35893273    -0.01775977    -0.00066032  0.16D-03  0.22D-03  2  2   126.41
   3      1.17672683    -0.33881716   -11.36152597    -0.00259325    -0.00006836  0.34D-04  0.17D-04  3  3   157.95
   4      1.17838852    -0.33918767   -11.36189648    -0.00037051    -0.00000968  0.52D-05  0.26D-05  4  4   188.29
   5      1.17905309    -0.33928697   -11.36199579    -0.00009930    -0.00000113  0.66D-06  0.29D-06  5  5   219.44
   6      1.17925834    -0.33931390   -11.36202271    -0.00002692    -0.00000009  0.33D-07  0.32D-07  6  6   249.85
   7      1.17927557    -0.33931048   -11.36201930     0.00000341    -0.00000001  0.34D-08  0.35D-08  6  1   281.22
   8      1.17927962    -0.33931049   -11.36201930    -0.00000001    -0.00000000  0.54D-09  0.40D-09  6  2   313.20

 Norm of t1 vector:      0.06944305      S-energy:    -0.00000001      T1 diagnostic:  0.01312350
                                                                       D1 diagnostic:  0.02436065
 Norm of t2 vector:      0.41768083      P-energy:    -0.33931048
                                         Alpha-Beta:  -0.30021337
                                         Alpha-Alpha: -0.01954856
                                         Beta-Beta:   -0.01954856

 Spin contamination <S**2-Sz**2-Sz>     0.00000000

 For full I/O caching in triples, increase memory by 289.66 Mwords to 1289.94 Mwords.
 

 RESULTS
 =======

  Reference energy                    -11.022708813799
  RCCSD singles energy                 -0.000000006116
  RCCSD pair energy                    -0.339310483633
  RCCSD correlation energy             -0.339310489749
  Triples (T) contribution             -0.011182898226
  Total correlation energy             -0.350493387975
 
  RHF-RCCSD energy                    -11.362019303547
  RHF-RCCSD[T] energy                 -11.373457718028
  RHF-RCCSD-T energy                  -11.373104101991
 !RHF-RCCSD(T) energy                 -11.373202201774

 Program statistics:

 Available memory in ccsd:               999999438
 Min. memory needed in ccsd:              28336104
 Max. memory used in ccsd:                39369359
 Max. memory used in cckext:              40293726 ( 8 integral passes)
 Max. memory used in cckint:             131016451 ( 1 integral passes)



 **********************************************************************************************************************************
 DATASETS  * FILE   NREC   LENGTH (MB)   RECORD NAMES
              1      19       25.85       500      610      700      900      950      970     1000      129      960     1100   
                                          VAR    BASINP    GEOM    SYMINP    ZMAT    AOBASIS   BASIS     P2S    ABASIS      S 
                                         1400     1410     1420     1200     1210     1080     1600     1650     1700   
                                           T        V       ECP      H0       H01     AOSYM     SMH    MOLCAS    OPER   

              2       4        5.78       700     1000      520     2100   
                                         GEOM     BASIS   MCVARS     RHF  

 PROGRAMS   *        TOTAL  RCCSD(T)       POP       RHF       INT
 CPU TIMES  *      2302.06    745.10      0.00     46.94   1509.80
 REAL TIME  *      3940.42 SEC
 DISK USED  *       177.09 GB      
 SF USED    *        16.98 GB      
 GA USED    *         0.00 MB       (max)       0.00 MB       (current)
 **********************************************************************************************************************************
 SETTING CCSD           =       -11.37320220  AU                              
 Output type csv         
                                                                                                                                                                                                                                                                

       SCF,CCSD
   -11.02270881,   -11.37320220
                                                  

 RCCSD(T)/USERDEF energy=    -11.373202201774

        RCCSD(T)        RHF-SCF 
    -11.37320220    -11.02270881
 **********************************************************************************************************************************
 Molpro calculation terminated
 Variable memory released
