
 Primary working directories    : /global/cscratch1/sd/gwang18
 Secondary working directories  : /global/cscratch1/sd/gwang18
 Wavefunction directory         : /global/homes/g/gwang18/wfu/
 Main file repository           : /global/cscratch1/sd/gwang18/

 SHA1      : 19cd028119e0e09f93f0674bd8af7968d9b3eff6
 NAME      : 2015.1.36
 ARCHNAME  : linux/x86_64
 FC        : /opt/cray/pe/craype/2.5.14/bin/ftn
 BLASLIB   : -L/opt/intel/compilers_and_libraries_2018.1.163/linux/mkl/lib/intel64 -Wl,-_start-group -lmkl_intel_ilp64 -lmkl_intel_thread -lmkl_core -Wl,-_end-group -liomp5
 id        : lbl

 Nodes     nprocs
 nid01837     7
 Number of processes for MPI-2 version of Molpro:   nprocs(total)=    8   nprocs(compute)=    7   nprocs(helper)=    1

 Using customized tuning parameters: mindgm=7; mindgv=16; mindgc=1; mindgr=1; noblas=0; minvec=7
 default implementation of scratch files=sf  

 ***,Si2H6
 memory,1000,m
 gthresh,twoint=1.0E-12
 
 basis={
 ECP,Si,10,2,0;
 3;                                                                              !Vd
 1,5.168316,    4.000000
 3,8.861690,   20.673264
 2,3.933474,  -14.818174
 2;                                                                              !Vs-Vd
 2,9.447023,   14.832760
 2,2.553812,   26.349664
 2;                                                                              !Vp-Vd
 2,3.660001,    7.621400
 2,1.903653,   10.331583
 
 Including file /global/u2/g/gwang18/projects/si_gap/si2h6/ccsd/gs/Si.aug-cc-pVTZ.basis
 
 ECP,H,0,1,0
 3;
 2,   21.77696655044365 ,     -10.85192405303825 ;
 1,   21.24359508259891 ,       1.00000000000000;
 3,   21.24359508259891 ,      21.24359508259891;
 1; 2,                   1.,                      0.;
 
 Including file /global/u2/g/gwang18/projects/si_gap/si2h6/ccsd/gs/H.aug-cc-pVTZ.basis
 }
 
 geometry={
 8
 Si2H6
 Si   0.0000   0.0000   1.1600
 Si   0.0000   0.0000  -1.1600
 H    0.0000   1.3865   1.6483
 H   -1.2008  -0.6933   1.6483
 H    1.2008  -0.6933   1.6483
 H    0.0000  -1.3865  -1.6483
 H   -1.2008   0.6933  -1.6483
 H    1.2008   0.6933  -1.6483
 }
 
                                                                                 ! HARTREE-FOCK
 {RHF
 wf,14,1,0                                                                       ! nelec,symm,spin
 }
 scf = energy
 pop;
 
 {rccsd(t);maxit,100;core}
 ccsd = energy
 
 table, scf, ccsd
 save
 type,csv
 

 Variables initialized (889), CPU time= 0.00 sec
 Commands  initialized (702), CPU time= 0.01 sec, 572 directives.
 Default parameters read. Elapsed time= 0.13 sec

 Checking input...
 Passed
1


                                         ***  PROGRAM SYSTEM MOLPRO  ***
                                       Copyright, TTI GmbH Stuttgart, 2015
                                    Version 2015.1 linked Dec 29 2018 15:55:43


 **********************************************************************************************************************************
 LABEL *   Si2H6                                                                         
  64 bit mpp version                                                                     DATE: 12-May-20          TIME: 21:15:38  
 **********************************************************************************************************************************

 SHA1:             19cd028119e0e09f93f0674bd8af7968d9b3eff6
 **********************************************************************************************************************************

 THRESHOLDS:

 ZERO    =  1.00D-12  ONEINT  =  1.00D-12  TWOINT  =  1.00D-12  PREFAC  =  1.00D-14  LOCALI  =  1.00D-09  EORDER  =  1.00D-04
 ENERGY  =  0.00D+00  ETEST   =  0.00D+00  EDENS   =  0.00D+00  THRDEDEF=  1.00D-06  GRADIENT=  1.00D-02  STEP    =  1.00D-03
 ORBITAL =  1.00D-05  CIVEC   =  1.00D-05  COEFF   =  1.00D-04  PRINTCI =  5.00D-02  PUNCHCI =  9.90D+01  OPTGRAD =  3.00D-04
 OPTENERG=  1.00D-06  OPTSTEP =  3.00D-04  THRGRAD =  1.00D-10  COMPRESS=  1.00D-11  VARMIN  =  1.00D-07  VARMAX  =  1.00D-03
 THRDOUB =  0.00D+00  THRDIV  =  1.00D-05  THRRED  =  1.00D-07  THRPSP  =  1.00D+00  THRDC   =  1.00D-10  THRCS   =  1.00D-10
 THRNRM  =  1.00D-08  THREQ   =  0.00D+00  THRDE   =  1.00D+00  THRREF  =  1.00D-05  SPARFAC =  1.00D+00  THRDLP  =  1.00D-07
 THRDIA  =  1.00D-10  THRDLS  =  1.00D-07  THRGPS  =  0.00D+00  THRKEX  =  0.00D+00  THRDIS  =  2.00D-01  THRVAR  =  1.00D-10
 THRLOC  =  1.00D-06  THRGAP  =  1.00D-06  THRLOCT = -1.00D+00  THRGAPT = -1.00D+00  THRORB  =  1.00D-06  THRMLTP =  0.00D+00
 THRCPQCI=  1.00D-10  KEXTA   =  0.00D+00  THRCOARS=  0.00D+00  SYMTOL  =  1.00D-06  GRADTOL =  1.00D-06  THROVL  =  1.00D-08
 THRORTH =  1.00D-08  GRID    =  1.00D-06  GRIDMAX =  1.00D-03  DTMAX   =  0.00D+00  THROCCDE=  1.00D-01  THROCCDE=  1.00D-01



 Variable memory set to 1000000000 words,  buffer space   230000 words

 SETTING BASIS          =    USERDEF

Geometry recognized as XYZ



 Recomputing integrals since basis changed


 Using spherical harmonics



 PROGRAM * SEWARD (Integral evaluation for generally contracted gaussian basis sets)     Author: Roland Lindh, 1990

 Geometry written to block  1 of record 700


 Point group  C2h 



 ATOMIC COORDINATES

 NR  ATOM    CHARGE       X              Y              Z

   1  SI      4.00    0.000000000    0.000000000    2.192082304
   2  SI      4.00    0.000000000    0.000000000   -2.192082304
   3  H       1.00    0.000000000    2.620105272    3.114835571
   4  H       1.00    0.000000000   -2.620105272   -3.114835571
   5  H       1.00   -2.269183130   -1.310147122    3.114835571
   6  H       1.00    2.269183130   -1.310147122    3.114835571
   7  H       1.00   -2.269183130    1.310147122   -3.114835571
   8  H       1.00    2.269183130    1.310147122   -3.114835571

 Bond lengths in Bohr (Angstrom)

 1-2  4.384164609  1-3  2.777845429  1-5  2.777976089  1-6  2.777976089  2-4  2.777845429
     ( 2.320000000)     ( 1.469972496)     ( 1.470041639)     ( 1.470041639)     ( 1.469972496)

 2-7  2.777976089  2-8  2.777976089
     ( 1.470041639)     ( 1.470041639)

 Bond angles

  1-2-4  109.40133359   1-2-7  109.40038451   1-2-8  109.40038451   2-1-3  109.40133359

  2-1-5  109.40038451   2-1-6  109.40038451   3-1-5  109.54201116   3-1-6  109.54201116

  4-2-7  109.54201116   4-2-8  109.54201116   5-1-6  109.54092240   7-2-8  109.54092240

 NUCLEAR CHARGE:                   14
 NUMBER OF PRIMITIVE AOS:         372
 NUMBER OF SYMMETRY AOS:          342
 NUMBER OF CONTRACTIONS:          228   (  68Ag  +  46Au  +  68Bu  +  46Bg  )
 NUMBER OF CORE ORBITALS:           0   (   0Ag  +   0Au  +   0Bu  +   0Bg  )
 NUMBER OF VALENCE ORBITALS:       14   (   5Ag  +   2Au  +   5Bu  +   2Bg  )


 NUCLEAR REPULSION ENERGY   18.92248565

 Eigenvalues of metric

         1 0.628E-04 0.165E-03 0.675E-03 0.107E-02 0.176E-02 0.210E-02 0.371E-02 0.395E-02
         2 0.178E-03 0.868E-03 0.155E-02 0.376E-02 0.581E-02 0.107E-01 0.133E-01 0.249E-01
         3 0.301E-04 0.111E-03 0.178E-03 0.868E-03 0.944E-03 0.121E-02 0.155E-02 0.323E-02
         4 0.165E-03 0.675E-03 0.210E-02 0.395E-02 0.415E-02 0.816E-02 0.132E-01 0.153E-01


 Contracted 2-electron integrals neglected if value below      1.0D-12
 AO integral compression algorithm  1   Integral accuracy      1.0D-12

     622.592 MB (compressed) written to integral file ( 61.8%)

     Node minimum: 54.264 MB, node maximum: 140.247 MB


 NUMBER OF SORTED TWO-ELECTRON INTEGRALS:   12344771.     BUFFER LENGTH:  32768
 NUMBER OF SEGMENTS:   1  SEGMENT LENGTH:   12344771      RECORD LENGTH: 524288

 Memory used in sort:      12.90 MW

 SORT1 READ   125916960. AND WROTE    12164636. INTEGRALS IN     35 RECORDS. CPU TIME:     6.24 SEC, REAL TIME:     9.79 SEC
 SORT2 READ    85202157. AND WROTE    86477999. INTEGRALS IN   3745 RECORDS. CPU TIME:     0.46 SEC, REAL TIME:     1.89 SEC

 Node minimum:    12334409.  Node maximum:    12380391. integrals

 OPERATOR DM      FOR CENTER  0  COORDINATES:    0.000000    0.000000    0.000000


 **********************************************************************************************************************************
 DATASETS  * FILE   NREC   LENGTH (MB)   RECORD NAMES
              1      19       20.62       500      610      700      900      950      970     1000      129      960     1100   
                                          VAR    BASINP    GEOM    SYMINP    ZMAT    AOBASIS   BASIS     P2S    ABASIS      S 
                                         1400     1410     1420     1200     1210     1080     1600     1650     1700   
                                           T        V       ECP      H0       H01     AOSYM     SMH    MOLCAS    OPER   

 PROGRAMS   *        TOTAL       INT
 CPU TIMES  *         9.19      8.97
 REAL TIME  *        16.20 SEC
 DISK USED  *         1.67 GB      
 GA USED    *         0.00 MB       (max)       0.00 MB       (current)
 **********************************************************************************************************************************


 PROGRAM * RHF-SCF (CLOSED SHELL)       Authors: W. Meyer, H.-J. Werner


 NUMBER OF ELECTRONS:       7+    7-    SPACE SYMMETRY=1    SPIN SYMMETRY: Singlet 
 CONVERGENCE THRESHOLDS:    1.00E-05 (Density)    1.00E-07 (Energy)
 MAX. NUMBER OF ITERATIONS:       60
 INTERPOLATION TYPE:            DIIS
 INTERPOLATION STEPS:              2 (START)      1 (STEP)
 LEVEL SHIFTS:                  0.00 (CLOSED)  0.00 (OPEN) 



 Orbital guess generated from atomic densities. Full valence occupancy:    5   2   5   2

 Molecular orbital dump at record        2100.2

 Initial occupancy:   3   1   2   1

 ITERATION    DDIFF          GRAD             ENERGY        2-EL.EN.            DIPOLE MOMENTS         DIIS   ORB.
    1      0.000D+00      0.000D+00       -10.98457692     44.447807    0.00000    0.00000    0.00000    0    start
    2      0.000D+00      0.494D-02       -11.01140840     44.630749    0.00000    0.00000    0.00000    1    diag
    3      0.528D-02      0.159D-02       -11.01514961     44.654298    0.00000    0.00000    0.00000    2    diag
    4      0.191D-02      0.222D-03       -11.01523363     44.651838    0.00000    0.00000    0.00000    3    diag
    5      0.486D-03      0.361D-04       -11.01523600     44.649781    0.00000    0.00000    0.00000    4    diag
    6      0.104D-03      0.563D-05       -11.01523606     44.649905    0.00000    0.00000    0.00000    5    diag
    7      0.162D-04      0.103D-05       -11.01523606     44.649838    0.00000    0.00000    0.00000    6    diag
    8      0.379D-05      0.202D-06       -11.01523606     44.649846    0.00000    0.00000    0.00000    0    orth

 Final occupancy:   3   1   2   1

 !RHF STATE 1.1 Energy                -11.015236057418
 Nuclear energy                        18.92248565
 One-electron energy                  -52.26264449
 Two-electron energy                   22.32492278
 Virial quotient                       -1.67692622
 !RHF STATE 1.1 Dipole moment           0.00000000     0.00000000     0.00000000
 Dipole moment /Debye                   0.00000000     0.00000000     0.00000000

 Orbital energies:

         1.1          2.1          3.1          4.1          5.1
     -0.764149    -0.475415    -0.401578     0.039559     0.064062

         1.2          2.2          3.2
     -0.503680     0.055173     0.098772

         1.3          2.3          3.3          4.3
     -0.682483    -0.503692     0.040981     0.055172

         1.4          2.4          3.4
     -0.475403     0.064062     0.080302

 HOMO      3.1    -0.401578 =     -10.9275eV
 LUMO      4.1     0.039559 =       1.0765eV
 LUMO-HOMO         0.441137 =      12.0040eV


 **********************************************************************************************************************************
 DATASETS  * FILE   NREC   LENGTH (MB)   RECORD NAMES
              1      19       20.63       500      610      700      900      950      970     1000      129      960     1100   
                                          VAR    BASINP    GEOM    SYMINP    ZMAT    AOBASIS   BASIS     P2S    ABASIS      S 
                                         1400     1410     1420     1200     1210     1080     1600     1650     1700   
                                           T        V       ECP      H0       H01     AOSYM     SMH    MOLCAS    OPER   

              2       4        3.18       700     1000      520     2100   
                                         GEOM     BASIS   MCVARS     RHF  

 PROGRAMS   *        TOTAL       RHF       INT
 CPU TIMES  *        10.20      1.01      8.97
 REAL TIME  *        17.40 SEC
 DISK USED  *         1.85 GB      
 SF USED    *         0.05 MB      
 GA USED    *         0.00 MB       (max)       0.00 MB       (current)
 **********************************************************************************************************************************
 SETTING SCF            =       -11.01523606  AU                              


 PROGRAM * POP (Mulliken population analysis)

 
 Density matrix read from record         2100.2  Type=RHF/CHARGE (state 1.1)
 
 Population analysis by basis function type

 Unique atom        s        p        d        f        g    Total    Charge
   1  SI      0.79681  3.31326  0.46059  0.03376  0.00000  4.60442  - 0.60442
   3  H       0.72367  0.07125  0.00352  0.00000  0.00000  0.79844  + 0.20156
   4  H       0.72381  0.07124  0.00352  0.00000  0.00000  0.79857  + 0.20143


 **********************************************************************************************************************************
 DATASETS  * FILE   NREC   LENGTH (MB)   RECORD NAMES
              1      19       20.63       500      610      700      900      950      970     1000      129      960     1100   
                                          VAR    BASINP    GEOM    SYMINP    ZMAT    AOBASIS   BASIS     P2S    ABASIS      S 
                                         1400     1410     1420     1200     1210     1080     1600     1650     1700   
                                           T        V       ECP      H0       H01     AOSYM     SMH    MOLCAS    OPER   

              2       4        3.18       700     1000      520     2100   
                                         GEOM     BASIS   MCVARS     RHF  

 PROGRAMS   *        TOTAL       POP       RHF       INT
 CPU TIMES  *        10.20      0.00      1.01      8.97
 REAL TIME  *        17.42 SEC
 DISK USED  *         1.85 GB      
 SF USED    *         0.05 MB      
 GA USED    *         0.00 MB       (max)       0.00 MB       (current)
 **********************************************************************************************************************************


 PROGRAM * CCSD (Restricted open-shell coupled cluster)     Authors: C. Hampel, H.-J. Werner, 1991, M. Deegan, P.J. Knowles, 1992


 Convergence thresholds:  THRVAR = 1.00D-08  THRDEN = 1.00D-06

 CCSD(T)     terms to be evaluated (factor= 1.000)


 Number of closed-shell orbitals:   7 (   3   1   2   1 )
 Number of external orbitals:     221 (  65  45  66  45 )

 Memory could be reduced to 39.24 Mwords without degradation in triples

 Number of N-1 electron functions:              14
 Number of N-2 electron functions:              91
 Number of singly external CSFs:               834
 Number of doubly external CSFs:            858035
 Total number of CSFs:                      858869

 Molecular orbitals read from record     2100.2  Type=RHF/CANONICAL (state 1.1)

 Integral transformation finished. Total CPU:   0.80 sec, npass=  1  Memory used:   4.08 MW

 Starting RMP2 calculation

 Wavefunction is spin-projected

 ITER.      SQ.NORM     CORR.ENERGY   TOTAL ENERGY   ENERGY CHANGE        DEN1      VAR(S)    VAR(P)  DIIS     TIME
   1      1.11394550    -0.27172373   -11.28695978    -0.27172373    -0.00170949  0.27D-12  0.85D-03  1  1     1.32
   2      1.11601646    -0.27360155   -11.28883761    -0.00187783    -0.00000180  0.54D-14  0.10D-05  2  2     1.79
   3      1.11606003    -0.27362291   -11.28885897    -0.00002136    -0.00000000  0.13D-15  0.17D-08  3  3     2.27
   4      1.11606048    -0.27362295   -11.28885900    -0.00000003    -0.00000000  0.34D-17  0.33D-11  4  4     2.67

 Norm of t1 vector:      0.00000321      S-energy:    -0.00000000      T1 diagnostic:  0.00000061
 Norm of t2 vector:      0.34067650      P-energy:    -0.27362295
                                         Alpha-Beta:  -0.23861338
                                         Alpha-Alpha: -0.01750478
                                         Beta-Beta:   -0.01750478

 Spin contamination <S**2-Sz**2-Sz>     0.00000000
  Reference energy                    -11.015236057418
  RHF-RMP2 correlation energy          -0.273622945112
 !RHF-RMP2 energy                     -11.288859002529
 (NB above energy spin projected)

 Starting RCCSD calculation

 ITER.      SQ.NORM     CORR.ENERGY   TOTAL ENERGY   ENERGY CHANGE        DEN1      VAR(S)    VAR(P)  DIIS     TIME
   1      1.14597779    -0.30250400   -11.31774006    -0.30250400    -0.01498999  0.81D-03  0.60D-02  1  1     3.76
   2      1.17263656    -0.32142942   -11.33666548    -0.01892542    -0.00056040  0.15D-03  0.17D-03  2  2     4.54
   3      1.17747524    -0.32309724   -11.33833330    -0.00166782    -0.00004864  0.24D-04  0.13D-04  3  3     5.46
   4      1.17906657    -0.32350859   -11.33874465    -0.00041135    -0.00000718  0.36D-05  0.20D-05  4  4     6.37
   5      1.17963485    -0.32360033   -11.33883638    -0.00009173    -0.00000073  0.38D-06  0.21D-06  5  5     7.28
   6      1.17973660    -0.32359351   -11.33882957     0.00000681    -0.00000005  0.17D-07  0.18D-07  6  6     8.12
   7      1.17975495    -0.32359586   -11.33883192    -0.00000235    -0.00000001  0.21D-08  0.20D-08  6  1     9.18
   8      1.17975713    -0.32359600   -11.33883206    -0.00000014    -0.00000000  0.41D-09  0.26D-09  6  2    10.16

 Norm of t1 vector:      0.06852634      S-energy:     0.00000000      T1 diagnostic:  0.01295026
                                                                       D1 diagnostic:  0.02405150
 Norm of t2 vector:      0.41840324      P-energy:    -0.32359601
                                         Alpha-Beta:  -0.28528916
                                         Alpha-Alpha: -0.01915342
                                         Beta-Beta:   -0.01915342

 Spin contamination <S**2-Sz**2-Sz>     0.00000000

 Memory could be reduced to 40.20 Mwords without degradation in triples
 

 RESULTS
 =======

  Reference energy                    -11.015236057418
  RCCSD singles energy                  0.000000003615
  RCCSD pair energy                    -0.323596007058
  RCCSD correlation energy             -0.323596003443
  Triples (T) contribution             -0.010081028331
  Total correlation energy             -0.333677031774
 
  RHF-RCCSD energy                    -11.338832060861
  RHF-RCCSD[T] energy                 -11.349133911873
  RHF-RCCSD-T energy                  -11.348825776945
 !RHF-RCCSD(T) energy                 -11.348913089192

 Program statistics:

 Available memory in ccsd:               999999438
 Min. memory needed in ccsd:               2670728
 Max. memory used in ccsd:                 3693295
 Max. memory used in cckext:               3076936 ( 8 integral passes)
 Max. memory used in cckint:               4082487 ( 1 integral passes)



 **********************************************************************************************************************************
 DATASETS  * FILE   NREC   LENGTH (MB)   RECORD NAMES
              1      19       20.63       500      610      700      900      950      970     1000      129      960     1100   
                                          VAR    BASINP    GEOM    SYMINP    ZMAT    AOBASIS   BASIS     P2S    ABASIS      S 
                                         1400     1410     1420     1200     1210     1080     1600     1650     1700   
                                           T        V       ECP      H0       H01     AOSYM     SMH    MOLCAS    OPER   

              2       4        3.18       700     1000      520     2100   
                                         GEOM     BASIS   MCVARS     RHF  

 PROGRAMS   *        TOTAL  RCCSD(T)       POP       RHF       INT
 CPU TIMES  *        28.09     17.89      0.00      1.01      8.97
 REAL TIME  *        57.77 SEC
 DISK USED  *         2.59 GB      
 SF USED    *       546.16 MB      
 GA USED    *         0.00 MB       (max)       0.00 MB       (current)
 **********************************************************************************************************************************
 SETTING CCSD           =       -11.34891309  AU                              
 Output type csv         
                                                                                                                                                                                                                                                                

       SCF,CCSD
   -11.01523606,   -11.34891309
                                                  

 RCCSD(T)/USERDEF energy=    -11.348913089192

        RCCSD(T)        RHF-SCF 
    -11.34891309    -11.01523606
 **********************************************************************************************************************************
 Molpro calculation terminated
 Variable memory released
