#-------------------------------------------------
#VMC run: timestep 1 nconfig 3200 steps 20
#-------------------------------------------------


init { 
   label vmc
}
block { 
   label vmc
   totweight 64000
   nautocorr 0
   total_energy { -5.706055497179909   } 
   total_energyvar { 0.7178288180829387   } 
   weight { 1   } 
   weightvar { 0   } 
   kinetic_energy { 3.839028553182307   } 
   kinetic_energyvar { 4.564842380292029   } 
   potential_energy { -10.17336396431079   } 
   potential_energyvar { 6.643110461017527   } 
   nonlocal_energy { 0.6282799139485677   } 
   nonlocal_energyvar { 2.469996392075128   } 
   autocorr_energy { } 
} 

block { 
   label vmc
   totweight 64000
   nautocorr 0
   total_energy { -5.69457054346448   } 
   total_energyvar { 0.7741578241308541   } 
   weight { 1   } 
   weightvar { 0   } 
   kinetic_energy { 3.846028650681857   } 
   kinetic_energyvar { 4.621397021085072   } 
   potential_energy { -10.1754283091279   } 
   potential_energyvar { 6.416715076168006   } 
   nonlocal_energy { 0.634829114981565   } 
   nonlocal_energyvar { 2.485403927650779   } 
   autocorr_energy { } 
} 

block { 
   label vmc
   totweight 64000
   nautocorr 0
   total_energy { -5.702302971945618   } 
   total_energyvar { 0.9885620500788685   } 
   weight { 1   } 
   weightvar { 0   } 
   kinetic_energy { 3.865008431218724   } 
   kinetic_energyvar { 4.793346687190918   } 
   potential_energy { -10.22807915414392   } 
   potential_energyvar { 7.645158787815039   } 
   nonlocal_energy { 0.6607677509795817   } 
   nonlocal_energyvar { 3.017197616091837   } 
   autocorr_energy { } 
} 

block { 
   label vmc
   totweight 64000
   nautocorr 0
   total_energy { -5.703044372500134   } 
   total_energyvar { 1.124451882100838   } 
   weight { 1   } 
   weightvar { 0   } 
   kinetic_energy { 3.835857940795207   } 
   kinetic_energyvar { 4.679763724154969   } 
   potential_energy { -10.17675243061678   } 
   potential_energyvar { 6.815092428708772   } 
   nonlocal_energy { 0.6378501173214353   } 
   nonlocal_energyvar { 2.330291346573515   } 
   autocorr_energy { } 
} 

block { 
   label vmc
   totweight 64000
   nautocorr 0
   total_energy { -5.699022868745153   } 
   total_energyvar { 0.8736965739608424   } 
   weight { 1   } 
   weightvar { 0   } 
   kinetic_energy { 3.839737092340461   } 
   kinetic_energyvar { 4.658076503742308   } 
   potential_energy { -10.17507281705099   } 
   potential_energyvar { 6.398232717082768   } 
   nonlocal_energy { 0.6363128559653696   } 
   nonlocal_energyvar { 2.301551888920912   } 
   autocorr_energy { } 
} 

block { 
   label vmc
   totweight 64000
   nautocorr 0
   total_energy { -5.702648967054353   } 
   total_energyvar { 0.7331604929546175   } 
   weight { 1   } 
   weightvar { 0   } 
   kinetic_energy { 3.857201371484948   } 
   kinetic_energyvar { 4.662936144983942   } 
   potential_energy { -10.17747202751403   } 
   potential_energyvar { 6.272144577777239   } 
   nonlocal_energy { 0.6176216889747296   } 
   nonlocal_energyvar { 2.184257362926413   } 
   autocorr_energy { } 
} 

block { 
   label vmc
   totweight 64000
   nautocorr 0
   total_energy { -5.697312216315116   } 
   total_energyvar { 0.8197366499522251   } 
   weight { 1   } 
   weightvar { 0   } 
   kinetic_energy { 3.874583426171847   } 
   kinetic_energyvar { 4.761839552217715   } 
   potential_energy { -10.21635546778381   } 
   potential_energyvar { 7.281370299714253   } 
   nonlocal_energy { 0.6444598252968441   } 
   nonlocal_energyvar { 2.739657366207398   } 
   autocorr_energy { } 
} 

block { 
   label vmc
   totweight 64000
   nautocorr 0
   total_energy { -5.70181884398565   } 
   total_energyvar { 0.7807002909183159   } 
   weight { 1   } 
   weightvar { 0   } 
   kinetic_energy { 3.859213493775539   } 
   kinetic_energyvar { 4.726350252241198   } 
   potential_energy { -10.19436912681035   } 
   potential_energyvar { 6.37021526785311   } 
   nonlocal_energy { 0.6333367890491546   } 
   nonlocal_energyvar { 2.267096238505158   } 
   autocorr_energy { } 
} 

block { 
   label vmc
   totweight 64000
   nautocorr 0
   total_energy { -5.700556489140912   } 
   total_energyvar { 0.7640926194082367   } 
   weight { 1   } 
   weightvar { 0   } 
   kinetic_energy { 3.852216493194992   } 
   kinetic_energyvar { 4.615467144446208   } 
   potential_energy { -10.18096734894905   } 
   potential_energyvar { 6.169835341368156   } 
   nonlocal_energy { 0.628194366613147   } 
   nonlocal_energyvar { 2.179947566354756   } 
   autocorr_energy { } 
} 

block { 
   label vmc
   totweight 64000
   nautocorr 0
   total_energy { -5.705530445677719   } 
   total_energyvar { 0.7221582686683662   } 
   weight { 1   } 
   weightvar { 0   } 
   kinetic_energy { 3.879950032629983   } 
   kinetic_energyvar { 4.796266488259208   } 
   potential_energy { -10.21685319227866   } 
   potential_energyvar { 6.410963904967582   } 
   nonlocal_energy { 0.6313727139709586   } 
   nonlocal_energyvar { 2.292425327515978   } 
   autocorr_energy { } 
} 

block { 
   label vmc
   totweight 64000
   nautocorr 0
   total_energy { -5.700593630632146   } 
   total_energyvar { 0.8114761258109608   } 
   weight { 1   } 
   weightvar { 0   } 
   kinetic_energy { 3.890499529363738   } 
   kinetic_energyvar { 4.872288326830319   } 
   potential_energy { -10.2204798122367   } 
   potential_energyvar { 7.644189530272457   } 
   nonlocal_energy { 0.6293866522408149   } 
   nonlocal_energyvar { 2.998304184074114   } 
   autocorr_energy { } 
} 

block { 
   label vmc
   totweight 64000
   nautocorr 0
   total_energy { -5.708866589822483   } 
   total_energyvar { 0.7347638003996301   } 
   weight { 1   } 
   weightvar { 0   } 
   kinetic_energy { 3.845517426693405   } 
   kinetic_energyvar { 4.731903728940052   } 
   potential_energy { -10.2022723922872   } 
   potential_energyvar { 7.014526700342116   } 
   nonlocal_energy { 0.6478883757713055   } 
   nonlocal_energyvar { 2.902494556481076   } 
   autocorr_energy { } 
} 

block { 
   label vmc
   totweight 64000
   nautocorr 0
   total_energy { -5.699517099391757   } 
   total_energyvar { 0.7577551060419163   } 
   weight { 1   } 
   weightvar { 0   } 
   kinetic_energy { 3.861697060818213   } 
   kinetic_energyvar { 4.753417040497684   } 
   potential_energy { -10.20169514795687   } 
   potential_energyvar { 6.959876954980817   } 
   nonlocal_energy { 0.6404809877469082   } 
   nonlocal_energyvar { 2.570120289865106   } 
   autocorr_energy { } 
} 

block { 
   label vmc
   totweight 64000
   nautocorr 0
   total_energy { -5.705868125889175   } 
   total_energyvar { 0.7465117306197564   } 
   weight { 1   } 
   weightvar { 0   } 
   kinetic_energy { 3.851382187954071   } 
   kinetic_energyvar { 4.634501318257793   } 
   potential_energy { -10.20772900692345   } 
   potential_energyvar { 13.15259704112638   } 
   nonlocal_energy { 0.650478693080202   } 
   nonlocal_energyvar { 8.664813026892681   } 
   autocorr_energy { } 
} 

block { 
   label vmc
   totweight 64000
   nautocorr 0
   total_energy { -5.701105908562266   } 
   total_energyvar { 0.7913234257789195   } 
   weight { 1   } 
   weightvar { 0   } 
   kinetic_energy { 3.861124612481545   } 
   kinetic_energyvar { 4.721572873916051   } 
   potential_energy { -10.18975839319894   } 
   potential_energyvar { 6.366097381795766   } 
   nonlocal_energy { 0.6275278721551276   } 
   nonlocal_energyvar { 2.164305933597352   } 
   autocorr_energy { } 
} 

block { 
   label vmc
   totweight 64000
   nautocorr 0
   total_energy { -5.705134805332654   } 
   total_energyvar { 0.7214691676633725   } 
   weight { 1   } 
   weightvar { 0   } 
   kinetic_energy { 3.841552707010631   } 
   kinetic_energyvar { 4.588926360652092   } 
   potential_energy { -10.17884526330271   } 
   potential_energyvar { 6.439330223774049   } 
   nonlocal_energy { 0.6321577509594314   } 
   nonlocal_energyvar { 2.200670811016911   } 
   autocorr_energy { } 
} 

block { 
   label vmc
   totweight 64000
   nautocorr 0
   total_energy { -5.698281443869177   } 
   total_energyvar { 1.252729303224144   } 
   weight { 1   } 
   weightvar { 0   } 
   kinetic_energy { 3.872391305051081   } 
   kinetic_energyvar { 4.758545469852871   } 
   potential_energy { -10.20013076976612   } 
   potential_energyvar { 6.970660604397981   } 
   nonlocal_energy { 0.6294580208458573   } 
   nonlocal_energyvar { 2.278512616540695   } 
   autocorr_energy { } 
} 

block { 
   label vmc
   totweight 64000
   nautocorr 0
   total_energy { -5.698277334176428   } 
   total_energyvar { 0.7477960867876985   } 
   weight { 1   } 
   weightvar { 0   } 
   kinetic_energy { 3.857323409330694   } 
   kinetic_energyvar { 4.685582734891906   } 
   potential_energy { -10.18182307636593   } 
   potential_energyvar { 6.032463923265431   } 
   nonlocal_energy { 0.6262223328588131   } 
   nonlocal_energyvar { 2.128320045660081   } 
   autocorr_energy { } 
} 

block { 
   label vmc
   totweight 64000
   nautocorr 0
   total_energy { -5.705718665500988   } 
   total_energyvar { 0.790969433171985   } 
   weight { 1   } 
   weightvar { 0   } 
   kinetic_energy { 3.838594086252215   } 
   kinetic_energyvar { 4.872460468730113   } 
   potential_energy { -10.18608364188697   } 
   potential_energyvar { 6.901451975264882   } 
   nonlocal_energy { 0.641770890133768   } 
   nonlocal_energyvar { 2.896799997185354   } 
   autocorr_energy { } 
} 

block { 
   label vmc
   totweight 64000
   nautocorr 0
   total_energy { -5.705016981460084   } 
   total_energyvar { 0.7516798208786498   } 
   weight { 1   } 
   weightvar { 0   } 
   kinetic_energy { 3.852887897116055   } 
   kinetic_energyvar { 4.786256068333437   } 
   potential_energy { -10.19608705349944   } 
   potential_energyvar { 7.497507932807284   } 
   nonlocal_energy { 0.6381821749233044   } 
   nonlocal_energyvar { 3.226207823694288   } 
   autocorr_energy { } 
} 

block { 
   label vmc
   totweight 64000
   nautocorr 0
   total_energy { -5.697813402213293   } 
   total_energyvar { 0.949434008838493   } 
   weight { 1   } 
   weightvar { 0   } 
   kinetic_energy { 3.860155106202516   } 
   kinetic_energyvar { 4.750842089190741   } 
   potential_energy { -10.18308389509561   } 
   potential_energyvar { 6.459164865874196   } 
   nonlocal_energy { 0.6251153866798003   } 
   nonlocal_energyvar { 2.206444819204696   } 
   autocorr_energy { } 
} 

block { 
   label vmc
   totweight 64000
   nautocorr 0
   total_energy { -5.70392058609943   } 
   total_energyvar { 0.750779751578696   } 
   weight { 1   } 
   weightvar { 0   } 
   kinetic_energy { 3.86056764271379   } 
   kinetic_energyvar { 4.704672697978174   } 
   potential_energy { -10.18236785520824   } 
   potential_energyvar { 6.237509167342938   } 
   nonlocal_energy { 0.6178796263950175   } 
   nonlocal_energyvar { 2.320193585297815   } 
   autocorr_energy { } 
} 

block { 
   label vmc
   totweight 64000
   nautocorr 0
   total_energy { -5.698558023357027   } 
   total_energyvar { 0.7656980865752109   } 
   weight { 1   } 
   weightvar { 0   } 
   kinetic_energy { 3.858764175708389   } 
   kinetic_energyvar { 4.763621910182551   } 
   potential_energy { -10.1964280819676   } 
   potential_energyvar { 6.383029368567747   } 
   nonlocal_energy { 0.6391058829021886   } 
   nonlocal_energyvar { 2.338666129207119   } 
   autocorr_energy { } 
} 

block { 
   label vmc
   totweight 64000
   nautocorr 0
   total_energy { -5.696704601226715   } 
   total_energyvar { 0.7788984354343745   } 
   weight { 1   } 
   weightvar { 0   } 
   kinetic_energy { 3.849810117597048   } 
   kinetic_energyvar { 4.603467540903822   } 
   potential_energy { -10.18445762646995   } 
   potential_energyvar { 6.291277897534336   } 
   nonlocal_energy { 0.6379429076461836   } 
   nonlocal_energyvar { 2.231935156831433   } 
   autocorr_energy { } 
} 

block { 
   label vmc
   totweight 64000
   nautocorr 0
   total_energy { -5.694821295053366   } 
   total_energyvar { 0.7936176420650137   } 
   weight { 1   } 
   weightvar { 0   } 
   kinetic_energy { 3.876859642226372   } 
   kinetic_energyvar { 4.678927079997941   } 
   potential_energy { -10.21194356678012   } 
   potential_energyvar { 8.792039892159417   } 
   nonlocal_energy { 0.6402626295003857   } 
   nonlocal_energyvar { 4.189671044747533   } 
   autocorr_energy { } 
} 

block { 
   label vmc
   totweight 64000
   nautocorr 0
   total_energy { -5.703389010171571   } 
   total_energyvar { 0.82363895268576   } 
   weight { 1   } 
   weightvar { 0   } 
   kinetic_energy { 3.859910708487748   } 
   kinetic_energyvar { 4.726400071180118   } 
   potential_energy { -10.19447176283379   } 
   potential_energyvar { 6.649513198139895   } 
   nonlocal_energy { 0.6311720441744669   } 
   nonlocal_energyvar { 2.543466764044069   } 
   autocorr_energy { } 
} 

block { 
   label vmc
   totweight 64000
   nautocorr 0
   total_energy { -5.701849244001393   } 
   total_energyvar { 0.7395398436578805   } 
   weight { 1   } 
   weightvar { 0   } 
   kinetic_energy { 3.85651269654417   } 
   kinetic_energyvar { 4.684462218313889   } 
   potential_energy { -10.19854672430715   } 
   potential_energyvar { 6.689997469604303   } 
   nonlocal_energy { 0.6401847837615859   } 
   nonlocal_energyvar { 2.399584874970676   } 
   autocorr_energy { } 
} 

block { 
   label vmc
   totweight 64000
   nautocorr 0
   total_energy { -5.700701341690958   } 
   total_energyvar { 0.7386548824555819   } 
   weight { 1   } 
   weightvar { 0   } 
   kinetic_energy { 3.867887834829958   } 
   kinetic_energyvar { 4.76074531117081   } 
   potential_energy { -10.19540436025946   } 
   potential_energyvar { 6.744470299038394   } 
   nonlocal_energy { 0.6268151837385444   } 
   nonlocal_energyvar { 2.221291009947974   } 
   autocorr_energy { } 
} 

block { 
   label vmc
   totweight 64000
   nautocorr 0
   total_energy { -5.699153958072278   } 
   total_energyvar { 0.7408816798852651   } 
   weight { 1   } 
   weightvar { 0   } 
   kinetic_energy { 3.853140143443071   } 
   kinetic_energyvar { 4.87856083713887   } 
   potential_energy { -10.19683246320112   } 
   potential_energyvar { 6.622102056222896   } 
   nonlocal_energy { 0.6445383616857721   } 
   nonlocal_energyvar { 2.530068143817007   } 
   autocorr_energy { } 
} 

block { 
   label vmc
   totweight 64000
   nautocorr 0
   total_energy { -5.705122646785259   } 
   total_energyvar { 0.7424338787991931   } 
   weight { 1   } 
   weightvar { 0   } 
   kinetic_energy { 3.842103936862354   } 
   kinetic_energyvar { 4.605819885318471   } 
   potential_energy { -10.17804453364228   } 
   potential_energyvar { 6.396596953631525   } 
   nonlocal_energy { 0.6308179499946704   } 
   nonlocal_energyvar { 2.30196899696901   } 
   autocorr_energy { } 
} 

block { 
   label vmc
   totweight 64000
   nautocorr 0
   total_energy { -5.712190973530357   } 
   total_energyvar { 0.7114738853659954   } 
   weight { 1   } 
   weightvar { 0   } 
   kinetic_energy { 3.840713309600461   } 
   kinetic_energyvar { 4.609430748345623   } 
   potential_energy { -10.1771834188721   } 
   potential_energyvar { 6.176457546961275   } 
   nonlocal_energy { 0.6242791357412844   } 
   nonlocal_energyvar { 2.00498025630595   } 
   autocorr_energy { } 
} 

block { 
   label vmc
   totweight 64000
   nautocorr 0
   total_energy { -5.701685224321811   } 
   total_energyvar { 0.7695123528264097   } 
   weight { 1   } 
   weightvar { 0   } 
   kinetic_energy { 3.862883845755023   } 
   kinetic_energyvar { 4.602699540027595   } 
   potential_energy { -10.1887939146196   } 
   potential_energyvar { 6.164855524687733   } 
   nonlocal_energy { 0.6242248445427638   } 
   nonlocal_energyvar { 2.113024012059638   } 
   autocorr_energy { } 
} 

block { 
   label vmc
   totweight 64000
   nautocorr 0
   total_energy { -5.694110249013474   } 
   total_energyvar { 0.8116381757955626   } 
   weight { 1   } 
   weightvar { 0   } 
   kinetic_energy { 3.84642118168947   } 
   kinetic_energyvar { 4.589193610460093   } 
   potential_energy { -10.16098950697736   } 
   potential_energyvar { 6.241877806355787   } 
   nonlocal_energy { 0.6204580762744104   } 
   nonlocal_energyvar { 2.107763642387885   } 
   autocorr_energy { } 
} 

block { 
   label vmc
   totweight 64000
   nautocorr 0
   total_energy { -5.699752576789058   } 
   total_energyvar { 0.8237926280706719   } 
   weight { 1   } 
   weightvar { 0   } 
   kinetic_energy { 3.861187124972226   } 
   kinetic_energyvar { 4.751117556742681   } 
   potential_energy { -10.20318293708083   } 
   potential_energyvar { 6.84144879173271   } 
   nonlocal_energy { 0.6422432353195462   } 
   nonlocal_energyvar { 2.505065450868047   } 
   autocorr_energy { } 
} 

block { 
   label vmc
   totweight 64000
   nautocorr 0
   total_energy { -5.698146076055771   } 
   total_energyvar { 0.7664501761112666   } 
   weight { 1   } 
   weightvar { 0   } 
   kinetic_energy { 3.871931689128802   } 
   kinetic_energyvar { 4.716332917568662   } 
   potential_energy { -10.20692335169337   } 
   potential_energyvar { 6.90681838310474   } 
   nonlocal_energy { 0.6368455865087997   } 
   nonlocal_energyvar { 2.440401764678844   } 
   autocorr_energy { } 
} 

block { 
   label vmc
   totweight 64000
   nautocorr 0
   total_energy { -5.69869178806222   } 
   total_energyvar { 0.8174799820481219   } 
   weight { 1   } 
   weightvar { 0   } 
   kinetic_energy { 3.851645934297499   } 
   kinetic_energyvar { 4.595678699727521   } 
   potential_energy { -10.18559304046256   } 
   potential_energyvar { 6.652167882762203   } 
   nonlocal_energy { 0.6352553181028354   } 
   nonlocal_energyvar { 2.387486907638518   } 
   autocorr_energy { } 
} 

block { 
   label vmc
   totweight 64000
   nautocorr 0
   total_energy { -5.697215477690163   } 
   total_energyvar { 0.7699304333311645   } 
   weight { 1   } 
   weightvar { 0   } 
   kinetic_energy { 3.881653642033196   } 
   kinetic_energyvar { 4.733740168450646   } 
   potential_energy { -10.2137609613191   } 
   potential_energyvar { 6.781863905709248   } 
   nonlocal_energy { 0.6348918415957471   } 
   nonlocal_energyvar { 2.435907833215198   } 
   autocorr_energy { } 
} 

block { 
   label vmc
   totweight 64000
   nautocorr 0
   total_energy { -5.702238270058855   } 
   total_energyvar { 0.8010667490358163   } 
   weight { 1   } 
   weightvar { 0   } 
   kinetic_energy { 3.863427463133211   } 
   kinetic_energyvar { 4.653795815762635   } 
   potential_energy { -10.20192452673651   } 
   potential_energyvar { 8.112129453583027   } 
   nonlocal_energy { 0.6362587935444395   } 
   nonlocal_energyvar { 3.581323461649857   } 
   autocorr_energy { } 
} 

block { 
   label vmc
   totweight 64000
   nautocorr 0
   total_energy { -5.700200719742523   } 
   total_energyvar { 0.7640460004987191   } 
   weight { 1   } 
   weightvar { 0   } 
   kinetic_energy { 3.834261869798238   } 
   kinetic_energyvar { 4.538900021341151   } 
   potential_energy { -10.16382429897619   } 
   potential_energyvar { 6.33382232719423   } 
   nonlocal_energy { 0.629361709435423   } 
   nonlocal_energyvar { 2.239668453079274   } 
   autocorr_energy { } 
} 

block { 
   label vmc
   totweight 64000
   nautocorr 0
   total_energy { -5.700418124479517   } 
   total_energyvar { 0.7311376183594525   } 
   weight { 1   } 
   weightvar { 0   } 
   kinetic_energy { 3.860900101890204   } 
   kinetic_energyvar { 4.863876153018619   } 
   potential_energy { -10.19864862127668   } 
   potential_energyvar { 6.541469862361978   } 
   nonlocal_energy { 0.6373303949069568   } 
   nonlocal_energyvar { 2.476843124004642   } 
   autocorr_energy { } 
} 

block { 
   label vmc
   totweight 64000
   nautocorr 0
   total_energy { -5.69909104102756   } 
   total_energyvar { 0.7282078012134134   } 
   weight { 1   } 
   weightvar { 0   } 
   kinetic_energy { 3.854960792919154   } 
   kinetic_energyvar { 4.664351071039653   } 
   potential_energy { -10.19032161544686   } 
   potential_energyvar { 6.393992701270897   } 
   nonlocal_energy { 0.6362697815001483   } 
   nonlocal_energyvar { 2.292129966309457   } 
   autocorr_energy { } 
} 

block { 
   label vmc
   totweight 64000
   nautocorr 0
   total_energy { -5.696942237455304   } 
   total_energyvar { 0.8025218910248971   } 
   weight { 1   } 
   weightvar { 0   } 
   kinetic_energy { 3.862760263139221   } 
   kinetic_energyvar { 4.79879852095994   } 
   potential_energy { -10.19495789542596   } 
   potential_energyvar { 8.929659466665932   } 
   nonlocal_energy { 0.6352553948314397   } 
   nonlocal_energyvar { 4.333156738525931   } 
   autocorr_energy { } 
} 

block { 
   label vmc
   totweight 64000
   nautocorr 0
   total_energy { -5.706257758168952   } 
   total_energyvar { 0.7471631821539223   } 
   weight { 1   } 
   weightvar { 0   } 
   kinetic_energy { 3.859157145026021   } 
   kinetic_energyvar { 4.647232974175364   } 
   potential_energy { -10.20731771946724   } 
   potential_energyvar { 6.805558528519689   } 
   nonlocal_energy { 0.6419028162722678   } 
   nonlocal_energyvar { 2.441443459709048   } 
   autocorr_energy { } 
} 

block { 
   label vmc
   totweight 64000
   nautocorr 0
   total_energy { -5.70670708709008   } 
   total_energyvar { 0.7596527584952241   } 
   weight { 1   } 
   weightvar { 0   } 
   kinetic_energy { 3.863514384815406   } 
   kinetic_energyvar { 4.976681703640573   } 
   potential_energy { -10.20409015717417   } 
   potential_energyvar { 6.630635628612151   } 
   nonlocal_energy { 0.6338686852686883   } 
   nonlocal_energyvar { 2.629602514900744   } 
   autocorr_energy { } 
} 

block { 
   label vmc
   totweight 64000
   nautocorr 0
   total_energy { -5.701987031496134   } 
   total_energyvar { 0.8347380956216429   } 
   weight { 1   } 
   weightvar { 0   } 
   kinetic_energy { 3.845639272039037   } 
   kinetic_energyvar { 4.706923984081017   } 
   potential_energy { -10.19012122763257   } 
   potential_energyvar { 6.792768635487879   } 
   nonlocal_energy { 0.6424949240974041   } 
   nonlocal_energyvar { 2.541857312229346   } 
   autocorr_energy { } 
} 

block { 
   label vmc
   totweight 64000
   nautocorr 0
   total_energy { -5.69906046601553   } 
   total_energyvar { 0.8257779663264032   } 
   weight { 1   } 
   weightvar { 0   } 
   kinetic_energy { 3.845352956073787   } 
   kinetic_energyvar { 4.703884949556997   } 
   potential_energy { -10.18251207157408   } 
   potential_energyvar { 7.206382330114685   } 
   nonlocal_energy { 0.6380986494847563   } 
   nonlocal_energyvar { 2.689315682224332   } 
   autocorr_energy { } 
} 

block { 
   label vmc
   totweight 64000
   nautocorr 0
   total_energy { -5.702772918715971   } 
   total_energyvar { 0.9250772999444591   } 
   weight { 1   } 
   weightvar { 0   } 
   kinetic_energy { 3.84320317901017   } 
   kinetic_energyvar { 4.649092893240896   } 
   potential_energy { -10.19410272081421   } 
   potential_energyvar { 7.412605098995435   } 
   nonlocal_energy { 0.6481266230880725   } 
   nonlocal_energyvar { 2.95131793662197   } 
   autocorr_energy { } 
} 

block { 
   label vmc
   totweight 64000
   nautocorr 0
   total_energy { -5.711944005281341   } 
   total_energyvar { 0.7316926683466786   } 
   weight { 1   } 
   weightvar { 0   } 
   kinetic_energy { 3.845930079970511   } 
   kinetic_energyvar { 4.713825390452218   } 
   potential_energy { -10.18803276771876   } 
   potential_energyvar { 6.415501012640439   } 
   nonlocal_energy { 0.6301586824669078   } 
   nonlocal_energyvar { 2.291191194760293   } 
   autocorr_energy { } 
} 

block { 
   label vmc
   totweight 64000
   nautocorr 0
   total_energy { -5.702634991428318   } 
   total_energyvar { 0.7628519046659923   } 
   weight { 1   } 
   weightvar { 0   } 
   kinetic_energy { 3.859816094362275   } 
   kinetic_energyvar { 4.680630267725296   } 
   potential_energy { -10.19558289973492   } 
   potential_energyvar { 7.436597279852584   } 
   nonlocal_energy { 0.6331318139443276   } 
   nonlocal_energyvar { 3.303774120438338   } 
   autocorr_energy { } 
} 

block { 
   label vmc
   totweight 64000
   nautocorr 0
   total_energy { -5.696895189227436   } 
   total_energyvar { 0.7660385597170786   } 
   weight { 1   } 
   weightvar { 0   } 
   kinetic_energy { 3.869041433032254   } 
   kinetic_energyvar { 4.728263734433938   } 
   potential_energy { -10.18642388544874   } 
   potential_energyvar { 6.430574716746362   } 
   nonlocal_energy { 0.6204872631890449   } 
   nonlocal_energyvar { 2.290967041708782   } 
   autocorr_energy { } 
} 

