#-------------------------------------------------
#DMC run: timestep 0.001
#-------------------------------------------------


init { 
   label ts_0.001
}
block { 
   label ts_0.001
   totweight 4096000
   nautocorr 0
   total_energy { -4.952924751523344   } 
   total_energyvar { 0.02995428163134109   } 
   weight { 1.000766156618613   } 
   weightvar { 0.003515822236822155   } 
   kinetic_energy { 2.656993872055644   } 
   kinetic_energyvar { 2.782994032459608   } 
   potential_energy { -8.248731077362262   } 
   potential_energyvar { 3.819810018698638   } 
   nonlocal_energy { 0.6388124537832743   } 
   nonlocal_energyvar { 2.239962739745361   } 
   autocorr_energy { } 
} 

block { 
   label ts_0.001
   totweight 4096000
   nautocorr 0
   total_energy { -4.955769512759558   } 
   total_energyvar { 0.03003240744329341   } 
   weight { 1.002278805645739   } 
   weightvar { 0.01568181977859544   } 
   kinetic_energy { 2.650975873024976   } 
   kinetic_energyvar { 2.683274244604058   } 
   potential_energy { -8.206445066181319   } 
   potential_energyvar { 3.781910070833272   } 
   nonlocal_energy { 0.5996996803967841   } 
   nonlocal_energyvar { 2.041965425089503   } 
   autocorr_energy { } 
} 

block { 
   label ts_0.001
   totweight 4096000
   nautocorr 0
   total_energy { -4.953268316124281   } 
   total_energyvar { 0.02895166096923514   } 
   weight { 1.000962891568657   } 
   weightvar { 0.02965729534815651   } 
   kinetic_energy { 2.678999093316807   } 
   kinetic_energyvar { 2.779983502793034   } 
   potential_energy { -8.239159152502676   } 
   potential_energyvar { 3.998739104280798   } 
   nonlocal_energy { 0.606891743061589   } 
   nonlocal_energyvar { 2.175210155215551   } 
   autocorr_energy { } 
} 

block { 
   label ts_0.001
   totweight 4096000
   nautocorr 0
   total_energy { -4.954484285109761   } 
   total_energyvar { 0.0295523184799562   } 
   weight { 0.999873960488629   } 
   weightvar { 0.04210729803815684   } 
   kinetic_energy { 2.684165112647877   } 
   kinetic_energyvar { 2.830843807141255   } 
   potential_energy { -8.262650904625625   } 
   potential_energyvar { 3.967066922034642   } 
   nonlocal_energy { 0.6240015068679864   } 
   nonlocal_energyvar { 2.219102091871849   } 
   autocorr_energy { } 
} 

block { 
   label ts_0.001
   totweight 4096000
   nautocorr 0
   total_energy { -4.955891200441313   } 
   total_energyvar { 0.02763668573038715   } 
   weight { 1.000820143586716   } 
   weightvar { 0.0530456411577034   } 
   kinetic_energy { 2.678505590174032   } 
   kinetic_energyvar { 2.76700650284609   } 
   potential_energy { -8.241762086829832   } 
   potential_energyvar { 3.878479580363057   } 
   nonlocal_energy { 0.6073652962144868   } 
   nonlocal_energyvar { 2.038794924421423   } 
   autocorr_energy { } 
} 

block { 
   label ts_0.001
   totweight 4096000
   nautocorr 0
   total_energy { -4.957479477186733   } 
   total_energyvar { 0.0325876180610436   } 
   weight { 1.001756252133572   } 
   weightvar { 0.06314842031714833   } 
   kinetic_energy { 2.635143862734116   } 
   kinetic_energyvar { 2.706817801461263   } 
   potential_energy { -8.236852489631241   } 
   potential_energyvar { 3.87403743334374   } 
   nonlocal_energy { 0.6442291497103926   } 
   nonlocal_energyvar { 2.35051907516248   } 
   autocorr_energy { } 
} 

block { 
   label ts_0.001
   totweight 4096000
   nautocorr 0
   total_energy { -4.954417522485617   } 
   total_energyvar { 0.03207759481678849   } 
   weight { 1.000636509127934   } 
   weightvar { 0.06977832024075055   } 
   kinetic_energy { 2.665366244488963   } 
   kinetic_energyvar { 2.887911747895219   } 
   potential_energy { -8.262759945945506   } 
   potential_energyvar { 4.020751359453712   } 
   nonlocal_energy { 0.6429761789709246   } 
   nonlocal_energyvar { 2.472871693419605   } 
   autocorr_energy { } 
} 

block { 
   label ts_0.001
   totweight 4096000
   nautocorr 0
   total_energy { -4.953988086762281   } 
   total_energyvar { 0.0279128879559888   } 
   weight { 0.9991988300851745   } 
   weightvar { 0.07566833464606817   } 
   kinetic_energy { 2.67597200196057   } 
   kinetic_energyvar { 2.788985971483315   } 
   potential_energy { -8.237678729613853   } 
   potential_energyvar { 3.861222066911586   } 
   nonlocal_energy { 0.6077186408910031   } 
   nonlocal_energyvar { 2.192587146338284   } 
   autocorr_energy { } 
} 

block { 
   label ts_0.001
   totweight 4096000
   nautocorr 0
   total_energy { -4.957010215852112   } 
   total_energyvar { 0.03069806628430943   } 
   weight { 1.000120977080735   } 
   weightvar { 0.08117879196886214   } 
   kinetic_energy { 2.670937125029686   } 
   kinetic_energyvar { 2.740781587937519   } 
   potential_energy { -8.253723424452303   } 
   potential_energyvar { 4.243471500368411   } 
   nonlocal_energy { 0.6257760835705056   } 
   nonlocal_energyvar { 2.461163662160526   } 
   autocorr_energy { } 
} 

block { 
   label ts_0.001
   totweight 4096000
   nautocorr 0
   total_energy { -4.953368058355518   } 
   total_energyvar { 0.03028228345125069   } 
   weight { 1.000074640384088   } 
   weightvar { 0.08448769584372386   } 
   kinetic_energy { 2.656657223608636   } 
   kinetic_energyvar { 2.841512984108795   } 
   potential_energy { -8.235400809156134   } 
   potential_energyvar { 3.917197020808063   } 
   nonlocal_energy { 0.6253755271919786   } 
   nonlocal_energyvar { 2.330366549802872   } 
   autocorr_energy { } 
} 

block { 
   label ts_0.001
   totweight 4096000
   nautocorr 0
   total_energy { -4.953573987725285   } 
   total_energyvar { 0.03133570746897443   } 
   weight { 0.9986278291160012   } 
   weightvar { 0.0866509428797877   } 
   kinetic_energy { 2.622311177009852   } 
   kinetic_energyvar { 2.796071616697723   } 
   potential_energy { -8.208479128787484   } 
   potential_energyvar { 3.84400145095347   } 
   nonlocal_energy { 0.6325939640523489   } 
   nonlocal_energyvar { 2.302969489976521   } 
   autocorr_energy { } 
} 

block { 
   label ts_0.001
   totweight 4096000
   nautocorr 0
   total_energy { -4.958696427951929   } 
   total_energyvar { 0.02908453980471964   } 
   weight { 0.9998750889393369   } 
   weightvar { 0.08995821666080395   } 
   kinetic_energy { 2.620715622736746   } 
   kinetic_energyvar { 2.797433208581694   } 
   potential_energy { -8.209548865638558   } 
   potential_energyvar { 3.928203489627634   } 
   nonlocal_energy { 0.6301368149498832   } 
   nonlocal_energyvar { 2.281732092129627   } 
   autocorr_energy { } 
} 

block { 
   label ts_0.001
   totweight 4096000
   nautocorr 0
   total_energy { -4.955464839281022   } 
   total_energyvar { 0.03119936722005592   } 
   weight { 1.001123492704701   } 
   weightvar { 0.09279726201342396   } 
   kinetic_energy { 2.641173812877012   } 
   kinetic_energyvar { 2.862358701049252   } 
   potential_energy { -8.208752006029485   } 
   potential_energyvar { 3.912935436791824   } 
   nonlocal_energy { 0.6121133538714495   } 
   nonlocal_energyvar { 2.314008502498312   } 
   autocorr_energy { } 
} 

block { 
   label ts_0.001
   totweight 4096000
   nautocorr 0
   total_energy { -4.952303488358563   } 
   total_energyvar { 0.02945530030608927   } 
   weight { 0.9990431766378001   } 
   weightvar { 0.09551718370703115   } 
   kinetic_energy { 2.637567445802187   } 
   kinetic_energyvar { 2.768453991011866   } 
   potential_energy { -8.211003134391291   } 
   potential_energyvar { 3.927654617339269   } 
   nonlocal_energy { 0.6211322002305404   } 
   nonlocal_energyvar { 2.168912295069949   } 
   autocorr_energy { } 
} 

block { 
   label ts_0.001
   totweight 4096000
   nautocorr 0
   total_energy { -4.955821340670137   } 
   total_energyvar { 0.02931018843711233   } 
   weight { 0.9989443610894875   } 
   weightvar { 0.09462527353780489   } 
   kinetic_energy { 2.637707678281616   } 
   kinetic_energyvar { 2.794647665758728   } 
   potential_energy { -8.227378664663867   } 
   potential_energyvar { 3.793590063015825   } 
   nonlocal_energy { 0.6338496457121144   } 
   nonlocal_energyvar { 2.276474250243437   } 
   autocorr_energy { } 
} 

block { 
   label ts_0.001
   totweight 4096000
   nautocorr 0
   total_energy { -4.954972479769292   } 
   total_energyvar { 0.02991789059926212   } 
   weight { 0.9996731542815185   } 
   weightvar { 0.09408173523561845   } 
   kinetic_energy { 2.665010360070951   } 
   kinetic_energyvar { 2.78097698470165   } 
   potential_energy { -8.260844262882252   } 
   potential_energyvar { 3.946295438117759   } 
   nonlocal_energy { 0.64086142304201   } 
   nonlocal_energyvar { 2.363188905083   } 
   autocorr_energy { } 
} 

block { 
   label ts_0.001
   totweight 4096000
   nautocorr 0
   total_energy { -4.955883367280255   } 
   total_energyvar { 0.03064503743650675   } 
   weight { 0.9996780867340016   } 
   weightvar { 0.09458345671151659   } 
   kinetic_energy { 2.666086494357397   } 
   kinetic_energyvar { 2.853417832391112   } 
   potential_energy { -8.239928418900117   } 
   potential_energyvar { 3.961272897904339   } 
   nonlocal_energy { 0.6179585572624643   } 
   nonlocal_energyvar { 2.290310097173045   } 
   autocorr_energy { } 
} 

block { 
   label ts_0.001
   totweight 4096000
   nautocorr 0
   total_energy { -4.959818640578693   } 
   total_energyvar { 0.0283237689871877   } 
   weight { 1.00198854337564   } 
   weightvar { 0.09540649399362938   } 
   kinetic_energy { 2.684494314169521   } 
   kinetic_energyvar { 2.763127842612815   } 
   potential_energy { -8.25528652518029   } 
   potential_energyvar { 3.990747276812139   } 
   nonlocal_energy { 0.6109735704320752   } 
   nonlocal_energyvar { 2.170521694221462   } 
   autocorr_energy { } 
} 

block { 
   label ts_0.001
   totweight 4096000
   nautocorr 0
   total_energy { -4.960113543352216   } 
   total_energyvar { 0.02889903662093723   } 
   weight { 1.003467921914813   } 
   weightvar { 0.09512799723898561   } 
   kinetic_energy { 2.688783753970248   } 
   kinetic_energyvar { 2.883875712544344   } 
   potential_energy { -8.271844729563663   } 
   potential_energyvar { 3.923164239921971   } 
   nonlocal_energy { 0.6229474322411969   } 
   nonlocal_energyvar { 2.333734230201388   } 
   autocorr_energy { } 
} 

block { 
   label ts_0.001
   totweight 4096000
   nautocorr 0
   total_energy { -4.955961896988425   } 
   total_energyvar { 0.02835097556311222   } 
   weight { 1.002342367936874   } 
   weightvar { 0.09616495213590197   } 
   kinetic_energy { 2.662323314422363   } 
   kinetic_energyvar { 2.833241133389326   } 
   potential_energy { -8.235933547370935   } 
   potential_energyvar { 4.075510885145693   } 
   nonlocal_energy { 0.6176483359601459   } 
   nonlocal_energyvar { 2.371945204624616   } 
   autocorr_energy { } 
} 

#-------------------------------------------------
#DMC run: timestep 0.001
#-------------------------------------------------


init { 
   label ts_0.001
}
block { 
   label ts_0.001
   totweight 4096000
   nautocorr 0
   total_energy { -4.954818653493351   } 
   total_energyvar { 0.02928929386344142   } 
   weight { 0.9996818071451853   } 
   weightvar { 0.09527800977333474   } 
   kinetic_energy { 2.642710827608051   } 
   kinetic_energyvar { 2.836732602614357   } 
   potential_energy { -8.221957748603625   } 
   potential_energyvar { 3.932330719994976   } 
   nonlocal_energy { 0.6244282675022228   } 
   nonlocal_energyvar { 2.308488143822648   } 
   autocorr_energy { } 
} 

block { 
   label ts_0.001
   totweight 4096000
   nautocorr 0
   total_energy { -4.957670790038816   } 
   total_energyvar { 0.02918981600896769   } 
   weight { 0.9995462358270708   } 
   weightvar { 0.09682230240624111   } 
   kinetic_energy { 2.647396521587899   } 
   kinetic_energyvar { 2.701647315747801   } 
   potential_energy { -8.221909532842789   } 
   potential_energyvar { 3.844051388850766   } 
   nonlocal_energy { 0.6168422212160736   } 
   nonlocal_energyvar { 2.146764412475046   } 
   autocorr_energy { } 
} 

block { 
   label ts_0.001
   totweight 4096000
   nautocorr 0
   total_energy { -4.956445916832486   } 
   total_energyvar { 0.02867751012320625   } 
   weight { 1.000238233685187   } 
   weightvar { 0.09840807822891377   } 
   kinetic_energy { 2.660956506143881   } 
   kinetic_energyvar { 2.76619716881505   } 
   potential_energy { -8.231859072696066   } 
   potential_energyvar { 3.871330158191488   } 
   nonlocal_energy { 0.6144566497196993   } 
   nonlocal_energyvar { 2.126551811556174   } 
   autocorr_energy { } 
} 

block { 
   label ts_0.001
   totweight 4096000
   nautocorr 0
   total_energy { -4.956196000234295   } 
   total_energyvar { 0.03052826157444834   } 
   weight { 1.000058679912235   } 
   weightvar { 0.09824394636338747   } 
   kinetic_energy { 2.663456178697126   } 
   kinetic_energyvar { 2.82711334780937   } 
   potential_energy { -8.243864147738556   } 
   potential_energyvar { 3.915947200249938   } 
   nonlocal_energy { 0.6242119688071351   } 
   nonlocal_energyvar { 2.252882799699953   } 
   autocorr_energy { } 
} 

block { 
   label ts_0.001
   totweight 4096000
   nautocorr 0
   total_energy { -4.957300823711789   } 
   total_energyvar { 0.02965031550677996   } 
   weight { 1.000557184314399   } 
   weightvar { 0.09527503197049049   } 
   kinetic_energy { 2.677799253430871   } 
   kinetic_energyvar { 2.804307305043252   } 
   potential_energy { -8.260044993074409   } 
   potential_energyvar { 3.920456478386941   } 
   nonlocal_energy { 0.6249449159317504   } 
   nonlocal_energyvar { 2.254190576753957   } 
   autocorr_energy { } 
} 

block { 
   label ts_0.001
   totweight 4096000
   nautocorr 0
   total_energy { -4.954196398856591   } 
   total_energyvar { 0.03001932291624535   } 
   weight { 0.9992267466086735   } 
   weightvar { 0.09504049427508521   } 
   kinetic_energy { 2.652709082993195   } 
   kinetic_energyvar { 2.786079622185617   } 
   potential_energy { -8.23243998804131   } 
   potential_energyvar { 3.808712864065085   } 
   nonlocal_energy { 0.6255345061915241   } 
   nonlocal_energyvar { 2.252927349372716   } 
   autocorr_energy { } 
} 

block { 
   label ts_0.001
   totweight 4096000
   nautocorr 0
   total_energy { -4.955141290149996   } 
   total_energyvar { 0.02947134010987265   } 
   weight { 0.9985247087679066   } 
   weightvar { 0.09544882785714151   } 
   kinetic_energy { 2.67329104742295   } 
   kinetic_energyvar { 2.740221367106027   } 
   potential_energy { -8.248293693362363   } 
   potential_energyvar { 3.749140684730986   } 
   nonlocal_energy { 0.619861355789419   } 
   nonlocal_energyvar { 2.128998078244641   } 
   autocorr_energy { } 
} 

block { 
   label ts_0.001
   totweight 4096000
   nautocorr 0
   total_energy { -4.955219589427803   } 
   total_energyvar { 0.03057565196308076   } 
   weight { 0.999185488575853   } 
   weightvar { 0.09454677428575997   } 
   kinetic_energy { 2.682105930022046   } 
   kinetic_energyvar { 2.821730732291626   } 
   potential_energy { -8.286477395532904   } 
   potential_energyvar { 4.057180286784837   } 
   nonlocal_energy { 0.6491518760830555   } 
   nonlocal_energyvar { 2.521450882093757   } 
   autocorr_energy { } 
} 

block { 
   label ts_0.001
   totweight 4096000
   nautocorr 0
   total_energy { -4.954960500052109   } 
   total_energyvar { 0.02849002673868799   } 
   weight { 0.9989717836090914   } 
   weightvar { 0.09477213778663893   } 
   kinetic_energy { 2.713693717079808   } 
   kinetic_energyvar { 2.741922570813664   } 
   potential_energy { -8.304668113318169   } 
   potential_energyvar { 3.900435929019292   } 
   nonlocal_energy { 0.6360138961862524   } 
   nonlocal_energyvar { 2.141199560879181   } 
   autocorr_energy { } 
} 

block { 
   label ts_0.001
   totweight 4096000
   nautocorr 0
   total_energy { -4.957971232169722   } 
   total_energyvar { 0.0305078485593961   } 
   weight { 0.9999913546188185   } 
   weightvar { 0.09514450366223874   } 
   kinetic_energy { 2.707561000598744   } 
   kinetic_energyvar { 2.833361606146753   } 
   potential_energy { -8.302039728145537   } 
   potential_energyvar { 3.981062084320526   } 
   nonlocal_energy { 0.6365074953770707   } 
   nonlocal_energyvar { 2.280415137123443   } 
   autocorr_energy { } 
} 

block { 
   label ts_0.001
   totweight 4096000
   nautocorr 0
   total_energy { -4.957276652713399   } 
   total_energyvar { 0.02897846835604772   } 
   weight { 1.000875548876648   } 
   weightvar { 0.09529561439948195   } 
   kinetic_energy { 2.668282075424868   } 
   kinetic_energyvar { 2.861737624034093   } 
   potential_energy { -8.25771353097913   } 
   potential_energyvar { 3.988921246035679   } 
   nonlocal_energy { 0.6321548028408619   } 
   nonlocal_energyvar { 2.304616838374959   } 
   autocorr_energy { } 
} 

block { 
   label ts_0.001
   totweight 4096000
   nautocorr 0
   total_energy { -4.955730267154114   } 
   total_energyvar { 0.03227057985759194   } 
   weight { 1.000387249019052   } 
   weightvar { 0.09705632886453608   } 
   kinetic_energy { 2.661032497683453   } 
   kinetic_energyvar { 2.801530634245665   } 
   potential_energy { -8.255792965793891   } 
   potential_energyvar { 3.916867024097813   } 
   nonlocal_energy { 0.6390302009563225   } 
   nonlocal_energyvar { 2.325093880772553   } 
   autocorr_energy { } 
} 

block { 
   label ts_0.001
   totweight 4096000
   nautocorr 0
   total_energy { -4.954982254074824   } 
   total_energyvar { 0.03010814786499203   } 
   weight { 0.9994165022481634   } 
   weightvar { 0.09599043011134399   } 
   kinetic_energy { 2.63700925449103   } 
   kinetic_energyvar { 2.740666980854199   } 
   potential_energy { -8.216346678193235   } 
   potential_energyvar { 3.921669491436643   } 
   nonlocal_energy { 0.6243551696273805   } 
   nonlocal_energyvar { 2.329773565738518   } 
   autocorr_energy { } 
} 

block { 
   label ts_0.001
   totweight 4096000
   nautocorr 0
   total_energy { -4.955409139040021   } 
   total_energyvar { 0.02944754347482911   } 
   weight { 0.9988309198901586   } 
   weightvar { 0.09274959041273753   } 
   kinetic_energy { 2.661289795197308   } 
   kinetic_energyvar { 2.821001417296246   } 
   potential_energy { -8.235713974463765   } 
   potential_energyvar { 3.989579497934376   } 
   nonlocal_energy { 0.6190150402264357   } 
   nonlocal_energyvar { 2.20846311971534   } 
   autocorr_energy { } 
} 

block { 
   label ts_0.001
   totweight 4096000
   nautocorr 0
   total_energy { -4.955977473432017   } 
   total_energyvar { 0.02928778342111712   } 
   weight { 0.999598157617822   } 
   weightvar { 0.09287063920940328   } 
   kinetic_energy { 2.641831532676511   } 
   kinetic_energyvar { 2.73279631906273   } 
   potential_energy { -8.221640266009905   } 
   potential_energyvar { 3.739507808629265   } 
   nonlocal_energy { 0.6238312599013763   } 
   nonlocal_energyvar { 2.192330295217038   } 
   autocorr_energy { } 
} 

block { 
   label ts_0.001
   totweight 4096000
   nautocorr 0
   total_energy { -4.954247271937026   } 
   total_energyvar { 0.02974596464066222   } 
   weight { 0.9994866588219414   } 
   weightvar { 0.09396190769496078   } 
   kinetic_energy { 2.663567175555329   } 
   kinetic_energyvar { 2.820007692081258   } 
   potential_energy { -8.236780149419715   } 
   potential_energyvar { 3.911331518135907   } 
   nonlocal_energy { 0.6189657019273594   } 
   nonlocal_energyvar { 2.288326332966855   } 
   autocorr_energy { } 
} 

block { 
   label ts_0.001
   totweight 4096000
   nautocorr 0
   total_energy { -4.951095522709362   } 
   total_energyvar { 0.02995345394617832   } 
   weight { 0.996346377773851   } 
   weightvar { 0.09467277783387396   } 
   kinetic_energy { 2.656215252482726   } 
   kinetic_energyvar { 2.784777470191287   } 
   potential_energy { -8.234166227488041   } 
   potential_energyvar { 3.8727472704451   } 
   nonlocal_energy { 0.6268554522959541   } 
   nonlocal_energyvar { 2.320598184933794   } 
   autocorr_energy { } 
} 

block { 
   label ts_0.001
   totweight 4096000
   nautocorr 0
   total_energy { -4.95437167227627   } 
   total_energyvar { 0.02994074991240621   } 
   weight { 0.9978338340476821   } 
   weightvar { 0.09447537039743732   } 
   kinetic_energy { 2.648496850652617   } 
   kinetic_energyvar { 2.763747891667381   } 
   potential_energy { -8.233991998716496   } 
   potential_energyvar { 3.88157874733043   } 
   nonlocal_energy { 0.6311234757876082   } 
   nonlocal_energyvar { 2.194227845564854   } 
   autocorr_energy { } 
} 

block { 
   label ts_0.001
   totweight 4096000
   nautocorr 0
   total_energy { -4.955827595068834   } 
   total_energyvar { 0.03030918392098416   } 
   weight { 0.9984146417868064   } 
   weightvar { 0.09388485343103004   } 
   kinetic_energy { 2.6552739086362   } 
   kinetic_energyvar { 2.850567170579961   } 
   potential_energy { -8.226645790662888   } 
   potential_energyvar { 3.944825026362728   } 
   nonlocal_energy { 0.6155442869578521   } 
   nonlocal_energyvar { 2.194770076436963   } 
   autocorr_energy { } 
} 

block { 
   label ts_0.001
   totweight 4096000
   nautocorr 0
   total_energy { -4.95764907355654   } 
   total_energyvar { 0.02976872792547522   } 
   weight { 1.000180194855492   } 
   weightvar { 0.09490174570340019   } 
   kinetic_energy { 2.655401648455642   } 
   kinetic_energyvar { 2.783294182853189   } 
   potential_energy { -8.236640271591261   } 
   potential_energyvar { 3.954022163966996   } 
   nonlocal_energy { 0.6235895495790781   } 
   nonlocal_energyvar { 2.212208951319382   } 
   autocorr_energy { } 
} 

block { 
   label ts_0.001
   totweight 4096000
   nautocorr 0
   total_energy { -4.956598417866717   } 
   total_energyvar { 0.0286683353098284   } 
   weight { 1.000906619145269   } 
   weightvar { 0.09668608641483332   } 
   kinetic_energy { 2.660327755951059   } 
   kinetic_energyvar { 2.859869554146655   } 
   potential_energy { -8.216048391220054   } 
   potential_energyvar { 3.932780250489678   } 
   nonlocal_energy { 0.5991222174022762   } 
   nonlocal_energyvar { 2.096200824809789   } 
   autocorr_energy { } 
} 

block { 
   label ts_0.001
   totweight 4096000
   nautocorr 0
   total_energy { -4.956052540046206   } 
   total_energyvar { 0.02876773146483011   } 
   weight { 1.000780900848708   } 
   weightvar { 0.09689651280395724   } 
   kinetic_energy { 2.645725193992796   } 
   kinetic_energyvar { 2.708407088685517   } 
   potential_energy { -8.211984178091917   } 
   potential_energyvar { 3.719251925292253   } 
   nonlocal_energy { 0.6102064440529161   } 
   nonlocal_energyvar { 2.096564158907619   } 
   autocorr_energy { } 
} 

block { 
   label ts_0.001
   totweight 4096000
   nautocorr 0
   total_energy { -4.953451647941131   } 
   total_energyvar { 0.03010584592895792   } 
   weight { 0.9992441517972727   } 
   weightvar { 0.09599852670054686   } 
   kinetic_energy { 2.649715584358109   } 
   kinetic_energyvar { 2.760517217336045   } 
   potential_energy { -8.211834767084992   } 
   potential_energyvar { 3.875498855577268   } 
   nonlocal_energy { 0.6086675347857513   } 
   nonlocal_energyvar { 2.183955854831833   } 
   autocorr_energy { } 
} 

block { 
   label ts_0.001
   totweight 4096000
   nautocorr 0
   total_energy { -4.955166513841031   } 
   total_energyvar { 0.02969844984667859   } 
   weight { 0.998662507956982   } 
   weightvar { 0.09602224417393437   } 
   kinetic_energy { 2.644506822484057   } 
   kinetic_energyvar { 2.732110720583995   } 
   potential_energy { -8.207609075302052   } 
   potential_energyvar { 3.843885503542923   } 
   nonlocal_energy { 0.6079357389769628   } 
   nonlocal_energyvar { 2.12293125274905   } 
   autocorr_energy { } 
} 

block { 
   label ts_0.001
   totweight 4096000
   nautocorr 0
   total_energy { -4.9576102014413   } 
   total_energyvar { 0.03024626644439787   } 
   weight { 1.000169462475865   } 
   weightvar { 0.09530387600482444   } 
   kinetic_energy { 2.642949734651387   } 
   kinetic_energyvar { 2.714500454806863   } 
   potential_energy { -8.194757603683787   } 
   potential_energyvar { 3.7669870656091   } 
   nonlocal_energy { 0.5941976675911005   } 
   nonlocal_energyvar { 2.031171979778652   } 
   autocorr_energy { } 
} 

block { 
   label ts_0.001
   totweight 4096000
   nautocorr 0
   total_energy { -4.957127962849598   } 
   total_energyvar { 0.02921561164381259   } 
   weight { 1.00071835946283   } 
   weightvar { 0.09677262739427858   } 
   kinetic_energy { 2.647059736969432   } 
   kinetic_energyvar { 2.75038051038451   } 
   potential_energy { -8.216358583057225   } 
   potential_energyvar { 3.888592770589182   } 
   nonlocal_energy { 0.6121708832381939   } 
   nonlocal_energyvar { 2.16960616188446   } 
   autocorr_energy { } 
} 

block { 
   label ts_0.001
   totweight 4096000
   nautocorr 0
   total_energy { -4.958014620728715   } 
   total_energyvar { 0.03037786018690752   } 
   weight { 1.001277405410292   } 
   weightvar { 0.09572182425352703   } 
   kinetic_energy { 2.659005284949588   } 
   kinetic_energyvar { 2.763778475305015   } 
   potential_energy { -8.228843527641169   } 
   potential_energyvar { 3.79189881038834   } 
   nonlocal_energy { 0.6118236219628654   } 
   nonlocal_energyvar { 2.056060481006978   } 
   autocorr_energy { } 
} 

block { 
   label ts_0.001
   totweight 4096000
   nautocorr 0
   total_energy { -4.956953281824317   } 
   total_energyvar { 0.02860922574471808   } 
   weight { 1.001491704073082   } 
   weightvar { 0.09582184950405415   } 
   kinetic_energy { 2.647055628422001   } 
   kinetic_energyvar { 2.80953231655367   } 
   potential_energy { -8.215332957378211   } 
   potential_energyvar { 3.822824698561087   } 
   nonlocal_energy { 0.6113240471318943   } 
   nonlocal_energyvar { 2.263628206530165   } 
   autocorr_energy { } 
} 

block { 
   label ts_0.001
   totweight 4096000
   nautocorr 0
   total_energy { -4.956307468509448   } 
   total_energyvar { 0.0288757625386587   } 
   weight { 1.00108481849523   } 
   weightvar { 0.09593549706559326   } 
   kinetic_energy { 2.65703523122455   } 
   kinetic_energyvar { 2.860396874655884   } 
   potential_energy { -8.226222424793191   } 
   potential_energyvar { 3.954876770627355   } 
   nonlocal_energy { 0.6128797250591909   } 
   nonlocal_energyvar { 2.290977157869076   } 
   autocorr_energy { } 
} 

block { 
   label ts_0.001
   totweight 4096000
   nautocorr 0
   total_energy { -4.958099608614655   } 
   total_energyvar { 0.02854647247245368   } 
   weight { 1.001068498009897   } 
   weightvar { 0.09589510348487749   } 
   kinetic_energy { 2.646244836876072   } 
   kinetic_energyvar { 2.862943614266713   } 
   potential_energy { -8.221834506846289   } 
   potential_energyvar { 3.878575890678335   } 
   nonlocal_energy { 0.6174900613555597   } 
   nonlocal_energyvar { 2.282608367811352   } 
   autocorr_energy { } 
} 

block { 
   label ts_0.001
   totweight 4096000
   nautocorr 0
   total_energy { -4.955783040953138   } 
   total_energyvar { 0.02824942976529758   } 
   weight { 1.001313394681882   } 
   weightvar { 0.09705525033052528   } 
   kinetic_energy { 2.65740573456699   } 
   kinetic_energyvar { 2.707837076876042   } 
   potential_energy { -8.206152360730421   } 
   potential_energyvar { 3.83523735577963   } 
   nonlocal_energy { 0.5929635852102925   } 
   nonlocal_energyvar { 2.012707214759842   } 
   autocorr_energy { } 
} 

block { 
   label ts_0.001
   totweight 4096000
   nautocorr 0
   total_energy { -4.953053503329052   } 
   total_energyvar { 0.03037922932895664   } 
   weight { 0.998895386930485   } 
   weightvar { 0.09625875395174577   } 
   kinetic_energy { 2.645710428163949   } 
   kinetic_energyvar { 2.838702815190289   } 
   potential_energy { -8.209465302018682   } 
   potential_energyvar { 4.062777981829861   } 
   nonlocal_energy { 0.6107013705256815   } 
   nonlocal_energyvar { 2.341644094414023   } 
   autocorr_energy { } 
} 

block { 
   label ts_0.001
   totweight 4096000
   nautocorr 0
   total_energy { -4.956107854774501   } 
   total_energyvar { 0.0304474048578061   } 
   weight { 0.9987103852195051   } 
   weightvar { 0.09717378758712721   } 
   kinetic_energy { 2.658796169425583   } 
   kinetic_energyvar { 2.85358587320997   } 
   potential_energy { -8.24351950914469   } 
   potential_energyvar { 3.858430817338729   } 
   nonlocal_energy { 0.6286154849446046   } 
   nonlocal_energyvar { 2.27277001665016   } 
   autocorr_energy { } 
} 

block { 
   label ts_0.001
   totweight 4096000
   nautocorr 0
   total_energy { -4.956736286033185   } 
   total_energyvar { 0.03006796003760711   } 
   weight { 0.9995200115811885   } 
   weightvar { 0.09780830865668655   } 
   kinetic_energy { 2.666385871987112   } 
   kinetic_energyvar { 2.782813689315748   } 
   potential_energy { -8.241034016595508   } 
   potential_energyvar { 3.919139735614246   } 
   nonlocal_energy { 0.617911858575212   } 
   nonlocal_energyvar { 2.253729191100848   } 
   autocorr_energy { } 
} 

block { 
   label ts_0.001
   totweight 4096000
   nautocorr 0
   total_energy { -4.956113108579349   } 
   total_energyvar { 0.02787310154813263   } 
   weight { 1.000260775236295   } 
   weightvar { 0.09706712902849803   } 
   kinetic_energy { 2.652902867239729   } 
   kinetic_energyvar { 2.696811957278398   } 
   potential_energy { -8.223419480904612   } 
   potential_energyvar { 3.839656289661302   } 
   nonlocal_energy { 0.6144035050855321   } 
   nonlocal_energyvar { 2.099189597648282   } 
   autocorr_energy { } 
} 

block { 
   label ts_0.001
   totweight 4096000
   nautocorr 0
   total_energy { -4.955980120659829   } 
   total_energyvar { 0.02971429808199385   } 
   weight { 1.00007361115921   } 
   weightvar { 0.09567440296517363   } 
   kinetic_energy { 2.649327293904133   } 
   kinetic_energyvar { 2.818273902608651   } 
   potential_energy { -8.233353631324414   } 
   potential_energyvar { 3.903941935429672   } 
   nonlocal_energy { 0.6280462167604537   } 
   nonlocal_energyvar { 2.267121781180928   } 
   autocorr_energy { } 
} 

block { 
   label ts_0.001
   totweight 4096000
   nautocorr 0
   total_energy { -4.958122643453251   } 
   total_energyvar { 0.02876581627350226   } 
   weight { 1.000601749283598   } 
   weightvar { 0.09633482396447826   } 
   kinetic_energy { 2.668819995498936   } 
   kinetic_energyvar { 2.792351866229338   } 
   potential_energy { -8.244277772346924   } 
   potential_energyvar { 3.925303476526127   } 
   nonlocal_energy { 0.6173351333947377   } 
   nonlocal_energyvar { 2.244399625675859   } 
   autocorr_energy { } 
} 

block { 
   label ts_0.001
   totweight 4096000
   nautocorr 0
   total_energy { -4.957209872409452   } 
   total_energyvar { 0.028019191953591   } 
   weight { 1.001241283912129   } 
   weightvar { 0.09696250211451532   } 
   kinetic_energy { 2.666087110567609   } 
   kinetic_energyvar { 2.738219281232182   } 
   potential_energy { -8.248988403276737   } 
   potential_energyvar { 3.801991196904004   } 
   nonlocal_energy { 0.6256914202996752   } 
   nonlocal_energyvar { 2.177465651711696   } 
   autocorr_energy { } 
} 

block { 
   label ts_0.001
   totweight 4096000
   nautocorr 0
   total_energy { -4.956639985616015   } 
   total_energyvar { 0.03042067508023994   } 
   weight { 1.000696458384968   } 
   weightvar { 0.09594274627329855   } 
   kinetic_energy { 2.660876076657822   } 
   kinetic_energyvar { 2.824417889458613   } 
   potential_energy { -8.243382538637203   } 
   potential_energyvar { 3.878247924917226   } 
   nonlocal_energy { 0.6258664763633659   } 
   nonlocal_energyvar { 2.245072948874947   } 
   autocorr_energy { } 
} 

block { 
   label ts_0.001
   totweight 4096000
   nautocorr 0
   total_energy { -4.954375637575449   } 
   total_energyvar { 0.03322915196906477   } 
   weight { 0.9998507637205752   } 
   weightvar { 0.09701617147168996   } 
   kinetic_energy { 2.643848017515804   } 
   kinetic_energyvar { 2.903387346110506   } 
   potential_energy { -8.245961916142441   } 
   potential_energyvar { 4.021359901215986   } 
   nonlocal_energy { 0.6477382610511894   } 
   nonlocal_energyvar { 2.418227898451843   } 
   autocorr_energy { } 
} 

block { 
   label ts_0.001
   totweight 4096000
   nautocorr 0
   total_energy { -4.956212054638744   } 
   total_energyvar { 0.02970785699080126   } 
   weight { 0.9992382282322455   } 
   weightvar { 0.0986375834977478   } 
   kinetic_energy { 2.640233477247702   } 
   kinetic_energyvar { 2.754351451498523   } 
   potential_energy { -8.236696536043036   } 
   potential_energyvar { 3.837754019997884   } 
   nonlocal_energy { 0.6402510041565902   } 
   nonlocal_energyvar { 2.357400357347139   } 
   autocorr_energy { } 
} 

block { 
   label ts_0.001
   totweight 4096000
   nautocorr 0
   total_energy { -4.959234099756506   } 
   total_energyvar { 0.03152136642492836   } 
   weight { 1.000941768307248   } 
   weightvar { 0.09969032818973055   } 
   kinetic_energy { 2.640563501155647   } 
   kinetic_energyvar { 2.774131454618648   } 
   potential_energy { -8.235134250035033   } 
   potential_energyvar { 3.992319080020089   } 
   nonlocal_energy { 0.6353366491228803   } 
   nonlocal_energyvar { 2.353181767411836   } 
   autocorr_energy { } 
} 

block { 
   label ts_0.001
   totweight 4096000
   nautocorr 0
   total_energy { -4.957165583206001   } 
   total_energyvar { 0.03061664236863245   } 
   weight { 1.001670146530723   } 
   weightvar { 0.09954968551012124   } 
   kinetic_energy { 2.65473471704023   } 
   kinetic_energyvar { 2.835835743528327   } 
   potential_energy { -8.263261275826643   } 
   potential_energyvar { 3.999501699555031   } 
   nonlocal_energy { 0.6513609755804142   } 
   nonlocal_energyvar { 2.350886506304042   } 
   autocorr_energy { } 
} 

block { 
   label ts_0.001
   totweight 4096000
   nautocorr 0
   total_energy { -4.957894220887971   } 
   total_energyvar { 0.02991403693237104   } 
   weight { 1.001459501998932   } 
   weightvar { 0.09911457201237803   } 
   kinetic_energy { 2.641715972000863   } 
   kinetic_energyvar { 2.806149416256525   } 
   potential_energy { -8.229712649056868   } 
   potential_energyvar { 3.823814272174415   } 
   nonlocal_energy { 0.6301024561680337   } 
   nonlocal_energyvar { 2.171255078562135   } 
   autocorr_energy { } 
} 

block { 
   label ts_0.001
   totweight 4096000
   nautocorr 0
   total_energy { -4.956505559145581   } 
   total_energyvar { 0.02850031275755203   } 
   weight { 1.000804405514089   } 
   weightvar { 0.09861377829219621   } 
   kinetic_energy { 2.650797239565446   } 
   kinetic_energyvar { 2.795195336451179   } 
   potential_energy { -8.230099356930191   } 
   potential_energyvar { 3.946497133425571   } 
   nonlocal_energy { 0.6227965582191658   } 
   nonlocal_energyvar { 2.273622399146831   } 
   autocorr_energy { } 
} 

block { 
   label ts_0.001
   totweight 4096000
   nautocorr 0
   total_energy { -4.955574334152505   } 
   total_energyvar { 0.03247329594373232   } 
   weight { 1.00010988466155   } 
   weightvar { 0.09723340465200847   } 
   kinetic_energy { 2.624049021911673   } 
   kinetic_energyvar { 2.871894439861075   } 
   potential_energy { -8.228745533452392   } 
   potential_energyvar { 3.934889521038983   } 
   nonlocal_energy { 0.649122177388212   } 
   nonlocal_energyvar { 2.576873809651104   } 
   autocorr_energy { } 
} 

block { 
   label ts_0.001
   totweight 4096000
   nautocorr 0
   total_energy { -4.953705413945457   } 
   total_energyvar { 0.03005561448600054   } 
   weight { 0.9988728116138942   } 
   weightvar { 0.09399043552183624   } 
   kinetic_energy { 2.642840738343492   } 
   kinetic_energyvar { 2.766575091595877   } 
   potential_energy { -8.209953314544746   } 
   potential_energyvar { 3.843135152962268   } 
   nonlocal_energy { 0.6134071622557987   } 
   nonlocal_energyvar { 2.191368768442532   } 
   autocorr_energy { } 
} 

block { 
   label ts_0.001
   totweight 4096000
   nautocorr 0
   total_energy { -4.95427074534533   } 
   total_energyvar { 0.02875410522569851   } 
   weight { 0.9979685649660722   } 
   weightvar { 0.09417956386452332   } 
   kinetic_energy { 2.650095990438661   } 
   kinetic_energyvar { 2.759101480428921   } 
   potential_energy { -8.220821076596858   } 
   potential_energyvar { 3.841044430530519   } 
   nonlocal_energy { 0.6164543408128665   } 
   nonlocal_energyvar { 2.241284739373311   } 
   autocorr_energy { } 
} 

block { 
   label ts_0.001
   totweight 4096000
   nautocorr 0
   total_energy { -4.955878874330975   } 
   total_energyvar { 0.02851899609518236   } 
   weight { 0.9987270101386164   } 
   weightvar { 0.09379455223025347   } 
   kinetic_energy { 2.666147296926452   } 
   kinetic_energyvar { 2.758521248877719   } 
   potential_energy { -8.229846468832417   } 
   potential_energyvar { 3.872488297462265   } 
   nonlocal_energy { 0.6078202975749896   } 
   nonlocal_energyvar { 2.169864203292884   } 
   autocorr_energy { } 
} 

block { 
   label ts_0.001
   totweight 4096000
   nautocorr 0
   total_energy { -4.956659223845883   } 
   total_energyvar { 0.02883777598361888   } 
   weight { 0.9997942699391505   } 
   weightvar { 0.0956572431777233   } 
   kinetic_energy { 2.666002983158724   } 
   kinetic_energyvar { 2.692658936069779   } 
   potential_energy { -8.248022876692149   } 
   potential_energyvar { 3.797716423488044   } 
   nonlocal_energy { 0.625360669687542   } 
   nonlocal_energyvar { 2.175215855895119   } 
   autocorr_energy { } 
} 

block { 
   label ts_0.001
   totweight 4096000
   nautocorr 0
   total_energy { -4.957705864541036   } 
   total_energyvar { 0.02990234711876099   } 
   weight { 1.000097471230351   } 
   weightvar { 0.09424319910656195   } 
   kinetic_energy { 2.660297993839027   } 
   kinetic_energyvar { 2.825420102134927   } 
   potential_energy { -8.250366693515321   } 
   potential_energyvar { 3.951729730309314   } 
   nonlocal_energy { 0.6323628351352589   } 
   nonlocal_energyvar { 2.355125647689081   } 
   autocorr_energy { } 
} 

block { 
   label ts_0.001
   totweight 4096000
   nautocorr 0
   total_energy { -4.958125822115871   } 
   total_energyvar { 0.03044891378343624   } 
   weight { 1.001320822715057   } 
   weightvar { 0.09492167924290525   } 
   kinetic_energy { 2.645765071255969   } 
   kinetic_energyvar { 2.824498319812877   } 
   potential_energy { -8.244744723283988   } 
   potential_energyvar { 3.962296771101161   } 
   nonlocal_energy { 0.6408538299121481   } 
   nonlocal_energyvar { 2.316506708791693   } 
   autocorr_energy { } 
} 

block { 
   label ts_0.001
   totweight 4096000
   nautocorr 0
   total_energy { -4.955650084864133   } 
   total_energyvar { 0.03004323112630175   } 
   weight { 1.000497729254465   } 
   weightvar { 0.09284601820052486   } 
   kinetic_energy { 2.656831830788578   } 
   kinetic_energyvar { 2.78965570426285   } 
   potential_energy { -8.245470601309282   } 
   potential_energyvar { 3.901223083416843   } 
   nonlocal_energy { 0.632988685656573   } 
   nonlocal_energyvar { 2.238093711520957   } 
   autocorr_energy { } 
} 

block { 
   label ts_0.001
   totweight 4096000
   nautocorr 0
   total_energy { -4.957684166204996   } 
   total_energyvar { 0.0294930241296127   } 
   weight { 1.000583488660445   } 
   weightvar { 0.09170262331278212   } 
   kinetic_energy { 2.695199729338834   } 
   kinetic_energyvar { 2.856924985672794   } 
   potential_energy { -8.289638335483371   } 
   potential_energyvar { 3.959126973472482   } 
   nonlocal_energy { 0.63675443993954   } 
   nonlocal_energyvar { 2.271791214556656   } 
   autocorr_energy { } 
} 

block { 
   label ts_0.001
   totweight 4096000
   nautocorr 0
   total_energy { -4.956321494861522   } 
   total_energyvar { 0.03053699401605345   } 
   weight { 1.000591216040754   } 
   weightvar { 0.09529145329258956   } 
   kinetic_energy { 2.698529213804039   } 
   kinetic_energyvar { 2.801806793100782   } 
   potential_energy { -8.281626599401218   } 
   potential_energyvar { 3.924121454873176   } 
   nonlocal_energy { 0.6267758907356573   } 
   nonlocal_energyvar { 2.21907080819403   } 
   autocorr_energy { } 
} 

block { 
   label ts_0.001
   totweight 4096000
   nautocorr 0
   total_energy { -4.957012969296058   } 
   total_energyvar { 0.02968181553977763   } 
   weight { 1.000655754651501   } 
   weightvar { 0.09622083587384277   } 
   kinetic_energy { 2.693431843216427   } 
   kinetic_energyvar { 2.838553373713736   } 
   potential_energy { -8.270220194248724   } 
   potential_energyvar { 3.993112571838259   } 
   nonlocal_energy { 0.6197753817362374   } 
   nonlocal_energyvar { 2.286831469551517   } 
   autocorr_energy { } 
} 

block { 
   label ts_0.001
   totweight 4096000
   nautocorr 0
   total_energy { -4.956277374969387   } 
   total_energyvar { 0.03161920314848215   } 
   weight { 0.9999336473847196   } 
   weightvar { 0.09828225299402994   } 
   kinetic_energy { 2.650228839310663   } 
   kinetic_energyvar { 2.82853317744999   } 
   potential_energy { -8.237705894028664   } 
   potential_energyvar { 4.400377545605259   } 
   nonlocal_energy { 0.6311996797486146   } 
   nonlocal_energyvar { 2.727999702566295   } 
   autocorr_energy { } 
} 

block { 
   label ts_0.001
   totweight 4096000
   nautocorr 0
   total_energy { -4.954704294947794   } 
   total_energyvar { 0.02862192591803903   } 
   weight { 0.999562041221961   } 
   weightvar { 0.09734957563258248   } 
   kinetic_energy { 2.641448463548629   } 
   kinetic_energyvar { 2.757460664590216   } 
   potential_energy { -8.214273752622683   } 
   potential_energyvar { 4.041956921012205   } 
   nonlocal_energy { 0.6181209941262605   } 
   nonlocal_energyvar { 2.33308596851696   } 
   autocorr_energy { } 
} 

block { 
   label ts_0.001
   totweight 4096000
   nautocorr 0
   total_energy { -4.954816399543781   } 
   total_energyvar { 0.03008313303677448   } 
   weight { 0.9989800692684826   } 
   weightvar { 0.09626893222337504   } 
   kinetic_energy { 2.637805207046356   } 
   kinetic_energyvar { 2.743522633679835   } 
   potential_energy { -8.214442627712007   } 
   potential_energyvar { 3.839156547826816   } 
   nonlocal_energy { 0.62182102112187   } 
   nonlocal_energyvar { 2.203509251285281   } 
   autocorr_energy { } 
} 

block { 
   label ts_0.001
   totweight 4096000
   nautocorr 0
   total_energy { -4.954321204018384   } 
   total_energyvar { 0.03052407399357916   } 
   weight { 0.9981620227869678   } 
   weightvar { 0.09657250717276425   } 
   kinetic_energy { 2.62265528151492   } 
   kinetic_energyvar { 2.752934946629268   } 
   potential_energy { -8.221021141548039   } 
   potential_energyvar { 4.106892724409646   } 
   nonlocal_energy { 0.6440446560147339   } 
   nonlocal_energyvar { 2.573094401759747   } 
   autocorr_energy { } 
} 

block { 
   label ts_0.001
   totweight 4096000
   nautocorr 0
   total_energy { -4.9562091778262   } 
   total_energyvar { 0.02988733612624821   } 
   weight { 0.9987875453477756   } 
   weightvar { 0.09700253791167779   } 
   kinetic_energy { 2.669430107639338   } 
   kinetic_energyvar { 2.792691879405917   } 
   potential_energy { -8.252136633873093   } 
   potential_energyvar { 3.828845584337362   } 
   nonlocal_energy { 0.6264973484075527   } 
   nonlocal_energyvar { 2.212133100998231   } 
   autocorr_energy { } 
} 

block { 
   label ts_0.001
   totweight 4096000
   nautocorr 0
   total_energy { -4.955425264605423   } 
   total_energyvar { 0.03006136331575825   } 
   weight { 0.9994486102560822   } 
   weightvar { 0.0980269940540875   } 
   kinetic_energy { 2.651803911178784   } 
   kinetic_energyvar { 2.825251116547607   } 
   potential_energy { -8.247117354836202   } 
   potential_energyvar { 3.936618626994657   } 
   nonlocal_energy { 0.6398881790519967   } 
   nonlocal_energyvar { 2.494595235115547   } 
   autocorr_energy { } 
} 

block { 
   label ts_0.001
   totweight 4096000
   nautocorr 0
   total_energy { -4.954436723012383   } 
   total_energyvar { 0.03141237153281706   } 
   weight { 0.9984684707096713   } 
   weightvar { 0.09760173619864183   } 
   kinetic_energy { 2.694832659769246   } 
   kinetic_energyvar { 2.874477349255165   } 
   potential_energy { -8.285622197605706   } 
   potential_energyvar { 4.064184416708701   } 
   nonlocal_energy { 0.6363528148240777   } 
   nonlocal_energyvar { 2.413241749218749   } 
   autocorr_energy { } 
} 

block { 
   label ts_0.001
   totweight 4096000
   nautocorr 0
   total_energy { -4.958931054838084   } 
   total_energyvar { 0.02909814944127916   } 
   weight { 0.9998759767926754   } 
   weightvar { 0.0974925192049029   } 
   kinetic_energy { 2.671848692277552   } 
   kinetic_energyvar { 2.766572573332191   } 
   potential_energy { -8.265085997621991   } 
   potential_energyvar { 3.903838586075037   } 
   nonlocal_energy { 0.6343062505063559   } 
   nonlocal_energyvar { 2.19825101844473   } 
   autocorr_energy { } 
} 

block { 
   label ts_0.001
   totweight 4096000
   nautocorr 0
   total_energy { -4.95776659170637   } 
   total_energyvar { 0.03099702310412798   } 
   weight { 1.001389621830387   } 
   weightvar { 0.09745858869716263   } 
   kinetic_energy { 2.658178286976613   } 
   kinetic_energyvar { 2.798176390541535   } 
   potential_energy { -8.252542452604672   } 
   potential_energyvar { 3.893459538713986   } 
   nonlocal_energy { 0.6365975739216867   } 
   nonlocal_energyvar { 2.241745018493136   } 
   autocorr_energy { } 
} 

block { 
   label ts_0.001
   totweight 4096000
   nautocorr 0
   total_energy { -4.956721025778182   } 
   total_energyvar { 0.03136241360677676   } 
   weight { 1.00076727308257   } 
   weightvar { 0.09640871331579449   } 
   kinetic_energy { 2.656195538171366   } 
   kinetic_energyvar { 2.870058931021696   } 
   potential_energy { -8.252446419629626   } 
   potential_energyvar { 4.043551928944813   } 
   nonlocal_energy { 0.6395298556800769   } 
   nonlocal_energyvar { 2.474450614984943   } 
   autocorr_energy { } 
} 

block { 
   label ts_0.001
   totweight 4096000
   nautocorr 0
   total_energy { -4.957357326053509   } 
   total_energyvar { 0.03044000795008202   } 
   weight { 1.00097269693791   } 
   weightvar { 0.09633326468264833   } 
   kinetic_energy { 2.665399400683373   } 
   kinetic_energyvar { 2.874000589653   } 
   potential_energy { -8.242499182628666   } 
   potential_energyvar { 3.999503555094936   } 
   nonlocal_energy { 0.6197424558917883   } 
   nonlocal_energyvar { 2.36664794645708   } 
   autocorr_energy { } 
} 

block { 
   label ts_0.001
   totweight 4096000
   nautocorr 0
   total_energy { -4.955606341240517   } 
   total_energyvar { 0.02922584387763294   } 
   weight { 1.000428755467208   } 
   weightvar { 0.09813843172305892   } 
   kinetic_energy { 2.661162891780033   } 
   kinetic_energyvar { 2.746115430792698   } 
   potential_energy { -8.240822466412997   } 
   potential_energyvar { 3.799858448817837   } 
   nonlocal_energy { 0.6240532333924467   } 
   nonlocal_energyvar { 2.162402489018544   } 
   autocorr_energy { } 
} 

block { 
   label ts_0.001
   totweight 4096000
   nautocorr 0
   total_energy { -4.954016083392816   } 
   total_energyvar { 0.02995402442708541   } 
   weight { 0.9988329654773532   } 
   weightvar { 0.09757701722714114   } 
   kinetic_energy { 2.656422103888501   } 
   kinetic_energyvar { 2.747692407759921   } 
   potential_energy { -8.247020208717963   } 
   potential_energyvar { 3.872778487467065   } 
   nonlocal_energy { 0.6365820214366464   } 
   nonlocal_energyvar { 2.132689984372692   } 
   autocorr_energy { } 
} 

block { 
   label ts_0.001
   totweight 4096000
   nautocorr 0
   total_energy { -4.956588509296041   } 
   total_energyvar { 0.03032704218979009   } 
   weight { 0.9989723614617636   } 
   weightvar { 0.09852446844254333   } 
   kinetic_energy { 2.662502707446907   } 
   kinetic_energyvar { 2.763722326141181   } 
   potential_energy { -8.233917719489423   } 
   potential_energyvar { 3.869834850166971   } 
   nonlocal_energy { 0.6148265027464753   } 
   nonlocal_energyvar { 2.177655531602807   } 
   autocorr_energy { } 
} 

block { 
   label ts_0.001
   totweight 4096000
   nautocorr 0
   total_energy { -4.958398532292216   } 
   total_energyvar { 0.0340071830224188   } 
   weight { 1.000908716781228   } 
   weightvar { 0.0991557758145219   } 
   kinetic_energy { 2.623312179400821   } 
   kinetic_energyvar { 2.810888476843493   } 
   potential_energy { -8.192820005976797   } 
   potential_energyvar { 4.050286074551608   } 
   nonlocal_energy { 0.6111092942837586   } 
   nonlocal_energyvar { 2.44014913047921   } 
   autocorr_energy { } 
} 

block { 
   label ts_0.001
   totweight 4096000
   nautocorr 0
   total_energy { -4.957620518940673   } 
   total_energyvar { 0.02947247495458499   } 
   weight { 1.001171523418056   } 
   weightvar { 0.09826584049676225   } 
   kinetic_energy { 2.629623172789756   } 
   kinetic_energyvar { 2.801758213056158   } 
   potential_energy { -8.217055041968564   } 
   potential_energyvar { 4.049417981624863   } 
   nonlocal_energy { 0.6298113502381332   } 
   nonlocal_energyvar { 2.429286666431302   } 
   autocorr_energy { } 
} 

block { 
   label ts_0.001
   totweight 4096000
   nautocorr 0
   total_energy { -4.958139891152041   } 
   total_energyvar { 0.02754171461888055   } 
   weight { 1.001122245351992   } 
   weightvar { 0.09831907648023604   } 
   kinetic_energy { 2.632257810490749   } 
   kinetic_energyvar { 2.694000782223165   } 
   potential_energy { -8.203324193482819   } 
   potential_energyvar { 3.786579958358776   } 
   nonlocal_energy { 0.6129264918400299   } 
   nonlocal_energyvar { 2.043479480194624   } 
   autocorr_energy { } 
} 

block { 
   label ts_0.001
   totweight 4096000
   nautocorr 0
   total_energy { -4.954901758120392   } 
   total_energyvar { 0.02814637227857756   } 
   weight { 1.000844517151954   } 
   weightvar { 0.09602716917752226   } 
   kinetic_energy { 2.697832051408315   } 
   kinetic_energyvar { 2.760332944003308   } 
   potential_energy { -8.26917504989739   } 
   potential_energyvar { 3.88178893427295   } 
   nonlocal_energy { 0.6164412403686829   } 
   nonlocal_energyvar { 2.0681571612986   } 
   autocorr_energy { } 
} 

block { 
   label ts_0.001
   totweight 4096000
   nautocorr 0
   total_energy { -4.954268537602892   } 
   total_energyvar { 0.02896115222179524   } 
   weight { 0.9988681716327776   } 
   weightvar { 0.09576402300985196   } 
   kinetic_energy { 2.681581705747814   } 
   kinetic_energyvar { 2.818624000223695   } 
   potential_energy { -8.274605284342728   } 
   potential_energyvar { 3.879947149547954   } 
   nonlocal_energy { 0.6387550409920225   } 
   nonlocal_energyvar { 2.249406544435379   } 
   autocorr_energy { } 
} 

block { 
   label ts_0.001
   totweight 4096000
   nautocorr 0
   total_energy { -4.953353468478124   } 
   total_energyvar { 0.02913195571014171   } 
   weight { 0.9981859206064356   } 
   weightvar { 0.09692001138222017   } 
   kinetic_energy { 2.663863346882735   } 
   kinetic_energyvar { 2.888696084658287   } 
   potential_energy { -8.241197304617677   } 
   potential_energyvar { 3.997905827832914   } 
   nonlocal_energy { 0.6239804892568206   } 
   nonlocal_energyvar { 2.328489173649047   } 
   autocorr_energy { } 
} 

block { 
   label ts_0.001
   totweight 4096000
   nautocorr 0
   total_energy { -4.955580537675781   } 
   total_energyvar { 0.02943466632344633   } 
   weight { 0.9978924808248791   } 
   weightvar { 0.09708570565534044   } 
   kinetic_energy { 2.655299604322766   } 
   kinetic_energyvar { 2.77903372914575   } 
   potential_energy { -8.234118651329981   } 
   potential_energyvar { 3.794059525286854   } 
   nonlocal_energy { 0.6232385093314357   } 
   nonlocal_energyvar { 2.183647877409515   } 
   autocorr_energy { } 
} 

block { 
   label ts_0.001
   totweight 4096000
   nautocorr 0
   total_energy { -4.957000242234751   } 
   total_energyvar { 0.02886699966134741   } 
   weight { 0.9996678065959892   } 
   weightvar { 0.09646266588673486   } 
   kinetic_energy { 2.674732560743323   } 
   kinetic_energyvar { 2.844896600197774   } 
   potential_energy { -8.242225059546419   } 
   potential_energyvar { 3.880508086930533   } 
   nonlocal_energy { 0.6104922565683445   } 
   nonlocal_energyvar { 2.198682779049179   } 
   autocorr_energy { } 
} 

block { 
   label ts_0.001
   totweight 4096000
   nautocorr 0
   total_energy { -4.956430598781749   } 
   total_energyvar { 0.02758316268131828   } 
   weight { 0.9999747230755953   } 
   weightvar { 0.09369702153753946   } 
   kinetic_energy { 2.680314513721811   } 
   kinetic_energyvar { 2.757814002197598   } 
   potential_energy { -8.251715317610596   } 
   potential_energyvar { 4.035521696630011   } 
   nonlocal_energy { 0.6149702051070374   } 
   nonlocal_energyvar { 2.312130930659189   } 
   autocorr_energy { } 
} 

block { 
   label ts_0.001
   totweight 4096000
   nautocorr 0
   total_energy { -4.95833436857203   } 
   total_energyvar { 0.03018432147852338   } 
   weight { 1.000984089973845   } 
   weightvar { 0.09428900798335227   } 
   kinetic_energy { 2.676920900565281   } 
   kinetic_energyvar { 2.850337087814108   } 
   potential_energy { -8.24565791246242   } 
   potential_energyvar { 4.166117256481458   } 
   nonlocal_energy { 0.6104026433251052   } 
   nonlocal_energyvar { 2.264196747352453   } 
   autocorr_energy { } 
} 

block { 
   label ts_0.001
   totweight 4096000
   nautocorr 0
   total_energy { -4.958037086990567   } 
   total_energyvar { 0.02950322448375351   } 
   weight { 1.001648256627885   } 
   weightvar { 0.09629846807579934   } 
   kinetic_energy { 2.661441098344571   } 
   kinetic_energyvar { 2.80460762833451   } 
   potential_energy { -8.241124345538591   } 
   potential_energyvar { 3.907589461964099   } 
   nonlocal_energy { 0.6216461602034523   } 
   nonlocal_energyvar { 2.25492840746884   } 
   autocorr_energy { } 
} 

block { 
   label ts_0.001
   totweight 4096000
   nautocorr 0
   total_energy { -4.957827320370249   } 
   total_energyvar { 0.02954624410003316   } 
   weight { 1.001541318239372   } 
   weightvar { 0.09747766624773585   } 
   kinetic_energy { 2.663212970014568   } 
   kinetic_energyvar { 2.797387094699618   } 
   potential_energy { -8.247569105311978   } 
   potential_energyvar { 4.044447614314434   } 
   nonlocal_energy { 0.6265288149271611   } 
   nonlocal_energyvar { 2.294670437751815   } 
   autocorr_energy { } 
} 

block { 
   label ts_0.001
   totweight 4096000
   nautocorr 0
   total_energy { -4.957697261311029   } 
   total_energyvar { 0.02998042223820518   } 
   weight { 1.00124944004317   } 
   weightvar { 0.09676843970467054   } 
   kinetic_energy { 2.656684562818237   } 
   kinetic_energyvar { 2.750845023555193   } 
   potential_energy { -8.222632560215272   } 
   potential_energyvar { 3.852814818516435   } 
   nonlocal_energy { 0.6082507360860057   } 
   nonlocal_energyvar { 2.145409866002428   } 
   autocorr_energy { } 
} 

block { 
   label ts_0.001
   totweight 4096000
   nautocorr 0
   total_energy { -4.95335371256218   } 
   total_energyvar { 0.02859944236437563   } 
   weight { 0.9995485390680724   } 
   weightvar { 0.0956130210937365   } 
   kinetic_energy { 2.677729681701581   } 
   kinetic_energyvar { 2.829019308178894   } 
   potential_energy { -8.249189113446851   } 
   potential_energyvar { 4.017608174230003   } 
   nonlocal_energy { 0.6181057191830903   } 
   nonlocal_energyvar { 2.215624524852704   } 
   autocorr_energy { } 
} 

block { 
   label ts_0.001
   totweight 4096000
   nautocorr 0
   total_energy { -4.95446044574702   } 
   total_energyvar { 0.03076842713955599   } 
   weight { 0.9983220353721881   } 
   weightvar { 0.09620302532822228   } 
   kinetic_energy { 2.676484592283855   } 
   kinetic_energyvar { 2.785117217695785   } 
   potential_energy { -8.26741149204519   } 
   potential_energyvar { 3.917358840249973   } 
   nonlocal_energy { 0.6364664540143145   } 
   nonlocal_energyvar { 2.306259956325966   } 
   autocorr_energy { } 
} 

block { 
   label ts_0.001
   totweight 4096000
   nautocorr 0
   total_energy { -4.952683096857648   } 
   total_energyvar { 0.03053315548303673   } 
   weight { 0.9974044228180696   } 
   weightvar { 0.09569569810697855   } 
   kinetic_energy { 2.669671174670104   } 
   kinetic_energyvar { 2.854688758580868   } 
   potential_energy { -8.26570319276748   } 
   potential_energyvar { 4.226919051299346   } 
   nonlocal_energy { 0.6433489212397288   } 
   nonlocal_energyvar { 2.668779293181712   } 
   autocorr_energy { } 
} 

block { 
   label ts_0.001
   totweight 4096000
   nautocorr 0
   total_energy { -4.95461792491495   } 
   total_energyvar { 0.03107905344212957   } 
   weight { 0.9973446253003051   } 
   weightvar { 0.09474292889039429   } 
   kinetic_energy { 2.677364647341073   } 
   kinetic_energyvar { 2.80999446639445   } 
   potential_energy { -8.27256513031622   } 
   potential_energyvar { 4.029147770240696   } 
   nonlocal_energy { 0.6405825580601961   } 
   nonlocal_energyvar { 2.341489735868589   } 
   autocorr_energy { } 
} 

block { 
   label ts_0.001
   totweight 4096000
   nautocorr 0
   total_energy { -4.955767719560836   } 
   total_energyvar { 0.02932974307065872   } 
   weight { 0.9983952203404924   } 
   weightvar { 0.09557400192669611   } 
   kinetic_energy { 2.678621227001078   } 
   kinetic_energyvar { 2.764868128841647   } 
   potential_energy { -8.261987741912792   } 
   potential_energyvar { 3.907493184923378   } 
   nonlocal_energy { 0.6275987953508778   } 
   nonlocal_energyvar { 2.193601781770841   } 
   autocorr_energy { } 
} 

block { 
   label ts_0.001
   totweight 4096000
   nautocorr 0
   total_energy { -4.95403381811117   } 
   total_energyvar { 0.02915400033708666   } 
   weight { 0.9982480848958872   } 
   weightvar { 0.09754199276969257   } 
   kinetic_energy { 2.687799679280349   } 
   kinetic_energyvar { 2.832579247660769   } 
   potential_energy { -8.272208280583648   } 
   potential_energyvar { 3.879025573233617   } 
   nonlocal_energy { 0.6303747831921294   } 
   nonlocal_energyvar { 2.259517831356354   } 
   autocorr_energy { } 
} 

block { 
   label ts_0.001
   totweight 4096000
   nautocorr 0
   total_energy { -4.953507909170479   } 
   total_energyvar { 0.02949671292059243   } 
   weight { 0.9979517368310378   } 
   weightvar { 0.09843104717734488   } 
   kinetic_energy { 2.668809839179828   } 
   kinetic_energyvar { 2.925027529792894   } 
   potential_energy { -8.267042185123415   } 
   potential_energyvar { 3.98289777895576   } 
   nonlocal_energy { 0.6447244367731078   } 
   nonlocal_energyvar { 2.455862907732441   } 
   autocorr_energy { } 
} 

block { 
   label ts_0.001
   totweight 4096000
   nautocorr 0
   total_energy { -4.956747228894881   } 
   total_energyvar { 0.02966579866597281   } 
   weight { 0.9986075686780285   } 
   weightvar { 0.09820181275688215   } 
   kinetic_energy { 2.664484020331281   } 
   kinetic_energyvar { 2.778604066797618   } 
   potential_energy { -8.246356010839808   } 
   potential_energyvar { 3.899912179796444   } 
   nonlocal_energy { 0.6251247616136457   } 
   nonlocal_energyvar { 2.225922427437327   } 
   autocorr_energy { } 
} 

block { 
   label ts_0.001
   totweight 4096000
   nautocorr 0
   total_energy { -4.954767547752842   } 
   total_energyvar { 0.0309378182914978   } 
   weight { 0.9989742744657728   } 
   weightvar { 0.09677797438898354   } 
   kinetic_energy { 2.657598011816158   } 
   kinetic_energyvar { 2.880677725684653   } 
   potential_energy { -8.231702198281278   } 
   potential_energyvar { 4.003712541021238   } 
   nonlocal_energy { 0.6193366387122791   } 
   nonlocal_energyvar { 2.316942506433273   } 
   autocorr_energy { } 
} 

block { 
   label ts_0.001
   totweight 4096000
   nautocorr 0
   total_energy { -4.95364419235117   } 
   total_energyvar { 0.02839669921469192   } 
   weight { 0.9984649889881914   } 
   weightvar { 0.09608229051353404   } 
   kinetic_energy { 2.643831263394009   } 
   kinetic_energyvar { 2.746718352439915   } 
   potential_energy { -8.224761077078522   } 
   potential_energyvar { 3.841936734376779   } 
   nonlocal_energy { 0.6272856213333428   } 
   nonlocal_energyvar { 2.214823736142946   } 
   autocorr_energy { } 
} 

block { 
   label ts_0.001
   totweight 4096000
   nautocorr 0
   total_energy { -4.954565598812701   } 
   total_energyvar { 0.02815897657726147   } 
   weight { 0.998008100074128   } 
   weightvar { 0.09426386285983673   } 
   kinetic_energy { 2.64467292134869   } 
   kinetic_energyvar { 2.691357972073919   } 
   potential_energy { -8.215659396455418   } 
   potential_energyvar { 3.785393731217973   } 
   nonlocal_energy { 0.6164208762940254   } 
   nonlocal_energyvar { 1.991396117412587   } 
   autocorr_energy { } 
} 

block { 
   label ts_0.001
   totweight 4096000
   nautocorr 0
   total_energy { -4.954098681466461   } 
   total_energyvar { 0.02925057612714755   } 
   weight { 0.9979131247069369   } 
   weightvar { 0.09236820623525104   } 
   kinetic_energy { 2.678926639717993   } 
   kinetic_energyvar { 2.799958393978417   } 
   potential_energy { -8.238362608724355   } 
   potential_energyvar { 4.031123737844234   } 
   nonlocal_energy { 0.6053372875399005   } 
   nonlocal_energyvar { 2.210565534991701   } 
   autocorr_energy { } 
} 

block { 
   label ts_0.001
   totweight 4096000
   nautocorr 0
   total_energy { -4.952582780376146   } 
   total_energyvar { 0.03087495200846749   } 
   weight { 0.997440697160657   } 
   weightvar { 0.09295883204421838   } 
   kinetic_energy { 2.676096698656787   } 
   kinetic_energyvar { 2.887987791100814   } 
   potential_energy { -8.253394402574472   } 
   potential_energyvar { 3.938780050283576   } 
   nonlocal_energy { 0.6247149235415379   } 
   nonlocal_energyvar { 2.280128628223487   } 
   autocorr_energy { } 
} 

block { 
   label ts_0.001
   totweight 4096000
   nautocorr 0
   total_energy { -4.953455675312687   } 
   total_energyvar { 0.03030882134550804   } 
   weight { 0.9967608982606438   } 
   weightvar { 0.0930014553115152   } 
   kinetic_energy { 2.650563021799721   } 
   kinetic_energyvar { 2.780694113770942   } 
   potential_energy { -8.242499886740516   } 
   potential_energyvar { 3.80742038868795   } 
   nonlocal_energy { 0.6384811896281066   } 
   nonlocal_energyvar { 2.229663655546331   } 
   autocorr_energy { } 
} 

block { 
   label ts_0.001
   totweight 4096000
   nautocorr 0
   total_energy { -4.956600569128288   } 
   total_energyvar { 0.02975501885946119   } 
   weight { 0.9987595069635183   } 
   weightvar { 0.09399047557371747   } 
   kinetic_energy { 2.640252698422215   } 
   kinetic_energyvar { 2.772378984685556   } 
   potential_energy { -8.260947750296634   } 
   potential_energyvar { 3.856607731999364   } 
   nonlocal_energy { 0.6640944827461291   } 
   nonlocal_energyvar { 2.446965476719777   } 
   autocorr_energy { } 
} 

block { 
   label ts_0.001
   totweight 4096000
   nautocorr 0
   total_energy { -4.95740853369015   } 
   total_energyvar { 0.02881020925353969   } 
   weight { 1.000490972187203   } 
   weightvar { 0.09594019427464891   } 
   kinetic_energy { 2.67759307016519   } 
   kinetic_energyvar { 2.722769613709233   } 
   potential_energy { -8.254721917700772   } 
   potential_energyvar { 3.906184763544958   } 
   nonlocal_energy { 0.619720313845432   } 
   nonlocal_energyvar { 2.196585743054029   } 
   autocorr_energy { } 
} 

block { 
   label ts_0.001
   totweight 4096000
   nautocorr 0
   total_energy { -4.954720689613382   } 
   total_energyvar { 0.02878783930551379   } 
   weight { 0.9994048833996539   } 
   weightvar { 0.09250116485081858   } 
   kinetic_energy { 2.680641997331696   } 
   kinetic_energyvar { 2.747878157332082   } 
   potential_energy { -8.250252673128385   } 
   potential_energyvar { 3.850236300575704   } 
   nonlocal_energy { 0.6148899861833068   } 
   nonlocal_energyvar { 2.20423742841472   } 
   autocorr_energy { } 
} 

#-------------------------------------------------
#DMC run: timestep 0.001
#-------------------------------------------------


init { 
   label ts_0.001
}
block { 
   label ts_0.001
   totweight 4096000
   nautocorr 0
   total_energy { -4.953207321174924   } 
   total_energyvar { 0.03016497272064947   } 
   weight { 0.9992923297908519   } 
   weightvar { 0.09269342439599955   } 
   kinetic_energy { 2.669024984554455   } 
   kinetic_energyvar { 2.836938197268998   } 
   potential_energy { -8.242917596458113   } 
   potential_energyvar { 3.913326372909762   } 
   nonlocal_energy { 0.6206852907287345   } 
   nonlocal_energyvar { 2.258602111329251   } 
   autocorr_energy { } 
} 

block { 
   label ts_0.001
   totweight 4096000
   nautocorr 0
   total_energy { -4.956532548499031   } 
   total_energyvar { 0.02877877890878289   } 
   weight { 1.001257021692908   } 
   weightvar { 0.09376359740908315   } 
   kinetic_energy { 2.645948862642505   } 
   kinetic_energyvar { 2.691093350436983   } 
   potential_energy { -8.217732113582919   } 
   potential_energyvar { 3.82267758722436   } 
   nonlocal_energy { 0.6152507024413842   } 
   nonlocal_energyvar { 2.078305820953318   } 
   autocorr_energy { } 
} 

block { 
   label ts_0.001
   totweight 4096000
   nautocorr 0
   total_energy { -4.957015927378072   } 
   total_energyvar { 0.02971014314455716   } 
   weight { 1.001546693779778   } 
   weightvar { 0.09188998691873478   } 
   kinetic_energy { 2.661349165544598   } 
   kinetic_energyvar { 2.867012546888618   } 
   potential_energy { -8.247769845874728   } 
   potential_energyvar { 3.915181695643206   } 
   nonlocal_energy { 0.6294047529520576   } 
   nonlocal_energyvar { 2.32555689974998   } 
   autocorr_energy { } 
} 

block { 
   label ts_0.001
   totweight 4096000
   nautocorr 0
   total_energy { -4.958468830071467   } 
   total_energyvar { 0.0310890384738541   } 
   weight { 1.002224189608403   } 
   weightvar { 0.09308906336215771   } 
   kinetic_energy { 2.657848410981636   } 
   kinetic_energyvar { 2.872266618938384   } 
   potential_energy { -8.252802821668649   } 
   potential_energyvar { 4.053461430300343   } 
   nonlocal_energy { 0.6364855806155437   } 
   nonlocal_energyvar { 2.32958502159314   } 
   autocorr_energy { } 
} 

block { 
   label ts_0.001
   totweight 4096000
   nautocorr 0
   total_energy { -4.954712451043515   } 
   total_energyvar { 0.03042229086765725   } 
   weight { 1.001023473234864   } 
   weightvar { 0.0932410656263057   } 
   kinetic_energy { 2.683672535937451   } 
   kinetic_energyvar { 2.868308636520858   } 
   potential_energy { -8.248944727933623   } 
   potential_energyvar { 4.054485068056453   } 
   nonlocal_energy { 0.6105597409526536   } 
   nonlocal_energyvar { 2.225917694334477   } 
   autocorr_energy { } 
} 

block { 
   label ts_0.001
   totweight 4096000
   nautocorr 0
   total_energy { -4.9554597622666   } 
   total_energyvar { 0.03064776226740209   } 
   weight { 0.9995841419169335   } 
   weightvar { 0.09527396622384381   } 
   kinetic_energy { 2.647983934425634   } 
   kinetic_energyvar { 2.793073740965823   } 
   potential_energy { -8.205552063310627   } 
   potential_energyvar { 3.849276688586861   } 
   nonlocal_energy { 0.6021083666183904   } 
   nonlocal_energyvar { 2.304076754697709   } 
   autocorr_energy { } 
} 

block { 
   label ts_0.001
   totweight 4096000
   nautocorr 0
   total_energy { -4.956284181013187   } 
   total_energyvar { 0.02867674828976929   } 
   weight { 0.9994493227435635   } 
   weightvar { 0.09419722819511978   } 
   kinetic_energy { 2.658523134262301   } 
   kinetic_energyvar { 2.727242576875701   } 
   potential_energy { -8.225607317884041   } 
   potential_energyvar { 3.807561512954831   } 
   nonlocal_energy { 0.6108000026085545   } 
   nonlocal_energyvar { 2.155825329918006   } 
   autocorr_energy { } 
} 

block { 
   label ts_0.001
   totweight 4096000
   nautocorr 0
   total_energy { -4.957048946526719   } 
   total_energyvar { 0.02750846749422816   } 
   weight { 0.9998090424397178   } 
   weightvar { 0.09052804878675505   } 
   kinetic_energy { 2.679719527377721   } 
   kinetic_energyvar { 2.781580355541483   } 
   potential_energy { -8.24439596400082   } 
   potential_energyvar { 3.874459725803137   } 
   nonlocal_energy { 0.6076274900963808   } 
   nonlocal_energyvar { 2.216820269478966   } 
   autocorr_energy { } 
} 

block { 
   label ts_0.001
   totweight 4096000
   nautocorr 0
   total_energy { -4.957425676681122   } 
   total_energyvar { 0.03038149078110883   } 
   weight { 1.000356249183541   } 
   weightvar { 0.09022267582247229   } 
   kinetic_energy { 2.654377685202236   } 
   kinetic_energyvar { 2.947067100638837   } 
   potential_energy { -8.252319268808858   } 
   potential_energyvar { 3.990765012773541   } 
   nonlocal_energy { 0.6405159069255005   } 
   nonlocal_energyvar { 2.519465483923704   } 
   autocorr_energy { } 
} 

block { 
   label ts_0.001
   totweight 4096000
   nautocorr 0
   total_energy { -4.958621109463436   } 
   total_energyvar { 0.02932258654092911   } 
   weight { 1.000980371147392   } 
   weightvar { 0.09285744542166595   } 
   kinetic_energy { 2.655538103530496   } 
   kinetic_energyvar { 2.728087037371628   } 
   potential_energy { -8.219557823133202   } 
   potential_energyvar { 3.878720597570392   } 
   nonlocal_energy { 0.6053986101392689   } 
   nonlocal_energyvar { 2.115612979781705   } 
   autocorr_energy { } 
} 

block { 
   label ts_0.001
   totweight 4096000
   nautocorr 0
   total_energy { -4.956028636056092   } 
   total_energyvar { 0.02867176453802339   } 
   weight { 1.000891097580864   } 
   weightvar { 0.093793882898059   } 
   kinetic_energy { 2.659714699405781   } 
   kinetic_energyvar { 2.703754984133806   } 
   potential_energy { -8.232310977162779   } 
   potential_energyvar { 3.831585871193298   } 
   nonlocal_energy { 0.6165676417009069   } 
   nonlocal_energyvar { 2.12018918977315   } 
   autocorr_energy { } 
} 

block { 
   label ts_0.001
   totweight 4096000
   nautocorr 0
   total_energy { -4.956250598442705   } 
   total_energyvar { 0.02867127436564583   } 
   weight { 0.9997011860900313   } 
   weightvar { 0.09433474979378978   } 
   kinetic_energy { 2.662917581941755   } 
   kinetic_energyvar { 2.765900037471857   } 
   potential_energy { -8.250996397272393   } 
   potential_energyvar { 3.877180340252366   } 
   nonlocal_energy { 0.6318282168879329   } 
   nonlocal_energyvar { 2.201917750229943   } 
   autocorr_energy { } 
} 

block { 
   label ts_0.001
   totweight 4096000
   nautocorr 0
   total_energy { -4.956811235362443   } 
   total_energyvar { 0.02983657104221938   } 
   weight { 0.9997773417191721   } 
   weightvar { 0.09555096944638636   } 
   kinetic_energy { 2.665502227392935   } 
   kinetic_energyvar { 2.769877623268609   } 
   potential_energy { -8.260596593341287   } 
   potential_energyvar { 3.938717154492112   } 
   nonlocal_energy { 0.6382831305859091   } 
   nonlocal_energyvar { 2.325560022969857   } 
   autocorr_energy { } 
} 

block { 
   label ts_0.001
   totweight 4096000
   nautocorr 0
   total_energy { -4.956977444481322   } 
   total_energyvar { 0.02882976660588418   } 
   weight { 0.9999261916759042   } 
   weightvar { 0.09524540223998118   } 
   kinetic_energy { 2.669982051534517   } 
   kinetic_energyvar { 2.822898483842426   } 
   potential_energy { -8.25390860617274   } 
   potential_energyvar { 3.936589916488924   } 
   nonlocal_energy { 0.6269491101569016   } 
   nonlocal_energyvar { 2.39325115055119   } 
   autocorr_energy { } 
} 

block { 
   label ts_0.001
   totweight 4096000
   nautocorr 0
   total_energy { -4.957486750976792   } 
   total_energyvar { 0.03083211405412166   } 
   weight { 1.000239983150084   } 
   weightvar { 0.09512821908759131   } 
   kinetic_energy { 2.654651649179896   } 
   kinetic_energyvar { 2.768073823705225   } 
   potential_energy { -8.246616177283263   } 
   potential_energyvar { 3.974520591273451   } 
   nonlocal_energy { 0.6344777771265727   } 
   nonlocal_energyvar { 2.169462124472679   } 
   autocorr_energy { } 
} 

block { 
   label ts_0.001
   totweight 4096000
   nautocorr 0
   total_energy { -4.9539849491631   } 
   total_energyvar { 0.02945778336071437   } 
   weight { 0.9993545621012692   } 
   weightvar { 0.09400602868479145   } 
   kinetic_energy { 2.651897497110267   } 
   kinetic_energyvar { 2.845571552081071   } 
   potential_energy { -8.239149653672452   } 
   potential_energyvar { 3.970873812071278   } 
   nonlocal_energy { 0.6332672073990856   } 
   nonlocal_energyvar { 2.248647410080729   } 
   autocorr_energy { } 
} 

block { 
   label ts_0.001
   totweight 4096000
   nautocorr 0
   total_energy { -4.956140210325923   } 
   total_energyvar { 0.03015467661018035   } 
   weight { 0.9983806386506781   } 
   weightvar { 0.09490902273995791   } 
   kinetic_energy { 2.642425559445073   } 
   kinetic_energyvar { 2.848284486118823   } 
   potential_energy { -8.225305618484754   } 
   potential_energyvar { 3.964806629122928   } 
   nonlocal_energy { 0.626739848713757   } 
   nonlocal_energyvar { 2.382989798179218   } 
   autocorr_energy { } 
} 

block { 
   label ts_0.001
   totweight 4096000
   nautocorr 0
   total_energy { -4.955228983503278   } 
   total_energyvar { 0.03024770523482404   } 
   weight { 0.998642943844965   } 
   weightvar { 0.09468012689582651   } 
   kinetic_energy { 2.628143906262374   } 
   kinetic_energyvar { 2.714306686337653   } 
   potential_energy { -8.216764095801386   } 
   potential_energyvar { 3.85956460103938   } 
   nonlocal_energy { 0.6333912060357346   } 
   nonlocal_energyvar { 2.317490122349506   } 
   autocorr_energy { } 
} 

block { 
   label ts_0.001
   totweight 4096000
   nautocorr 0
   total_energy { -4.954864227361456   } 
   total_energyvar { 0.02989893893314269   } 
   weight { 0.99857740186663   } 
   weightvar { 0.09339173884667466   } 
   kinetic_energy { 2.662932465716823   } 
   kinetic_energyvar { 2.7307673340943   } 
   potential_energy { -8.226974199953398   } 
   potential_energyvar { 3.79623731890274   } 
   nonlocal_energy { 0.6091775068751206   } 
   nonlocal_energyvar { 2.122321875698542   } 
   autocorr_energy { } 
} 

block { 
   label ts_0.001
   totweight 4096000
   nautocorr 0
   total_energy { -4.954925989774975   } 
   total_energyvar { 0.03079639444191102   } 
   weight { 0.9985174765843871   } 
   weightvar { 0.09417397971724145   } 
   kinetic_energy { 2.66969809855143   } 
   kinetic_energyvar { 2.790100209805516   } 
   potential_energy { -8.253320370629993   } 
   potential_energyvar { 3.900948776470692   } 
   nonlocal_energy { 0.6286962823035893   } 
   nonlocal_energyvar { 2.247761784339203   } 
   autocorr_energy { } 
} 

block { 
   label ts_0.001
   totweight 4096000
   nautocorr 0
   total_energy { -4.955418836943006   } 
   total_energyvar { 0.02808736839693406   } 
   weight { 0.9986079916009455   } 
   weightvar { 0.09573217803956076   } 
   kinetic_energy { 2.677895376761829   } 
   kinetic_energyvar { 2.744616668178535   } 
   potential_energy { -8.250561475960698   } 
   potential_energyvar { 3.804534358143656   } 
   nonlocal_energy { 0.6172472622558635   } 
   nonlocal_energyvar { 2.100297537242872   } 
   autocorr_energy { } 
} 

block { 
   label ts_0.001
   totweight 4096000
   nautocorr 0
   total_energy { -4.954248627612758   } 
   total_energyvar { 0.02956476926621027   } 
   weight { 0.9984364081588417   } 
   weightvar { 0.09730774572981975   } 
   kinetic_energy { 2.653504686289432   } 
   kinetic_energyvar { 2.789443631072351   } 
   potential_energy { -8.236480530819687   } 
   potential_energyvar { 3.86648176469408   } 
   nonlocal_energy { 0.628727216917498   } 
   nonlocal_energyvar { 2.247516317958549   } 
   autocorr_energy { } 
} 

block { 
   label ts_0.001
   totweight 4096000
   nautocorr 0
   total_energy { -4.957933549178493   } 
   total_energyvar { 0.02865579867787288   } 
   weight { 0.9992109536708067   } 
   weightvar { 0.09494962733936506   } 
   kinetic_energy { 2.652998557189299   } 
   kinetic_energyvar { 2.73571874868204   } 
   potential_energy { -8.21805877657315   } 
   potential_energyvar { 3.902489510187588   } 
   nonlocal_energy { 0.6071266702053569   } 
   nonlocal_energyvar { 2.207707967712344   } 
   autocorr_energy { } 
} 

block { 
   label ts_0.001
   totweight 4096000
   nautocorr 0
   total_energy { -4.954903506477322   } 
   total_energyvar { 0.02841832967262401   } 
   weight { 0.9993765290317297   } 
   weightvar { 0.09497999324496838   } 
   kinetic_energy { 2.664446513965045   } 
   kinetic_energyvar { 2.822853784047792   } 
   potential_energy { -8.227951008774085   } 
   potential_energyvar { 3.915892046927862   } 
   nonlocal_energy { 0.6086009883317192   } 
   nonlocal_energyvar { 2.180804400256725   } 
   autocorr_energy { } 
} 

block { 
   label ts_0.001
   totweight 4096000
   nautocorr 0
   total_energy { -4.958310844119385   } 
   total_energyvar { 0.03093402435305327   } 
   weight { 1.000283464658062   } 
   weightvar { 0.0970208426218316   } 
   kinetic_energy { 2.670699582963882   } 
   kinetic_energyvar { 2.790071841072962   } 
   potential_energy { -8.251380911303176   } 
   potential_energyvar { 3.993225280172523   } 
   nonlocal_energy { 0.6223704842199109   } 
   nonlocal_energyvar { 2.264780778101089   } 
   autocorr_energy { } 
} 

block { 
   label ts_0.001
   totweight 4096000
   nautocorr 0
   total_energy { -4.955721872324665   } 
   total_energyvar { 0.02921790468298777   } 
   weight { 1.000292289983223   } 
   weightvar { 0.09608020476919513   } 
   kinetic_energy { 2.648497546974624   } 
   kinetic_energyvar { 2.772449928189441   } 
   potential_energy { -8.236663211939005   } 
   potential_energyvar { 3.861241012126928   } 
   nonlocal_energy { 0.6324437926397177   } 
   nonlocal_energyvar { 2.288951727631628   } 
   autocorr_energy { } 
} 

block { 
   label ts_0.001
   totweight 4096000
   nautocorr 0
   total_energy { -4.955904224902177   } 
   total_energyvar { 0.02919882819981679   } 
   weight { 0.9998978138549157   } 
   weightvar { 0.09521484712157093   } 
   kinetic_energy { 2.665180448021333   } 
   kinetic_energyvar { 2.769227485465266   } 
   potential_energy { -8.247778579517687   } 
   potential_energyvar { 3.858327914073584   } 
   nonlocal_energy { 0.6266939065941773   } 
   nonlocal_energyvar { 2.25092581906197   } 
   autocorr_energy { } 
} 

block { 
   label ts_0.001
   totweight 4096000
   nautocorr 0
   total_energy { -4.954982463048589   } 
   total_energyvar { 0.03025255700199474   } 
   weight { 0.9991486150489136   } 
   weightvar { 0.09655882408082796   } 
   kinetic_energy { 2.669593959503643   } 
   kinetic_energyvar { 2.78788618380051   } 
   potential_energy { -8.242669765841374   } 
   potential_energyvar { 3.836842186077459   } 
   nonlocal_energy { 0.6180933432891393   } 
   nonlocal_energyvar { 2.139734680555362   } 
   autocorr_energy { } 
} 

block { 
   label ts_0.001
   totweight 4096000
   nautocorr 0
   total_energy { -4.956811285612753   } 
   total_energyvar { 0.03121377800044395   } 
   weight { 0.999526930263571   } 
   weightvar { 0.09875620310505231   } 
   kinetic_energy { 2.658132315096751   } 
   kinetic_energyvar { 2.78089745395516   } 
   potential_energy { -8.251476094923843   } 
   potential_energyvar { 3.878038344466256   } 
   nonlocal_energy { 0.6365324942143383   } 
   nonlocal_energyvar { 2.360602421456959   } 
   autocorr_energy { } 
} 

block { 
   label ts_0.001
   totweight 4096000
   nautocorr 0
   total_energy { -4.957004688844118   } 
   total_energyvar { 0.03035677190446356   } 
   weight { 1.000342660884649   } 
   weightvar { 0.09972050299389701   } 
   kinetic_energy { 2.673336249214241   } 
   kinetic_energyvar { 2.828268171910829   } 
   potential_energy { -8.251109429061932   } 
   potential_energyvar { 3.90582739596007   } 
   nonlocal_energy { 0.6207684910035737   } 
   nonlocal_energyvar { 2.224671855451632   } 
   autocorr_energy { } 
} 

block { 
   label ts_0.001
   totweight 4096000
   nautocorr 0
   total_energy { -4.955520915891444   } 
   total_energyvar { 0.03193567624549948   } 
   weight { 0.9997552878515531   } 
   weightvar { 0.09836019875278393   } 
   kinetic_energy { 2.677342689400958   } 
   kinetic_energyvar { 2.779751172177715   } 
   potential_energy { -8.259974504159358   } 
   potential_energyvar { 3.921103738985962   } 
   nonlocal_energy { 0.6271108988669556   } 
   nonlocal_energyvar { 2.24072845264819   } 
   autocorr_energy { } 
} 

block { 
   label ts_0.001
   totweight 4096000
   nautocorr 0
   total_energy { -4.954371701891924   } 
   total_energyvar { 0.02983123887929325   } 
   weight { 0.9989946299108574   } 
   weightvar { 0.0979456843531691   } 
   kinetic_energy { 2.652123678905668   } 
   kinetic_energyvar { 2.834704906301845   } 
   potential_energy { -8.233883497762742   } 
   potential_energyvar { 3.992940128471964   } 
   nonlocal_energy { 0.6273881169651511   } 
   nonlocal_energyvar { 2.300838368597115   } 
   autocorr_energy { } 
} 

block { 
   label ts_0.001
   totweight 4096000
   nautocorr 0
   total_energy { -4.956169333591799   } 
   total_energyvar { 0.02879581010552001   } 
   weight { 0.998814842448696   } 
   weightvar { 0.09675244774432061   } 
   kinetic_energy { 2.660512469740137   } 
   kinetic_energyvar { 2.754355173844767   } 
   potential_energy { -8.23781777394348   } 
   potential_energyvar { 3.871356830972125   } 
   nonlocal_energy { 0.6211359706115432   } 
   nonlocal_energyvar { 2.13466963758806   } 
   autocorr_energy { } 
} 

block { 
   label ts_0.001
   totweight 4096000
   nautocorr 0
   total_energy { -4.956981911282822   } 
   total_energyvar { 0.03113406172998146   } 
   weight { 1.000036186473856   } 
   weightvar { 0.09501991840236333   } 
   kinetic_energy { 2.667685418801099   } 
   kinetic_energyvar { 2.856742504955703   } 
   potential_energy { -8.245568862208961   } 
   potential_energyvar { 3.892902826892338   } 
   nonlocal_energy { 0.620901532125039   } 
   nonlocal_energyvar { 2.42021132958207   } 
   autocorr_energy { } 
} 

block { 
   label ts_0.001
   totweight 4096000
   nautocorr 0
   total_energy { -4.955739016624632   } 
   total_energyvar { 0.03086592166139318   } 
   weight { 0.999891684531068   } 
   weightvar { 0.09701203436845322   } 
   kinetic_energy { 2.633945030918681   } 
   kinetic_energyvar { 2.795849331229781   } 
   potential_energy { -8.223711147077323   } 
   potential_energyvar { 3.895528499568508   } 
   nonlocal_energy { 0.6340270995340096   } 
   nonlocal_energyvar { 2.386319214646674   } 
   autocorr_energy { } 
} 

block { 
   label ts_0.001
   totweight 4096000
   nautocorr 0
   total_energy { -4.956106450746655   } 
   total_energyvar { 0.02935746998627186   } 
   weight { 0.9995408834900357   } 
   weightvar { 0.09754219941662925   } 
   kinetic_energy { 2.626850641177363   } 
   kinetic_energyvar { 2.794049079405524   } 
   potential_energy { -8.188760817746468   } 
   potential_energyvar { 3.898129256547298   } 
   nonlocal_energy { 0.6058037258224496   } 
   nonlocal_energyvar { 2.223019624114691   } 
   autocorr_energy { } 
} 

block { 
   label ts_0.001
   totweight 4096000
   nautocorr 0
   total_energy { -4.957436174865062   } 
   total_energyvar { 0.02970971800723214   } 
   weight { 1.000444316796086   } 
   weightvar { 0.09850079460357587   } 
   kinetic_energy { 2.675468172668122   } 
   kinetic_energyvar { 2.762601993322943   } 
   potential_energy { -8.240639438303234   } 
   potential_energyvar { 3.879513433657344   } 
   nonlocal_energy { 0.6077350907700468   } 
   nonlocal_energyvar { 2.204123915037663   } 
   autocorr_energy { } 
} 

block { 
   label ts_0.001
   totweight 4096000
   nautocorr 0
   total_energy { -4.954314022736319   } 
   total_energyvar { 0.02903614528415459   } 
   weight { 0.9994887140540402   } 
   weightvar { 0.09782709079168474   } 
   kinetic_energy { 2.689896528735267   } 
   kinetic_energyvar { 2.758077748089388   } 
   potential_energy { -8.2734757800668   } 
   potential_energyvar { 4.007660679282669   } 
   nonlocal_energy { 0.6292652285952149   } 
   nonlocal_energyvar { 2.263441833138598   } 
   autocorr_energy { } 
} 

block { 
   label ts_0.001
   totweight 4096000
   nautocorr 0
   total_energy { -4.954248544265909   } 
   total_energyvar { 0.02995505990072358   } 
   weight { 0.9985324443713653   } 
   weightvar { 0.09759140519015433   } 
   kinetic_energy { 2.676379862210641   } 
   kinetic_energyvar { 2.82539186943875   } 
   potential_energy { -8.268660016519496   } 
   potential_energyvar { 3.975994489789789   } 
   nonlocal_energy { 0.6380316100429435   } 
   nonlocal_energyvar { 2.322991723499026   } 
   autocorr_energy { } 
} 

block { 
   label ts_0.001
   totweight 4096000
   nautocorr 0
   total_energy { -4.953842491237209   } 
   total_energyvar { 0.03044756599917587   } 
   weight { 0.9977645510611958   } 
   weightvar { 0.09940978775676391   } 
   kinetic_energy { 2.630629982440462   } 
   kinetic_energyvar { 2.73574465522798   } 
   potential_energy { -8.213703427733082   } 
   potential_energyvar { 3.843452987483004   } 
   nonlocal_energy { 0.6292309540554122   } 
   nonlocal_energyvar { 2.265706154690672   } 
   autocorr_energy { } 
} 

block { 
   label ts_0.001
   totweight 4096000
   nautocorr 0
   total_energy { -4.955172085377478   } 
   total_energyvar { 0.02996703222514087   } 
   weight { 0.9985595503375714   } 
   weightvar { 0.1003089079171192   } 
   kinetic_energy { 2.649291072645942   } 
   kinetic_energyvar { 2.761263279079549   } 
   potential_energy { -8.230373507901165   } 
   potential_energyvar { 3.846230070611565   } 
   nonlocal_energy { 0.6259103498777467   } 
   nonlocal_energyvar { 2.250150589541111   } 
   autocorr_energy { } 
} 

block { 
   label ts_0.001
   totweight 4096000
   nautocorr 0
   total_energy { -4.955148610679454   } 
   total_energyvar { 0.02854434564987987   } 
   weight { 0.9983379745683328   } 
   weightvar { 0.09669337472536772   } 
   kinetic_energy { 2.668760715007353   } 
   kinetic_energyvar { 2.799810078236971   } 
   potential_energy { -8.263231530290255   } 
   potential_energyvar { 3.861866781077978   } 
   nonlocal_energy { 0.6393222046034484   } 
   nonlocal_energyvar { 2.288985372849194   } 
   autocorr_energy { } 
} 

block { 
   label ts_0.001
   totweight 4096000
   nautocorr 0
   total_energy { -4.954475561999359   } 
   total_energyvar { 0.0297596774175756   } 
   weight { 0.9988070815781169   } 
   weightvar { 0.09873619735361713   } 
   kinetic_energy { 2.679650392976934   } 
   kinetic_energyvar { 2.749421614037615   } 
   potential_energy { -8.255237282672578   } 
   potential_energyvar { 3.886306357366873   } 
   nonlocal_energy { 0.6211113276962863   } 
   nonlocal_energyvar { 2.363709308861001   } 
   autocorr_energy { } 
} 

block { 
   label ts_0.001
   totweight 4096000
   nautocorr 0
   total_energy { -4.955839400342412   } 
   total_energyvar { 0.03207602067836263   } 
   weight { 0.9984534397239708   } 
   weightvar { 0.09772093214202532   } 
   kinetic_energy { 2.665217926076795   } 
   kinetic_energyvar { 2.835137354287626   } 
   potential_energy { -8.245129525652667   } 
   potential_energyvar { 3.866629846756764   } 
   nonlocal_energy { 0.6240721992334595   } 
   nonlocal_energyvar { 2.261883718910403   } 
   autocorr_energy { } 
} 

block { 
   label ts_0.001
   totweight 4096000
   nautocorr 0
   total_energy { -4.955255055005836   } 
   total_energyvar { 0.0300574532463039   } 
   weight { 0.999751639284731   } 
   weightvar { 0.09783817823383467   } 
   kinetic_energy { 2.648157412957052   } 
   kinetic_energyvar { 2.74634949079074   } 
   potential_energy { -8.236938991379155   } 
   potential_energyvar { 3.970371945276542   } 
   nonlocal_energy { 0.6335265234162679   } 
   nonlocal_energyvar { 2.358900468865242   } 
   autocorr_energy { } 
} 

block { 
   label ts_0.001
   totweight 4096000
   nautocorr 0
   total_energy { -4.953256810145708   } 
   total_energyvar { 0.03254284131760666   } 
   weight { 0.9982274121176625   } 
   weightvar { 0.09565843030708554   } 
   kinetic_energy { 2.667261557050721   } 
   kinetic_energyvar { 2.833823263664652   } 
   potential_energy { -8.245807395438202   } 
   potential_energyvar { 3.879488790441585   } 
   nonlocal_energy { 0.6252890282417761   } 
   nonlocal_energyvar { 2.379226153032732   } 
   autocorr_energy { } 
} 

block { 
   label ts_0.001
   totweight 4096000
   nautocorr 0
   total_energy { -4.957020180654324   } 
   total_energyvar { 0.02945413243123975   } 
   weight { 0.9989909672234654   } 
   weightvar { 0.09540203962246088   } 
   kinetic_energy { 2.684320928656399   } 
   kinetic_energyvar { 2.776055830431424   } 
   potential_energy { -8.269405323473775   } 
   potential_energyvar { 3.870054281038937   } 
   nonlocal_energy { 0.6280642141630524   } 
   nonlocal_energyvar { 2.248671165796762   } 
   autocorr_energy { } 
} 

block { 
   label ts_0.001
   totweight 4096000
   nautocorr 0
   total_energy { -4.956377744826518   } 
   total_energyvar { 0.03080510099888869   } 
   weight { 0.9998587605683403   } 
   weightvar { 0.0953769829797035   } 
   kinetic_energy { 2.662248355370487   } 
   kinetic_energyvar { 2.844716959745865   } 
   potential_energy { -8.254012344879152   } 
   potential_energyvar { 3.957156024548602   } 
   nonlocal_energy { 0.6353862446821469   } 
   nonlocal_energyvar { 2.577589808306202   } 
   autocorr_energy { } 
} 

block { 
   label ts_0.001
   totweight 4096000
   nautocorr 0
   total_energy { -4.956499957958247   } 
   total_energyvar { 0.03072324964394929   } 
   weight { 1.000260734765246   } 
   weightvar { 0.09387194189928122   } 
   kinetic_energy { 2.669318250666218   } 
   kinetic_energyvar { 2.78089276947018   } 
   potential_energy { -8.267333456378703   } 
   potential_energyvar { 4.074149015453704   } 
   nonlocal_energy { 0.6415152477542376   } 
   nonlocal_energyvar { 2.37244312774454   } 
   autocorr_energy { } 
} 

block { 
   label ts_0.001
   totweight 4096000
   nautocorr 0
   total_energy { -4.954926291202973   } 
   total_energyvar { 0.0292385697471888   } 
   weight { 0.9993316652147306   } 
   weightvar { 0.09593629389525084   } 
   kinetic_energy { 2.671488406777564   } 
   kinetic_energyvar { 2.844406957592147   } 
   potential_energy { -8.237234605844378   } 
   potential_energyvar { 3.946906140259432   } 
   nonlocal_energy { 0.610819907863841   } 
   nonlocal_energyvar { 2.245077572649016   } 
   autocorr_energy { } 
} 

block { 
   label ts_0.001
   totweight 4096000
   nautocorr 0
   total_energy { -4.95806090400262   } 
   total_energyvar { 0.03086694472125337   } 
   weight { 1.000415441240222   } 
   weightvar { 0.09658338814146435   } 
   kinetic_energy { 2.644384053766773   } 
   kinetic_energyvar { 2.719009125484045   } 
   potential_energy { -8.223219202215663   } 
   potential_energyvar { 3.829703422459238   } 
   nonlocal_energy { 0.6207742444462699   } 
   nonlocal_energyvar { 2.206130612979072   } 
   autocorr_energy { } 
} 

block { 
   label ts_0.001
   totweight 4096000
   nautocorr 0
   total_energy { -4.955483031268258   } 
   total_energyvar { 0.02921770870550561   } 
   weight { 1.000605369817234   } 
   weightvar { 0.09775244204188269   } 
   kinetic_energy { 2.666262838559895   } 
   kinetic_energyvar { 2.772118249563857   } 
   potential_energy { -8.238941818133503   } 
   potential_energyvar { 4.002680333540551   } 
   nonlocal_energy { 0.6171959483053502   } 
   nonlocal_energyvar { 2.188684998039257   } 
   autocorr_energy { } 
} 

block { 
   label ts_0.001
   totweight 4096000
   nautocorr 0
   total_energy { -4.955672347258576   } 
   total_energyvar { 0.03058252838614303   } 
   weight { 0.9995833577259341   } 
   weightvar { 0.09614377052959099   } 
   kinetic_energy { 2.655400322057933   } 
   kinetic_energyvar { 2.775607724702181   } 
   potential_energy { -8.213425693786952   } 
   potential_energyvar { 3.73884683704621   } 
   nonlocal_energy { 0.6023530244704419   } 
   nonlocal_energyvar { 2.059933839061329   } 
   autocorr_energy { } 
} 

block { 
   label ts_0.001
   totweight 4096000
   nautocorr 0
   total_energy { -4.958001358828008   } 
   total_energyvar { 0.02937421173989278   } 
   weight { 1.000393132085037   } 
   weightvar { 0.093714072454856   } 
   kinetic_energy { 2.67832590250959   } 
   kinetic_energyvar { 2.712672959590725   } 
   potential_energy { -8.255724972592819   } 
   potential_energyvar { 4.023956754703124   } 
   nonlocal_energy { 0.6193977112552225   } 
   nonlocal_energyvar { 2.216019933747245   } 
   autocorr_energy { } 
} 

block { 
   label ts_0.001
   totweight 4096000
   nautocorr 0
   total_energy { -4.957304218969297   } 
   total_energyvar { 0.0284975964452862   } 
   weight { 1.001449638585354   } 
   weightvar { 0.093945287886567   } 
   kinetic_energy { 2.677842921465222   } 
   kinetic_energyvar { 2.870337122380288   } 
   potential_energy { -8.24783048553617   } 
   potential_energyvar { 4.06437462446906   } 
   nonlocal_energy { 0.6126833451016501   } 
   nonlocal_energyvar { 2.286272995401176   } 
   autocorr_energy { } 
} 

block { 
   label ts_0.001
   totweight 4096000
   nautocorr 0
   total_energy { -4.956754764701514   } 
   total_energyvar { 0.02961656859408724   } 
   weight { 1.000787412328044   } 
   weightvar { 0.0926272792601055   } 
   kinetic_energy { 2.668143623792707   } 
   kinetic_energyvar { 2.792850953293716   } 
   potential_energy { -8.242388748535371   } 
   potential_energyvar { 3.965941685273622   } 
   nonlocal_energy { 0.6174903600411497   } 
   nonlocal_energyvar { 2.145932821092292   } 
   autocorr_energy { } 
} 

block { 
   label ts_0.001
   totweight 4096000
   nautocorr 0
   total_energy { -4.957000464877037   } 
   total_energyvar { 0.02965814997798734   } 
   weight { 1.00077871689167   } 
   weightvar { 0.09227664915741358   } 
   kinetic_energy { 2.659383095730584   } 
   kinetic_energyvar { 2.821903683679204   } 
   potential_energy { -8.24460659302156   } 
   potential_energyvar { 3.917085299259951   } 
   nonlocal_energy { 0.628223032413941   } 
   nonlocal_energyvar { 2.283686269217827   } 
   autocorr_energy { } 
} 

block { 
   label ts_0.001
   totweight 4096000
   nautocorr 0
   total_energy { -4.955815518442466   } 
   total_energyvar { 0.02883352199250672   } 
   weight { 1.000231029373223   } 
   weightvar { 0.08958200755878512   } 
   kinetic_energy { 2.666782509540108   } 
   kinetic_energyvar { 2.81028178956835   } 
   potential_energy { -8.26290745230934   } 
   potential_energyvar { 3.92582777520991   } 
   nonlocal_energy { 0.6403094243267653   } 
   nonlocal_energyvar { 2.275197716255106   } 
   autocorr_energy { } 
} 

block { 
   label ts_0.001
   totweight 4096000
   nautocorr 0
   total_energy { -4.9550254403246   } 
   total_energyvar { 0.02961960524742119   } 
   weight { 0.9996419228673067   } 
   weightvar { 0.09038301501951779   } 
   kinetic_energy { 2.669457413532927   } 
   kinetic_energyvar { 2.805784737255953   } 
   potential_energy { -8.236226502222118   } 
   potential_energyvar { 3.97401869372399   } 
   nonlocal_energy { 0.6117436483645883   } 
   nonlocal_energyvar { 2.210257017356022   } 
   autocorr_energy { } 
} 

block { 
   label ts_0.001
   totweight 4096000
   nautocorr 0
   total_energy { -4.955867558629245   } 
   total_energyvar { 0.02865835854531816   } 
   weight { 0.9993891598380248   } 
   weightvar { 0.09062033847192126   } 
   kinetic_energy { 2.647420910987714   } 
   kinetic_energyvar { 2.762798582639189   } 
   potential_energy { -8.227473824005127   } 
   potential_energyvar { 3.970989369056372   } 
   nonlocal_energy { 0.62418535438817   } 
   nonlocal_energyvar { 2.211759463779824   } 
   autocorr_energy { } 
} 

block { 
   label ts_0.001
   totweight 4096000
   nautocorr 0
   total_energy { -4.957716526409749   } 
   total_energyvar { 0.0302916224983471   } 
   weight { 1.000454904288507   } 
   weightvar { 0.09218784471020403   } 
   kinetic_energy { 2.649541981002696   } 
   kinetic_energyvar { 2.806064042584952   } 
   potential_energy { -8.238091973832258   } 
   potential_energyvar { 3.907555954962639   } 
   nonlocal_energy { 0.6308334664198134   } 
   nonlocal_energyvar { 2.225934139846368   } 
   autocorr_energy { } 
} 

