
 Primary working directories    : /global/cscratch1/sd/gwang18
 Secondary working directories  : /global/cscratch1/sd/gwang18
 Wavefunction directory         : /global/homes/g/gwang18/wfu/
 Main file repository           : /global/cscratch1/sd/gwang18/

 SHA1      : 19cd028119e0e09f93f0674bd8af7968d9b3eff6
 NAME      : 2015.1.36
 ARCHNAME  : linux/x86_64
 FC        : /opt/cray/pe/craype/2.5.14/bin/ftn
 BLASLIB   : -L/opt/intel/compilers_and_libraries_2018.1.163/linux/mkl/lib/intel64 -Wl,-_start-group -lmkl_intel_ilp64 -lmkl_intel_thread -lmkl_core -Wl,-_end-group -liomp5
 id        : lbl

 Nodes     nprocs
 nid02197     1

 Using customized tuning parameters: mindgm=7; mindgv=16; mindgc=1; mindgr=1; noblas=0; minvec=7
 default implementation of scratch files=df  

 ***,SiH4
 memory,16,g
 gthresh,twoint=1.0E-12
 
 basis={
 ECP,Si,10,2,0;
 3;                                                                              !Vd
 1,5.168316,    4.000000
 3,8.861690,   20.673264
 2,3.933474,  -14.818174
 2;                                                                              !Vs-Vd
 2,9.447023,   14.832760
 2,2.553812,   26.349664
 2;                                                                              !Vp-Vd
 2,3.660001,    7.621400
 2,1.903653,   10.331583
 
 Including file /global/u2/g/gwang18/projects/si_gap/sih4/ci/gani-ci/SiH4/cisd/Si.aug-cc-pV6Z.basis
 
 ECP,H,0,1,0
 3;
 2,   21.77696655044365 ,     -10.85192405303825 ;
 1,   21.24359508259891 ,       1.00000000000000;
 3,   21.24359508259891 ,      21.24359508259891;
 1; 2,                   1.,                      0.;
 
 Including file /global/u2/g/gwang18/projects/si_gap/sih4/ci/gani-ci/SiH4/cisd/H.aug-cc-pV6Z.basis
 }
 
 geometry={
   5
  Silane
  Si          0.0000        0.0000        0.0000
   H          0.8544        0.8544        0.8544
   H         -0.8544       -0.8544        0.8544
   H         -0.8544        0.8544       -0.8544
   H          0.8544       -0.8544       -0.8544
 }
 
                                                                                 ! HARTREE-FOCK
 {RHF
    wf,8,1,0                                                                     ! nelec,symm,spin
 }
 scf=energy
 pop;
 
  !NOTE: Perturbative MRCC works only with UHF reference. So, here we will trick MRCC by doing zero UHF iteration right after ROHF.
 {uhf
 wf,8,1,0
 maxit,0
 }
 scf=energy
 pop;
 
 
 {mrcc,method=CISD,NSING=2
 orbital,ignore_error=1                                                          !Ignore the fact that UHF WF is not converged
 maxit,100
 core
 }
 posthf=energy
 
 table,scf,posthf
 save,6.csv,new
 

 Variables initialized (889), CPU time= 0.01 sec
 Commands  initialized (702), CPU time= 0.00 sec, 572 directives.
 Default parameters read. Elapsed time= 0.16 sec

 Checking input...
 Passed
1


                                         ***  PROGRAM SYSTEM MOLPRO  ***
                                       Copyright, TTI GmbH Stuttgart, 2015
                                    Version 2015.1 linked Dec 29 2018 15:55:43


 **********************************************************************************************************************************
 LABEL *   SiH4                                                                          
  64 bit serial version                                                                  DATE: 29-Apr-20          TIME: 02:52:41  
 **********************************************************************************************************************************

 SHA1:             19cd028119e0e09f93f0674bd8af7968d9b3eff6
 **********************************************************************************************************************************

 THRESHOLDS:

 ZERO    =  1.00D-12  ONEINT  =  1.00D-12  TWOINT  =  1.00D-12  PREFAC  =  1.00D-14  LOCALI  =  1.00D-09  EORDER  =  1.00D-04
 ENERGY  =  0.00D+00  ETEST   =  0.00D+00  EDENS   =  0.00D+00  THRDEDEF=  1.00D-06  GRADIENT=  1.00D-02  STEP    =  1.00D-03
 ORBITAL =  1.00D-05  CIVEC   =  1.00D-05  COEFF   =  1.00D-04  PRINTCI =  5.00D-02  PUNCHCI =  9.90D+01  OPTGRAD =  3.00D-04
 OPTENERG=  1.00D-06  OPTSTEP =  3.00D-04  THRGRAD =  1.00D-10  COMPRESS=  1.00D-11  VARMIN  =  1.00D-07  VARMAX  =  1.00D-03
 THRDOUB =  0.00D+00  THRDIV  =  1.00D-05  THRRED  =  1.00D-07  THRPSP  =  1.00D+00  THRDC   =  1.00D-10  THRCS   =  1.00D-10
 THRNRM  =  1.00D-08  THREQ   =  0.00D+00  THRDE   =  1.00D+00  THRREF  =  1.00D-05  SPARFAC =  1.00D+00  THRDLP  =  1.00D-07
 THRDIA  =  1.00D-10  THRDLS  =  1.00D-07  THRGPS  =  0.00D+00  THRKEX  =  0.00D+00  THRDIS  =  2.00D-01  THRVAR  =  1.00D-10
 THRLOC  =  1.00D-06  THRGAP  =  1.00D-06  THRLOCT = -1.00D+00  THRGAPT = -1.00D+00  THRORB  =  1.00D-06  THRMLTP =  0.00D+00
 THRCPQCI=  1.00D-10  KEXTA   =  0.00D+00  THRCOARS=  0.00D+00  SYMTOL  =  1.00D-06  GRADTOL =  1.00D-06  THROVL  =  1.00D-08
 THRORTH =  1.00D-08  GRID    =  1.00D-06  GRIDMAX =  1.00D-03  DTMAX   =  0.00D+00  THROCCDE=  1.00D-01  THROCCDE=  1.00D-01



 Variable memory set to ********** words,  buffer space   230000 words

 SETTING BASIS          =    USERDEF

Geometry recognized as XYZ



 Recomputing integrals since basis changed


 Using spherical harmonics



 PROGRAM * SEWARD (Integral evaluation for generally contracted gaussian basis sets)     Author: Roland Lindh, 1990

 Geometry written to block  1 of record 700


 Point group  D2  



 ATOMIC COORDINATES

 NR  ATOM    CHARGE       X              Y              Z

   1  SI      4.00    0.000000000    0.000000000    0.000000000
   2  H       1.00    1.614582001    1.614582001    1.614582001
   3  H       1.00   -1.614582001   -1.614582001    1.614582001
   4  H       1.00   -1.614582001    1.614582001   -1.614582001
   5  H       1.00    1.614582001   -1.614582001   -1.614582001

 Bond lengths in Bohr (Angstrom)

 1-2  2.796538058  1-3  2.796538058  1-4  2.796538058  1-5  2.796538058
     ( 1.479864210)     ( 1.479864210)     ( 1.479864210)     ( 1.479864210)

 Bond angles

  2-1-3  109.47122063   2-1-4  109.47122063   2-1-5  109.47122063   3-1-4  109.47122063

  3-1-5  109.47122063   4-1-5  109.47122063

 NUCLEAR CHARGE:                    8
 NUMBER OF PRIMITIVE AOS:        1085
 NUMBER OF SYMMETRY AOS:          760
 NUMBER OF CONTRACTIONS:          696   ( 177A   + 173B3  + 173B2  + 173B1  )
 NUMBER OF CORE ORBITALS:           0   (   0A   +   0B3  +   0B2  +   0B1  )
 NUMBER OF VALENCE ORBITALS:        8   (   2A   +   2B3  +   2B2  +   2B1  )


 NUCLEAR REPULSION ENERGY    7.03521075


 Eigenvalues of metric

         1 0.693E-06 0.412E-05 0.885E-05 0.354E-04 0.822E-04 0.822E-04 0.935E-04 0.145E-03
         2 0.159E-05 0.596E-05 0.101E-04 0.328E-04 0.568E-04 0.756E-04 0.769E-04 0.151E-03
         3 0.159E-05 0.596E-05 0.101E-04 0.328E-04 0.568E-04 0.756E-04 0.769E-04 0.151E-03
         4 0.159E-05 0.596E-05 0.101E-04 0.328E-04 0.568E-04 0.756E-04 0.769E-04 0.151E-03


 Contracted 2-electron integrals neglected if value below      1.0D-13
 AO integral compression algorithm  1   Integral accuracy      1.0D-13

     56872.665 MB (compressed) written to integral file ( 66.6%)


 NUMBER OF SORTED TWO-ELECTRON INTEGRALS: 7385954622.     BUFFER LENGTH:  32768
 NUMBER OF SEGMENTS: 154  SEGMENT LENGTH:   47999776      RECORD LENGTH: 262144

 Memory used in sort:      48.29 MW

 SORT1 READ 10671041742. AND WROTE  7265163161. INTEGRALS IN  41654 RECORDS. CPU TIME:   487.15 SEC, REAL TIME:  1400.35 SEC
 SORT2 READ  7265163161. AND WROTE  7385954622. INTEGRALS IN 216952 RECORDS. CPU TIME:   138.08 SEC, REAL TIME:   797.90 SEC

 FILE SIZES:   FILE 1: 56903.0 MBYTE,  FILE 4: 87354.8 MBYTE,   TOTAL: 144257.8 MBYTE

 OPERATOR DM      FOR CENTER  0  COORDINATES:    0.000000    0.000000    0.000000


 **********************************************************************************************************************************
 DATASETS  * FILE   NREC   LENGTH (MB)   RECORD NAMES
              1      20    41842.38       500      610      700      900      950      970     1000      129      960     1100   
                                          VAR    BASINP    GEOM    SYMINP    ZMAT    AOBASIS   BASIS     P2S    ABASIS      S 
                                         1400     1410     1420     1200     1210     1080     1600     1650     1300     1700   
                                           T        V       ECP      H0       H01     AOSYM     SMH    MOLCAS    ERIS     OPER   

 PROGRAMS   *        TOTAL       INT
 CPU TIMES  *      2428.15   2428.07
 REAL TIME  *      4077.65 SEC
 DISK USED  *       144.26 GB      
 **********************************************************************************************************************************


 PROGRAM * RHF-SCF (CLOSED SHELL)       Authors: W. Meyer, H.-J. Werner


 NUMBER OF ELECTRONS:       4+    4-    SPACE SYMMETRY=1    SPIN SYMMETRY: Singlet 
 CONVERGENCE THRESHOLDS:    1.00E-05 (Density)    1.00E-07 (Energy)
 MAX. NUMBER OF ITERATIONS:       60
 INTERPOLATION TYPE:            DIIS
 INTERPOLATION STEPS:              2 (START)      1 (STEP)
 LEVEL SHIFTS:                  0.00 (CLOSED)  0.00 (OPEN) 



 Orbital guess generated from atomic densities. Full valence occupancy:    2   2   2   2

 Molecular orbital dump at record        2100.2

 Initial occupancy:   1   1   1   1

 ITERATION    DDIFF          GRAD             ENERGY        2-EL.EN.            DIPOLE MOMENTS         DIIS   ORB.
    1      0.000D+00      0.000D+00        -6.07085979     17.347547    0.00000    0.00000    0.00000    0    start
    2      0.000D+00      0.290D-02        -6.08586803     17.458593    0.00000    0.00000    0.00000    1    diag
    3      0.973D-03      0.921D-03        -6.08784660     17.473741    0.00000    0.00000    0.00000    2    diag
    4      0.376D-03      0.114D-03        -6.08787694     17.474407    0.00000    0.00000    0.00000    3    diag
    5      0.364D-04      0.151D-04        -6.08787751     17.473657    0.00000    0.00000    0.00000    4    diag
    6      0.935D-05      0.252D-05        -6.08787752     17.473676    0.00000    0.00000    0.00000    5    diag
    7      0.185D-05      0.193D-06        -6.08787752     17.473672    0.00000    0.00000    0.00000    0    orth

 Final occupancy:   1   1   1   1

 !RHF STATE 1.1 Energy                 -6.087877523259
 Nuclear energy                         7.03521075
 One-electron energy                  -21.85992435
 Two-electron energy                    8.73683607
 Virial quotient                       -1.58240179
 !RHF STATE 1.1 Dipole moment           0.00000000     0.00000000     0.00000000
 Dipole moment /Debye                   0.00000000     0.00000000     0.00000000

 Orbital energies:

         1.1          2.1          3.1
     -0.732635     0.027816     0.107134

         1.2          2.2          3.2
     -0.486830     0.037339     0.069909

         1.3          2.3          3.3
     -0.486830     0.037339     0.069909

         1.4          2.4          3.4
     -0.486830     0.037339     0.069909

 HOMO      1.2    -0.486830 =     -13.2473eV
 LUMO      2.1     0.027816 =       0.7569eV
 LUMO-HOMO         0.514646 =      14.0042eV


 **********************************************************************************************************************************
 DATASETS  * FILE   NREC   LENGTH (MB)   RECORD NAMES
              1      20    41842.38       500      610      700      900      950      970     1000      129      960     1100   
                                          VAR    BASINP    GEOM    SYMINP    ZMAT    AOBASIS   BASIS     P2S    ABASIS      S 
                                         1400     1410     1420     1200     1210     1080     1600     1650     1300     1700   
                                           T        V       ECP      H0       H01     AOSYM     SMH    MOLCAS    ERIS     OPER   

              2       4        5.45       700     1000      520     2100   
                                         GEOM     BASIS   MCVARS     RHF  

 PROGRAMS   *        TOTAL       RHF       INT
 CPU TIMES  *      2646.54    218.39   2428.07
 REAL TIME  *      4337.11 SEC
 DISK USED  *       144.26 GB      
 **********************************************************************************************************************************
 SETTING SCF            =        -6.08787752  AU                              


 PROGRAM * POP (Mulliken population analysis)

 
 Density matrix read from record         2100.2  Type=RHF/CHARGE (state 1.1)
 
 Population analysis by basis function type

 Unique atom        s        p        d        f        g    Total    Charge
   1  SI      0.94335  2.37279  0.33144  0.02123  0.00379  3.67334  + 0.32666
   2  H       1.05264  0.02628  0.00245  0.00024  0.00005  1.08166  - 0.08166


 **********************************************************************************************************************************
 DATASETS  * FILE   NREC   LENGTH (MB)   RECORD NAMES
              1      20    41842.38       500      610      700      900      950      970     1000      129      960     1100   
                                          VAR    BASINP    GEOM    SYMINP    ZMAT    AOBASIS   BASIS     P2S    ABASIS      S 
                                         1400     1410     1420     1200     1210     1080     1600     1650     1300     1700   
                                           T        V       ECP      H0       H01     AOSYM     SMH    MOLCAS    ERIS     OPER   

              2       4        5.45       700     1000      520     2100   
                                         GEOM     BASIS   MCVARS     RHF  

 PROGRAMS   *        TOTAL       POP       RHF       INT
 CPU TIMES  *      2646.55      0.01    218.39   2428.07
 REAL TIME  *      4337.14 SEC
 DISK USED  *       144.26 GB      
 **********************************************************************************************************************************


 PROGRAM * UHF-SCF       Authors: W. Meyer, H.-J. Werner


 NUMBER OF ELECTRONS:       4+    4-    SPACE SYMMETRY=1    SPIN SYMMETRY: Singlet 
 CONVERGENCE THRESHOLDS:    1.00E-05 (Density)    1.00E-07 (Energy)
 MAX. NUMBER OF ITERATIONS:        0
 INTERPOLATION TYPE:            DIIS
 INTERPOLATION STEPS:              2 (START)      1 (STEP)
 LEVEL SHIFTS:                  0.20 (ALPHA)   0.20 (BETA) 



 Molecular orbitals read from record     2100.2  Type=RHF/CANONICAL (state 1.1)

 Molecular orbital dump at record        2200.2

 Initial alpha occupation   1   1   1   1
 Initial beta  occupation   1   1   1   1

 ITERATION    DDIFF          GRAD             ENERGY        2-EL.EN.            DIPOLE MOMENTS         DIIS
    1      0.000D+00      0.000D+00        -6.08787752     17.473672    0.00000    0.00000    0.00000    0
 
 Final alpha occupancy:   1   1   1   1
 Final beta  occupancy:   1   1   1   1

 !UHF STATE 1.1 Energy                 -6.087877523259
 Nuclear energy                         7.03521075
 One-electron energy                  -21.85992435
 Two-electron energy                    8.73683607
 Virial quotient                       -1.58240179
 !UHF STATE 1.1 Dipole moment           0.00000000     0.00000000     0.00000000
 Dipole moment /Debye                   0.00000000     0.00000000     0.00000000

 Orbital energies for positive spin:

         1.1          2.1          3.1
     -0.732635     0.027816     0.107134

         1.2          2.2          3.2
     -0.486830     0.037339     0.069909

         1.3          2.3          3.3
     -0.486830     0.037339     0.069909

         1.4          2.4          3.4
     -0.486830     0.037339     0.069909

 Orbital energies for negative spin:

         1.1          2.1          3.1
     -0.732635     0.027816     0.107134

         1.2          2.2          3.2
     -0.486830     0.037339     0.069909

         1.3          2.3          3.3
     -0.486830     0.037339     0.069909

         1.4          2.4          3.4
     -0.486830     0.037339     0.069909

 HOMO      1.2    -0.486830 =     -13.2473eV
 LUMO      2.1     0.027816 =       0.7569eV
 LUMO-HOMO         0.514646 =      14.0042eV

 EXPECTATION VALUE OF S**2:             0.00000000

 Natural orbitals saved to record    2200.2 (Orbital set 3)

 Orbital spaces for UNO-CAS (Min. occupation: 0.020  Max. occupation: 1.980):

 Closed:        1   1   1   1
 Active:        0   0   0   0

 No convergence



 **********************************************************************************************************************************
 DATASETS  * FILE   NREC   LENGTH (MB)   RECORD NAMES
              1      20    41842.38       500      610      700      900      950      970     1000      129      960     1100   
                                          VAR    BASINP    GEOM    SYMINP    ZMAT    AOBASIS   BASIS     P2S    ABASIS      S 
                                         1400     1410     1420     1200     1210     1080     1600     1650     1300     1700   
                                           T        V       ECP      H0       H01     AOSYM     SMH    MOLCAS    ERIS     OPER   

              2       5       15.28       700     1000      520     2100     2200   
                                         GEOM     BASIS   MCVARS     RHF      UHF  

 PROGRAMS   *        TOTAL       UHF       POP       RHF       INT
 CPU TIMES  *      2675.48     28.93      0.01    218.39   2428.07
 REAL TIME  *      4370.45 SEC
 DISK USED  *       144.26 GB      
 **********************************************************************************************************************************
 SETTING SCF            =        -6.08787752  AU                              


 PROGRAM * POP (Mulliken population analysis)

 
 Density matrix read from record         2200.2  Type=UHF/CHARGE (state 1.1)
 
 Population analysis by basis function type

 Unique atom        s        p        d        f        g    Total    Charge
   1  SI      0.94335  2.37279  0.33144  0.02123  0.00379  3.67334  + 0.32666
   2  H       1.05264  0.02628  0.00245  0.00024  0.00005  1.08166  - 0.08166


 **********************************************************************************************************************************
 DATASETS  * FILE   NREC   LENGTH (MB)   RECORD NAMES
              1      20    41842.38       500      610      700      900      950      970     1000      129      960     1100   
                                          VAR    BASINP    GEOM    SYMINP    ZMAT    AOBASIS   BASIS     P2S    ABASIS      S 
                                         1400     1410     1420     1200     1210     1080     1600     1650     1300     1700   
                                           T        V       ECP      H0       H01     AOSYM     SMH    MOLCAS    ERIS     OPER   

              2       5       15.28       700     1000      520     2100     2200   
                                         GEOM     BASIS   MCVARS     RHF      UHF  

 PROGRAMS   *        TOTAL       POP       UHF       POP       RHF       INT
 CPU TIMES  *      2675.48      0.00     28.93      0.01    218.39   2428.07
 REAL TIME  *      4370.50 SEC
 DISK USED  *       144.26 GB      
 **********************************************************************************************************************************


 PROGRAM * MRCC (General Multireference Coupled Cluster)    Author: M. Kallay, 2000-2005

 ***  Initialisation ***

   0 Spin projections
 
 Molecular orbitals read from record     2200.2  Type=UHF/ALPHA (state 1.1)

 ?Warning: UHF not converged
 Molecular orbitals read from record     2200.2  Type=UHF/BETA (state 1.1)

 ?Warning: UHF not converged
 
 Frozen orbitals:              0 (  0  0  0  0  0  0  0  0)
 Active orbitals:            696 (177173173173  0  0  0  0)
 Active electrons:             8
 Spin quantum number:          0.0

 Transformed integrals will be written to file mrcc_12392/fort.55
 insufficient memory available - require            14708448336  have 
            1288644372
 the request was for real words
