
 Primary working directories    : /global/cscratch1/sd/gwang18
 Secondary working directories  : /global/cscratch1/sd/gwang18
 Wavefunction directory         : /global/homes/g/gwang18/wfu/
 Main file repository           : /global/cscratch1/sd/gwang18/

 SHA1      : 19cd028119e0e09f93f0674bd8af7968d9b3eff6
 NAME      : 2015.1.36
 ARCHNAME  : linux/x86_64
 FC        : /opt/cray/pe/craype/2.5.14/bin/ftn
 BLASLIB   : -L/opt/intel/compilers_and_libraries_2018.1.163/linux/mkl/lib/intel64 -Wl,-_start-group -lmkl_intel_ilp64 -lmkl_intel_thread -lmkl_core -Wl,-_end-group -liomp5
 id        : lbl

 Nodes     nprocs
 nid00285     7
 Number of processes for MPI-2 version of Molpro:   nprocs(total)=    8   nprocs(compute)=    7   nprocs(helper)=    1

 Using customized tuning parameters: mindgm=7; mindgv=16; mindgc=1; mindgr=1; noblas=0; minvec=7
 default implementation of scratch files=sf  

 ***,SiH4
 memory,1000,m
 gthresh,twoint=1.0E-12
 
 basis={
 ECP,Si,10,2,0;
 3;                                                                              !Vd
 1,5.168316,    4.000000
 3,8.861690,   20.673264
 2,3.933474,  -14.818174
 2;                                                                              !Vs-Vd
 2,9.447023,   14.832760
 2,2.553812,   26.349664
 2;                                                                              !Vp-Vd
 2,3.660001,    7.621400
 2,1.903653,   10.331583
 
 Including file /global/u2/g/gwang18/projects/si_gap/sih2/geo-excitation/ccsdt/triplet/Si.aug-cc-pVDZ.basis
 
 ECP,H,0,1,0
 3;
 2,   21.77696655044365 ,     -10.85192405303825 ;
 1,   21.24359508259891 ,       1.00000000000000;
 3,   21.24359508259891 ,      21.24359508259891;
 1; 2,                   1.,                      0.;
 
 Including file /global/u2/g/gwang18/projects/si_gap/sih2/geo-excitation/ccsdt/triplet/H.aug-cc-pVDZ.basis
 }
 
 angstrom
 geometry={
  Si
  H1     Si     1.4768
  H2     Si     1.4768      H1     118.3
 }
 
                                                                                 ! HARTREE-FOCK
 {RHF
    wf,6,2,2                                                                     ! nelec,symm,spin
 }
 scf = energy
 
 pop;
 
                                                                                 ! UCCSD(T)
 {rccsd(t);
    maxit,100;
    core
 }
 ccsd = energy
 
 table, scf, ccsd
 save
 type,csv

 Variables initialized (889), CPU time= 0.01 sec
 Commands  initialized (702), CPU time= 0.01 sec, 572 directives.
 Default parameters read. Elapsed time= 0.19 sec

 Checking input...
 Passed
1


                                         ***  PROGRAM SYSTEM MOLPRO  ***
                                       Copyright, TTI GmbH Stuttgart, 2015
                                    Version 2015.1 linked Dec 29 2018 15:55:43


 **********************************************************************************************************************************
 LABEL *   SiH4                                                                          
  64 bit mpp version                                                                     DATE: 04-May-20          TIME: 20:08:58  
 **********************************************************************************************************************************

 SHA1:             19cd028119e0e09f93f0674bd8af7968d9b3eff6
 **********************************************************************************************************************************

 THRESHOLDS:

 ZERO    =  1.00D-12  ONEINT  =  1.00D-12  TWOINT  =  1.00D-12  PREFAC  =  1.00D-14  LOCALI  =  1.00D-09  EORDER  =  1.00D-04
 ENERGY  =  0.00D+00  ETEST   =  0.00D+00  EDENS   =  0.00D+00  THRDEDEF=  1.00D-06  GRADIENT=  1.00D-02  STEP    =  1.00D-03
 ORBITAL =  1.00D-05  CIVEC   =  1.00D-05  COEFF   =  1.00D-04  PRINTCI =  5.00D-02  PUNCHCI =  9.90D+01  OPTGRAD =  3.00D-04
 OPTENERG=  1.00D-06  OPTSTEP =  3.00D-04  THRGRAD =  1.00D-10  COMPRESS=  1.00D-11  VARMIN  =  1.00D-07  VARMAX  =  1.00D-03
 THRDOUB =  0.00D+00  THRDIV  =  1.00D-05  THRRED  =  1.00D-07  THRPSP  =  1.00D+00  THRDC   =  1.00D-10  THRCS   =  1.00D-10
 THRNRM  =  1.00D-08  THREQ   =  0.00D+00  THRDE   =  1.00D+00  THRREF  =  1.00D-05  SPARFAC =  1.00D+00  THRDLP  =  1.00D-07
 THRDIA  =  1.00D-10  THRDLS  =  1.00D-07  THRGPS  =  0.00D+00  THRKEX  =  0.00D+00  THRDIS  =  2.00D-01  THRVAR  =  1.00D-10
 THRLOC  =  1.00D-06  THRGAP  =  1.00D-06  THRLOCT = -1.00D+00  THRGAPT = -1.00D+00  THRORB  =  1.00D-06  THRMLTP =  0.00D+00
 THRCPQCI=  1.00D-10  KEXTA   =  0.00D+00  THRCOARS=  0.00D+00  SYMTOL  =  1.00D-06  GRADTOL =  1.00D-06  THROVL  =  1.00D-08
 THRORTH =  1.00D-08  GRID    =  1.00D-06  GRIDMAX =  1.00D-03  DTMAX   =  0.00D+00  THROCCDE=  1.00D-01  THROCCDE=  1.00D-01



 Variable memory set to 1000000000 words,  buffer space   230000 words

 SETTING BASIS          =    USERDEF
 ZUNIT=ANG
 


 Recomputing integrals since basis changed


 Using spherical harmonics



 PROGRAM * SEWARD (Integral evaluation for generally contracted gaussian basis sets)     Author: Roland Lindh, 1990

 Geometry written to block  1 of record 700

 Orientation using atomic masses  
 Molecule type: Asymmetric top,     Order of principal axis = 2
 Symmetry elements: X,Y
 Rotational constants:     117.0106105    468.5225301    155.9608771 GHz  (calculated with average atomic masses)

 Point group  C2v 



 ATOMIC COORDINATES

 NR  ATOM    CHARGE       X              Y              Z

   1  SI      4.00    0.000000000    0.000000000   -0.095838559
   2  H1      1.00    0.000000000    2.395892285    1.335235162
   3  H2      1.00    0.000000000   -2.395892285    1.335235162

 Bond lengths in Bohr (Angstrom)

 1-2  2.790747541  1-3  2.790747541
     ( 1.476800000)     ( 1.476800000)

 Bond angles

  2-1-3  118.30000000

 NUCLEAR CHARGE:                    6
 NUMBER OF PRIMITIVE AOS:          92
 NUMBER OF SYMMETRY AOS:           90
 NUMBER OF CONTRACTIONS:           40   (  17A1  +   7B1  +  12B2  +   4A2  )
 NUMBER OF CORE ORBITALS:           0   (   0A1  +   0B1  +   0B2  +   0A2  )
 NUMBER OF VALENCE ORBITALS:        6   (   3A1  +   1B1  +   2B2  +   0A2  )


 NUCLEAR REPULSION ENERGY    3.07530596

 Eigenvalues of metric

         1 0.297E-02 0.131E-01 0.272E-01 0.440E-01 0.607E-01 0.131E+00 0.208E+00 0.259E+00
         2 0.162E-01 0.742E-01 0.286E+00 0.462E+00 0.818E+00 0.182E+01 0.367E+01
         3 0.151E-02 0.363E-02 0.529E-01 0.814E-01 0.111E+00 0.196E+00 0.382E+00 0.451E+00
         4 0.130E+00 0.470E+00 0.735E+00 0.252E+01


 Contracted 2-electron integrals neglected if value below      1.0D-12
 AO integral compression algorithm  1   Integral accuracy      1.0D-12

     1.835 MB (compressed) written to integral file (100.0%)

     Node minimum: 0.262 MB, node maximum: 0.262 MB


 NUMBER OF SORTED TWO-ELECTRON INTEGRALS:      13241.     BUFFER LENGTH:  32768
 NUMBER OF SEGMENTS:   1  SEGMENT LENGTH:      13241      RECORD LENGTH: 524288

 Memory used in sort:       0.57 MW

 SORT1 READ      157879. AND WROTE       12188. INTEGRALS IN      1 RECORDS. CPU TIME:     0.01 SEC, REAL TIME:     0.03 SEC
 SORT2 READ       88348. AND WROTE       95435. INTEGRALS IN      7 RECORDS. CPU TIME:     0.00 SEC, REAL TIME:     0.02 SEC

 Node minimum:       13000.  Node maximum:       14573. integrals

 OPERATOR DM      FOR CENTER  0  COORDINATES:    0.000000    0.000000    0.000000


 **********************************************************************************************************************************
 DATASETS  * FILE   NREC   LENGTH (MB)   RECORD NAMES
              1      19       19.90       500      610      700      900      950      970     1000      129      960     1100   
                                          VAR    BASINP    GEOM    SYMINP    ZMAT    AOBASIS   BASIS     P2S    ABASIS      S 
                                         1400     1410     1420     1200     1210     1080     1600     1650     1700   
                                           T        V       ECP      H0       H01     AOSYM     SMH    MOLCAS    OPER   

 PROGRAMS   *        TOTAL       INT
 CPU TIMES  *         0.49      0.24
 REAL TIME  *         1.71 SEC
 DISK USED  *        30.20 MB      
 GA USED    *         0.00 MB       (max)       0.00 MB       (current)
 **********************************************************************************************************************************


 PROGRAM * RHF-SCF (OPEN SHELL)       Authors: W. Meyer, H.-J. Werner


 NUMBER OF ELECTRONS:       4+    2-    SPACE SYMMETRY=2    SPIN SYMMETRY: Triplet 
 CONVERGENCE THRESHOLDS:    1.00E-05 (Density)    1.00E-07 (Energy)
 MAX. NUMBER OF ITERATIONS:       60
 INTERPOLATION TYPE:            DIIS
 INTERPOLATION STEPS:              2 (START)      1 (STEP)
 LEVEL SHIFTS:                 -0.60 (CLOSED) -0.30 (OPEN) 



 Orbital guess generated from atomic densities. Full valence occupancy:    3   1   2   0

 Molecular orbital dump at record        2100.2

 Initial alpha occupancy:   2   1   1   0
 Initial beta  occupancy:   1   0   1   0
 Wave function symmetry:    2

 ITERATION    DDIFF          GRAD             ENERGY        2-EL.EN.            DIPOLE MOMENTS         DIIS   ORB.
    1      0.000D+00      0.000D+00        -4.81884019      9.523630    0.00000    0.00000   -0.15017    0    start
    2      0.000D+00      0.825D-02        -4.83070146      9.636866    0.00000    0.00000   -0.06809    1    diag,B
    3      0.228D-01      0.444D-02        -4.83695196      9.712356    0.00000    0.00000   -0.01565    2    diag,B
    4      0.205D-01      0.164D-02        -4.83815454      9.709771    0.00000    0.00000   -0.01456    3    diag,B
    5      0.736D-02      0.504D-03        -4.83826709      9.705190    0.00000    0.00000   -0.01535    4    diag,B
    6      0.113D-02      0.137D-03        -4.83827540      9.705114    0.00000    0.00000   -0.01514    5    diag,B
    7      0.341D-03      0.504D-04        -4.83827656      9.705006    0.00000    0.00000   -0.01531    6    fixocc
    8      0.239D-03      0.145D-04        -4.83827668      9.704983    0.00000    0.00000   -0.01526    7    diag,B
    9      0.612D-04      0.527D-05        -4.83827669      9.704955    0.00000    0.00000   -0.01520    8    diag,B
   10      0.194D-04      0.103D-05        -4.83827669      9.704951    0.00000    0.00000   -0.01518    9    orth
   11      0.498D-05      0.286D-06        -4.83827669      9.704951    0.00000    0.00000   -0.01517    0    orth

 Final alpha occupancy:   2   1   1   0
 Final beta  occupancy:   1   0   1   0

 !RHF STATE 1.2 Energy                 -4.838276687983
 Nuclear energy                         3.07530596
 One-electron energy                  -12.76605835
 Two-electron energy                    4.85247570
 Virial quotient                       -1.87578918
 !RHF STATE 1.2 Dipole moment           0.00000000     0.00000000    -0.01517369
 Dipole moment /Debye                   0.00000000     0.00000000    -0.03856515

 Orbital energies:

         1.1          2.1          3.1          4.1
     -0.672513    -0.412111     0.067581     0.142659

         1.2          2.2          3.2
     -0.304510     0.210351     0.296030

         1.3          2.3          3.3
     -0.499730     0.102560     0.147004

         1.4          2.4
      0.210420     0.510742

 HOMO      1.2    -0.304510 =      -8.2861eV
 LUMO      3.1     0.067581 =       1.8390eV
 LUMO-HOMO         0.372091 =      10.1251eV


 **********************************************************************************************************************************
 DATASETS  * FILE   NREC   LENGTH (MB)   RECORD NAMES
              1      19       19.90       500      610      700      900      950      970     1000      129      960     1100   
                                          VAR    BASINP    GEOM    SYMINP    ZMAT    AOBASIS   BASIS     P2S    ABASIS      S 
                                         1400     1410     1420     1200     1210     1080     1600     1650     1700   
                                           T        V       ECP      H0       H01     AOSYM     SMH    MOLCAS    OPER   

              2       4        2.78       700     1000      520     2100   
                                         GEOM     BASIS   MCVARS     RHF  

 PROGRAMS   *        TOTAL       RHF       INT
 CPU TIMES  *         0.56      0.07      0.24
 REAL TIME  *         1.93 SEC
 DISK USED  *       189.81 MB      
 SF USED    *         0.00 MB      
 GA USED    *         0.00 MB       (max)       0.00 MB       (current)
 **********************************************************************************************************************************
 SETTING SCF            =        -4.83827669  AU                              


 PROGRAM * POP (Mulliken population analysis)

 
 Density matrix read from record         2100.2  Type=RHF/CHARGE (state 1.2)
 
 Population analysis by basis function type

 Unique atom        s        p        d        f        g    Total    Charge
   1  SI      1.41459  2.88572  0.18007  0.00000  0.00000  4.48038  - 0.48038
   2  H1      0.74804  0.01177  0.00000  0.00000  0.00000  0.75981  + 0.24019


 **********************************************************************************************************************************
 DATASETS  * FILE   NREC   LENGTH (MB)   RECORD NAMES
              1      19       19.90       500      610      700      900      950      970     1000      129      960     1100   
                                          VAR    BASINP    GEOM    SYMINP    ZMAT    AOBASIS   BASIS     P2S    ABASIS      S 
                                         1400     1410     1420     1200     1210     1080     1600     1650     1700   
                                           T        V       ECP      H0       H01     AOSYM     SMH    MOLCAS    OPER   

              2       4        2.78       700     1000      520     2100   
                                         GEOM     BASIS   MCVARS     RHF  

 PROGRAMS   *        TOTAL       POP       RHF       INT
 CPU TIMES  *         0.56      0.00      0.07      0.24
 REAL TIME  *         1.94 SEC
 DISK USED  *       189.81 MB      
 SF USED    *         0.00 MB      
 GA USED    *         0.00 MB       (max)       0.00 MB       (current)
 **********************************************************************************************************************************


 PROGRAM * CCSD (Restricted open-shell coupled cluster)     Authors: C. Hampel, H.-J. Werner, 1991, M. Deegan, P.J. Knowles, 1992


 Convergence thresholds:  THRVAR = 1.00D-08  THRDEN = 1.00D-06

 CCSD(T)     terms to be evaluated (factor= 1.000)


 Number of closed-shell orbitals:   2 (   1   0   1   0 )
 Number of active  orbitals:        2 (   1   1   0   0 )
 Number of external orbitals:      36 (  15   6  11   4 )

 Memory could be reduced to 0.45 Mwords without degradation in triples

 Number of N-1 electron functions:               6
 Number of N-2 electron functions:              15
 Number of singly external CSFs:                77
 Number of doubly external CSFs:              4411
 Total number of CSFs:                        4488

 Molecular orbitals read from record     2100.2  Type=RHF/CANONICAL (state 1.2)

 Integral transformation finished. Total CPU:   0.00 sec, npass=  1  Memory used:   0.09 MW

 Starting RMP2 calculation

 Wavefunction is spin-projected

 ITER.      SQ.NORM     CORR.ENERGY   TOTAL ENERGY   ENERGY CHANGE        DEN1      VAR(S)    VAR(P)  DIIS     TIME
   1      1.03826109    -0.07851781    -4.91679449    -0.07851781    -0.00069524  0.13D-04  0.36D-03  1  1     0.02
   2      1.03922520    -0.07930497    -4.91758165    -0.00078716    -0.00000177  0.22D-06  0.86D-06  2  2     0.02
   3      1.03925146    -0.07931619    -4.91759288    -0.00001122    -0.00000001  0.37D-08  0.25D-08  3  3     0.02
   4      1.03925194    -0.07931630    -4.91759299    -0.00000011    -0.00000000  0.55D-10  0.81D-11  4  4     0.02

 Norm of t1 vector:      0.02841664      S-energy:    -0.00101599      T1 diagnostic:  0.00088842
 Norm of t2 vector:      0.19607254      P-energy:    -0.07830031
                                         Alpha-Beta:  -0.06489984
                                         Alpha-Alpha: -0.01235912
                                         Beta-Beta:   -0.00104135

 Spin contamination <S**2-Sz**2-Sz>     0.00000000
  Reference energy                     -4.838276687983
  RHF-RMP2 correlation energy          -0.079316297860
 !RHF-RMP2 energy                      -4.917592985843
 (NB above energy spin projected)

 Starting RCCSD calculation

 ITER.      SQ.NORM     CORR.ENERGY   TOTAL ENERGY   ENERGY CHANGE        DEN1      VAR(S)    VAR(P)  DIIS     TIME
   1      1.05374888    -0.09205121    -4.93032790    -0.09205121    -0.00661170  0.47D-03  0.29D-02  1  1     0.03
   2      1.06798863    -0.10087160    -4.93914829    -0.00882039    -0.00034061  0.18D-03  0.93D-04  2  2     0.03
   3      1.07201206    -0.10192739    -4.94020408    -0.00105579    -0.00003939  0.24D-04  0.11D-04  3  3     0.03
   4      1.07397283    -0.10231284    -4.94058953    -0.00038545    -0.00000410  0.24D-05  0.11D-05  4  4     0.03
   5      1.07431476    -0.10231796    -4.94059465    -0.00000512    -0.00000050  0.21D-06  0.17D-06  5  5     0.04
   6      1.07443930    -0.10233772    -4.94061441    -0.00001976    -0.00000006  0.23D-07  0.20D-07  6  6     0.04
   7      1.07445171    -0.10233941    -4.94061610    -0.00000169    -0.00000001  0.27D-08  0.23D-08  6  1     0.04
   8      1.07445344    -0.10234018    -4.94061687    -0.00000077    -0.00000000  0.17D-09  0.19D-09  6  2     0.05

 Norm of t1 vector:      0.07607420      S-energy:    -0.00140090      T1 diagnostic:  0.01859920
                                                                       D1 diagnostic:  0.03069139
 Norm of t2 vector:      0.26204228      P-energy:    -0.10093929
                                         Alpha-Beta:  -0.08456890
                                         Alpha-Alpha: -0.01522846
                                         Beta-Beta:   -0.00114192

 Spin contamination <S**2-Sz**2-Sz>     0.00000000

 Memory could be reduced to 0.47 Mwords without degradation in triples
 

 RESULTS
 =======

  Reference energy                     -4.838276687983
  RCCSD singles energy                 -0.001400895266
  RCCSD pair energy                    -0.100939288181
  RCCSD correlation energy             -0.102340183447
  Triples (T) contribution             -0.002377592005
  Total correlation energy             -0.104717775452
 
  RHF-RCCSD energy                     -4.940616871431
  RHF-RCCSD[T] energy                  -4.943045838115
  RHF-RCCSD-T energy                   -4.942964112983
 !RHF-RCCSD(T) energy                  -4.942994463435

 Program statistics:

 Available memory in ccsd:               999999732
 Min. memory needed in ccsd:                 26535
 Max. memory used in ccsd:                   30485
 Max. memory used in cckext:                 58423 ( 8 integral passes)
 Max. memory used in cckint:                 89371 ( 1 integral passes)



 **********************************************************************************************************************************
 DATASETS  * FILE   NREC   LENGTH (MB)   RECORD NAMES
              1      19       19.90       500      610      700      900      950      970     1000      129      960     1100   
                                          VAR    BASINP    GEOM    SYMINP    ZMAT    AOBASIS   BASIS     P2S    ABASIS      S 
                                         1400     1410     1420     1200     1210     1080     1600     1650     1700   
                                           T        V       ECP      H0       H01     AOSYM     SMH    MOLCAS    OPER   

              2       4        2.78       700     1000      520     2100   
                                         GEOM     BASIS   MCVARS     RHF  

 PROGRAMS   *        TOTAL  RCCSD(T)       POP       RHF       INT
 CPU TIMES  *         0.66      0.09      0.00      0.07      0.24
 REAL TIME  *         2.28 SEC
 DISK USED  *       193.17 MB      
 SF USED    *         2.10 MB      
 GA USED    *         0.00 MB       (max)       0.00 MB       (current)
 **********************************************************************************************************************************
 SETTING CCSD           =        -4.94299446  AU                              
 Output type csv         
                                                                                                                                                                                                                                                                

      SCF,CCSD
   -4.83827669,   -4.94299446
                                                  

 RCCSD(T)/USERDEF energy=     -4.942994463435

        RCCSD(T)        RHF-SCF 
     -4.94299446     -4.83827669
 **********************************************************************************************************************************
 Molpro calculation terminated
 Variable memory released
