Fri May 15 14:19:42 PDT 2020


 ~~~ Continue Linear Opt ~~~
 prop_psi0 1 stabilization 6006.183325 energy -2.641113449e-07 +/- 1.671288649e-07
prop_psi0 1 stabilization 30030.91662 energy -5.291560603e-08 +/- 3.349436824e-08
prop_psi0 1 energy 0 +/- 0
Minimum stabilization 0.0001230066345
Estimated change 0.0002447727357 +/- 0.001269730525
Iterations without a downhill move:2
Reached 2 without a downhill move and at the maximum number of samples.
Halting.
Wall time for this method: 11 seconds.
Total wall time so far: 11 seconds.


 ~~~ Running VMC ~~~
 srun: Warning: can't run 1 processes on 8 nodes, setting nnodes to 1
srun: Job 30755480 step creation temporarily disabled, retrying (Requested nodes are busy)
srun: Step created for job 30755480
#####################
vmc:  50 total blocks reblocked into 50
#####################
Threw out the first 1 blocks in the averaging.
total_energy0         -4.920808164 +/- 0.0001899064018 (sigma     0.178561054 ) 
kinetic0               2.652187832 +/-  0.002964499345 (sigma     1.660694501 ) 
potential0            -8.203282166 +/-  0.003781681462 (sigma     1.966753682 ) 
nonlocal0             0.6302861707 +/-  0.002494008224 (sigma     1.491404508 ) 
weight0                          1 +/- 9.516197354e-17 (sigma               0 ) 

--------Properties differences-------------
approximate number of independent points: 884085.5072
Warning!  The estimated number of independent points is 
 _greater_ than the points in the log file.  Error bars are 
probably unreliable!
OPT ENDED
srun: got SIGCONT
srun: Job step aborted: Waiting up to 32 seconds for job step to finish.
slurmstepd: error: *** STEP 30755480.3 ON nid06758 CANCELLED AT 2020-05-15T14:32:50 ***
srun: forcing job termination
