
Lmod is automatically replacing "xl/16.1.1-5" with "gcc/7.4.0".


Due to MODULEPATH changes, the following have been reloaded:
  1) hdf5/1.10.4     2) spectrum-mpi/10.3.1.2-20200121


The following have been reloaded with a version change:
  1) python/3.7.0-anaconda3-5.3.0 => python/3.6.6-anaconda3-5.3.0

--2020-07-12 19:05:51--  https://pseudopotentiallibrary.org/recipes/Si/ccECP/Si.ccECP.xml
Resolving pseudopotentiallibrary.org (pseudopotentiallibrary.org)... 128.219.165.148
Connecting to pseudopotentiallibrary.org (pseudopotentiallibrary.org)|128.219.165.148|:443... connected.
HTTP request sent, awaiting response... 200 OK
Length: 1502082 (1.4M) [text/xml]
Saving to: 'Si.ccECP.xml'

     0K .......... .......... .......... .......... ..........  3% 23.7M 0s
    50K .......... .......... .......... .......... ..........  6% 44.2M 0s
   100K .......... .......... .......... .......... .......... 10% 56.5M 0s
   150K .......... .......... .......... .......... .......... 13% 71.5M 0s
   200K .......... .......... .......... .......... .......... 17% 62.1M 0s
   250K .......... .......... .......... .......... .......... 20% 68.7M 0s
   300K .......... .......... .......... .......... .......... 23% 70.2M 0s
   350K .......... .......... .......... .......... .......... 27% 58.2M 0s
   400K .......... .......... .......... .......... .......... 30% 60.5M 0s
   450K .......... .......... .......... .......... .......... 34% 61.3M 0s
   500K .......... .......... .......... .......... .......... 37% 65.4M 0s
   550K .......... .......... .......... .......... .......... 40% 70.8M 0s
   600K .......... .......... .......... .......... .......... 44% 63.6M 0s
   650K .......... .......... .......... .......... .......... 47% 72.1M 0s
   700K .......... .......... .......... .......... .......... 51% 71.2M 0s
   750K .......... .......... .......... .......... .......... 54% 70.0M 0s
   800K .......... .......... .......... .......... .......... 57% 61.2M 0s
   850K .......... .......... .......... .......... .......... 61% 71.8M 0s
   900K .......... .......... .......... .......... .......... 64% 72.6M 0s
   950K .......... .......... .......... .......... .......... 68% 71.7M 0s
  1000K .......... .......... .......... .......... .......... 71% 59.1M 0s
  1050K .......... .......... .......... .......... .......... 74% 71.0M 0s
  1100K .......... .......... .......... .......... .......... 78% 71.4M 0s
  1150K .......... .......... .......... .......... .......... 81% 71.6M 0s
  1200K .......... .......... .......... .......... .......... 85% 61.5M 0s
  1250K .......... .......... .......... .......... .......... 88% 72.0M 0s
  1300K .......... .......... .......... .......... .......... 92% 71.7M 0s
  1350K .......... .......... .......... .......... .......... 95% 73.2M 0s
  1400K .......... .......... .......... .......... .......... 98% 64.7M 0s
  1450K .......... ......                                     100% 63.1M=0.02s

2020-07-12 19:05:51 (61.8 MB/s) - 'Si.ccECP.xml' saved [1502082/1502082]

--2020-07-12 19:05:51--  https://pseudopotentiallibrary.org/recipes/H/ccECP/H.ccECP.xml
Resolving pseudopotentiallibrary.org (pseudopotentiallibrary.org)... 128.219.165.148
Connecting to pseudopotentiallibrary.org (pseudopotentiallibrary.org)|128.219.165.148|:443... connected.
HTTP request sent, awaiting response... 200 OK
Length: 1001619 (978K) [text/xml]
Saving to: 'H.ccECP.xml'

     0K .......... .......... .......... .......... ..........  5% 11.0M 0s
    50K .......... .......... .......... .......... .......... 10% 66.8M 0s
   100K .......... .......... .......... .......... .......... 15% 44.9M 0s
   150K .......... .......... .......... .......... .......... 20% 69.9M 0s
   200K .......... .......... .......... .......... .......... 25% 62.9M 0s
   250K .......... .......... .......... .......... .......... 30% 69.0M 0s
   300K .......... .......... .......... .......... .......... 35% 69.2M 0s
   350K .......... .......... .......... .......... .......... 40% 23.6M 0s
   400K .......... .......... .......... .......... .......... 46% 60.3M 0s
   450K .......... .......... .......... .......... .......... 51% 69.0M 0s
   500K .......... .......... .......... .......... .......... 56% 69.9M 0s
   550K .......... .......... .......... .......... .......... 61% 69.6M 0s
   600K .......... .......... .......... .......... .......... 66% 62.9M 0s
   650K .......... .......... .......... .......... .......... 71% 71.4M 0s
   700K .......... .......... .......... .......... .......... 76% 72.3M 0s
   750K .......... .......... .......... .......... .......... 81% 71.4M 0s
   800K .......... .......... .......... .......... .......... 86% 60.7M 0s
   850K .......... .......... .......... .......... .......... 92% 69.7M 0s
   900K .......... .......... .......... .......... .......... 97% 72.0M 0s
   950K .......... .......... ........                        100% 60.6M=0.02s

2020-07-12 19:05:52 (48.8 MB/s) - 'H.ccECP.xml' saved [1001619/1001619]

Rank =    0  Free Memory = 530090 MB
Rank =    2  Free Memory = 523591 MB
Rank =    1  Free Memory = 530090 MB
Rank =    3  Free Memory = 523591 MB
Rank =    6  Free Memory = 529542 MB
Rank =    4  Free Memory = 523186 MB
Rank =    7  Free Memory = 529542 MB
Rank =    5  Free Memory = 523186 MB
Rank =    0  Free Memory = 530056 MB
Rank =    1  Free Memory = 530056 MB
Rank =    2  Free Memory = 523564 MB
Rank =    3  Free Memory = 523564 MB
Rank =    6  Free Memory = 529507 MB
Rank =    4  Free Memory = 523161 MB
Rank =    7  Free Memory = 529507 MB
Rank =    5  Free Memory = 523161 MB

Lmod is automatically replacing "xl/16.1.1-5" with "gcc/7.4.0".


Due to MODULEPATH changes, the following have been reloaded:
  1) hdf5/1.10.4     2) spectrum-mpi/10.3.1.2-20200121


The following have been reloaded with a version change:
  1) python/3.7.0-anaconda3-5.3.0 => python/3.6.6-anaconda3-5.3.0

--2020-07-12 19:40:10--  https://pseudopotentiallibrary.org/recipes/Si/ccECP/Si.ccECP.xml
Resolving pseudopotentiallibrary.org (pseudopotentiallibrary.org)... 128.219.165.148
Connecting to pseudopotentiallibrary.org (pseudopotentiallibrary.org)|128.219.165.148|:443... connected.
HTTP request sent, awaiting response... 200 OK
Length: 1502082 (1.4M) [text/xml]
Saving to: 'Si.ccECP.xml'

     0K .......... .......... .......... .......... ..........  3% 52.4M 0s
    50K .......... .......... .......... .......... ..........  6% 73.4M 0s
   100K .......... .......... .......... .......... .......... 10% 45.9M 0s
   150K .......... .......... .......... .......... .......... 13% 75.6M 0s
   200K .......... .......... .......... .......... .......... 17% 63.3M 0s
   250K .......... .......... .......... .......... .......... 20% 67.9M 0s
   300K .......... .......... .......... .......... .......... 23% 63.7M 0s
   350K .......... .......... .......... .......... .......... 27% 62.1M 0s
   400K .......... .......... .......... .......... .......... 30% 57.5M 0s
   450K .......... .......... .......... .......... .......... 34% 63.5M 0s
   500K .......... .......... .......... .......... .......... 37% 70.7M 0s
   550K .......... .......... .......... .......... .......... 40% 66.2M 0s
   600K .......... .......... .......... .......... .......... 44% 54.5M 0s
   650K .......... .......... .......... .......... .......... 47% 72.2M 0s
   700K .......... .......... .......... .......... .......... 51% 71.1M 0s
   750K .......... .......... .......... .......... .......... 54% 63.6M 0s
   800K .......... .......... .......... .......... .......... 57% 66.6M 0s
   850K .......... .......... .......... .......... .......... 61% 76.3M 0s
   900K .......... .......... .......... .......... .......... 64% 76.3M 0s
   950K .......... .......... .......... .......... .......... 68% 77.6M 0s
  1000K .......... .......... .......... .......... .......... 71% 66.2M 0s
  1050K .......... .......... .......... .......... .......... 74% 77.1M 0s
  1100K .......... .......... .......... .......... .......... 78% 75.8M 0s
  1150K .......... .......... .......... .......... .......... 81% 76.9M 0s
  1200K .......... .......... .......... .......... .......... 85% 46.1M 0s
  1250K .......... .......... .......... .......... .......... 88% 75.7M 0s
  1300K .......... .......... .......... .......... .......... 92% 76.1M 0s
  1350K .......... .......... .......... .......... .......... 95% 75.2M 0s
  1400K .......... .......... .......... .......... .......... 98% 68.0M 0s
  1450K .......... ......                                     100% 68.1M=0.02s

2020-07-12 19:40:10 (66.1 MB/s) - 'Si.ccECP.xml' saved [1502082/1502082]

--2020-07-12 19:40:10--  https://pseudopotentiallibrary.org/recipes/H/ccECP/H.ccECP.xml
Resolving pseudopotentiallibrary.org (pseudopotentiallibrary.org)... 128.219.165.148
Connecting to pseudopotentiallibrary.org (pseudopotentiallibrary.org)|128.219.165.148|:443... connected.
HTTP request sent, awaiting response... 200 OK
Length: 1001619 (978K) [text/xml]
Saving to: 'H.ccECP.xml'

     0K .......... .......... .......... .......... ..........  5% 22.9M 0s
    50K .......... .......... .......... .......... .......... 10% 48.4M 0s
   100K .......... .......... .......... .......... .......... 15% 52.6M 0s
   150K .......... .......... .......... .......... .......... 20% 74.7M 0s
   200K .......... .......... .......... .......... .......... 25% 65.9M 0s
   250K .......... .......... .......... .......... .......... 30% 72.9M 0s
   300K .......... .......... .......... .......... .......... 35% 72.9M 0s
   350K .......... .......... .......... .......... .......... 40% 73.9M 0s
   400K .......... .......... .......... .......... .......... 46% 63.1M 0s
   450K .......... .......... .......... .......... .......... 51% 71.4M 0s
   500K .......... .......... .......... .......... .......... 56% 64.9M 0s
   550K .......... .......... .......... .......... .......... 61% 72.7M 0s
   600K .......... .......... .......... .......... .......... 66% 63.7M 0s
   650K .......... .......... .......... .......... .......... 71% 75.1M 0s
   700K .......... .......... .......... .......... .......... 76% 75.3M 0s
   750K .......... .......... .......... .......... .......... 81% 73.7M 0s
   800K .......... .......... .......... .......... .......... 86% 66.3M 0s
   850K .......... .......... .......... .......... .......... 92% 73.6M 0s
   900K .......... .......... .......... .......... .......... 97% 73.8M 0s
   950K .......... .......... ........                        100% 63.9M=0.02s

2020-07-12 19:40:10 (61.4 MB/s) - 'H.ccECP.xml' saved [1001619/1001619]

Rank =    0  Free Memory = 563021 MB
Rank =    1  Free Memory = 563021 MB
Rank =    2  Free Memory = 533784 MB
Rank =    3  Free Memory = 533784 MB
Rank =    4  Free Memory = 529604 MB
Rank =    6  Free Memory = 540855 MB
Rank =    5  Free Memory = 529604 MB
Rank =    7  Free Memory = 540855 MB
Rank =    8  Free Memory = 534750 MB
Rank =   10  Free Memory = 564480 MB
Rank =    9  Free Memory = 534750 MB
Rank =   14  Free Memory = 564149 MB
Rank =   11  Free Memory = 564480 MB
Rank =   15  Free Memory = 564149 MB
Rank =   12  Free Memory = 497801 MB
Rank =   13  Free Memory = 497801 MB
Rank =    0  Free Memory = 563008 MB
Rank =    1  Free Memory = 563008 MB
Rank =    2  Free Memory = 533751 MB
Rank =    3  Free Memory = 533751 MB
Rank =    4  Free Memory = 529576 MB
Rank =    6  Free Memory = 540827 MB
Rank =    5  Free Memory = 529576 MB
Rank =    7  Free Memory = 540827 MB
Rank =    8  Free Memory = 534722 MB
Rank =   10  Free Memory = 564448 MB
Rank =   14  Free Memory = 564113 MB
Rank =   11  Free Memory = 564448 MB
Rank =   15  Free Memory = 564113 MB
Rank =   12  Free Memory = 497774 MB
Rank =   13  Free Memory = 497774 MB
Rank =    9  Free Memory = 534722 MB
Could not read jskill result from pmix server
WARNING: exiting due to 2 SIGINT's within 1 second.  Job step may still be running and must be managed manually with jskillCould not read jskill result from pmix server
shell-init: error retrieving current directory: getcwd: cannot access parent directories: No such file or directory
XALT_EXCEPTION(xalt_run_submission.py):  [Errno 2] No such file or directory

Lmod is automatically replacing "xl/16.1.1-5" with "gcc/7.4.0".


Due to MODULEPATH changes, the following have been reloaded:
  1) hdf5/1.10.4     2) spectrum-mpi/10.3.1.2-20200121


The following have been reloaded with a version change:
  1) python/3.7.0-anaconda3-5.3.0 => python/3.6.6-anaconda3-5.3.0

--2020-07-12 20:25:48--  https://pseudopotentiallibrary.org/recipes/Si/ccECP/Si.ccECP.xml
Resolving pseudopotentiallibrary.org (pseudopotentiallibrary.org)... 128.219.165.148
Connecting to pseudopotentiallibrary.org (pseudopotentiallibrary.org)|128.219.165.148|:443... connected.
HTTP request sent, awaiting response... 200 OK
Length: 1502082 (1.4M) [text/xml]
Saving to: 'Si.ccECP.xml'

     0K .......... .......... .......... .......... ..........  3% 52.0M 0s
    50K .......... .......... .......... .......... ..........  6% 73.5M 0s
   100K .......... .......... .......... .......... .......... 10% 76.0M 0s
   150K .......... .......... .......... .......... .......... 13% 74.5M 0s
   200K .......... .......... .......... .......... .......... 17% 66.7M 0s
   250K .......... .......... .......... .......... .......... 20% 75.1M 0s
   300K .......... .......... .......... .......... .......... 23% 73.1M 0s
   350K .......... .......... .......... .......... .......... 27% 72.5M 0s
   400K .......... .......... .......... .......... .......... 30% 61.9M 0s
   450K .......... .......... .......... .......... .......... 34% 74.1M 0s
   500K .......... .......... .......... .......... .......... 37% 73.7M 0s
   550K .......... .......... .......... .......... .......... 40% 76.1M 0s
   600K .......... .......... .......... .......... .......... 44% 67.4M 0s
   650K .......... .......... .......... .......... .......... 47% 75.3M 0s
   700K .......... .......... .......... .......... .......... 51% 73.9M 0s
   750K .......... .......... .......... .......... .......... 54% 76.4M 0s
   800K .......... .......... .......... .......... .......... 57% 65.3M 0s
   850K .......... .......... .......... .......... .......... 61% 75.0M 0s
   900K .......... .......... .......... .......... .......... 64% 77.2M 0s
   950K .......... .......... .......... .......... .......... 68% 72.7M 0s
  1000K .......... .......... .......... .......... .......... 71% 63.8M 0s
  1050K .......... .......... .......... .......... .......... 74% 76.2M 0s
  1100K .......... .......... .......... .......... .......... 78% 74.8M 0s
  1150K .......... .......... .......... .......... .......... 81% 75.8M 0s
  1200K .......... .......... .......... .......... .......... 85% 63.2M 0s
  1250K .......... .......... .......... .......... .......... 88% 74.3M 0s
  1300K .......... .......... .......... .......... .......... 92% 77.6M 0s
  1350K .......... .......... .......... .......... .......... 95% 77.6M 0s
  1400K .......... .......... .......... .......... .......... 98% 68.2M 0s
  1450K .......... ......                                     100% 70.6M=0.02s

2020-07-12 20:25:48 (71.3 MB/s) - 'Si.ccECP.xml' saved [1502082/1502082]

--2020-07-12 20:25:48--  https://pseudopotentiallibrary.org/recipes/H/ccECP/H.ccECP.xml
Resolving pseudopotentiallibrary.org (pseudopotentiallibrary.org)... 128.219.165.148
Connecting to pseudopotentiallibrary.org (pseudopotentiallibrary.org)|128.219.165.148|:443... connected.
HTTP request sent, awaiting response... 200 OK
Length: 1001619 (978K) [text/xml]
Saving to: 'H.ccECP.xml'

     0K .......... .......... .......... .......... ..........  5% 22.7M 0s
    50K .......... .......... .......... .......... .......... 10% 73.7M 0s
   100K .......... .......... .......... .......... .......... 15% 57.0M 0s
   150K .......... .......... .......... .......... .......... 20% 66.4M 0s
   200K .......... .......... .......... .......... .......... 25% 67.0M 0s
   250K .......... .......... .......... .......... .......... 30% 73.3M 0s
   300K .......... .......... .......... .......... .......... 35% 71.2M 0s
   350K .......... .......... .......... .......... .......... 40% 74.7M 0s
   400K .......... .......... .......... .......... .......... 46% 55.2M 0s
   450K .......... .......... .......... .......... .......... 51% 53.9M 0s
   500K .......... .......... .......... .......... .......... 56% 73.4M 0s
   550K .......... .......... .......... .......... .......... 61% 76.5M 0s
   600K .......... .......... .......... .......... .......... 66% 64.0M 0s
   650K .......... .......... .......... .......... .......... 71% 61.8M 0s
   700K .......... .......... .......... .......... .......... 76% 76.5M 0s
   750K .......... .......... .......... .......... .......... 81% 71.8M 0s
   800K .......... .......... .......... .......... .......... 86% 63.1M 0s
   850K .......... .......... .......... .......... .......... 92% 76.7M 0s
   900K .......... .......... .......... .......... .......... 97% 77.1M 0s
   950K .......... .......... ........                        100% 65.5M=0.02s

2020-07-12 20:25:48 (61.4 MB/s) - 'H.ccECP.xml' saved [1001619/1001619]

Rank =    0  Free Memory = 534740 MB
Rank =    1  Free Memory = 534740 MB
Rank =    2  Free Memory = 564453 MB
Rank =    3  Free Memory = 564453 MB
Rank =    4  Free Memory = 497777 MB
Rank =    6  Free Memory = 564124 MB
Rank =    7  Free Memory = 564124 MB
Rank =    5  Free Memory = 497777 MB
Rank =   10  Free Memory = 530086 MB
Rank =    8  Free Memory = 522863 MB
Rank =   11  Free Memory = 530086 MB
Rank =    9  Free Memory = 522863 MB
Rank =   15  Free Memory = 523163 MB
Rank =   14  Free Memory = 523163 MB
Rank =   12  Free Memory = 523562 MB
Rank =   13  Free Memory = 523562 MB
Rank =    0  Free Memory = 534724 MB
Rank =    1  Free Memory = 534724 MB
Rank =    2  Free Memory = 564447 MB
Rank =    3  Free Memory = 564447 MB
Rank =    4  Free Memory = 497772 MB
Rank =    5  Free Memory = 497772 MB
Rank =   10  Free Memory = 530066 MB
Rank =    8  Free Memory = 522842 MB
Rank =   14  Free Memory = 523160 MB
Rank =   11  Free Memory = 530066 MB
Rank =    6  Free Memory = 564119 MB
Rank =    9  Free Memory = 522842 MB
Rank =   15  Free Memory = 523160 MB
Rank =    7  Free Memory = 564119 MB
Rank =   12  Free Memory = 523552 MB
Rank =   13  Free Memory = 523552 MB
User defined signal 2
ERROR:  One or more process (first noticed rank 14) terminated with signal 12
