
------------------------------------------------------------
Sender: LSF System <lsfadmin@batch2>
Subject: Job 218506: <EX_QZ> in cluster <summit> Exited

Job <EX_QZ> was submitted from host <login4> by user <aannabe> in cluster <summit> at Sun Jul 12 19:04:46 2020
Job was executed on host(s) <1*batch2>, in queue <batch>, as user <aannabe> in cluster <summit> at Sun Jul 12 19:05:04 2020
                            <42*d31n08>
                            <42*d31n09>
                            <42*d31n10>
                            <42*d31n11>
</ccs/home/aannabe> was used as the home directory.
</gpfs/alpine/mat151/proj-shared/aannabe/docs/molecules_Si/SiH4/qmcpack_basis/QZ/singlet> was used as the working directory.
Started at Sun Jul 12 19:05:04 2020
Terminated at Sun Jul 12 20:22:53 2020
Results reported at Sun Jul 12 20:22:53 2020

The output (if any) is above this job summary.



PS:

Read file <EX_QZ.err> for stderr output of this job.


------------------------------------------------------------
Sender: LSF System <lsfadmin@batch2>
Subject: Job 218620: <EX_QZ> in cluster <summit> Exited

Job <EX_QZ> was submitted from host <login4> by user <aannabe> in cluster <summit> at Sun Jul 12 19:39:18 2020
Job was executed on host(s) <1*batch2>, in queue <batch>, as user <aannabe> in cluster <summit> at Sun Jul 12 19:39:35 2020
                            <42*a02n18>
                            <42*b14n12>
                            <42*b14n13>
                            <42*b14n14>
                            <42*b14n15>
                            <42*b14n16>
                            <42*b14n17>
                            <42*b14n18>
</ccs/home/aannabe> was used as the home directory.
</gpfs/alpine/mat151/proj-shared/aannabe/docs/molecules_Si/SiH4/qmcpack_basis/QZ/singlet> was used as the working directory.
Started at Sun Jul 12 19:39:35 2020
Terminated at Sun Jul 12 20:22:54 2020
Results reported at Sun Jul 12 20:22:54 2020

The output (if any) is above this job summary.



PS:

Read file <EX_QZ.err> for stderr output of this job.


------------------------------------------------------------
Sender: LSF System <lsfadmin@batch3>
Subject: Job 218675: <EX_QZ> in cluster <summit> Exited

Job <EX_QZ> was submitted from host <login4> by user <aannabe> in cluster <summit> at Sun Jul 12 20:24:53 2020
Job was executed on host(s) <1*batch3>, in queue <batch>, as user <aannabe> in cluster <summit> at Sun Jul 12 20:25:11 2020
                            <42*b14n15>
                            <42*b14n16>
                            <42*b14n17>
                            <42*b14n18>
                            <42*c33n08>
                            <42*d31n08>
                            <42*d31n09>
                            <42*d31n10>
</ccs/home/aannabe> was used as the home directory.
</gpfs/alpine/mat151/proj-shared/aannabe/docs/molecules_Si/SiH4/qmcpack_basis/QZ/singlet> was used as the working directory.
Started at Sun Jul 12 20:25:11 2020
Terminated at Sun Jul 12 22:25:50 2020
Results reported at Sun Jul 12 22:25:50 2020

The output (if any) is above this job summary.



PS:

Read file <EX_QZ.err> for stderr output of this job.

