
------------------------------------------------------------
Sender: LSF System <lsfadmin@batch1>
Subject: Job 152335: <S_QZ> in cluster <summit> Exited

Job <S_QZ> was submitted from host <login3> by user <aannabe> in cluster <summit> at Fri Jun 12 01:56:29 2020
Job was executed on host(s) <1*batch1>, in queue <batch>, as user <aannabe> in cluster <summit> at Fri Jun 12 01:56:54 2020
                            <42*g14n17>
</ccs/home/aannabe> was used as the home directory.
</gpfs/alpine/mat151/proj-shared/aannabe/docs/molecules_Si/SiH4/qmcpack_basis/QZ/singlet> was used as the working directory.
Started at Fri Jun 12 01:56:54 2020
Terminated at Fri Jun 12 02:01:46 2020
Results reported at Fri Jun 12 02:01:46 2020

The output (if any) is above this job summary.



PS:

Read file <S_QZ.err> for stderr output of this job.


------------------------------------------------------------
Sender: LSF System <lsfadmin@batch2>
Subject: Job 152359: <S_QZ> in cluster <summit> Exited

Job <S_QZ> was submitted from host <login3> by user <aannabe> in cluster <summit> at Fri Jun 12 02:11:17 2020
Job was executed on host(s) <1*batch2>, in queue <batch>, as user <aannabe> in cluster <summit> at Fri Jun 12 02:11:39 2020
                            <42*a16n12>
</ccs/home/aannabe> was used as the home directory.
</gpfs/alpine/mat151/proj-shared/aannabe/docs/molecules_Si/SiH4/qmcpack_basis/QZ/singlet> was used as the working directory.
Started at Fri Jun 12 02:11:39 2020
Terminated at Fri Jun 12 03:02:08 2020
Results reported at Fri Jun 12 03:02:08 2020

The output (if any) is above this job summary.



PS:

Read file <S_QZ.err> for stderr output of this job.

