
 Primary working directories    : /global/cscratch1/sd/aannabe
 Secondary working directories  : /global/cscratch1/sd/aannabe
 Wavefunction directory         : /global/homes/a/aannabe/wfu/
 Main file repository           : /global/cscratch1/sd/aannabe/

 SHA1      : 19cd028119e0e09f93f0674bd8af7968d9b3eff6
 NAME      : 2015.1.36
 ARCHNAME  : linux/x86_64
 FC        : /opt/cray/pe/craype/2.5.14/bin/ftn
 BLASLIB   : -L/opt/intel/compilers_and_libraries_2018.1.163/linux/mkl/lib/intel64 -Wl,-_start-group -lmkl_intel_ilp64 -lmkl_intel_thread -lmkl_core -Wl,-_end-group -liomp5
 id        : lbl

 Nodes     nprocs
 nid00828     1

 Using customized tuning parameters: mindgm=7; mindgv=16; mindgc=1; mindgr=1; noblas=0; minvec=7
 default implementation of scratch files=df  

 ***,SiH2
 memory,8,g
 gthresh,twoint=1.0E-13
 
 basis={
 ECP,Si,10,2,0;
 3;                                                                              !Vd
 1,5.168316,    4.000000
 3,8.861690,   20.673264
 2,3.933474,  -14.818174
 2;                                                                              !Vs-Vd
 2,9.447023,   14.832760
 2,2.553812,   26.349664
 2;                                                                              !Vp-Vd
 2,3.660001,    7.621400
 2,1.903653,   10.331583
 
 Including file /global/cscratch1/sd/aannabe/docs/molecules_Si/SiH2/ccsdt_q_TZ/triplet_vert/Si.aug-cc-pVTZ.basis
 
 ECP,H,0,1,0
 3;
 2,   21.77696655044365 ,     -10.85192405303825 ;
 1,   21.24359508259891 ,       1.00000000000000;
 3,   21.24359508259891 ,      21.24359508259891;
 1; 2,                   1.,                      0.;
 
 Including file /global/cscratch1/sd/aannabe/docs/molecules_Si/SiH2/ccsdt_q_TZ/triplet_vert/H.aug-cc-pVTZ.basis
 }
 
 angstrom
 geometry={
  Si
  H1     Si     1.51402
  H2     Si     1.51402      H1     91.9830
 }
 
 {rhf
 wf,6,2,2                                                                        ! nelec,symm,spin
 }
 
  !NOTE: Perturbative MRCC works only with UHF reference. So, here we will trick MRCC by doing zero UHF iteration right after ROHF.
 {uhf
 wf,6,2,2                                                                        ! nelec,symm,spin
 maxit,0
 }
 scf = energy
 
 pop;
 
 _CC_NORM_MAX=2.0
 {mrcc,method=CCSDT(Q)
 orbital,ignore_error=1                                                          !Ignore the fact that UHF WF is not converged
 maxit,100
 core
 }
 ccsd = energy
 
 table,scf,ccsd
 save, 3.csv, new
 

 Variables initialized (889), CPU time= 0.01 sec
 Commands  initialized (702), CPU time= 0.00 sec, 572 directives.
 Default parameters read. Elapsed time= 0.17 sec

 Checking input...
 Passed
1


                                         ***  PROGRAM SYSTEM MOLPRO  ***
                                       Copyright, TTI GmbH Stuttgart, 2015
                                    Version 2015.1 linked Dec 29 2018 15:55:43


 **********************************************************************************************************************************
 LABEL *   SiH2                                                                          
  64 bit serial version                                                                  DATE: 08-Jun-20          TIME: 03:20:40  
 **********************************************************************************************************************************

 SHA1:             19cd028119e0e09f93f0674bd8af7968d9b3eff6
 **********************************************************************************************************************************

 THRESHOLDS:

 ZERO    =  1.00D-12  ONEINT  =  1.00D-12  TWOINT  =  1.00D-13  PREFAC  =  1.00D-14  LOCALI  =  1.00D-09  EORDER  =  1.00D-04
 ENERGY  =  0.00D+00  ETEST   =  0.00D+00  EDENS   =  0.00D+00  THRDEDEF=  1.00D-06  GRADIENT=  1.00D-02  STEP    =  1.00D-03
 ORBITAL =  1.00D-05  CIVEC   =  1.00D-05  COEFF   =  1.00D-04  PRINTCI =  5.00D-02  PUNCHCI =  9.90D+01  OPTGRAD =  3.00D-04
 OPTENERG=  1.00D-06  OPTSTEP =  3.00D-04  THRGRAD =  1.00D-10  COMPRESS=  1.00D-11  VARMIN  =  1.00D-07  VARMAX  =  1.00D-03
 THRDOUB =  0.00D+00  THRDIV  =  1.00D-05  THRRED  =  1.00D-07  THRPSP  =  1.00D+00  THRDC   =  1.00D-10  THRCS   =  1.00D-10
 THRNRM  =  1.00D-08  THREQ   =  0.00D+00  THRDE   =  1.00D+00  THRREF  =  1.00D-05  SPARFAC =  1.00D+00  THRDLP  =  1.00D-07
 THRDIA  =  1.00D-10  THRDLS  =  1.00D-07  THRGPS  =  0.00D+00  THRKEX  =  0.00D+00  THRDIS  =  2.00D-01  THRVAR  =  1.00D-10
 THRLOC  =  1.00D-06  THRGAP  =  1.00D-06  THRLOCT = -1.00D+00  THRGAPT = -1.00D+00  THRORB  =  1.00D-06  THRMLTP =  0.00D+00
 THRCPQCI=  1.00D-10  KEXTA   =  0.00D+00  THRCOARS=  0.00D+00  SYMTOL  =  1.00D-06  GRADTOL =  1.00D-06  THROVL  =  1.00D-08
 THRORTH =  1.00D-08  GRID    =  1.00D-06  GRIDMAX =  1.00D-03  DTMAX   =  0.00D+00  THROCCDE=  1.00D-01  THROCCDE=  1.00D-01



 Variable memory set to 8000000000 words,  buffer space   230000 words

 SETTING BASIS          =    USERDEF
 ZUNIT=ANG
 


 Recomputing integrals since basis changed


 Using spherical harmonics



 PROGRAM * SEWARD (Integral evaluation for generally contracted gaussian basis sets)     Author: Roland Lindh, 1990

 Geometry written to block  1 of record 700

 Orientation using atomic masses  
 Molecule type: Asymmetric top,     Order of principal axis = 2
 Symmetry elements: X,Y
 Rotational constants:     113.0212983    242.8385172    211.4197542 GHz  (calculated with average atomic masses)

 Point group  C2v 



 ATOMIC COORDINATES

 NR  ATOM    CHARGE       X              Y              Z

   1  SI      4.00    0.000000000    0.000000000   -0.133121049
   2  H1      1.00    0.000000000    2.057796109    1.854659610
   3  H2      1.00    0.000000000   -2.057796109    1.854659610

 Bond lengths in Bohr (Angstrom)

 1-2  2.861083147  1-3  2.861083147
     ( 1.514020000)     ( 1.514020000)

 Bond angles

  2-1-3   91.98300000

 NUCLEAR CHARGE:                    6
 NUMBER OF PRIMITIVE AOS:         154
 NUMBER OF SYMMETRY AOS:          141
 NUMBER OF CONTRACTIONS:           91   (  34A1  +  18B1  +  27B2  +  12A2  )
 NUMBER OF CORE ORBITALS:           0   (   0A1  +   0B1  +   0B2  +   0A2  )
 NUMBER OF VALENCE ORBITALS:        6   (   3A1  +   1B1  +   2B2  +   0A2  )


 NUCLEAR REPULSION ENERGY    3.03912223

 Eigenvalues of metric

         1 0.232E-03 0.142E-02 0.434E-02 0.857E-02 0.108E-01 0.139E-01 0.371E-01 0.596E-01
         2 0.825E-02 0.146E-01 0.926E-01 0.203E+00 0.258E+00 0.280E+00 0.318E+00 0.432E+00
         3 0.380E-03 0.170E-02 0.623E-02 0.951E-02 0.150E-01 0.258E-01 0.544E-01 0.666E-01
         4 0.208E-01 0.718E-01 0.232E+00 0.255E+00 0.359E+00 0.446E+00 0.727E+00 0.946E+00


 Contracted 2-electron integrals neglected if value below      1.0D-13
 AO integral compression algorithm  1   Integral accuracy      1.0D-13

     25.952 MB (compressed) written to integral file ( 91.1%)


 NUMBER OF SORTED TWO-ELECTRON INTEGRALS:    2303167.     BUFFER LENGTH:  32768
 NUMBER OF SEGMENTS:   1  SEGMENT LENGTH:    2303167      RECORD LENGTH: 524288

 Memory used in sort:       2.86 MW

 SORT1 READ     3540971. AND WROTE     2140713. INTEGRALS IN      7 RECORDS. CPU TIME:     0.04 SEC, REAL TIME:     0.07 SEC
 SORT2 READ     2140713. AND WROTE     2303167. INTEGRALS IN     99 RECORDS. CPU TIME:     0.08 SEC, REAL TIME:     0.10 SEC

 FILE SIZES:   FILE 1:    46.0 MBYTE,  FILE 4:    29.4 MBYTE,   TOTAL:     75.4 MBYTE

 OPERATOR DM      FOR CENTER  0  COORDINATES:    0.000000    0.000000    0.000000


 **********************************************************************************************************************************
 DATASETS  * FILE   NREC   LENGTH (MB)   RECORD NAMES
              1      20       36.79       500      610      700      900      950      970     1000      129      960     1100   
                                          VAR    BASINP    GEOM    SYMINP    ZMAT    AOBASIS   BASIS     P2S    ABASIS      S 
                                         1400     1410     1420     1200     1210     1080     1600     1650     1300     1700   
                                           T        V       ECP      H0       H01     AOSYM     SMH    MOLCAS    ERIS     OPER   

 PROGRAMS   *        TOTAL       INT
 CPU TIMES  *         1.24      1.14
 REAL TIME  *         5.51 SEC
 DISK USED  *        75.74 MB      
 **********************************************************************************************************************************


 PROGRAM * RHF-SCF (OPEN SHELL)       Authors: W. Meyer, H.-J. Werner


 NUMBER OF ELECTRONS:       4+    2-    SPACE SYMMETRY=2    SPIN SYMMETRY: Triplet 
 CONVERGENCE THRESHOLDS:    1.00E-05 (Density)    1.00E-07 (Energy)
 MAX. NUMBER OF ITERATIONS:       60
 INTERPOLATION TYPE:            DIIS
 INTERPOLATION STEPS:              2 (START)      1 (STEP)
 LEVEL SHIFTS:                 -0.60 (CLOSED) -0.30 (OPEN) 



 Orbital guess generated from atomic densities. Full valence occupancy:    3   1   2   0

 Molecular orbital dump at record        2100.2

 Initial alpha occupancy:   2   1   1   0
 Initial beta  occupancy:   1   0   1   0
 Wave function symmetry:    2

 ITERATION    DDIFF          GRAD             ENERGY        2-EL.EN.            DIPOLE MOMENTS         DIIS   ORB.
    1      0.000D+00      0.000D+00        -4.80573069      9.557674    0.00000    0.00000   -0.59579    0    start
    2      0.000D+00      0.570D-02        -4.81977648      9.661226    0.00000    0.00000   -0.38327    1    diag,B
    3      0.759D-02      0.301D-02        -4.82663772      9.729863    0.00000    0.00000   -0.27607    2    diag,B
    4      0.621D-02      0.134D-02        -4.82862960      9.739282    0.00000    0.00000   -0.27801    3    diag,B
    5      0.371D-02      0.457D-03        -4.82886379      9.735188    0.00000    0.00000   -0.28669    4    diag,B
    6      0.124D-02      0.137D-03        -4.82888323      9.734808    0.00000    0.00000   -0.28646    5    diag,B
    7      0.373D-03      0.408D-04        -4.82888481      9.734427    0.00000    0.00000   -0.28675    6    fixocc
    8      0.162D-03      0.147D-04        -4.82888505      9.734408    0.00000    0.00000   -0.28642    7    diag,B
    9      0.525D-04      0.512D-05        -4.82888507      9.734369    0.00000    0.00000   -0.28630    8    diag,B
   10      0.213D-04      0.152D-05        -4.82888507      9.734357    0.00000    0.00000   -0.28626    9    orth
   11      0.141D-04      0.323D-06        -4.82888507      9.734356    0.00000    0.00000   -0.28624    9    diag,B
   12      0.137D-05      0.107D-06        -4.82888507      9.734356    0.00000    0.00000   -0.28624    0    orth

 Final alpha occupancy:   2   1   1   0
 Final beta  occupancy:   1   0   1   0

 !RHF STATE 1.2 Energy                 -4.828885074839
 Nuclear energy                         3.03912223
 One-electron energy                  -12.73518512
 Two-electron energy                    4.86717781
 Virial quotient                       -1.87329148
 !RHF STATE 1.2 Dipole moment           0.00000000     0.00000000    -0.28623955
 Dipole moment /Debye                   0.00000000     0.00000000    -0.72750071

 Orbital energies:

         1.1          2.1          3.1          4.1
     -0.663575    -0.452799     0.038491     0.059777

         1.2          2.2          3.2
     -0.309441     0.067601     0.146719

         1.3          2.3          3.3
     -0.455720     0.051880     0.081601

         1.4          2.4
      0.151268     0.333542

 HOMO      1.2    -0.309441 =      -8.4203eV
 LUMO      3.1     0.038491 =       1.0474eV
 LUMO-HOMO         0.347932 =       9.4677eV


 **********************************************************************************************************************************
 DATASETS  * FILE   NREC   LENGTH (MB)   RECORD NAMES
              1      20       36.79       500      610      700      900      950      970     1000      129      960     1100   
                                          VAR    BASINP    GEOM    SYMINP    ZMAT    AOBASIS   BASIS     P2S    ABASIS      S 
                                         1400     1410     1420     1200     1210     1080     1600     1650     1300     1700   
                                           T        V       ECP      H0       H01     AOSYM     SMH    MOLCAS    ERIS     OPER   

              2       4        2.83       700     1000      520     2100   
                                         GEOM     BASIS   MCVARS     RHF  

 PROGRAMS   *        TOTAL       RHF       INT
 CPU TIMES  *         1.45      0.21      1.14
 REAL TIME  *         5.89 SEC
 DISK USED  *        75.74 MB      
 **********************************************************************************************************************************


 PROGRAM * UHF-SCF       Authors: W. Meyer, H.-J. Werner


 NUMBER OF ELECTRONS:       4+    2-    SPACE SYMMETRY=2    SPIN SYMMETRY: Triplet 
 CONVERGENCE THRESHOLDS:    1.00E-05 (Density)    1.00E-07 (Energy)
 MAX. NUMBER OF ITERATIONS:        0
 INTERPOLATION TYPE:            DIIS
 INTERPOLATION STEPS:              2 (START)      1 (STEP)
 LEVEL SHIFTS:                  0.20 (ALPHA)   0.20 (BETA) 



 Molecular orbitals read from record     2100.2  Type=RHF/CANONICAL (state 1.2)

 Molecular orbital dump at record        2200.2

 Initial alpha occupation   2   1   1   0
 Initial beta  occupation   1   0   1   0

 ITERATION    DDIFF          GRAD             ENERGY        2-EL.EN.            DIPOLE MOMENTS         DIIS
    1      0.000D+00      0.000D+00        -4.82888507      9.734356    0.00000    0.00000   -0.28624    0
 
 Final alpha occupancy:   2   1   1   0
 Final beta  occupancy:   1   0   1   0

 !UHF STATE 1.2 Energy                 -4.828885074839
 Nuclear energy                         3.03912223
 One-electron energy                  -12.73518512
 Two-electron energy                    4.86717781
 Virial quotient                       -1.87329148
 !UHF STATE 1.2 Dipole moment           0.00000000     0.00000000    -0.28623955
 Dipole moment /Debye                   0.00000000     0.00000000    -0.72750071

 Orbital energies for positive spin:

         1.1          2.1          3.1          4.1
     -0.663575    -0.452799     0.038491     0.059777

         1.2          2.2          3.2
     -0.309441     0.067601     0.146719

         1.3          2.3          3.3
     -0.455720     0.051880     0.081601

         1.4          2.4
      0.151268     0.333542

 Orbital energies for negative spin:

         1.1          2.1          3.1          4.1
     -0.663575    -0.452799     0.038491     0.059777

         1.2          2.2          3.2
     -0.309441     0.067601     0.146719

         1.3          2.3          3.3
     -0.455720     0.051880     0.081601

         1.4          2.4
      0.151268     0.333542

 HOMO      1.2    -0.309441 =      -8.4203eV
 LUMO     -2.1    -0.452799 =     -12.3213eV
 LUMO-HOMO        -0.143358 =      -3.9010eV

 EXPECTATION VALUE OF S**2:             2.00000000

 Occupation number threshold for canonical orbitals:  1.999000 (occupied),  0.001000 (virtual)

 Number of pseudo-canonical orbitals per symmetry:    1   0   1   0
 Number of active natural orbitals per symmetry:      1   1   0   0

 Natural orbitals saved to record    2200.2 (Orbital set 3)

 Orbital spaces for UNO-CAS (Min. occupation: 0.020  Max. occupation: 1.980):

 Closed:        1   0   1   0
 Active:        1   1   0   0

 No convergence



 **********************************************************************************************************************************
 DATASETS  * FILE   NREC   LENGTH (MB)   RECORD NAMES
              1      20       36.79       500      610      700      900      950      970     1000      129      960     1100   
                                          VAR    BASINP    GEOM    SYMINP    ZMAT    AOBASIS   BASIS     P2S    ABASIS      S 
                                         1400     1410     1420     1200     1210     1080     1600     1650     1300     1700   
                                           T        V       ECP      H0       H01     AOSYM     SMH    MOLCAS    ERIS     OPER   

              2       5        5.46       700     1000      520     2100     2200   
                                         GEOM     BASIS   MCVARS     RHF      UHF  

 PROGRAMS   *        TOTAL       UHF       RHF       INT
 CPU TIMES  *         1.48      0.02      0.21      1.14
 REAL TIME  *         8.00 SEC
 DISK USED  *        75.74 MB      
 **********************************************************************************************************************************
 SETTING SCF            =        -4.82888507  AU                              


 PROGRAM * POP (Mulliken population analysis)

 
 Density matrix read from record         2200.2  Type=UHF/CHARGE (state 1.2)
 
 Population analysis by basis function type

 Unique atom        s        p        d        f        g    Total    Charge
   1  SI      1.54503  2.76997  0.20881  0.01759  0.00000  4.54140  - 0.54140
   2  H1      0.71075  0.01784  0.00071  0.00000  0.00000  0.72930  + 0.27070


 **********************************************************************************************************************************
 DATASETS  * FILE   NREC   LENGTH (MB)   RECORD NAMES
              1      20       36.79       500      610      700      900      950      970     1000      129      960     1100   
                                          VAR    BASINP    GEOM    SYMINP    ZMAT    AOBASIS   BASIS     P2S    ABASIS      S 
                                         1400     1410     1420     1200     1210     1080     1600     1650     1300     1700   
                                           T        V       ECP      H0       H01     AOSYM     SMH    MOLCAS    ERIS     OPER   

              2       5        5.46       700     1000      520     2100     2200   
                                         GEOM     BASIS   MCVARS     RHF      UHF  

 PROGRAMS   *        TOTAL       POP       UHF       RHF       INT
 CPU TIMES  *         1.48      0.00      0.02      0.21      1.14
 REAL TIME  *         8.06 SEC
 DISK USED  *        75.74 MB      
 **********************************************************************************************************************************
 SETTING _CC_NORM_MAX   =         2.00000000                                  


 PROGRAM * MRCC (General Multireference Coupled Cluster)    Author: M. Kallay, 2000-2005

 ***  Initialisation ***

   0 Spin projections
 
 Molecular orbitals read from record     2200.2  Type=UHF/ALPHA (state 1.2)

 ?Warning: UHF not converged
 Molecular orbitals read from record     2200.2  Type=UHF/BETA (state 1.2)

 ?Warning: UHF not converged
 
 Frozen orbitals:              0 (  0  0  0  0  0  0  0  0)
 Active orbitals:             91 ( 34 18 27 12  0  0  0  0)
 Active electrons:             6
 Spin quantum number:          1.0

 Transformed integrals will be written to file mrcc_61413/fort.55

 Load integrals                1.6 sec
 Transform integrals           2.3 sec
 Storage for integrals:       13407656
 Remaining memory:           *********

 Core energy:               3.03912223
 
 MRCC Input:
     4     0     0     0     3     0     0     2     0     0     0     1     1     0     0     7     0     0   0.000     0   64000
  ex.lev,nsing,ntrip, rest,method,dens,conver,symm, diag, CS ,spatial, HF, ndoub,nacto,nactv, tol, maxex, sacc, freq,  dboc,   mem
  2  1  0  0  0  0  0  0  0  0  0  0  0  0  0  0  0  0  0  0  0  0  0  0  0  0  0  0  0  0  0  0  0  0  1  0  0  0  0  0  0  0  0  0  0  0  0  0  0  0  0  0  2  0  0  0  0  0  0  0  0  0  0  0  0  0  0  0  0  0  0  0  0  0  0  0  0  0  0  0  0  0  0  0  0  0  0  0  0  0  0
 MRCC Input end
 Variable memory released
 MRCC now being run, temporary output in /global/cscratch1/sd/aannabe/mrcc_61413/mrcc.out
 **********************************************************************
                          MRCC program system
 **********************************************************************

                              Written by
 Mihaly Kallay, Peter R. Nagy, Zoltan Rolik, David Mester, Gyula Samu,
   Jozsef Csontos, Jozsef Csoka, Bernat P. Szabo, Laszlo Gyevi-Nagy,
    Istvan Ladjanszki, Lorant Szegedy, Bence Ladoczki, Klara Petrov,
              Mate Farkas, Pal D. Mezei, and Bence Hegely

        Department of Physical Chemistry and Materials Science
            Budapest University of Technology and Economics
                  Budapest P.O.Box 91, H-1521 Hungary

                              www.mrcc.hu

                     Release date: February 9, 2019

 ************************ 2020-06-08 03:21:13 *************************
 Executing goldstone...

 Generation of CC equations in terms of H and T...
 Generation of antisymmetrized Goldstone diagrams...
 Number of diagrams in T^1 equations:    15
 Number of diagrams in T^2 equations:    38
 Number of diagrams in T^3 equations:    49
 Number of diagrams in T^4 equations:     5
 Translation of diagrams to factorized equations...
 Optimizing intermediate calculation...
 Number of floating-point operations per iteration step:   3.9663E+11
 Probable CPU time per iteration step (hours):      3.97
 Required memory (Mbytes):    7844.0
 Number of intermediates:                                  79
 Number of intermediates to be stored:                     32
 Length of intermediate file (Mbytes):     279.9

 ************************ 2020-06-08 03:21:14 *************************
 Executing xmrcc...

 **********************************************************************
 CC(3)(4) calculation


 Allocation of7844.0 Mbytes of memory...
 Number of spinorbitals:                   182
 Number of alpha electrons:                        4
 Number of beta electrons:                         2
 Spin multiplicity:                     2
 z-component of spin:  1.0
 Spatial symmetry:                      2
 Convergence criterion:  1.0E-07
 Construction of occupation graphs...
 Number of                     0 -fold excitations:                      1
 Number of                     1 -fold excitations:                    166
 Number of                     2 -fold excitations:                  23034
 Number of                     3 -fold excitations:                1449486
 Total number of configurations:                1472687
 Calculation of coupling coefficients...
 Length of intermediate file (Mbytes):     213.8

 ======================================================================

 Spin case  1   Alpha:  2   Beta:  2
 Number of excitations:               21975580
 Spin case  2   Alpha:  3   Beta:  1
 Number of excitations:               18785533
 Spin case  3   Alpha:  4   Beta:  0
 Number of excitations:                 553868
 Number of                     4 -fold excitations:               41314981

 Memory requirements /Mbyte/:
               Minimal        Optimal
 Real*8:        409.3612       523.3157
 Integer:        21.0961
 Total:         430.4573       544.4118


 ************************ 2020-06-08 03:21:16 *************************
 Executing mrcc...

 **********************************************************************
 CCSDT(Q) calculation


 Allocation of  523.3 Mbytes of memory...
 Number of spinorbitals: 182
 Number of alpha electrons:  4
 Number of beta  electrons:  2
 Spin multiplicity: 2
 z-component of spin:  1.0
 Spatial symmetry: 2
 Convergence criterion:  1.0E-07
 Construction of occupation graphs...
 Number of 0-fold excitations: 1
 Number of 1-fold excitations: 166
 Number of 2-fold excitations: 23034
 Number of 3-fold excitations: 1449486
 Total number of determinants: 1472687
 Calculation of coupling coefficients...
 Initial cluster amplitudes are generated.
 Length of intermediate file (Mbytes):     213.8
 Reading integral list from unit 55...
 Sorting integrals...
 Sorting integrals...
 Sorting integrals...
 Sorting integrals...
 Energy of reference determinant [au]:      -4.828885074839
 Calculation of MP denominators...

 Starting CC iteration...
 ======================================================================
 Norm of residual vector:     0.51928711
 CPU time [min]:     0.542                   Wall time [min]:     0.548

 Iteration  1  CC energy:    -4.92431037  Energy decrease:   0.09542530
 ======================================================================
 Norm of residual vector:     0.13717285
 CPU time [min]:     0.831                   Wall time [min]:     0.842

 Iteration  2  CC energy:    -4.94169437  Energy decrease:   0.01738400
 ======================================================================
 Norm of residual vector:     0.04697873
 CPU time [min]:     1.139                   Wall time [min]:     1.156

 Iteration  3  CC energy:    -4.95055502  Energy decrease:   0.00886065
 ======================================================================
 Norm of residual vector:     0.01730308
 CPU time [min]:     1.448                   Wall time [min]:     1.472

 Iteration  4  CC energy:    -4.95198256  Energy decrease:   0.00142754
 ======================================================================
 Norm of residual vector:     0.00756783
 CPU time [min]:     1.759                   Wall time [min]:     1.788

 Iteration  5  CC energy:    -4.95199080  Energy decrease:   0.00000825
 ======================================================================
 Norm of residual vector:     0.00323361
 CPU time [min]:     2.071                   Wall time [min]:     2.108

 Iteration  6  CC energy:    -4.95202648  Energy decrease:   0.00003568
 ======================================================================
 Norm of residual vector:     0.00142516
 CPU time [min]:     2.383                   Wall time [min]:     2.426

 Iteration  7  CC energy:    -4.95203742  Energy decrease:   0.00001094
 ======================================================================
 Norm of residual vector:     0.00061668
 CPU time [min]:     2.697                   Wall time [min]:     2.745

 Iteration  8  CC energy:    -4.95204613  Energy decrease:   0.00000870
 ======================================================================
 Norm of residual vector:     0.00024505
 CPU time [min]:     3.012                   Wall time [min]:     3.067

 Iteration  9  CC energy:    -4.95205220  Energy decrease:   0.00000607
 ======================================================================
 Norm of residual vector:     0.00009856
 CPU time [min]:     3.328                   Wall time [min]:     3.389

 Iteration 10  CC energy:    -4.95205212  Energy decrease:   0.00000008
 ======================================================================
 Norm of residual vector:     0.00004115
 CPU time [min]:     3.646                   Wall time [min]:     3.710

 Iteration 11  CC energy:    -4.95205147  Energy decrease:   0.00000065
 ======================================================================
 Norm of residual vector:     0.00001802
 CPU time [min]:     3.964                   Wall time [min]:     4.036

 Iteration 12  CC energy:    -4.95205166  Energy decrease:   0.00000019
 ======================================================================
 Norm of residual vector:     0.00000765
 CPU time [min]:     4.284                   Wall time [min]:     4.364

 Iteration 13  CC energy:    -4.95205174  Energy decrease:   0.00000007
 ======================================================================
 Norm of residual vector:     0.00000324
 CPU time [min]:     4.604                   Wall time [min]:     4.694

 Iteration 14  CC energy:    -4.95205166  Energy decrease:   0.00000007
 ======================================================================
 Norm of residual vector:     0.00000142
 CPU time [min]:     4.926                   Wall time [min]:     5.025

 Iteration 15  CC energy:    -4.95205166  Energy decrease:   2.4574E-10
 ======================================================================
 Norm of residual vector:     0.00000064
 CPU time [min]:     5.250                   Wall time [min]:     5.357

 Iteration 16  CC energy:    -4.95205168  Energy decrease:   0.00000001
 ======================================================================
 Norm of residual vector:     0.00000028
 CPU time [min]:     5.574                   Wall time [min]:     5.687

 Iteration 17  CC energy:    -4.95205167  Energy decrease:   3.5097E-09
 ======================================================================
 Norm of residual vector:     0.00000011
 CPU time [min]:     5.900                   Wall time [min]:     6.022

 Iteration 18  CC energy:    -4.95205167  Energy decrease:   1.3314E-09
 ======================================================================
 Norm of residual vector:     0.00000004
 CPU time [min]:     6.203                   Wall time [min]:     6.330

 Iteration 19  CC energy:    -4.95205167  Energy decrease:   4.5026E-10
 ======================================================================

 Iteration has converged in 19 steps.

 Final results:
 Total CCSDT energy [au]:             -4.952051672844
 Total MP2 energy [au]:               -4.924310370702

 Perturbative corrections are calculated...
 ======================================================================
 Spin case  1   Alpha:  2   Beta:  2
 Number of excitations:        21975580
 CPU time [min]:    30.193                   Wall time [min]:    30.324
 ======================================================================
 Spin case  2   Alpha:  3   Beta:  1
 Number of excitations:        18785533
 CPU time [min]:    46.647                   Wall time [min]:    46.780
 ======================================================================
 Spin case  3   Alpha:  4   Beta:  0
 Number of excitations:        553868
 CPU time [min]:    48.280                   Wall time [min]:    48.412
 ======================================================================
 Number of 4-fold excitations: 41314981
 CPU time [min]:    48.280                   Wall time [min]:    48.412

 Total CCSDT[Q] energy [au]:          -4.951988434349
 Total CCSDT(Q) energy [au]:          -4.952153184395

 ************************ 2020-06-08 04:09:41 *************************
                      Normal termination of mrcc.
 **********************************************************************
 !CCSDT STATE 1.2 Energy               -4.952051672844
 !MP2 STATE 1.2 Energy                 -4.924310370702
 !CCSDT[Q] STATE 1.2 Energy            -4.951988434349
 !CCSDT(Q) STATE 1.2 Energy            -4.952153184395
 
 CPU-time for MRCC:           2896.8 sec
 Elapsed-time for MRCC:       2908.5 sec

 Variable memory set to 8000000000 words,  buffer space   230000 words



 **********************************************************************************************************************************
 DATASETS  * FILE   NREC   LENGTH (MB)   RECORD NAMES
              1      20       36.79       500      610      700      900      950      970     1000      129      960     1100   
                                          VAR    BASINP    GEOM    SYMINP    ZMAT    AOBASIS   BASIS     P2S    ABASIS      S 
                                         1400     1410     1420     1200     1210     1080     1600     1650     1300     1700   
                                           T        V       ECP      H0       H01     AOSYM     SMH    MOLCAS    ERIS     OPER   

              2       5        5.46       700     1000      520     2100     2200   
                                         GEOM     BASIS   MCVARS     RHF      UHF  

 PROGRAMS   *        TOTAL      MRCC       POP       UHF       RHF       INT
 CPU TIMES  *      2913.75   2912.26      0.00      0.02      0.21      1.14
 REAL TIME  *      2941.79 SEC
 DISK USED  *        75.74 MB      
 **********************************************************************************************************************************
 SETTING CCSD           =        -4.95215318  AU                              
                                                                                                                                                                                                                                                                

       SCF           CCSD
    -4.82888507   -4.95215318
                                                  

 CCSDT(Q)/USERDEF energy=     -4.952153184395

        CCSDT(Q)        UHF-SCF         RHF-SCF 
     -4.95215318     -4.82888507     -4.82888507
 **********************************************************************************************************************************
 Molpro calculation terminated
 Variable memory released
