#-------------------------------------------------
#VMC run: timestep 1 nconfig 640 steps 10
#-------------------------------------------------


init { 
   label vmc
}
block { 
   label vmc
   totweight 6400
   nautocorr 0
   total_energy { -3.679430422717403   } 
   total_energyvar { 0.1843775089712016   } 
   weight { 1   } 
   weightvar { 0   } 
   kinetic_energy { 1.355345736223898   } 
   kinetic_energyvar { 0.9585213459073058   } 
   potential_energy { -5.725923866079666   } 
   potential_energyvar { 2.028127626594317   } 
   nonlocal_energy { 0.6911477071383645   } 
   nonlocal_energyvar { 2.281085930172388   } 
   autocorr_energy { } 
} 

block { 
   label vmc
   totweight 6400
   nautocorr 0
   total_energy { -3.674637195643306   } 
   total_energyvar { 0.2589623108653951   } 
   weight { 1   } 
   weightvar { 0   } 
   kinetic_energy { 1.337212007383516   } 
   kinetic_energyvar { 0.8971819514583709   } 
   potential_energy { -5.702920236090292   } 
   potential_energyvar { 2.109380613619941   } 
   nonlocal_energy { 0.6910710330634703   } 
   nonlocal_energyvar { 2.238785490402849   } 
   autocorr_energy { } 
} 

block { 
   label vmc
   totweight 6400
   nautocorr 0
   total_energy { -3.665686644942997   } 
   total_energyvar { 0.2071386187408309   } 
   weight { 1   } 
   weightvar { 0   } 
   kinetic_energy { 1.380548707164437   } 
   kinetic_energyvar { 0.8463512570014439   } 
   potential_energy { -5.702718812529096   } 
   potential_energyvar { 1.948951081932921   } 
   nonlocal_energy { 0.6564834604216618   } 
   nonlocal_energyvar { 1.910273425193187   } 
   autocorr_energy { } 
} 

block { 
   label vmc
   totweight 6400
   nautocorr 0
   total_energy { -3.676529433354757   } 
   total_energyvar { 0.18371524365257   } 
   weight { 1   } 
   weightvar { 0   } 
   kinetic_energy { 1.327362686843867   } 
   kinetic_energyvar { 1.142742213263952   } 
   potential_energy { -5.653406347290582   } 
   potential_energyvar { 2.091718038110846   } 
   nonlocal_energy { 0.6495142270919573   } 
   nonlocal_energyvar { 2.673092645746102   } 
   autocorr_energy { } 
} 

block { 
   label vmc
   totweight 6400
   nautocorr 0
   total_energy { -3.675861532917278   } 
   total_energyvar { 0.1669860101092051   } 
   weight { 1   } 
   weightvar { 0   } 
   kinetic_energy { 1.36395300935471   } 
   kinetic_energyvar { 0.9138992922679295   } 
   potential_energy { -5.681874819787846   } 
   potential_energyvar { 1.93305733672994   } 
   nonlocal_energy { 0.6420602775158586   } 
   nonlocal_energyvar { 2.006302520510172   } 
   autocorr_energy { } 
} 

block { 
   label vmc
   totweight 6400
   nautocorr 0
   total_energy { -3.678226014420992   } 
   total_energyvar { 0.1800287824959475   } 
   weight { 1   } 
   weightvar { 0   } 
   kinetic_energy { 1.34091367839048   } 
   kinetic_energyvar { 1.175908005464424   } 
   potential_energy { -5.687705672731134   } 
   potential_energyvar { 2.059945984322419   } 
   nonlocal_energy { 0.6685659799196628   } 
   nonlocal_energyvar { 2.620756065013763   } 
   autocorr_energy { } 
} 

block { 
   label vmc
   totweight 6400
   nautocorr 0
   total_energy { -3.684373205695894   } 
   total_energyvar { 0.1571183301539633   } 
   weight { 1   } 
   weightvar { 0   } 
   kinetic_energy { 1.322211070956097   } 
   kinetic_energyvar { 0.9909051293386869   } 
   potential_energy { -5.705532822036707   } 
   potential_energyvar { 2.056272230560766   } 
   nonlocal_energy { 0.6989485453847176   } 
   nonlocal_energyvar { 2.382016088243591   } 
   autocorr_energy { } 
} 

block { 
   label vmc
   totweight 6400
   nautocorr 0
   total_energy { -3.676210927209342   } 
   total_energyvar { 0.1875441878962439   } 
   weight { 1   } 
   weightvar { 0   } 
   kinetic_energy { 1.352932344106944   } 
   kinetic_energyvar { 0.9154268755287581   } 
   potential_energy { -5.685500173594662   } 
   potential_energyvar { 1.989745458524504   } 
   nonlocal_energy { 0.6563569022783752   } 
   nonlocal_energyvar { 2.114759251573504   } 
   autocorr_energy { } 
} 

block { 
   label vmc
   totweight 6400
   nautocorr 0
   total_energy { -3.66822517355144   } 
   total_energyvar { 0.1827677751287475   } 
   weight { 1   } 
   weightvar { 0   } 
   kinetic_energy { 1.325668769483169   } 
   kinetic_energyvar { 0.8416670602417476   } 
   potential_energy { -5.60862147337418   } 
   potential_energyvar { 1.920789951988318   } 
   nonlocal_energy { 0.6147275303395721   } 
   nonlocal_energyvar { 1.874013578113487   } 
   autocorr_energy { } 
} 

block { 
   label vmc
   totweight 6400
   nautocorr 0
   total_energy { -3.674605364944485   } 
   total_energyvar { 0.1805902474138286   } 
   weight { 1   } 
   weightvar { 0   } 
   kinetic_energy { 1.360838874473942   } 
   kinetic_energyvar { 0.8777085628118184   } 
   potential_energy { -5.663134287312914   } 
   potential_energyvar { 1.936715215987446   } 
   nonlocal_energy { 0.6276900478944877   } 
   nonlocal_energyvar { 1.942161799882557   } 
   autocorr_energy { } 
} 

block { 
   label vmc
   totweight 6400
   nautocorr 0
   total_energy { -3.673139942767744   } 
   total_energyvar { 0.1979024246034206   } 
   weight { 1   } 
   weightvar { 0   } 
   kinetic_energy { 1.344534038834196   } 
   kinetic_energyvar { 0.921321197719503   } 
   potential_energy { -5.66712080720645   } 
   potential_energyvar { 2.003098528713001   } 
   nonlocal_energy { 0.6494468256045104   } 
   nonlocal_energyvar { 2.13566467419704   } 
   autocorr_energy { } 
} 

block { 
   label vmc
   totweight 6400
   nautocorr 0
   total_energy { -3.675408930601765   } 
   total_energyvar { 0.1659583416485578   } 
   weight { 1   } 
   weightvar { 0   } 
   kinetic_energy { 1.361085080001141   } 
   kinetic_energyvar { 0.9248912036659308   } 
   potential_energy { -5.659539906971818   } 
   potential_energyvar { 1.92745253948194   } 
   nonlocal_energy { 0.6230458963689134   } 
   nonlocal_energyvar { 2.063479738185795   } 
   autocorr_energy { } 
} 

block { 
   label vmc
   totweight 6400
   nautocorr 0
   total_energy { -3.681057940708047   } 
   total_energyvar { 0.1592194893944383   } 
   weight { 1   } 
   weightvar { 0   } 
   kinetic_energy { 1.342784319410098   } 
   kinetic_energyvar { 0.9953318162527958   } 
   potential_energy { -5.685749304036404   } 
   potential_energyvar { 1.940560467502811   } 
   nonlocal_energy { 0.6619070439182585   } 
   nonlocal_energyvar { 2.220742090628327   } 
   autocorr_energy { } 
} 

block { 
   label vmc
   totweight 6400
   nautocorr 0
   total_energy { -3.663560808941662   } 
   total_energyvar { 0.5035675434653508   } 
   weight { 1   } 
   weightvar { 0   } 
   kinetic_energy { 1.345517171521112   } 
   kinetic_energyvar { 0.9039030641254046   } 
   potential_energy { -5.665087807482569   } 
   potential_energyvar { 2.299303590954682   } 
   nonlocal_energy { 0.6560098270197965   } 
   nonlocal_energyvar { 2.129550495065866   } 
   autocorr_energy { } 
} 

block { 
   label vmc
   totweight 6400
   nautocorr 0
   total_energy { -3.689866162641758   } 
   total_energyvar { 0.145533128496465   } 
   weight { 1   } 
   weightvar { 0   } 
   kinetic_energy { 1.353838267869289   } 
   kinetic_energyvar { 0.7948139708209377   } 
   potential_energy { -5.670470532097343   } 
   potential_energyvar { 1.908740917312275   } 
   nonlocal_energy { 0.6267661015862953   } 
   nonlocal_energyvar { 1.863979330151679   } 
   autocorr_energy { } 
} 

block { 
   label vmc
   totweight 6400
   nautocorr 0
   total_energy { -3.679390771537483   } 
   total_energyvar { 0.1990836013916946   } 
   weight { 1   } 
   weightvar { 0   } 
   kinetic_energy { 1.353545974380269   } 
   kinetic_energyvar { 0.9956412122466975   } 
   potential_energy { -5.696955843776704   } 
   potential_energyvar { 2.007623636080679   } 
   nonlocal_energy { 0.6640190978589524   } 
   nonlocal_energyvar { 2.389165148093148   } 
   autocorr_energy { } 
} 

block { 
   label vmc
   totweight 6400
   nautocorr 0
   total_energy { -3.676363203435359   } 
   total_energyvar { 0.1946240022769169   } 
   weight { 1   } 
   weightvar { 0   } 
   kinetic_energy { 1.34862556691847   } 
   kinetic_energyvar { 1.015344378681013   } 
   potential_energy { -5.66616483692623   } 
   potential_energyvar { 1.983600246803965   } 
   nonlocal_energy { 0.6411760665724004   } 
   nonlocal_energyvar { 2.179380164581341   } 
   autocorr_energy { } 
} 

block { 
   label vmc
   totweight 6400
   nautocorr 0
   total_energy { -3.673488879328139   } 
   total_energyvar { 0.1667817198965394   } 
   weight { 1   } 
   weightvar { 0   } 
   kinetic_energy { 1.35298536406674   } 
   kinetic_energyvar { 0.8670656104501535   } 
   potential_energy { -5.665470522617563   } 
   potential_energyvar { 1.925363486721694   } 
   nonlocal_energy { 0.6389962792226831   } 
   nonlocal_energyvar { 1.981117416655622   } 
   autocorr_energy { } 
} 

block { 
   label vmc
   totweight 6400
   nautocorr 0
   total_energy { -3.678554659814399   } 
   total_energyvar { 0.2184937522331467   } 
   weight { 1   } 
   weightvar { 0   } 
   kinetic_energy { 1.347500775736837   } 
   kinetic_energyvar { 0.8852527561193291   } 
   potential_energy { -5.669181431741124   } 
   potential_energyvar { 1.963119010080158   } 
   nonlocal_energy { 0.6431259961898863   } 
   nonlocal_energyvar { 2.002521208588607   } 
   autocorr_energy { } 
} 

block { 
   label vmc
   totweight 6400
   nautocorr 0
   total_energy { -3.674681946712084   } 
   total_energyvar { 0.164134655810229   } 
   weight { 1   } 
   weightvar { 0   } 
   kinetic_energy { 1.349778934375534   } 
   kinetic_energyvar { 0.7774393546884597   } 
   potential_energy { -5.64418205226753   } 
   potential_energyvar { 1.896883288119935   } 
   nonlocal_energy { 0.619721171179912   } 
   nonlocal_energyvar { 1.693504315835787   } 
   autocorr_energy { } 
} 

