#-------------------------------------------------
#VMC run: timestep 1 nconfig 1 steps 100
#-------------------------------------------------


init { 
   label vmc
}
block { 
   label vmc
   totweight 100
   nautocorr 0
   total_energy { -4.978651875125599   } 
   total_energyvar { 0.2736383703043295   } 
   weight { 1   } 
   weightvar { 0   } 
   kinetic_energy { 2.655541304514715   } 
   kinetic_energyvar { 12.2324775102631   } 
   potential_energy { -8.637168480471225   } 
   potential_energyvar { 6.126219375459698   } 
   nonlocal_energy { 1.002975300830911   } 
   nonlocal_energyvar { 11.90324789860998   } 
   autocorr_energy { } 
} 

block { 
   label vmc
   totweight 100
   nautocorr 0
   total_energy { -4.784239163108327   } 
   total_energyvar { 0.5466946301745672   } 
   weight { 1   } 
   weightvar { 0   } 
   kinetic_energy { 2.349609567925923   } 
   kinetic_energyvar { 1.875199426153279   } 
   potential_energy { -7.775336550624476   } 
   potential_energyvar { 2.77445623207565   } 
   nonlocal_energy { 0.6414878195902262   } 
   nonlocal_energyvar { 1.464669505501078   } 
   autocorr_energy { } 
} 

block { 
   label vmc
   totweight 100
   nautocorr 0
   total_energy { -4.845551616579025   } 
   total_energyvar { 0.2943511705862711   } 
   weight { 1   } 
   weightvar { 0   } 
   kinetic_energy { 2.492410957752045   } 
   kinetic_energyvar { 3.802388821171681   } 
   potential_energy { -8.01929631341716   } 
   potential_energyvar { 6.273827625988801   } 
   nonlocal_energy { 0.6813337390860904   } 
   nonlocal_energyvar { 2.588007330103186   } 
   autocorr_energy { } 
} 

block { 
   label vmc
   totweight 100
   nautocorr 0
   total_energy { -4.913161849841146   } 
   total_energyvar { 0.2984894884936331   } 
   weight { 1   } 
   weightvar { 0   } 
   kinetic_energy { 2.66991255232556   } 
   kinetic_energyvar { 4.553706074650371   } 
   potential_energy { -8.213745394540693   } 
   potential_energyvar { 7.714824771059469   } 
   nonlocal_energy { 0.6306709923739865   } 
   nonlocal_energyvar { 3.629971719489457   } 
   autocorr_energy { } 
} 

block { 
   label vmc
   totweight 100
   nautocorr 0
   total_energy { -4.759280276315393   } 
   total_energyvar { 0.4178433804398409   } 
   weight { 1   } 
   weightvar { 0   } 
   kinetic_energy { 2.501977699614599   } 
   kinetic_energyvar { 2.490136084497182   } 
   potential_energy { -8.121439161646665   } 
   potential_energyvar { 3.162343985256129   } 
   nonlocal_energy { 0.8601811857166717   } 
   nonlocal_energyvar { 2.962485047154909   } 
   autocorr_energy { } 
} 

block { 
   label vmc
   totweight 100
   nautocorr 0
   total_energy { -4.535539382865059   } 
   total_energyvar { 1.600659804631562   } 
   weight { 1   } 
   weightvar { 0   } 
   kinetic_energy { 3.474244131328108   } 
   kinetic_energyvar { 6.260850354309612   } 
   potential_energy { -8.456159529805463   } 
   potential_energyvar { 4.54752554760384   } 
   nonlocal_energy { 0.4463760156122968   } 
   nonlocal_energyvar { 1.537551964765209   } 
   autocorr_energy { } 
} 

block { 
   label vmc
   totweight 100
   nautocorr 0
   total_energy { -4.762918191702919   } 
   total_energyvar { 0.4691023231765676   } 
   weight { 1   } 
   weightvar { 0   } 
   kinetic_energy { 2.011015566944672   } 
   kinetic_energyvar { 1.003897972883528   } 
   potential_energy { -7.311498360685557   } 
   potential_energyvar { 2.264573402235939   } 
   nonlocal_energy { 0.5375646020379663   } 
   nonlocal_energyvar { 0.9837463204048396   } 
   autocorr_energy { } 
} 

block { 
   label vmc
   totweight 100
   nautocorr 0
   total_energy { -4.582679185250047   } 
   total_energyvar { 1.041544159715819   } 
   weight { 1   } 
   weightvar { 0   } 
   kinetic_energy { 2.373261551904474   } 
   kinetic_energyvar { 1.402816025734194   } 
   potential_energy { -7.408350373395352   } 
   potential_energyvar { 2.460221930796138   } 
   nonlocal_energy { 0.4524096362408303   } 
   nonlocal_energyvar { 0.4704665039226921   } 
   autocorr_energy { } 
} 

block { 
   label vmc
   totweight 100
   nautocorr 0
   total_energy { -5.057799227220523   } 
   total_energyvar { 0.3194234440035899   } 
   weight { 1   } 
   weightvar { 0   } 
   kinetic_energy { 3.247101245491983   } 
   kinetic_energyvar { 5.915794572573596   } 
   potential_energy { -9.203625743442958   } 
   potential_energyvar { 15.32770606255082   } 
   nonlocal_energy { 0.8987252707304517   } 
   nonlocal_energyvar { 2.204360300589786   } 
   autocorr_energy { } 
} 

block { 
   label vmc
   totweight 100
   nautocorr 0
   total_energy { -4.925560433628408   } 
   total_energyvar { 0.3184378157692969   } 
   weight { 1   } 
   weightvar { 0   } 
   kinetic_energy { 2.624181966290148   } 
   kinetic_energyvar { 2.407406394960321   } 
   potential_energy { -8.254718345284141   } 
   potential_energyvar { 3.414935358047956   } 
   nonlocal_energy { 0.7049759453655851   } 
   nonlocal_energyvar { 2.493518146880704   } 
   autocorr_energy { } 
} 

block { 
   label vmc
   totweight 100
   nautocorr 0
   total_energy { -4.875996183189194   } 
   total_energyvar { 0.2832364179505724   } 
   weight { 1   } 
   weightvar { 0   } 
   kinetic_energy { 2.08094367451287   } 
   kinetic_energyvar { 3.576642199462366   } 
   potential_energy { -7.896142608950004   } 
   potential_energyvar { 4.20138990424806   } 
   nonlocal_energy { 0.9392027512479392   } 
   nonlocal_energyvar { 4.717113156978423   } 
   autocorr_energy { } 
} 

block { 
   label vmc
   totweight 100
   nautocorr 0
   total_energy { -4.910416423394963   } 
   total_energyvar { 0.2175158599786933   } 
   weight { 1   } 
   weightvar { 0   } 
   kinetic_energy { 2.546548722368597   } 
   kinetic_energyvar { 1.387617463572963   } 
   potential_energy { -7.789469220679965   } 
   potential_energyvar { 2.04489381695015   } 
   nonlocal_energy { 0.3325040749164032   } 
   nonlocal_energyvar { 0.2994899191517118   } 
   autocorr_energy { } 
} 

block { 
   label vmc
   totweight 100
   nautocorr 0
   total_energy { -4.774987925817814   } 
   total_energyvar { 0.3527456266392974   } 
   weight { 1   } 
   weightvar { 0   } 
   kinetic_energy { 2.841417554000512   } 
   kinetic_energyvar { 2.973958631587349   } 
   potential_energy { -8.36662551304623   } 
   potential_energyvar { 4.492994955252996   } 
   nonlocal_energy { 0.7502200332279036   } 
   nonlocal_energyvar { 1.822349889365853   } 
   autocorr_energy { } 
} 

block { 
   label vmc
   totweight 100
   nautocorr 0
   total_energy { -4.897447047929746   } 
   total_energyvar { 0.2887095226488761   } 
   weight { 1   } 
   weightvar { 0   } 
   kinetic_energy { 2.901424792004227   } 
   kinetic_energyvar { 2.757409773310689   } 
   potential_energy { -8.184612007809273   } 
   potential_energyvar { 3.466766750480261   } 
   nonlocal_energy { 0.3857401678753004   } 
   nonlocal_energyvar { 0.6509970269081763   } 
   autocorr_energy { } 
} 

block { 
   label vmc
   totweight 100
   nautocorr 0
   total_energy { -4.766589592448573   } 
   total_energyvar { 0.6326455736811631   } 
   weight { 1   } 
   weightvar { 0   } 
   kinetic_energy { 2.659902675710204   } 
   kinetic_energyvar { 2.161471117486814   } 
   potential_energy { -7.943792508828437   } 
   potential_energyvar { 2.796905565851894   } 
   nonlocal_energy { 0.5173002406696594   } 
   nonlocal_energyvar { 1.566650379395883   } 
   autocorr_energy { } 
} 

block { 
   label vmc
   totweight 100
   nautocorr 0
   total_energy { -4.927784356429524   } 
   total_energyvar { 0.5033445925601114   } 
   weight { 1   } 
   weightvar { 0   } 
   kinetic_energy { 2.74779751056258   } 
   kinetic_energyvar { 1.333403753969822   } 
   potential_energy { -8.134968711825165   } 
   potential_energyvar { 2.348765885949831   } 
   nonlocal_energy { 0.4593868448330605   } 
   nonlocal_energyvar { 0.6140546804061382   } 
   autocorr_energy { } 
} 

block { 
   label vmc
   totweight 100
   nautocorr 0
   total_energy { -4.776340169840791   } 
   total_energyvar { 0.326212078215093   } 
   weight { 1   } 
   weightvar { 0   } 
   kinetic_energy { 2.334852917385931   } 
   kinetic_energyvar { 1.163299205379598   } 
   potential_energy { -7.642635045645148   } 
   potential_energyvar { 2.391849556353336   } 
   nonlocal_energy { 0.5314419584184261   } 
   nonlocal_energyvar { 0.7633297780924628   } 
   autocorr_energy { } 
} 

block { 
   label vmc
   totweight 100
   nautocorr 0
   total_energy { -4.862816828698992   } 
   total_energyvar { 0.3512913395541126   } 
   weight { 1   } 
   weightvar { 0   } 
   kinetic_energy { 2.315235823308672   } 
   kinetic_energyvar { 1.479635655190101   } 
   potential_energy { -7.726129255544676   } 
   potential_energyvar { 2.881319931453234   } 
   nonlocal_energy { 0.5480766035370133   } 
   nonlocal_energyvar { 1.155837035641373   } 
   autocorr_energy { } 
} 

block { 
   label vmc
   totweight 100
   nautocorr 0
   total_energy { -4.883422894931199   } 
   total_energyvar { 0.2705047798824864   } 
   weight { 1   } 
   weightvar { 0   } 
   kinetic_energy { 2.427388653320107   } 
   kinetic_energyvar { 1.976503792083579   } 
   potential_energy { -8.057434705182583   } 
   potential_energyvar { 3.117752940445584   } 
   nonlocal_energy { 0.7466231569312787   } 
   nonlocal_energyvar { 3.36505314385882   } 
   autocorr_energy { } 
} 

block { 
   label vmc
   totweight 100
   nautocorr 0
   total_energy { -4.774272403840328   } 
   total_energyvar { 0.7548788175324361   } 
   weight { 1   } 
   weightvar { 0   } 
   kinetic_energy { 2.577656757710642   } 
   kinetic_energyvar { 1.244068867835302   } 
   potential_energy { -7.898911445847949   } 
   potential_energyvar { 2.871425613011368   } 
   nonlocal_energy { 0.5469822842969796   } 
   nonlocal_energyvar { 1.032664085188186   } 
   autocorr_energy { } 
} 

block { 
   label vmc
   totweight 100
   nautocorr 0
   total_energy { -4.774966211410712   } 
   total_energyvar { 0.478238879459191   } 
   weight { 1   } 
   weightvar { 0   } 
   kinetic_energy { 2.183911896798378   } 
   kinetic_energyvar { 1.065201789685096   } 
   potential_energy { -7.675328351383943   } 
   potential_energyvar { 3.21638352491145   } 
   nonlocal_energy { 0.7164502431748526   } 
   nonlocal_energyvar { 2.093245777911517   } 
   autocorr_energy { } 
} 

block { 
   label vmc
   totweight 100
   nautocorr 0
   total_energy { -4.975187239868771   } 
   total_energyvar { 0.3871079656376182   } 
   weight { 1   } 
   weightvar { 0   } 
   kinetic_energy { 3.596195683277514   } 
   kinetic_energyvar { 8.118656496237927   } 
   potential_energy { -9.198626995635927   } 
   potential_energyvar { 11.00483346191263   } 
   nonlocal_energy { 0.6272440724896411   } 
   nonlocal_energyvar { 2.72037842372202   } 
   autocorr_energy { } 
} 

block { 
   label vmc
   totweight 100
   nautocorr 0
   total_energy { -4.933834888245176   } 
   total_energyvar { 0.3679284187124523   } 
   weight { 1   } 
   weightvar { 0   } 
   kinetic_energy { 2.723811930307939   } 
   kinetic_energyvar { 2.032805996195141   } 
   potential_energy { -8.267490070541038   } 
   potential_energyvar { 3.607500291866216   } 
   nonlocal_energy { 0.6098432519879224   } 
   nonlocal_energyvar { 1.938840585109613   } 
   autocorr_energy { } 
} 

block { 
   label vmc
   totweight 100
   nautocorr 0
   total_energy { -4.790594572939155   } 
   total_energyvar { 0.6112475052128197   } 
   weight { 1   } 
   weightvar { 0   } 
   kinetic_energy { 2.468160263205087   } 
   kinetic_energyvar { 1.571721060118819   } 
   potential_energy { -8.219467571120195   } 
   potential_energyvar { 3.46354993593566   } 
   nonlocal_energy { 0.960712734975952   } 
   nonlocal_energyvar { 2.594378916737419   } 
   autocorr_energy { } 
} 

block { 
   label vmc
   totweight 100
   nautocorr 0
   total_energy { -4.911305773486114   } 
   total_energyvar { 0.34647169376397   } 
   weight { 1   } 
   weightvar { 0   } 
   kinetic_energy { 3.000114995217743   } 
   kinetic_energyvar { 3.550777578527599   } 
   potential_energy { -8.530164091143229   } 
   potential_energyvar { 5.170550646281356   } 
   nonlocal_energy { 0.6187433224393737   } 
   nonlocal_energyvar { 1.380637951290515   } 
   autocorr_energy { } 
} 

block { 
   label vmc
   totweight 100
   nautocorr 0
   total_energy { -4.804307506859616   } 
   total_energyvar { 0.3934668137927595   } 
   weight { 1   } 
   weightvar { 0   } 
   kinetic_energy { 2.230782106899724   } 
   kinetic_energyvar { 1.496043261497706   } 
   potential_energy { -8.018459297390654   } 
   potential_energyvar { 3.901021739229805   } 
   nonlocal_energy { 0.9833696836313153   } 
   nonlocal_energyvar { 5.225584825892714   } 
   autocorr_energy { } 
} 

block { 
   label vmc
   totweight 100
   nautocorr 0
   total_energy { -4.776899807880019   } 
   total_energyvar { 0.4946189862986721   } 
   weight { 1   } 
   weightvar { 0   } 
   kinetic_energy { 2.435300634708282   } 
   kinetic_energyvar { 1.668733264043157   } 
   potential_energy { -7.903740984318752   } 
   potential_energyvar { 2.906792601727751   } 
   nonlocal_energy { 0.6915405417304499   } 
   nonlocal_energyvar { 2.473614413763006   } 
   autocorr_energy { } 
} 

block { 
   label vmc
   totweight 100
   nautocorr 0
   total_energy { -4.876835398212124   } 
   total_energyvar { 0.4294883837914298   } 
   weight { 1   } 
   weightvar { 0   } 
   kinetic_energy { 2.527846257833192   } 
   kinetic_energyvar { 1.950849873808343   } 
   potential_energy { -8.305420302637295   } 
   potential_energyvar { 3.80146738057752   } 
   nonlocal_energy { 0.9007386465919773   } 
   nonlocal_energyvar { 3.469367673399006   } 
   autocorr_energy { } 
} 

block { 
   label vmc
   totweight 100
   nautocorr 0
   total_energy { -4.748980385953115   } 
   total_energyvar { 0.662228068568858   } 
   weight { 1   } 
   weightvar { 0   } 
   kinetic_energy { 2.878749229110604   } 
   kinetic_energyvar { 4.104007685761641   } 
   potential_energy { -8.853249056830171   } 
   potential_energyvar { 13.0414291679991   } 
   nonlocal_energy { 1.225519441766451   } 
   nonlocal_energyvar { 4.348895532765528   } 
   autocorr_energy { } 
} 

block { 
   label vmc
   totweight 100
   nautocorr 0
   total_energy { -4.757917058397545   } 
   total_energyvar { 0.655253063151914   } 
   weight { 1   } 
   weightvar { 0   } 
   kinetic_energy { 2.595466456018004   } 
   kinetic_energyvar { 1.226674467297539   } 
   potential_energy { -7.907848499231944   } 
   potential_energyvar { 1.885039642582093   } 
   nonlocal_energy { 0.5544649848163961   } 
   nonlocal_energyvar { 0.8320988534366981   } 
   autocorr_energy { } 
} 

block { 
   label vmc
   totweight 100
   nautocorr 0
   total_energy { -4.872808062211402   } 
   total_energyvar { 0.4126077902092824   } 
   weight { 1   } 
   weightvar { 0   } 
   kinetic_energy { 2.698229011589979   } 
   kinetic_energyvar { 1.623231080829468   } 
   potential_energy { -8.075156950917361   } 
   potential_energyvar { 2.618390880565684   } 
   nonlocal_energy { 0.5041198771159791   } 
   nonlocal_energyvar { 0.535842930662589   } 
   autocorr_energy { } 
} 

block { 
   label vmc
   totweight 100
   nautocorr 0
   total_energy { -4.794079706284965   } 
   total_energyvar { 0.5890931379511208   } 
   weight { 1   } 
   weightvar { 0   } 
   kinetic_energy { 2.294562947254653   } 
   kinetic_energyvar { 1.806237405965733   } 
   potential_energy { -7.482090144396215   } 
   potential_energyvar { 3.091784049090364   } 
   nonlocal_energy { 0.393447490856597   } 
   nonlocal_energyvar { 0.8136480516658824   } 
   autocorr_energy { } 
} 

block { 
   label vmc
   totweight 100
   nautocorr 0
   total_energy { -4.894551643401319   } 
   total_energyvar { 0.410817269782207   } 
   weight { 1   } 
   weightvar { 0   } 
   kinetic_energy { 4.617723198188893   } 
   kinetic_energyvar { 8.56845106216975   } 
   potential_energy { -9.799679086283719   } 
   potential_energyvar { 9.184849013949332   } 
   nonlocal_energy { 0.2874042446935075   } 
   nonlocal_energyvar { 0.8958707524841821   } 
   autocorr_energy { } 
} 

block { 
   label vmc
   totweight 100
   nautocorr 0
   total_energy { -4.889948736311238   } 
   total_energyvar { 0.5429099215633748   } 
   weight { 1   } 
   weightvar { 0   } 
   kinetic_energy { 3.052492323404192   } 
   kinetic_energyvar { 1.921079051653017   } 
   potential_energy { -8.4718328766873   } 
   potential_energyvar { 2.524895714875655   } 
   nonlocal_energy { 0.5293918169718699   } 
   nonlocal_energyvar { 0.9578175180317549   } 
   autocorr_energy { } 
} 

block { 
   label vmc
   totweight 100
   nautocorr 0
   total_energy { -4.766901301392076   } 
   total_energyvar { 0.5313354176907126   } 
   weight { 1   } 
   weightvar { 0   } 
   kinetic_energy { 3.174555874990614   } 
   kinetic_energyvar { 6.918321951926817   } 
   potential_energy { -8.948047962849298   } 
   potential_energyvar { 11.651426511095   } 
   nonlocal_energy { 1.006590786466607   } 
   nonlocal_energyvar { 1.794922587758998   } 
   autocorr_energy { } 
} 

block { 
   label vmc
   totweight 100
   nautocorr 0
   total_energy { -4.858510782846989   } 
   total_energyvar { 0.2060830646594312   } 
   weight { 1   } 
   weightvar { 0   } 
   kinetic_energy { 2.017512539443598   } 
   kinetic_energyvar { 1.299609016164437   } 
   potential_energy { -7.495093519489132   } 
   potential_energyvar { 2.938072583940482   } 
   nonlocal_energy { 0.6190701971985447   } 
   nonlocal_energyvar { 2.872119196101155   } 
   autocorr_energy { } 
} 

block { 
   label vmc
   totweight 100
   nautocorr 0
   total_energy { -4.5935579757552   } 
   total_energyvar { 1.248455545779617   } 
   weight { 1   } 
   weightvar { 0   } 
   kinetic_energy { 2.823778591415173   } 
   kinetic_energyvar { 5.592856829155162   } 
   potential_energy { -8.311968500348721   } 
   potential_energyvar { 12.34033800720208   } 
   nonlocal_energy { 0.8946319331783477   } 
   nonlocal_energyvar { 3.732477459359976   } 
   autocorr_energy { } 
} 

block { 
   label vmc
   totweight 100
   nautocorr 0
   total_energy { -4.665677397037516   } 
   total_energyvar { 0.7356838629197924   } 
   weight { 1   } 
   weightvar { 0   } 
   kinetic_energy { 2.197781604283916   } 
   kinetic_energyvar { 1.33721709066881   } 
   potential_energy { -7.772448051059522   } 
   potential_energyvar { 3.603462125184635   } 
   nonlocal_energy { 0.9089890497380889   } 
   nonlocal_energyvar { 2.499076070170824   } 
   autocorr_energy { } 
} 

block { 
   label vmc
   totweight 100
   nautocorr 0
   total_energy { -4.791956385975226   } 
   total_energyvar { 0.992370943312288   } 
   weight { 1   } 
   weightvar { 0   } 
   kinetic_energy { 2.724636052214881   } 
   kinetic_energyvar { 2.328619568515593   } 
   potential_energy { -8.169435122211832   } 
   potential_energyvar { 4.289286984706919   } 
   nonlocal_energy { 0.6528426840217242   } 
   nonlocal_energyvar { 2.007349474474501   } 
   autocorr_energy { } 
} 

block { 
   label vmc
   totweight 100
   nautocorr 0
   total_energy { -4.886029760800526   } 
   total_energyvar { 0.3031485629588104   } 
   weight { 1   } 
   weightvar { 0   } 
   kinetic_energy { 2.462520303846019   } 
   kinetic_energyvar { 1.081984402818012   } 
   potential_energy { -8.018770133338228   } 
   potential_energyvar { 2.176629649929282   } 
   nonlocal_energy { 0.6702200686916833   } 
   nonlocal_energyvar { 1.128985761755049   } 
   autocorr_energy { } 
} 

block { 
   label vmc
   totweight 100
   nautocorr 0
   total_energy { -4.822365257335249   } 
   total_energyvar { 0.4672661774123235   } 
   weight { 1   } 
   weightvar { 0   } 
   kinetic_energy { 2.241242482021273   } 
   kinetic_energyvar { 1.302252660569377   } 
   potential_energy { -7.715524174388078   } 
   potential_energyvar { 3.041716947657356   } 
   nonlocal_energy { 0.6519164350315569   } 
   nonlocal_energyvar { 1.272289913549535   } 
   autocorr_energy { } 
} 

block { 
   label vmc
   totweight 100
   nautocorr 0
   total_energy { -4.791231210516812   } 
   total_energyvar { 0.4103775870503235   } 
   weight { 1   } 
   weightvar { 0   } 
   kinetic_energy { 2.684870036455925   } 
   kinetic_energyvar { 3.209969025812324   } 
   potential_energy { -7.994354606889615   } 
   potential_energyvar { 4.325031354880238   } 
   nonlocal_energy { 0.5182533599168785   } 
   nonlocal_energyvar { 1.827764045637291   } 
   autocorr_energy { } 
} 

block { 
   label vmc
   totweight 100
   nautocorr 0
   total_energy { -4.948364999904344   } 
   total_energyvar { 0.4285583077288244   } 
   weight { 1   } 
   weightvar { 0   } 
   kinetic_energy { 2.517138473504636   } 
   kinetic_energyvar { 1.292113307583171   } 
   potential_energy { -8.125257282745658   } 
   potential_energyvar { 2.675213978853762   } 
   nonlocal_energy { 0.6597538093366788   } 
   nonlocal_energyvar { 1.580182385498393   } 
   autocorr_energy { } 
} 

block { 
   label vmc
   totweight 100
   nautocorr 0
   total_energy { -4.833522770722764   } 
   total_energyvar { 0.2268214559774364   } 
   weight { 1   } 
   weightvar { 0   } 
   kinetic_energy { 1.958503213892282   } 
   kinetic_energyvar { 0.9835809836817657   } 
   potential_energy { -7.174579971058133   } 
   potential_energyvar { 1.623120448160442   } 
   nonlocal_energy { 0.3825539864430876   } 
   nonlocal_energyvar { 0.6852016477028469   } 
   autocorr_energy { } 
} 

block { 
   label vmc
   totweight 100
   nautocorr 0
   total_energy { -4.87566510341505   } 
   total_energyvar { 0.4261663601853698   } 
   weight { 1   } 
   weightvar { 0   } 
   kinetic_energy { 2.428291846542603   } 
   kinetic_energyvar { 2.209641833311668   } 
   potential_energy { -8.170023642750872   } 
   potential_energyvar { 2.776161613764799   } 
   nonlocal_energy { 0.866066692793218   } 
   nonlocal_energyvar { 3.451619747670875   } 
   autocorr_energy { } 
} 

block { 
   label vmc
   totweight 100
   nautocorr 0
   total_energy { -4.878067086667095   } 
   total_energyvar { 0.3438031578551133   } 
   weight { 1   } 
   weightvar { 0   } 
   kinetic_energy { 2.362655582975737   } 
   kinetic_energyvar { 1.298337133738473   } 
   potential_energy { -7.814378837399505   } 
   potential_energyvar { 2.794621247277206   } 
   nonlocal_energy { 0.5736561677566735   } 
   nonlocal_energyvar { 1.000104293512097   } 
   autocorr_energy { } 
} 

block { 
   label vmc
   totweight 100
   nautocorr 0
   total_energy { -4.830007082397708   } 
   total_energyvar { 0.3191556963478384   } 
   weight { 1   } 
   weightvar { 0   } 
   kinetic_energy { 2.391609102476733   } 
   kinetic_energyvar { 1.241413279864171   } 
   potential_energy { -7.860799251255791   } 
   potential_energyvar { 2.823784760656196   } 
   nonlocal_energy { 0.6391830663813516   } 
   nonlocal_energyvar { 1.463714182270995   } 
   autocorr_energy { } 
} 

block { 
   label vmc
   totweight 100
   nautocorr 0
   total_energy { -4.939270049472354   } 
   total_energyvar { 0.2430692833220363   } 
   weight { 1   } 
   weightvar { 0   } 
   kinetic_energy { 2.757328218549318   } 
   kinetic_energyvar { 6.569957954058619   } 
   potential_energy { -8.339499701076987   } 
   potential_energyvar { 8.486239605741417   } 
   nonlocal_energy { 0.6429014330553134   } 
   nonlocal_energyvar { 1.567205881468539   } 
   autocorr_energy { } 
} 

block { 
   label vmc
   totweight 100
   nautocorr 0
   total_energy { -4.846275117656202   } 
   total_energyvar { 0.3316977436615218   } 
   weight { 1   } 
   weightvar { 0   } 
   kinetic_energy { 2.531074914080821   } 
   kinetic_energyvar { 1.481264747568407   } 
   potential_energy { -8.28055765936147   } 
   potential_energyvar { 3.287702156427414   } 
   nonlocal_energy { 0.9032076276244488   } 
   nonlocal_energyvar { 3.500386777543742   } 
   autocorr_energy { } 
} 

block { 
   label vmc
   totweight 100
   nautocorr 0
   total_energy { -4.812586071408925   } 
   total_energyvar { 0.710329249566378   } 
   weight { 1   } 
   weightvar { 0   } 
   kinetic_energy { 2.99009113700614   } 
   kinetic_energyvar { 3.715312845998696   } 
   potential_energy { -8.552354200947208   } 
   potential_energyvar { 6.559894794689683   } 
   nonlocal_energy { 0.7496769925321436   } 
   nonlocal_energyvar { 4.733144264735168   } 
   autocorr_energy { } 
} 

block { 
   label vmc
   totweight 100
   nautocorr 0
   total_energy { -4.877230244576648   } 
   total_energyvar { 0.4231773998650716   } 
   weight { 1   } 
   weightvar { 0   } 
   kinetic_energy { 2.784967046191812   } 
   kinetic_energyvar { 2.860763170563242   } 
   potential_energy { -8.194599608432448   } 
   potential_energyvar { 2.979354365438553   } 
   nonlocal_energy { 0.5324023176639885   } 
   nonlocal_energyvar { 1.282863338463951   } 
   autocorr_energy { } 
} 

block { 
   label vmc
   totweight 100
   nautocorr 0
   total_energy { -4.810663948583524   } 
   total_energyvar { 0.2790818668344919   } 
   weight { 1   } 
   weightvar { 0   } 
   kinetic_energy { 2.078845204218402   } 
   kinetic_energyvar { 1.22143972530905   } 
   potential_energy { -7.584297261831729   } 
   potential_energyvar { 3.326333859143844   } 
   nonlocal_energy { 0.6947881090298036   } 
   nonlocal_energyvar { 3.375594149925123   } 
   autocorr_energy { } 
} 

block { 
   label vmc
   totweight 100
   nautocorr 0
   total_energy { -4.955454111109302   } 
   total_energyvar { 0.3249349767830978   } 
   weight { 1   } 
   weightvar { 0   } 
   kinetic_energy { 2.552101302642419   } 
   kinetic_energyvar { 1.920090801033044   } 
   potential_energy { -8.274986218624292   } 
   potential_energyvar { 3.56252747360405   } 
   nonlocal_energy { 0.7674308048725718   } 
   nonlocal_energyvar { 1.324951503376278   } 
   autocorr_energy { } 
} 

block { 
   label vmc
   totweight 100
   nautocorr 0
   total_energy { -4.774215208158625   } 
   total_energyvar { 0.7507198300712332   } 
   weight { 1   } 
   weightvar { 0   } 
   kinetic_energy { 2.33076915118576   } 
   kinetic_energyvar { 1.510981553309979   } 
   potential_energy { -7.703917456031125   } 
   potential_energyvar { 2.568862509330906   } 
   nonlocal_energy { 0.5989330966867383   } 
   nonlocal_energyvar { 1.462448696348011   } 
   autocorr_energy { } 
} 

block { 
   label vmc
   totweight 100
   nautocorr 0
   total_energy { -4.644721024027357   } 
   total_energyvar { 1.158415776909866   } 
   weight { 1   } 
   weightvar { 0   } 
   kinetic_energy { 2.137993887062418   } 
   kinetic_energyvar { 1.657992429313206   } 
   potential_energy { -7.298350677622684   } 
   potential_energyvar { 4.928116496626053   } 
   nonlocal_energy { 0.5156357665329101   } 
   nonlocal_energyvar { 1.47422611121626   } 
   autocorr_energy { } 
} 

block { 
   label vmc
   totweight 100
   nautocorr 0
   total_energy { -4.948462535966289   } 
   total_energyvar { 0.399650502819199   } 
   weight { 1   } 
   weightvar { 0   } 
   kinetic_energy { 2.645656209430048   } 
   kinetic_energyvar { 7.400342599190597   } 
   potential_energy { -8.687020873809653   } 
   potential_energyvar { 9.852049276462097   } 
   nonlocal_energy { 1.092902128413316   } 
   nonlocal_energyvar { 24.18705794083161   } 
   autocorr_energy { } 
} 

block { 
   label vmc
   totweight 100
   nautocorr 0
   total_energy { -4.912067842713228   } 
   total_energyvar { 0.2784263812017826   } 
   weight { 1   } 
   weightvar { 0   } 
   kinetic_energy { 2.311137733488135   } 
   kinetic_energyvar { 1.543003173349217   } 
   potential_energy { -7.6260930935372   } 
   potential_energyvar { 2.700212755690124   } 
   nonlocal_energy { 0.4028875173358369   } 
   nonlocal_energyvar { 0.493573006627688   } 
   autocorr_energy { } 
} 

block { 
   label vmc
   totweight 100
   nautocorr 0
   total_energy { -4.949710753186822   } 
   total_energyvar { 0.2349392674323347   } 
   weight { 1   } 
   weightvar { 0   } 
   kinetic_energy { 2.526703943640235   } 
   kinetic_energyvar { 1.990726592489527   } 
   potential_energy { -7.918022846382136   } 
   potential_energyvar { 2.712740978006266   } 
   nonlocal_energy { 0.441608149555078   } 
   nonlocal_energyvar { 0.5815641018138935   } 
   autocorr_energy { } 
} 

block { 
   label vmc
   totweight 100
   nautocorr 0
   total_energy { -4.943481541667363   } 
   total_energyvar { 0.1711366698786705   } 
   weight { 1   } 
   weightvar { 0   } 
   kinetic_energy { 2.250042777235747   } 
   kinetic_energyvar { 3.452508941627735   } 
   potential_energy { -8.432626345958894   } 
   potential_energyvar { 4.879904107882197   } 
   nonlocal_energy { 1.239102027055784   } 
   nonlocal_energyvar { 7.459803619851442   } 
   autocorr_energy { } 
} 

block { 
   label vmc
   totweight 100
   nautocorr 0
   total_energy { -4.646362170308092   } 
   total_energyvar { 0.4050340975481888   } 
   weight { 1   } 
   weightvar { 0   } 
   kinetic_energy { 2.671497164835979   } 
   kinetic_energyvar { 7.469957154632234   } 
   potential_energy { -8.210036278622907   } 
   potential_energyvar { 6.099422155161804   } 
   nonlocal_energy { 0.8921769434788359   } 
   nonlocal_energyvar { 10.4330144676034   } 
   autocorr_energy { } 
} 

block { 
   label vmc
   totweight 100
   nautocorr 0
   total_energy { -4.889419199960874   } 
   total_energyvar { 0.3841761008322244   } 
   weight { 1   } 
   weightvar { 0   } 
   kinetic_energy { 3.077286951798007   } 
   kinetic_energyvar { 3.274221391052169   } 
   potential_energy { -8.374569322467496   } 
   potential_energyvar { 4.288921104075186   } 
   nonlocal_energy { 0.4078631707086144   } 
   nonlocal_energyvar { 0.7256497011165938   } 
   autocorr_energy { } 
} 

block { 
   label vmc
   totweight 100
   nautocorr 0
   total_energy { -4.960439459582709   } 
   total_energyvar { 0.4843818810114939   } 
   weight { 1   } 
   weightvar { 0   } 
   kinetic_energy { 2.67478888112148   } 
   kinetic_energyvar { 2.804060115166473   } 
   potential_energy { -8.17400483367525   } 
   potential_energyvar { 3.380882725734921   } 
   nonlocal_energy { 0.5387764929710611   } 
   nonlocal_energyvar { 1.078067704420002   } 
   autocorr_energy { } 
} 

block { 
   label vmc
   totweight 100
   nautocorr 0
   total_energy { -4.801822645887206   } 
   total_energyvar { 0.5455186325969628   } 
   weight { 1   } 
   weightvar { 0   } 
   kinetic_energy { 2.478111443372309   } 
   kinetic_energyvar { 2.490884153701024   } 
   potential_energy { -7.894413263413363   } 
   potential_energyvar { 4.289509769783308   } 
   nonlocal_energy { 0.6144791741538465   } 
   nonlocal_energyvar { 1.535428573943284   } 
   autocorr_energy { } 
} 

block { 
   label vmc
   totweight 100
   nautocorr 0
   total_energy { -4.7976102153396   } 
   total_energyvar { 0.2992826199697589   } 
   weight { 1   } 
   weightvar { 0   } 
   kinetic_energy { 3.007337872709649   } 
   kinetic_energyvar { 4.915031300211615   } 
   potential_energy { -8.34874616914068   } 
   potential_energyvar { 5.609338514997177   } 
   nonlocal_energy { 0.5437980810914322   } 
   nonlocal_energyvar { 1.496772402952105   } 
   autocorr_energy { } 
} 

block { 
   label vmc
   totweight 100
   nautocorr 0
   total_energy { -4.795176648517999   } 
   total_energyvar { 0.4012416807748096   } 
   weight { 1   } 
   weightvar { 0   } 
   kinetic_energy { 2.592067210962294   } 
   kinetic_energyvar { 1.759877163742435   } 
   potential_energy { -8.146492503997319   } 
   potential_energyvar { 2.854898576198025   } 
   nonlocal_energy { 0.7592486445170259   } 
   nonlocal_energyvar { 2.601748375885389   } 
   autocorr_energy { } 
} 

block { 
   label vmc
   totweight 100
   nautocorr 0
   total_energy { -4.678656097491423   } 
   total_energyvar { 1.068623187487717   } 
   weight { 1   } 
   weightvar { 0   } 
   kinetic_energy { 2.250273825028017   } 
   kinetic_energyvar { 0.9416496499783165   } 
   potential_energy { -7.368884335516093   } 
   potential_energyvar { 2.794444296385819   } 
   nonlocal_energy { 0.4399544129966531   } 
   nonlocal_energyvar { 0.9641284678436534   } 
   autocorr_energy { } 
} 

block { 
   label vmc
   totweight 100
   nautocorr 0
   total_energy { -4.763544828240139   } 
   total_energyvar { 0.3543581797392505   } 
   weight { 1   } 
   weightvar { 0   } 
   kinetic_energy { 2.188316688072915   } 
   kinetic_energyvar { 3.10400376393068   } 
   potential_energy { -8.032080809591342   } 
   potential_energyvar { 4.409928123364523   } 
   nonlocal_energy { 1.080219293278288   } 
   nonlocal_energyvar { 7.711662540728152   } 
   autocorr_energy { } 
} 

block { 
   label vmc
   totweight 100
   nautocorr 0
   total_energy { -4.794693885925225   } 
   total_energyvar { 0.2659721412581426   } 
   weight { 1   } 
   weightvar { 0   } 
   kinetic_energy { 2.653160896706483   } 
   kinetic_energyvar { 1.647986178222796   } 
   potential_energy { -7.847068044709442   } 
   potential_energyvar { 1.967124769255541   } 
   nonlocal_energy { 0.3992132620777324   } 
   nonlocal_energyvar { 0.6442278767042948   } 
   autocorr_energy { } 
} 

block { 
   label vmc
   totweight 100
   nautocorr 0
   total_energy { -4.990036674434187   } 
   total_energyvar { 0.194418050637001   } 
   weight { 1   } 
   weightvar { 0   } 
   kinetic_energy { 2.470203917687771   } 
   kinetic_energyvar { 3.075645295067571   } 
   potential_energy { -8.256375611805161   } 
   potential_energyvar { 3.972200211432806   } 
   nonlocal_energy { 0.7961350196832031   } 
   nonlocal_energyvar { 4.11131827158318   } 
   autocorr_energy { } 
} 

block { 
   label vmc
   totweight 100
   nautocorr 0
   total_energy { -4.76894541144513   } 
   total_energyvar { 2.172636918102249   } 
   weight { 1   } 
   weightvar { 0   } 
   kinetic_energy { 2.6224460977091   } 
   kinetic_energyvar { 1.835523737496293   } 
   potential_energy { -7.973714162172163   } 
   potential_energyvar { 4.34603958872065   } 
   nonlocal_energy { 0.582322653017933   } 
   nonlocal_energyvar { 0.7855585317458335   } 
   autocorr_energy { } 
} 

block { 
   label vmc
   totweight 100
   nautocorr 0
   total_energy { -4.825161485134075   } 
   total_energyvar { 2.013192287954038   } 
   weight { 1   } 
   weightvar { 0   } 
   kinetic_energy { 2.568351899014851   } 
   kinetic_energyvar { 1.531564352044646   } 
   potential_energy { -7.995862403524147   } 
   potential_energyvar { 3.484687421862944   } 
   nonlocal_energy { 0.6023490193752211   } 
   nonlocal_energyvar { 0.7116994694170355   } 
   autocorr_energy { } 
} 

block { 
   label vmc
   totweight 100
   nautocorr 0
   total_energy { -4.816408130269186   } 
   total_energyvar { 0.2729405962186959   } 
   weight { 1   } 
   weightvar { 0   } 
   kinetic_energy { 2.681128506966093   } 
   kinetic_energyvar { 1.935353765982688   } 
   potential_energy { -7.883640945463478   } 
   potential_energyvar { 2.513350839146312   } 
   nonlocal_energy { 0.3861043082281996   } 
   nonlocal_energyvar { 1.174481498816751   } 
   autocorr_energy { } 
} 

block { 
   label vmc
   totweight 100
   nautocorr 0
   total_energy { -4.869246773322203   } 
   total_energyvar { 0.3168809678695226   } 
   weight { 1   } 
   weightvar { 0   } 
   kinetic_energy { 2.967525404521099   } 
   kinetic_energyvar { 1.755643747399811   } 
   potential_energy { -8.360461077562526   } 
   potential_energyvar { 2.89882809956984   } 
   nonlocal_energy { 0.5236888997192236   } 
   nonlocal_energyvar { 0.8084276689236625   } 
   autocorr_energy { } 
} 

block { 
   label vmc
   totweight 100
   nautocorr 0
   total_energy { -4.512271365241122   } 
   total_energyvar { 1.801826525602834   } 
   weight { 1   } 
   weightvar { 0   } 
   kinetic_energy { 2.701336913231541   } 
   kinetic_energyvar { 3.298389396374003   } 
   potential_energy { -7.767954115927836   } 
   potential_energyvar { 3.874667434674379   } 
   nonlocal_energy { 0.5543458374551735   } 
   nonlocal_energyvar { 1.55013287120425   } 
   autocorr_energy { } 
} 

block { 
   label vmc
   totweight 100
   nautocorr 0
   total_energy { -4.712177369206181   } 
   total_energyvar { 0.7994430890958739   } 
   weight { 1   } 
   weightvar { 0   } 
   kinetic_energy { 2.50033601720915   } 
   kinetic_energyvar { 1.179074235341485   } 
   potential_energy { -7.914784573304793   } 
   potential_energyvar { 3.477862155040334   } 
   nonlocal_energy { 0.7022711868894609   } 
   nonlocal_energyvar { 1.193878944412666   } 
   autocorr_energy { } 
} 

block { 
   label vmc
   totweight 100
   nautocorr 0
   total_energy { -4.752949207037513   } 
   total_energyvar { 0.9490141359680635   } 
   weight { 1   } 
   weightvar { 0   } 
   kinetic_energy { 2.605411311123448   } 
   kinetic_energyvar { 1.570950305418044   } 
   potential_energy { -8.198821772668646   } 
   potential_energyvar { 3.307206986152465   } 
   nonlocal_energy { 0.8404612545076853   } 
   nonlocal_energyvar { 2.509805500452562   } 
   autocorr_energy { } 
} 

block { 
   label vmc
   totweight 100
   nautocorr 0
   total_energy { -4.728091386529541   } 
   total_energyvar { 0.531572090540152   } 
   weight { 1   } 
   weightvar { 0   } 
   kinetic_energy { 2.162758057915315   } 
   kinetic_energyvar { 2.914708596558932   } 
   potential_energy { -7.639059323934394   } 
   potential_energyvar { 3.820776141999048   } 
   nonlocal_energy { 0.748209879489539   } 
   nonlocal_energyvar { 6.506217801740981   } 
   autocorr_energy { } 
} 

block { 
   label vmc
   totweight 100
   nautocorr 0
   total_energy { -4.963593946303131   } 
   total_energyvar { 0.3875193403965902   } 
   weight { 1   } 
   weightvar { 0   } 
   kinetic_energy { 2.766371047406599   } 
   kinetic_energyvar { 2.36320072430621   } 
   potential_energy { -8.262062751958325   } 
   potential_energyvar { 4.24790923228548   } 
   nonlocal_energy { 0.5320977582485956   } 
   nonlocal_energyvar { 0.8922975660584551   } 
   autocorr_energy { } 
} 

block { 
   label vmc
   totweight 100
   nautocorr 0
   total_energy { -4.900661873877442   } 
   total_energyvar { 0.2825621594209977   } 
   weight { 1   } 
   weightvar { 0   } 
   kinetic_energy { 2.473828192057097   } 
   kinetic_energyvar { 1.24062482605335   } 
   potential_energy { -7.827396042258497   } 
   potential_energyvar { 2.136355263913792   } 
   nonlocal_energy { 0.4529059763239583   } 
   nonlocal_energyvar { 0.4920761083500043   } 
   autocorr_energy { } 
} 

block { 
   label vmc
   totweight 100
   nautocorr 0
   total_energy { -4.747058395596257   } 
   total_energyvar { 0.457905511021881   } 
   weight { 1   } 
   weightvar { 0   } 
   kinetic_energy { 2.170845934079528   } 
   kinetic_energyvar { 0.8346892578589209   } 
   potential_energy { -7.562413441076617   } 
   potential_energyvar { 2.57034217139217   } 
   nonlocal_energy { 0.6445091114008327   } 
   nonlocal_energyvar { 1.05069514410831   } 
   autocorr_energy { } 
} 

block { 
   label vmc
   totweight 100
   nautocorr 0
   total_energy { -4.880362689203986   } 
   total_energyvar { 0.2348295340189637   } 
   weight { 1   } 
   weightvar { 0   } 
   kinetic_energy { 2.193694040183453   } 
   kinetic_energyvar { 1.009260041529399   } 
   potential_energy { -7.896358945035954   } 
   potential_energyvar { 2.77199550898834   } 
   nonlocal_energy { 0.8223022156485161   } 
   nonlocal_energyvar { 3.430820640015511   } 
   autocorr_energy { } 
} 

block { 
   label vmc
   totweight 100
   nautocorr 0
   total_energy { -4.794742932606916   } 
   total_energyvar { 0.4008030693179094   } 
   weight { 1   } 
   weightvar { 0   } 
   kinetic_energy { 2.822115979411987   } 
   kinetic_energyvar { 2.245325629900773   } 
   potential_energy { -8.040253751633452   } 
   potential_energyvar { 3.01632673683153   } 
   nonlocal_energy { 0.4233948396145499   } 
   nonlocal_energyvar { 0.5804387998484898   } 
   autocorr_energy { } 
} 

block { 
   label vmc
   totweight 100
   nautocorr 0
   total_energy { -4.826867303032617   } 
   total_energyvar { 0.3658333223132821   } 
   weight { 1   } 
   weightvar { 0   } 
   kinetic_energy { 2.271608977425808   } 
   kinetic_energyvar { 3.47363889351963   } 
   potential_energy { -8.064442384435784   } 
   potential_energyvar { 4.536870132543299   } 
   nonlocal_energy { 0.9659661039773598   } 
   nonlocal_energyvar { 6.634342319382419   } 
   autocorr_energy { } 
} 

block { 
   label vmc
   totweight 100
   nautocorr 0
   total_energy { -4.779836833237375   } 
   total_energyvar { 0.4233418429336311   } 
   weight { 1   } 
   weightvar { 0   } 
   kinetic_energy { 2.2542228330712   } 
   kinetic_energyvar { 1.618111651221382   } 
   potential_energy { -7.57504141619719   } 
   potential_energyvar { 3.04499775259827   } 
   nonlocal_energy { 0.5409817498886154   } 
   nonlocal_energyvar { 0.7109702004009895   } 
   autocorr_energy { } 
} 

block { 
   label vmc
   totweight 100
   nautocorr 0
   total_energy { -4.886148861900796   } 
   total_energyvar { 0.6727144215220697   } 
   weight { 1   } 
   weightvar { 0   } 
   kinetic_energy { 2.448727978794961   } 
   kinetic_energyvar { 1.556678272325471   } 
   potential_energy { -8.021441460326434   } 
   potential_energyvar { 4.818790321624959   } 
   nonlocal_energy { 0.6865646196306779   } 
   nonlocal_energyvar { 2.030229770019396   } 
   autocorr_energy { } 
} 

block { 
   label vmc
   totweight 100
   nautocorr 0
   total_energy { -4.750391131300071   } 
   total_energyvar { 0.7947381956413544   } 
   weight { 1   } 
   weightvar { 0   } 
   kinetic_energy { 2.457543677122001   } 
   kinetic_energyvar { 2.105891941080703   } 
   potential_energy { -7.776855193524158   } 
   potential_energyvar { 3.451774816837933   } 
   nonlocal_energy { 0.5689203851020853   } 
   nonlocal_energyvar { 1.398484958036254   } 
   autocorr_energy { } 
} 

block { 
   label vmc
   totweight 100
   nautocorr 0
   total_energy { -4.951331518535585   } 
   total_energyvar { 0.1691121569195815   } 
   weight { 1   } 
   weightvar { 0   } 
   kinetic_energy { 2.208180365021302   } 
   kinetic_energyvar { 1.600631801413355   } 
   potential_energy { -8.023783583937202   } 
   potential_energyvar { 3.618957625624219   } 
   nonlocal_energy { 0.8642717003803155   } 
   nonlocal_energyvar { 3.441030692791218   } 
   autocorr_energy { } 
} 

block { 
   label vmc
   totweight 100
   nautocorr 0
   total_energy { -4.624869692108931   } 
   total_energyvar { 0.7953771374832108   } 
   weight { 1   } 
   weightvar { 0   } 
   kinetic_energy { 2.746840305271696   } 
   kinetic_energyvar { 1.496297687251852   } 
   potential_energy { -8.024589541898051   } 
   potential_energyvar { 2.947596686610794   } 
   nonlocal_energy { 0.6528795445174232   } 
   nonlocal_energyvar { 1.124765674151162   } 
   autocorr_energy { } 
} 

block { 
   label vmc
   totweight 100
   nautocorr 0
   total_energy { -4.846655407538814   } 
   total_energyvar { 0.2952656795879598   } 
   weight { 1   } 
   weightvar { 0   } 
   kinetic_energy { 2.566106076346832   } 
   kinetic_energyvar { 2.064351576537338   } 
   potential_energy { -8.020618248145407   } 
   potential_energyvar { 3.812462114052934   } 
   nonlocal_energy { 0.6078567642597623   } 
   nonlocal_energyvar { 2.088426911352784   } 
   autocorr_energy { } 
} 

block { 
   label vmc
   totweight 100
   nautocorr 0
   total_energy { -4.604545394133654   } 
   total_energyvar { 1.113138644275882   } 
   weight { 1   } 
   weightvar { 0   } 
   kinetic_energy { 3.018712697065808   } 
   kinetic_energyvar { 2.378547702127625   } 
   potential_energy { -8.173253081943951   } 
   potential_energyvar { 2.964069594314566   } 
   nonlocal_energy { 0.5499949907444905   } 
   nonlocal_energyvar { 0.774371001023493   } 
   autocorr_energy { } 
} 

block { 
   label vmc
   totweight 100
   nautocorr 0
   total_energy { -4.778927354709579   } 
   total_energyvar { 0.5999059247046468   } 
   weight { 1   } 
   weightvar { 0   } 
   kinetic_energy { 2.093719587263717   } 
   kinetic_energyvar { 2.948751106156883   } 
   potential_energy { -7.653511879760088   } 
   potential_energyvar { 4.298281524006576   } 
   nonlocal_energy { 0.7808649377867916   } 
   nonlocal_energyvar { 4.424937434154141   } 
   autocorr_energy { } 
} 

block { 
   label vmc
   totweight 100
   nautocorr 0
   total_energy { -4.693593540568018   } 
   total_energyvar { 0.8261787406689862   } 
   weight { 1   } 
   weightvar { 0   } 
   kinetic_energy { 2.343500443857708   } 
   kinetic_energyvar { 1.190782500043713   } 
   potential_energy { -7.731823864738919   } 
   potential_energyvar { 2.930034454479468   } 
   nonlocal_energy { 0.6947298803131949   } 
   nonlocal_energyvar { 2.230779294412518   } 
   autocorr_energy { } 
} 

block { 
   label vmc
   totweight 100
   nautocorr 0
   total_energy { -4.836897101925799   } 
   total_energyvar { 0.7067366713203498   } 
   weight { 1   } 
   weightvar { 0   } 
   kinetic_energy { 2.638984986456599   } 
   kinetic_energyvar { 1.8337872318568   } 
   potential_energy { -8.061366426098486   } 
   potential_energyvar { 2.751516608966227   } 
   nonlocal_energy { 0.5854843377160893   } 
   nonlocal_energyvar { 1.970501965133745   } 
   autocorr_energy { } 
} 

block { 
   label vmc
   totweight 100
   nautocorr 0
   total_energy { -4.736968137356803   } 
   total_energyvar { 0.3961853413087333   } 
   weight { 1   } 
   weightvar { 0   } 
   kinetic_energy { 2.326844195155584   } 
   kinetic_energyvar { 3.195125499926978   } 
   potential_energy { -8.01286297750039   } 
   potential_energyvar { 3.739695285273953   } 
   nonlocal_energy { 0.9490506449880028   } 
   nonlocal_energyvar { 8.028797646303746   } 
   autocorr_energy { } 
} 

block { 
   label vmc
   totweight 100
   nautocorr 0
   total_energy { -4.821501623226123   } 
   total_energyvar { 0.8073224093405003   } 
   weight { 1   } 
   weightvar { 0   } 
   kinetic_energy { 2.951233418126728   } 
   kinetic_energyvar { 3.677311234611896   } 
   potential_energy { -8.42262082260369   } 
   potential_energyvar { 4.543200880821445   } 
   nonlocal_energy { 0.6498857812508416   } 
   nonlocal_energyvar { 2.195838639121655   } 
   autocorr_energy { } 
} 

block { 
   label vmc
   totweight 100
   nautocorr 0
   total_energy { -4.845689845995603   } 
   total_energyvar { 0.3898964264581792   } 
   weight { 1   } 
   weightvar { 0   } 
   kinetic_energy { 2.937131544833548   } 
   kinetic_energyvar { 6.614198310114004   } 
   potential_energy { -8.052639541583396   } 
   potential_energyvar { 7.296394033826573   } 
   nonlocal_energy { 0.2698181507542456   } 
   nonlocal_energyvar { 0.7853873504838603   } 
   autocorr_energy { } 
} 

block { 
   label vmc
   totweight 100
   nautocorr 0
   total_energy { -4.787423887298002   } 
   total_energyvar { 0.4093730161691234   } 
   weight { 1   } 
   weightvar { 0   } 
   kinetic_energy { 2.164983182395711   } 
   kinetic_energyvar { 1.512429237745694   } 
   potential_energy { -7.811107829243912   } 
   potential_energyvar { 3.501597284584527   } 
   nonlocal_energy { 0.8587007595501983   } 
   nonlocal_energyvar { 2.90606279832674   } 
   autocorr_energy { } 
} 

block { 
   label vmc
   totweight 100
   nautocorr 0
   total_energy { -4.738171716074203   } 
   total_energyvar { 0.4749188463972267   } 
   weight { 1   } 
   weightvar { 0   } 
   kinetic_energy { 2.899490820973386   } 
   kinetic_energyvar { 1.069649105474767   } 
   potential_energy { -8.306929671688149   } 
   potential_energyvar { 2.5222042069298   } 
   nonlocal_energy { 0.6692671346405611   } 
   nonlocal_energyvar { 1.386233385123845   } 
   autocorr_energy { } 
} 

block { 
   label vmc
   totweight 100
   nautocorr 0
   total_energy { -4.72540442649496   } 
   total_energyvar { 0.8955612095941881   } 
   weight { 1   } 
   weightvar { 0   } 
   kinetic_energy { 2.985196906111778   } 
   kinetic_energyvar { 2.80915259965893   } 
   potential_energy { -8.229295810066537   } 
   potential_energyvar { 4.364350085751838   } 
   nonlocal_energy { 0.5186944774597982   } 
   nonlocal_energyvar { 1.11612247990217   } 
   autocorr_energy { } 
} 

block { 
   label vmc
   totweight 100
   nautocorr 0
   total_energy { -4.764542167222505   } 
   total_energyvar { 1.01045898585452   } 
   weight { 1   } 
   weightvar { 0   } 
   kinetic_energy { 2.579001948249696   } 
   kinetic_energyvar { 1.012443626576169   } 
   potential_energy { -7.895257809900609   } 
   potential_energyvar { 3.326863117529314   } 
   nonlocal_energy { 0.5517136944284072   } 
   nonlocal_energyvar { 0.8924755494129133   } 
   autocorr_energy { } 
} 

