#-------------------------------------------------
#VMC run: timestep 1 nconfig 3200 steps 20
#-------------------------------------------------


init { 
   label vmc
}
block { 
   label vmc
   totweight 64000
   nautocorr 0
   total_energy { -4.835513273186574   } 
   total_energyvar { 0.5536733607219519   } 
   weight { 1   } 
   weightvar { 0   } 
   kinetic_energy { 2.597332994712805   } 
   kinetic_energyvar { 2.744400313962525   } 
   potential_energy { -8.066350887879624   } 
   potential_energyvar { 4.317160544524691   } 
   nonlocal_energy { 0.6335046199802433   } 
   nonlocal_energyvar { 2.134880493317303   } 
   autocorr_energy { } 
} 

block { 
   label vmc
   totweight 64000
   nautocorr 0
   total_energy { -4.836599828597768   } 
   total_energyvar { 0.5038933151970909   } 
   weight { 1   } 
   weightvar { 0   } 
   kinetic_energy { 2.609786519706132   } 
   kinetic_energyvar { 2.763296307979612   } 
   potential_energy { -8.078568642050127   } 
   potential_energyvar { 4.433791524367006   } 
   nonlocal_energy { 0.6321822937462285   } 
   nonlocal_energyvar { 2.158680904335251   } 
   autocorr_energy { } 
} 

block { 
   label vmc
   totweight 64000
   nautocorr 0
   total_energy { -4.84144899528658   } 
   total_energyvar { 0.4478531220382802   } 
   weight { 1   } 
   weightvar { 0   } 
   kinetic_energy { 2.629195046449765   } 
   kinetic_energyvar { 2.916532782751703   } 
   potential_energy { -8.114508068249462   } 
   potential_energyvar { 4.764284126541463   } 
   nonlocal_energy { 0.6438640265131196   } 
   nonlocal_energyvar { 2.346467975751406   } 
   autocorr_energy { } 
} 

block { 
   label vmc
   totweight 64000
   nautocorr 0
   total_energy { -4.836644999258761   } 
   total_energyvar { 0.565772441417272   } 
   weight { 1   } 
   weightvar { 0   } 
   kinetic_energy { 2.600637097267841   } 
   kinetic_energyvar { 2.825847229907666   } 
   potential_energy { -8.07017712434066   } 
   potential_energyvar { 4.437542777905569   } 
   nonlocal_energy { 0.6328950278140569   } 
   nonlocal_energyvar { 2.050214817875928   } 
   autocorr_energy { } 
} 

block { 
   label vmc
   totweight 64000
   nautocorr 0
   total_energy { -4.840276742561842   } 
   total_energyvar { 0.4632598312586276   } 
   weight { 1   } 
   weightvar { 0   } 
   kinetic_energy { 2.577910433231202   } 
   kinetic_energyvar { 2.710271786680455   } 
   potential_energy { -8.051094952044897   } 
   potential_energyvar { 4.048111632550231   } 
   nonlocal_energy { 0.6329077762518533   } 
   nonlocal_energyvar { 2.085474514955996   } 
   autocorr_energy { } 
} 

block { 
   label vmc
   totweight 64000
   nautocorr 0
   total_energy { -4.843693493764103   } 
   total_energyvar { 0.4591812328429803   } 
   weight { 1   } 
   weightvar { 0   } 
   kinetic_energy { 2.584355789982494   } 
   kinetic_energyvar { 2.757948816476385   } 
   potential_energy { -8.071169052879748   } 
   potential_energyvar { 4.182932151495215   } 
   nonlocal_energy { 0.6431197691331522   } 
   nonlocal_energyvar { 2.197131161076138   } 
   autocorr_energy { } 
} 

block { 
   label vmc
   totweight 64000
   nautocorr 0
   total_energy { -4.838359734241105   } 
   total_energyvar { 0.4523840257821547   } 
   weight { 1   } 
   weightvar { 0   } 
   kinetic_energy { 2.609732295517185   } 
   kinetic_energyvar { 2.82514045780216   } 
   potential_energy { -8.076776338330713   } 
   potential_energyvar { 4.201779311330751   } 
   nonlocal_energy { 0.6286843085724233   } 
   nonlocal_energyvar { 2.187766888289826   } 
   autocorr_energy { } 
} 

block { 
   label vmc
   totweight 64000
   nautocorr 0
   total_energy { -4.83647997607652   } 
   total_energyvar { 0.499443843224868   } 
   weight { 1   } 
   weightvar { 0   } 
   kinetic_energy { 2.602333408677116   } 
   kinetic_energyvar { 2.870927993019581   } 
   potential_energy { -8.088352170666502   } 
   potential_energyvar { 5.770806475287071   } 
   nonlocal_energy { 0.6495387859128654   } 
   nonlocal_energyvar { 3.329136549494855   } 
   autocorr_energy { } 
} 

block { 
   label vmc
   totweight 64000
   nautocorr 0
   total_energy { -4.835609806045706   } 
   total_energyvar { 0.5246665140454024   } 
   weight { 1   } 
   weightvar { 0   } 
   kinetic_energy { 2.604589374734575   } 
   kinetic_energyvar { 2.757904812952261   } 
   potential_energy { -8.078345361122148   } 
   potential_energyvar { 4.497447889711428   } 
   nonlocal_energy { 0.6381461803418691   } 
   nonlocal_energyvar { 2.108765245034756   } 
   autocorr_energy { } 
} 

block { 
   label vmc
   totweight 64000
   nautocorr 0
   total_energy { -4.840019868264271   } 
   total_energyvar { 0.4646114503079647   } 
   weight { 1   } 
   weightvar { 0   } 
   kinetic_energy { 2.608444107820701   } 
   kinetic_energyvar { 2.817479271946954   } 
   potential_energy { -8.07860245614158   } 
   potential_energyvar { 4.150945990371192   } 
   nonlocal_energy { 0.630138480056607   } 
   nonlocal_energyvar { 2.063997774449303   } 
   autocorr_energy { } 
} 

block { 
   label vmc
   totweight 64000
   nautocorr 0
   total_energy { -4.838673314751275   } 
   total_energyvar { 0.4803064151132926   } 
   weight { 1   } 
   weightvar { 0   } 
   kinetic_energy { 2.583755082194345   } 
   kinetic_energyvar { 2.851218862429858   } 
   potential_energy { -8.070335589320814   } 
   potential_energyvar { 4.53395641446144   } 
   nonlocal_energy { 0.6479071923751939   } 
   nonlocal_energyvar { 2.415608758689439   } 
   autocorr_energy { } 
} 

block { 
   label vmc
   totweight 64000
   nautocorr 0
   total_energy { -4.839185320675688   } 
   total_energyvar { 0.4564902498380119   } 
   weight { 1   } 
   weightvar { 0   } 
   kinetic_energy { 2.591051464002338   } 
   kinetic_energyvar { 2.764628475012078   } 
   potential_energy { -8.063551437876848   } 
   potential_energyvar { 4.156700755465335   } 
   nonlocal_energy { 0.6333146531988203   } 
   nonlocal_energyvar { 2.221133679864375   } 
   autocorr_energy { } 
} 

block { 
   label vmc
   totweight 64000
   nautocorr 0
   total_energy { -4.835153660868459   } 
   total_energyvar { 0.4614340119256545   } 
   weight { 1   } 
   weightvar { 0   } 
   kinetic_energy { 2.602628075864537   } 
   kinetic_energyvar { 2.776526884360372   } 
   potential_energy { -8.066642963677012   } 
   potential_energyvar { 4.234537029338806   } 
   nonlocal_energy { 0.6288612269440158   } 
   nonlocal_energyvar { 2.089594716432034   } 
   autocorr_energy { } 
} 

block { 
   label vmc
   totweight 64000
   nautocorr 0
   total_energy { -4.840124889303536   } 
   total_energyvar { 0.4451399670864961   } 
   weight { 1   } 
   weightvar { 0   } 
   kinetic_energy { 2.607382732159517   } 
   kinetic_energyvar { 2.902777287465663   } 
   potential_energy { -8.086207451091054   } 
   potential_energyvar { 4.471041903383307   } 
   nonlocal_energy { 0.6386998296280013   } 
   nonlocal_energyvar { 2.271550348737094   } 
   autocorr_energy { } 
} 

block { 
   label vmc
   totweight 64000
   nautocorr 0
   total_energy { -4.837891998546246   } 
   total_energyvar { 0.4982258951095363   } 
   weight { 1   } 
   weightvar { 0   } 
   kinetic_energy { 2.602938664249478   } 
   kinetic_energyvar { 2.795630568472565   } 
   potential_energy { -8.064666105782758   } 
   potential_energyvar { 4.470214367563367   } 
   nonlocal_energy { 0.6238354429870342   } 
   nonlocal_energyvar { 2.192410776650795   } 
   autocorr_energy { } 
} 

block { 
   label vmc
   totweight 64000
   nautocorr 0
   total_energy { -4.837081029614508   } 
   total_energyvar { 0.561487962214021   } 
   weight { 1   } 
   weightvar { 0   } 
   kinetic_energy { 2.597811106999869   } 
   kinetic_energyvar { 2.760987000052603   } 
   potential_energy { -8.064933868447543   } 
   potential_energyvar { 4.182405867490623   } 
   nonlocal_energy { 0.6300417318331675   } 
   nonlocal_energyvar { 1.981514072860691   } 
   autocorr_energy { } 
} 

block { 
   label vmc
   totweight 64000
   nautocorr 0
   total_energy { -4.838732308047991   } 
   total_energyvar { 0.4701116440119305   } 
   weight { 1   } 
   weightvar { 0   } 
   kinetic_energy { 2.59571260047644   } 
   kinetic_energyvar { 2.707553383400715   } 
   potential_energy { -8.074483052278778   } 
   potential_energyvar { 4.619738195809976   } 
   nonlocal_energy { 0.6400381437543453   } 
   nonlocal_energyvar { 2.416427159274065   } 
   autocorr_energy { } 
} 

block { 
   label vmc
   totweight 64000
   nautocorr 0
   total_energy { -4.83570472617162   } 
   total_energyvar { 0.5101067164495949   } 
   weight { 1   } 
   weightvar { 0   } 
   kinetic_energy { 2.605421984034936   } 
   kinetic_energyvar { 2.825411352416607   } 
   potential_energy { -8.058573218317663   } 
   potential_energyvar { 4.464460550423838   } 
   nonlocal_energy { 0.6174465081111069   } 
   nonlocal_energyvar { 2.203609344642302   } 
   autocorr_energy { } 
} 

block { 
   label vmc
   totweight 64000
   nautocorr 0
   total_energy { -4.838829102089221   } 
   total_energyvar { 0.4685778327448615   } 
   weight { 1   } 
   weightvar { 0   } 
   kinetic_energy { 2.611492184335855   } 
   kinetic_energyvar { 2.840550160390809   } 
   potential_energy { -8.088817576419906   } 
   potential_energyvar { 4.519905522348705   } 
   nonlocal_energy { 0.6384962899948281   } 
   nonlocal_energyvar { 2.286158608265277   } 
   autocorr_energy { } 
} 

block { 
   label vmc
   totweight 64000
   nautocorr 0
   total_energy { -4.841093767906655   } 
   total_energyvar { 0.4755905177082955   } 
   weight { 1   } 
   weightvar { 0   } 
   kinetic_energy { 2.581440438208087   } 
   kinetic_energyvar { 2.793995423818021   } 
   potential_energy { -8.060985104959538   } 
   potential_energyvar { 4.337621919415828   } 
   nonlocal_energy { 0.6384508988447979   } 
   nonlocal_energyvar { 2.279110081662955   } 
   autocorr_energy { } 
} 

block { 
   label vmc
   totweight 64000
   nautocorr 0
   total_energy { -4.844212955418432   } 
   total_energyvar { 0.5177186357211039   } 
   weight { 1   } 
   weightvar { 0   } 
   kinetic_energy { 2.588985178640819   } 
   kinetic_energyvar { 2.714699453364166   } 
   potential_energy { -8.067885966938972   } 
   potential_energyvar { 4.477069290097154   } 
   nonlocal_energy { 0.6346878328797209   } 
   nonlocal_energyvar { 2.314185373703885   } 
   autocorr_energy { } 
} 

block { 
   label vmc
   totweight 64000
   nautocorr 0
   total_energy { -4.838507495014581   } 
   total_energyvar { 0.467513207784077   } 
   weight { 1   } 
   weightvar { 0   } 
   kinetic_energy { 2.625209626067428   } 
   kinetic_energyvar { 2.873554180594033   } 
   potential_energy { -8.091744320187487   } 
   potential_energyvar { 4.21717256150523   } 
   nonlocal_energy { 0.6280271991054753   } 
   nonlocal_energyvar { 2.090409013155026   } 
   autocorr_energy { } 
} 

block { 
   label vmc
   totweight 64000
   nautocorr 0
   total_energy { -4.836736163370151   } 
   total_energyvar { 0.4461376469672212   } 
   weight { 1   } 
   weightvar { 0   } 
   kinetic_energy { 2.609345727125777   } 
   kinetic_energyvar { 2.861986062883834   } 
   potential_energy { -8.083572476914684   } 
   potential_energyvar { 4.57140468318677   } 
   nonlocal_energy { 0.6374905864187547   } 
   nonlocal_energyvar { 2.39700222495295   } 
   autocorr_energy { } 
} 

block { 
   label vmc
   totweight 64000
   nautocorr 0
   total_energy { -4.836938699706881   } 
   total_energyvar { 0.5553244497197677   } 
   weight { 1   } 
   weightvar { 0   } 
   kinetic_energy { 2.61639360794707   } 
   kinetic_energyvar { 2.786664985596023   } 
   potential_energy { -8.09725709787223   } 
   potential_energyvar { 6.313408874095714   } 
   nonlocal_energy { 0.6439247902182789   } 
   nonlocal_energyvar { 3.900311578579523   } 
   autocorr_energy { } 
} 

block { 
   label vmc
   totweight 64000
   nautocorr 0
   total_energy { -4.83561473138077   } 
   total_energyvar { 0.4715386500217211   } 
   weight { 1   } 
   weightvar { 0   } 
   kinetic_energy { 2.617016365060647   } 
   kinetic_energyvar { 2.840334723727993   } 
   potential_energy { -8.083213800665375   } 
   potential_energyvar { 4.84389956669478   } 
   nonlocal_energy { 0.6305827042239581   } 
   nonlocal_energyvar { 2.504696139955669   } 
   autocorr_energy { } 
} 

block { 
   label vmc
   totweight 64000
   nautocorr 0
   total_energy { -4.842643856918415   } 
   total_energyvar { 0.4781725553911881   } 
   weight { 1   } 
   weightvar { 0   } 
   kinetic_energy { 2.594108432339522   } 
   kinetic_energyvar { 2.73813300362447   } 
   potential_energy { -8.07138348845964   } 
   potential_energyvar { 4.337427521673426   } 
   nonlocal_energy { 0.6346311992017026   } 
   nonlocal_energyvar { 2.084188096681154   } 
   autocorr_energy { } 
} 

block { 
   label vmc
   totweight 64000
   nautocorr 0
   total_energy { -4.838207375096619   } 
   total_energyvar { 0.4878354481508097   } 
   weight { 1   } 
   weightvar { 0   } 
   kinetic_energy { 2.594706264861782   } 
   kinetic_energyvar { 2.834465452570817   } 
   potential_energy { -8.077419135736811   } 
   potential_energyvar { 5.005502647068416   } 
   nonlocal_energy { 0.6445054957784085   } 
   nonlocal_energyvar { 2.788340505963634   } 
   autocorr_energy { } 
} 

block { 
   label vmc
   totweight 64000
   nautocorr 0
   total_energy { -4.841076370447401   } 
   total_energyvar { 0.4432664323832182   } 
   weight { 1   } 
   weightvar { 0   } 
   kinetic_energy { 2.614717875397413   } 
   kinetic_energyvar { 2.85702253735674   } 
   potential_energy { -8.086368325152852   } 
   potential_energyvar { 4.34783795062764   } 
   nonlocal_energy { 0.6305740793080375   } 
   nonlocal_energyvar { 2.294683147667097   } 
   autocorr_energy { } 
} 

block { 
   label vmc
   totweight 64000
   nautocorr 0
   total_energy { -4.84152870311538   } 
   total_energyvar { 0.4756877446497385   } 
   weight { 1   } 
   weightvar { 0   } 
   kinetic_energy { 2.600819804946306   } 
   kinetic_energyvar { 2.782455006717402   } 
   potential_energy { -8.059563366512933   } 
   potential_energyvar { 4.052008810673964   } 
   nonlocal_energy { 0.6172148584512454   } 
   nonlocal_energyvar { 2.016698421740482   } 
   autocorr_energy { } 
} 

block { 
   label vmc
   totweight 64000
   nautocorr 0
   total_energy { -4.837317569445198   } 
   total_energyvar { 0.4800283505149415   } 
   weight { 1   } 
   weightvar { 0   } 
   kinetic_energy { 2.577157139802331   } 
   kinetic_energyvar { 2.747787939209906   } 
   potential_energy { -8.051665078431217   } 
   potential_energyvar { 4.222453207750956   } 
   nonlocal_energy { 0.6371903691836871   } 
   nonlocal_energyvar { 2.195513713269809   } 
   autocorr_energy { } 
} 

block { 
   label vmc
   totweight 64000
   nautocorr 0
   total_energy { -4.832860626329367   } 
   total_energyvar { 0.5535421744529181   } 
   weight { 1   } 
   weightvar { 0   } 
   kinetic_energy { 2.590503603057233   } 
   kinetic_energyvar { 2.788884794237814   } 
   potential_energy { -8.055792721847073   } 
   potential_energyvar { 4.31300752345982   } 
   nonlocal_energy { 0.6324284924604715   } 
   nonlocal_energyvar { 2.248022111081685   } 
   autocorr_energy { } 
} 

block { 
   label vmc
   totweight 64000
   nautocorr 0
   total_energy { -4.837839997949347   } 
   total_energyvar { 0.4543163880501486   } 
   weight { 1   } 
   weightvar { 0   } 
   kinetic_energy { 2.596493970952872   } 
   kinetic_energyvar { 2.797577804257406   } 
   potential_energy { -8.074990490598937   } 
   potential_energyvar { 4.338365756302592   } 
   nonlocal_energy { 0.6406565216967178   } 
   nonlocal_energyvar { 2.174821280972668   } 
   autocorr_energy { } 
} 

block { 
   label vmc
   totweight 64000
   nautocorr 0
   total_energy { -4.836134939414019   } 
   total_energyvar { 0.4679392657195552   } 
   weight { 1   } 
   weightvar { 0   } 
   kinetic_energy { 2.597706693742487   } 
   kinetic_energyvar { 2.742935663705889   } 
   potential_energy { -8.060547482599832   } 
   potential_energyvar { 4.433590161656769   } 
   nonlocal_energy { 0.6267058494433269   } 
   nonlocal_energyvar { 2.323263862064679   } 
   autocorr_energy { } 
} 

block { 
   label vmc
   totweight 64000
   nautocorr 0
   total_energy { -4.834019849862233   } 
   total_energyvar { 0.4844099278450056   } 
   weight { 1   } 
   weightvar { 0   } 
   kinetic_energy { 2.621602960472931   } 
   kinetic_energyvar { 2.841971259246877   } 
   potential_energy { -8.091648904423385   } 
   potential_energyvar { 4.688008917129581   } 
   nonlocal_energy { 0.6360260940882212   } 
   nonlocal_energyvar { 2.291458233969169   } 
   autocorr_energy { } 
} 

block { 
   label vmc
   totweight 64000
   nautocorr 0
   total_energy { -4.837549304015007   } 
   total_energyvar { 0.4910680008255349   } 
   weight { 1   } 
   weightvar { 0   } 
   kinetic_energy { 2.598423844596872   } 
   kinetic_energyvar { 2.775795536783502   } 
   potential_energy { -8.065519198832614   } 
   potential_energyvar { 4.243230241806063   } 
   nonlocal_energy { 0.6295460502207347   } 
   nonlocal_energyvar { 2.095619167763133   } 
   autocorr_energy { } 
} 

block { 
   label vmc
   totweight 64000
   nautocorr 0
   total_energy { -4.836680039555079   } 
   total_energyvar { 0.4755911472325586   } 
   weight { 1   } 
   weightvar { 0   } 
   kinetic_energy { 2.588098081762645   } 
   kinetic_energyvar { 2.75511903459085   } 
   potential_energy { -8.055990269601256   } 
   potential_energyvar { 4.127928416752732   } 
   nonlocal_energy { 0.6312121482835358   } 
   nonlocal_energyvar { 2.151775463673029   } 
   autocorr_energy { } 
} 

block { 
   label vmc
   totweight 64000
   nautocorr 0
   total_energy { -4.842234795398233   } 
   total_energyvar { 0.4460154956810952   } 
   weight { 1   } 
   weightvar { 0   } 
   kinetic_energy { 2.602102352246154   } 
   kinetic_energyvar { 2.830097071380372   } 
   potential_energy { -8.070078510059091   } 
   potential_energyvar { 4.305893695356767   } 
   nonlocal_energy { 0.6257413624147037   } 
   nonlocal_energyvar { 2.221820091920069   } 
   autocorr_energy { } 
} 

block { 
   label vmc
   totweight 64000
   nautocorr 0
   total_energy { -4.840723400013394   } 
   total_energyvar { 0.4558828815702798   } 
   weight { 1   } 
   weightvar { 0   } 
   kinetic_energy { 2.592666127624462   } 
   kinetic_energyvar { 2.7929205125234   } 
   potential_energy { -8.070161719120048   } 
   potential_energyvar { 4.143480328715118   } 
   nonlocal_energy { 0.6367721914821941   } 
   nonlocal_energyvar { 2.209532247915928   } 
   autocorr_energy { } 
} 

block { 
   label vmc
   totweight 64000
   nautocorr 0
   total_energy { -4.839111315606775   } 
   total_energyvar { 0.4400931803929188   } 
   weight { 1   } 
   weightvar { 0   } 
   kinetic_energy { 2.592530345294592   } 
   kinetic_energyvar { 2.698480016388738   } 
   potential_energy { -8.064382451882258   } 
   potential_energyvar { 4.26026551954471   } 
   nonlocal_energy { 0.6327407909808895   } 
   nonlocal_energyvar { 2.105335882908864   } 
   autocorr_energy { } 
} 

block { 
   label vmc
   totweight 64000
   nautocorr 0
   total_energy { -4.840581784600666   } 
   total_energyvar { 0.4685604140384066   } 
   weight { 1   } 
   weightvar { 0   } 
   kinetic_energy { 2.596819123976768   } 
   kinetic_energyvar { 2.706539623876101   } 
   potential_energy { -8.067689720529948   } 
   potential_energyvar { 4.16206517266169   } 
   nonlocal_energy { 0.6302888119525144   } 
   nonlocal_energyvar { 2.062574640703436   } 
   autocorr_energy { } 
} 

block { 
   label vmc
   totweight 64000
   nautocorr 0
   total_energy { -4.838751368495392   } 
   total_energyvar { 0.4621820680300528   } 
   weight { 1   } 
   weightvar { 0   } 
   kinetic_energy { 2.598579502236237   } 
   kinetic_energyvar { 2.808633011165803   } 
   potential_energy { -8.0672414524277   } 
   potential_energyvar { 4.128420038109698   } 
   nonlocal_energy { 0.6299105816960689   } 
   nonlocal_energyvar { 2.166921805099389   } 
   autocorr_energy { } 
} 

block { 
   label vmc
   totweight 64000
   nautocorr 0
   total_energy { -4.843911198068869   } 
   total_energyvar { 0.4651126770514465   } 
   weight { 1   } 
   weightvar { 0   } 
   kinetic_energy { 2.59240238232629   } 
   kinetic_energyvar { 2.821505272437312   } 
   potential_energy { -8.066889205471043   } 
   potential_energyvar { 4.168005908973624   } 
   nonlocal_energy { 0.6305756250758832   } 
   nonlocal_energyvar { 2.053172608509762   } 
   autocorr_energy { } 
} 

block { 
   label vmc
   totweight 64000
   nautocorr 0
   total_energy { -4.836646895534962   } 
   total_energyvar { 0.5370200990801323   } 
   weight { 1   } 
   weightvar { 0   } 
   kinetic_energy { 2.574885530798334   } 
   kinetic_energyvar { 2.654358166634059   } 
   potential_energy { -8.029548220114725   } 
   potential_energyvar { 4.061169393611029   } 
   nonlocal_energy { 0.6180157937814282   } 
   nonlocal_energyvar { 1.982261505173762   } 
   autocorr_energy { } 
} 

block { 
   label vmc
   totweight 64000
   nautocorr 0
   total_energy { -4.843229262449359   } 
   total_energyvar { 0.4466823183099433   } 
   weight { 1   } 
   weightvar { 0   } 
   kinetic_energy { 2.605203979578715   } 
   kinetic_energyvar { 2.712886408466664   } 
   potential_energy { -8.070369513895137   } 
   potential_energyvar { 4.069893924713989   } 
   nonlocal_energy { 0.6219362718670639   } 
   nonlocal_energyvar { 2.028423064048362   } 
   autocorr_energy { } 
} 

block { 
   label vmc
   totweight 64000
   nautocorr 0
   total_energy { -4.836120915703084   } 
   total_energyvar { 0.4812734739887924   } 
   weight { 1   } 
   weightvar { 0   } 
   kinetic_energy { 2.606933593129879   } 
   kinetic_energyvar { 2.751771725748964   } 
   potential_energy { -8.084735518321336   } 
   potential_energyvar { 6.170806542222749   } 
   nonlocal_energy { 0.6416810094883721   } 
   nonlocal_energyvar { 3.79862168254617   } 
   autocorr_energy { } 
} 

block { 
   label vmc
   totweight 64000
   nautocorr 0
   total_energy { -4.835997440322137   } 
   total_energyvar { 0.5022570959298315   } 
   weight { 1   } 
   weightvar { 0   } 
   kinetic_energy { 2.602140474908599   } 
   kinetic_energyvar { 2.747634306201935   } 
   potential_energy { -8.063932072830012   } 
   potential_energyvar { 4.33664537686587   } 
   nonlocal_energy { 0.6257941575992741   } 
   nonlocal_energyvar { 2.112591409444744   } 
   autocorr_energy { } 
} 

block { 
   label vmc
   totweight 64000
   nautocorr 0
   total_energy { -4.835286449257215   } 
   total_energyvar { 0.5768904220781237   } 
   weight { 1   } 
   weightvar { 0   } 
   kinetic_energy { 2.599270656343334   } 
   kinetic_energyvar { 2.771928698732527   } 
   potential_energy { -8.059974602255755   } 
   potential_energyvar { 4.625471661167943   } 
   nonlocal_energy { 0.6254174966552062   } 
   nonlocal_energyvar { 2.178765348801636   } 
   autocorr_energy { } 
} 

block { 
   label vmc
   totweight 64000
   nautocorr 0
   total_energy { -4.840667157961335   } 
   total_energyvar { 0.4536286883921816   } 
   weight { 1   } 
   weightvar { 0   } 
   kinetic_energy { 2.597716620162404   } 
   kinetic_energyvar { 2.827555738549484   } 
   potential_energy { -8.086973183172343   } 
   potential_energyvar { 5.914777519543271   } 
   nonlocal_energy { 0.6485894050486056   } 
   nonlocal_energyvar { 3.561421875220175   } 
   autocorr_energy { } 
} 

block { 
   label vmc
   totweight 64000
   nautocorr 0
   total_energy { -4.836792378972108   } 
   total_energyvar { 0.4590531155108694   } 
   weight { 1   } 
   weightvar { 0   } 
   kinetic_energy { 2.599500723762119   } 
   kinetic_energyvar { 2.79182716704825   } 
   potential_energy { -8.072910422448551   } 
   potential_energyvar { 4.352026369517501   } 
   nonlocal_energy { 0.6366173197143248   } 
   nonlocal_energyvar { 2.32998428992272   } 
   autocorr_energy { } 
} 

block { 
   label vmc
   totweight 64000
   nautocorr 0
   total_energy { -4.844279342761791   } 
   total_energyvar { 0.4772683180377489   } 
   weight { 1   } 
   weightvar { 0   } 
   kinetic_energy { 2.586767301241198   } 
   kinetic_energyvar { 2.738110131753071   } 
   potential_energy { -8.061936552474656   } 
   potential_energyvar { 4.308802225664987   } 
   nonlocal_energy { 0.6308899084716629   } 
   nonlocal_energyvar { 2.287446070766193   } 
   autocorr_energy { } 
} 

block { 
   label vmc
   totweight 64000
   nautocorr 0
   total_energy { -4.83685525834299   } 
   total_energyvar { 0.4660002195233219   } 
   weight { 1   } 
   weightvar { 0   } 
   kinetic_energy { 2.613985989104504   } 
   kinetic_energyvar { 2.716461815498842   } 
   potential_energy { -8.067257074340668   } 
   potential_energyvar { 4.210253333428729   } 
   nonlocal_energy { 0.6164158268931756   } 
   nonlocal_energyvar { 1.965449533695652   } 
   autocorr_energy { } 
} 

block { 
   label vmc
   totweight 64000
   nautocorr 0
   total_energy { -4.841778037091578   } 
   total_energyvar { 0.4464819739891022   } 
   weight { 1   } 
   weightvar { 0   } 
   kinetic_energy { 2.610173111783886   } 
   kinetic_energyvar { 2.772547589339097   } 
   potential_energy { -8.077312695138966   } 
   potential_energyvar { 4.101806674508341   } 
   nonlocal_energy { 0.625361546263501   } 
   nonlocal_energyvar { 2.009960116606503   } 
   autocorr_energy { } 
} 

block { 
   label vmc
   totweight 64000
   nautocorr 0
   total_energy { -4.841341406787384   } 
   total_energyvar { 0.4587384043244506   } 
   weight { 1   } 
   weightvar { 0   } 
   kinetic_energy { 2.59267559552649   } 
   kinetic_energyvar { 2.697137574870407   } 
   potential_energy { -8.074440408928083   } 
   potential_energyvar { 4.376177855494547   } 
   nonlocal_energy { 0.6404234066142093   } 
   nonlocal_energyvar { 2.13508758110709   } 
   autocorr_energy { } 
} 

block { 
   label vmc
   totweight 64000
   nautocorr 0
   total_energy { -4.838660990248364   } 
   total_energyvar { 0.493647852883365   } 
   weight { 1   } 
   weightvar { 0   } 
   kinetic_energy { 2.599407976480674   } 
   kinetic_energyvar { 2.761207854926907   } 
   potential_energy { -8.072672605983119   } 
   potential_energyvar { 4.413169487701158   } 
   nonlocal_energy { 0.6346036392540786   } 
   nonlocal_energyvar { 2.234178088396503   } 
   autocorr_energy { } 
} 

block { 
   label vmc
   totweight 64000
   nautocorr 0
   total_energy { -4.840756746733699   } 
   total_energyvar { 0.4898844976091131   } 
   weight { 1   } 
   weightvar { 0   } 
   kinetic_energy { 2.597490434845708   } 
   kinetic_energyvar { 2.837305876446537   } 
   potential_energy { -8.080270345763152   } 
   potential_energyvar { 4.566638156689435   } 
   nonlocal_energy { 0.6420231641837433   } 
   nonlocal_energyvar { 2.242331796135879   } 
   autocorr_energy { } 
} 

block { 
   label vmc
   totweight 64000
   nautocorr 0
   total_energy { -4.84098937950671   } 
   total_energyvar { 0.4868935872470034   } 
   weight { 1   } 
   weightvar { 0   } 
   kinetic_energy { 2.593783687171546   } 
   kinetic_energyvar { 2.780660545484712   } 
   potential_energy { -8.074745017965448   } 
   potential_energyvar { 4.166172648792464   } 
   nonlocal_energy { 0.6399719512871923   } 
   nonlocal_energyvar { 2.08955474633858   } 
   autocorr_energy { } 
} 

block { 
   label vmc
   totweight 64000
   nautocorr 0
   total_energy { -4.837595482930753   } 
   total_energyvar { 0.4631271545604408   } 
   weight { 1   } 
   weightvar { 0   } 
   kinetic_energy { 2.592470814024404   } 
   kinetic_energyvar { 2.745925845771569   } 
   potential_energy { -8.074371594122185   } 
   potential_energyvar { 5.18547341906361   } 
   nonlocal_energy { 0.6443052971670286   } 
   nonlocal_energyvar { 2.996583806992211   } 
   autocorr_energy { } 
} 

block { 
   label vmc
   totweight 64000
   nautocorr 0
   total_energy { -4.840377251292029   } 
   total_energyvar { 0.4974686291110527   } 
   weight { 1   } 
   weightvar { 0   } 
   kinetic_energy { 2.598775803872576   } 
   kinetic_energyvar { 2.693454098067143   } 
   potential_energy { -8.071927027748247   } 
   potential_energyvar { 4.311679764874214   } 
   nonlocal_energy { 0.6327739725836403   } 
   nonlocal_energyvar { 2.010148673530415   } 
   autocorr_energy { } 
} 

block { 
   label vmc
   totweight 64000
   nautocorr 0
   total_energy { -4.839264047662253   } 
   total_energyvar { 0.4639912165155589   } 
   weight { 1   } 
   weightvar { 0   } 
   kinetic_energy { 2.604523556527619   } 
   kinetic_energyvar { 2.74791336791616   } 
   potential_energy { -8.077857330286122   } 
   potential_energyvar { 5.061828467359609   } 
   nonlocal_energy { 0.6340697260962511   } 
   nonlocal_energyvar { 2.794391309482048   } 
   autocorr_energy { } 
} 

block { 
   label vmc
   totweight 64000
   nautocorr 0
   total_energy { -4.837012568954718   } 
   total_energyvar { 0.4397372629891323   } 
   weight { 1   } 
   weightvar { 0   } 
   kinetic_energy { 2.608660250673389   } 
   kinetic_energyvar { 2.771217203607105   } 
   potential_energy { -8.074624586519846   } 
   potential_energyvar { 4.238147412622293   } 
   nonlocal_energy { 0.6289517668917387   } 
   nonlocal_energyvar { 2.045398367251087   } 
   autocorr_energy { } 
} 

block { 
   label vmc
   totweight 64000
   nautocorr 0
   total_energy { -4.837449153181844   } 
   total_energyvar { 0.45406085891515   } 
   weight { 1   } 
   weightvar { 0   } 
   kinetic_energy { 2.608242196379873   } 
   kinetic_energyvar { 2.792722496389744   } 
   potential_energy { -8.088108638988381   } 
   potential_energyvar { 4.203006358774404   } 
   nonlocal_energy { 0.6424172894266656   } 
   nonlocal_energyvar { 2.156381552439231   } 
   autocorr_energy { } 
} 

block { 
   label vmc
   totweight 64000
   nautocorr 0
   total_energy { -4.837614075988744   } 
   total_energyvar { 0.4593193360880184   } 
   weight { 1   } 
   weightvar { 0   } 
   kinetic_energy { 2.589122442245196   } 
   kinetic_energyvar { 2.850204719730113   } 
   potential_energy { -8.051458924736274   } 
   potential_energyvar { 4.032168320892281   } 
   nonlocal_energy { 0.6247224065023337   } 
   nonlocal_energyvar { 2.115664669172738   } 
   autocorr_energy { } 
} 

block { 
   label vmc
   totweight 64000
   nautocorr 0
   total_energy { -4.835512038045497   } 
   total_energyvar { 0.475989056985439   } 
   weight { 1   } 
   weightvar { 0   } 
   kinetic_energy { 2.602621004328334   } 
   kinetic_energyvar { 2.753104990205496   } 
   potential_energy { -8.0598401319253   } 
   potential_energyvar { 4.153520264638788   } 
   nonlocal_energy { 0.621707089551468   } 
   nonlocal_energyvar { 2.038943086649374   } 
   autocorr_energy { } 
} 

block { 
   label vmc
   totweight 64000
   nautocorr 0
   total_energy { -4.83956355181592   } 
   total_energyvar { 0.4161994428888234   } 
   weight { 1   } 
   weightvar { 0   } 
   kinetic_energy { 2.592695537567991   } 
   kinetic_energyvar { 2.688456754560541   } 
   potential_energy { -8.058954715463011   } 
   potential_energyvar { 4.196425631620513   } 
   nonlocal_energy { 0.6266956260791001   } 
   nonlocal_energyvar { 1.997345357117608   } 
   autocorr_energy { } 
} 

block { 
   label vmc
   totweight 64000
   nautocorr 0
   total_energy { -4.839489908968921   } 
   total_energyvar { 0.4317823309053831   } 
   weight { 1   } 
   weightvar { 0   } 
   kinetic_energy { 2.594479408666873   } 
   kinetic_energyvar { 2.689053682765219   } 
   potential_energy { -8.066394011496168   } 
   potential_energyvar { 4.171254975939631   } 
   nonlocal_energy { 0.6324246938603765   } 
   nonlocal_energyvar { 2.146140628502028   } 
   autocorr_energy { } 
} 

block { 
   label vmc
   totweight 64000
   nautocorr 0
   total_energy { -4.842098044344949   } 
   total_energyvar { 0.4771207852821063   } 
   weight { 1   } 
   weightvar { 0   } 
   kinetic_energy { 2.599552885428016   } 
   kinetic_energyvar { 2.743057848330267   } 
   potential_energy { -8.073964895675566   } 
   potential_energyvar { 4.109100465873242   } 
   nonlocal_energy { 0.6323139659026005   } 
   nonlocal_energyvar { 2.122743743735449   } 
   autocorr_energy { } 
} 

block { 
   label vmc
   totweight 64000
   nautocorr 0
   total_energy { -4.841056217744088   } 
   total_energyvar { 0.4689247481851604   } 
   weight { 1   } 
   weightvar { 0   } 
   kinetic_energy { 2.618595850396741   } 
   kinetic_energyvar { 2.831252134574276   } 
   potential_energy { -8.096421015545205   } 
   potential_energyvar { 4.373485455166112   } 
   nonlocal_energy { 0.6367689474043768   } 
   nonlocal_energyvar { 2.112832832596506   } 
   autocorr_energy { } 
} 

block { 
   label vmc
   totweight 64000
   nautocorr 0
   total_energy { -4.838289977818155   } 
   total_energyvar { 0.4669872986340607   } 
   weight { 1   } 
   weightvar { 0   } 
   kinetic_energy { 2.59266085575269   } 
   kinetic_energyvar { 2.786410863392124   } 
   potential_energy { -8.068651975415555   } 
   potential_energyvar { 4.492949414407915   } 
   nonlocal_energy { 0.6377011418447094   } 
   nonlocal_energyvar { 2.290574837619541   } 
   autocorr_energy { } 
} 

block { 
   label vmc
   totweight 64000
   nautocorr 0
   total_energy { -4.835962337632268   } 
   total_energyvar { 0.4827135282000054   } 
   weight { 1   } 
   weightvar { 0   } 
   kinetic_energy { 2.596018584749033   } 
   kinetic_energyvar { 2.728899876685743   } 
   potential_energy { -8.062562831608268   } 
   potential_energyvar { 4.195924798797924   } 
   nonlocal_energy { 0.6305819092269678   } 
   nonlocal_energyvar { 2.061237412456142   } 
   autocorr_energy { } 
} 

block { 
   label vmc
   totweight 64000
   nautocorr 0
   total_energy { -4.831848249213096   } 
   total_energyvar { 0.4929165216421771   } 
   weight { 1   } 
   weightvar { 0   } 
   kinetic_energy { 2.603732852165923   } 
   kinetic_energyvar { 2.871814027263329   } 
   potential_energy { -8.078627563165924   } 
   potential_energyvar { 4.50002958991889   } 
   nonlocal_energy { 0.6430464617869034   } 
   nonlocal_energyvar { 2.287076666880301   } 
   autocorr_energy { } 
} 

block { 
   label vmc
   totweight 64000
   nautocorr 0
   total_energy { -4.834627944008686   } 
   total_energyvar { 0.4978975917116039   } 
   weight { 1   } 
   weightvar { 0   } 
   kinetic_energy { 2.577934519871119   } 
   kinetic_energyvar { 2.699799923816065   } 
   potential_energy { -8.033718573059495   } 
   potential_energyvar { 4.063142444724733   } 
   nonlocal_energy { 0.6211561091796922   } 
   nonlocal_energyvar { 2.004402493745074   } 
   autocorr_energy { } 
} 

block { 
   label vmc
   totweight 64000
   nautocorr 0
   total_energy { -4.838532562371412   } 
   total_energyvar { 0.4679991823661079   } 
   weight { 1   } 
   weightvar { 0   } 
   kinetic_energy { 2.59762647493282   } 
   kinetic_energyvar { 2.806725597868374   } 
   potential_energy { -8.07147096146638   } 
   potential_energyvar { 4.230148419177251   } 
   nonlocal_energy { 0.6353119241621491   } 
   nonlocal_energyvar { 2.138109094514007   } 
   autocorr_energy { } 
} 

block { 
   label vmc
   totweight 64000
   nautocorr 0
   total_energy { -4.844867767839251   } 
   total_energyvar { 0.4332168967988669   } 
   weight { 1   } 
   weightvar { 0   } 
   kinetic_energy { 2.603861553896047   } 
   kinetic_energyvar { 2.76960748899876   } 
   potential_energy { -8.082799320122174   } 
   potential_energyvar { 4.390171034528881   } 
   nonlocal_energy { 0.6340699983868778   } 
   nonlocal_energyvar { 2.178774279259699   } 
   autocorr_energy { } 
} 

block { 
   label vmc
   totweight 64000
   nautocorr 0
   total_energy { -4.841724999104443   } 
   total_energyvar { 0.4842825989310845   } 
   weight { 1   } 
   weightvar { 0   } 
   kinetic_energy { 2.593363130942316   } 
   kinetic_energyvar { 2.775731550647195   } 
   potential_energy { -8.058477106426412   } 
   potential_energyvar { 4.047993144249621   } 
   nonlocal_energy { 0.6233889763796537   } 
   nonlocal_energyvar { 2.050093398236759   } 
   autocorr_energy { } 
} 

block { 
   label vmc
   totweight 64000
   nautocorr 0
   total_energy { -4.837230260748359   } 
   total_energyvar { 0.443589807780122   } 
   weight { 1   } 
   weightvar { 0   } 
   kinetic_energy { 2.59891801068519   } 
   kinetic_energyvar { 2.852401479506872   } 
   potential_energy { -8.060956218307616   } 
   potential_energyvar { 4.168434460268704   } 
   nonlocal_energy { 0.6248079468740674   } 
   nonlocal_energyvar { 1.991783627613687   } 
   autocorr_energy { } 
} 

block { 
   label vmc
   totweight 64000
   nautocorr 0
   total_energy { -4.839070352392282   } 
   total_energyvar { 0.4607865091435986   } 
   weight { 1   } 
   weightvar { 0   } 
   kinetic_energy { 2.607855500476356   } 
   kinetic_energyvar { 2.697148235866936   } 
   potential_energy { -8.080505613955117   } 
   potential_energyvar { 4.408310170773596   } 
   nonlocal_energy { 0.6335797610864796   } 
   nonlocal_energyvar { 2.107520231657728   } 
   autocorr_energy { } 
} 

block { 
   label vmc
   totweight 64000
   nautocorr 0
   total_energy { -4.834990207715056   } 
   total_energyvar { 0.5755388737990774   } 
   weight { 1   } 
   weightvar { 0   } 
   kinetic_energy { 2.609012412345535   } 
   kinetic_energyvar { 2.732750738963275   } 
   potential_energy { -8.068365387013383   } 
   potential_energyvar { 4.126264186164812   } 
   nonlocal_energy { 0.6243627669527911   } 
   nonlocal_energyvar { 1.940740977764957   } 
   autocorr_energy { } 
} 

block { 
   label vmc
   totweight 64000
   nautocorr 0
   total_energy { -4.838457120673531   } 
   total_energyvar { 0.451703202658757   } 
   weight { 1   } 
   weightvar { 0   } 
   kinetic_energy { 2.606198314259543   } 
   kinetic_energyvar { 2.816355246162732   } 
   potential_energy { -8.070839899141392   } 
   potential_energyvar { 4.137283184197288   } 
   nonlocal_energy { 0.6261844642083165   } 
   nonlocal_energyvar { 2.153603797778953   } 
   autocorr_energy { } 
} 

block { 
   label vmc
   totweight 64000
   nautocorr 0
   total_energy { -4.836029807762079   } 
   total_energyvar { 0.4777738795794545   } 
   weight { 1   } 
   weightvar { 0   } 
   kinetic_energy { 2.611665999544161   } 
   kinetic_energyvar { 2.725263584912764   } 
   potential_energy { -8.075774842054111   } 
   potential_energyvar { 4.764419006790642   } 
   nonlocal_energy { 0.6280790347478711   } 
   nonlocal_energyvar { 2.420049504532181   } 
   autocorr_energy { } 
} 

block { 
   label vmc
   totweight 64000
   nautocorr 0
   total_energy { -4.841172742657316   } 
   total_energyvar { 0.4901502705235977   } 
   weight { 1   } 
   weightvar { 0   } 
   kinetic_energy { 2.596560550513239   } 
   kinetic_energyvar { 2.65939688563447   } 
   potential_energy { -8.061467746460732   } 
   potential_energyvar { 4.081676899937942   } 
   nonlocal_energy { 0.6237344532901782   } 
   nonlocal_energyvar { 1.960010783986002   } 
   autocorr_energy { } 
} 

block { 
   label vmc
   totweight 64000
   nautocorr 0
   total_energy { -4.840459284970707   } 
   total_energyvar { 0.4601765488587715   } 
   weight { 1   } 
   weightvar { 0   } 
   kinetic_energy { 2.59686142951978   } 
   kinetic_energyvar { 2.749854080565922   } 
   potential_energy { -8.070760883366539   } 
   potential_energyvar { 4.278449725020876   } 
   nonlocal_energy { 0.6334401688760508   } 
   nonlocal_energyvar { 2.074313073424406   } 
   autocorr_energy { } 
} 

block { 
   label vmc
   totweight 64000
   nautocorr 0
   total_energy { -4.837060863186715   } 
   total_energyvar { 0.5303100966391012   } 
   weight { 1   } 
   weightvar { 0   } 
   kinetic_energy { 2.588939890144571   } 
   kinetic_energyvar { 2.695159784230294   } 
   potential_energy { -8.05183847462285   } 
   potential_energyvar { 4.54239617111231   } 
   nonlocal_energy { 0.6258377212915621   } 
   nonlocal_energyvar { 2.380146518707984   } 
   autocorr_energy { } 
} 

block { 
   label vmc
   totweight 64000
   nautocorr 0
   total_energy { -4.836383771693847   } 
   total_energyvar { 0.4915504252911115   } 
   weight { 1   } 
   weightvar { 0   } 
   kinetic_energy { 2.612063729602333   } 
   kinetic_energyvar { 2.872810518870051   } 
   potential_energy { -8.095046267621871   } 
   potential_energyvar { 4.946699992022527   } 
   nonlocal_energy { 0.6465987663256922   } 
   nonlocal_energyvar { 2.578929753484576   } 
   autocorr_energy { } 
} 

block { 
   label vmc
   totweight 64000
   nautocorr 0
   total_energy { -4.83555911380706   } 
   total_energyvar { 0.4632972168035749   } 
   weight { 1   } 
   weightvar { 0   } 
   kinetic_energy { 2.588157428587903   } 
   kinetic_energyvar { 2.651116484672787   } 
   potential_energy { -8.055844615303753   } 
   potential_energyvar { 4.137245365054365   } 
   nonlocal_energy { 0.6321280729087906   } 
   nonlocal_energyvar { 2.038145101898427   } 
   autocorr_energy { } 
} 

block { 
   label vmc
   totweight 64000
   nautocorr 0
   total_energy { -4.842417828002793   } 
   total_energyvar { 0.5062682696557869   } 
   weight { 1   } 
   weightvar { 0   } 
   kinetic_energy { 2.60517150650517   } 
   kinetic_energyvar { 2.811879490134334   } 
   potential_energy { -8.093430501361986   } 
   potential_energyvar { 4.526787962511235   } 
   nonlocal_energy { 0.6458411668540234   } 
   nonlocal_energyvar { 2.215370569529348   } 
   autocorr_energy { } 
} 

block { 
   label vmc
   totweight 64000
   nautocorr 0
   total_energy { -4.836217711745499   } 
   total_energyvar { 0.6212887428613881   } 
   weight { 1   } 
   weightvar { 0   } 
   kinetic_energy { 2.582805879377245   } 
   kinetic_energyvar { 2.699481638498543   } 
   potential_energy { -8.046407373797816   } 
   potential_energyvar { 4.279533416097467   } 
   nonlocal_energy { 0.6273837826750718   } 
   nonlocal_energyvar { 2.002644712161787   } 
   autocorr_energy { } 
} 

block { 
   label vmc
   totweight 64000
   nautocorr 0
   total_energy { -4.838354807933836   } 
   total_energyvar { 0.5095866134627174   } 
   weight { 1   } 
   weightvar { 0   } 
   kinetic_energy { 2.589431614352253   } 
   kinetic_energyvar { 2.67653145389605   } 
   potential_energy { -8.056157442350298   } 
   potential_energyvar { 4.183235924578812   } 
   nonlocal_energy { 0.6283710200642076   } 
   nonlocal_energyvar { 2.057943985300344   } 
   autocorr_energy { } 
} 

block { 
   label vmc
   totweight 64000
   nautocorr 0
   total_energy { -4.840868413474579   } 
   total_energyvar { 0.4605458013214431   } 
   weight { 1   } 
   weightvar { 0   } 
   kinetic_energy { 2.61889378052448   } 
   kinetic_energyvar { 2.881437109840474   } 
   potential_energy { -8.093480725753253   } 
   potential_energyvar { 4.37799133103506   } 
   nonlocal_energy { 0.6337185317541963   } 
   nonlocal_energyvar { 2.188637252569194   } 
   autocorr_energy { } 
} 

block { 
   label vmc
   totweight 64000
   nautocorr 0
   total_energy { -4.837302405566572   } 
   total_energyvar { 0.5381659224482652   } 
   weight { 1   } 
   weightvar { 0   } 
   kinetic_energy { 2.609511489732735   } 
   kinetic_energyvar { 2.751304093957971   } 
   potential_energy { -8.071289503738898   } 
   potential_energyvar { 4.406422508858713   } 
   nonlocal_energy { 0.6244756084395909   } 
   nonlocal_energyvar { 2.020729031757377   } 
   autocorr_energy { } 
} 

block { 
   label vmc
   totweight 64000
   nautocorr 0
   total_energy { -4.841243963148773   } 
   total_energyvar { 0.4273688134752074   } 
   weight { 1   } 
   weightvar { 0   } 
   kinetic_energy { 2.591071283765466   } 
   kinetic_energyvar { 2.68430055454539   } 
   potential_energy { -8.054106947916909   } 
   potential_energyvar { 4.004737233800681   } 
   nonlocal_energy { 0.6217917010026691   } 
   nonlocal_energyvar { 1.940083031498438   } 
   autocorr_energy { } 
} 

block { 
   label vmc
   totweight 64000
   nautocorr 0
   total_energy { -4.836939701261654   } 
   total_energyvar { 0.5398113677078268   } 
   weight { 1   } 
   weightvar { 0   } 
   kinetic_energy { 2.591248346107378   } 
   kinetic_energyvar { 2.728166329166836   } 
   potential_energy { -8.06645937637264   } 
   potential_energyvar { 4.19609409270175   } 
   nonlocal_energy { 0.6382713290036055   } 
   nonlocal_energyvar { 2.099081759176407   } 
   autocorr_energy { } 
} 

block { 
   label vmc
   totweight 64000
   nautocorr 0
   total_energy { -4.834633939872503   } 
   total_energyvar { 0.4819555546499605   } 
   weight { 1   } 
   weightvar { 0   } 
   kinetic_energy { 2.596315040633897   } 
   kinetic_energyvar { 2.810367841747749   } 
   potential_energy { -8.057465176225765   } 
   potential_energyvar { 4.102164992107983   } 
   nonlocal_energy { 0.626516195719364   } 
   nonlocal_energyvar { 2.130574735020504   } 
   autocorr_energy { } 
} 

block { 
   label vmc
   totweight 64000
   nautocorr 0
   total_energy { -4.836193716574971   } 
   total_energyvar { 0.4726380935160094   } 
   weight { 1   } 
   weightvar { 0   } 
   kinetic_energy { 2.593896639472444   } 
   kinetic_energyvar { 2.739869826782378   } 
   potential_energy { -8.062851043199215   } 
   potential_energyvar { 4.055707606840558   } 
   nonlocal_energy { 0.6327606871517986   } 
   nonlocal_energyvar { 2.127307158759967   } 
   autocorr_energy { } 
} 

block { 
   label vmc
   totweight 64000
   nautocorr 0
   total_energy { -4.836244276820528   } 
   total_energyvar { 0.4639363463124883   } 
   weight { 1   } 
   weightvar { 0   } 
   kinetic_energy { 2.588047282674501   } 
   kinetic_energyvar { 2.807887927009713   } 
   potential_energy { -8.060583001004762   } 
   potential_energyvar { 4.174745328528484   } 
   nonlocal_energy { 0.6362914415097282   } 
   nonlocal_energyvar { 2.150820692399565   } 
   autocorr_energy { } 
} 

block { 
   label vmc
   totweight 64000
   nautocorr 0
   total_energy { -4.841519573398418   } 
   total_energyvar { 0.4351208939499832   } 
   weight { 1   } 
   weightvar { 0   } 
   kinetic_energy { 2.606058743123278   } 
   kinetic_energyvar { 2.807861060657979   } 
   potential_energy { -8.087247471971347   } 
   potential_energyvar { 4.377650421590012   } 
   nonlocal_energy { 0.6396691554496499   } 
   nonlocal_energyvar { 2.302796077502347   } 
   autocorr_energy { } 
} 

block { 
   label vmc
   totweight 64000
   nautocorr 0
   total_energy { -4.836674131808603   } 
   total_energyvar { 0.4894489866179556   } 
   weight { 1   } 
   weightvar { 0   } 
   kinetic_energy { 2.598886696525711   } 
   kinetic_energyvar { 2.736606642385078   } 
   potential_energy { -8.069082732304068   } 
   potential_energyvar { 4.320978678974198   } 
   nonlocal_energy { 0.6335219039697545   } 
   nonlocal_energyvar { 2.079814484422646   } 
   autocorr_energy { } 
} 

block { 
   label vmc
   totweight 64000
   nautocorr 0
   total_energy { -4.831378169782698   } 
   total_energyvar { 0.5068645182316782   } 
   weight { 1   } 
   weightvar { 0   } 
   kinetic_energy { 2.57996749126683   } 
   kinetic_energyvar { 2.761829866747101   } 
   potential_energy { -8.051196701482635   } 
   potential_energyvar { 4.2375726838748   } 
   nonlocal_energy { 0.6398510404331078   } 
   nonlocal_energyvar { 2.15771045160543   } 
   autocorr_energy { } 
} 

block { 
   label vmc
   totweight 64000
   nautocorr 0
   total_energy { -4.834837291592459   } 
   total_energyvar { 0.5025063998888936   } 
   weight { 1   } 
   weightvar { 0   } 
   kinetic_energy { 2.603197406966232   } 
   kinetic_energyvar { 2.833733831768937   } 
   potential_energy { -8.064038267379633   } 
   potential_energyvar { 4.066529336776902   } 
   nonlocal_energy { 0.6260035688209437   } 
   nonlocal_energyvar { 2.026429104524829   } 
   autocorr_energy { } 
} 

block { 
   label vmc
   totweight 64000
   nautocorr 0
   total_energy { -4.833574876721503   } 
   total_energyvar { 0.4469883891408772   } 
   weight { 1   } 
   weightvar { 0   } 
   kinetic_energy { 2.608991274549191   } 
   kinetic_energyvar { 2.792278648428816   } 
   potential_energy { -8.077536802411387   } 
   potential_energyvar { 4.164909647079654   } 
   nonlocal_energy { 0.6349706511406923   } 
   nonlocal_energyvar { 2.116286876377628   } 
   autocorr_energy { } 
} 

block { 
   label vmc
   totweight 64000
   nautocorr 0
   total_energy { -4.840252852835101   } 
   total_energyvar { 0.4494758006113677   } 
   weight { 1   } 
   weightvar { 0   } 
   kinetic_energy { 2.595452878011414   } 
   kinetic_energyvar { 2.817624405425144   } 
   potential_energy { -8.079925845216577   } 
   potential_energyvar { 4.474323272004234   } 
   nonlocal_energy { 0.6442201143700637   } 
   nonlocal_energyvar { 2.603504323350368   } 
   autocorr_energy { } 
} 

