#-------------------------------------------------
#DMC run: timestep 0.001
#-------------------------------------------------


init { 
   label ts_0.001
}
block { 
   label ts_0.001
   totweight 17408000
   nautocorr 0
   total_energy { -5.900401082771868   } 
   total_energyvar { 0.1150052273741046   } 
   weight { 1.003500581606823   } 
   weightvar { 0.01000929928288805   } 
   kinetic_energy { 3.936931421602389   } 
   kinetic_energyvar { 4.684596765676743   } 
   potential_energy { -10.42905389002624   } 
   potential_energyvar { 5.925839387274538   } 
   nonlocal_energy { 0.5917213856519846   } 
   nonlocal_energyvar { 2.299545706707458   } 
   autocorr_energy { } 
} 

block { 
   label ts_0.001
   totweight 17408000
   nautocorr 0
   total_energy { -5.90753400556745   } 
   total_energyvar { 0.1170427136488625   } 
   weight { 1.006537650890212   } 
   weightvar { 0.04241602363563551   } 
   kinetic_energy { 3.943401153582995   } 
   kinetic_energyvar { 4.650607862841618   } 
   potential_energy { -10.44935295256706   } 
   potential_energyvar { 5.91546706890719   } 
   nonlocal_energy { 0.5984177934166175   } 
   nonlocal_energyvar { 2.31690849403327   } 
   autocorr_energy { } 
} 

block { 
   label ts_0.001
   totweight 17408000
   nautocorr 0
   total_energy { -5.912026542569912   } 
   total_energyvar { 0.1111676931473686   } 
   weight { 1.006616807654018   } 
   weightvar { 0.07016237835581088   } 
   kinetic_energy { 3.909863722362103   } 
   kinetic_energyvar { 4.663058106701141   } 
   potential_energy { -10.41230542250569   } 
   potential_energyvar { 6.003052602676751   } 
   nonlocal_energy { 0.5904151575736774   } 
   nonlocal_energyvar { 2.318062836049609   } 
   autocorr_energy { } 
} 

block { 
   label ts_0.001
   totweight 17408000
   nautocorr 0
   total_energy { -5.913021301884672   } 
   total_energyvar { 0.1099272163362951   } 
   weight { 1.006435281677589   } 
   weightvar { 0.08586142817584942   } 
   kinetic_energy { 3.924168754477419   } 
   kinetic_energyvar { 4.689749015137025   } 
   potential_energy { -10.43140552818406   } 
   potential_energyvar { 6.076853970388155   } 
   nonlocal_energy { 0.5942154718219749   } 
   nonlocal_energyvar { 2.409889468781855   } 
   autocorr_energy { } 
} 

block { 
   label ts_0.001
   totweight 17408000
   nautocorr 0
   total_energy { -5.912836176849373   } 
   total_energyvar { 0.1157096576684672   } 
   weight { 1.004670138790436   } 
   weightvar { 0.09423967426241668   } 
   kinetic_energy { 3.933057580374098   } 
   kinetic_energyvar { 4.756684832613195   } 
   potential_energy { -10.44565557391522   } 
   potential_energyvar { 6.220129988931513   } 
   nonlocal_energy { 0.5997618166917447   } 
   nonlocal_energyvar { 2.528074873239677   } 
   autocorr_energy { } 
} 

block { 
   label ts_0.001
   totweight 17408000
   nautocorr 0
   total_energy { -5.913161144953077   } 
   total_energyvar { 0.1229615648276795   } 
   weight { 1.004057245532   } 
   weightvar { 0.09978069137727964   } 
   kinetic_energy { 3.910736175693201   } 
   kinetic_energyvar { 4.655232648884047   } 
   potential_energy { -10.41796259927829   } 
   potential_energyvar { 5.925071700642247   } 
   nonlocal_energy { 0.5940652786320134   } 
   nonlocal_energyvar { 2.307005696303998   } 
   autocorr_energy { } 
} 

block { 
   label ts_0.001
   totweight 17408000
   nautocorr 0
   total_energy { -5.915068743627877   } 
   total_energyvar { 0.1184527238281422   } 
   weight { 1.002053277916166   } 
   weightvar { 0.1023534158861951   } 
   kinetic_energy { 3.909749530525445   } 
   kinetic_energyvar { 4.702282930093542   } 
   potential_energy { -10.41665595494916   } 
   potential_energyvar { 6.01276490790194   } 
   nonlocal_energy { 0.5918376807958348   } 
   nonlocal_energyvar { 2.39462874777365   } 
   autocorr_energy { } 
} 

block { 
   label ts_0.001
   totweight 17408000
   nautocorr 0
   total_energy { -5.916357671448444   } 
   total_energyvar { 0.11482638398249   } 
   weight { 1.002052676596229   } 
   weightvar { 0.1034024529802905   } 
   kinetic_energy { 3.912181661197893   } 
   kinetic_energyvar { 4.670388824160836   } 
   potential_energy { -10.41633055753807   } 
   potential_energyvar { 5.978937453684189   } 
   nonlocal_energy { 0.5877912248917336   } 
   nonlocal_energyvar { 2.338741985633922   } 
   autocorr_energy { } 
} 

block { 
   label ts_0.001
   totweight 17408000
   nautocorr 0
   total_energy { -5.917275985661798   } 
   total_energyvar { 0.1096822224525436   } 
   weight { 1.0022093873693   } 
   weightvar { 0.1040828291705055   } 
   kinetic_energy { 3.926153916867279   } 
   kinetic_energyvar { 4.628261131534861   } 
   potential_energy { -10.43296725743371   } 
   potential_energyvar { 5.92439042672814   } 
   nonlocal_energy { 0.5895373549046341   } 
   nonlocal_energyvar { 2.272807347450681   } 
   autocorr_energy { } 
} 

block { 
   label ts_0.001
   totweight 17408000
   nautocorr 0
   total_energy { -5.917111735216722   } 
   total_energyvar { 0.1109390566413558   } 
   weight { 1.001725849190268   } 
   weightvar { 0.105683090870445   } 
   kinetic_energy { 3.925642619947965   } 
   kinetic_energyvar { 4.649224662209575   } 
   potential_energy { -10.43413023539753   } 
   potential_energyvar { 5.962001159480795   } 
   nonlocal_energy { 0.5913758802328419   } 
   nonlocal_energyvar { 2.351369122791503   } 
   autocorr_energy { } 
} 

block { 
   label ts_0.001
   totweight 17408000
   nautocorr 0
   total_energy { -5.917039726686544   } 
   total_energyvar { 0.1091054517634675   } 
   weight { 1.001390171180182   } 
   weightvar { 0.1056106525683089   } 
   kinetic_energy { 3.929365449693743   } 
   kinetic_energyvar { 4.736641260368866   } 
   potential_energy { -10.4458595512547   } 
   potential_energyvar { 6.072302220229143   } 
   nonlocal_energy { 0.5994543748744126   } 
   nonlocal_energyvar { 2.416401421380681   } 
   autocorr_energy { } 
} 

block { 
   label ts_0.001
   totweight 17408000
   nautocorr 0
   total_energy { -5.916681317921446   } 
   total_energyvar { 0.1146493842065848   } 
   weight { 1.000638996846461   } 
   weightvar { 0.1051053615509427   } 
   kinetic_energy { 3.922504343920162   } 
   kinetic_energyvar { 4.722553224761442   } 
   potential_energy { -10.43584302611836   } 
   potential_energyvar { 5.971823844857357   } 
   nonlocal_energy { 0.5966573642767574   } 
   nonlocal_energyvar { 2.321922190597737   } 
   autocorr_energy { } 
} 

block { 
   label ts_0.001
   totweight 17408000
   nautocorr 0
   total_energy { -5.917322563115117   } 
   total_energyvar { 0.1167205567527389   } 
   weight { 1.000198994122727   } 
   weightvar { 0.1046171187924462   } 
   kinetic_energy { 3.93788851021031   } 
   kinetic_energyvar { 4.690571159116625   } 
   potential_energy { -10.44186169399936   } 
   potential_energyvar { 6.013451529119884   } 
   nonlocal_energy { 0.5866506206739348   } 
   nonlocal_energyvar { 2.363607710208917   } 
   autocorr_energy { } 
} 

block { 
   label ts_0.001
   totweight 17408000
   nautocorr 0
   total_energy { -5.917419528002568   } 
   total_energyvar { 0.1259333149776711   } 
   weight { 0.9998424696819771   } 
   weightvar { 0.1042093184655878   } 
   kinetic_energy { 3.929653903150421   } 
   kinetic_energyvar { 4.710313123823242   } 
   potential_energy { -10.4358581349496   } 
   potential_energyvar { 6.004161980394679   } 
   nonlocal_energy { 0.5887847037966155   } 
   nonlocal_energyvar { 2.356515807552926   } 
   autocorr_energy { } 
} 

