#-------------------------------------------------
#VMC run: timestep 1 nconfig 640 steps 100
#-------------------------------------------------


init { 
   label vmc
}
block { 
   label vmc
   totweight 64000
   nautocorr 0
   total_energy { -5.695749113761758   } 
   total_energyvar { 0.681305834251987   } 
   weight { 1   } 
   weightvar { 0   } 
   kinetic_energy { 3.584775617100501   } 
   kinetic_energyvar { 4.116894031256957   } 
   potential_energy { -9.851595141416441   } 
   potential_energyvar { 6.477424169127024   } 
   nonlocal_energy { 0.5710704105541807   } 
   nonlocal_energyvar { 2.385726535042153   } 
   autocorr_energy { } 
} 

block { 
   label vmc
   totweight 64000
   nautocorr 0
   total_energy { -5.688474089373423   } 
   total_energyvar { 0.7840479674454913   } 
   weight { 1   } 
   weightvar { 0   } 
   kinetic_energy { 3.56659112970536   } 
   kinetic_energyvar { 3.953528172749568   } 
   potential_energy { -9.81599390525616   } 
   potential_energyvar { 6.539591838098659   } 
   nonlocal_energy { 0.5609286861773753   } 
   nonlocal_energyvar { 2.424435125698429   } 
   autocorr_energy { } 
} 

block { 
   label vmc
   totweight 64000
   nautocorr 0
   total_energy { -5.691158798650359   } 
   total_energyvar { 0.7259691846809753   } 
   weight { 1   } 
   weightvar { 0   } 
   kinetic_energy { 3.57836319160983   } 
   kinetic_energyvar { 4.102653212718361   } 
   potential_energy { -9.83655356580606   } 
   potential_energyvar { 6.639185610113103   } 
   nonlocal_energy { 0.5670315755458694   } 
   nonlocal_energyvar { 2.493248387779544   } 
   autocorr_energy { } 
} 

block { 
   label vmc
   totweight 64000
   nautocorr 0
   total_energy { -5.689653108872653   } 
   total_energyvar { 0.7350289573663047   } 
   weight { 1   } 
   weightvar { 0   } 
   kinetic_energy { 3.555549486261964   } 
   kinetic_energyvar { 3.968018449183591   } 
   potential_energy { -9.800932455410729   } 
   potential_energyvar { 5.927709747974037   } 
   nonlocal_energy { 0.5557298602761138   } 
   nonlocal_energyvar { 2.073160273981243   } 
   autocorr_energy { } 
} 

block { 
   label vmc
   totweight 64000
   nautocorr 0
   total_energy { -5.693980587878534   } 
   total_energyvar { 0.7702337941773261   } 
   weight { 1   } 
   weightvar { 0   } 
   kinetic_energy { 3.584270022526792   } 
   kinetic_energyvar { 4.089943335476125   } 
   potential_energy { -9.832692520564487   } 
   potential_energyvar { 6.179214045554462   } 
   nonlocal_energy { 0.5544419101591614   } 
   nonlocal_energyvar { 2.067831211166536   } 
   autocorr_energy { } 
} 

block { 
   label vmc
   totweight 64000
   nautocorr 0
   total_energy { -5.691078425264958   } 
   total_energyvar { 0.8273258683814209   } 
   weight { 1   } 
   weightvar { 0   } 
   kinetic_energy { 3.594765802835981   } 
   kinetic_energyvar { 4.096899035541028   } 
   potential_energy { -9.824922957734524   } 
   potential_energyvar { 6.081468852183286   } 
   nonlocal_energy { 0.5390787296335861   } 
   nonlocal_energyvar { 1.946700026188406   } 
   autocorr_energy { } 
} 

block { 
   label vmc
   totweight 64000
   nautocorr 0
   total_energy { -5.689234691922063   } 
   total_energyvar { 0.7574424864600077   } 
   weight { 1   } 
   weightvar { 0   } 
   kinetic_energy { 3.587894573357036   } 
   kinetic_energyvar { 4.036232377555189   } 
   potential_energy { -9.819151194704981   } 
   potential_energyvar { 6.097002153087135   } 
   nonlocal_energy { 0.5420219294258816   } 
   nonlocal_energyvar { 2.078667545477382   } 
   autocorr_energy { } 
} 

block { 
   label vmc
   totweight 64000
   nautocorr 0
   total_energy { -5.686532177484791   } 
   total_energyvar { 0.9076157109033023   } 
   weight { 1   } 
   weightvar { 0   } 
   kinetic_energy { 3.574676216769865   } 
   kinetic_energyvar { 4.211286417302172   } 
   potential_energy { -9.826476598371512   } 
   potential_energyvar { 6.497167470167841   } 
   nonlocal_energy { 0.5652682041168571   } 
   nonlocal_energyvar { 2.560840554798185   } 
   autocorr_energy { } 
} 

block { 
   label vmc
   totweight 64000
   nautocorr 0
   total_energy { -5.683843811124612   } 
   total_energyvar { 0.8969494187228055   } 
   weight { 1   } 
   weightvar { 0   } 
   kinetic_energy { 3.585647276492467   } 
   kinetic_energyvar { 4.063408270559105   } 
   potential_energy { -9.824961371847744   } 
   potential_energyvar { 6.480418652645232   } 
   nonlocal_energy { 0.5554702842306619   } 
   nonlocal_energyvar { 2.449043625988339   } 
   autocorr_energy { } 
} 

block { 
   label vmc
   totweight 64000
   nautocorr 0
   total_energy { -5.688110229575876   } 
   total_energyvar { 0.7693489072813295   } 
   weight { 1   } 
   weightvar { 0   } 
   kinetic_energy { 3.562822374040136   } 
   kinetic_energyvar { 4.027680125110306   } 
   potential_energy { -9.820504328154634   } 
   potential_energyvar { 6.859463920112821   } 
   nonlocal_energy { 0.5695717245386238   } 
   nonlocal_energyvar { 2.637665303955528   } 
   autocorr_energy { } 
} 

block { 
   label vmc
   totweight 64000
   nautocorr 0
   total_energy { -5.690146874848721   } 
   total_energyvar { 0.7206632900800602   } 
   weight { 1   } 
   weightvar { 0   } 
   kinetic_energy { 3.567794013091325   } 
   kinetic_energyvar { 3.890937797169032   } 
   potential_energy { -9.809732593295726   } 
   potential_energyvar { 6.009383791319147   } 
   nonlocal_energy { 0.551791705355681   } 
   nonlocal_energyvar { 1.907380354276107   } 
   autocorr_energy { } 
} 

block { 
   label vmc
   totweight 64000
   nautocorr 0
   total_energy { -5.6880358462795   } 
   total_energyvar { 0.774537334572886   } 
   weight { 1   } 
   weightvar { 0   } 
   kinetic_energy { 3.581411311061551   } 
   kinetic_energyvar { 4.078203077749306   } 
   potential_energy { -9.823388655837228   } 
   potential_energyvar { 6.200563689812221   } 
   nonlocal_energy { 0.5539414984961764   } 
   nonlocal_energyvar { 1.939976475542283   } 
   autocorr_energy { } 
} 

block { 
   label vmc
   totweight 64000
   nautocorr 0
   total_energy { -5.681382568986466   } 
   total_energyvar { 0.8617229775027326   } 
   weight { 1   } 
   weightvar { 0   } 
   kinetic_energy { 3.58812810946582   } 
   kinetic_energyvar { 4.195047980179118   } 
   potential_energy { -9.825550384398111   } 
   potential_energyvar { 6.735354772585891   } 
   nonlocal_energy { 0.5560397059458226   } 
   nonlocal_energyvar { 2.420046422948331   } 
   autocorr_energy { } 
} 

block { 
   label vmc
   totweight 64000
   nautocorr 0
   total_energy { -5.690188772828078   } 
   total_energyvar { 0.8027396073016203   } 
   weight { 1   } 
   weightvar { 0   } 
   kinetic_energy { 3.604445910094518   } 
   kinetic_energyvar { 4.045765901531031   } 
   potential_energy { -9.838433270498976   } 
   potential_energyvar { 6.204793941117585   } 
   nonlocal_energy { 0.5437985875763782   } 
   nonlocal_energyvar { 1.990252964976694   } 
   autocorr_energy { } 
} 

block { 
   label vmc
   totweight 64000
   nautocorr 0
   total_energy { -5.690425780400077   } 
   total_energyvar { 0.8082878797914942   } 
   weight { 1   } 
   weightvar { 0   } 
   kinetic_energy { 3.587570007664071   } 
   kinetic_energyvar { 4.12932527442178   } 
   potential_energy { -9.83769899713673   } 
   potential_energyvar { 6.386565567213   } 
   nonlocal_energy { 0.5597032090725789   } 
   nonlocal_energyvar { 2.056666032687637   } 
   autocorr_energy { } 
} 

block { 
   label vmc
   totweight 64000
   nautocorr 0
   total_energy { -5.691639057839362   } 
   total_energyvar { 0.8337662479855332   } 
   weight { 1   } 
   weightvar { 0   } 
   kinetic_energy { 3.614443900973257   } 
   kinetic_energyvar { 4.223633573024528   } 
   potential_energy { -9.866462930822964   } 
   potential_energyvar { 6.424195103260096   } 
   nonlocal_energy { 0.560379972010345   } 
   nonlocal_energyvar { 1.970128362692388   } 
   autocorr_energy { } 
} 

block { 
   label vmc
   totweight 64000
   nautocorr 0
   total_energy { -5.688969436971168   } 
   total_energyvar { 0.7509165895902321   } 
   weight { 1   } 
   weightvar { 0   } 
   kinetic_energy { 3.581538773392599   } 
   kinetic_energyvar { 3.923637658941539   } 
   potential_energy { -9.821279043270442   } 
   potential_energyvar { 5.950128800028319   } 
   nonlocal_energy { 0.5507708329066761   } 
   nonlocal_energyvar { 1.85914238681879   } 
   autocorr_energy { } 
} 

block { 
   label vmc
   totweight 64000
   nautocorr 0
   total_energy { -5.694315470796488   } 
   total_energyvar { 0.9456001125402572   } 
   weight { 1   } 
   weightvar { 0   } 
   kinetic_energy { 3.585605618978825   } 
   kinetic_energyvar { 4.325898575118904   } 
   potential_energy { -9.8321826132624   } 
   potential_energyvar { 6.36974384408806   } 
   nonlocal_energy { 0.5522615234870916   } 
   nonlocal_energyvar { 2.052360596673778   } 
   autocorr_energy { } 
} 

block { 
   label vmc
   totweight 64000
   nautocorr 0
   total_energy { -5.690671641609899   } 
   total_energyvar { 0.8598913423323086   } 
   weight { 1   } 
   weightvar { 0   } 
   kinetic_energy { 3.582444726241684   } 
   kinetic_energyvar { 4.043801180268443   } 
   potential_energy { -9.831290701888834   } 
   potential_energyvar { 6.534097686858712   } 
   nonlocal_energy { 0.5581743340372498   } 
   nonlocal_energyvar { 2.282749174255104   } 
   autocorr_energy { } 
} 

block { 
   label vmc
   totweight 64000
   nautocorr 0
   total_energy { -5.689399738804782   } 
   total_energyvar { 0.7703646250790821   } 
   weight { 1   } 
   weightvar { 0   } 
   kinetic_energy { 3.598066294979268   } 
   kinetic_energyvar { 4.106853663879087   } 
   potential_energy { -9.84948502786542   } 
   potential_energyvar { 6.192911407857771   } 
   nonlocal_energy { 0.5620189940813692   } 
   nonlocal_energyvar { 2.165209692354535   } 
   autocorr_energy { } 
} 

