#-------------------------------------------------
#VMC run: timestep 1 nconfig 544 steps 25
#-------------------------------------------------


init { 
   label vmc
}
block { 
   label vmc
   totweight 13600
   nautocorr 0
   total_energy { -4.923289041011341   } 
   total_energyvar { 0.0308149744548002   } 
   weight { 1   } 
   weightvar { 0   } 
   kinetic_energy { 2.630734196432587   } 
   kinetic_energyvar { 2.707756580190247   } 
   potential_energy { -8.192147276298131   } 
   potential_energyvar { 3.510338228267649   } 
   nonlocal_energy { 0.6381240388542041   } 
   nonlocal_energyvar { 1.960558142528258   } 
   autocorr_energy { } 
} 

block { 
   label vmc
   totweight 13600
   nautocorr 0
   total_energy { -4.922693247844251   } 
   total_energyvar { 0.03013539179847088   } 
   weight { 1   } 
   weightvar { 0   } 
   kinetic_energy { 2.632969807693033   } 
   kinetic_energyvar { 2.823793004194199   } 
   potential_energy { -8.212834852834501   } 
   potential_energyvar { 4.358099734075019   } 
   nonlocal_energy { 0.6571717972972166   } 
   nonlocal_energyvar { 2.322694307640997   } 
   autocorr_energy { } 
} 

block { 
   label vmc
   totweight 13600
   nautocorr 0
   total_energy { -4.921406866798121   } 
   total_energyvar { 0.03056357209343199   } 
   weight { 1   } 
   weightvar { 0   } 
   kinetic_energy { 2.624907915634291   } 
   kinetic_energyvar { 2.818832069894083   } 
   potential_energy { -8.185425634584288   } 
   potential_energyvar { 3.677120934400994   } 
   nonlocal_energy { 0.6391108521518734   } 
   nonlocal_energyvar { 2.119104125338804   } 
   autocorr_energy { } 
} 

block { 
   label vmc
   totweight 13600
   nautocorr 0
   total_energy { -4.92106115377453   } 
   total_energyvar { 0.0296379282302031   } 
   weight { 1   } 
   weightvar { 0   } 
   kinetic_energy { 2.633126381620751   } 
   kinetic_energyvar { 2.82400932730607   } 
   potential_energy { -8.198355959656334   } 
   potential_energyvar { 3.844892176654116   } 
   nonlocal_energy { 0.644168424261055   } 
   nonlocal_energyvar { 2.168150036702218   } 
   autocorr_energy { } 
} 

block { 
   label vmc
   totweight 13600
   nautocorr 0
   total_energy { -4.919757288793069   } 
   total_energyvar { 0.03042048848291942   } 
   weight { 1   } 
   weightvar { 0   } 
   kinetic_energy { 2.632659388898889   } 
   kinetic_energyvar { 2.674498437687689   } 
   potential_energy { -8.184013253912982   } 
   potential_energyvar { 3.635420520636722   } 
   nonlocal_energy { 0.6315965762210221   } 
   nonlocal_energyvar { 1.970150184588887   } 
   autocorr_energy { } 
} 

block { 
   label vmc
   totweight 13600
   nautocorr 0
   total_energy { -4.923609389602075   } 
   total_energyvar { 0.03484435724001553   } 
   weight { 1   } 
   weightvar { 0   } 
   kinetic_energy { 2.604888969736639   } 
   kinetic_energyvar { 2.815141137966954   } 
   potential_energy { -8.173492104120527   } 
   potential_energyvar { 3.737827437262728   } 
   nonlocal_energy { 0.6449937447818134   } 
   nonlocal_energyvar { 2.218474500832691   } 
   autocorr_energy { } 
} 

block { 
   label vmc
   totweight 13600
   nautocorr 0
   total_energy { -4.922066000934972   } 
   total_energyvar { 0.03101154442614309   } 
   weight { 1   } 
   weightvar { 0   } 
   kinetic_energy { 2.616131238178513   } 
   kinetic_energyvar { 2.799796957868282   } 
   potential_energy { -8.188371968274348   } 
   potential_energyvar { 4.234012611031454   } 
   nonlocal_energy { 0.6501747291608605   } 
   nonlocal_energyvar { 2.561317697899491   } 
   autocorr_energy { } 
} 

block { 
   label vmc
   totweight 13600
   nautocorr 0
   total_energy { -4.920991075850483   } 
   total_energyvar { 0.02821266172600236   } 
   weight { 1   } 
   weightvar { 0   } 
   kinetic_energy { 2.646871152291726   } 
   kinetic_energyvar { 2.753322884826658   } 
   potential_energy { -8.206194509874127   } 
   potential_energyvar { 3.820580504360767   } 
   nonlocal_energy { 0.6383322817319194   } 
   nonlocal_energyvar { 2.242664615834237   } 
   autocorr_energy { } 
} 

block { 
   label vmc
   totweight 13600
   nautocorr 0
   total_energy { -4.922502047439892   } 
   total_energyvar { 0.02974408970115239   } 
   weight { 1   } 
   weightvar { 0   } 
   kinetic_energy { 2.647769778625598   } 
   kinetic_energyvar { 2.848920317037856   } 
   potential_energy { -8.212203482443165   } 
   potential_energyvar { 3.849450130945102   } 
   nonlocal_energy { 0.6419316563776759   } 
   nonlocal_energyvar { 1.9478248388454   } 
   autocorr_energy { } 
} 

block { 
   label vmc
   totweight 13600
   nautocorr 0
   total_energy { -4.919997741106629   } 
   total_energyvar { 0.03203206322820443   } 
   weight { 1   } 
   weightvar { 0   } 
   kinetic_energy { 2.595806328094073   } 
   kinetic_energyvar { 2.739803887067153   } 
   potential_energy { -8.154204913379022   } 
   potential_energyvar { 4.617871607062673   } 
   nonlocal_energy { 0.6384008441783185   } 
   nonlocal_energyvar { 2.883332048465761   } 
   autocorr_energy { } 
} 

block { 
   label vmc
   totweight 13600
   nautocorr 0
   total_energy { -4.923175918413688   } 
   total_energyvar { 0.03119255915006812   } 
   weight { 1   } 
   weightvar { 0   } 
   kinetic_energy { 2.620871966107316   } 
   kinetic_energyvar { 2.704022467024981   } 
   potential_energy { -8.186857495234703   } 
   potential_energyvar { 3.881604877950593   } 
   nonlocal_energy { 0.6428096107137005   } 
   nonlocal_energyvar { 2.111097682006097   } 
   autocorr_energy { } 
} 

block { 
   label vmc
   totweight 13600
   nautocorr 0
   total_energy { -4.922824674652522   } 
   total_energyvar { 0.03038726674540536   } 
   weight { 1   } 
   weightvar { 0   } 
   kinetic_energy { 2.633529519134487   } 
   kinetic_energyvar { 2.666174102937187   } 
   potential_energy { -8.187199252171544   } 
   potential_energyvar { 3.667363975223387   } 
   nonlocal_energy { 0.6308450583845348   } 
   nonlocal_energyvar { 2.027792260417075   } 
   autocorr_energy { } 
} 

block { 
   label vmc
   totweight 13600
   nautocorr 0
   total_energy { -4.923406230622489   } 
   total_energyvar { 0.03153289039660253   } 
   weight { 1   } 
   weightvar { 0   } 
   kinetic_energy { 2.58707943178855   } 
   kinetic_energyvar { 2.661351275348101   } 
   potential_energy { -8.140096789397672   } 
   potential_energyvar { 3.396283198868933   } 
   nonlocal_energy { 0.6296111269866332   } 
   nonlocal_energyvar { 2.124705569216897   } 
   autocorr_energy { } 
} 

block { 
   label vmc
   totweight 13600
   nautocorr 0
   total_energy { -4.919851189449484   } 
   total_energyvar { 0.03253896463419961   } 
   weight { 1   } 
   weightvar { 0   } 
   kinetic_energy { 2.639331899208309   } 
   kinetic_energyvar { 2.742239662651099   } 
   potential_energy { -8.206300527237694   } 
   potential_energyvar { 3.785162881948959   } 
   nonlocal_energy { 0.6471174385799018   } 
   nonlocal_energyvar { 2.190538374263929   } 
   autocorr_energy { } 
} 

block { 
   label vmc
   totweight 13600
   nautocorr 0
   total_energy { -4.923373269693   } 
   total_energyvar { 0.03101750029876423   } 
   weight { 1   } 
   weightvar { 0   } 
   kinetic_energy { 2.641964430384423   } 
   kinetic_energyvar { 2.876109318466811   } 
   potential_energy { -8.206889489386045   } 
   potential_energyvar { 3.702377596374203   } 
   nonlocal_energy { 0.6415517893086246   } 
   nonlocal_energyvar { 2.207435835435143   } 
   autocorr_energy { } 
} 

block { 
   label vmc
   totweight 13600
   nautocorr 0
   total_energy { -4.91945845511184   } 
   total_energyvar { 0.0329028475080138   } 
   weight { 1   } 
   weightvar { 0   } 
   kinetic_energy { 2.641873357086499   } 
   kinetic_energyvar { 2.680492834815863   } 
   potential_energy { -8.190432832037487   } 
   potential_energyvar { 3.521083526548716   } 
   nonlocal_energy { 0.6291010198391483   } 
   nonlocal_energyvar { 1.945566704546827   } 
   autocorr_energy { } 
} 

block { 
   label vmc
   totweight 13600
   nautocorr 0
   total_energy { -4.921646572872456   } 
   total_energyvar { 0.03303864080766123   } 
   weight { 1   } 
   weightvar { 0   } 
   kinetic_energy { 2.596982105674518   } 
   kinetic_energyvar { 2.923784304570395   } 
   potential_energy { -8.165462000206773   } 
   potential_energyvar { 3.738490340321668   } 
   nonlocal_energy { 0.6468333216597988   } 
   nonlocal_energyvar { 2.169740021882141   } 
   autocorr_energy { } 
} 

block { 
   label vmc
   totweight 13600
   nautocorr 0
   total_energy { -4.921278273902217   } 
   total_energyvar { 0.03121996948558667   } 
   weight { 1   } 
   weightvar { 0   } 
   kinetic_energy { 2.619792684167508   } 
   kinetic_energyvar { 2.770777880871752   } 
   potential_energy { -8.193682485092699   } 
   potential_energyvar { 4.006534248707971   } 
   nonlocal_energy { 0.6526115270229743   } 
   nonlocal_energyvar { 2.231894957610053   } 
   autocorr_energy { } 
} 

block { 
   label vmc
   totweight 13600
   nautocorr 0
   total_energy { -4.920421263127961   } 
   total_energyvar { 0.03220855288273671   } 
   weight { 1   } 
   weightvar { 0   } 
   kinetic_energy { 2.598022858778557   } 
   kinetic_energyvar { 2.836939370309679   } 
   potential_energy { -8.155805739597527   } 
   potential_energyvar { 4.002123605181469   } 
   nonlocal_energy { 0.6373616176910094   } 
   nonlocal_energyvar { 2.532262123769963   } 
   autocorr_energy { } 
} 

block { 
   label vmc
   totweight 13600
   nautocorr 0
   total_energy { -4.921513120988273   } 
   total_energyvar { 0.03496402294530564   } 
   weight { 1   } 
   weightvar { 0   } 
   kinetic_energy { 2.642544959839372   } 
   kinetic_energyvar { 2.964316013930358   } 
   potential_energy { -8.209750630707349   } 
   potential_energyvar { 4.396713418160003   } 
   nonlocal_energy { 0.6456925498797073   } 
   nonlocal_energyvar { 2.715086048304111   } 
   autocorr_energy { } 
} 

block { 
   label vmc
   totweight 13600
   nautocorr 0
   total_energy { -4.920911944476539   } 
   total_energyvar { 0.03068267625893207   } 
   weight { 1   } 
   weightvar { 0   } 
   kinetic_energy { 2.652620318565186   } 
   kinetic_energyvar { 2.891548362126027   } 
   potential_energy { -8.20746229791424   } 
   potential_energyvar { 4.015378431271351   } 
   nonlocal_energy { 0.6339300348725154   } 
   nonlocal_energyvar { 2.060771875778204   } 
   autocorr_energy { } 
} 

block { 
   label vmc
   totweight 13600
   nautocorr 0
   total_energy { -4.92305142668922   } 
   total_energyvar { 0.03225133410943073   } 
   weight { 1   } 
   weightvar { 0   } 
   kinetic_energy { 2.675045073754048   } 
   kinetic_energyvar { 2.922519585615297   } 
   potential_energy { -8.23399824104162   } 
   potential_energyvar { 4.412322724695401   } 
   nonlocal_energy { 0.6359017405983519   } 
   nonlocal_energyvar { 2.159143342597712   } 
   autocorr_energy { } 
} 

block { 
   label vmc
   totweight 13600
   nautocorr 0
   total_energy { -4.922739588139029   } 
   total_energyvar { 0.02998078116223437   } 
   weight { 1   } 
   weightvar { 0   } 
   kinetic_energy { 2.626617519560562   } 
   kinetic_energyvar { 2.519656044451946   } 
   potential_energy { -8.14976912421179   } 
   potential_energyvar { 3.472658892035672   } 
   nonlocal_energy { 0.600412016512199   } 
   nonlocal_energyvar { 1.911797450271128   } 
   autocorr_energy { } 
} 

block { 
   label vmc
   totweight 13600
   nautocorr 0
   total_energy { -4.919676981020782   } 
   total_energyvar { 0.03172551860447614   } 
   weight { 1   } 
   weightvar { 0   } 
   kinetic_energy { 2.625623643469513   } 
   kinetic_energyvar { 2.722579107678363   } 
   potential_energy { -8.188460211234702   } 
   potential_energyvar { 4.69802383690493   } 
   nonlocal_energy { 0.6431595867444064   } 
   nonlocal_energyvar { 2.799695022668648   } 
   autocorr_energy { } 
} 

block { 
   label vmc
   totweight 13600
   nautocorr 0
   total_energy { -4.919271119245746   } 
   total_energyvar { 0.02983835998877475   } 
   weight { 1   } 
   weightvar { 0   } 
   kinetic_energy { 2.627722217370952   } 
   kinetic_energyvar { 2.728319154557694   } 
   potential_energy { -8.160891522608472   } 
   potential_energyvar { 3.591137870642249   } 
   nonlocal_energy { 0.6138981859917725   } 
   nonlocal_energyvar { 1.970440006836769   } 
   autocorr_energy { } 
} 

block { 
   label vmc
   totweight 13600
   nautocorr 0
   total_energy { -4.919979700893705   } 
   total_energyvar { 0.02877949806511285   } 
   weight { 1   } 
   weightvar { 0   } 
   kinetic_energy { 2.602614711174589   } 
   kinetic_energyvar { 2.604808693102816   } 
   potential_energy { -8.161141584612087   } 
   potential_energyvar { 4.247757112296864   } 
   nonlocal_energy { 0.6385471725437929   } 
   nonlocal_energyvar { 2.53529199894434   } 
   autocorr_energy { } 
} 

block { 
   label vmc
   totweight 13600
   nautocorr 0
   total_energy { -4.919765724897283   } 
   total_energyvar { 0.03166409733900136   } 
   weight { 1   } 
   weightvar { 0   } 
   kinetic_energy { 2.627605731671431   } 
   kinetic_energyvar { 3.002672061660021   } 
   potential_energy { -8.20823909847384   } 
   potential_energyvar { 4.274873800705543   } 
   nonlocal_energy { 0.6608676419051255   } 
   nonlocal_energyvar { 2.711724683344082   } 
   autocorr_energy { } 
} 

block { 
   label vmc
   totweight 13600
   nautocorr 0
   total_energy { -4.924001910112509   } 
   total_energyvar { 0.03018008514681954   } 
   weight { 1   } 
   weightvar { 0   } 
   kinetic_energy { 2.625860601308258   } 
   kinetic_energyvar { 2.878268446159926   } 
   potential_energy { -8.166025218307606   } 
   potential_energyvar { 3.734614459272152   } 
   nonlocal_energy { 0.6161627068868379   } 
   nonlocal_energyvar { 1.940842666204518   } 
   autocorr_energy { } 
} 

block { 
   label vmc
   totweight 13600
   nautocorr 0
   total_energy { -4.919556466177405   } 
   total_energyvar { 0.02918474915649731   } 
   weight { 1   } 
   weightvar { 0   } 
   kinetic_energy { 2.65051246940198   } 
   kinetic_energyvar { 3.040930443467464   } 
   potential_energy { -8.17544133497208   } 
   potential_energyvar { 3.766104179264657   } 
   nonlocal_energy { 0.6053723993926947   } 
   nonlocal_energyvar { 2.024812813299387   } 
   autocorr_energy { } 
} 

block { 
   label vmc
   totweight 13600
   nautocorr 0
   total_energy { -4.922411778867397   } 
   total_energyvar { 0.02948635263438184   } 
   weight { 1   } 
   weightvar { 0   } 
   kinetic_energy { 2.613109548307645   } 
   kinetic_energyvar { 2.738843760632253   } 
   potential_energy { -8.160425246574345   } 
   potential_energyvar { 3.77692496820539   } 
   nonlocal_energy { 0.624903919399303   } 
   nonlocal_energyvar { 1.904968713550082   } 
   autocorr_energy { } 
} 

block { 
   label vmc
   totweight 13600
   nautocorr 0
   total_energy { -4.919831909832684   } 
   total_energyvar { 0.02917125263327492   } 
   weight { 1   } 
   weightvar { 0   } 
   kinetic_energy { 2.677190759591788   } 
   kinetic_energyvar { 2.997118446534437   } 
   potential_energy { -8.231320094576322   } 
   potential_energyvar { 4.324132993630257   } 
   nonlocal_energy { 0.6342974251518488   } 
   nonlocal_energyvar { 2.219288070681628   } 
   autocorr_energy { } 
} 

block { 
   label vmc
   totweight 13600
   nautocorr 0
   total_energy { -4.923615704316125   } 
   total_energyvar { 0.02997590627668969   } 
   weight { 1   } 
   weightvar { 0   } 
   kinetic_energy { 2.668378251715717   } 
   kinetic_energyvar { 2.926121646000758   } 
   potential_energy { -8.22630732929119   } 
   potential_energyvar { 4.20523688906699   } 
   nonlocal_energy { 0.6343133732593477   } 
   nonlocal_energyvar { 2.285582179979937   } 
   autocorr_energy { } 
} 

block { 
   label vmc
   totweight 13600
   nautocorr 0
   total_energy { -4.922517958346335   } 
   total_energyvar { 0.03092293654190532   } 
   weight { 1   } 
   weightvar { 0   } 
   kinetic_energy { 2.639382345565357   } 
   kinetic_energyvar { 2.915969364777959   } 
   potential_energy { -8.200123156170928   } 
   potential_energyvar { 3.827531521272323   } 
   nonlocal_energy { 0.6382228522592368   } 
   nonlocal_energyvar { 2.413769824907576   } 
   autocorr_energy { } 
} 

block { 
   label vmc
   totweight 13600
   nautocorr 0
   total_energy { -4.920287419307217   } 
   total_energyvar { 0.02799393360842883   } 
   weight { 1   } 
   weightvar { 0   } 
   kinetic_energy { 2.616467341989426   } 
   kinetic_energyvar { 2.670009410308554   } 
   potential_energy { -8.172530262589373   } 
   potential_energyvar { 3.478745175474254   } 
   nonlocal_energy { 0.6357755012927293   } 
   nonlocal_energyvar { 2.045031494381528   } 
   autocorr_energy { } 
} 

block { 
   label vmc
   totweight 13600
   nautocorr 0
   total_energy { -4.920143265373449   } 
   total_energyvar { 0.03011854730704373   } 
   weight { 1   } 
   weightvar { 0   } 
   kinetic_energy { 2.62404752056815   } 
   kinetic_energyvar { 2.624356418338416   } 
   potential_energy { -8.161095461831712   } 
   potential_energyvar { 3.463647392656641   } 
   nonlocal_energy { 0.6169046758901129   } 
   nonlocal_energyvar { 2.237162178028158   } 
   autocorr_energy { } 
} 

block { 
   label vmc
   totweight 13600
   nautocorr 0
   total_energy { -4.920003722252794   } 
   total_energyvar { 0.03062337212442712   } 
   weight { 1   } 
   weightvar { 0   } 
   kinetic_energy { 2.642078007836664   } 
   kinetic_energyvar { 2.767150307450726   } 
   potential_energy { -8.207694449341261   } 
   potential_energyvar { 4.2214111927746   } 
   nonlocal_energy { 0.6456127192518031   } 
   nonlocal_energyvar { 2.312667287604029   } 
   autocorr_energy { } 
} 

block { 
   label vmc
   totweight 13600
   nautocorr 0
   total_energy { -4.92128589569778   } 
   total_energyvar { 0.03173286446182354   } 
   weight { 1   } 
   weightvar { 0   } 
   kinetic_energy { 2.664446793350151   } 
   kinetic_energyvar { 2.834548037013168   } 
   potential_energy { -8.199302096658164   } 
   potential_energyvar { 3.972530332242731   } 
   nonlocal_energy { 0.6135694076102329   } 
   nonlocal_energyvar { 2.14050410925046   } 
   autocorr_energy { } 
} 

block { 
   label vmc
   totweight 13600
   nautocorr 0
   total_energy { -4.9203494293533   } 
   total_energyvar { 0.03153800553990262   } 
   weight { 1   } 
   weightvar { 0   } 
   kinetic_energy { 2.63524767800165   } 
   kinetic_energyvar { 2.719712266751508   } 
   potential_energy { -8.171191070442388   } 
   potential_energyvar { 3.408809715047332   } 
   nonlocal_energy { 0.6155939630874374   } 
   nonlocal_energyvar { 1.836402735430687   } 
   autocorr_energy { } 
} 

block { 
   label vmc
   totweight 13600
   nautocorr 0
   total_energy { -4.921422789089088   } 
   total_energyvar { 0.03054967204728459   } 
   weight { 1   } 
   weightvar { 0   } 
   kinetic_energy { 2.60012187083774   } 
   kinetic_energyvar { 2.622394817111926   } 
   potential_energy { -8.136365376397253   } 
   potential_energyvar { 3.517630101932313   } 
   nonlocal_energy { 0.6148207164704264   } 
   nonlocal_energyvar { 2.008306794628608   } 
   autocorr_energy { } 
} 

block { 
   label vmc
   totweight 13600
   nautocorr 0
   total_energy { -4.920424487858072   } 
   total_energyvar { 0.03235152941969598   } 
   weight { 1   } 
   weightvar { 0   } 
   kinetic_energy { 2.633375503534452   } 
   kinetic_energyvar { 2.716182138216197   } 
   potential_energy { -8.19842343288544   } 
   potential_energyvar { 3.780798654633656   } 
   nonlocal_energy { 0.644623441492914   } 
   nonlocal_energyvar { 2.341130985602593   } 
   autocorr_energy { } 
} 

block { 
   label vmc
   totweight 13600
   nautocorr 0
   total_energy { -4.921835730738986   } 
   total_energyvar { 0.03178412443234013   } 
   weight { 1   } 
   weightvar { 0   } 
   kinetic_energy { 2.629941146205704   } 
   kinetic_energyvar { 2.801516557263102   } 
   potential_energy { -8.16862971911096   } 
   potential_energyvar { 3.630044762759592   } 
   nonlocal_energy { 0.6168528421662711   } 
   nonlocal_energyvar { 1.912890932655869   } 
   autocorr_energy { } 
} 

block { 
   label vmc
   totweight 13600
   nautocorr 0
   total_energy { -4.92157507664393   } 
   total_energyvar { 0.03044475369506072   } 
   weight { 1   } 
   weightvar { 0   } 
   kinetic_energy { 2.688134245527616   } 
   kinetic_energyvar { 2.818428649481245   } 
   potential_energy { -8.225218300543608   } 
   potential_energyvar { 4.159638950593918   } 
   nonlocal_energy { 0.6155089783720624   } 
   nonlocal_energyvar { 2.238526734286093   } 
   autocorr_energy { } 
} 

block { 
   label vmc
   totweight 13600
   nautocorr 0
   total_energy { -4.918327512493311   } 
   total_energyvar { 0.03087874440045257   } 
   weight { 1   } 
   weightvar { 0   } 
   kinetic_energy { 2.628226494543555   } 
   kinetic_energyvar { 3.021652919341266   } 
   potential_energy { -8.212779838414326   } 
   potential_energyvar { 3.983373244972714   } 
   nonlocal_energy { 0.6662258313774622   } 
   nonlocal_energyvar { 2.389011225214642   } 
   autocorr_energy { } 
} 

block { 
   label vmc
   totweight 13600
   nautocorr 0
   total_energy { -4.92142288888062   } 
   total_energyvar { 0.02978978777429117   } 
   weight { 1   } 
   weightvar { 0   } 
   kinetic_energy { 2.619450359541396   } 
   kinetic_energyvar { 2.792238962113104   } 
   potential_energy { -8.175072670234503   } 
   potential_energyvar { 3.703412713694703   } 
   nonlocal_energy { 0.6341994218124853   } 
   nonlocal_energyvar { 2.210210020054701   } 
   autocorr_energy { } 
} 

block { 
   label vmc
   totweight 13600
   nautocorr 0
   total_energy { -4.920766742378529   } 
   total_energyvar { 0.03086128689308628   } 
   weight { 1   } 
   weightvar { 0   } 
   kinetic_energy { 2.627434424744937   } 
   kinetic_energyvar { 2.842359019346971   } 
   potential_energy { -8.201511624412744   } 
   potential_energyvar { 4.476820253171725   } 
   nonlocal_energy { 0.6533104572892792   } 
   nonlocal_energyvar { 2.678236447212594   } 
   autocorr_energy { } 
} 

block { 
   label vmc
   totweight 13600
   nautocorr 0
   total_energy { -4.921150978422721   } 
   total_energyvar { 0.03298579363026526   } 
   weight { 1   } 
   weightvar { 0   } 
   kinetic_energy { 2.612213143977077   } 
   kinetic_energyvar { 2.546828774602235   } 
   potential_energy { -8.153442904647031   } 
   potential_energyvar { 3.821908073740165   } 
   nonlocal_energy { 0.6200787822472338   } 
   nonlocal_energyvar { 2.150894143614229   } 
   autocorr_energy { } 
} 

block { 
   label vmc
   totweight 13600
   nautocorr 0
   total_energy { -4.921751309385961   } 
   total_energyvar { 0.03431993905200924   } 
   weight { 1   } 
   weightvar { 0   } 
   kinetic_energy { 2.608841192237995   } 
   kinetic_energyvar { 2.706126065084048   } 
   potential_energy { -8.191653143853348   } 
   potential_energyvar { 3.683510025740988   } 
   nonlocal_energy { 0.661060642229391   } 
   nonlocal_energyvar { 2.300938903180625   } 
   autocorr_energy { } 
} 

block { 
   label vmc
   totweight 13600
   nautocorr 0
   total_energy { -4.923226941769375   } 
   total_energyvar { 0.03018080050068117   } 
   weight { 1   } 
   weightvar { 0   } 
   kinetic_energy { 2.660145929499393   } 
   kinetic_energyvar { 2.734294321730965   } 
   potential_energy { -8.216221729374453   } 
   potential_energyvar { 4.049476341210505   } 
   nonlocal_energy { 0.6328488581056857   } 
   nonlocal_energyvar { 2.098616629372438   } 
   autocorr_energy { } 
} 

block { 
   label vmc
   totweight 13600
   nautocorr 0
   total_energy { -4.918590853094812   } 
   total_energyvar { 0.03193915389901607   } 
   weight { 1   } 
   weightvar { 0   } 
   kinetic_energy { 2.612629028889901   } 
   kinetic_energyvar { 2.711968759586961   } 
   potential_energy { -8.147097577278801   } 
   potential_energyvar { 3.683745746849464   } 
   nonlocal_energy { 0.6158776952940888   } 
   nonlocal_energyvar { 2.271323008914045   } 
   autocorr_energy { } 
} 

block { 
   label vmc
   totweight 13600
   nautocorr 0
   total_energy { -4.918841560434467   } 
   total_energyvar { 0.02920497110097411   } 
   weight { 1   } 
   weightvar { 0   } 
   kinetic_energy { 2.595274750336141   } 
   kinetic_energyvar { 2.515967053422563   } 
   potential_energy { -8.144792827553397   } 
   potential_energyvar { 3.345453399575435   } 
   nonlocal_energy { 0.6306765167827895   } 
   nonlocal_energyvar { 1.958989670501817   } 
   autocorr_energy { } 
} 

