
 Primary working directories    : /global/cscratch1/sd/gwang18
 Secondary working directories  : /global/cscratch1/sd/gwang18
 Wavefunction directory         : /global/homes/g/gwang18/wfu/
 Main file repository           : /global/cscratch1/sd/gwang18/

 SHA1      : 19cd028119e0e09f93f0674bd8af7968d9b3eff6
 NAME      : 2015.1.36
 ARCHNAME  : linux/x86_64
 FC        : /opt/cray/pe/craype/2.5.14/bin/ftn
 BLASLIB   : -L/opt/intel/compilers_and_libraries_2018.1.163/linux/mkl/lib/intel64 -Wl,-_start-group -lmkl_intel_ilp64 -lmkl_intel_thread -lmkl_core -Wl,-_end-group -liomp5
 id        : lbl

 Nodes     nprocs
 nid00010     1

 Using customized tuning parameters: mindgm=7; mindgv=16; mindgc=1; mindgr=1; noblas=0; minvec=7
 default implementation of scratch files=df  

 ***,Si2H6
 memory,4,g
 gthresh,twoint=1.0E-12
 
 basis={
 ECP,Si,10,2,0;
 3;                                                                              !Vd
 1,5.168316,    4.000000
 3,8.861690,   20.673264
 2,3.933474,  -14.818174
 2;                                                                              !Vs-Vd
 2,9.447023,   14.832760
 2,2.553812,   26.349664
 2;                                                                              !Vp-Vd
 2,3.660001,    7.621400
 2,1.903653,   10.331583
 
 Including file /global/u2/g/gwang18/projects/si_gap/si2h6/ci/triplet/cisd/Si.aug-cc-pVDZ.basis
 
 ECP,H,0,1,0
 3;
 2,   21.77696655044365 ,     -10.85192405303825 ;
 1,   21.24359508259891 ,       1.00000000000000;
 3,   21.24359508259891 ,      21.24359508259891;
 1; 2,                   1.,                      0.;
 
 Including file /global/u2/g/gwang18/projects/si_gap/si2h6/ci/triplet/cisd/H.aug-cc-pVDZ.basis
 }
 
 geometry={
 8
 Si2H6
 Si   0.0000   0.0000   1.1600
 Si   0.0000   0.0000  -1.1600
 H    0.0000   1.3865   1.6483
 H   -1.2008  -0.6933   1.6483
 H    1.2008  -0.6933   1.6483
 H    0.0000  -1.3865  -1.6483
 H   -1.2008   0.6933  -1.6483
 H    1.2008   0.6933  -1.6483
 }
 
                                                                                 ! PBE0
 {rks,pbe0
 wf,14,2,2
 orbital,2102.2
 }
 dften = energy
 
                                                                                 ! HARTREE-FOCK
 {RHF
 wf,14,2,2                                                                       ! nelec,symm,spin
 }
 scf = energy
 pop;
 
 {mrcc,method=CISD;
 maxit,100;core}
 posthf1 = energy
 
 table, scf, posthf1
 save
 type,csv
 

 Variables initialized (889), CPU time= 0.01 sec
 Commands  initialized (702), CPU time= 0.00 sec, 572 directives.
 Default parameters read. Elapsed time= 0.14 sec

 Checking input...
 Passed
1


                                         ***  PROGRAM SYSTEM MOLPRO  ***
                                       Copyright, TTI GmbH Stuttgart, 2015
                                    Version 2015.1 linked Dec 29 2018 15:55:43


 **********************************************************************************************************************************
 LABEL *   Si2H6                                                                         
  64 bit serial version                                                                  DATE: 09-Jun-20          TIME: 18:35:33  
 **********************************************************************************************************************************

 SHA1:             19cd028119e0e09f93f0674bd8af7968d9b3eff6
 **********************************************************************************************************************************

 THRESHOLDS:

 ZERO    =  1.00D-12  ONEINT  =  1.00D-12  TWOINT  =  1.00D-12  PREFAC  =  1.00D-14  LOCALI  =  1.00D-09  EORDER  =  1.00D-04
 ENERGY  =  0.00D+00  ETEST   =  0.00D+00  EDENS   =  0.00D+00  THRDEDEF=  1.00D-06  GRADIENT=  1.00D-02  STEP    =  1.00D-03
 ORBITAL =  1.00D-05  CIVEC   =  1.00D-05  COEFF   =  1.00D-04  PRINTCI =  5.00D-02  PUNCHCI =  9.90D+01  OPTGRAD =  3.00D-04
 OPTENERG=  1.00D-06  OPTSTEP =  3.00D-04  THRGRAD =  1.00D-10  COMPRESS=  1.00D-11  VARMIN  =  1.00D-07  VARMAX  =  1.00D-03
 THRDOUB =  0.00D+00  THRDIV  =  1.00D-05  THRRED  =  1.00D-07  THRPSP  =  1.00D+00  THRDC   =  1.00D-10  THRCS   =  1.00D-10
 THRNRM  =  1.00D-08  THREQ   =  0.00D+00  THRDE   =  1.00D+00  THRREF  =  1.00D-05  SPARFAC =  1.00D+00  THRDLP  =  1.00D-07
 THRDIA  =  1.00D-10  THRDLS  =  1.00D-07  THRGPS  =  0.00D+00  THRKEX  =  0.00D+00  THRDIS  =  2.00D-01  THRVAR  =  1.00D-10
 THRLOC  =  1.00D-06  THRGAP  =  1.00D-06  THRLOCT = -1.00D+00  THRGAPT = -1.00D+00  THRORB  =  1.00D-06  THRMLTP =  0.00D+00
 THRCPQCI=  1.00D-10  KEXTA   =  0.00D+00  THRCOARS=  0.00D+00  SYMTOL  =  1.00D-06  GRADTOL =  1.00D-06  THROVL  =  1.00D-08
 THRORTH =  1.00D-08  GRID    =  1.00D-06  GRIDMAX =  1.00D-03  DTMAX   =  0.00D+00  THROCCDE=  1.00D-01  THROCCDE=  1.00D-01



 Variable memory set to 4000000000 words,  buffer space   230000 words

 SETTING BASIS          =    USERDEF

Geometry recognized as XYZ



 Recomputing integrals since basis changed


 Using spherical harmonics



 PROGRAM * SEWARD (Integral evaluation for generally contracted gaussian basis sets)     Author: Roland Lindh, 1990

 Geometry written to block  1 of record 700


 Point group  C2h 



 ATOMIC COORDINATES

 NR  ATOM    CHARGE       X              Y              Z

   1  SI      4.00    0.000000000    0.000000000    2.192082304
   2  SI      4.00    0.000000000    0.000000000   -2.192082304
   3  H       1.00    0.000000000    2.620105272    3.114835571
   4  H       1.00    0.000000000   -2.620105272   -3.114835571
   5  H       1.00   -2.269183130   -1.310147122    3.114835571
   6  H       1.00    2.269183130   -1.310147122    3.114835571
   7  H       1.00   -2.269183130    1.310147122   -3.114835571
   8  H       1.00    2.269183130    1.310147122   -3.114835571

 Bond lengths in Bohr (Angstrom)

 1-2  4.384164609  1-3  2.777845429  1-5  2.777976089  1-6  2.777976089  2-4  2.777845429
     ( 2.320000000)     ( 1.469972496)     ( 1.470041639)     ( 1.470041639)     ( 1.469972496)

 2-7  2.777976089  2-8  2.777976089
     ( 1.470041639)     ( 1.470041639)

 Bond angles

  1-2-4  109.40133359   1-2-7  109.40038451   1-2-8  109.40038451   2-1-3  109.40133359

  2-1-5  109.40038451   2-1-6  109.40038451   3-1-5  109.54201116   3-1-6  109.54201116

  4-2-7  109.54201116   4-2-8  109.54201116   5-1-6  109.54092240   7-2-8  109.54092240

 NUCLEAR CHARGE:                   14
 NUMBER OF PRIMITIVE AOS:         216
 NUMBER OF SYMMETRY AOS:          212
 NUMBER OF CONTRACTIONS:           98   (  31Ag  +  18Au  +  31Bu  +  18Bg  )
 NUMBER OF CORE ORBITALS:           0   (   0Ag  +   0Au  +   0Bu  +   0Bg  )
 NUMBER OF VALENCE ORBITALS:       14   (   5Ag  +   2Au  +   5Bu  +   2Bg  )


 NUCLEAR REPULSION ENERGY   18.92248565

 Eigenvalues of metric

         1 0.569E-03 0.173E-02 0.264E-02 0.443E-02 0.177E-01 0.225E-01 0.332E-01 0.399E-01
         2 0.855E-03 0.369E-02 0.186E-01 0.512E-01 0.591E-01 0.988E-01 0.110E+00 0.294E+00
         3 0.330E-03 0.855E-03 0.233E-02 0.369E-02 0.501E-02 0.186E-01 0.252E-01 0.512E-01
         4 0.569E-03 0.173E-02 0.177E-01 0.399E-01 0.571E-01 0.759E-01 0.149E+00 0.268E+00


 Contracted 2-electron integrals neglected if value below      1.0D-12
 AO integral compression algorithm  1   Integral accuracy      1.0D-12

     29.622 MB (compressed) written to integral file ( 74.3%)


 NUMBER OF SORTED TWO-ELECTRON INTEGRALS:    3053579.     BUFFER LENGTH:  32768
 NUMBER OF SEGMENTS:   1  SEGMENT LENGTH:    3053579      RECORD LENGTH: 524288

 Memory used in sort:       3.61 MW

 SORT1 READ     4981376. AND WROTE     2981987. INTEGRALS IN      9 RECORDS. CPU TIME:     0.06 SEC, REAL TIME:     0.10 SEC
 SORT2 READ     2981987. AND WROTE     3053579. INTEGRALS IN    113 RECORDS. CPU TIME:     0.09 SEC, REAL TIME:     0.14 SEC

 FILE SIZES:   FILE 1:    49.9 MBYTE,  FILE 4:    37.8 MBYTE,   TOTAL:     87.6 MBYTE

 OPERATOR DM      FOR CENTER  0  COORDINATES:    0.000000    0.000000    0.000000


 **********************************************************************************************************************************
 DATASETS  * FILE   NREC   LENGTH (MB)   RECORD NAMES
              1      20       39.40       500      610      700      900      950      970     1000      129      960     1100   
                                          VAR    BASINP    GEOM    SYMINP    ZMAT    AOBASIS   BASIS     P2S    ABASIS      S 
                                         1400     1410     1420     1200     1210     1080     1600     1650     1300     1700   
                                           T        V       ECP      H0       H01     AOSYM     SMH    MOLCAS    ERIS     OPER   

 PROGRAMS   *        TOTAL       INT
 CPU TIMES  *         1.61      1.52
 REAL TIME  *         3.82 SEC
 DISK USED  *        88.06 MB      
 **********************************************************************************************************************************

 Density functional group PBE0=PBEX+PBEC
 Functional: PBEX(Automatically generated (new) PBEX)                          Gradient terms: 1
 Functional: PBEC(Automatically generated (new) PBEC)                          Gradient terms: 1
 Use grid at  1800.2
 

 Exact exchange will be calculated, factor:  0.2500

 Functional: PBEX                      Factor:  0.7500
 Functional: PBEC                      Factor:  1.0000
 
 Generated new metagrid on record  1800.2 with target accuracy 1.0D-06 and 7598 points in CPU time    0.1
 Computed new grid on record 1800.1 in CPU time    0.1
   82871 words reserved for DFT integration

 PROGRAM * RKS-SCF (Restricted open shell Kohn-Sham)     Authors: W. Meyer, H.-J. Werner, P.J. Knowles, 1993

 NUMBER OF ELECTRONS:       8+    6-    SPACE SYMMETRY=2    SPIN SYMMETRY: Triplet 
 CONVERGENCE THRESHOLDS:    1.00E-05 (Density)    1.00E-06 (Energy)
 MAX. NUMBER OF ITERATIONS:       60
 INTERPOLATION TYPE:            DIIS
 INTERPOLATION STEPS:              2 (START)      1 (STEP)
 LEVEL SHIFTS:                 -0.60 (CLOSED) -0.30 (OPEN) 



 Use fine grid record 1800.2 for energy threshold  1.0D-06
 Orbital guess generated from atomic densities. Full valence occupancy:    5   2   5   2

 Molecular orbital dump at record        2102.2

 Initial alpha occupancy:   3   2   2   1
 Initial beta  occupancy:   2   1   2   1
 Wave function symmetry:    2

 ITERATION    DDIFF          GRAD             ENERGY        2-EL.EN.            DIPOLE MOMENTS         DIIS   ORB.
    1      0.000D+00      0.000D+00       -11.08740691     50.847963    0.00000    0.00000    0.00000    0    start
    2      0.000D+00      0.385D-02       -11.09355162     50.663033    0.00000    0.00000    0.00000    1    diag,B
    3      0.103D-01      0.120D-02       -11.09496010     50.573741    0.00000    0.00000    0.00000    2    diag,B
    4      0.308D-02      0.425D-03       -11.09537812     50.561508    0.00000    0.00000    0.00000    3    diag,B
    5      0.118D-02      0.175D-03       -11.09548992     50.559513    0.00000    0.00000    0.00000    4    diag,B
    6      0.732D-03      0.788D-04       -11.09552096     50.560393    0.00000    0.00000    0.00000    5    diag,B
    7      0.483D-03      0.386D-04       -11.09552969     50.560436    0.00000    0.00000    0.00000    6    fixocc
    8      0.276D-03      0.181D-04       -11.09553181     50.559963    0.00000    0.00000    0.00000    7    diag,B
    9      0.186D-03      0.782D-05       -11.09553219     50.559654    0.00000    0.00000    0.00000    8    diag,B
   10      0.991D-04      0.309D-05       -11.09553224     50.559541    0.00000    0.00000    0.00000    9    orth
   11      0.332D-04      0.831D-06       -11.09553224     50.559529    0.00000    0.00000    0.00000    9    diag,B
   12      0.489D-05      0.308D-06       -11.09553224     50.559529    0.00000    0.00000    0.00000    0    orth

 Final alpha occupancy:   3   2   2   1
 Final beta  occupancy:   2   1   2   1

 !RKS STATE 1.2 Energy                -11.095532244051
 Nuclear energy                        18.92248565
 One-electron energy                  -51.85273296
 Two-electron energy                   25.27976431
 Density functional                    -3.44504925     PBEX=-4.07428697 PBEC=-0.38933402
 Virial quotient                       -1.68143692
 !RKS STATE 1.2 Dipole moment           0.00000000     0.00000000     0.00000000
 Dipole moment /Debye                   0.00000000     0.00000000     0.00000000

 Orbital energies:

         1.1          2.1          3.1          4.1          5.1
     -0.609277    -0.365978    -0.371077    -0.003842     0.039347

         1.2          2.2          3.2          4.2
     -0.386028    -0.072304     0.047536     0.130981

         1.3          2.3          3.3          4.3
     -0.538679    -0.394183    -0.008722    -0.007476

         1.4          2.4          3.4
     -0.357504     0.033146     0.074125

 HOMO      2.2    -0.072304 =      -1.9675eV
 LUMO      3.3    -0.008722 =      -0.2373eV
 LUMO-HOMO         0.063583 =       1.7302eV


 **********************************************************************************************************************************
 DATASETS  * FILE   NREC   LENGTH (MB)   RECORD NAMES
              1      21       39.65       500      610      700      900      950      970     1000      129      960     1100   
                                          VAR    BASINP    GEOM    SYMINP    ZMAT    AOBASIS   BASIS     P2S    ABASIS      S 
                                         1400     1410     1420     1200     1210     1080     1600     1650     1300     1700   
                                           T        V       ECP      H0       H01     AOSYM     SMH    MOLCAS    ERIS     OPER   
                                         1800   
                                         GRID   

              2       5        2.96       700     1000      520     1800     2102   
                                         GEOM     BASIS   MCVARS    GRID      RKS  

 PROGRAMS   *        TOTAL       RKS       INT
 CPU TIMES  *         2.86      1.25      1.52
 REAL TIME  *         5.44 SEC
 DISK USED  *        88.06 MB      
 **********************************************************************************************************************************
 SETTING DFTEN          =       -11.09553224  AU                              


 PROGRAM * RHF-SCF (OPEN SHELL)       Authors: W. Meyer, H.-J. Werner


 NUMBER OF ELECTRONS:       8+    6-    SPACE SYMMETRY=2    SPIN SYMMETRY: Triplet 
 CONVERGENCE THRESHOLDS:    1.00E-05 (Density)    1.00E-07 (Energy)
 MAX. NUMBER OF ITERATIONS:       60
 INTERPOLATION TYPE:            DIIS
 INTERPOLATION STEPS:              2 (START)      1 (STEP)
 LEVEL SHIFTS:                 -0.60 (CLOSED) -0.30 (OPEN) 



 Molecular orbitals read from record     2102.2  Type=RKS/CANONICAL (state 1.2)

 Molecular orbital dump at record        2101.2

 ITERATION    DDIFF          GRAD             ENERGY        2-EL.EN.            DIPOLE MOMENTS         DIIS   ORB.
    1      0.000D+00      0.000D+00       -10.73235956     44.395775    0.00000    0.00000    0.00000    0    start
    2      0.000D+00      0.458D-02       -10.74160702     44.239230    0.00000    0.00000    0.00000    1    diag,B
    3      0.144D-01      0.223D-02       -10.74582074     44.167208    0.00000    0.00000    0.00000    2    diag,B
    4      0.661D-02      0.767D-03       -10.74668363     44.167535    0.00000    0.00000    0.00000    3    diag,B
    5      0.190D-02      0.258D-03       -10.74681821     44.168907    0.00000    0.00000    0.00000    4    diag,B
    6      0.108D-02      0.931D-04       -10.74684000     44.168136    0.00000    0.00000    0.00000    5    diag,B
    7      0.535D-03      0.404D-04       -10.74684480     44.168216    0.00000    0.00000    0.00000    6    diag,B
    8      0.219D-03      0.171D-04       -10.74684560     44.168065    0.00000    0.00000    0.00000    7    orth
    9      0.697D-04      0.592D-05       -10.74684569     44.168037    0.00000    0.00000    0.00000    8    diag,B
   10      0.267D-04      0.275D-05       -10.74684571     44.168011    0.00000    0.00000    0.00000    9    diag,B
   11      0.218D-04      0.121D-05       -10.74684572     44.167969    0.00000    0.00000    0.00000    9    diag,B
   12      0.114D-04      0.564D-06       -10.74684572     44.167957    0.00000    0.00000    0.00000    9    diag,B
   13      0.461D-05      0.304D-06       -10.74684572     44.167955    0.00000    0.00000    0.00000    0    orth

 Final alpha occupancy:   3   2   2   1
 Final beta  occupancy:   2   1   2   1

 !RHF STATE 1.2 Energy                -10.746845722203
 Nuclear energy                        18.92248565
 One-electron energy                  -51.75330907
 Two-electron energy                   22.08397770
 Virial quotient                       -1.61747044
 !RHF STATE 1.2 Dipole moment           0.00000000     0.00000000     0.00000000
 Dipole moment /Debye                   0.00000000     0.00000000     0.00000000

 Orbital energies:

         1.1          2.1          3.1          4.1          5.1
     -0.767009    -0.488368    -0.527526     0.059237     0.114578

         1.2          2.2          3.2          4.2
     -0.512147    -0.138652     0.098623     0.240513

         1.3          2.3          3.3          4.3
     -0.693035    -0.519722     0.064390     0.094795

         1.4          2.4          3.4
     -0.479307     0.115436     0.144049

 HOMO      2.2    -0.138652 =      -3.7729eV
 LUMO      4.1     0.059237 =       1.6119eV
 LUMO-HOMO         0.197889 =       5.3848eV


 **********************************************************************************************************************************
 DATASETS  * FILE   NREC   LENGTH (MB)   RECORD NAMES
              1      21       39.65       500      610      700      900      950      970     1000      129      960     1100   
                                          VAR    BASINP    GEOM    SYMINP    ZMAT    AOBASIS   BASIS     P2S    ABASIS      S 
                                         1400     1410     1420     1200     1210     1080     1600     1650     1300     1700   
                                           T        V       ECP      H0       H01     AOSYM     SMH    MOLCAS    ERIS     OPER   
                                         1800   
                                         GRID   

              2       6        5.56       700     1000      520     1800     2102     2101   
                                         GEOM     BASIS   MCVARS    GRID      RKS      RHF  

 PROGRAMS   *        TOTAL       RHF       RKS       INT
 CPU TIMES  *         3.08      0.22      1.25      1.52
 REAL TIME  *         5.78 SEC
 DISK USED  *        88.06 MB      
 **********************************************************************************************************************************
 SETTING SCF            =       -10.74684572  AU                              


 PROGRAM * POP (Mulliken population analysis)

 
 Density matrix read from record         2101.2  Type=RHF/CHARGE (state 1.2)
 
 Population analysis by basis function type

 Unique atom        s        p        d        f        g    Total    Charge
   1  SI      1.25075  3.16351  0.61983  0.00000  0.00000  5.03409  - 1.03409
   3  H       0.64940  0.00406  0.00000  0.00000  0.00000  0.65346  + 0.34654
   4  H       0.64425  0.01198  0.00000  0.00000  0.00000  0.65622  + 0.34378


 **********************************************************************************************************************************
 DATASETS  * FILE   NREC   LENGTH (MB)   RECORD NAMES
              1      21       39.65       500      610      700      900      950      970     1000      129      960     1100   
                                          VAR    BASINP    GEOM    SYMINP    ZMAT    AOBASIS   BASIS     P2S    ABASIS      S 
                                         1400     1410     1420     1200     1210     1080     1600     1650     1300     1700   
                                           T        V       ECP      H0       H01     AOSYM     SMH    MOLCAS    ERIS     OPER   
                                         1800   
                                         GRID   

              2       6        5.56       700     1000      520     1800     2102     2101   
                                         GEOM     BASIS   MCVARS    GRID      RKS      RHF  

 PROGRAMS   *        TOTAL       POP       RHF       RKS       INT
 CPU TIMES  *         3.08      0.00      0.22      1.25      1.52
 REAL TIME  *         5.80 SEC
 DISK USED  *        88.06 MB      
 **********************************************************************************************************************************


 PROGRAM * MRCC (General Multireference Coupled Cluster)    Author: M. Kallay, 2000-2005

 ***  Initialisation ***
 
 Molecular orbitals read from record     2101.2  Type=RHF/CANONICAL (state 1.2)
 
 Frozen orbitals:              0 (  0  0  0  0  0  0  0  0)
 Active orbitals:             98 ( 31 18 31 18  0  0  0  0)
 Active electrons:            14
 Spin quantum number:          1.0

 Transformed integrals will be written to file mrcc_59679/fort.55

 Load integrals                3.2 sec
 Transform integrals           4.1 sec
 Storage for integrals:        5940999
 Remaining memory:           *********

 Core energy:              18.92248565
 
 MRCC Input:
     2     0     0     0     0     0     0     2     0     0     1     0     1     0     0     7     0     0   0.000     0   32000
  ex.lev,nsing,ntrip, rest,method,dens,conver,symm, diag, CS ,spatial, HF, ndoub,nacto,nactv, tol, maxex, sacc, freq,  dboc,   mem
  2  2  1  0  0  0  0  0  0  0  0  0  0  0  0  0  0  0  0  0  0  0  0  0  0  0  0  0  0  0  0  2  1  0  0  0  0  0  0  0  0  0  0  0  0  0  0  0  0  2  2  0  0  0  0  0  0  0  0  0  0  0  0  0  0  0  0  0  0  0  0  0  0  0  0  0  0  0  0  0  2  0  0  0  0  0  0  0  0  0  0  0  0  0  0  0  0  0
 MRCC Input end
 Variable memory released
 MRCC now being run, temporary output in /global/cscratch1/sd/gwang18/mrcc_59679/mrcc.out
 **********************************************************************
                          MRCC program system
 **********************************************************************

                              Written by
 Mihaly Kallay, Peter R. Nagy, Zoltan Rolik, David Mester, Gyula Samu,
   Jozsef Csontos, Jozsef Csoka, Bernat P. Szabo, Laszlo Gyevi-Nagy,
    Istvan Ladjanszki, Lorant Szegedy, Bence Ladoczki, Klara Petrov,
              Mate Farkas, Pal D. Mezei, and Bence Hegely

        Department of Physical Chemistry and Materials Science
            Budapest University of Technology and Economics
                  Budapest P.O.Box 91, H-1521 Hungary

                              www.mrcc.hu

                     Release date: February 9, 2019

 ************************ 2020-06-09 18:35:49 *************************
 Executing goldstone...

 Generation of CI equations in terms of H and C...
 Generation of antisymmetrized Goldstone diagrams...
 Number of diagrams in T^1 equations:     7
 Number of diagrams in T^2 equations:     9
 Translation of diagrams to factorized equations...
 Optimizing intermediate calculation...
 Number of floating-point operations per iteration step:   1.3104E+09
 Probable CPU time per iteration step (hours):      0.01
 Required memory (Mbytes):    9075.0
 Number of intermediates:                                  27
 Number of intermediates to be stored:                     11
 Length of intermediate file (Mbytes):     346.9

 ************************ 2020-06-09 18:35:49 *************************
 Executing xmrcc...

 **********************************************************************
 CI(                     2 ) calculation


 Allocation of9075.0 Mbytes of memory...
 Number of spinorbitals:                   196
 Number of alpha electrons:                        8
 Number of beta electrons:                         6
 Spin multiplicity:                     2
 z-component of spin:  1.0
 Spatial symmetry:                      2
 Convergence criterion:  1.0E-07
 Construction of occupation graphs...
 Number of                     0 -fold excitations:                      1
 Number of                     1 -fold excitations:                    341
 Number of                     2 -fold excitations:                 143622
 Total number of configurations:                 143964
 Calculation of coupling coefficients...
 Length of intermediate file (Mbytes):     262.3

 ======================================================================

 Memory requirements /Mbyte/:
               Minimal        Optimal
 Real*8:        132.9394       703.7882
 Integer:         1.4380
 Total:         134.3774       705.2262


 ************************ 2020-06-09 18:35:50 *************************
 Executing mrcc...

 **********************************************************************
 CISD calculation


 Allocation of  703.8 Mbytes of memory...
 Number of spinorbitals: 196
 Number of alpha electrons:  8
 Number of beta  electrons:  6
 Spin multiplicity: 2
 z-component of spin:  1.0
 Spatial symmetry: 2
 Convergence criterion:  1.0E-07
 Construction of occupation graphs...
 Number of 0-fold excitations: 1
 Number of 1-fold excitations: 341
 Number of 2-fold excitations: 143622
 Total number of determinants: 143964
 Calculation of coupling coefficients...
 Initial cluster amplitudes are generated.
 Length of intermediate file (Mbytes):     262.3
 Reading integral list from unit 55...
 Sorting integrals...
 Energy of reference determinant [au]:     -10.746845722203
 Calculation of diagonal elements of Hamiltonian...

 Starting CI iteration for root                      1 ...
 ======================================================================
 Norm of residual vector:     0.75204462      Convergence:   1.00000000
 CPU time [min]:     0.136                   Wall time [min]:     0.139

 Iteration  1  CI energy:   -10.74684572  Energy decrease:   0.0000E+00
 ======================================================================
 Norm of residual vector:     0.12564748      Convergence:   0.34069094
 CPU time [min]:     0.192                   Wall time [min]:     0.196

 Iteration  2  CI energy:   -10.98533900  Energy decrease:   0.23849328
 ======================================================================
 Norm of residual vector:     0.02765974      Convergence:   0.07552646
 CPU time [min]:     0.247                   Wall time [min]:     0.252

 Iteration  3  CI energy:   -10.99353845  Energy decrease:   0.00819945
 ======================================================================
 Norm of residual vector:     0.00627427      Convergence:   0.01541051
 CPU time [min]:     0.303                   Wall time [min]:     0.308

 Iteration  4  CI energy:   -10.99391518  Energy decrease:   0.00037673
 ======================================================================
 Norm of residual vector:     0.00181764      Convergence:   0.00446564
 CPU time [min]:     0.359                   Wall time [min]:     0.365

 Iteration  5  CI energy:   -10.99393910  Energy decrease:   0.00002392
 ======================================================================
 Norm of residual vector:     0.00057337      Convergence:   0.00135288
 CPU time [min]:     0.415                   Wall time [min]:     0.422

 Iteration  6  CI energy:   -10.99394124  Energy decrease:   0.00000214
 ======================================================================
 Norm of residual vector:     0.00018356      Convergence:   0.00044290
 CPU time [min]:     0.471                   Wall time [min]:     0.479

 Iteration  7  CI energy:   -10.99394145  Energy decrease:   0.00000021
 ======================================================================
 Norm of residual vector:     0.00005448      Convergence:   0.00012279
 CPU time [min]:     0.528                   Wall time [min]:     0.536

 Iteration  8  CI energy:   -10.99394147  Energy decrease:   0.00000002
 ======================================================================
 Norm of residual vector:     0.00002057      Convergence:   0.00004924
 CPU time [min]:     0.585                   Wall time [min]:     0.593

 Iteration  9  CI energy:   -10.99394148  Energy decrease:   2.2262E-09
 ======================================================================
 Norm of residual vector:     0.00000706      Convergence:   0.00001571
 CPU time [min]:     0.641                   Wall time [min]:     0.650

 Iteration 10  CI energy:   -10.99394148  Energy decrease:   2.8954E-10
 ======================================================================
 Norm of residual vector:     0.00000225      Convergence:   0.00000524
 CPU time [min]:     0.698                   Wall time [min]:     0.709

 Iteration 11  CI energy:   -10.99394148  Energy decrease:   3.2607E-11
 ======================================================================
 Norm of residual vector:     0.00000063      Convergence:   0.00000147
 CPU time [min]:     0.755                   Wall time [min]:     0.766

 Iteration 12  CI energy:   -10.99394148  Energy decrease:   2.9381E-12
 ======================================================================
 Norm of residual vector:     0.00000017      Convergence:   0.00000042
 CPU time [min]:     0.812                   Wall time [min]:     0.824

 Iteration 13  CI energy:   -10.99394148  Energy decrease:   2.3448E-13
 ======================================================================
 Norm of residual vector:     0.0000E+00      Convergence:   1.1396E-07
 CPU time [min]:     0.869                   Wall time [min]:     0.881

 Iteration 14  CI energy:   -10.99394148  Energy decrease:   1.7764E-14
 ======================================================================

 Iteration has converged in 14 steps.

 Final results:
 Total CISD energy [au]:             -10.993941475551

 ************************ 2020-06-09 18:36:43 *************************
                      Normal termination of mrcc.
 **********************************************************************
 !CISD STATE 1.2 Energy               -10.993941475551
 
 CPU-time for MRCC:             52.1 sec
 Elapsed-time for MRCC:         54.5 sec

 Variable memory set to 4000000000 words,  buffer space   230000 words



 **********************************************************************************************************************************
 DATASETS  * FILE   NREC   LENGTH (MB)   RECORD NAMES
              1      21       39.65       500      610      700      900      950      970     1000      129      960     1100   
                                          VAR    BASINP    GEOM    SYMINP    ZMAT    AOBASIS   BASIS     P2S    ABASIS      S 
                                         1400     1410     1420     1200     1210     1080     1600     1650     1300     1700   
                                           T        V       ECP      H0       H01     AOSYM     SMH    MOLCAS    ERIS     OPER   
                                         1800   
                                         GRID   

              2       6        5.56       700     1000      520     1800     2102     2101   
                                         GEOM     BASIS   MCVARS    GRID      RKS      RHF  

 PROGRAMS   *        TOTAL      MRCC       POP       RHF       RKS       INT
 CPU TIMES  *        61.61     58.53      0.00      0.22      1.25      1.52
 REAL TIME  *        70.96 SEC
 DISK USED  *        88.06 MB      
 **********************************************************************************************************************************
 SETTING POSTHF1        =       -10.99394148  AU                              
 Output type csv         
                                                                                                                                                                                                                                                                

       SCF,POSTHF1
   -10.74684572,   -10.99394148
                                                  

 CISD/USERDEF energy=    -10.993941475551

        CISD            RHF-SCF         RKS-SCF 
    -10.99394148    -10.74684572    -11.09553224
 **********************************************************************************************************************************
 Molpro calculation terminated
 Variable memory released
