#-------------------------------------------------
#VMC run: timestep 1 nconfig 640 steps 100
#-------------------------------------------------


init { 
   label vmc
}
block { 
   label vmc
   totweight 64000
   nautocorr 0
   total_energy { -5.698341481877502   } 
   total_energyvar { 0.8455727991330841   } 
   weight { 1   } 
   weightvar { 0   } 
   kinetic_energy { 3.704715771355428   } 
   kinetic_energyvar { 3.993805652100931   } 
   potential_energy { -9.988194503064827   } 
   potential_energyvar { 6.906982871708119   } 
   nonlocal_energy { 0.5851372498318993   } 
   nonlocal_energyvar { 2.738679438495323   } 
   autocorr_energy { } 
} 

block { 
   label vmc
   totweight 64000
   nautocorr 0
   total_energy { -5.701458751373378   } 
   total_energyvar { 0.7494368457439077   } 
   weight { 1   } 
   weightvar { 0   } 
   kinetic_energy { 3.681880804944528   } 
   kinetic_energyvar { 3.810233744292809   } 
   potential_energy { -9.952852360564288   } 
   potential_energyvar { 6.033054442155021   } 
   nonlocal_energy { 0.5695128042463835   } 
   nonlocal_energyvar { 2.162537327274481   } 
   autocorr_energy { } 
} 

block { 
   label vmc
   totweight 64000
   nautocorr 0
   total_energy { -5.703134442019713   } 
   total_energyvar { 0.8016322513732453   } 
   weight { 1   } 
   weightvar { 0   } 
   kinetic_energy { 3.702081852487286   } 
   kinetic_energyvar { 3.869676163077157   } 
   potential_energy { -9.982035222831827   } 
   potential_energyvar { 6.691525157972876   } 
   nonlocal_energy { 0.5768189283248298   } 
   nonlocal_energyvar { 2.480600650573034   } 
   autocorr_energy { } 
} 

block { 
   label vmc
   totweight 64000
   nautocorr 0
   total_energy { -5.700937217122965   } 
   total_energyvar { 0.7736430442385193   } 
   weight { 1   } 
   weightvar { 0   } 
   kinetic_energy { 3.696352183493163   } 
   kinetic_energyvar { 3.832410576668672   } 
   potential_energy { -9.971200987964391   } 
   potential_energyvar { 6.378022064339413   } 
   nonlocal_energy { 0.5739115873482631   } 
   nonlocal_energyvar { 2.157493614326548   } 
   autocorr_energy { } 
} 

block { 
   label vmc
   totweight 64000
   nautocorr 0
   total_energy { -5.702409369484723   } 
   total_energyvar { 0.7813432603721389   } 
   weight { 1   } 
   weightvar { 0   } 
   kinetic_energy { 3.711712158886137   } 
   kinetic_energyvar { 3.94259486401048   } 
   potential_energy { -9.998023987429271   } 
   potential_energyvar { 7.211205614950948   } 
   nonlocal_energy { 0.5839024590584118   } 
   nonlocal_energyvar { 2.796751146622065   } 
   autocorr_energy { } 
} 

block { 
   label vmc
   totweight 64000
   nautocorr 0
   total_energy { -5.699114199352425   } 
   total_energyvar { 0.7557330748111858   } 
   weight { 1   } 
   weightvar { 0   } 
   kinetic_energy { 3.697242904944243   } 
   kinetic_energyvar { 3.857268925196228   } 
   potential_energy { -9.978918114754743   } 
   potential_energyvar { 6.603353724176199   } 
   nonlocal_energy { 0.5825610104580756   } 
   nonlocal_energyvar { 2.456287274870791   } 
   autocorr_energy { } 
} 

block { 
   label vmc
   totweight 64000
   nautocorr 0
   total_energy { -5.697316034006909   } 
   total_energyvar { 0.870160175950869   } 
   weight { 1   } 
   weightvar { 0   } 
   kinetic_energy { 3.690124390501993   } 
   kinetic_energyvar { 3.866696465070729   } 
   potential_energy { -9.961281370500478   } 
   potential_energyvar { 6.139500464350935   } 
   nonlocal_energy { 0.5738409459915774   } 
   nonlocal_energyvar { 2.00379834921652   } 
   autocorr_energy { } 
} 

block { 
   label vmc
   totweight 64000
   nautocorr 0
   total_energy { -5.704749246553724   } 
   total_energyvar { 0.8116169347284036   } 
   weight { 1   } 
   weightvar { 0   } 
   kinetic_energy { 3.707875834666111   } 
   kinetic_energyvar { 3.965655029304341   } 
   potential_energy { -9.98251330533744   } 
   potential_energyvar { 6.394370573939186   } 
   nonlocal_energy { 0.569888224117605   } 
   nonlocal_energyvar { 2.178800332753902   } 
   autocorr_energy { } 
} 

block { 
   label vmc
   totweight 64000
   nautocorr 0
   total_energy { -5.706402966282072   } 
   total_energyvar { 0.7403790113621671   } 
   weight { 1   } 
   weightvar { 0   } 
   kinetic_energy { 3.722212373114959   } 
   kinetic_energyvar { 4.009966194653166   } 
   potential_energy { -10.00249975858271   } 
   potential_energyvar { 6.378703097061375   } 
   nonlocal_energy { 0.5738844191856817   } 
   nonlocal_energyvar { 2.322435602107912   } 
   autocorr_energy { } 
} 

block { 
   label vmc
   totweight 64000
   nautocorr 0
   total_energy { -5.696148334400849   } 
   total_energyvar { 0.8276141000235478   } 
   weight { 1   } 
   weightvar { 0   } 
   kinetic_energy { 3.718263531048597   } 
   kinetic_energyvar { 3.958135009170584   } 
   potential_energy { -9.983113641225078   } 
   potential_energyvar { 6.064187966741303   } 
   nonlocal_energy { 0.5687017757756312   } 
   nonlocal_energyvar { 2.036326510430651   } 
   autocorr_energy { } 
} 

block { 
   label vmc
   totweight 64000
   nautocorr 0
   total_energy { -5.69480023324896   } 
   total_energyvar { 0.7940495615891153   } 
   weight { 1   } 
   weightvar { 0   } 
   kinetic_energy { 3.698532197502681   } 
   kinetic_energyvar { 3.846473711647242   } 
   potential_energy { -9.957681787645535   } 
   potential_energyvar { 6.098658813953072   } 
   nonlocal_energy { 0.5643493568938914   } 
   nonlocal_energyvar { 2.098048552316492   } 
   autocorr_energy { } 
} 

block { 
   label vmc
   totweight 64000
   nautocorr 0
   total_energy { -5.699590244063247   } 
   total_energyvar { 0.7540449234221371   } 
   weight { 1   } 
   weightvar { 0   } 
   kinetic_energy { 3.705813207392732   } 
   kinetic_energyvar { 3.942350466591921   } 
   potential_energy { -9.962871503865768   } 
   potential_energyvar { 6.075902171828156   } 
   nonlocal_energy { 0.5574680524097898   } 
   nonlocal_energyvar { 1.959851928572787   } 
   autocorr_energy { } 
} 

block { 
   label vmc
   totweight 64000
   nautocorr 0
   total_energy { -5.700147793636314   } 
   total_energyvar { 0.7639992244725314   } 
   weight { 1   } 
   weightvar { 0   } 
   kinetic_energy { 3.672524531390858   } 
   kinetic_energyvar { 3.844030888278927   } 
   potential_energy { -9.949741036575006   } 
   potential_energyvar { 6.282437779448269   } 
   nonlocal_energy { 0.5770687115478327   } 
   nonlocal_energyvar { 2.263561120085759   } 
   autocorr_energy { } 
} 

block { 
   label vmc
   totweight 64000
   nautocorr 0
   total_energy { -5.701098394584707   } 
   total_energyvar { 0.8039230718799005   } 
   weight { 1   } 
   weightvar { 0   } 
   kinetic_energy { 3.70237948714902   } 
   kinetic_energyvar { 4.01914103171027   } 
   potential_energy { -9.989283105946807   } 
   potential_energyvar { 6.446375297558204   } 
   nonlocal_energy { 0.5858052242130808   } 
   nonlocal_energyvar { 2.216867239970165   } 
   autocorr_energy { } 
} 

block { 
   label vmc
   totweight 64000
   nautocorr 0
   total_energy { -5.700580349925242   } 
   total_energyvar { 0.7543220991100579   } 
   weight { 1   } 
   weightvar { 0   } 
   kinetic_energy { 3.699792196019434   } 
   kinetic_energyvar { 3.834723054803906   } 
   potential_energy { -9.968661483433879   } 
   potential_energyvar { 6.185886773006747   } 
   nonlocal_energy { 0.5682889374892012   } 
   nonlocal_energyvar { 2.084997939335985   } 
   autocorr_energy { } 
} 

block { 
   label vmc
   totweight 64000
   nautocorr 0
   total_energy { -5.702946942162996   } 
   total_energyvar { 0.7520135285007694   } 
   weight { 1   } 
   weightvar { 0   } 
   kinetic_energy { 3.697946479291681   } 
   kinetic_energyvar { 3.824392260724661   } 
   potential_energy { -9.977344318062416   } 
   potential_energyvar { 6.417401919047542   } 
   nonlocal_energy { 0.5764508966077388   } 
   nonlocal_energyvar { 2.272682686105625   } 
   autocorr_energy { } 
} 

block { 
   label vmc
   totweight 64000
   nautocorr 0
   total_energy { -5.701768555964164   } 
   total_energyvar { 0.7856902567794922   } 
   weight { 1   } 
   weightvar { 0   } 
   kinetic_energy { 3.71520422747091   } 
   kinetic_energyvar { 4.093358505421822   } 
   potential_energy { -9.981995560632626   } 
   potential_energyvar { 6.082790792744144   } 
   nonlocal_energy { 0.5650227771975537   } 
   nonlocal_energyvar { 2.104798624820727   } 
   autocorr_energy { } 
} 

block { 
   label vmc
   totweight 64000
   nautocorr 0
   total_energy { -5.696506672711176   } 
   total_energyvar { 0.7657204068314745   } 
   weight { 1   } 
   weightvar { 0   } 
   kinetic_energy { 3.71795294296005   } 
   kinetic_energyvar { 4.028177940354034   } 
   potential_energy { -9.99541996217299   } 
   potential_energyvar { 6.382822966343178   } 
   nonlocal_energy { 0.580960346501765   } 
   nonlocal_energyvar { 2.138591897546252   } 
   autocorr_energy { } 
} 

block { 
   label vmc
   totweight 64000
   nautocorr 0
   total_energy { -5.694193465491405   } 
   total_energyvar { 0.8367687941949694   } 
   weight { 1   } 
   weightvar { 0   } 
   kinetic_energy { 3.684886359061458   } 
   kinetic_energyvar { 3.773857290096422   } 
   potential_energy { -9.951078337345786   } 
   potential_energyvar { 6.210517373340295   } 
   nonlocal_energy { 0.5719985127929255   } 
   nonlocal_energyvar { 2.137872369529461   } 
   autocorr_energy { } 
} 

block { 
   label vmc
   totweight 64000
   nautocorr 0
   total_energy { -5.700678456437485   } 
   total_energyvar { 0.7664110231084087   } 
   weight { 1   } 
   weightvar { 0   } 
   kinetic_energy { 3.731087832765353   } 
   kinetic_energyvar { 3.969347412675522   } 
   potential_energy { -10.00938685803047   } 
   potential_energyvar { 7.189517027870922   } 
   nonlocal_energy { 0.5776205688276358   } 
   nonlocal_energyvar { 2.818888397763916   } 
   autocorr_energy { } 
} 

