#-------------------------------------------------
#VMC run: timestep 1 nconfig 640 steps 100
#-------------------------------------------------


init { 
   label vmc
}
block { 
   label vmc
   totweight 64000
   nautocorr 0
   total_energy { -5.704395792502325   } 
   total_energyvar { 0.824330938248851   } 
   weight { 1   } 
   weightvar { 0   } 
   kinetic_energy { 3.749902944663942   } 
   kinetic_energyvar { 4.471180622424538   } 
   potential_energy { -10.05193368828621   } 
   potential_energyvar { 6.676548432786526   } 
   nonlocal_energy { 0.5976349511199441   } 
   nonlocal_energyvar { 2.274693499344593   } 
   autocorr_energy { } 
} 

block { 
   label vmc
   totweight 64000
   nautocorr 0
   total_energy { -5.698176422817443   } 
   total_energyvar { 0.976898595998218   } 
   weight { 1   } 
   weightvar { 0   } 
   kinetic_energy { 3.759264753609125   } 
   kinetic_energyvar { 4.50925542091035   } 
   potential_energy { -10.05813710783825   } 
   potential_energyvar { 6.834762179840895   } 
   nonlocal_energy { 0.6006959314116833   } 
   nonlocal_energyvar { 2.179939184686403   } 
   autocorr_energy { } 
} 

block { 
   label vmc
   totweight 64000
   nautocorr 0
   total_energy { -5.703517602694933   } 
   total_energyvar { 0.7813179733156048   } 
   weight { 1   } 
   weightvar { 0   } 
   kinetic_energy { 3.722629506285989   } 
   kinetic_energyvar { 4.39914446972249   } 
   potential_energy { -10.01922924781442   } 
   potential_energyvar { 5.998399650670128   } 
   nonlocal_energy { 0.593082138833499   } 
   nonlocal_energyvar { 2.085399047546231   } 
   autocorr_energy { } 
} 

block { 
   label vmc
   totweight 64000
   nautocorr 0
   total_energy { -5.705061172357673   } 
   total_energyvar { 0.7797176356384723   } 
   weight { 1   } 
   weightvar { 0   } 
   kinetic_energy { 3.722335813300596   } 
   kinetic_energyvar { 4.311640086930462   } 
   potential_energy { -10.02330314920844   } 
   potential_energyvar { 6.36669515999635   } 
   nonlocal_energy { 0.5959061635501671   } 
   nonlocal_energyvar { 2.243378714672743   } 
   autocorr_energy { } 
} 

block { 
   label vmc
   totweight 64000
   nautocorr 0
   total_energy { -5.696688611395405   } 
   total_energyvar { 0.8377299469647886   } 
   weight { 1   } 
   weightvar { 0   } 
   kinetic_energy { 3.734676149856525   } 
   kinetic_energyvar { 4.59619706040926   } 
   potential_energy { -10.02702605624714   } 
   potential_energyvar { 6.319996136388329   } 
   nonlocal_energy { 0.5956612949952077   } 
   nonlocal_energyvar { 2.168253002706106   } 
   autocorr_energy { } 
} 

block { 
   label vmc
   totweight 64000
   nautocorr 0
   total_energy { -5.704860769207195   } 
   total_energyvar { 0.7480248441643549   } 
   weight { 1   } 
   weightvar { 0   } 
   kinetic_energy { 3.712646342175939   } 
   kinetic_energyvar { 4.46750234374937   } 
   potential_energy { -10.02678740394304   } 
   potential_energyvar { 6.491816932766752   } 
   nonlocal_energy { 0.6092802925599045   } 
   nonlocal_energyvar { 2.423400065605832   } 
   autocorr_energy { } 
} 

block { 
   label vmc
   totweight 64000
   nautocorr 0
   total_energy { -5.702119003192838   } 
   total_energyvar { 0.7908565622905547   } 
   weight { 1   } 
   weightvar { 0   } 
   kinetic_energy { 3.692537825037963   } 
   kinetic_energyvar { 4.19997928788525   } 
   potential_energy { -9.98470847124549   } 
   potential_energyvar { 6.025252891948908   } 
   nonlocal_energy { 0.590051643014692   } 
   nonlocal_energyvar { 1.977061060376057   } 
   autocorr_energy { } 
} 

block { 
   label vmc
   totweight 64000
   nautocorr 0
   total_energy { -5.696520913209612   } 
   total_energyvar { 0.8182531665589879   } 
   weight { 1   } 
   weightvar { 0   } 
   kinetic_energy { 3.734856342509603   } 
   kinetic_energyvar { 4.509684548664036   } 
   potential_energy { -10.0233701248534   } 
   potential_energyvar { 6.257058401892311   } 
   nonlocal_energy { 0.591992869134188   } 
   nonlocal_energyvar { 2.151787607775354   } 
   autocorr_energy { } 
} 

block { 
   label vmc
   totweight 64000
   nautocorr 0
   total_energy { -5.707549591786917   } 
   total_energyvar { 0.7155148864527306   } 
   weight { 1   } 
   weightvar { 0   } 
   kinetic_energy { 3.729523505379257   } 
   kinetic_energyvar { 4.456766755139619   } 
   potential_energy { -10.02836316680521   } 
   potential_energyvar { 6.47902921863109   } 
   nonlocal_energy { 0.5912900696390367   } 
   nonlocal_energyvar { 2.384966171648633   } 
   autocorr_energy { } 
} 

block { 
   label vmc
   totweight 64000
   nautocorr 0
   total_energy { -5.702147245100324   } 
   total_energyvar { 0.8359527710195217   } 
   weight { 1   } 
   weightvar { 0   } 
   kinetic_energy { 3.740455716664617   } 
   kinetic_energyvar { 4.528570514432865   } 
   potential_energy { -10.04381429033968   } 
   potential_energyvar { 6.512434803470074   } 
   nonlocal_energy { 0.6012113285747412   } 
   nonlocal_energyvar { 2.281151267423159   } 
   autocorr_energy { } 
} 

block { 
   label vmc
   totweight 64000
   nautocorr 0
   total_energy { -5.708010879500214   } 
   total_energyvar { 0.7707034403515952   } 
   weight { 1   } 
   weightvar { 0   } 
   kinetic_energy { 3.712178971558512   } 
   kinetic_energyvar { 4.2743087132396   } 
   potential_energy { -10.00801766626212   } 
   potential_energyvar { 6.218497597689533   } 
   nonlocal_energy { 0.5878278152033934   } 
   nonlocal_energyvar { 2.188089361375046   } 
   autocorr_energy { } 
} 

block { 
   label vmc
   totweight 64000
   nautocorr 0
   total_energy { -5.702877224048631   } 
   total_energyvar { 0.8158957504858771   } 
   weight { 1   } 
   weightvar { 0   } 
   kinetic_energy { 3.71127677174273   } 
   kinetic_energyvar { 4.655574957946388   } 
   potential_energy { -10.01064089455984   } 
   potential_energyvar { 6.139935277542975   } 
   nonlocal_energy { 0.5964868987684819   } 
   nonlocal_energyvar { 2.473928224743477   } 
   autocorr_energy { } 
} 

block { 
   label vmc
   totweight 64000
   nautocorr 0
   total_energy { -5.699426583862816   } 
   total_energyvar { 0.8021646195072393   } 
   weight { 1   } 
   weightvar { 0   } 
   kinetic_energy { 3.741033491989672   } 
   kinetic_energyvar { 4.426817913402793   } 
   potential_energy { -10.04015870171674   } 
   potential_energyvar { 6.855992736166634   } 
   nonlocal_energy { 0.5996986258642574   } 
   nonlocal_energyvar { 2.423514227573611   } 
   autocorr_energy { } 
} 

block { 
   label vmc
   totweight 64000
   nautocorr 0
   total_energy { -5.704368540823572   } 
   total_energyvar { 0.7514563298197047   } 
   weight { 1   } 
   weightvar { 0   } 
   kinetic_energy { 3.756115003414046   } 
   kinetic_energyvar { 4.435539790057968   } 
   potential_energy { -10.0559953124899   } 
   potential_energyvar { 6.452367426598967   } 
   nonlocal_energy { 0.5955117682522802   } 
   nonlocal_energyvar { 2.077105502445987   } 
   autocorr_energy { } 
} 

block { 
   label vmc
   totweight 64000
   nautocorr 0
   total_energy { -5.703929363064769   } 
   total_energyvar { 0.7946309937072064   } 
   weight { 1   } 
   weightvar { 0   } 
   kinetic_energy { 3.743933406045745   } 
   kinetic_energyvar { 4.52689487880712   } 
   potential_energy { -10.04870374177745   } 
   potential_energyvar { 6.655425098068326   } 
   nonlocal_energy { 0.6008409726669361   } 
   nonlocal_energyvar { 2.257744048944117   } 
   autocorr_energy { } 
} 

block { 
   label vmc
   totweight 64000
   nautocorr 0
   total_energy { -5.710248930392074   } 
   total_energyvar { 0.7370075660806723   } 
   weight { 1   } 
   weightvar { 0   } 
   kinetic_energy { 3.732027799987652   } 
   kinetic_energyvar { 4.47081320053065   } 
   potential_energy { -10.04315533835987   } 
   potential_energyvar { 6.379234056566196   } 
   nonlocal_energy { 0.6008786079801498   } 
   nonlocal_energyvar { 2.348449618141384   } 
   autocorr_energy { } 
} 

block { 
   label vmc
   totweight 64000
   nautocorr 0
   total_energy { -5.701156160519283   } 
   total_energyvar { 0.7384501385832565   } 
   weight { 1   } 
   weightvar { 0   } 
   kinetic_energy { 3.726816098048741   } 
   kinetic_energyvar { 4.395248289655706   } 
   potential_energy { -10.03356737706476   } 
   potential_energyvar { 6.254635376696253   } 
   nonlocal_energy { 0.6055951184967355   } 
   nonlocal_energyvar { 2.141295263008592   } 
   autocorr_energy { } 
} 

block { 
   label vmc
   totweight 64000
   nautocorr 0
   total_energy { -5.703019710467111   } 
   total_energyvar { 0.7950330307690794   } 
   weight { 1   } 
   weightvar { 0   } 
   kinetic_energy { 3.704165102708716   } 
   kinetic_energyvar { 4.386571192403347   } 
   potential_energy { -10.00795317511801   } 
   potential_energyvar { 6.047611059003047   } 
   nonlocal_energy { 0.6007683619421855   } 
   nonlocal_energyvar { 2.157492582072014   } 
   autocorr_energy { } 
} 

block { 
   label vmc
   totweight 64000
   nautocorr 0
   total_energy { -5.696049887522054   } 
   total_energyvar { 0.8114012044647684   } 
   weight { 1   } 
   weightvar { 0   } 
   kinetic_energy { 3.716339465305032   } 
   kinetic_energyvar { 4.313534790059973   } 
   potential_energy { -9.996256221162319   } 
   potential_energyvar { 6.077226755974214   } 
   nonlocal_energy { 0.5838668683352312   } 
   nonlocal_energyvar { 2.158329209533751   } 
   autocorr_energy { } 
} 

block { 
   label vmc
   totweight 64000
   nautocorr 0
   total_energy { -5.700187819433774   } 
   total_energyvar { 0.7749228189030002   } 
   weight { 1   } 
   weightvar { 0   } 
   kinetic_energy { 3.698311901951857   } 
   kinetic_energyvar { 4.282130383764166   } 
   potential_energy { -9.991087481058985   } 
   potential_energyvar { 6.297132369924808   } 
   nonlocal_energy { 0.5925877596733512   } 
   nonlocal_energyvar { 2.090715216154444   } 
   autocorr_energy { } 
} 

