
 Primary working directories    : /global/cscratch1/sd/aannabe
 Secondary working directories  : /global/cscratch1/sd/aannabe
 Wavefunction directory         : /global/homes/a/aannabe/wfu/
 Main file repository           : /global/cscratch1/sd/aannabe/

 SHA1      : 19cd028119e0e09f93f0674bd8af7968d9b3eff6
 NAME      : 2015.1.36
 ARCHNAME  : linux/x86_64
 FC        : /opt/cray/pe/craype/2.5.14/bin/ftn
 BLASLIB   : -L/opt/intel/compilers_and_libraries_2018.1.163/linux/mkl/lib/intel64 -Wl,-_start-group -lmkl_intel_ilp64 -lmkl_intel_thread -lmkl_core -Wl,-_end-group -liomp5
 id        : lbl

 Nodes     nprocs
 nid01436     1

 Using customized tuning parameters: mindgm=7; mindgv=16; mindgc=1; mindgr=1; noblas=0; minvec=7
 default implementation of scratch files=df  

 ***,SiH2
 memory,8,g
 gthresh,twoint=1.0E-13
 
 basis={
 ECP,Si,10,2,0;
 3;                                                                              !Vd
 1,5.168316,    4.000000
 3,8.861690,   20.673264
 2,3.933474,  -14.818174
 2;                                                                              !Vs-Vd
 2,9.447023,   14.832760
 2,2.553812,   26.349664
 2;                                                                              !Vp-Vd
 2,3.660001,    7.621400
 2,1.903653,   10.331583
 
 Including file /global/cscratch1/sd/aannabe/docs/molecules_Si/SiH2/ccsdt_q_TZ/triplet_adiab/Si.aug-cc-pVTZ.basis
 
 ECP,H,0,1,0
 3;
 2,   21.77696655044365 ,     -10.85192405303825 ;
 1,   21.24359508259891 ,       1.00000000000000;
 3,   21.24359508259891 ,      21.24359508259891;
 1; 2,                   1.,                      0.;
 
 Including file /global/cscratch1/sd/aannabe/docs/molecules_Si/SiH2/ccsdt_q_TZ/triplet_adiab/H.aug-cc-pVTZ.basis
 }
 
 angstrom
 geometry={
  Si
  H1     Si     1.4768
  H2     Si     1.4768      H1     118.3
 }
 
 {rhf
 wf,6,2,2                                                                        ! nelec,symm,spin
 }
 
  !NOTE: Perturbative MRCC works only with UHF reference. So, here we will trick MRCC by doing zero UHF iteration right after ROHF.
 {uhf
 wf,6,2,2                                                                        ! nelec,symm,spin
 maxit,0
 }
 scf = energy
 
 pop;
 
 _CC_NORM_MAX=2.0
 {mrcc,method=CCSDT(Q)
 orbital,ignore_error=1                                                          !Ignore the fact that UHF WF is not converged
 maxit,100
 core
 }
 ccsd = energy
 
 table,scf,ccsd
 save, 3.csv, new
 

 Variables initialized (889), CPU time= 0.00 sec
 Commands  initialized (702), CPU time= 0.01 sec, 572 directives.
 Default parameters read. Elapsed time= 0.18 sec

 Checking input...
 Passed
1


                                         ***  PROGRAM SYSTEM MOLPRO  ***
                                       Copyright, TTI GmbH Stuttgart, 2015
                                    Version 2015.1 linked Dec 29 2018 15:55:43


 **********************************************************************************************************************************
 LABEL *   SiH2                                                                          
  64 bit serial version                                                                  DATE: 08-Jun-20          TIME: 07:10:22  
 **********************************************************************************************************************************

 SHA1:             19cd028119e0e09f93f0674bd8af7968d9b3eff6
 **********************************************************************************************************************************

 THRESHOLDS:

 ZERO    =  1.00D-12  ONEINT  =  1.00D-12  TWOINT  =  1.00D-13  PREFAC  =  1.00D-14  LOCALI  =  1.00D-09  EORDER  =  1.00D-04
 ENERGY  =  0.00D+00  ETEST   =  0.00D+00  EDENS   =  0.00D+00  THRDEDEF=  1.00D-06  GRADIENT=  1.00D-02  STEP    =  1.00D-03
 ORBITAL =  1.00D-05  CIVEC   =  1.00D-05  COEFF   =  1.00D-04  PRINTCI =  5.00D-02  PUNCHCI =  9.90D+01  OPTGRAD =  3.00D-04
 OPTENERG=  1.00D-06  OPTSTEP =  3.00D-04  THRGRAD =  1.00D-10  COMPRESS=  1.00D-11  VARMIN  =  1.00D-07  VARMAX  =  1.00D-03
 THRDOUB =  0.00D+00  THRDIV  =  1.00D-05  THRRED  =  1.00D-07  THRPSP  =  1.00D+00  THRDC   =  1.00D-10  THRCS   =  1.00D-10
 THRNRM  =  1.00D-08  THREQ   =  0.00D+00  THRDE   =  1.00D+00  THRREF  =  1.00D-05  SPARFAC =  1.00D+00  THRDLP  =  1.00D-07
 THRDIA  =  1.00D-10  THRDLS  =  1.00D-07  THRGPS  =  0.00D+00  THRKEX  =  0.00D+00  THRDIS  =  2.00D-01  THRVAR  =  1.00D-10
 THRLOC  =  1.00D-06  THRGAP  =  1.00D-06  THRLOCT = -1.00D+00  THRGAPT = -1.00D+00  THRORB  =  1.00D-06  THRMLTP =  0.00D+00
 THRCPQCI=  1.00D-10  KEXTA   =  0.00D+00  THRCOARS=  0.00D+00  SYMTOL  =  1.00D-06  GRADTOL =  1.00D-06  THROVL  =  1.00D-08
 THRORTH =  1.00D-08  GRID    =  1.00D-06  GRIDMAX =  1.00D-03  DTMAX   =  0.00D+00  THROCCDE=  1.00D-01  THROCCDE=  1.00D-01



 Variable memory set to 8000000000 words,  buffer space   230000 words

 SETTING BASIS          =    USERDEF
 ZUNIT=ANG
 


 Recomputing integrals since basis changed


 Using spherical harmonics



 PROGRAM * SEWARD (Integral evaluation for generally contracted gaussian basis sets)     Author: Roland Lindh, 1990

 Geometry written to block  1 of record 700

 Orientation using atomic masses  
 Molecule type: Asymmetric top,     Order of principal axis = 2
 Symmetry elements: X,Y
 Rotational constants:     117.0106105    468.5225301    155.9608771 GHz  (calculated with average atomic masses)

 Point group  C2v 



 ATOMIC COORDINATES

 NR  ATOM    CHARGE       X              Y              Z

   1  SI      4.00    0.000000000    0.000000000   -0.095838559
   2  H1      1.00    0.000000000    2.395892285    1.335235162
   3  H2      1.00    0.000000000   -2.395892285    1.335235162

 Bond lengths in Bohr (Angstrom)

 1-2  2.790747541  1-3  2.790747541
     ( 1.476800000)     ( 1.476800000)

 Bond angles

  2-1-3  118.30000000

 NUCLEAR CHARGE:                    6
 NUMBER OF PRIMITIVE AOS:         154
 NUMBER OF SYMMETRY AOS:          141
 NUMBER OF CONTRACTIONS:           91   (  34A1  +  18B1  +  27B2  +  12A2  )
 NUMBER OF CORE ORBITALS:           0   (   0A1  +   0B1  +   0B2  +   0A2  )
 NUMBER OF VALENCE ORBITALS:        6   (   3A1  +   1B1  +   2B2  +   0A2  )


 NUCLEAR REPULSION ENERGY    3.07530596

 Eigenvalues of metric

         1 0.190E-03 0.169E-02 0.428E-02 0.652E-02 0.108E-01 0.126E-01 0.320E-01 0.561E-01
         2 0.808E-02 0.154E-01 0.998E-01 0.160E+00 0.241E+00 0.282E+00 0.322E+00 0.433E+00
         3 0.326E-03 0.139E-02 0.439E-02 0.926E-02 0.158E-01 0.192E-01 0.483E-01 0.546E-01
         4 0.163E-01 0.636E-01 0.238E+00 0.256E+00 0.382E+00 0.428E+00 0.695E+00 0.932E+00


 Contracted 2-electron integrals neglected if value below      1.0D-13
 AO integral compression algorithm  1   Integral accuracy      1.0D-13

     25.690 MB (compressed) written to integral file ( 91.5%)


 NUMBER OF SORTED TWO-ELECTRON INTEGRALS:    2303167.     BUFFER LENGTH:  32768
 NUMBER OF SEGMENTS:   1  SEGMENT LENGTH:    2303167      RECORD LENGTH: 524288

 Memory used in sort:       2.86 MW

 SORT1 READ     3540971. AND WROTE     2140713. INTEGRALS IN      7 RECORDS. CPU TIME:     0.05 SEC, REAL TIME:     0.27 SEC
 SORT2 READ     2140713. AND WROTE     2303167. INTEGRALS IN     98 RECORDS. CPU TIME:     0.08 SEC, REAL TIME:     0.11 SEC

 FILE SIZES:   FILE 1:    45.8 MBYTE,  FILE 4:    29.4 MBYTE,   TOTAL:     75.2 MBYTE

 OPERATOR DM      FOR CENTER  0  COORDINATES:    0.000000    0.000000    0.000000


 **********************************************************************************************************************************
 DATASETS  * FILE   NREC   LENGTH (MB)   RECORD NAMES
              1      20       36.76       500      610      700      900      950      970     1000      129      960     1100   
                                          VAR    BASINP    GEOM    SYMINP    ZMAT    AOBASIS   BASIS     P2S    ABASIS      S 
                                         1400     1410     1420     1200     1210     1080     1600     1650     1300     1700   
                                           T        V       ECP      H0       H01     AOSYM     SMH    MOLCAS    ERIS     OPER   

 PROGRAMS   *        TOTAL       INT
 CPU TIMES  *         1.29      1.19
 REAL TIME  *         5.52 SEC
 DISK USED  *        75.48 MB      
 **********************************************************************************************************************************


 PROGRAM * RHF-SCF (OPEN SHELL)       Authors: W. Meyer, H.-J. Werner


 NUMBER OF ELECTRONS:       4+    2-    SPACE SYMMETRY=2    SPIN SYMMETRY: Triplet 
 CONVERGENCE THRESHOLDS:    1.00E-05 (Density)    1.00E-07 (Energy)
 MAX. NUMBER OF ITERATIONS:       60
 INTERPOLATION TYPE:            DIIS
 INTERPOLATION STEPS:              2 (START)      1 (STEP)
 LEVEL SHIFTS:                 -0.60 (CLOSED) -0.30 (OPEN) 



 Orbital guess generated from atomic densities. Full valence occupancy:    3   1   2   0

 Molecular orbital dump at record        2100.2

 Initial alpha occupancy:   2   1   1   0
 Initial beta  occupancy:   1   0   1   0
 Wave function symmetry:    2

 ITERATION    DDIFF          GRAD             ENERGY        2-EL.EN.            DIPOLE MOMENTS         DIIS   ORB.
    1      0.000D+00      0.000D+00        -4.82203759      9.504124    0.00000    0.00000   -0.16366    0    start
    2      0.000D+00      0.575D-02        -4.83512211      9.629568    0.00000    0.00000   -0.07544    1    diag,B
    3      0.790D-02      0.313D-02        -4.84232618      9.717320    0.00000    0.00000   -0.02047    2    diag,B
    4      0.687D-02      0.122D-02        -4.84389080      9.723024    0.00000    0.00000   -0.02042    3    diag,B
    5      0.356D-02      0.408D-03        -4.84406669      9.720002    0.00000    0.00000   -0.02380    4    diag,B
    6      0.114D-02      0.137D-03        -4.84408784      9.720230    0.00000    0.00000   -0.02414    5    diag,B
    7      0.396D-03      0.431D-04        -4.84408989      9.720104    0.00000    0.00000   -0.02422    6    fixocc
    8      0.180D-03      0.158D-04        -4.84409021      9.720129    0.00000    0.00000   -0.02402    7    diag,B
    9      0.509D-04      0.479D-05        -4.84409023      9.720103    0.00000    0.00000   -0.02389    8    diag,B
   10      0.293D-04      0.131D-05        -4.84409023      9.720094    0.00000    0.00000   -0.02383    9    orth
   11      0.105D-04      0.343D-06        -4.84409023      9.720090    0.00000    0.00000   -0.02381    9    diag,B
   12      0.203D-05      0.114D-06        -4.84409023      9.720090    0.00000    0.00000   -0.02381    0    orth

 Final alpha occupancy:   2   1   1   0
 Final beta  occupancy:   1   0   1   0

 !RHF STATE 1.2 Energy                 -4.844090232368
 Nuclear energy                         3.07530596
 One-electron energy                  -12.77944106
 Two-electron energy                    4.86004487
 Virial quotient                       -1.86037686
 !RHF STATE 1.2 Dipole moment           0.00000000     0.00000000    -0.02381079
 Dipole moment /Debye                   0.00000000     0.00000000    -0.06051703

 Orbital energies:

         1.1          2.1          3.1          4.1
     -0.670615    -0.413826     0.039690     0.058999

         1.2          2.2          3.2
     -0.304043     0.068006     0.150126

         1.3          2.3          3.3
     -0.500126     0.053782     0.082755

         1.4          2.4
      0.147591     0.327743

 HOMO      1.2    -0.304043 =      -8.2734eV
 LUMO      3.1     0.039690 =       1.0800eV
 LUMO-HOMO         0.343733 =       9.3534eV


 **********************************************************************************************************************************
 DATASETS  * FILE   NREC   LENGTH (MB)   RECORD NAMES
              1      20       36.76       500      610      700      900      950      970     1000      129      960     1100   
                                          VAR    BASINP    GEOM    SYMINP    ZMAT    AOBASIS   BASIS     P2S    ABASIS      S 
                                         1400     1410     1420     1200     1210     1080     1600     1650     1300     1700   
                                           T        V       ECP      H0       H01     AOSYM     SMH    MOLCAS    ERIS     OPER   

              2       4        2.83       700     1000      520     2100   
                                         GEOM     BASIS   MCVARS     RHF  

 PROGRAMS   *        TOTAL       RHF       INT
 CPU TIMES  *         1.49      0.19      1.19
 REAL TIME  *         5.84 SEC
 DISK USED  *        75.48 MB      
 **********************************************************************************************************************************


 PROGRAM * UHF-SCF       Authors: W. Meyer, H.-J. Werner


 NUMBER OF ELECTRONS:       4+    2-    SPACE SYMMETRY=2    SPIN SYMMETRY: Triplet 
 CONVERGENCE THRESHOLDS:    1.00E-05 (Density)    1.00E-07 (Energy)
 MAX. NUMBER OF ITERATIONS:        0
 INTERPOLATION TYPE:            DIIS
 INTERPOLATION STEPS:              2 (START)      1 (STEP)
 LEVEL SHIFTS:                  0.20 (ALPHA)   0.20 (BETA) 



 Molecular orbitals read from record     2100.2  Type=RHF/CANONICAL (state 1.2)

 Molecular orbital dump at record        2200.2

 Initial alpha occupation   2   1   1   0
 Initial beta  occupation   1   0   1   0

 ITERATION    DDIFF          GRAD             ENERGY        2-EL.EN.            DIPOLE MOMENTS         DIIS
    1      0.000D+00      0.000D+00        -4.84409023      9.720090    0.00000    0.00000   -0.02381    0
 
 Final alpha occupancy:   2   1   1   0
 Final beta  occupancy:   1   0   1   0

 !UHF STATE 1.2 Energy                 -4.844090232368
 Nuclear energy                         3.07530596
 One-electron energy                  -12.77944106
 Two-electron energy                    4.86004487
 Virial quotient                       -1.86037686
 !UHF STATE 1.2 Dipole moment           0.00000000     0.00000000    -0.02381079
 Dipole moment /Debye                   0.00000000     0.00000000    -0.06051703

 Orbital energies for positive spin:

         1.1          2.1          3.1          4.1
     -0.670615    -0.413826     0.039690     0.058999

         1.2          2.2          3.2
     -0.304043     0.068006     0.150126

         1.3          2.3          3.3
     -0.500126     0.053782     0.082755

         1.4          2.4
      0.147591     0.327743

 Orbital energies for negative spin:

         1.1          2.1          3.1          4.1
     -0.670615    -0.413826     0.039690     0.058999

         1.2          2.2          3.2
     -0.304043     0.068006     0.150126

         1.3          2.3          3.3
     -0.500126     0.053782     0.082755

         1.4          2.4
      0.147591     0.327743

 HOMO      1.2    -0.304043 =      -8.2734eV
 LUMO     -2.1    -0.413826 =     -11.2608eV
 LUMO-HOMO        -0.109783 =      -2.9873eV

 EXPECTATION VALUE OF S**2:             2.00000000

 Occupation number threshold for canonical orbitals:  1.999000 (occupied),  0.001000 (virtual)

 Number of pseudo-canonical orbitals per symmetry:    1   0   1   0
 Number of active natural orbitals per symmetry:      1   1   0   0

 Natural orbitals saved to record    2200.2 (Orbital set 3)

 Orbital spaces for UNO-CAS (Min. occupation: 0.020  Max. occupation: 1.980):

 Closed:        1   0   1   0
 Active:        1   1   0   0

 No convergence



 **********************************************************************************************************************************
 DATASETS  * FILE   NREC   LENGTH (MB)   RECORD NAMES
              1      20       36.76       500      610      700      900      950      970     1000      129      960     1100   
                                          VAR    BASINP    GEOM    SYMINP    ZMAT    AOBASIS   BASIS     P2S    ABASIS      S 
                                         1400     1410     1420     1200     1210     1080     1600     1650     1300     1700   
                                           T        V       ECP      H0       H01     AOSYM     SMH    MOLCAS    ERIS     OPER   

              2       5        5.46       700     1000      520     2100     2200   
                                         GEOM     BASIS   MCVARS     RHF      UHF  

 PROGRAMS   *        TOTAL       UHF       RHF       INT
 CPU TIMES  *         1.51      0.02      0.19      1.19
 REAL TIME  *         5.88 SEC
 DISK USED  *        75.48 MB      
 **********************************************************************************************************************************
 SETTING SCF            =        -4.84409023  AU                              


 PROGRAM * POP (Mulliken population analysis)

 
 Density matrix read from record         2200.2  Type=UHF/CHARGE (state 1.2)
 
 Population analysis by basis function type

 Unique atom        s        p        d        f        g    Total    Charge
   1  SI      1.60039  2.87813  0.20332  0.01649  0.00000  4.69833  - 0.69833
   2  H1      0.63174  0.01763  0.00146  0.00000  0.00000  0.65083  + 0.34917


 **********************************************************************************************************************************
 DATASETS  * FILE   NREC   LENGTH (MB)   RECORD NAMES
              1      20       36.76       500      610      700      900      950      970     1000      129      960     1100   
                                          VAR    BASINP    GEOM    SYMINP    ZMAT    AOBASIS   BASIS     P2S    ABASIS      S 
                                         1400     1410     1420     1200     1210     1080     1600     1650     1300     1700   
                                           T        V       ECP      H0       H01     AOSYM     SMH    MOLCAS    ERIS     OPER   

              2       5        5.46       700     1000      520     2100     2200   
                                         GEOM     BASIS   MCVARS     RHF      UHF  

 PROGRAMS   *        TOTAL       POP       UHF       RHF       INT
 CPU TIMES  *         1.51      0.00      0.02      0.19      1.19
 REAL TIME  *         5.90 SEC
 DISK USED  *        75.48 MB      
 **********************************************************************************************************************************
 SETTING _CC_NORM_MAX   =         2.00000000                                  


 PROGRAM * MRCC (General Multireference Coupled Cluster)    Author: M. Kallay, 2000-2005

 ***  Initialisation ***

   0 Spin projections
 
 Molecular orbitals read from record     2200.2  Type=UHF/ALPHA (state 1.2)

 ?Warning: UHF not converged
 Molecular orbitals read from record     2200.2  Type=UHF/BETA (state 1.2)

 ?Warning: UHF not converged
 
 Frozen orbitals:              0 (  0  0  0  0  0  0  0  0)
 Active orbitals:             91 ( 34 18 27 12  0  0  0  0)
 Active electrons:             6
 Spin quantum number:          1.0

 Transformed integrals will be written to file mrcc_9703/fort.55

 Load integrals                1.7 sec
 Transform integrals           2.2 sec
 Storage for integrals:       13407656
 Remaining memory:           *********

 Core energy:               3.07530596
 
 MRCC Input:
     4     0     0     0     3     0     0     2     0     0     0     1     1     0     0     7     0     0   0.000     0   64000
  ex.lev,nsing,ntrip, rest,method,dens,conver,symm, diag, CS ,spatial, HF, ndoub,nacto,nactv, tol, maxex, sacc, freq,  dboc,   mem
  2  1  0  0  0  0  0  0  0  0  0  0  0  0  0  0  0  0  0  0  0  0  0  0  0  0  0  0  0  0  0  0  0  0  1  0  0  0  0  0  0  0  0  0  0  0  0  0  0  0  0  0  2  0  0  0  0  0  0  0  0  0  0  0  0  0  0  0  0  0  0  0  0  0  0  0  0  0  0  0  0  0  0  0  0  0  0  0  0  0  0
 MRCC Input end
 Variable memory released
 MRCC now being run, temporary output in /global/cscratch1/sd/aannabe/mrcc_9703/mrcc.out
 **********************************************************************
                          MRCC program system
 **********************************************************************

                              Written by
 Mihaly Kallay, Peter R. Nagy, Zoltan Rolik, David Mester, Gyula Samu,
   Jozsef Csontos, Jozsef Csoka, Bernat P. Szabo, Laszlo Gyevi-Nagy,
    Istvan Ladjanszki, Lorant Szegedy, Bence Ladoczki, Klara Petrov,
              Mate Farkas, Pal D. Mezei, and Bence Hegely

        Department of Physical Chemistry and Materials Science
            Budapest University of Technology and Economics
                  Budapest P.O.Box 91, H-1521 Hungary

                              www.mrcc.hu

                     Release date: February 9, 2019

 ************************ 2020-06-08 07:10:54 *************************
 Executing goldstone...

 Generation of CC equations in terms of H and T...
 Generation of antisymmetrized Goldstone diagrams...
 Number of diagrams in T^1 equations:    15
 Number of diagrams in T^2 equations:    38
 Number of diagrams in T^3 equations:    49
 Number of diagrams in T^4 equations:     5
 Translation of diagrams to factorized equations...
 Optimizing intermediate calculation...
 Number of floating-point operations per iteration step:   3.9663E+11
 Probable CPU time per iteration step (hours):      3.97
 Required memory (Mbytes):    7844.0
 Number of intermediates:                                  79
 Number of intermediates to be stored:                     32
 Length of intermediate file (Mbytes):     279.9

 ************************ 2020-06-08 07:10:55 *************************
 Executing xmrcc...

 **********************************************************************
 CC(3)(4) calculation


 Allocation of7844.0 Mbytes of memory...
 Number of spinorbitals:                   182
 Number of alpha electrons:                        4
 Number of beta electrons:                         2
 Spin multiplicity:                     2
 z-component of spin:  1.0
 Spatial symmetry:                      2
 Convergence criterion:  1.0E-07
 Construction of occupation graphs...
 Number of                     0 -fold excitations:                      1
 Number of                     1 -fold excitations:                    166
 Number of                     2 -fold excitations:                  23034
 Number of                     3 -fold excitations:                1449486
 Total number of configurations:                1472687
 Calculation of coupling coefficients...
 Length of intermediate file (Mbytes):     213.8

 ======================================================================

 Spin case  1   Alpha:  2   Beta:  2
 Number of excitations:               21975580
 Spin case  2   Alpha:  3   Beta:  1
 Number of excitations:               18785533
 Spin case  3   Alpha:  4   Beta:  0
 Number of excitations:                 553868
 Number of                     4 -fold excitations:               41314981

 Memory requirements /Mbyte/:
               Minimal        Optimal
 Real*8:        409.3612       523.3157
 Integer:        21.0961
 Total:         430.4573       544.4118


 ************************ 2020-06-08 07:10:59 *************************
 Executing mrcc...

 **********************************************************************
 CCSDT(Q) calculation


 Allocation of  523.3 Mbytes of memory...
 Number of spinorbitals: 182
 Number of alpha electrons:  4
 Number of beta  electrons:  2
 Spin multiplicity: 2
 z-component of spin:  1.0
 Spatial symmetry: 2
 Convergence criterion:  1.0E-07
 Construction of occupation graphs...
 Number of 0-fold excitations: 1
 Number of 1-fold excitations: 166
 Number of 2-fold excitations: 23034
 Number of 3-fold excitations: 1449486
 Total number of determinants: 1472687
 Calculation of coupling coefficients...
 Initial cluster amplitudes are generated.
 Length of intermediate file (Mbytes):     213.8
 Reading integral list from unit 55...
 Sorting integrals...
 Sorting integrals...
 Sorting integrals...
 Sorting integrals...
 Energy of reference determinant [au]:      -4.844090232368
 Calculation of MP denominators...

 Starting CC iteration...
 ======================================================================
 Norm of residual vector:     0.52360574
 CPU time [min]:     0.538                   Wall time [min]:     0.705

 Iteration  1  CC energy:    -4.93896570  Energy decrease:   0.09487546
 ======================================================================
 Norm of residual vector:     0.13543227
 CPU time [min]:     0.827                   Wall time [min]:     1.170

 Iteration  2  CC energy:    -4.95632549  Energy decrease:   0.01735979
 ======================================================================
 Norm of residual vector:     0.04436959
 CPU time [min]:     1.136                   Wall time [min]:     1.638

 Iteration  3  CC energy:    -4.96454912  Energy decrease:   0.00822364
 ======================================================================
 Norm of residual vector:     0.01542184
 CPU time [min]:     1.446                   Wall time [min]:     2.108

 Iteration  4  CC energy:    -4.96563603  Energy decrease:   0.00108691
 ======================================================================
 Norm of residual vector:     0.00643583
 CPU time [min]:     1.758                   Wall time [min]:     2.581

 Iteration  5  CC energy:    -4.96563242  Energy decrease:   0.00000361
 ======================================================================
 Norm of residual vector:     0.00259067
 CPU time [min]:     2.069                   Wall time [min]:     3.059

 Iteration  6  CC energy:    -4.96564859  Energy decrease:   0.00001617
 ======================================================================
 Norm of residual vector:     0.00105513
 CPU time [min]:     2.383                   Wall time [min]:     3.533

 Iteration  7  CC energy:    -4.96565075  Energy decrease:   0.00000216
 ======================================================================
 Norm of residual vector:     0.00042110
 CPU time [min]:     2.696                   Wall time [min]:     4.006

 Iteration  8  CC energy:    -4.96565553  Energy decrease:   0.00000478
 ======================================================================
 Norm of residual vector:     0.00015605
 CPU time [min]:     3.011                   Wall time [min]:     4.501

 Iteration  9  CC energy:    -4.96565886  Energy decrease:   0.00000333
 ======================================================================
 Norm of residual vector:     0.00005799
 CPU time [min]:     3.328                   Wall time [min]:     4.989

 Iteration 10  CC energy:    -4.96565871  Energy decrease:   0.00000015
 ======================================================================
 Norm of residual vector:     0.00002103
 CPU time [min]:     3.645                   Wall time [min]:     5.471

 Iteration 11  CC energy:    -4.96565844  Energy decrease:   0.00000027
 ======================================================================
 Norm of residual vector:     0.00000814
 CPU time [min]:     3.963                   Wall time [min]:     5.959

 Iteration 12  CC energy:    -4.96565852  Energy decrease:   0.00000008
 ======================================================================
 Norm of residual vector:     0.00000315
 CPU time [min]:     4.283                   Wall time [min]:     6.448

 Iteration 13  CC energy:    -4.96565855  Energy decrease:   0.00000003
 ======================================================================
 Norm of residual vector:     0.00000124
 CPU time [min]:     4.603                   Wall time [min]:     6.942

 Iteration 14  CC energy:    -4.96565852  Energy decrease:   0.00000003
 ======================================================================
 Norm of residual vector:     0.00000049
 CPU time [min]:     4.925                   Wall time [min]:     7.450

 Iteration 15  CC energy:    -4.96565852  Energy decrease:   1.9088E-09
 ======================================================================
 Norm of residual vector:     0.00000020
 CPU time [min]:     5.248                   Wall time [min]:     7.942

 Iteration 16  CC energy:    -4.96565852  Energy decrease:   3.5713E-09
 ======================================================================
 Norm of residual vector:     0.00000009
 CPU time [min]:     5.551                   Wall time [min]:     8.418

 Iteration 17  CC energy:    -4.96565852  Energy decrease:   5.5739E-10
 ======================================================================

 Iteration has converged in 17 steps.

 Final results:
 Total CCSDT energy [au]:             -4.965658524088
 Total MP2 energy [au]:               -4.938965697003

 Perturbative corrections are calculated...
 ======================================================================
 Spin case  1   Alpha:  2   Beta:  2
 Number of excitations:        21975580
 CPU time [min]:    28.861                   Wall time [min]:    31.734
 ======================================================================
 Spin case  2   Alpha:  3   Beta:  1
 Number of excitations:        18785533
 CPU time [min]:    44.836                   Wall time [min]:    47.709
 ======================================================================
 Spin case  3   Alpha:  4   Beta:  0
 Number of excitations:        553868
 CPU time [min]:    46.435                   Wall time [min]:    49.308
 ======================================================================
 Number of 4-fold excitations: 41314981
 CPU time [min]:    46.435                   Wall time [min]:    49.308

 Total CCSDT[Q] energy [au]:          -4.965608643045
 Total CCSDT(Q) energy [au]:          -4.965746005771

 ************************ 2020-06-08 08:00:19 *************************
                      Normal termination of mrcc.
 **********************************************************************
 !CCSDT STATE 1.2 Energy               -4.965658524088
 !MP2 STATE 1.2 Energy                 -4.938965697003
 !CCSDT[Q] STATE 1.2 Energy            -4.965608643045
 !CCSDT(Q) STATE 1.2 Energy            -4.965746005771
 
 CPU-time for MRCC:           2786.1 sec
 Elapsed-time for MRCC:       2965.6 sec

 Variable memory set to 8000000000 words,  buffer space   230000 words



 **********************************************************************************************************************************
 DATASETS  * FILE   NREC   LENGTH (MB)   RECORD NAMES
              1      20       36.76       500      610      700      900      950      970     1000      129      960     1100   
                                          VAR    BASINP    GEOM    SYMINP    ZMAT    AOBASIS   BASIS     P2S    ABASIS      S 
                                         1400     1410     1420     1200     1210     1080     1600     1650     1300     1700   
                                           T        V       ECP      H0       H01     AOSYM     SMH    MOLCAS    ERIS     OPER   

              2       5        5.46       700     1000      520     2100     2200   
                                         GEOM     BASIS   MCVARS     RHF      UHF  

 PROGRAMS   *        TOTAL      MRCC       POP       UHF       RHF       INT
 CPU TIMES  *      2803.18   2801.66      0.00      0.02      0.19      1.19
 REAL TIME  *      2997.04 SEC
 DISK USED  *        75.48 MB      
 **********************************************************************************************************************************
 SETTING CCSD           =        -4.96574601  AU                              
                                                                                                                                                                                                                                                                

       SCF           CCSD
    -4.84409023   -4.96574601
                                                  

 CCSDT(Q)/USERDEF energy=     -4.965746005771

        CCSDT(Q)        UHF-SCF         RHF-SCF 
     -4.96574601     -4.84409023     -4.84409023
 **********************************************************************************************************************************
 Molpro calculation terminated
 Variable memory released
