45: wfdata allocate
0: output to qw.opt.o
19: wfdata allocate
2: wfdata allocate
62: wfdata allocate
1: wfdata allocate
11: wfdata allocate
22: wfdata allocate
40: wfdata allocate
28: wfdata allocate
20: wfdata allocate
36: wfdata allocate
38: wfdata allocate
55: wfdata allocate
53: wfdata allocate
3: wfdata allocate
8: wfdata allocate
30: wfdata allocate
41: wfdata allocate
25: wfdata allocate
17: wfdata allocate
42: wfdata allocate
26: wfdata allocate
32: wfdata allocate
33: wfdata allocate
34: wfdata allocate
35: wfdata allocate
60: wfdata allocate
24: wfdata allocate
57: wfdata allocate
59: wfdata allocate
0: wfdata allocate
44: wfdata allocate
21: wfdata allocate
46: wfdata allocate
52: wfdata allocate
51: wfdata allocate
49: wfdata allocate
54: wfdata allocate
10: wfdata allocate
37: wfdata allocate
39: wfdata allocate
16: wfdata allocate
18: wfdata allocate
27: wfdata allocate
56: wfdata allocate
48: wfdata allocate
58: wfdata allocate
5: wfdata allocate
13: wfdata allocate
50: wfdata allocate
47: wfdata allocate
15: wfdata allocate
9: wfdata allocate
7: wfdata allocate
43: wfdata allocate
23: wfdata allocate
61: wfdata allocate
4: wfdata allocate
63: wfdata allocate
14: wfdata allocate
6: wfdata allocate
12: wfdata allocate
29: wfdata allocate
31: wfdata allocate
0: Timestep is 1.19875
6: Timestep is 1.19875
14: Timestep is 1.19875
28: Timestep is 1.19875
2: Timestep is 1.19875
3: Timestep is 1.19875
4: Timestep is 1.19875
8: Timestep is 1.19875
9: Timestep is 1.19875
10: Timestep is 1.19875
11: Timestep is 1.19875
12: Timestep is 1.19875
13: Timestep is 1.19875
15: Timestep is 1.19875
16: Timestep is 1.19875
17: Timestep is 1.19875
18: Timestep is 1.19875
19: Timestep is 1.19875
20: Timestep is 1.19875
21: Timestep is 1.19875
24: Timestep is 1.19875
25: Timestep is 1.19875
26: Timestep is 1.19875
27: Timestep is 1.19875
29: Timestep is 1.19875
31: Timestep is 1.19875
32: Timestep is 1.19875
33: Timestep is 1.19875
34: Timestep is 1.19875
35: Timestep is 1.19875
36: Timestep is 1.19875
37: Timestep is 1.19875
39: Timestep is 1.19875
41: Timestep is 1.19875
42: Timestep is 1.19875
45: Timestep is 1.19875
46: Timestep is 1.19875
51: Timestep is 1.19875
53: Timestep is 1.19875
56: Timestep is 1.19875
57: Timestep is 1.19875
58: Timestep is 1.19875
60: Timestep is 1.19875
61: Timestep is 1.19875
62: Timestep is 1.19875
1: Timestep is 1.19875
5: Timestep is 1.19875
7: Timestep is 1.19875
22: Timestep is 1.19875
23: Timestep is 1.19875
30: Timestep is 1.19875
38: Timestep is 1.19875
40: Timestep is 1.19875
43: Timestep is 1.19875
44: Timestep is 1.19875
47: Timestep is 1.19875
48: Timestep is 1.19875
49: Timestep is 1.19875
50: Timestep is 1.19875
52: Timestep is 1.19875
54: Timestep is 1.19875
55: Timestep is 1.19875
59: Timestep is 1.19875
63: Timestep is 1.19875
Setting step size to 0.0307

Setting step size to 0.0188

Setting step size to 0.0197

Setting step size to 0.00641

Setting step size to 0.0205

Setting step size to 0.0244

Setting step size to 0.00711

Setting step size to 0.0119

Setting step size to 0.00183

Setting step size to 0.0127

Setting step size to 0.00468

Setting step size to 0.00506

Setting step size to 0.0178

Setting step size to 0.00145

Setting step size to 0.00431

Setting step size to 0.00517

Setting step size to 0.00189

Setting step size to 0.00334

Setting step size to 0.00762

Setting step size to 0.00118

Setting step size to 0.0041

Setting step size to 0.00298

Setting step size to 0.000925

Setting step size to 0.00611

Setting step size to 0.00249

Setting step size to 0.000691

Setting step size to 0.00179

Setting step size to 0.00337

Setting step size to 0.000862

Setting step size to   0.01

Setting step size to 0.0307

Setting step size to 0.0188

Setting step size to 0.0197

Setting step size to 0.00641

Setting step size to 0.0205

Setting step size to 0.0244

Setting step size to 0.00711

Setting step size to 0.0119

Setting step size to 0.00183

Setting step size to 0.0127

Setting step size to 0.00468

Setting step size to 0.00506

Setting step size to 0.0178

Setting step size to 0.00145

Setting step size to 0.00431

Setting step size to 0.00517

Setting step size to 0.00189

Setting step size to 0.00334

Setting step size to 0.00762

Setting step size to 0.00118

Setting step size to 0.0041

Setting step size to 0.00298

Setting step size to 0.000925

Setting step size to 0.00611

Setting step size to 0.00249

Setting step size to 0.000691

Setting step size to 0.00179

Setting step size to 0.00337

Setting step size to 0.000862

Setting step size to   0.01

Setting step size to 0.0307

Setting step size to 0.0188

Setting step size to 0.0197

Setting step size to 0.00641

Setting step size to 0.0205

Setting step size to 0.0244

Setting step size to 0.00711

Setting step size to 0.0119

Setting step size to 0.00183

Setting step size to 0.0127

Setting step size to 0.00468

Setting step size to 0.00506

Setting step size to 0.0178

Setting step size to 0.00145

Setting step size to 0.00431

Setting step size to 0.00517

Setting step size to 0.00189

Setting step size to 0.00334

Setting step size to 0.00762

Setting step size to 0.00118

Setting step size to 0.0041

Setting step size to 0.00298

Setting step size to 0.000925

Setting step size to 0.00611

Setting step size to 0.00249

Setting step size to 0.000691

Setting step size to 0.00179

Setting step size to 0.00337

Setting step size to 0.000862

Setting step size to   0.01

Setting step size to 0.0307

Setting step size to 0.0188

Setting step size to 0.0197

Setting step size to 0.00641

Setting step size to 0.0205

Setting step size to 0.0244

Setting step size to 0.00711

Setting step size to 0.0119

Setting step size to 0.00183

Setting step size to 0.0127

Setting step size to 0.00468

Setting step size to 0.00506

Setting step size to 0.0178

Setting step size to 0.00145

Setting step size to 0.00431

Setting step size to 0.00517

Setting step size to 0.00189

Setting step size to 0.00334

Setting step size to 0.00762

Setting step size to 0.00118

Setting step size to 0.0041

Setting step size to 0.00298

Setting step size to 0.000925

Setting step size to 0.00611

Setting step size to 0.00249

Setting step size to 0.000691

Setting step size to 0.00179

Setting step size to 0.00337

Setting step size to 0.000862

Setting step size to   0.01

Setting step size to 0.0307

Setting step size to 0.0188

Setting step size to 0.0197

Setting step size to 0.00641

Setting step size to 0.0205

Setting step size to 0.0244

Setting step size to 0.00711

Setting step size to 0.0119

Setting step size to 0.00183

Setting step size to 0.0127

Setting step size to 0.00468

Setting step size to 0.00506

Setting step size to 0.0178

Setting step size to 0.00145

Setting step size to 0.00431

Setting step size to 0.00517

Setting step size to 0.00189

Setting step size to 0.00334

Setting step size to 0.00762

Setting step size to 0.00118

Setting step size to 0.0041

Setting step size to 0.00298

Setting step size to 0.000925

Setting step size to 0.00611

Setting step size to 0.00249

Setting step size to 0.000691

Setting step size to 0.00179

Setting step size to 0.00337

Setting step size to 0.000862

Setting step size to   0.01

Setting step size to 0.0307

Setting step size to 0.0188

Setting step size to 0.0197

Setting step size to 0.00641

Setting step size to 0.0205

Setting step size to 0.0244

Setting step size to 0.00711

Setting step size to 0.0119

Setting step size to 0.00183

Setting step size to 0.0127

Setting step size to 0.00468

Setting step size to 0.00506

Setting step size to 0.0178

Setting step size to 0.00145

Setting step size to 0.00431

Setting step size to 0.00517

Setting step size to 0.00189

Setting step size to 0.00334

Setting step size to 0.00762

Setting step size to 0.00118

Setting step size to 0.0041

Setting step size to 0.00298

Setting step size to 0.000925

Setting step size to 0.00611

Setting step size to 0.00249

Setting step size to 0.000691

Setting step size to 0.00179

Setting step size to 0.00337

Setting step size to 0.000862

Setting step size to   0.01

Setting step size to 0.0307

Setting step size to 0.0188

Setting step size to 0.0197

Setting step size to 0.00641

Setting step size to 0.0205

Setting step size to 0.0244

Setting step size to 0.00711

Setting step size to 0.0119

Setting step size to 0.00183

Setting step size to 0.0127

Setting step size to 0.00468

Setting step size to 0.00506

Setting step size to 0.0178

Setting step size to 0.00145

Setting step size to 0.00431

Setting step size to 0.00517

Setting step size to 0.00189

Setting step size to 0.00334

Setting step size to 0.00762

Setting step size to 0.00118

Setting step size to 0.0041

Setting step size to 0.00298

Setting step size to 0.000925

Setting step size to 0.00611

Setting step size to 0.00249

Setting step size to 0.000691

Setting step size to 0.00179

Setting step size to 0.00337

Setting step size to 0.000862

Setting step size to   0.01

Setting step size to 0.0307

Setting step size to 0.0188

Setting step size to 0.0197

Setting step size to 0.00641

Setting step size to 0.0205

Setting step size to 0.0244

Setting step size to 0.00711

Setting step size to 0.0119

Setting step size to 0.00183

Setting step size to 0.0127

Setting step size to 0.00468

Setting step size to 0.00506

Setting step size to 0.0178

Setting step size to 0.00145

Setting step size to 0.00431

Setting step size to 0.00517

Setting step size to 0.00189

Setting step size to 0.00334

Setting step size to 0.00762

Setting step size to 0.00118

Setting step size to 0.0041

Setting step size to 0.00298

Setting step size to 0.000925

Setting step size to 0.00611

Setting step size to 0.00249

Setting step size to 0.000691

Setting step size to 0.00179

Setting step size to 0.00337

Setting step size to 0.000862

Setting step size to   0.01

Setting step size to 0.0307

Setting step size to 0.0188

Setting step size to 0.0197

Setting step size to 0.00641

Setting step size to 0.0205

Setting step size to 0.0244

Setting step size to 0.00711

Setting step size to 0.0119

Setting step size to 0.00183

Setting step size to 0.0127

Setting step size to 0.00468

Setting step size to 0.00506

Setting step size to 0.0178

Setting step size to 0.00145

Setting step size to 0.00431

Setting step size to 0.00517

Setting step size to 0.00189

Setting step size to 0.00334

Setting step size to 0.00762

Setting step size to 0.00118

Setting step size to 0.0041

Setting step size to 0.00298

Setting step size to 0.000925

Setting step size to 0.00611

Setting step size to 0.00249

Setting step size to 0.000691

Setting step size to 0.00179

Setting step size to 0.00337

Setting step size to 0.000862

Setting step size to   0.01

Setting step size to 0.0307

Setting step size to 0.0188

Setting step size to 0.0197

Setting step size to 0.00641

Setting step size to 0.0205

Setting step size to 0.0244

Setting step size to 0.00711

Setting step size to 0.0119

Setting step size to 0.00183

Setting step size to 0.0127

Setting step size to 0.00468

Setting step size to 0.00506

Setting step size to 0.0178

Setting step size to 0.00145

Setting step size to 0.00431

Setting step size to 0.00517

Setting step size to 0.00189

Setting step size to 0.00334

Setting step size to 0.00762

Setting step size to 0.00118

Setting step size to 0.0041

Setting step size to 0.00298

Setting step size to 0.000925

Setting step size to 0.00611

Setting step size to 0.00249

Setting step size to 0.000691

Setting step size to 0.00179

Setting step size to 0.00337

Setting step size to 0.000862

Setting step size to   0.01

Setting step size to 0.0307

Setting step size to 0.0188

Setting step size to 0.0197

Setting step size to 0.00641

Setting step size to 0.0205

Setting step size to 0.0244

Setting step size to 0.00711

Setting step size to 0.0119

Setting step size to 0.00183

Setting step size to 0.0127

Setting step size to 0.00468

Setting step size to 0.00506

Setting step size to 0.0178

Setting step size to 0.00145

Setting step size to 0.00431

Setting step size to 0.00517

Setting step size to 0.00189

Setting step size to 0.00334

Setting step size to 0.00762

Setting step size to 0.00118

Setting step size to 0.0041

Setting step size to 0.00298

Setting step size to 0.000925

Setting step size to 0.00611

Setting step size to 0.00249

Setting step size to 0.000691

Setting step size to 0.00179

Setting step size to 0.00337

Setting step size to 0.000862

Setting step size to   0.01

Setting step size to 0.0307

Setting step size to 0.0188

Setting step size to 0.0197

Setting step size to 0.00641

Setting step size to 0.0205

Setting step size to 0.0244

Setting step size to 0.00711

Setting step size to 0.0119

Setting step size to 0.00183

Setting step size to 0.0127

Setting step size to 0.00468

Setting step size to 0.00506

Setting step size to 0.0178

Setting step size to 0.00145

Setting step size to 0.00431

Setting step size to 0.00517

Setting step size to 0.00189

Setting step size to 0.00334

Setting step size to 0.00762

Setting step size to 0.00118

Setting step size to 0.0041

Setting step size to 0.00298

Setting step size to 0.000925

Setting step size to 0.00611

Setting step size to 0.00249

Setting step size to 0.000691

Setting step size to 0.00179

Setting step size to 0.00337

Setting step size to 0.000862

Setting step size to   0.01

Setting step size to 0.0307

Setting step size to 0.0188

Setting step size to 0.0197

Setting step size to 0.00641

Setting step size to 0.0205

Setting step size to 0.0244

Setting step size to 0.00711

Setting step size to 0.0119

Setting step size to 0.00183

Setting step size to 0.0127

Setting step size to 0.00468

Setting step size to 0.00506

Setting step size to 0.0178

Setting step size to 0.00145

Setting step size to 0.00431

Setting step size to 0.00517

Setting step size to 0.00189

Setting step size to 0.00334

Setting step size to 0.00762

Setting step size to 0.00118

Setting step size to 0.0041

Setting step size to 0.00298

Setting step size to 0.000925

Setting step size to 0.00611

Setting step size to 0.00249

Setting step size to 0.000691

Setting step size to 0.00179

Setting step size to 0.00337

Setting step size to 0.000862

Setting step size to   0.01

Setting step size to 0.0307

Setting step size to 0.0188

Setting step size to 0.0197

Setting step size to 0.00641

Setting step size to 0.0205

Setting step size to 0.0244

Setting step size to 0.00711

Setting step size to 0.0119

Setting step size to 0.00183

Setting step size to 0.0127

Setting step size to 0.00468

Setting step size to 0.00506

Setting step size to 0.0178

Setting step size to 0.00145

Setting step size to 0.00431

Setting step size to 0.00517

Setting step size to 0.00189

Setting step size to 0.00334

Setting step size to 0.00762

Setting step size to 0.00118

Setting step size to 0.0041

Setting step size to 0.00298

Setting step size to 0.000925

Setting step size to 0.00611

Setting step size to 0.00249

Setting step size to 0.000691

Setting step size to 0.00179

Setting step size to 0.00337

Setting step size to 0.000862

Setting step size to   0.01

Setting step size to 0.0307

Setting step size to 0.0188

Setting step size to 0.0197

Setting step size to 0.00641

Setting step size to 0.0205

Setting step size to 0.0244

Setting step size to 0.00711

Setting step size to 0.0119

Setting step size to 0.00183

Setting step size to 0.0127

Setting step size to 0.00468

Setting step size to 0.00506

Setting step size to 0.0178

Setting step size to 0.00145

Setting step size to 0.00431

Setting step size to 0.00517

Setting step size to 0.00189

Setting step size to 0.00334

Setting step size to 0.00762

Setting step size to 0.00118

Setting step size to 0.0041

Setting step size to 0.00298

Setting step size to 0.000925

Setting step size to 0.00611

Setting step size to 0.00249

Setting step size to 0.000691

Setting step size to 0.00179

Setting step size to 0.00337

Setting step size to 0.000862

Setting step size to   0.01

Setting step size to 0.0307

Setting step size to 0.0188

Setting step size to 0.0197

Setting step size to 0.00641

Setting step size to 0.0205

Setting step size to 0.0244

Setting step size to 0.00711

Setting step size to 0.0119

Setting step size to 0.00183

Setting step size to 0.0127

Setting step size to 0.00468

Setting step size to 0.00506

Setting step size to 0.0178

Setting step size to 0.00145

Setting step size to 0.00431

Setting step size to 0.00517

Setting step size to 0.00189

Setting step size to 0.00334

Setting step size to 0.00762

Setting step size to 0.00118

Setting step size to 0.0041

Setting step size to 0.00298

Setting step size to 0.000925

Setting step size to 0.00611

Setting step size to 0.00249

Setting step size to 0.000691

Setting step size to 0.00179

Setting step size to 0.00337

Setting step size to 0.000862

Setting step size to   0.01

Setting step size to 0.0307

Setting step size to 0.0188

Setting step size to 0.0197

Setting step size to 0.00641

Setting step size to 0.0205

Setting step size to 0.0244

Setting step size to 0.00711

Setting step size to 0.0119

Setting step size to 0.00183

Setting step size to 0.0127

Setting step size to 0.00468

Setting step size to 0.00506

Setting step size to 0.0178

Setting step size to 0.00145

Setting step size to 0.00431

Setting step size to 0.00517

Setting step size to 0.00189

Setting step size to 0.00334

Setting step size to 0.00762

Setting step size to 0.00118

Setting step size to 0.0041

Setting step size to 0.00298

Setting step size to 0.000925

Setting step size to 0.00611

Setting step size to 0.00249

Setting step size to 0.000691

Setting step size to 0.00179

Setting step size to 0.00337

Setting step size to 0.000862

Setting step size to   0.01

Setting step size to 0.0307

Setting step size to 0.0188

Setting step size to 0.0197

Setting step size to 0.00641

Setting step size to 0.0205

Setting step size to 0.0244

Setting step size to 0.00711

Setting step size to 0.0119

Setting step size to 0.00183

Setting step size to 0.0127

Setting step size to 0.00468

Setting step size to 0.00506

Setting step size to 0.0178

Setting step size to 0.00145

Setting step size to 0.00431

Setting step size to 0.00517

Setting step size to 0.00189

Setting step size to 0.00334

Setting step size to 0.00762

Setting step size to 0.00118

Setting step size to 0.0041

Setting step size to 0.00298

Setting step size to 0.000925

Setting step size to 0.00611

Setting step size to 0.00249

Setting step size to 0.000691

Setting step size to 0.00179

Setting step size to 0.00337

Setting step size to 0.000862

Setting step size to   0.01

Setting step size to 0.0307

Setting step size to 0.0188

Setting step size to 0.0197

Setting step size to 0.00641

Setting step size to 0.0205

Setting step size to 0.0244

Setting step size to 0.00711

Setting step size to 0.0119

Setting step size to 0.00183

Setting step size to 0.0127

Setting step size to 0.00468

Setting step size to 0.00506

Setting step size to 0.0178

Setting step size to 0.00145

Setting step size to 0.00431

Setting step size to 0.00517

Setting step size to 0.00189

Setting step size to 0.00334

Setting step size to 0.00762

Setting step size to 0.00118

Setting step size to 0.0041

Setting step size to 0.00298

Setting step size to 0.000925

Setting step size to 0.00611

Setting step size to 0.00249

Setting step size to 0.000691

Setting step size to 0.00179

Setting step size to 0.00337

Setting step size to 0.000862

Setting step size to   0.01

Setting step size to 0.0307

Setting step size to 0.0188

Setting step size to 0.0197

Setting step size to 0.00641

Setting step size to 0.0205

Setting step size to 0.0244

Setting step size to 0.00711

Setting step size to 0.0119

Setting step size to 0.00183

Setting step size to 0.0127

Setting step size to 0.00468

Setting step size to 0.00506

Setting step size to 0.0178

Setting step size to 0.00145

Setting step size to 0.00431

Setting step size to 0.00517

Setting step size to 0.00189

Setting step size to 0.00334

Setting step size to 0.00762

Setting step size to 0.00118

Setting step size to 0.0041

Setting step size to 0.00298

Setting step size to 0.000925

Setting step size to 0.00611

Setting step size to 0.00249

Setting step size to 0.000691

Setting step size to 0.00179

Setting step size to 0.00337

Setting step size to 0.000862

Setting step size to   0.01

Setting step size to 0.0307

Setting step size to 0.0188

Setting step size to 0.0197

Setting step size to 0.00641

Setting step size to 0.0205

Setting step size to 0.0244

Setting step size to 0.00711

Setting step size to 0.0119

Setting step size to 0.00183

Setting step size to 0.0127

Setting step size to 0.00468

Setting step size to 0.00506

Setting step size to 0.0178

Setting step size to 0.00145

Setting step size to 0.00431

Setting step size to 0.00517

Setting step size to 0.00189

Setting step size to 0.00334

Setting step size to 0.00762

Setting step size to 0.00118

Setting step size to 0.0041

Setting step size to 0.00298

Setting step size to 0.000925

Setting step size to 0.00611

Setting step size to 0.00249

Setting step size to 0.000691

Setting step size to 0.00179

Setting step size to 0.00337

Setting step size to 0.000862

Setting step size to   0.01

Setting step size to 0.0307

Setting step size to 0.0188

Setting step size to 0.0197

Setting step size to 0.00641

Setting step size to 0.0205

Setting step size to 0.0244

Setting step size to 0.00711

Setting step size to 0.0119

Setting step size to 0.00183

Setting step size to 0.0127

Setting step size to 0.00468

Setting step size to 0.00506

Setting step size to 0.0178

Setting step size to 0.00145

Setting step size to 0.00431

Setting step size to 0.00517

Setting step size to 0.00189

Setting step size to 0.00334

Setting step size to 0.00762

Setting step size to 0.00118

Setting step size to 0.0041

Setting step size to 0.00298

Setting step size to 0.000925

Setting step size to 0.00611

Setting step size to 0.00249

Setting step size to 0.000691

Setting step size to 0.00179

Setting step size to 0.00337

Setting step size to 0.000862

Setting step size to   0.01

Setting step size to 0.0307

Setting step size to 0.0188

Setting step size to 0.0197

Setting step size to 0.00641

Setting step size to 0.0205

Setting step size to 0.0244

Setting step size to 0.00711

Setting step size to 0.0119

Setting step size to 0.00183

Setting step size to 0.0127

Setting step size to 0.00468

Setting step size to 0.00506

Setting step size to 0.0178

Setting step size to 0.00145

Setting step size to 0.00431

Setting step size to 0.00517

Setting step size to 0.00189

Setting step size to 0.00334

Setting step size to 0.00762

Setting step size to 0.00118

Setting step size to 0.0041

Setting step size to 0.00298

Setting step size to 0.000925

Setting step size to 0.00611

Setting step size to 0.00249

Setting step size to 0.000691

Setting step size to 0.00179

Setting step size to 0.00337

Setting step size to 0.000862

Setting step size to   0.01

Setting step size to 0.0307

Setting step size to 0.0188

Setting step size to 0.0197

Setting step size to 0.00641

Setting step size to 0.0205

Setting step size to 0.0244

Setting step size to 0.00711

Setting step size to 0.0119

Setting step size to 0.00183

Setting step size to 0.0127

Setting step size to 0.00468

Setting step size to 0.00506

Setting step size to 0.0178

Setting step size to 0.00145

Setting step size to 0.00431

Setting step size to 0.00517

Setting step size to 0.00189

Setting step size to 0.00334

Setting step size to 0.00762

Setting step size to 0.00118

Setting step size to 0.0041

Setting step size to 0.00298

Setting step size to 0.000925

Setting step size to 0.00611

Setting step size to 0.00249

Setting step size to 0.000691

Setting step size to 0.00179

Setting step size to 0.00337

Setting step size to 0.000862

Setting step size to   0.01

Setting step size to 0.0307

Setting step size to 0.0188

Setting step size to 0.0197

Setting step size to 0.00641

Setting step size to 0.0205

Setting step size to 0.0244

Setting step size to 0.00711

Setting step size to 0.0119

Setting step size to 0.00183

Setting step size to 0.0127

Setting step size to 0.00468

Setting step size to 0.00506

Setting step size to 0.0178

Setting step size to 0.00145

Setting step size to 0.00431

Setting step size to 0.00517

Setting step size to 0.00189

Setting step size to 0.00334

Setting step size to 0.00762

Setting step size to 0.00118

Setting step size to 0.0041

Setting step size to 0.00298

Setting step size to 0.000925

Setting step size to 0.00611

Setting step size to 0.00249

Setting step size to 0.000691

Setting step size to 0.00179

Setting step size to 0.00337

Setting step size to 0.000862

Setting step size to   0.01

Setting step size to 0.0307

Setting step size to 0.0188

Setting step size to 0.0197

Setting step size to 0.00641

Setting step size to 0.0205

Setting step size to 0.0244

Setting step size to 0.00711

Setting step size to 0.0119

Setting step size to 0.00183

Setting step size to 0.0127

Setting step size to 0.00468

Setting step size to 0.00506

Setting step size to 0.0178

Setting step size to 0.00145

Setting step size to 0.00431

Setting step size to 0.00517

Setting step size to 0.00189

Setting step size to 0.00334

Setting step size to 0.00762

Setting step size to 0.00118

Setting step size to 0.0041

Setting step size to 0.00298

Setting step size to 0.000925

Setting step size to 0.00611

Setting step size to 0.00249

Setting step size to 0.000691

Setting step size to 0.00179

Setting step size to 0.00337

Setting step size to 0.000862

Setting step size to   0.01

Setting step size to 0.0307

Setting step size to 0.0188

Setting step size to 0.0197

Setting step size to 0.00641

Setting step size to 0.0205

Setting step size to 0.0244

Setting step size to 0.00711

Setting step size to 0.0119

Setting step size to 0.00183

Setting step size to 0.0127

Setting step size to 0.00468

Setting step size to 0.00506

Setting step size to 0.0178

Setting step size to 0.00145

Setting step size to 0.00431

Setting step size to 0.00517

Setting step size to 0.00189

Setting step size to 0.00334

Setting step size to 0.00762

Setting step size to 0.00118

Setting step size to 0.0041

Setting step size to 0.00298

Setting step size to 0.000925

Setting step size to 0.00611

Setting step size to 0.00249

Setting step size to 0.000691

Setting step size to 0.00179

Setting step size to 0.00337

Setting step size to 0.000862

Setting step size to   0.01

Setting step size to 0.0307

Setting step size to 0.0188

Setting step size to 0.0197

Setting step size to 0.00641

Setting step size to 0.0205

Setting step size to 0.0244

Setting step size to 0.00711

Setting step size to 0.0119

Setting step size to 0.00183

Setting step size to 0.0127

Setting step size to 0.00468

Setting step size to 0.00506

Setting step size to 0.0178

Setting step size to 0.00145

Setting step size to 0.00431

Setting step size to 0.00517

Setting step size to 0.00189

Setting step size to 0.00334

Setting step size to 0.00762

Setting step size to 0.00118

Setting step size to 0.0041

Setting step size to 0.00298

Setting step size to 0.000925

Setting step size to 0.00611

Setting step size to 0.00249

Setting step size to 0.000691

Setting step size to 0.00179

Setting step size to 0.00337

Setting step size to 0.000862

Setting step size to   0.01

Setting step size to 0.0307

Setting step size to 0.0188

Setting step size to 0.0197

Setting step size to 0.00641

Setting step size to 0.0205

Setting step size to 0.0244

Setting step size to 0.00711

Setting step size to 0.0119

Setting step size to 0.00183

Setting step size to 0.0127

Setting step size to 0.00468

Setting step size to 0.00506

Setting step size to 0.0178

Setting step size to 0.00145

Setting step size to 0.00431

Setting step size to 0.00517

Setting step size to 0.00189

Setting step size to 0.00334

Setting step size to 0.00762

Setting step size to 0.00118

Setting step size to 0.0041

Setting step size to 0.00298

Setting step size to 0.000925

Setting step size to 0.00611

Setting step size to 0.00249

Setting step size to 0.000691

Setting step size to 0.00179

Setting step size to 0.00337

Setting step size to 0.000862

Setting step size to   0.01

Setting step size to 0.0307

Setting step size to 0.0188

Setting step size to 0.0197

Setting step size to 0.00641

Setting step size to 0.0205

Setting step size to 0.0244

Setting step size to 0.00711

Setting step size to 0.0119

Setting step size to 0.00183

Setting step size to 0.0127

Setting step size to 0.00468

Setting step size to 0.00506

Setting step size to 0.0178

Setting step size to 0.00145

Setting step size to 0.00431

Setting step size to 0.00517

Setting step size to 0.00189

Setting step size to 0.00334

Setting step size to 0.00762

Setting step size to 0.00118

Setting step size to 0.0041

Setting step size to 0.00298

Setting step size to 0.000925

Setting step size to 0.00611

Setting step size to 0.00249

Setting step size to 0.000691

Setting step size to 0.00179

Setting step size to 0.00337

Setting step size to 0.000862

Setting step size to   0.01

Setting step size to 0.0307

Setting step size to 0.0188

Setting step size to 0.0197

Setting step size to 0.00641

Setting step size to 0.0205

Setting step size to 0.0244

Setting step size to 0.00711

Setting step size to 0.0119

Setting step size to 0.00183

Setting step size to 0.0127

Setting step size to 0.00468

Setting step size to 0.00506

Setting step size to 0.0178

Setting step size to 0.00145

Setting step size to 0.00431

Setting step size to 0.00517

Setting step size to 0.00189

Setting step size to 0.00334

Setting step size to 0.00762

Setting step size to 0.00118

Setting step size to 0.0041

Setting step size to 0.00298

Setting step size to 0.000925

Setting step size to 0.00611

Setting step size to 0.00249

Setting step size to 0.000691

Setting step size to 0.00179

Setting step size to 0.00337

Setting step size to 0.000862

Setting step size to   0.01

Setting step size to 0.0307

Setting step size to 0.0188

Setting step size to 0.0197

Setting step size to 0.00641

Setting step size to 0.0205

Setting step size to 0.0244

Setting step size to 0.00711

Setting step size to 0.0119

Setting step size to 0.00183

Setting step size to 0.0127

Setting step size to 0.00468

Setting step size to 0.00506

Setting step size to 0.0178

Setting step size to 0.00145

Setting step size to 0.00431

Setting step size to 0.00517

Setting step size to 0.00189

Setting step size to 0.00334

Setting step size to 0.00762

Setting step size to 0.00118

Setting step size to 0.0041

Setting step size to 0.00298

Setting step size to 0.000925

Setting step size to 0.00611

Setting step size to 0.00249

Setting step size to 0.000691

Setting step size to 0.00179

Setting step size to 0.00337

Setting step size to 0.000862

Setting step size to   0.01

Setting step size to 0.0307

Setting step size to 0.0188

Setting step size to 0.0197

Setting step size to 0.00641

Setting step size to 0.0205

Setting step size to 0.0244

Setting step size to 0.00711

Setting step size to 0.0119

Setting step size to 0.00183

Setting step size to 0.0127

Setting step size to 0.00468

Setting step size to 0.00506

Setting step size to 0.0178

Setting step size to 0.00145

Setting step size to 0.00431

Setting step size to 0.00517

Setting step size to 0.00189

Setting step size to 0.00334

Setting step size to 0.00762

Setting step size to 0.00118

Setting step size to 0.0041

Setting step size to 0.00298

Setting step size to 0.000925

Setting step size to 0.00611

Setting step size to 0.00249

Setting step size to 0.000691

Setting step size to 0.00179

Setting step size to 0.00337

Setting step size to 0.000862

Setting step size to   0.01

Setting step size to 0.0307

Setting step size to 0.0188

Setting step size to 0.0197

Setting step size to 0.00641

Setting step size to 0.0205

Setting step size to 0.0244

Setting step size to 0.00711

Setting step size to 0.0119

Setting step size to 0.00183

Setting step size to 0.0127

Setting step size to 0.00468

Setting step size to 0.00506

Setting step size to 0.0178

Setting step size to 0.00145

Setting step size to 0.00431

Setting step size to 0.00517

Setting step size to 0.00189

Setting step size to 0.00334

Setting step size to 0.00762

Setting step size to 0.00118

Setting step size to 0.0041

Setting step size to 0.00298

Setting step size to 0.000925

Setting step size to 0.00611

Setting step size to 0.00249

Setting step size to 0.000691

Setting step size to 0.00179

Setting step size to 0.00337

Setting step size to 0.000862

Setting step size to   0.01

Setting step size to 0.0307

Setting step size to 0.0188

Setting step size to 0.0197

Setting step size to 0.00641

Setting step size to 0.0205

Setting step size to 0.0244

Setting step size to 0.00711

Setting step size to 0.0119

Setting step size to 0.00183

Setting step size to 0.0127

Setting step size to 0.00468

Setting step size to 0.00506

Setting step size to 0.0178

Setting step size to 0.00145

Setting step size to 0.00431

Setting step size to 0.00517

Setting step size to 0.00189

Setting step size to 0.00334

Setting step size to 0.00762

Setting step size to 0.00118

Setting step size to 0.0041

Setting step size to 0.00298

Setting step size to 0.000925

Setting step size to 0.00611

Setting step size to 0.00249

Setting step size to 0.000691

Setting step size to 0.00179

Setting step size to 0.00337

Setting step size to 0.000862

Setting step size to   0.01

Setting step size to 0.0307

Setting step size to 0.0188

Setting step size to 0.0197

Setting step size to 0.00641

Setting step size to 0.0205

Setting step size to 0.0244

Setting step size to 0.00711

Setting step size to 0.0119

Setting step size to 0.00183

Setting step size to 0.0127

Setting step size to 0.00468

Setting step size to 0.00506

Setting step size to 0.0178

Setting step size to 0.00145

Setting step size to 0.00431

Setting step size to 0.00517

Setting step size to 0.00189

Setting step size to 0.00334

Setting step size to 0.00762

Setting step size to 0.00118

Setting step size to 0.0041

Setting step size to 0.00298

Setting step size to 0.000925

Setting step size to 0.00611

Setting step size to 0.00249

Setting step size to 0.000691

Setting step size to 0.00179

Setting step size to 0.00337

Setting step size to 0.000862

Setting step size to   0.01

Setting step size to 0.0307

Setting step size to 0.0188

Setting step size to 0.0197

Setting step size to 0.00641

Setting step size to 0.0205

Setting step size to 0.0244

Setting step size to 0.00711

Setting step size to 0.0119

Setting step size to 0.00183

Setting step size to 0.0127

Setting step size to 0.00468

Setting step size to 0.00506

Setting step size to 0.0178

Setting step size to 0.00145

Setting step size to 0.00431

Setting step size to 0.00517

Setting step size to 0.00189

Setting step size to 0.00334

Setting step size to 0.00762

Setting step size to 0.00118

Setting step size to 0.0041

Setting step size to 0.00298

Setting step size to 0.000925

Setting step size to 0.00611

Setting step size to 0.00249

Setting step size to 0.000691

Setting step size to 0.00179

Setting step size to 0.00337

Setting step size to 0.000862

Setting step size to   0.01

Setting step size to 0.0307

Setting step size to 0.0188

Setting step size to 0.0197

Setting step size to 0.00641

Setting step size to 0.0205

Setting step size to 0.0244

Setting step size to 0.00711

Setting step size to 0.0119

Setting step size to 0.00183

Setting step size to 0.0127

Setting step size to 0.00468

Setting step size to 0.00506

Setting step size to 0.0178

Setting step size to 0.00145

Setting step size to 0.00431

Setting step size to 0.00517

Setting step size to 0.00189

Setting step size to 0.00334

Setting step size to 0.00762

Setting step size to 0.00118

Setting step size to 0.0041

Setting step size to 0.00298

Setting step size to 0.000925

Setting step size to 0.00611

Setting step size to 0.00249

Setting step size to 0.000691

Setting step size to 0.00179

Setting step size to 0.00337

Setting step size to 0.000862

Setting step size to   0.01

Setting step size to 0.0307

Setting step size to 0.0188

Setting step size to 0.0197

Setting step size to 0.00641

Setting step size to 0.0205

Setting step size to 0.0244

Setting step size to 0.00711

Setting step size to 0.0119

Setting step size to 0.00183

Setting step size to 0.0127

Setting step size to 0.00468

Setting step size to 0.00506

Setting step size to 0.0178

Setting step size to 0.00145

Setting step size to 0.00431

Setting step size to 0.00517

Setting step size to 0.00189

Setting step size to 0.00334

Setting step size to 0.00762

Setting step size to 0.00118

Setting step size to 0.0041

Setting step size to 0.00298

Setting step size to 0.000925

Setting step size to 0.00611

Setting step size to 0.00249

Setting step size to 0.000691

Setting step size to 0.00179

Setting step size to 0.00337

Setting step size to 0.000862

Setting step size to   0.01

Setting step size to 0.0307

Setting step size to 0.0188

Setting step size to 0.0197

Setting step size to 0.00641

Setting step size to 0.0205

Setting step size to 0.0244

Setting step size to 0.00711

Setting step size to 0.0119

Setting step size to 0.00183

Setting step size to 0.0127

Setting step size to 0.00468

Setting step size to 0.00506

Setting step size to 0.0178

Setting step size to 0.00145

Setting step size to 0.00431

Setting step size to 0.00517

Setting step size to 0.00189

Setting step size to 0.00334

Setting step size to 0.00762

Setting step size to 0.00118

Setting step size to 0.0041

Setting step size to 0.00298

Setting step size to 0.000925

Setting step size to 0.00611

Setting step size to 0.00249

Setting step size to 0.000691

Setting step size to 0.00179

Setting step size to 0.00337

Setting step size to 0.000862

Setting step size to   0.01

Setting step size to 0.0307

Setting step size to 0.0188

Setting step size to 0.0197

Setting step size to 0.00641

Setting step size to 0.0205

Setting step size to 0.0244

Setting step size to 0.00711

Setting step size to 0.0119

Setting step size to 0.00183

Setting step size to 0.0127

Setting step size to 0.00468

Setting step size to 0.00506

Setting step size to 0.0178

Setting step size to 0.00145

Setting step size to 0.00431

Setting step size to 0.00517

Setting step size to 0.00189

Setting step size to 0.00334

Setting step size to 0.00762

Setting step size to 0.00118

Setting step size to 0.0041

Setting step size to 0.00298

Setting step size to 0.000925

Setting step size to 0.00611

Setting step size to 0.00249

Setting step size to 0.000691

Setting step size to 0.00179

Setting step size to 0.00337

Setting step size to 0.000862

Setting step size to   0.01

Setting step size to 0.0307

Setting step size to 0.0188

Setting step size to 0.0197

Setting step size to 0.00641

Setting step size to 0.0205

Setting step size to 0.0244

Setting step size to 0.00711

Setting step size to 0.0119

Setting step size to 0.00183

Setting step size to 0.0127

Setting step size to 0.00468

Setting step size to 0.00506

Setting step size to 0.0178

Setting step size to 0.00145

Setting step size to 0.00431

Setting step size to 0.00517

Setting step size to 0.00189

Setting step size to 0.00334

Setting step size to 0.00762

Setting step size to 0.00118

Setting step size to 0.0041

Setting step size to 0.00298

Setting step size to 0.000925

Setting step size to 0.00611

Setting step size to 0.00249

Setting step size to 0.000691

Setting step size to 0.00179

Setting step size to 0.00337

Setting step size to 0.000862

Setting step size to   0.01

Setting step size to 0.0307

Setting step size to 0.0188

Setting step size to 0.0197

Setting step size to 0.00641

Setting step size to 0.0205

Setting step size to 0.0244

Setting step size to 0.00711

Setting step size to 0.0119

Setting step size to 0.00183

Setting step size to 0.0127

Setting step size to 0.00468

Setting step size to 0.00506

Setting step size to 0.0178

Setting step size to 0.00145

Setting step size to 0.00431

Setting step size to 0.00517

Setting step size to 0.00189

Setting step size to 0.00334

Setting step size to 0.00762

Setting step size to 0.00118

Setting step size to 0.0041

Setting step size to 0.00298

Setting step size to 0.000925

Setting step size to 0.00611

Setting step size to 0.00249

Setting step size to 0.000691

Setting step size to 0.00179

Setting step size to 0.00337

Setting step size to 0.000862

Setting step size to   0.01

Setting step size to 0.0307

Setting step size to 0.0188

Setting step size to 0.0197

Setting step size to 0.00641

Setting step size to 0.0205

Setting step size to 0.0244

Setting step size to 0.00711

Setting step size to 0.0119

Setting step size to 0.00183

Setting step size to 0.0127

Setting step size to 0.00468

Setting step size to 0.00506

Setting step size to 0.0178

Setting step size to 0.00145

Setting step size to 0.00431

Setting step size to 0.00517

Setting step size to 0.00189

Setting step size to 0.00334

Setting step size to 0.00762

Setting step size to 0.00118

Setting step size to 0.0041

Setting step size to 0.00298

Setting step size to 0.000925

Setting step size to 0.00611

Setting step size to 0.00249

Setting step size to 0.000691

Setting step size to 0.00179

Setting step size to 0.00337

Setting step size to 0.000862

Setting step size to   0.01

Setting step size to 0.0307

Setting step size to 0.0188

Setting step size to 0.0197

Setting step size to 0.00641

Setting step size to 0.0205

Setting step size to 0.0244

Setting step size to 0.00711

Setting step size to 0.0119

Setting step size to 0.00183

Setting step size to 0.0127

Setting step size to 0.00468

Setting step size to 0.00506

Setting step size to 0.0178

Setting step size to 0.00145

Setting step size to 0.00431

Setting step size to 0.00517

Setting step size to 0.00189

Setting step size to 0.00334

Setting step size to 0.00762

Setting step size to 0.00118

Setting step size to 0.0041

Setting step size to 0.00298

Setting step size to 0.000925

Setting step size to 0.00611

Setting step size to 0.00249

Setting step size to 0.000691

Setting step size to 0.00179

Setting step size to 0.00337

Setting step size to 0.000862

Setting step size to   0.01

Setting step size to 0.0307

Setting step size to 0.0188

Setting step size to 0.0197

Setting step size to 0.00641

Setting step size to 0.0205

Setting step size to 0.0244

Setting step size to 0.00711

Setting step size to 0.0119

Setting step size to 0.00183

Setting step size to 0.0127

Setting step size to 0.00468

Setting step size to 0.00506

Setting step size to 0.0178

Setting step size to 0.00145

Setting step size to 0.00431

Setting step size to 0.00517

Setting step size to 0.00189

Setting step size to 0.00334

Setting step size to 0.00762

Setting step size to 0.00118

Setting step size to 0.0041

Setting step size to 0.00298

Setting step size to 0.000925

Setting step size to 0.00611

Setting step size to 0.00249

Setting step size to 0.000691

Setting step size to 0.00179

Setting step size to 0.00337

Setting step size to 0.000862

Setting step size to   0.01

Setting step size to 0.0307

Setting step size to 0.0188

Setting step size to 0.0197

Setting step size to 0.00641

Setting step size to 0.0205

Setting step size to 0.0244

Setting step size to 0.00711

Setting step size to 0.0119

Setting step size to 0.00183

Setting step size to 0.0127

Setting step size to 0.00468

Setting step size to 0.00506

Setting step size to 0.0178

Setting step size to 0.00145

Setting step size to 0.00431

Setting step size to 0.00517

Setting step size to 0.00189

Setting step size to 0.00334

Setting step size to 0.00762

Setting step size to 0.00118

Setting step size to 0.0041

Setting step size to 0.00298

Setting step size to 0.000925

Setting step size to 0.00611

Setting step size to 0.00249

Setting step size to 0.000691

Setting step size to 0.00179

Setting step size to 0.00337

Setting step size to 0.000862

Setting step size to   0.01

Setting step size to 0.0307

Setting step size to 0.0188

Setting step size to 0.0197

Setting step size to 0.00641

Setting step size to 0.0205

Setting step size to 0.0244

Setting step size to 0.00711

Setting step size to 0.0119

Setting step size to 0.00183

Setting step size to 0.0127

Setting step size to 0.00468

Setting step size to 0.00506

Setting step size to 0.0178

Setting step size to 0.00145

Setting step size to 0.00431

Setting step size to 0.00517

Setting step size to 0.00189

Setting step size to 0.00334

Setting step size to 0.00762

Setting step size to 0.00118

Setting step size to 0.0041

Setting step size to 0.00298

Setting step size to 0.000925

Setting step size to 0.00611

Setting step size to 0.00249

Setting step size to 0.000691

Setting step size to 0.00179

Setting step size to 0.00337

Setting step size to 0.000862

Setting step size to   0.01

Setting step size to 0.0307

Setting step size to 0.0188

Setting step size to 0.0197

Setting step size to 0.00641

Setting step size to 0.0205

Setting step size to 0.0244

Setting step size to 0.00711

Setting step size to 0.0119

Setting step size to 0.00183

Setting step size to 0.0127

Setting step size to 0.00468

Setting step size to 0.00506

Setting step size to 0.0178

Setting step size to 0.00145

Setting step size to 0.00431

Setting step size to 0.00517

Setting step size to 0.00189

Setting step size to 0.00334

Setting step size to 0.00762

Setting step size to 0.00118

Setting step size to 0.0041

Setting step size to 0.00298

Setting step size to 0.000925

Setting step size to 0.00611

Setting step size to 0.00249

Setting step size to 0.000691

Setting step size to 0.00179

Setting step size to 0.00337

Setting step size to 0.000862

Setting step size to   0.01

Setting step size to 0.0307

Setting step size to 0.0188

Setting step size to 0.0197

Setting step size to 0.00641

Setting step size to 0.0205

Setting step size to 0.0244

Setting step size to 0.00711

Setting step size to 0.0119

Setting step size to 0.00183

Setting step size to 0.0127

Setting step size to 0.00468

Setting step size to 0.00506

Setting step size to 0.0178

Setting step size to 0.00145

Setting step size to 0.00431

Setting step size to 0.00517

Setting step size to 0.00189

Setting step size to 0.00334

Setting step size to 0.00762

Setting step size to 0.00118

Setting step size to 0.0041

Setting step size to 0.00298

Setting step size to 0.000925

Setting step size to 0.00611

Setting step size to 0.00249

Setting step size to 0.000691

Setting step size to 0.00179

Setting step size to 0.00337

Setting step size to 0.000862

Setting step size to   0.01

Setting step size to 0.0307

Setting step size to 0.0188

Setting step size to 0.0197

Setting step size to 0.00641

Setting step size to 0.0205

Setting step size to 0.0244

Setting step size to 0.00711

Setting step size to 0.0119

Setting step size to 0.00183

Setting step size to 0.0127

Setting step size to 0.00468

Setting step size to 0.00506

Setting step size to 0.0178

Setting step size to 0.00145

Setting step size to 0.00431

Setting step size to 0.00517

Setting step size to 0.00189

Setting step size to 0.00334

Setting step size to 0.00762

Setting step size to 0.00118

Setting step size to 0.0041

Setting step size to 0.00298

Setting step size to 0.000925

Setting step size to 0.00611

Setting step size to 0.00249

Setting step size to 0.000691

Setting step size to 0.00179

Setting step size to 0.00337

Setting step size to 0.000862

Setting step size to   0.01

Setting step size to 0.0307

Setting step size to 0.0188

Setting step size to 0.0197

Setting step size to 0.00641

Setting step size to 0.0205

Setting step size to 0.0244

Setting step size to 0.00711

Setting step size to 0.0119

Setting step size to 0.00183

Setting step size to 0.0127

Setting step size to 0.00468

Setting step size to 0.00506

Setting step size to 0.0178

Setting step size to 0.00145

Setting step size to 0.00431

Setting step size to 0.00517

Setting step size to 0.00189

Setting step size to 0.00334

Setting step size to 0.00762

Setting step size to 0.00118

Setting step size to 0.0041

Setting step size to 0.00298

Setting step size to 0.000925

Setting step size to 0.00611

Setting step size to 0.00249

Setting step size to 0.000691

Setting step size to 0.00179

Setting step size to 0.00337

Setting step size to 0.000862

Setting step size to   0.01

Setting step size to 0.0307

Setting step size to 0.0188

Setting step size to 0.0197

Setting step size to 0.00641

Setting step size to 0.0205

Setting step size to 0.0244

Setting step size to 0.00711

Setting step size to 0.0119

Setting step size to 0.00183

Setting step size to 0.0127

Setting step size to 0.00468

Setting step size to 0.00506

Setting step size to 0.0178

Setting step size to 0.00145

Setting step size to 0.00431

Setting step size to 0.00517

Setting step size to 0.00189

Setting step size to 0.00334

Setting step size to 0.00762

Setting step size to 0.00118

Setting step size to 0.0041

Setting step size to 0.00298

Setting step size to 0.000925

Setting step size to 0.00611

Setting step size to 0.00249

Setting step size to 0.000691

Setting step size to 0.00179

Setting step size to 0.00337

Setting step size to 0.000862

Setting step size to   0.01

Setting step size to 0.0307

Setting step size to 0.0188

Setting step size to 0.0197

Setting step size to 0.00641

Setting step size to 0.0205

Setting step size to 0.0244

Setting step size to 0.00711

Setting step size to 0.0119

Setting step size to 0.00183

Setting step size to 0.0127

Setting step size to 0.00468

Setting step size to 0.00506

Setting step size to 0.0178

Setting step size to 0.00145

Setting step size to 0.00431

Setting step size to 0.00517

Setting step size to 0.00189

Setting step size to 0.00334

Setting step size to 0.00762

Setting step size to 0.00118

Setting step size to 0.0041

Setting step size to 0.00298

Setting step size to 0.000925

Setting step size to 0.00611

Setting step size to 0.00249

Setting step size to 0.000691

Setting step size to 0.00179

Setting step size to 0.00337

Setting step size to 0.000862

Setting step size to   0.01

Setting step size to 0.0307

Setting step size to 0.0188

Setting step size to 0.0197

Setting step size to 0.00641

Setting step size to 0.0205

Setting step size to 0.0244

Setting step size to 0.00711

Setting step size to 0.0119

Setting step size to 0.00183

Setting step size to 0.0127

Setting step size to 0.00468

Setting step size to 0.00506

Setting step size to 0.0178

Setting step size to 0.00145

Setting step size to 0.00431

Setting step size to 0.00517

Setting step size to 0.00189

Setting step size to 0.00334

Setting step size to 0.00762

Setting step size to 0.00118

Setting step size to 0.0041

Setting step size to 0.00298

Setting step size to 0.000925

Setting step size to 0.00611

Setting step size to 0.00249

Setting step size to 0.000691

Setting step size to 0.00179

Setting step size to 0.00337

Setting step size to 0.000862

Setting step size to   0.01

Setting step size to 0.0307

Setting step size to 0.0188

Setting step size to 0.0197

Setting step size to 0.00641

Setting step size to 0.0205

Setting step size to 0.0244

Setting step size to 0.00711

Setting step size to 0.0119

Setting step size to 0.00183

Setting step size to 0.0127

Setting step size to 0.00468

Setting step size to 0.00506

Setting step size to 0.0178

Setting step size to 0.00145

Setting step size to 0.00431

Setting step size to 0.00517

Setting step size to 0.00189

Setting step size to 0.00334

Setting step size to 0.00762

Setting step size to 0.00118

Setting step size to 0.0041

Setting step size to 0.00298

Setting step size to 0.000925

Setting step size to 0.00611

Setting step size to 0.00249

Setting step size to 0.000691

Setting step size to 0.00179

Setting step size to 0.00337

Setting step size to 0.000862

Setting step size to   0.01

Setting step size to 0.0307

Setting step size to 0.0188

Setting step size to 0.0197

Setting step size to 0.00641

Setting step size to 0.0205

Setting step size to 0.0244

Setting step size to 0.00711

Setting step size to 0.0119

Setting step size to 0.00183

Setting step size to 0.0127

Setting step size to 0.00468

Setting step size to 0.00506

Setting step size to 0.0178

Setting step size to 0.00145

Setting step size to 0.00431

Setting step size to 0.00517

Setting step size to 0.00189

Setting step size to 0.00334

Setting step size to 0.00762

Setting step size to 0.00118

Setting step size to 0.0041

Setting step size to 0.00298

Setting step size to 0.000925

Setting step size to 0.00611

Setting step size to 0.00249

Setting step size to 0.000691

Setting step size to 0.00179

Setting step size to 0.00337

Setting step size to 0.000862

Setting step size to   0.01

Setting step size to 0.0307

Setting step size to 0.0188

Setting step size to 0.0197

Setting step size to 0.00641

Setting step size to 0.0205

Setting step size to 0.0244

Setting step size to 0.00711

Setting step size to 0.0119

Setting step size to 0.00183

Setting step size to 0.0127

Setting step size to 0.00468

Setting step size to 0.00506

Setting step size to 0.0178

Setting step size to 0.00145

Setting step size to 0.00431

Setting step size to 0.00517

Setting step size to 0.00189

Setting step size to 0.00334

Setting step size to 0.00762

Setting step size to 0.00118

Setting step size to 0.0041

Setting step size to 0.00298

Setting step size to 0.000925

Setting step size to 0.00611

Setting step size to 0.00249

Setting step size to 0.000691

Setting step size to 0.00179

Setting step size to 0.00337

Setting step size to 0.000862

Setting step size to   0.01

Setting step size to 0.0307

Setting step size to 0.0188

Setting step size to 0.0197

Setting step size to 0.00641

Setting step size to 0.0205

Setting step size to 0.0244

Setting step size to 0.00711

Setting step size to 0.0119

Setting step size to 0.00183

Setting step size to 0.0127

Setting step size to 0.00468

Setting step size to 0.00506

Setting step size to 0.0178

Setting step size to 0.00145

Setting step size to 0.00431

Setting step size to 0.00517

Setting step size to 0.00189

Setting step size to 0.00334

Setting step size to 0.00762

Setting step size to 0.00118

Setting step size to 0.0041

Setting step size to 0.00298

Setting step size to 0.000925

Setting step size to 0.00611

Setting step size to 0.00249

Setting step size to 0.000691

Setting step size to 0.00179

Setting step size to 0.00337

Setting step size to 0.000862

Setting step size to   0.01

Setting step size to 0.0307

Setting step size to 0.0188

Setting step size to 0.0197

Setting step size to 0.00641

Setting step size to 0.0205

Setting step size to 0.0244

Setting step size to 0.00711

Setting step size to 0.0119

Setting step size to 0.00183

Setting step size to 0.0127

Setting step size to 0.00468

Setting step size to 0.00506

Setting step size to 0.0178

Setting step size to 0.00145

Setting step size to 0.00431

Setting step size to 0.00517

Setting step size to 0.00189

Setting step size to 0.00334

Setting step size to 0.00762

Setting step size to 0.00118

Setting step size to 0.0041

Setting step size to 0.00298

Setting step size to 0.000925

Setting step size to 0.00611

Setting step size to 0.00249

Setting step size to 0.000691

Setting step size to 0.00179

Setting step size to 0.00337

Setting step size to 0.000862

Setting step size to   0.01

Setting step size to 0.0307

Setting step size to 0.0188

Setting step size to 0.0197

Setting step size to 0.00641

Setting step size to 0.0205

Setting step size to 0.0244

Setting step size to 0.00711

Setting step size to 0.0119

Setting step size to 0.00183

Setting step size to 0.0127

Setting step size to 0.00468

Setting step size to 0.00506

Setting step size to 0.0178

Setting step size to 0.00145

Setting step size to 0.00431

Setting step size to 0.00517

Setting step size to 0.00189

Setting step size to 0.00334

Setting step size to 0.00762

Setting step size to 0.00118

Setting step size to 0.0041

Setting step size to 0.00298

Setting step size to 0.000925

Setting step size to 0.00611

Setting step size to 0.00249

Setting step size to 0.000691

Setting step size to 0.00179

Setting step size to 0.00337

Setting step size to 0.000862

Setting step size to   0.01

Setting step size to 0.0307

Setting step size to 0.0188

Setting step size to 0.0197

Setting step size to 0.00641

Setting step size to 0.0205

Setting step size to 0.0244

Setting step size to 0.00711

Setting step size to 0.0119

Setting step size to 0.00183

Setting step size to 0.0127

Setting step size to 0.00468

Setting step size to 0.00506

Setting step size to 0.0178

Setting step size to 0.00145

Setting step size to 0.00431

Setting step size to 0.00517

Setting step size to 0.00189

Setting step size to 0.00334

Setting step size to 0.00762

Setting step size to 0.00118

Setting step size to 0.0041

Setting step size to 0.00298

Setting step size to 0.000925

Setting step size to 0.00611

Setting step size to 0.00249

Setting step size to 0.000691

Setting step size to 0.00179

Setting step size to 0.00337

Setting step size to 0.000862

Setting step size to   0.01

Setting step size to 0.0307

Setting step size to 0.0188

Setting step size to 0.0197

Setting step size to 0.00641

Setting step size to 0.0205

Setting step size to 0.0244

Setting step size to 0.00711

Setting step size to 0.0119

Setting step size to 0.00183

Setting step size to 0.0127

Setting step size to 0.00468

Setting step size to 0.00506

Setting step size to 0.0178

Setting step size to 0.00145

Setting step size to 0.00431

Setting step size to 0.00517

Setting step size to 0.00189

Setting step size to 0.00334

Setting step size to 0.00762

Setting step size to 0.00118

Setting step size to 0.0041

Setting step size to 0.00298

Setting step size to 0.000925

Setting step size to 0.00611

Setting step size to 0.00249

Setting step size to 0.000691

Setting step size to 0.00179

Setting step size to 0.00337

Setting step size to 0.000862

Setting step size to   0.01

Setting step size to 0.0307

Setting step size to 0.0188

Setting step size to 0.0197

Setting step size to 0.00641

Setting step size to 0.0205

Setting step size to 0.0244

Setting step size to 0.00711

Setting step size to 0.0119

Setting step size to 0.00183

Setting step size to 0.0127

Setting step size to 0.00468

Setting step size to 0.00506

Setting step size to 0.0178

Setting step size to 0.00145

Setting step size to 0.00431

Setting step size to 0.00517

Setting step size to 0.00189

Setting step size to 0.00334

Setting step size to 0.00762

Setting step size to 0.00118

Setting step size to 0.0041

Setting step size to 0.00298

Setting step size to 0.000925

Setting step size to 0.00611

Setting step size to 0.00249

Setting step size to 0.000691

Setting step size to 0.00179

Setting step size to 0.00337

Setting step size to 0.000862

Setting step size to   0.01

