33: wfdata allocate
0: output to qw.opt3.o
56: wfdata allocate
49: wfdata allocate
3: wfdata allocate
47: wfdata allocate
41: wfdata allocate
2: wfdata allocate
24: wfdata allocate
46: wfdata allocate
6: wfdata allocate
19: wfdata allocate
15: wfdata allocate
18: wfdata allocate
37: wfdata allocate
39: wfdata allocate
8: wfdata allocate
10: wfdata allocate
32: wfdata allocate
7: wfdata allocate
5: wfdata allocate
52: wfdata allocate
30: wfdata allocate
28: wfdata allocate
36: wfdata allocate
38: wfdata allocate
16: wfdata allocate
58: wfdata allocate
26: wfdata allocate
13: wfdata allocate
21: wfdata allocate
4: wfdata allocate
23: wfdata allocate
62: wfdata allocate
44: wfdata allocate
60: wfdata allocate
54: wfdata allocate
1: wfdata allocate
35: wfdata allocate
14: wfdata allocate
57: wfdata allocate
12: wfdata allocate
43: wfdata allocate
55: wfdata allocate
45: wfdata allocate
17: wfdata allocate
20: wfdata allocate
42: wfdata allocate
22: wfdata allocate
51: wfdata allocate
34: wfdata allocate
48: wfdata allocate
50: wfdata allocate
59: wfdata allocate
53: wfdata allocate
0: wfdata allocate
9: wfdata allocate
11: wfdata allocate
25: wfdata allocate
27: wfdata allocate
29: wfdata allocate
31: wfdata allocate
40: wfdata allocate
61: wfdata allocate
63: wfdata allocate
0: Timestep is 1.19375
2: Timestep is 1.19375
4: Timestep is 1.19375
9: Timestep is 1.19375
11: Timestep is 1.19375
13: Timestep is 1.19375
14: Timestep is 1.19375
15: Timestep is 1.19375
16: Timestep is 1.19375
17: Timestep is 1.19375
18: Timestep is 1.19375
19: Timestep is 1.19375
23: Timestep is 1.19375
24: Timestep is 1.19375
25: Timestep is 1.19375
26: Timestep is 1.19375
27: Timestep is 1.19375
28: Timestep is 1.19375
30: Timestep is 1.19375
32: Timestep is 1.19375
34: Timestep is 1.19375
37: Timestep is 1.19375
39: Timestep is 1.19375
40: Timestep is 1.19375
41: Timestep is 1.19375
42: Timestep is 1.19375
45: Timestep is 1.19375
47: Timestep is 1.19375
48: Timestep is 1.19375
50: Timestep is 1.19375
52: Timestep is 1.19375
54: Timestep is 1.19375
55: Timestep is 1.19375
59: Timestep is 1.19375
61: Timestep is 1.19375
1: Timestep is 1.19375
3: Timestep is 1.19375
5: Timestep is 1.19375
6: Timestep is 1.19375
7: Timestep is 1.19375
8: Timestep is 1.19375
10: Timestep is 1.19375
20: Timestep is 1.19375
21: Timestep is 1.19375
22: Timestep is 1.19375
29: Timestep is 1.19375
31: Timestep is 1.19375
33: Timestep is 1.19375
35: Timestep is 1.19375
36: Timestep is 1.19375
38: Timestep is 1.19375
43: Timestep is 1.19375
44: Timestep is 1.19375
46: Timestep is 1.19375
49: Timestep is 1.19375
51: Timestep is 1.19375
53: Timestep is 1.19375
56: Timestep is 1.19375
57: Timestep is 1.19375
58: Timestep is 1.19375
60: Timestep is 1.19375
62: Timestep is 1.19375
63: Timestep is 1.19375
12: Timestep is 1.19375
Setting step size to 0.00158

Setting step size to 0.00206

Setting step size to 0.00561

Setting step size to 0.00132

Setting step size to 0.00335

Setting step size to 0.000937

Setting step size to 0.00472

Setting step size to 0.0011

Setting step size to 0.00126

Setting step size to 0.00114

Setting step size to 0.000785

Setting step size to 0.00871

Setting step size to 0.000363

Setting step size to 0.000655

Setting step size to 0.00322

Setting step size to 0.000505

Setting step size to 0.00172

Setting step size to 0.00143

Setting step size to 0.00108

Setting step size to 0.000797

Setting step size to 0.000861

Setting step size to 0.000356

Setting step size to 0.000212

Setting step size to 0.00359

Setting step size to 0.00266

Setting step size to 0.000304

Setting step size to 0.00024

Setting step size to 0.000732

Setting step size to 0.000578

Setting step size to 0.000321

Setting step size to 0.00158

Setting step size to 0.00206

Setting step size to 0.00561

Setting step size to 0.00132

Setting step size to 0.00335

Setting step size to 0.000937

Setting step size to 0.00472

Setting step size to 0.0011

Setting step size to 0.00126

Setting step size to 0.00114

Setting step size to 0.000785

Setting step size to 0.00871

Setting step size to 0.000363

Setting step size to 0.000655

Setting step size to 0.00322

Setting step size to 0.000505

Setting step size to 0.00172

Setting step size to 0.00143

Setting step size to 0.00108

Setting step size to 0.000797

Setting step size to 0.000861

Setting step size to 0.000356

Setting step size to 0.000212

Setting step size to 0.00359

Setting step size to 0.00266

Setting step size to 0.000304

Setting step size to 0.00024

Setting step size to 0.000732

Setting step size to 0.000578

Setting step size to 0.000321

Setting step size to 0.00158

Setting step size to 0.00206

Setting step size to 0.00561

Setting step size to 0.00132

Setting step size to 0.00335

Setting step size to 0.000937

Setting step size to 0.00472

Setting step size to 0.0011

Setting step size to 0.00126

Setting step size to 0.00114

Setting step size to 0.000785

Setting step size to 0.00871

Setting step size to 0.000363

Setting step size to 0.000655

Setting step size to 0.00322

Setting step size to 0.000505

Setting step size to 0.00172

Setting step size to 0.00143

Setting step size to 0.00108

Setting step size to 0.000797

Setting step size to 0.000861

Setting step size to 0.000356

Setting step size to 0.000212

Setting step size to 0.00359

Setting step size to 0.00266

Setting step size to 0.000304

Setting step size to 0.00024

Setting step size to 0.000732

Setting step size to 0.000578

Setting step size to 0.000321

Setting step size to 0.00158

Setting step size to 0.00206

Setting step size to 0.00561

Setting step size to 0.00132

Setting step size to 0.00335

Setting step size to 0.000937

Setting step size to 0.00472

Setting step size to 0.0011

Setting step size to 0.00126

Setting step size to 0.00114

Setting step size to 0.000785

Setting step size to 0.00871

Setting step size to 0.000363

Setting step size to 0.000655

Setting step size to 0.00322

Setting step size to 0.000505

Setting step size to 0.00172

Setting step size to 0.00143

Setting step size to 0.00108

Setting step size to 0.000797

Setting step size to 0.000861

Setting step size to 0.000356

Setting step size to 0.000212

Setting step size to 0.00359

Setting step size to 0.00266

Setting step size to 0.000304

Setting step size to 0.00024

Setting step size to 0.000732

Setting step size to 0.000578

Setting step size to 0.000321

Setting step size to 0.00158

Setting step size to 0.00206

Setting step size to 0.00561

Setting step size to 0.00132

Setting step size to 0.00335

Setting step size to 0.000937

Setting step size to 0.00472

Setting step size to 0.0011

Setting step size to 0.00126

Setting step size to 0.00114

Setting step size to 0.000785

Setting step size to 0.00871

Setting step size to 0.000363

Setting step size to 0.000655

Setting step size to 0.00322

Setting step size to 0.000505

Setting step size to 0.00172

Setting step size to 0.00143

Setting step size to 0.00108

Setting step size to 0.000797

Setting step size to 0.000861

Setting step size to 0.000356

Setting step size to 0.000212

Setting step size to 0.00359

Setting step size to 0.00266

Setting step size to 0.000304

Setting step size to 0.00024

Setting step size to 0.000732

Setting step size to 0.000578

Setting step size to 0.000321

Setting step size to 0.00158

Setting step size to 0.00206

Setting step size to 0.00561

Setting step size to 0.00132

Setting step size to 0.00335

Setting step size to 0.000937

Setting step size to 0.00472

Setting step size to 0.0011

Setting step size to 0.00126

Setting step size to 0.00114

Setting step size to 0.000785

Setting step size to 0.00871

Setting step size to 0.000363

Setting step size to 0.000655

Setting step size to 0.00322

Setting step size to 0.000505

Setting step size to 0.00172

Setting step size to 0.00143

Setting step size to 0.00108

Setting step size to 0.000797

Setting step size to 0.000861

Setting step size to 0.000356

Setting step size to 0.000212

Setting step size to 0.00359

Setting step size to 0.00266

Setting step size to 0.000304

Setting step size to 0.00024

Setting step size to 0.000732

Setting step size to 0.000578

Setting step size to 0.000321

Setting step size to 0.00158

Setting step size to 0.00206

Setting step size to 0.00561

Setting step size to 0.00132

Setting step size to 0.00335

Setting step size to 0.000937

Setting step size to 0.00472

Setting step size to 0.0011

Setting step size to 0.00126

Setting step size to 0.00114

Setting step size to 0.000785

Setting step size to 0.00871

Setting step size to 0.000363

Setting step size to 0.000655

Setting step size to 0.00322

Setting step size to 0.000505

Setting step size to 0.00172

Setting step size to 0.00143

Setting step size to 0.00108

Setting step size to 0.000797

Setting step size to 0.000861

Setting step size to 0.000356

Setting step size to 0.000212

Setting step size to 0.00359

Setting step size to 0.00266

Setting step size to 0.000304

Setting step size to 0.00024

Setting step size to 0.000732

Setting step size to 0.000578

Setting step size to 0.000321

Setting step size to 0.00158

Setting step size to 0.00206

Setting step size to 0.00561

Setting step size to 0.00132

Setting step size to 0.00335

Setting step size to 0.000937

Setting step size to 0.00472

Setting step size to 0.0011

Setting step size to 0.00126

Setting step size to 0.00114

Setting step size to 0.000785

Setting step size to 0.00871

Setting step size to 0.000363

Setting step size to 0.000655

Setting step size to 0.00322

Setting step size to 0.000505

Setting step size to 0.00172

Setting step size to 0.00143

Setting step size to 0.00108

Setting step size to 0.000797

Setting step size to 0.000861

Setting step size to 0.000356

Setting step size to 0.000212

Setting step size to 0.00359

Setting step size to 0.00266

Setting step size to 0.000304

Setting step size to 0.00024

Setting step size to 0.000732

Setting step size to 0.000578

Setting step size to 0.000321

Setting step size to 0.00158

Setting step size to 0.00206

Setting step size to 0.00561

Setting step size to 0.00132

Setting step size to 0.00335

Setting step size to 0.000937

Setting step size to 0.00472

Setting step size to 0.0011

Setting step size to 0.00126

Setting step size to 0.00114

Setting step size to 0.000785

Setting step size to 0.00871

Setting step size to 0.000363

Setting step size to 0.000655

Setting step size to 0.00322

Setting step size to 0.000505

Setting step size to 0.00172

Setting step size to 0.00143

Setting step size to 0.00108

Setting step size to 0.000797

Setting step size to 0.000861

Setting step size to 0.000356

Setting step size to 0.000212

Setting step size to 0.00359

Setting step size to 0.00266

Setting step size to 0.000304

Setting step size to 0.00024

Setting step size to 0.000732

Setting step size to 0.000578

Setting step size to 0.000321

Setting step size to 0.00158

Setting step size to 0.00206

Setting step size to 0.00561

Setting step size to 0.00132

Setting step size to 0.00335

Setting step size to 0.000937

Setting step size to 0.00472

Setting step size to 0.0011

Setting step size to 0.00126

Setting step size to 0.00114

Setting step size to 0.000785

Setting step size to 0.00871

Setting step size to 0.000363

Setting step size to 0.000655

Setting step size to 0.00322

Setting step size to 0.000505

Setting step size to 0.00172

Setting step size to 0.00143

Setting step size to 0.00108

Setting step size to 0.000797

Setting step size to 0.000861

Setting step size to 0.000356

Setting step size to 0.000212

Setting step size to 0.00359

Setting step size to 0.00266

Setting step size to 0.000304

Setting step size to 0.00024

Setting step size to 0.000732

Setting step size to 0.000578

Setting step size to 0.000321

Setting step size to 0.00158

Setting step size to 0.00206

Setting step size to 0.00561

Setting step size to 0.00132

Setting step size to 0.00335

Setting step size to 0.000937

Setting step size to 0.00472

Setting step size to 0.0011

Setting step size to 0.00126

Setting step size to 0.00114

Setting step size to 0.000785

Setting step size to 0.00871

Setting step size to 0.000363

Setting step size to 0.000655

Setting step size to 0.00322

Setting step size to 0.000505

Setting step size to 0.00172

Setting step size to 0.00143

Setting step size to 0.00108

Setting step size to 0.000797

Setting step size to 0.000861

Setting step size to 0.000356

Setting step size to 0.000212

Setting step size to 0.00359

Setting step size to 0.00266

Setting step size to 0.000304

Setting step size to 0.00024

Setting step size to 0.000732

Setting step size to 0.000578

Setting step size to 0.000321

Setting step size to 0.00158

Setting step size to 0.00206

Setting step size to 0.00561

Setting step size to 0.00132

Setting step size to 0.00335

Setting step size to 0.000937

Setting step size to 0.00472

Setting step size to 0.0011

Setting step size to 0.00126

Setting step size to 0.00114

Setting step size to 0.000785

Setting step size to 0.00871

Setting step size to 0.000363

Setting step size to 0.000655

Setting step size to 0.00322

Setting step size to 0.000505

Setting step size to 0.00172

Setting step size to 0.00143

Setting step size to 0.00108

Setting step size to 0.000797

Setting step size to 0.000861

Setting step size to 0.000356

Setting step size to 0.000212

Setting step size to 0.00359

Setting step size to 0.00266

Setting step size to 0.000304

Setting step size to 0.00024

Setting step size to 0.000732

Setting step size to 0.000578

Setting step size to 0.000321

Setting step size to 0.00158

Setting step size to 0.00206

Setting step size to 0.00561

Setting step size to 0.00132

Setting step size to 0.00335

Setting step size to 0.000937

Setting step size to 0.00472

Setting step size to 0.0011

Setting step size to 0.00126

Setting step size to 0.00114

Setting step size to 0.000785

Setting step size to 0.00871

Setting step size to 0.000363

Setting step size to 0.000655

Setting step size to 0.00322

Setting step size to 0.000505

Setting step size to 0.00172

Setting step size to 0.00143

Setting step size to 0.00108

Setting step size to 0.000797

Setting step size to 0.000861

Setting step size to 0.000356

Setting step size to 0.000212

Setting step size to 0.00359

Setting step size to 0.00266

Setting step size to 0.000304

Setting step size to 0.00024

Setting step size to 0.000732

Setting step size to 0.000578

Setting step size to 0.000321

Setting step size to 0.00158

Setting step size to 0.00206

Setting step size to 0.00561

Setting step size to 0.00132

Setting step size to 0.00335

Setting step size to 0.000937

Setting step size to 0.00472

Setting step size to 0.0011

Setting step size to 0.00126

Setting step size to 0.00114

Setting step size to 0.000785

Setting step size to 0.00871

Setting step size to 0.000363

Setting step size to 0.000655

Setting step size to 0.00322

Setting step size to 0.000505

Setting step size to 0.00172

Setting step size to 0.00143

Setting step size to 0.00108

Setting step size to 0.000797

Setting step size to 0.000861

Setting step size to 0.000356

Setting step size to 0.000212

Setting step size to 0.00359

Setting step size to 0.00266

Setting step size to 0.000304

Setting step size to 0.00024

Setting step size to 0.000732

Setting step size to 0.000578

Setting step size to 0.000321

Setting step size to 0.00158

Setting step size to 0.00206

Setting step size to 0.00561

Setting step size to 0.00132

Setting step size to 0.00335

Setting step size to 0.000937

Setting step size to 0.00472

Setting step size to 0.0011

Setting step size to 0.00126

Setting step size to 0.00114

Setting step size to 0.000785

Setting step size to 0.00871

Setting step size to 0.000363

Setting step size to 0.000655

Setting step size to 0.00322

Setting step size to 0.000505

Setting step size to 0.00172

Setting step size to 0.00143

Setting step size to 0.00108

Setting step size to 0.000797

Setting step size to 0.000861

Setting step size to 0.000356

Setting step size to 0.000212

Setting step size to 0.00359

Setting step size to 0.00266

Setting step size to 0.000304

Setting step size to 0.00024

Setting step size to 0.000732

Setting step size to 0.000578

Setting step size to 0.000321

Setting step size to 0.00158

Setting step size to 0.00206

Setting step size to 0.00561

Setting step size to 0.00132

Setting step size to 0.00335

Setting step size to 0.000937

Setting step size to 0.00472

Setting step size to 0.0011

Setting step size to 0.00126

Setting step size to 0.00114

Setting step size to 0.000785

Setting step size to 0.00871

Setting step size to 0.000363

Setting step size to 0.000655

Setting step size to 0.00322

Setting step size to 0.000505

Setting step size to 0.00172

Setting step size to 0.00143

Setting step size to 0.00108

Setting step size to 0.000797

Setting step size to 0.000861

Setting step size to 0.000356

Setting step size to 0.000212

Setting step size to 0.00359

Setting step size to 0.00266

Setting step size to 0.000304

Setting step size to 0.00024

Setting step size to 0.000732

Setting step size to 0.000578

Setting step size to 0.000321

Setting step size to 0.00158

Setting step size to 0.00206

Setting step size to 0.00561

Setting step size to 0.00132

Setting step size to 0.00335

Setting step size to 0.000937

Setting step size to 0.00472

Setting step size to 0.0011

Setting step size to 0.00126

Setting step size to 0.00114

Setting step size to 0.000785

Setting step size to 0.00871

Setting step size to 0.000363

Setting step size to 0.000655

Setting step size to 0.00322

Setting step size to 0.000505

Setting step size to 0.00172

Setting step size to 0.00143

Setting step size to 0.00108

Setting step size to 0.000797

Setting step size to 0.000861

Setting step size to 0.000356

Setting step size to 0.000212

Setting step size to 0.00359

Setting step size to 0.00266

Setting step size to 0.000304

Setting step size to 0.00024

Setting step size to 0.000732

Setting step size to 0.000578

Setting step size to 0.000321

Setting step size to 0.00158

Setting step size to 0.00206

Setting step size to 0.00561

Setting step size to 0.00132

Setting step size to 0.00335

Setting step size to 0.000937

Setting step size to 0.00472

Setting step size to 0.0011

Setting step size to 0.00126

Setting step size to 0.00114

Setting step size to 0.000785

Setting step size to 0.00871

Setting step size to 0.000363

Setting step size to 0.000655

Setting step size to 0.00322

Setting step size to 0.000505

Setting step size to 0.00172

Setting step size to 0.00143

Setting step size to 0.00108

Setting step size to 0.000797

Setting step size to 0.000861

Setting step size to 0.000356

Setting step size to 0.000212

Setting step size to 0.00359

Setting step size to 0.00266

Setting step size to 0.000304

Setting step size to 0.00024

Setting step size to 0.000732

Setting step size to 0.000578

Setting step size to 0.000321

Setting step size to 0.00158

Setting step size to 0.00206

Setting step size to 0.00561

Setting step size to 0.00132

Setting step size to 0.00335

Setting step size to 0.000937

Setting step size to 0.00472

Setting step size to 0.0011

Setting step size to 0.00126

Setting step size to 0.00114

Setting step size to 0.000785

Setting step size to 0.00871

Setting step size to 0.000363

Setting step size to 0.000655

Setting step size to 0.00322

Setting step size to 0.000505

Setting step size to 0.00172

Setting step size to 0.00143

Setting step size to 0.00108

Setting step size to 0.000797

Setting step size to 0.000861

Setting step size to 0.000356

Setting step size to 0.000212

Setting step size to 0.00359

Setting step size to 0.00266

Setting step size to 0.000304

Setting step size to 0.00024

Setting step size to 0.000732

Setting step size to 0.000578

Setting step size to 0.000321

Setting step size to 0.00158

Setting step size to 0.00206

Setting step size to 0.00561

Setting step size to 0.00132

Setting step size to 0.00335

Setting step size to 0.000937

Setting step size to 0.00472

Setting step size to 0.0011

Setting step size to 0.00126

Setting step size to 0.00114

Setting step size to 0.000785

Setting step size to 0.00871

Setting step size to 0.000363

Setting step size to 0.000655

Setting step size to 0.00322

Setting step size to 0.000505

Setting step size to 0.00172

Setting step size to 0.00143

Setting step size to 0.00108

Setting step size to 0.000797

Setting step size to 0.000861

Setting step size to 0.000356

Setting step size to 0.000212

Setting step size to 0.00359

Setting step size to 0.00266

Setting step size to 0.000304

Setting step size to 0.00024

Setting step size to 0.000732

Setting step size to 0.000578

Setting step size to 0.000321

Setting step size to 0.00158

Setting step size to 0.00206

Setting step size to 0.00561

Setting step size to 0.00132

Setting step size to 0.00335

Setting step size to 0.000937

Setting step size to 0.00472

Setting step size to 0.0011

Setting step size to 0.00126

Setting step size to 0.00114

Setting step size to 0.000785

Setting step size to 0.00871

Setting step size to 0.000363

Setting step size to 0.000655

Setting step size to 0.00322

Setting step size to 0.000505

Setting step size to 0.00172

Setting step size to 0.00143

Setting step size to 0.00108

Setting step size to 0.000797

Setting step size to 0.000861

Setting step size to 0.000356

Setting step size to 0.000212

Setting step size to 0.00359

Setting step size to 0.00266

Setting step size to 0.000304

Setting step size to 0.00024

Setting step size to 0.000732

Setting step size to 0.000578

Setting step size to 0.000321

Setting step size to 0.00158

Setting step size to 0.00206

Setting step size to 0.00561

Setting step size to 0.00132

Setting step size to 0.00335

Setting step size to 0.000937

Setting step size to 0.00472

Setting step size to 0.0011

Setting step size to 0.00126

Setting step size to 0.00114

Setting step size to 0.000785

Setting step size to 0.00871

Setting step size to 0.000363

Setting step size to 0.000655

Setting step size to 0.00322

Setting step size to 0.000505

Setting step size to 0.00172

Setting step size to 0.00143

Setting step size to 0.00108

Setting step size to 0.000797

Setting step size to 0.000861

Setting step size to 0.000356

Setting step size to 0.000212

Setting step size to 0.00359

Setting step size to 0.00266

Setting step size to 0.000304

Setting step size to 0.00024

Setting step size to 0.000732

Setting step size to 0.000578

Setting step size to 0.000321

Setting step size to 0.00158

Setting step size to 0.00206

Setting step size to 0.00561

Setting step size to 0.00132

Setting step size to 0.00335

Setting step size to 0.000937

Setting step size to 0.00472

Setting step size to 0.0011

Setting step size to 0.00126

Setting step size to 0.00114

Setting step size to 0.000785

Setting step size to 0.00871

Setting step size to 0.000363

Setting step size to 0.000655

Setting step size to 0.00322

Setting step size to 0.000505

Setting step size to 0.00172

Setting step size to 0.00143

Setting step size to 0.00108

Setting step size to 0.000797

Setting step size to 0.000861

Setting step size to 0.000356

Setting step size to 0.000212

Setting step size to 0.00359

Setting step size to 0.00266

Setting step size to 0.000304

Setting step size to 0.00024

Setting step size to 0.000732

Setting step size to 0.000578

Setting step size to 0.000321

Setting step size to 0.00158

Setting step size to 0.00206

Setting step size to 0.00561

Setting step size to 0.00132

Setting step size to 0.00335

Setting step size to 0.000937

Setting step size to 0.00472

Setting step size to 0.0011

Setting step size to 0.00126

Setting step size to 0.00114

Setting step size to 0.000785

Setting step size to 0.00871

Setting step size to 0.000363

Setting step size to 0.000655

Setting step size to 0.00322

Setting step size to 0.000505

Setting step size to 0.00172

Setting step size to 0.00143

Setting step size to 0.00108

Setting step size to 0.000797

Setting step size to 0.000861

Setting step size to 0.000356

Setting step size to 0.000212

Setting step size to 0.00359

Setting step size to 0.00266

Setting step size to 0.000304

Setting step size to 0.00024

Setting step size to 0.000732

Setting step size to 0.000578

Setting step size to 0.000321

Setting step size to 0.00158

Setting step size to 0.00206

Setting step size to 0.00561

Setting step size to 0.00132

Setting step size to 0.00335

Setting step size to 0.000937

Setting step size to 0.00472

Setting step size to 0.0011

Setting step size to 0.00126

Setting step size to 0.00114

Setting step size to 0.000785

Setting step size to 0.00871

Setting step size to 0.000363

Setting step size to 0.000655

Setting step size to 0.00322

Setting step size to 0.000505

Setting step size to 0.00172

Setting step size to 0.00143

Setting step size to 0.00108

Setting step size to 0.000797

Setting step size to 0.000861

Setting step size to 0.000356

Setting step size to 0.000212

Setting step size to 0.00359

Setting step size to 0.00266

Setting step size to 0.000304

Setting step size to 0.00024

Setting step size to 0.000732

Setting step size to 0.000578

Setting step size to 0.000321

Setting step size to 0.00158

Setting step size to 0.00206

Setting step size to 0.00561

Setting step size to 0.00132

Setting step size to 0.00335

Setting step size to 0.000937

Setting step size to 0.00472

Setting step size to 0.0011

Setting step size to 0.00126

Setting step size to 0.00114

Setting step size to 0.000785

Setting step size to 0.00871

Setting step size to 0.000363

Setting step size to 0.000655

Setting step size to 0.00322

Setting step size to 0.000505

Setting step size to 0.00172

Setting step size to 0.00143

Setting step size to 0.00108

Setting step size to 0.000797

Setting step size to 0.000861

Setting step size to 0.000356

Setting step size to 0.000212

Setting step size to 0.00359

Setting step size to 0.00266

Setting step size to 0.000304

Setting step size to 0.00024

Setting step size to 0.000732

Setting step size to 0.000578

Setting step size to 0.000321

Setting step size to 0.00158

Setting step size to 0.00206

Setting step size to 0.00561

Setting step size to 0.00132

Setting step size to 0.00335

Setting step size to 0.000937

Setting step size to 0.00472

Setting step size to 0.0011

Setting step size to 0.00126

Setting step size to 0.00114

Setting step size to 0.000785

Setting step size to 0.00871

Setting step size to 0.000363

Setting step size to 0.000655

Setting step size to 0.00322

Setting step size to 0.000505

Setting step size to 0.00172

Setting step size to 0.00143

Setting step size to 0.00108

Setting step size to 0.000797

Setting step size to 0.000861

Setting step size to 0.000356

Setting step size to 0.000212

Setting step size to 0.00359

Setting step size to 0.00266

Setting step size to 0.000304

Setting step size to 0.00024

Setting step size to 0.000732

Setting step size to 0.000578

Setting step size to 0.000321

Setting step size to 0.00158

Setting step size to 0.00206

Setting step size to 0.00561

Setting step size to 0.00132

Setting step size to 0.00335

Setting step size to 0.000937

Setting step size to 0.00472

Setting step size to 0.0011

Setting step size to 0.00126

Setting step size to 0.00114

Setting step size to 0.000785

Setting step size to 0.00871

Setting step size to 0.000363

Setting step size to 0.000655

Setting step size to 0.00322

Setting step size to 0.000505

Setting step size to 0.00172

Setting step size to 0.00143

Setting step size to 0.00108

Setting step size to 0.000797

Setting step size to 0.000861

Setting step size to 0.000356

Setting step size to 0.000212

Setting step size to 0.00359

Setting step size to 0.00266

Setting step size to 0.000304

Setting step size to 0.00024

Setting step size to 0.000732

Setting step size to 0.000578

Setting step size to 0.000321

Setting step size to 0.00158

Setting step size to 0.00206

Setting step size to 0.00561

Setting step size to 0.00132

Setting step size to 0.00335

Setting step size to 0.000937

Setting step size to 0.00472

Setting step size to 0.0011

Setting step size to 0.00126

Setting step size to 0.00114

Setting step size to 0.000785

Setting step size to 0.00871

Setting step size to 0.000363

Setting step size to 0.000655

Setting step size to 0.00322

Setting step size to 0.000505

Setting step size to 0.00172

Setting step size to 0.00143

Setting step size to 0.00108

Setting step size to 0.000797

Setting step size to 0.000861

Setting step size to 0.000356

Setting step size to 0.000212

Setting step size to 0.00359

Setting step size to 0.00266

Setting step size to 0.000304

Setting step size to 0.00024

Setting step size to 0.000732

Setting step size to 0.000578

Setting step size to 0.000321

Setting step size to 0.00158

Setting step size to 0.00206

Setting step size to 0.00561

Setting step size to 0.00132

Setting step size to 0.00335

Setting step size to 0.000937

Setting step size to 0.00472

Setting step size to 0.0011

Setting step size to 0.00126

Setting step size to 0.00114

Setting step size to 0.000785

Setting step size to 0.00871

Setting step size to 0.000363

Setting step size to 0.000655

Setting step size to 0.00322

Setting step size to 0.000505

Setting step size to 0.00172

Setting step size to 0.00143

Setting step size to 0.00108

Setting step size to 0.000797

Setting step size to 0.000861

Setting step size to 0.000356

Setting step size to 0.000212

Setting step size to 0.00359

Setting step size to 0.00266

Setting step size to 0.000304

Setting step size to 0.00024

Setting step size to 0.000732

Setting step size to 0.000578

Setting step size to 0.000321

Setting step size to 0.00158

Setting step size to 0.00206

Setting step size to 0.00561

Setting step size to 0.00132

Setting step size to 0.00335

Setting step size to 0.000937

Setting step size to 0.00472

Setting step size to 0.0011

Setting step size to 0.00126

Setting step size to 0.00114

Setting step size to 0.000785

Setting step size to 0.00871

Setting step size to 0.000363

Setting step size to 0.000655

Setting step size to 0.00322

Setting step size to 0.000505

Setting step size to 0.00172

Setting step size to 0.00143

Setting step size to 0.00108

Setting step size to 0.000797

Setting step size to 0.000861

Setting step size to 0.000356

Setting step size to 0.000212

Setting step size to 0.00359

Setting step size to 0.00266

Setting step size to 0.000304

Setting step size to 0.00024

Setting step size to 0.000732

Setting step size to 0.000578

Setting step size to 0.000321

Setting step size to 0.00158

Setting step size to 0.00206

Setting step size to 0.00561

Setting step size to 0.00132

Setting step size to 0.00335

Setting step size to 0.000937

Setting step size to 0.00472

Setting step size to 0.0011

Setting step size to 0.00126

Setting step size to 0.00114

Setting step size to 0.000785

Setting step size to 0.00871

Setting step size to 0.000363

Setting step size to 0.000655

Setting step size to 0.00322

Setting step size to 0.000505

Setting step size to 0.00172

Setting step size to 0.00143

Setting step size to 0.00108

Setting step size to 0.000797

Setting step size to 0.000861

Setting step size to 0.000356

Setting step size to 0.000212

Setting step size to 0.00359

Setting step size to 0.00266

Setting step size to 0.000304

Setting step size to 0.00024

Setting step size to 0.000732

Setting step size to 0.000578

Setting step size to 0.000321

Setting step size to 0.00158

Setting step size to 0.00206

Setting step size to 0.00561

Setting step size to 0.00132

Setting step size to 0.00335

Setting step size to 0.000937

Setting step size to 0.00472

Setting step size to 0.0011

Setting step size to 0.00126

Setting step size to 0.00114

Setting step size to 0.000785

Setting step size to 0.00871

Setting step size to 0.000363

Setting step size to 0.000655

Setting step size to 0.00322

Setting step size to 0.000505

Setting step size to 0.00172

Setting step size to 0.00143

Setting step size to 0.00108

Setting step size to 0.000797

Setting step size to 0.000861

Setting step size to 0.000356

Setting step size to 0.000212

Setting step size to 0.00359

Setting step size to 0.00266

Setting step size to 0.000304

Setting step size to 0.00024

Setting step size to 0.000732

Setting step size to 0.000578

Setting step size to 0.000321

Setting step size to 0.00158

Setting step size to 0.00206

Setting step size to 0.00561

Setting step size to 0.00132

Setting step size to 0.00335

Setting step size to 0.000937

Setting step size to 0.00472

Setting step size to 0.0011

Setting step size to 0.00126

Setting step size to 0.00114

Setting step size to 0.000785

Setting step size to 0.00871

Setting step size to 0.000363

Setting step size to 0.000655

Setting step size to 0.00322

Setting step size to 0.000505

Setting step size to 0.00172

Setting step size to 0.00143

Setting step size to 0.00108

Setting step size to 0.000797

Setting step size to 0.000861

Setting step size to 0.000356

Setting step size to 0.000212

Setting step size to 0.00359

Setting step size to 0.00266

Setting step size to 0.000304

Setting step size to 0.00024

Setting step size to 0.000732

Setting step size to 0.000578

Setting step size to 0.000321

Setting step size to 0.00158

Setting step size to 0.00206

Setting step size to 0.00561

Setting step size to 0.00132

Setting step size to 0.00335

Setting step size to 0.000937

Setting step size to 0.00472

Setting step size to 0.0011

Setting step size to 0.00126

Setting step size to 0.00114

Setting step size to 0.000785

Setting step size to 0.00871

Setting step size to 0.000363

Setting step size to 0.000655

Setting step size to 0.00322

Setting step size to 0.000505

Setting step size to 0.00172

Setting step size to 0.00143

Setting step size to 0.00108

Setting step size to 0.000797

Setting step size to 0.000861

Setting step size to 0.000356

Setting step size to 0.000212

Setting step size to 0.00359

Setting step size to 0.00266

Setting step size to 0.000304

Setting step size to 0.00024

Setting step size to 0.000732

Setting step size to 0.000578

Setting step size to 0.000321

Setting step size to 0.00158

Setting step size to 0.00206

Setting step size to 0.00561

Setting step size to 0.00132

Setting step size to 0.00335

Setting step size to 0.000937

Setting step size to 0.00472

Setting step size to 0.0011

Setting step size to 0.00126

Setting step size to 0.00114

Setting step size to 0.000785

Setting step size to 0.00871

Setting step size to 0.000363

Setting step size to 0.000655

Setting step size to 0.00322

Setting step size to 0.000505

Setting step size to 0.00172

Setting step size to 0.00143

Setting step size to 0.00108

Setting step size to 0.000797

Setting step size to 0.000861

Setting step size to 0.000356

Setting step size to 0.000212

Setting step size to 0.00359

Setting step size to 0.00266

Setting step size to 0.000304

Setting step size to 0.00024

Setting step size to 0.000732

Setting step size to 0.000578

Setting step size to 0.000321

Setting step size to 0.00158

Setting step size to 0.00206

Setting step size to 0.00561

Setting step size to 0.00132

Setting step size to 0.00335

Setting step size to 0.000937

Setting step size to 0.00472

Setting step size to 0.0011

Setting step size to 0.00126

Setting step size to 0.00114

Setting step size to 0.000785

Setting step size to 0.00871

Setting step size to 0.000363

Setting step size to 0.000655

Setting step size to 0.00322

Setting step size to 0.000505

Setting step size to 0.00172

Setting step size to 0.00143

Setting step size to 0.00108

Setting step size to 0.000797

Setting step size to 0.000861

Setting step size to 0.000356

Setting step size to 0.000212

Setting step size to 0.00359

Setting step size to 0.00266

Setting step size to 0.000304

Setting step size to 0.00024

Setting step size to 0.000732

Setting step size to 0.000578

Setting step size to 0.000321

Setting step size to 0.00158

Setting step size to 0.00206

Setting step size to 0.00561

Setting step size to 0.00132

Setting step size to 0.00335

Setting step size to 0.000937

Setting step size to 0.00472

Setting step size to 0.0011

Setting step size to 0.00126

Setting step size to 0.00114

Setting step size to 0.000785

Setting step size to 0.00871

Setting step size to 0.000363

Setting step size to 0.000655

Setting step size to 0.00322

Setting step size to 0.000505

Setting step size to 0.00172

Setting step size to 0.00143

Setting step size to 0.00108

Setting step size to 0.000797

Setting step size to 0.000861

Setting step size to 0.000356

Setting step size to 0.000212

Setting step size to 0.00359

Setting step size to 0.00266

Setting step size to 0.000304

Setting step size to 0.00024

Setting step size to 0.000732

Setting step size to 0.000578

Setting step size to 0.000321

Setting step size to 0.00158

Setting step size to 0.00206

Setting step size to 0.00561

Setting step size to 0.00132

Setting step size to 0.00335

Setting step size to 0.000937

Setting step size to 0.00472

Setting step size to 0.0011

Setting step size to 0.00126

Setting step size to 0.00114

Setting step size to 0.000785

Setting step size to 0.00871

Setting step size to 0.000363

Setting step size to 0.000655

Setting step size to 0.00322

Setting step size to 0.000505

Setting step size to 0.00172

Setting step size to 0.00143

Setting step size to 0.00108

Setting step size to 0.000797

Setting step size to 0.000861

Setting step size to 0.000356

Setting step size to 0.000212

Setting step size to 0.00359

Setting step size to 0.00266

Setting step size to 0.000304

Setting step size to 0.00024

Setting step size to 0.000732

Setting step size to 0.000578

Setting step size to 0.000321

Setting step size to 0.00158

Setting step size to 0.00206

Setting step size to 0.00561

Setting step size to 0.00132

Setting step size to 0.00335

Setting step size to 0.000937

Setting step size to 0.00472

Setting step size to 0.0011

Setting step size to 0.00126

Setting step size to 0.00114

Setting step size to 0.000785

Setting step size to 0.00871

Setting step size to 0.000363

Setting step size to 0.000655

Setting step size to 0.00322

Setting step size to 0.000505

Setting step size to 0.00172

Setting step size to 0.00143

Setting step size to 0.00108

Setting step size to 0.000797

Setting step size to 0.000861

Setting step size to 0.000356

Setting step size to 0.000212

Setting step size to 0.00359

Setting step size to 0.00266

Setting step size to 0.000304

Setting step size to 0.00024

Setting step size to 0.000732

Setting step size to 0.000578

Setting step size to 0.000321

Setting step size to 0.00158

Setting step size to 0.00206

Setting step size to 0.00561

Setting step size to 0.00132

Setting step size to 0.00335

Setting step size to 0.000937

Setting step size to 0.00472

Setting step size to 0.0011

Setting step size to 0.00126

Setting step size to 0.00114

Setting step size to 0.000785

Setting step size to 0.00871

Setting step size to 0.000363

Setting step size to 0.000655

Setting step size to 0.00322

Setting step size to 0.000505

Setting step size to 0.00172

Setting step size to 0.00143

Setting step size to 0.00108

Setting step size to 0.000797

Setting step size to 0.000861

Setting step size to 0.000356

Setting step size to 0.000212

Setting step size to 0.00359

Setting step size to 0.00266

Setting step size to 0.000304

Setting step size to 0.00024

Setting step size to 0.000732

Setting step size to 0.000578

Setting step size to 0.000321

Setting step size to 0.00158

Setting step size to 0.00206

Setting step size to 0.00561

Setting step size to 0.00132

Setting step size to 0.00335

Setting step size to 0.000937

Setting step size to 0.00472

Setting step size to 0.0011

Setting step size to 0.00126

Setting step size to 0.00114

Setting step size to 0.000785

Setting step size to 0.00871

Setting step size to 0.000363

Setting step size to 0.000655

Setting step size to 0.00322

Setting step size to 0.000505

Setting step size to 0.00172

Setting step size to 0.00143

Setting step size to 0.00108

Setting step size to 0.000797

Setting step size to 0.000861

Setting step size to 0.000356

Setting step size to 0.000212

Setting step size to 0.00359

Setting step size to 0.00266

Setting step size to 0.000304

Setting step size to 0.00024

Setting step size to 0.000732

Setting step size to 0.000578

Setting step size to 0.000321

Setting step size to 0.00158

Setting step size to 0.00206

Setting step size to 0.00561

Setting step size to 0.00132

Setting step size to 0.00335

Setting step size to 0.000937

Setting step size to 0.00472

Setting step size to 0.0011

Setting step size to 0.00126

Setting step size to 0.00114

Setting step size to 0.000785

Setting step size to 0.00871

Setting step size to 0.000363

Setting step size to 0.000655

Setting step size to 0.00322

Setting step size to 0.000505

Setting step size to 0.00172

Setting step size to 0.00143

Setting step size to 0.00108

Setting step size to 0.000797

Setting step size to 0.000861

Setting step size to 0.000356

Setting step size to 0.000212

Setting step size to 0.00359

Setting step size to 0.00266

Setting step size to 0.000304

Setting step size to 0.00024

Setting step size to 0.000732

Setting step size to 0.000578

Setting step size to 0.000321

Setting step size to 0.00158

Setting step size to 0.00206

Setting step size to 0.00561

Setting step size to 0.00132

Setting step size to 0.00335

Setting step size to 0.000937

Setting step size to 0.00472

Setting step size to 0.0011

Setting step size to 0.00126

Setting step size to 0.00114

Setting step size to 0.000785

Setting step size to 0.00871

Setting step size to 0.000363

Setting step size to 0.000655

Setting step size to 0.00322

Setting step size to 0.000505

Setting step size to 0.00172

Setting step size to 0.00143

Setting step size to 0.00108

Setting step size to 0.000797

Setting step size to 0.000861

Setting step size to 0.000356

Setting step size to 0.000212

Setting step size to 0.00359

Setting step size to 0.00266

Setting step size to 0.000304

Setting step size to 0.00024

Setting step size to 0.000732

Setting step size to 0.000578

Setting step size to 0.000321

Setting step size to 0.00158

Setting step size to 0.00206

Setting step size to 0.00561

Setting step size to 0.00132

Setting step size to 0.00335

Setting step size to 0.000937

Setting step size to 0.00472

Setting step size to 0.0011

Setting step size to 0.00126

Setting step size to 0.00114

Setting step size to 0.000785

Setting step size to 0.00871

Setting step size to 0.000363

Setting step size to 0.000655

Setting step size to 0.00322

Setting step size to 0.000505

Setting step size to 0.00172

Setting step size to 0.00143

Setting step size to 0.00108

Setting step size to 0.000797

Setting step size to 0.000861

Setting step size to 0.000356

Setting step size to 0.000212

Setting step size to 0.00359

Setting step size to 0.00266

Setting step size to 0.000304

Setting step size to 0.00024

Setting step size to 0.000732

Setting step size to 0.000578

Setting step size to 0.000321

Setting step size to 0.00158

Setting step size to 0.00206

Setting step size to 0.00561

Setting step size to 0.00132

Setting step size to 0.00335

Setting step size to 0.000937

Setting step size to 0.00472

Setting step size to 0.0011

Setting step size to 0.00126

Setting step size to 0.00114

Setting step size to 0.000785

Setting step size to 0.00871

Setting step size to 0.000363

Setting step size to 0.000655

Setting step size to 0.00322

Setting step size to 0.000505

Setting step size to 0.00172

Setting step size to 0.00143

Setting step size to 0.00108

Setting step size to 0.000797

Setting step size to 0.000861

Setting step size to 0.000356

Setting step size to 0.000212

Setting step size to 0.00359

Setting step size to 0.00266

Setting step size to 0.000304

Setting step size to 0.00024

Setting step size to 0.000732

Setting step size to 0.000578

Setting step size to 0.000321

Setting step size to 0.00158

Setting step size to 0.00206

Setting step size to 0.00561

Setting step size to 0.00132

Setting step size to 0.00335

Setting step size to 0.000937

Setting step size to 0.00472

Setting step size to 0.0011

Setting step size to 0.00126

Setting step size to 0.00114

Setting step size to 0.000785

Setting step size to 0.00871

Setting step size to 0.000363

Setting step size to 0.000655

Setting step size to 0.00322

Setting step size to 0.000505

Setting step size to 0.00172

Setting step size to 0.00143

Setting step size to 0.00108

Setting step size to 0.000797

Setting step size to 0.000861

Setting step size to 0.000356

Setting step size to 0.000212

Setting step size to 0.00359

Setting step size to 0.00266

Setting step size to 0.000304

Setting step size to 0.00024

Setting step size to 0.000732

Setting step size to 0.000578

Setting step size to 0.000321

Setting step size to 0.00158

Setting step size to 0.00206

Setting step size to 0.00561

Setting step size to 0.00132

Setting step size to 0.00335

Setting step size to 0.000937

Setting step size to 0.00472

Setting step size to 0.0011

Setting step size to 0.00126

Setting step size to 0.00114

Setting step size to 0.000785

Setting step size to 0.00871

Setting step size to 0.000363

Setting step size to 0.000655

Setting step size to 0.00322

Setting step size to 0.000505

Setting step size to 0.00172

Setting step size to 0.00143

Setting step size to 0.00108

Setting step size to 0.000797

Setting step size to 0.000861

Setting step size to 0.000356

Setting step size to 0.000212

Setting step size to 0.00359

Setting step size to 0.00266

Setting step size to 0.000304

Setting step size to 0.00024

Setting step size to 0.000732

Setting step size to 0.000578

Setting step size to 0.000321

Setting step size to 0.00158

Setting step size to 0.00206

Setting step size to 0.00561

Setting step size to 0.00132

Setting step size to 0.00335

Setting step size to 0.000937

Setting step size to 0.00472

Setting step size to 0.0011

Setting step size to 0.00126

Setting step size to 0.00114

Setting step size to 0.000785

Setting step size to 0.00871

Setting step size to 0.000363

Setting step size to 0.000655

Setting step size to 0.00322

Setting step size to 0.000505

Setting step size to 0.00172

Setting step size to 0.00143

Setting step size to 0.00108

Setting step size to 0.000797

Setting step size to 0.000861

Setting step size to 0.000356

Setting step size to 0.000212

Setting step size to 0.00359

Setting step size to 0.00266

Setting step size to 0.000304

Setting step size to 0.00024

Setting step size to 0.000732

Setting step size to 0.000578

Setting step size to 0.000321

Setting step size to 0.00158

Setting step size to 0.00206

Setting step size to 0.00561

Setting step size to 0.00132

Setting step size to 0.00335

Setting step size to 0.000937

Setting step size to 0.00472

Setting step size to 0.0011

Setting step size to 0.00126

Setting step size to 0.00114

Setting step size to 0.000785

Setting step size to 0.00871

Setting step size to 0.000363

Setting step size to 0.000655

Setting step size to 0.00322

Setting step size to 0.000505

Setting step size to 0.00172

Setting step size to 0.00143

Setting step size to 0.00108

Setting step size to 0.000797

Setting step size to 0.000861

Setting step size to 0.000356

Setting step size to 0.000212

Setting step size to 0.00359

Setting step size to 0.00266

Setting step size to 0.000304

Setting step size to 0.00024

Setting step size to 0.000732

Setting step size to 0.000578

Setting step size to 0.000321

Setting step size to 0.00158

Setting step size to 0.00206

Setting step size to 0.00561

Setting step size to 0.00132

Setting step size to 0.00335

Setting step size to 0.000937

Setting step size to 0.00472

Setting step size to 0.0011

Setting step size to 0.00126

Setting step size to 0.00114

Setting step size to 0.000785

Setting step size to 0.00871

Setting step size to 0.000363

Setting step size to 0.000655

Setting step size to 0.00322

Setting step size to 0.000505

Setting step size to 0.00172

Setting step size to 0.00143

Setting step size to 0.00108

Setting step size to 0.000797

Setting step size to 0.000861

Setting step size to 0.000356

Setting step size to 0.000212

Setting step size to 0.00359

Setting step size to 0.00266

Setting step size to 0.000304

Setting step size to 0.00024

Setting step size to 0.000732

Setting step size to 0.000578

Setting step size to 0.000321

Setting step size to 0.00158

Setting step size to 0.00206

Setting step size to 0.00561

Setting step size to 0.00132

Setting step size to 0.00335

Setting step size to 0.000937

Setting step size to 0.00472

Setting step size to 0.0011

Setting step size to 0.00126

Setting step size to 0.00114

Setting step size to 0.000785

Setting step size to 0.00871

Setting step size to 0.000363

Setting step size to 0.000655

Setting step size to 0.00322

Setting step size to 0.000505

Setting step size to 0.00172

Setting step size to 0.00143

Setting step size to 0.00108

Setting step size to 0.000797

Setting step size to 0.000861

Setting step size to 0.000356

Setting step size to 0.000212

Setting step size to 0.00359

Setting step size to 0.00266

Setting step size to 0.000304

Setting step size to 0.00024

Setting step size to 0.000732

Setting step size to 0.000578

Setting step size to 0.000321

Setting step size to 0.00158

Setting step size to 0.00206

Setting step size to 0.00561

Setting step size to 0.00132

Setting step size to 0.00335

Setting step size to 0.000937

Setting step size to 0.00472

Setting step size to 0.0011

Setting step size to 0.00126

Setting step size to 0.00114

Setting step size to 0.000785

Setting step size to 0.00871

Setting step size to 0.000363

Setting step size to 0.000655

Setting step size to 0.00322

Setting step size to 0.000505

Setting step size to 0.00172

Setting step size to 0.00143

Setting step size to 0.00108

Setting step size to 0.000797

Setting step size to 0.000861

Setting step size to 0.000356

Setting step size to 0.000212

Setting step size to 0.00359

Setting step size to 0.00266

Setting step size to 0.000304

Setting step size to 0.00024

Setting step size to 0.000732

Setting step size to 0.000578

Setting step size to 0.000321

Setting step size to 0.00158

Setting step size to 0.00206

Setting step size to 0.00561

Setting step size to 0.00132

Setting step size to 0.00335

Setting step size to 0.000937

Setting step size to 0.00472

Setting step size to 0.0011

Setting step size to 0.00126

Setting step size to 0.00114

Setting step size to 0.000785

Setting step size to 0.00871

Setting step size to 0.000363

Setting step size to 0.000655

Setting step size to 0.00322

Setting step size to 0.000505

Setting step size to 0.00172

Setting step size to 0.00143

Setting step size to 0.00108

Setting step size to 0.000797

Setting step size to 0.000861

Setting step size to 0.000356

Setting step size to 0.000212

Setting step size to 0.00359

Setting step size to 0.00266

Setting step size to 0.000304

Setting step size to 0.00024

Setting step size to 0.000732

Setting step size to 0.000578

Setting step size to 0.000321

Setting step size to 0.00158

Setting step size to 0.00206

Setting step size to 0.00561

Setting step size to 0.00132

Setting step size to 0.00335

Setting step size to 0.000937

Setting step size to 0.00472

Setting step size to 0.0011

Setting step size to 0.00126

Setting step size to 0.00114

Setting step size to 0.000785

Setting step size to 0.00871

Setting step size to 0.000363

Setting step size to 0.000655

Setting step size to 0.00322

Setting step size to 0.000505

Setting step size to 0.00172

Setting step size to 0.00143

Setting step size to 0.00108

Setting step size to 0.000797

Setting step size to 0.000861

Setting step size to 0.000356

Setting step size to 0.000212

Setting step size to 0.00359

Setting step size to 0.00266

Setting step size to 0.000304

Setting step size to 0.00024

Setting step size to 0.000732

Setting step size to 0.000578

Setting step size to 0.000321

Setting step size to 0.00158

Setting step size to 0.00206

Setting step size to 0.00561

Setting step size to 0.00132

Setting step size to 0.00335

Setting step size to 0.000937

Setting step size to 0.00472

Setting step size to 0.0011

Setting step size to 0.00126

Setting step size to 0.00114

Setting step size to 0.000785

Setting step size to 0.00871

Setting step size to 0.000363

Setting step size to 0.000655

Setting step size to 0.00322

Setting step size to 0.000505

Setting step size to 0.00172

Setting step size to 0.00143

Setting step size to 0.00108

Setting step size to 0.000797

Setting step size to 0.000861

Setting step size to 0.000356

Setting step size to 0.000212

Setting step size to 0.00359

Setting step size to 0.00266

Setting step size to 0.000304

Setting step size to 0.00024

Setting step size to 0.000732

Setting step size to 0.000578

Setting step size to 0.000321

Setting step size to 0.00158

Setting step size to 0.00206

Setting step size to 0.00561

Setting step size to 0.00132

Setting step size to 0.00335

Setting step size to 0.000937

Setting step size to 0.00472

Setting step size to 0.0011

Setting step size to 0.00126

Setting step size to 0.00114

Setting step size to 0.000785

Setting step size to 0.00871

Setting step size to 0.000363

Setting step size to 0.000655

Setting step size to 0.00322

Setting step size to 0.000505

Setting step size to 0.00172

Setting step size to 0.00143

Setting step size to 0.00108

Setting step size to 0.000797

Setting step size to 0.000861

Setting step size to 0.000356

Setting step size to 0.000212

Setting step size to 0.00359

Setting step size to 0.00266

Setting step size to 0.000304

Setting step size to 0.00024

Setting step size to 0.000732

Setting step size to 0.000578

Setting step size to 0.000321

Setting step size to 0.00158

Setting step size to 0.00206

Setting step size to 0.00561

Setting step size to 0.00132

Setting step size to 0.00335

Setting step size to 0.000937

Setting step size to 0.00472

Setting step size to 0.0011

Setting step size to 0.00126

Setting step size to 0.00114

Setting step size to 0.000785

Setting step size to 0.00871

Setting step size to 0.000363

Setting step size to 0.000655

Setting step size to 0.00322

Setting step size to 0.000505

Setting step size to 0.00172

Setting step size to 0.00143

Setting step size to 0.00108

Setting step size to 0.000797

Setting step size to 0.000861

Setting step size to 0.000356

Setting step size to 0.000212

Setting step size to 0.00359

Setting step size to 0.00266

Setting step size to 0.000304

Setting step size to 0.00024

Setting step size to 0.000732

Setting step size to 0.000578

Setting step size to 0.000321

Setting step size to 0.00158

Setting step size to 0.00206

Setting step size to 0.00561

Setting step size to 0.00132

Setting step size to 0.00335

Setting step size to 0.000937

Setting step size to 0.00472

Setting step size to 0.0011

Setting step size to 0.00126

Setting step size to 0.00114

Setting step size to 0.000785

Setting step size to 0.00871

Setting step size to 0.000363

Setting step size to 0.000655

Setting step size to 0.00322

Setting step size to 0.000505

Setting step size to 0.00172

Setting step size to 0.00143

Setting step size to 0.00108

Setting step size to 0.000797

Setting step size to 0.000861

Setting step size to 0.000356

Setting step size to 0.000212

Setting step size to 0.00359

Setting step size to 0.00266

Setting step size to 0.000304

Setting step size to 0.00024

Setting step size to 0.000732

Setting step size to 0.000578

Setting step size to 0.000321

Setting step size to 0.00158

Setting step size to 0.00206

Setting step size to 0.00561

Setting step size to 0.00132

Setting step size to 0.00335

Setting step size to 0.000937

Setting step size to 0.00472

Setting step size to 0.0011

Setting step size to 0.00126

Setting step size to 0.00114

Setting step size to 0.000785

Setting step size to 0.00871

Setting step size to 0.000363

Setting step size to 0.000655

Setting step size to 0.00322

Setting step size to 0.000505

Setting step size to 0.00172

Setting step size to 0.00143

Setting step size to 0.00108

Setting step size to 0.000797

Setting step size to 0.000861

Setting step size to 0.000356

Setting step size to 0.000212

Setting step size to 0.00359

Setting step size to 0.00266

Setting step size to 0.000304

Setting step size to 0.00024

Setting step size to 0.000732

Setting step size to 0.000578

Setting step size to 0.000321

Setting step size to 0.00158

Setting step size to 0.00206

Setting step size to 0.00561

Setting step size to 0.00132

Setting step size to 0.00335

Setting step size to 0.000937

Setting step size to 0.00472

Setting step size to 0.0011

Setting step size to 0.00126

Setting step size to 0.00114

Setting step size to 0.000785

Setting step size to 0.00871

Setting step size to 0.000363

Setting step size to 0.000655

Setting step size to 0.00322

Setting step size to 0.000505

Setting step size to 0.00172

Setting step size to 0.00143

Setting step size to 0.00108

Setting step size to 0.000797

Setting step size to 0.000861

Setting step size to 0.000356

Setting step size to 0.000212

Setting step size to 0.00359

Setting step size to 0.00266

Setting step size to 0.000304

Setting step size to 0.00024

Setting step size to 0.000732

Setting step size to 0.000578

Setting step size to 0.000321

Setting step size to 0.00158

Setting step size to 0.00206

Setting step size to 0.00561

Setting step size to 0.00132

Setting step size to 0.00335

Setting step size to 0.000937

Setting step size to 0.00472

Setting step size to 0.0011

Setting step size to 0.00126

Setting step size to 0.00114

Setting step size to 0.000785

Setting step size to 0.00871

Setting step size to 0.000363

Setting step size to 0.000655

Setting step size to 0.00322

Setting step size to 0.000505

Setting step size to 0.00172

Setting step size to 0.00143

Setting step size to 0.00108

Setting step size to 0.000797

Setting step size to 0.000861

Setting step size to 0.000356

Setting step size to 0.000212

Setting step size to 0.00359

Setting step size to 0.00266

Setting step size to 0.000304

Setting step size to 0.00024

Setting step size to 0.000732

Setting step size to 0.000578

Setting step size to 0.000321

Setting step size to 0.00158

Setting step size to 0.00206

Setting step size to 0.00561

Setting step size to 0.00132

Setting step size to 0.00335

Setting step size to 0.000937

Setting step size to 0.00472

Setting step size to 0.0011

Setting step size to 0.00126

Setting step size to 0.00114

Setting step size to 0.000785

Setting step size to 0.00871

Setting step size to 0.000363

Setting step size to 0.000655

Setting step size to 0.00322

Setting step size to 0.000505

Setting step size to 0.00172

Setting step size to 0.00143

Setting step size to 0.00108

Setting step size to 0.000797

Setting step size to 0.000861

Setting step size to 0.000356

Setting step size to 0.000212

Setting step size to 0.00359

Setting step size to 0.00266

Setting step size to 0.000304

Setting step size to 0.00024

Setting step size to 0.000732

Setting step size to 0.000578

Setting step size to 0.000321

Setting step size to 0.00158

Setting step size to 0.00206

Setting step size to 0.00561

Setting step size to 0.00132

Setting step size to 0.00335

Setting step size to 0.000937

Setting step size to 0.00472

Setting step size to 0.0011

Setting step size to 0.00126

Setting step size to 0.00114

Setting step size to 0.000785

Setting step size to 0.00871

Setting step size to 0.000363

Setting step size to 0.000655

Setting step size to 0.00322

Setting step size to 0.000505

Setting step size to 0.00172

Setting step size to 0.00143

Setting step size to 0.00108

Setting step size to 0.000797

Setting step size to 0.000861

Setting step size to 0.000356

Setting step size to 0.000212

Setting step size to 0.00359

Setting step size to 0.00266

Setting step size to 0.000304

Setting step size to 0.00024

Setting step size to 0.000732

Setting step size to 0.000578

Setting step size to 0.000321

