
 Primary working directories    : /global/cscratch1/sd/gwang18
 Secondary working directories  : /global/cscratch1/sd/gwang18
 Wavefunction directory         : /global/homes/g/gwang18/wfu/
 Main file repository           : /global/cscratch1/sd/gwang18/

 SHA1      : 19cd028119e0e09f93f0674bd8af7968d9b3eff6
 NAME      : 2015.1.36
 ARCHNAME  : linux/x86_64
 FC        : /opt/cray/pe/craype/2.5.14/bin/ftn
 BLASLIB   : -L/opt/intel/compilers_and_libraries_2018.1.163/linux/mkl/lib/intel64 -Wl,-_start-group -lmkl_intel_ilp64 -lmkl_intel_thread -lmkl_core -Wl,-_end-group -liomp5
 id        : lbl

 Nodes     nprocs
 nid00049     1
 Number of processes for MPI-2 version of Molpro:   nprocs(total)=    2   nprocs(compute)=    1   nprocs(helper)=    1

 Using customized tuning parameters: mindgm=7; mindgv=16; mindgc=1; mindgr=1; noblas=0; minvec=7
 default implementation of scratch files=df  

 ***,SiH4
 memory,4,g
 gthresh,twoint=1.0E-12
 
 basis={
 ECP,Si,10,2,0;
 3;                                                                              !Vd
 1,5.168316,    4.000000
 3,8.861690,   20.673264
 2,3.933474,  -14.818174
 2;                                                                              !Vs-Vd
 2,9.447023,   14.832760
 2,2.553812,   26.349664
 2;                                                                              !Vp-Vd
 2,3.660001,    7.621400
 2,1.903653,   10.331583
 
 Including file /global/u2/g/gwang18/projects/si_gap/sih2/geo-excitation/ci/triplet-ex/cisd/Si.aug-cc-pVDZ.basis
 
 ECP,H,0,1,0
 3;
 2,   21.77696655044365 ,     -10.85192405303825 ;
 1,   21.24359508259891 ,       1.00000000000000;
 3,   21.24359508259891 ,      21.24359508259891;
 1; 2,                   1.,                      0.;
 
 Including file /global/u2/g/gwang18/projects/si_gap/sih2/geo-excitation/ci/triplet-ex/cisd/H.aug-cc-pVDZ.basis
 }
 
 angstrom
 geometry={
  Si
  H1     Si     1.4768
  H2     Si     1.4768      H1     118.3
 }
 
                                                                                 ! HARTREE-FOCK
 {RHF
    wf,6,2,2                                                                     ! nelec,symm,spin
    print,orbitals=2
 }
 scf = energy
 
 !!NOTE: Perturbative MRCC works only with UHF reference. So, here we will trick MRCC by doing zero UHF iteration right after ROHF.
                                                                                 !{uhf
                                                                                 !print,orbitals=2
                                                                                 !wf,6,2,2
                                                                                 !maxit,0
                                                                                 !}
                                                                                 !scf=energy
                                                                                 !pop;
 
 {mrcc,method=CISD
 orbital,ignore_error=1                                                          !Ignore the fact that UHF WF is not converged
 maxit,100
 core
 }
 posthf1=energy
 
 table,scf,posthf1
 save
 type,csv
 

 Variables initialized (889), CPU time= 0.00 sec
 Commands  initialized (702), CPU time= 0.01 sec, 572 directives.
 Default parameters read. Elapsed time= 0.12 sec

 Checking input...
 Passed
1


                                         ***  PROGRAM SYSTEM MOLPRO  ***
                                       Copyright, TTI GmbH Stuttgart, 2015
                                    Version 2015.1 linked Dec 29 2018 15:55:43


 **********************************************************************************************************************************
 LABEL *   SiH4                                                                          
  64 bit serial version                                                                  DATE: 05-May-20          TIME: 10:34:34  
 **********************************************************************************************************************************

 SHA1:             19cd028119e0e09f93f0674bd8af7968d9b3eff6
 **********************************************************************************************************************************

 THRESHOLDS:

 ZERO    =  1.00D-12  ONEINT  =  1.00D-12  TWOINT  =  1.00D-12  PREFAC  =  1.00D-14  LOCALI  =  1.00D-09  EORDER  =  1.00D-04
 ENERGY  =  0.00D+00  ETEST   =  0.00D+00  EDENS   =  0.00D+00  THRDEDEF=  1.00D-06  GRADIENT=  1.00D-02  STEP    =  1.00D-03
 ORBITAL =  1.00D-05  CIVEC   =  1.00D-05  COEFF   =  1.00D-04  PRINTCI =  5.00D-02  PUNCHCI =  9.90D+01  OPTGRAD =  3.00D-04
 OPTENERG=  1.00D-06  OPTSTEP =  3.00D-04  THRGRAD =  1.00D-10  COMPRESS=  1.00D-11  VARMIN  =  1.00D-07  VARMAX  =  1.00D-03
 THRDOUB =  0.00D+00  THRDIV  =  1.00D-05  THRRED  =  1.00D-07  THRPSP  =  1.00D+00  THRDC   =  1.00D-10  THRCS   =  1.00D-10
 THRNRM  =  1.00D-08  THREQ   =  0.00D+00  THRDE   =  1.00D+00  THRREF  =  1.00D-05  SPARFAC =  1.00D+00  THRDLP  =  1.00D-07
 THRDIA  =  1.00D-10  THRDLS  =  1.00D-07  THRGPS  =  0.00D+00  THRKEX  =  0.00D+00  THRDIS  =  2.00D-01  THRVAR  =  1.00D-10
 THRLOC  =  1.00D-06  THRGAP  =  1.00D-06  THRLOCT = -1.00D+00  THRGAPT = -1.00D+00  THRORB  =  1.00D-06  THRMLTP =  0.00D+00
 THRCPQCI=  1.00D-10  KEXTA   =  0.00D+00  THRCOARS=  0.00D+00  SYMTOL  =  1.00D-06  GRADTOL =  1.00D-06  THROVL  =  1.00D-08
 THRORTH =  1.00D-08  GRID    =  1.00D-06  GRIDMAX =  1.00D-03  DTMAX   =  0.00D+00  THROCCDE=  1.00D-01  THROCCDE=  1.00D-01



 Variable memory set to 4000000000 words,  buffer space   230000 words

 SETTING BASIS          =    USERDEF
 ZUNIT=ANG
 


 Recomputing integrals since basis changed


 Using spherical harmonics



 PROGRAM * SEWARD (Integral evaluation for generally contracted gaussian basis sets)     Author: Roland Lindh, 1990

 Geometry written to block  1 of record 700

 Orientation using atomic masses  
 Molecule type: Asymmetric top,     Order of principal axis = 2
 Symmetry elements: X,Y
 Rotational constants:     117.0106105    468.5225301    155.9608771 GHz  (calculated with average atomic masses)

 Point group  C2v 



 ATOMIC COORDINATES

 NR  ATOM    CHARGE       X              Y              Z

   1  SI      4.00    0.000000000    0.000000000   -0.095838559
   2  H1      1.00    0.000000000    2.395892285    1.335235162
   3  H2      1.00    0.000000000   -2.395892285    1.335235162

 Bond lengths in Bohr (Angstrom)

 1-2  2.790747541  1-3  2.790747541
     ( 1.476800000)     ( 1.476800000)

 Bond angles

  2-1-3  118.30000000

 NUCLEAR CHARGE:                    6
 NUMBER OF PRIMITIVE AOS:          92
 NUMBER OF SYMMETRY AOS:           90
 NUMBER OF CONTRACTIONS:           40   (  17A1  +   7B1  +  12B2  +   4A2  )
 NUMBER OF CORE ORBITALS:           0   (   0A1  +   0B1  +   0B2  +   0A2  )
 NUMBER OF VALENCE ORBITALS:        6   (   3A1  +   1B1  +   2B2  +   0A2  )


 NUCLEAR REPULSION ENERGY    3.07530596

 Eigenvalues of metric

         1 0.297E-02 0.131E-01 0.272E-01 0.440E-01 0.607E-01 0.131E+00 0.208E+00 0.259E+00
         2 0.162E-01 0.742E-01 0.286E+00 0.462E+00 0.818E+00 0.182E+01 0.367E+01
         3 0.151E-02 0.363E-02 0.529E-01 0.814E-01 0.111E+00 0.196E+00 0.382E+00 0.451E+00
         4 0.130E+00 0.470E+00 0.735E+00 0.252E+01


 Contracted 2-electron integrals neglected if value below      1.0D-12
 AO integral compression algorithm  1   Integral accuracy      1.0D-12

     1.311 MB (compressed) written to integral file ( 93.0%)


 NUMBER OF SORTED TWO-ELECTRON INTEGRALS:      95435.     BUFFER LENGTH:  32768
 NUMBER OF SEGMENTS:   1  SEGMENT LENGTH:      95435      RECORD LENGTH: 524288

 Memory used in sort:       0.65 MW

 SORT1 READ      157879. AND WROTE       88348. INTEGRALS IN      1 RECORDS. CPU TIME:     0.00 SEC, REAL TIME:     0.00 SEC
 SORT2 READ       88348. AND WROTE       95435. INTEGRALS IN      5 RECORDS. CPU TIME:     0.01 SEC, REAL TIME:     0.01 SEC

 FILE SIZES:   FILE 1:    21.2 MBYTE,  FILE 4:     4.2 MBYTE,   TOTAL:     25.5 MBYTE

 OPERATOR DM      FOR CENTER  0  COORDINATES:    0.000000    0.000000    0.000000


 **********************************************************************************************************************************
 DATASETS  * FILE   NREC   LENGTH (MB)   RECORD NAMES
              1      20       20.58       500      610      700      900      950      970     1000      129      960     1100   
                                          VAR    BASINP    GEOM    SYMINP    ZMAT    AOBASIS   BASIS     P2S    ABASIS      S 
                                         1400     1410     1420     1200     1210     1080     1600     1650     1300     1700   
                                           T        V       ECP      H0       H01     AOSYM     SMH    MOLCAS    ERIS     OPER   

 PROGRAMS   *        TOTAL       INT
 CPU TIMES  *         0.50      0.41
 REAL TIME  *         3.16 SEC
 DISK USED  *        25.75 MB      
 **********************************************************************************************************************************


 PROGRAM * RHF-SCF (OPEN SHELL)       Authors: W. Meyer, H.-J. Werner


 NUMBER OF ELECTRONS:       4+    2-    SPACE SYMMETRY=2    SPIN SYMMETRY: Triplet 
 CONVERGENCE THRESHOLDS:    1.00E-05 (Density)    1.00E-07 (Energy)
 MAX. NUMBER OF ITERATIONS:       60
 INTERPOLATION TYPE:            DIIS
 INTERPOLATION STEPS:              2 (START)      1 (STEP)
 LEVEL SHIFTS:                 -0.60 (CLOSED) -0.30 (OPEN) 



 Orbital guess generated from atomic densities. Full valence occupancy:    3   1   2   0

 Molecular orbital dump at record        2100.2

 Initial alpha occupancy:   2   1   1   0
 Initial beta  occupancy:   1   0   1   0
 Wave function symmetry:    2

 ITERATION    DDIFF          GRAD             ENERGY        2-EL.EN.            DIPOLE MOMENTS         DIIS   ORB.
    1      0.000D+00      0.000D+00        -4.81884019      9.523630    0.00000    0.00000   -0.15017    0    start
    2      0.000D+00      0.825D-02        -4.83070146      9.636866    0.00000    0.00000   -0.06809    1    diag,B
    3      0.228D-01      0.444D-02        -4.83695196      9.712356    0.00000    0.00000   -0.01565    2    diag,B
    4      0.205D-01      0.164D-02        -4.83815454      9.709771    0.00000    0.00000   -0.01456    3    diag,B
    5      0.736D-02      0.504D-03        -4.83826709      9.705190    0.00000    0.00000   -0.01535    4    diag,B
    6      0.113D-02      0.137D-03        -4.83827540      9.705114    0.00000    0.00000   -0.01514    5    diag,B
    7      0.341D-03      0.504D-04        -4.83827656      9.705006    0.00000    0.00000   -0.01531    6    fixocc
    8      0.239D-03      0.145D-04        -4.83827668      9.704983    0.00000    0.00000   -0.01526    7    diag,B
    9      0.612D-04      0.527D-05        -4.83827669      9.704955    0.00000    0.00000   -0.01520    8    diag,B
   10      0.194D-04      0.103D-05        -4.83827669      9.704951    0.00000    0.00000   -0.01518    9    orth
   11      0.498D-05      0.286D-06        -4.83827669      9.704951    0.00000    0.00000   -0.01517    0    orth

 Final alpha occupancy:   2   1   1   0
 Final beta  occupancy:   1   0   1   0

 !RHF STATE 1.2 Energy                 -4.838276687983
 Nuclear energy                         3.07530596
 One-electron energy                  -12.76605835
 Two-electron energy                    4.85247570
 Virial quotient                       -1.87578918
 !RHF STATE 1.2 Dipole moment           0.00000000     0.00000000    -0.01517369
 Dipole moment /Debye                   0.00000000     0.00000000    -0.03856515

 ELECTRON ORBITALS
 =================


   Orb  Occ    Energy  Couls-En    Coefficients

                                   1 1s      1 1s      1 1s      1 2pz     1 2pz     1 2pz     1 3d0     1 3d2+    1 3d0     1 3d2+ 
                                   2 1s      2 1s      2 1s      2 2pz     2 2py     2 2pz     2 2py  

   1.1   2    -0.6725   -3.0431  0.724089 -0.004766 -0.036935  0.142492  0.045466  0.018118 -0.009699 -0.044674 -0.003546 -0.013619
                                 0.617747 -0.041464 -0.230252  0.015643  0.029299 -0.013943 -0.028856

   2.1   +    -0.4121   -2.2896 -0.550054 -0.000092  0.069034  0.627320  0.082819  0.072863 -0.039159 -0.087006 -0.019937 -0.068897
                                 0.345577 -0.043722 -0.150383  0.030061  0.042258  0.007376 -0.008001

   3.1   0     0.0676   -0.8807 -0.288052 -0.028261 -1.961263 -1.067398  0.401349  0.135958  0.007423  0.025648  0.044047  0.158505
                                -0.050386  1.890838  0.373044 -0.130978 -0.181425  0.013790  0.021169

   4.1   0     0.1427   -1.2683  0.256848 -0.052175 -0.700424  1.206216 -0.343506 -0.628343  0.002264  0.156329  0.062186  0.665167
                                -0.420845  0.320168  0.404077 -0.180165 -0.248312  0.021053 -0.000946

                                   1 2px     1 2px     1 2px     1 3d1+    1 3d1+    2 2px     2 2px  

   1.2   +    -0.3045   -2.1071  0.965987  0.011309  0.013821 -0.041011 -0.027271  0.006050  0.016835

   2.2   0     0.2104   -0.9940  0.325404 -0.129956 -0.145400  0.090377  0.951969 -0.030535  0.017376

   3.2   0     0.2960   -0.6977 -4.336235  1.799625  2.777093 -0.022433  0.075713 -0.000066 -0.001960

                                   1 2py     1 2py     1 2py     1 3d1-    1 3d1-    2 1s      2 1s      2 1s      2 2py     2 2pz  
                                   2 2py     2 2pz  

   1.3   2    -0.4997   -2.6721  0.569687  0.043823  0.022785  0.091800  0.072533  0.776380 -0.128857 -0.340081  0.054857  0.031767
                                -0.021855 -0.017739

   2.3   0     0.1026   -0.7720 -0.964919  0.324716  0.168728 -0.023939 -0.081210 -0.125758  2.530849 -0.288721 -0.105526 -0.052404
                                 0.027525  0.012782

   3.3   0     0.1470   -1.1824 -1.044842  0.110926  1.222082  0.225328  0.909742  0.287844  0.438459 -1.306019  0.449862  0.258164
                                -0.001018  0.017054

                                   1 3d2-    1 3d2-    2 2px     2 2px  

   1.4   0     0.2104   -1.0131  0.088267  1.012058 -0.100435  0.027471

   2.4   0     0.5107   -0.4660  0.172910 -1.420885  1.810877 -0.054656

 HOMO      1.2    -0.304510 =      -8.2861eV
 LUMO      3.1     0.067581 =       1.8390eV
 LUMO-HOMO         0.372091 =      10.1251eV


 **********************************************************************************************************************************
 DATASETS  * FILE   NREC   LENGTH (MB)   RECORD NAMES
              1      20       20.58       500      610      700      900      950      970     1000      129      960     1100   
                                          VAR    BASINP    GEOM    SYMINP    ZMAT    AOBASIS   BASIS     P2S    ABASIS      S 
                                         1400     1410     1420     1200     1210     1080     1600     1650     1300     1700   
                                           T        V       ECP      H0       H01     AOSYM     SMH    MOLCAS    ERIS     OPER   

              2       4        2.78       700     1000      520     2100   
                                         GEOM     BASIS   MCVARS     RHF  

 PROGRAMS   *        TOTAL       RHF       INT
 CPU TIMES  *         0.55      0.05      0.41
 REAL TIME  *         3.39 SEC
 DISK USED  *        25.75 MB      
 **********************************************************************************************************************************
 SETTING SCF            =        -4.83827669  AU                              


 PROGRAM * MRCC (General Multireference Coupled Cluster)    Author: M. Kallay, 2000-2005

 ***  Initialisation ***
 
 Molecular orbitals read from record     2100.2  Type=RHF/CANONICAL (state 1.2)
 
 Frozen orbitals:              0 (  0  0  0  0  0  0  0  0)
 Active orbitals:             40 ( 17  7 12  4  0  0  0  0)
 Active electrons:             6
 Spin quantum number:          1.0

 Transformed integrals will be written to file mrcc_18187/fort.55

 Load integrals                3.5 sec
 Transform integrals           3.5 sec
 Storage for integrals:         180418
 Remaining memory:           *********

 Core energy:               3.07530596
 
 MRCC Input:
     2     0     0     0     0     0     0     2     0     0     1     0     1     0     0     7     0     0   0.000     0   32000
  ex.lev,nsing,ntrip, rest,method,dens,conver,symm, diag, CS ,spatial, HF, ndoub,nacto,nactv, tol, maxex, sacc, freq,  dboc,   mem
  2  1  0  0  0  0  0  0  0  0  0  0  0  0  0  0  0  1  0  0  0  0  0  0  2  0  0  0  0  0  0  0  0  0  0  0  0  0  0  0
 MRCC Input end
 Variable memory released
 MRCC now being run, temporary output in /global/cscratch1/sd/gwang18/mrcc_18187/mrcc.out
 **********************************************************************
                          MRCC program system
 **********************************************************************

                              Written by
 Mihaly Kallay, Peter R. Nagy, Zoltan Rolik, David Mester, Gyula Samu,
   Jozsef Csontos, Jozsef Csoka, Bernat P. Szabo, Laszlo Gyevi-Nagy,
    Istvan Ladjanszki, Lorant Szegedy, Bence Ladoczki, Klara Petrov,
              Mate Farkas, Pal D. Mezei, and Bence Hegely

        Department of Physical Chemistry and Materials Science
            Budapest University of Technology and Economics
                  Budapest P.O.Box 91, H-1521 Hungary

                              www.mrcc.hu

                     Release date: February 9, 2019

 ************************ 2020-05-05 10:34:37 *************************
 Executing goldstone...

 Generation of CI equations in terms of H and C...
 Generation of antisymmetrized Goldstone diagrams...
 Number of diagrams in T^1 equations:     7
 Number of diagrams in T^2 equations:     9
 Translation of diagrams to factorized equations...
 Optimizing intermediate calculation...
 Number of floating-point operations per iteration step:   6.3582E+06
 Probable CPU time per iteration step (hours):      0.00
 Required memory (Mbytes):     248.4
 Number of intermediates:                                  27
 Number of intermediates to be stored:                     11
 Length of intermediate file (Mbytes):       9.5

 ************************ 2020-05-05 10:34:38 *************************
 Executing xmrcc...

 **********************************************************************
 CI(                     2 ) calculation


 Allocation of 248.4 Mbytes of memory...
 Number of spinorbitals:                    80
 Number of alpha electrons:                        4
 Number of beta electrons:                         2
 Spin multiplicity:                     2
 z-component of spin:  1.0
 Spatial symmetry:                      2
 Convergence criterion:  1.0E-07
 Construction of occupation graphs...
 Number of                     0 -fold excitations:                      1
 Number of                     1 -fold excitations:                     74
 Number of                     2 -fold excitations:                   4149
 Total number of configurations:                   4224
 Calculation of coupling coefficients...
 Length of intermediate file (Mbytes):       7.5

 ======================================================================

 Memory requirements /Mbyte/:
               Minimal        Optimal
 Real*8:          3.7477        19.5474
 Integer:         0.4594
 Total:           4.2071        20.0067


 ************************ 2020-05-05 10:34:38 *************************
 Executing mrcc...

 **********************************************************************
 CISD calculation


 Allocation of   19.5 Mbytes of memory...
 Number of spinorbitals:  80
 Number of alpha electrons:  4
 Number of beta  electrons:  2
 Spin multiplicity: 2
 z-component of spin:  1.0
 Spatial symmetry: 2
 Convergence criterion:  1.0E-07
 Construction of occupation graphs...
 Number of 0-fold excitations: 1
 Number of 1-fold excitations: 74
 Number of 2-fold excitations: 4149
 Total number of determinants: 4224
 Calculation of coupling coefficients...
 Initial cluster amplitudes are generated.
 Length of intermediate file (Mbytes):       7.5
 Reading integral list from unit 55...
 Sorting integrals...
 Energy of reference determinant [au]:      -4.838276687983
 Calculation of diagonal elements of Hamiltonian...

 Starting CI iteration for root                      1 ...
 ======================================================================
 Norm of residual vector:     0.43778036      Convergence:   1.00000000
 CPU time [min]:     0.004                   Wall time [min]:     0.005

 Iteration  1  CI energy:    -4.83827669  Energy decrease:   0.0000E+00
 ======================================================================
 Norm of residual vector:     0.07030870      Convergence:   0.24289394
 CPU time [min]:     0.006                   Wall time [min]:     0.007

 Iteration  2  CI energy:    -4.93410973  Energy decrease:   0.09583305
 ======================================================================
 Norm of residual vector:     0.02015569      Convergence:   0.05720958
 CPU time [min]:     0.007                   Wall time [min]:     0.008

 Iteration  3  CI energy:    -4.93742640  Energy decrease:   0.00331667
 ======================================================================
 Norm of residual vector:     0.00498029      Convergence:   0.01404405
 CPU time [min]:     0.009                   Wall time [min]:     0.010

 Iteration  4  CI energy:    -4.93766968  Energy decrease:   0.00024328
 ======================================================================
 Norm of residual vector:     0.00180043      Convergence:   0.00492781
 CPU time [min]:     0.010                   Wall time [min]:     0.011

 Iteration  5  CI energy:    -4.93769054  Energy decrease:   0.00002085
 ======================================================================
 Norm of residual vector:     0.00047564      Convergence:   0.00146499
 CPU time [min]:     0.012                   Wall time [min]:     0.013

 Iteration  6  CI energy:    -4.93769286  Energy decrease:   0.00000232
 ======================================================================
 Norm of residual vector:     0.00012943      Convergence:   0.00039231
 CPU time [min]:     0.013                   Wall time [min]:     0.014

 Iteration  7  CI energy:    -4.93769302  Energy decrease:   0.00000016
 ======================================================================
 Norm of residual vector:     0.00003169      Convergence:   0.00009518
 CPU time [min]:     0.015                   Wall time [min]:     0.016

 Iteration  8  CI energy:    -4.93769303  Energy decrease:   0.00000001
 ======================================================================
 Norm of residual vector:     0.00000793      Convergence:   0.00002516
 CPU time [min]:     0.016                   Wall time [min]:     0.018

 Iteration  9  CI energy:    -4.93769303  Energy decrease:   6.8995E-10
 ======================================================================
 Norm of residual vector:     0.00000203      Convergence:   0.00000599
 CPU time [min]:     0.018                   Wall time [min]:     0.020

 Iteration 10  CI energy:    -4.93769303  Energy decrease:   4.2346E-11
 ======================================================================
 Norm of residual vector:     0.00000045      Convergence:   0.00000149
 CPU time [min]:     0.019                   Wall time [min]:     0.022

 Iteration 11  CI energy:    -4.93769303  Energy decrease:   2.6699E-12
 ======================================================================
 Norm of residual vector:     0.0000E+00      Convergence:   3.4542E-07
 CPU time [min]:     0.021                   Wall time [min]:     0.023

 Iteration 12  CI energy:    -4.93769303  Energy decrease:   1.3767E-13
 ======================================================================

 Iteration has converged in 12 steps.

 Final results:
 Total CISD energy [au]:              -4.937693033003

 ************************ 2020-05-05 10:34:39 *************************
                      Normal termination of mrcc.
 **********************************************************************
 !CISD STATE 1.2 Energy                -4.937693033003
 
 CPU-time for MRCC:              1.3 sec
 Elapsed-time for MRCC:          2.5 sec

 Variable memory set to 4000000000 words,  buffer space   230000 words



 **********************************************************************************************************************************
 DATASETS  * FILE   NREC   LENGTH (MB)   RECORD NAMES
              1      20       20.58       500      610      700      900      950      970     1000      129      960     1100   
                                          VAR    BASINP    GEOM    SYMINP    ZMAT    AOBASIS   BASIS     P2S    ABASIS      S 
                                         1400     1410     1420     1200     1210     1080     1600     1650     1300     1700   
                                           T        V       ECP      H0       H01     AOSYM     SMH    MOLCAS    ERIS     OPER   

              2       4        2.78       700     1000      520     2100   
                                         GEOM     BASIS   MCVARS     RHF  

 PROGRAMS   *        TOTAL      MRCC       RHF       INT
 CPU TIMES  *         1.98      1.43      0.05      0.41
 REAL TIME  *         6.40 SEC
 DISK USED  *        25.75 MB      
 **********************************************************************************************************************************
 SETTING POSTHF1        =        -4.93769303  AU                              
 Output type csv         
                                                                                                                                                                                                                                                                

      SCF,POSTHF1
   -4.83827669,   -4.93769303
                                                  

 CISD/USERDEF energy=     -4.937693033003

        CISD            RHF-SCF 
     -4.93769303     -4.83827669
 **********************************************************************************************************************************
 Molpro calculation terminated
 Variable memory released
