
 Primary working directories    : /global/cscratch1/sd/gwang18
 Secondary working directories  : /global/cscratch1/sd/gwang18
 Wavefunction directory         : /global/homes/g/gwang18/wfu/
 Main file repository           : /global/cscratch1/sd/gwang18/

 SHA1      : 19cd028119e0e09f93f0674bd8af7968d9b3eff6
 NAME      : 2015.1.36
 ARCHNAME  : linux/x86_64
 FC        : /opt/cray/pe/craype/2.5.14/bin/ftn
 BLASLIB   : -L/opt/intel/compilers_and_libraries_2018.1.163/linux/mkl/lib/intel64 -Wl,-_start-group -lmkl_intel_ilp64 -lmkl_intel_thread -lmkl_core -Wl,-_end-group -liomp5
 id        : lbl

 Nodes     nprocs
 nid00093     7
 Number of processes for MPI-2 version of Molpro:   nprocs(total)=    8   nprocs(compute)=    7   nprocs(helper)=    1

 Using customized tuning parameters: mindgm=7; mindgv=16; mindgc=1; mindgr=1; noblas=0; minvec=7
 default implementation of scratch files=sf  

 ***,SiH4
 memory,1000,m
 gthresh,twoint=1.0E-12
 
 
 basis={
 ECP,Si,10,2,0;
 3;                                                                              !Vd
 1,5.168316,    4.000000
 3,8.861690,   20.673264
 2,3.933474,  -14.818174
 2;                                                                              !Vs-Vd
 2,9.447023,   14.832760
 2,2.553812,   26.349664
 2;                                                                              !Vp-Vd
 2,3.660001,    7.621400
 2,1.903653,   10.331583
 
 Including file /global/u2/g/gwang18/projects/si_gap/sih2/ccsdt/Si.aug-cc-pVDZ.basis
 
 ECP,H,0,1,0
 3;
 2,   21.77696655044365 ,     -10.85192405303825 ;
 1,   21.24359508259891 ,       1.00000000000000;
 3,   21.24359508259891 ,      21.24359508259891;
 1; 2,                   1.,                      0.;
 
 Including file /global/u2/g/gwang18/projects/si_gap/sih2/ccsdt/H.aug-cc-pVDZ.basis
 }
 
 
 angstrom
 geometry={
  Si
  H1     Si     1.51402
  H2     Si     1.51402      H1     91.9830
 }
 
                                                                                 ! HARTREE-FOCK
 {RHF
    wf,6,1,0                                                                     ! nelec,symm,spin
 }
 scf = energy
 
 pop;
 
                                                                                 ! UCCSD(T)
 {rccsd(t);
    maxit,100;
    core
 }
 ccsd = energy
 
 table, scf, ccsd
 save
 type,csv

 Variables initialized (889), CPU time= 0.00 sec
 Commands  initialized (702), CPU time= 0.01 sec, 572 directives.
 Default parameters read. Elapsed time= 0.18 sec

 Checking input...
 Passed
1


                                         ***  PROGRAM SYSTEM MOLPRO  ***
                                       Copyright, TTI GmbH Stuttgart, 2015
                                    Version 2015.1 linked Dec 29 2018 15:55:43


 **********************************************************************************************************************************
 LABEL *   SiH4                                                                          
  64 bit mpp version                                                                     DATE: 01-May-20          TIME: 11:53:56  
 **********************************************************************************************************************************

 SHA1:             19cd028119e0e09f93f0674bd8af7968d9b3eff6
 **********************************************************************************************************************************

 THRESHOLDS:

 ZERO    =  1.00D-12  ONEINT  =  1.00D-12  TWOINT  =  1.00D-12  PREFAC  =  1.00D-14  LOCALI  =  1.00D-09  EORDER  =  1.00D-04
 ENERGY  =  0.00D+00  ETEST   =  0.00D+00  EDENS   =  0.00D+00  THRDEDEF=  1.00D-06  GRADIENT=  1.00D-02  STEP    =  1.00D-03
 ORBITAL =  1.00D-05  CIVEC   =  1.00D-05  COEFF   =  1.00D-04  PRINTCI =  5.00D-02  PUNCHCI =  9.90D+01  OPTGRAD =  3.00D-04
 OPTENERG=  1.00D-06  OPTSTEP =  3.00D-04  THRGRAD =  1.00D-10  COMPRESS=  1.00D-11  VARMIN  =  1.00D-07  VARMAX  =  1.00D-03
 THRDOUB =  0.00D+00  THRDIV  =  1.00D-05  THRRED  =  1.00D-07  THRPSP  =  1.00D+00  THRDC   =  1.00D-10  THRCS   =  1.00D-10
 THRNRM  =  1.00D-08  THREQ   =  0.00D+00  THRDE   =  1.00D+00  THRREF  =  1.00D-05  SPARFAC =  1.00D+00  THRDLP  =  1.00D-07
 THRDIA  =  1.00D-10  THRDLS  =  1.00D-07  THRGPS  =  0.00D+00  THRKEX  =  0.00D+00  THRDIS  =  2.00D-01  THRVAR  =  1.00D-10
 THRLOC  =  1.00D-06  THRGAP  =  1.00D-06  THRLOCT = -1.00D+00  THRGAPT = -1.00D+00  THRORB  =  1.00D-06  THRMLTP =  0.00D+00
 THRCPQCI=  1.00D-10  KEXTA   =  0.00D+00  THRCOARS=  0.00D+00  SYMTOL  =  1.00D-06  GRADTOL =  1.00D-06  THROVL  =  1.00D-08
 THRORTH =  1.00D-08  GRID    =  1.00D-06  GRIDMAX =  1.00D-03  DTMAX   =  0.00D+00  THROCCDE=  1.00D-01  THROCCDE=  1.00D-01



 Variable memory set to 1000000000 words,  buffer space   230000 words

 SETTING BASIS          =    USERDEF
 ZUNIT=ANG
 


 Recomputing integrals since basis changed


 Using spherical harmonics



 PROGRAM * SEWARD (Integral evaluation for generally contracted gaussian basis sets)     Author: Roland Lindh, 1990

 Geometry written to block  1 of record 700

 Orientation using atomic masses  
 Molecule type: Asymmetric top,     Order of principal axis = 2
 Symmetry elements: X,Y
 Rotational constants:     113.0212983    242.8385172    211.4197542 GHz  (calculated with average atomic masses)

 Point group  C2v 



 ATOMIC COORDINATES

 NR  ATOM    CHARGE       X              Y              Z

   1  SI      4.00    0.000000000    0.000000000   -0.133121049
   2  H1      1.00    0.000000000    2.057796109    1.854659610
   3  H2      1.00    0.000000000   -2.057796109    1.854659610

 Bond lengths in Bohr (Angstrom)

 1-2  2.861083147  1-3  2.861083147
     ( 1.514020000)     ( 1.514020000)

 Bond angles

  2-1-3   91.98300000

 NUCLEAR CHARGE:                    6
 NUMBER OF PRIMITIVE AOS:          92
 NUMBER OF SYMMETRY AOS:           90
 NUMBER OF CONTRACTIONS:           40   (  17A1  +   7B1  +  12B2  +   4A2  )
 NUMBER OF CORE ORBITALS:           0   (   0A1  +   0B1  +   0B2  +   0A2  )
 NUMBER OF VALENCE ORBITALS:        6   (   3A1  +   1B1  +   2B2  +   0A2  )


 NUCLEAR REPULSION ENERGY    3.03912223

 Eigenvalues of metric

         1 0.218E-02 0.117E-01 0.301E-01 0.552E-01 0.660E-01 0.167E+00 0.224E+00 0.245E+00
         2 0.161E-01 0.662E-01 0.260E+00 0.478E+00 0.757E+00 0.197E+01 0.370E+01
         3 0.196E-02 0.480E-02 0.507E-01 0.753E-01 0.107E+00 0.244E+00 0.356E+00 0.371E+00
         4 0.169E+00 0.477E+00 0.806E+00 0.230E+01


 Contracted 2-electron integrals neglected if value below      1.0D-12
 AO integral compression algorithm  1   Integral accuracy      1.0D-12

     2.097 MB (compressed) written to integral file (100.0%)

     Node minimum: 0.262 MB, node maximum: 0.524 MB


 NUMBER OF SORTED TWO-ELECTRON INTEGRALS:      13241.     BUFFER LENGTH:  32768
 NUMBER OF SEGMENTS:   1  SEGMENT LENGTH:      13241      RECORD LENGTH: 524288

 Memory used in sort:       0.57 MW

 SORT1 READ      157879. AND WROTE       12188. INTEGRALS IN      1 RECORDS. CPU TIME:     0.10 SEC, REAL TIME:     0.17 SEC
 SORT2 READ       88348. AND WROTE       95435. INTEGRALS IN      7 RECORDS. CPU TIME:     0.00 SEC, REAL TIME:     0.01 SEC

 Node minimum:       13000.  Node maximum:       14573. integrals

 OPERATOR DM      FOR CENTER  0  COORDINATES:    0.000000    0.000000    0.000000


 **********************************************************************************************************************************
 DATASETS  * FILE   NREC   LENGTH (MB)   RECORD NAMES
              1      19       19.90       500      610      700      900      950      970     1000      129      960     1100   
                                          VAR    BASINP    GEOM    SYMINP    ZMAT    AOBASIS   BASIS     P2S    ABASIS      S 
                                         1400     1410     1420     1200     1210     1080     1600     1650     1700   
                                           T        V       ECP      H0       H01     AOSYM     SMH    MOLCAS    OPER   

 PROGRAMS   *        TOTAL       INT
 CPU TIMES  *         0.53      0.34
 REAL TIME  *         2.66 SEC
 DISK USED  *        30.20 MB      
 GA USED    *         0.00 MB       (max)       0.00 MB       (current)
 **********************************************************************************************************************************


 PROGRAM * RHF-SCF (CLOSED SHELL)       Authors: W. Meyer, H.-J. Werner


 NUMBER OF ELECTRONS:       3+    3-    SPACE SYMMETRY=1    SPIN SYMMETRY: Singlet 
 CONVERGENCE THRESHOLDS:    1.00E-05 (Density)    1.00E-07 (Energy)
 MAX. NUMBER OF ITERATIONS:       60
 INTERPOLATION TYPE:            DIIS
 INTERPOLATION STEPS:              2 (START)      1 (STEP)
 LEVEL SHIFTS:                  0.00 (CLOSED)  0.00 (OPEN) 



 Orbital guess generated from atomic densities. Full valence occupancy:    3   1   2   0

 Molecular orbital dump at record        2100.2

 Initial occupancy:   2   0   1   0

 ITERATION    DDIFF          GRAD             ENERGY        2-EL.EN.            DIPOLE MOMENTS         DIIS   ORB.
    1      0.000D+00      0.000D+00        -4.83855211      9.729710    0.00000    0.00000    0.03635    0    start
    2      0.000D+00      0.818D-02        -4.84498689      9.856866    0.00000    0.00000    0.10309    1    diag
    3      0.136D-01      0.204D-02        -4.84554393      9.859659    0.00000    0.00000    0.12907    2    diag
    4      0.490D-02      0.449D-03        -4.84558095      9.860627    0.00000    0.00000    0.14162    3    diag
    5      0.112D-02      0.838D-04        -4.84558249      9.860384    0.00000    0.00000    0.14465    4    diag
    6      0.299D-03      0.104D-04        -4.84558251      9.860353    0.00000    0.00000    0.14504    5    diag
    7      0.346D-04      0.917D-06        -4.84558251      9.860350    0.00000    0.00000    0.14505    6    diag
    8      0.296D-05      0.115D-06        -4.84558251      9.860350    0.00000    0.00000    0.14505    0    orth

 Final occupancy:   2   0   1   0

 !RHF STATE 1.1 Energy                 -4.845582506179
 Nuclear energy                         3.03912223
 One-electron energy                  -12.81487956
 Two-electron energy                    4.93017482
 Virial quotient                       -1.92107327
 !RHF STATE 1.1 Dipole moment           0.00000000     0.00000000     0.14504960
 Dipole moment /Debye                   0.00000000     0.00000000     0.36865517

 Orbital energies:

         1.1          2.1          3.1          4.1
     -0.680561    -0.337736     0.072985     0.195410

         1.2          2.2
      0.004793     0.233274

         1.3          2.3          3.3
     -0.458968     0.107932     0.147633

         1.4          2.4
      0.230988     0.507638

 HOMO      2.1    -0.337736 =      -9.1903eV
 LUMO      1.2     0.004793 =       0.1304eV
 LUMO-HOMO         0.342529 =       9.3207eV


 **********************************************************************************************************************************
 DATASETS  * FILE   NREC   LENGTH (MB)   RECORD NAMES
              1      19       19.90       500      610      700      900      950      970     1000      129      960     1100   
                                          VAR    BASINP    GEOM    SYMINP    ZMAT    AOBASIS   BASIS     P2S    ABASIS      S 
                                         1400     1410     1420     1200     1210     1080     1600     1650     1700   
                                           T        V       ECP      H0       H01     AOSYM     SMH    MOLCAS    OPER   

              2       4        2.77       700     1000      520     2100   
                                         GEOM     BASIS   MCVARS     RHF  

 PROGRAMS   *        TOTAL       RHF       INT
 CPU TIMES  *         0.61      0.08      0.34
 REAL TIME  *         2.86 SEC
 DISK USED  *       189.44 MB      
 SF USED    *         0.00 MB      
 GA USED    *         0.00 MB       (max)       0.00 MB       (current)
 **********************************************************************************************************************************
 SETTING SCF            =        -4.84558251  AU                              


 PROGRAM * POP (Mulliken population analysis)

 
 Density matrix read from record         2100.2  Type=RHF/CHARGE (state 1.1)
 
 Population analysis by basis function type

 Unique atom        s        p        d        f        g    Total    Charge
   1  SI      1.80670  2.39499  0.21236  0.00000  0.00000  4.41406  - 0.41406
   2  H1      0.79445 -0.00148  0.00000  0.00000  0.00000  0.79297  + 0.20703


 **********************************************************************************************************************************
 DATASETS  * FILE   NREC   LENGTH (MB)   RECORD NAMES
              1      19       19.90       500      610      700      900      950      970     1000      129      960     1100   
                                          VAR    BASINP    GEOM    SYMINP    ZMAT    AOBASIS   BASIS     P2S    ABASIS      S 
                                         1400     1410     1420     1200     1210     1080     1600     1650     1700   
                                           T        V       ECP      H0       H01     AOSYM     SMH    MOLCAS    OPER   

              2       4        2.77       700     1000      520     2100   
                                         GEOM     BASIS   MCVARS     RHF  

 PROGRAMS   *        TOTAL       POP       RHF       INT
 CPU TIMES  *         0.61      0.00      0.08      0.34
 REAL TIME  *         2.88 SEC
 DISK USED  *       189.44 MB      
 SF USED    *         0.00 MB      
 GA USED    *         0.00 MB       (max)       0.00 MB       (current)
 **********************************************************************************************************************************


 PROGRAM * CCSD (Restricted open-shell coupled cluster)     Authors: C. Hampel, H.-J. Werner, 1991, M. Deegan, P.J. Knowles, 1992


 Convergence thresholds:  THRVAR = 1.00D-08  THRDEN = 1.00D-06

 CCSD(T)     terms to be evaluated (factor= 1.000)


 Number of closed-shell orbitals:   3 (   2   0   1   0 )
 Number of external orbitals:      37 (  15   7  11   4 )

 Memory could be reduced to 0.44 Mwords without degradation in triples

 Number of N-1 electron functions:               6
 Number of N-2 electron functions:              15
 Number of singly external CSFs:                82
 Number of doubly external CSFs:              4745
 Total number of CSFs:                        4827

 Molecular orbitals read from record     2100.2  Type=RHF/CANONICAL (state 1.1)

 Integral transformation finished. Total CPU:   0.00 sec, npass=  1  Memory used:   0.09 MW

 Starting RMP2 calculation

 Wavefunction is spin-projected

 ITER.      SQ.NORM     CORR.ENERGY   TOTAL ENERGY   ENERGY CHANGE        DEN1      VAR(S)    VAR(P)  DIIS     TIME
   1      1.05026320    -0.09458382    -4.94016633    -0.09458382    -0.00089192  0.59D-14  0.55D-03  1  1     0.01
   2      1.05168394    -0.09558350    -4.94116600    -0.00099967    -0.00000220  0.98D-16  0.19D-05  2  2     0.01
   3      1.05173927    -0.09560364    -4.94118615    -0.00002014    -0.00000001  0.15D-17  0.11D-07  3  3     0.01
   4      1.05174100    -0.09560396    -4.94118647    -0.00000032    -0.00000000  0.17D-19  0.35D-10  4  4     0.01

 Norm of t1 vector:      0.00000048      S-energy:    -0.00000000      T1 diagnostic:  0.00000014
 Norm of t2 vector:      0.22746648      P-energy:    -0.09560396
                                         Alpha-Beta:  -0.08544113
                                         Alpha-Alpha: -0.00508142
                                         Beta-Beta:   -0.00508142

 Spin contamination <S**2-Sz**2-Sz>     0.00000000
  Reference energy                     -4.845582506179
  RHF-RMP2 correlation energy          -0.095603961863
 !RHF-RMP2 energy                      -4.941186468043
 (NB above energy spin projected)

 Starting RCCSD calculation

 ITER.      SQ.NORM     CORR.ENERGY   TOTAL ENERGY   ENERGY CHANGE        DEN1      VAR(S)    VAR(P)  DIIS     TIME
   1      1.07099794    -0.11084424    -4.95642675    -0.11084424    -0.00857373  0.30D-03  0.46D-02  1  1     0.01
   2      1.09239580    -0.12224267    -4.96782518    -0.01139843    -0.00056597  0.97D-04  0.34D-03  2  2     0.02
   3      1.10027874    -0.12409939    -4.96968189    -0.00185672    -0.00006798  0.85D-05  0.52D-04  3  3     0.02
   4      1.10400786    -0.12473801    -4.97032052    -0.00063862    -0.00000925  0.13D-05  0.73D-05  4  4     0.02
   5      1.10479757    -0.12475956    -4.97034207    -0.00002155    -0.00000163  0.19D-06  0.13D-05  5  5     0.02
   6      1.10519893    -0.12480088    -4.97038339    -0.00004132    -0.00000023  0.27D-07  0.16D-06  6  6     0.02
   7      1.10528803    -0.12480723    -4.97038973    -0.00000634    -0.00000003  0.33D-08  0.18D-07  6  1     0.03
   8      1.10531142    -0.12480963    -4.97039214    -0.00000240    -0.00000000  0.12D-08  0.15D-08  6  2     0.03
   9      1.10531308    -0.12480913    -4.97039163     0.00000050    -0.00000000  0.19D-09  0.14D-09  6  3     0.03

 Norm of t1 vector:      0.05013790      S-energy:     0.00000000      T1 diagnostic:  0.01447356
                                                                       D1 diagnostic:  0.02949790
 Norm of t2 vector:      0.32062325      P-energy:    -0.12480913
                                         Alpha-Beta:  -0.11379353
                                         Alpha-Alpha: -0.00550780
                                         Beta-Beta:   -0.00550780

 Doubles amplitudes (print threshold =  0.500E-01):

         I         J         SYM. A    SYM. B    A         B      T(IJ, AB) [Alpha-Beta]

         2         2         2         2         1         1     -0.10375349
         2         2         3         3         2         2     -0.06718231

 Spin contamination <S**2-Sz**2-Sz>     0.00000000

 Memory could be reduced to 0.44 Mwords without degradation in triples
 

 RESULTS
 =======

  Reference energy                     -4.845582506179
  RCCSD singles energy                  0.000000004145
  RCCSD pair energy                    -0.124809129741
  RCCSD correlation energy             -0.124809125595
  Triples (T) contribution             -0.002857611592
  Total correlation energy             -0.127666737187
 
  RHF-RCCSD energy                     -4.970391631775
  RHF-RCCSD[T] energy                  -4.973309069954
  RHF-RCCSD-T energy                   -4.973221078878
 !RHF-RCCSD(T) energy                  -4.973249243367

 Program statistics:

 Available memory in ccsd:               999999798
 Min. memory needed in ccsd:                 25876
 Max. memory used in ccsd:                   30407
 Max. memory used in cckext:                 59722 ( 9 integral passes)
 Max. memory used in cckint:                 89102 ( 1 integral passes)



 **********************************************************************************************************************************
 DATASETS  * FILE   NREC   LENGTH (MB)   RECORD NAMES
              1      19       19.90       500      610      700      900      950      970     1000      129      960     1100   
                                          VAR    BASINP    GEOM    SYMINP    ZMAT    AOBASIS   BASIS     P2S    ABASIS      S 
                                         1400     1410     1420     1200     1210     1080     1600     1650     1700   
                                           T        V       ECP      H0       H01     AOSYM     SMH    MOLCAS    OPER   

              2       4        2.77       700     1000      520     2100   
                                         GEOM     BASIS   MCVARS     RHF  

 PROGRAMS   *        TOTAL  RCCSD(T)       POP       RHF       INT
 CPU TIMES  *         0.72      0.10      0.00      0.08      0.34
 REAL TIME  *         3.29 SEC
 DISK USED  *       193.28 MB      
 SF USED    *         1.61 MB      
 GA USED    *         0.00 MB       (max)       0.00 MB       (current)
 **********************************************************************************************************************************
 SETTING CCSD           =        -4.97324924  AU                              
 Output type csv         
                                                                                                                                                                                                                                                                

      SCF,CCSD
   -4.84558251,   -4.97324924
                                                  

 RCCSD(T)/USERDEF energy=     -4.973249243367

        RCCSD(T)        RHF-SCF 
     -4.97324924     -4.84558251
 **********************************************************************************************************************************
 Molpro calculation terminated
 Variable memory released
