
------------------------------------------------------------
Sender: LSF System <lsfadmin@batch2>
Subject: Job 218626: <EX_5Z> in cluster <summit> Exited

Job <EX_5Z> was submitted from host <login4> by user <aannabe> in cluster <summit> at Sun Jul 12 19:45:33 2020
Job was executed on host(s) <1*batch2>, in queue <batch>, as user <aannabe> in cluster <summit> at Sun Jul 12 19:45:50 2020
                            <42*a02n17>
                            <42*a28n18>
                            <42*b14n07>
                            <42*b14n08>
                            <42*b14n09>
                            <42*b14n10>
                            <42*h19n12>
                            <42*h19n13>
                            <42*h19n14>
                            <42*h19n15>
                            <42*h19n16>
                            <42*h19n17>
                            <42*h19n18>
                            <42*h20n01>
                            <42*h20n02>
                            <42*h20n03>
</ccs/home/aannabe> was used as the home directory.
</gpfs/alpine/mat151/proj-shared/aannabe/docs/molecules_Si/SiH4/qmcpack_basis/5Z/singlet> was used as the working directory.
Started at Sun Jul 12 19:45:50 2020
Terminated at Sun Jul 12 21:46:25 2020
Results reported at Sun Jul 12 21:46:25 2020

The output (if any) is above this job summary.



PS:

Read file <EX_5Z.err> for stderr output of this job.

