
Lmod is automatically replacing "xl/16.1.1-5" with "gcc/7.4.0".


Due to MODULEPATH changes, the following have been reloaded:
  1) hdf5/1.10.4     2) spectrum-mpi/10.3.1.2-20200121


The following have been reloaded with a version change:
  1) python/3.7.0-anaconda3-5.3.0 => python/3.6.6-anaconda3-5.3.0

--2020-07-12 19:46:27--  https://pseudopotentiallibrary.org/recipes/Si/ccECP/Si.ccECP.xml
Resolving pseudopotentiallibrary.org (pseudopotentiallibrary.org)... 128.219.165.148
Connecting to pseudopotentiallibrary.org (pseudopotentiallibrary.org)|128.219.165.148|:443... connected.
HTTP request sent, awaiting response... 200 OK
Length: 1502082 (1.4M) [text/xml]
Saving to: 'Si.ccECP.xml'

     0K .......... .......... .......... .......... ..........  3% 23.0M 0s
    50K .......... .......... .......... .......... ..........  6% 56.6M 0s
   100K .......... .......... .......... .......... .......... 10% 59.1M 0s
   150K .......... .......... .......... .......... .......... 13% 71.0M 0s
   200K .......... .......... .......... .......... .......... 17% 62.1M 0s
   250K .......... .......... .......... .......... .......... 20% 70.6M 0s
   300K .......... .......... .......... .......... .......... 23% 69.8M 0s
   350K .......... .......... .......... .......... .......... 27% 64.4M 0s
   400K .......... .......... .......... .......... .......... 30% 59.7M 0s
   450K .......... .......... .......... .......... .......... 34% 69.9M 0s
   500K .......... .......... .......... .......... .......... 37% 70.0M 0s
   550K .......... .......... .......... .......... .......... 40% 70.0M 0s
   600K .......... .......... .......... .......... .......... 44% 62.6M 0s
   650K .......... .......... .......... .......... .......... 47% 72.9M 0s
   700K .......... .......... .......... .......... .......... 51% 70.8M 0s
   750K .......... .......... .......... .......... .......... 54% 72.1M 0s
   800K .......... .......... .......... .......... .......... 57% 61.6M 0s
   850K .......... .......... .......... .......... .......... 61% 72.1M 0s
   900K .......... .......... .......... .......... .......... 64% 71.9M 0s
   950K .......... .......... .......... .......... .......... 68% 72.4M 0s
  1000K .......... .......... .......... .......... .......... 71% 62.7M 0s
  1050K .......... .......... .......... .......... .......... 74% 72.9M 0s
  1100K .......... .......... .......... .......... .......... 78% 71.0M 0s
  1150K .......... .......... .......... .......... .......... 81% 72.0M 0s
  1200K .......... .......... .......... .......... .......... 85% 61.8M 0s
  1250K .......... .......... .......... .......... .......... 88% 72.7M 0s
  1300K .......... .......... .......... .......... .......... 92% 73.3M 0s
  1350K .......... .......... .......... .......... .......... 95% 73.3M 0s
  1400K .......... .......... .......... .......... .......... 98% 64.5M 0s
  1450K .......... ......                                     100% 66.2M=0.02s

2020-07-12 19:46:27 (63.4 MB/s) - 'Si.ccECP.xml' saved [1502082/1502082]

--2020-07-12 19:46:27--  https://pseudopotentiallibrary.org/recipes/H/ccECP/H.ccECP.xml
Resolving pseudopotentiallibrary.org (pseudopotentiallibrary.org)... 128.219.165.148
Connecting to pseudopotentiallibrary.org (pseudopotentiallibrary.org)|128.219.165.148|:443... connected.
HTTP request sent, awaiting response... 200 OK
Length: 1001619 (978K) [text/xml]
Saving to: 'H.ccECP.xml'

     0K .......... .......... .......... .......... ..........  5% 10.8M 0s
    50K .......... .......... .......... .......... .......... 10% 69.1M 0s
   100K .......... .......... .......... .......... .......... 15% 54.6M 0s
   150K .......... .......... .......... .......... .......... 20% 69.5M 0s
   200K .......... .......... .......... .......... .......... 25% 60.5M 0s
   250K .......... .......... .......... .......... .......... 30% 69.3M 0s
   300K .......... .......... .......... .......... .......... 35% 63.9M 0s
   350K .......... .......... .......... .......... .......... 40% 26.9M 0s
   400K .......... .......... .......... .......... .......... 46% 56.8M 0s
   450K .......... .......... .......... .......... .......... 51% 68.1M 0s
   500K .......... .......... .......... .......... .......... 56% 65.5M 0s
   550K .......... .......... .......... .......... .......... 61% 68.2M 0s
   600K .......... .......... .......... .......... .......... 66% 59.5M 0s
   650K .......... .......... .......... .......... .......... 71% 69.3M 0s
   700K .......... .......... .......... .......... .......... 76% 68.6M 0s
   750K .......... .......... .......... .......... .......... 81% 67.9M 0s
   800K .......... .......... .......... .......... .......... 86% 59.5M 0s
   850K .......... .......... .......... .......... .......... 92% 69.1M 0s
   900K .......... .......... .......... .......... .......... 97% 68.0M 0s
   950K .......... .......... ........                        100% 56.5M=0.02s

2020-07-12 19:46:27 (48.6 MB/s) - 'H.ccECP.xml' saved [1001619/1001619]

Rank =    0  Free Memory = 560172 MB
Rank =    1  Free Memory = 560172 MB
Rank =    2  Free Memory = 563641 MB
Rank =    3  Free Memory = 563641 MB
Rank =    5  Free Memory = 530699 MB
Rank =    6  Free Memory = 523791 MB
Rank =    7  Free Memory = 523791 MB
Rank =    4  Free Memory = 530699 MB
Rank =   10  Free Memory = 523291 MB
Rank =    8  Free Memory = 523415 MB
Rank =   14  Free Memory = 559192 MB
Rank =   11  Free Memory = 523291 MB
Rank =    9  Free Memory = 523415 MB
Rank =   15  Free Memory = 559192 MB
Rank =   18  Free Memory = 561043 MB
Rank =   22  Free Memory = 562055 MB
Rank =   16  Free Memory = 561301 MB
Rank =   19  Free Memory = 561043 MB
Rank =   23  Free Memory = 562055 MB
Rank =   30  Free Memory = 561888 MB
Rank =   17  Free Memory = 561301 MB
Rank =   26  Free Memory = 562202 MB
Rank =   31  Free Memory = 561888 MB
Rank =   21  Free Memory = 562490 MB
Rank =   27  Free Memory = 562202 MB
Rank =   20  Free Memory = 562490 MB
Rank =   24  Free Memory = 561302 MB
Rank =   25  Free Memory = 561302 MB
Rank =   28  Free Memory = 561028 MB
Rank =   12  Free Memory = 547524 MB
Rank =   29  Free Memory = 561028 MB
Rank =   13  Free Memory = 547524 MB
Rank =    0  Free Memory = 560156 MB
Rank =    1  Free Memory = 560156 MB
Rank =    2  Free Memory = 563629 MB
Rank =    3  Free Memory = 563629 MB
Rank =    6  Free Memory = 523762 MB
Rank =    4  Free Memory = 530669 MB
Rank =   10  Free Memory = 523258 MB
Rank =    7  Free Memory = 523762 MB
Rank =   14  Free Memory = 559151 MB
Rank =    5  Free Memory = 530669 MB
Rank =    8  Free Memory = 523385 MB
Rank =   11  Free Memory = 523258 MB
Rank =   22  Free Memory = 562028 MB
Rank =    9  Free Memory = 523385 MB
Rank =   18  Free Memory = 561012 MB
Rank =   23  Free Memory = 562028 MB
Rank =   30  Free Memory = 561846 MB
Rank =   19  Free Memory = 561012 MB
Rank =   12  Free Memory = 547491 MB
Rank =   31  Free Memory = 561846 MB
Rank =   26  Free Memory = 562175 MB
Rank =   16  Free Memory = 561283 MB
Rank =   27  Free Memory = 562175 MB
Rank =   13  Free Memory = 547491 MB
Rank =   17  Free Memory = 561283 MB
Rank =   20  Free Memory = 562448 MB
Rank =   24  Free Memory = 561275 MB
Rank =   21  Free Memory = 562448 MB
Rank =   15  Free Memory = 559151 MB
Rank =   28  Free Memory = 561002 MB
Rank =   29  Free Memory = 561002 MB
Rank =   25  Free Memory = 561275 MB
User defined signal 2
ERROR:  One or more process (first noticed rank 25) terminated with signal 12
