--2020-06-12 02:14:40--  https://pseudopotentiallibrary.org/recipes/Si/ccECP/Si.ccECP.xml
Resolving pseudopotentiallibrary.org (pseudopotentiallibrary.org)... 128.219.165.148
Connecting to pseudopotentiallibrary.org (pseudopotentiallibrary.org)|128.219.165.148|:443... connected.
HTTP request sent, awaiting response... 200 OK
Length: 1502082 (1.4M) [text/xml]
Saving to: 'Si.ccECP.xml'

     0K .......... .......... .......... .......... ..........  3% 21.7M 0s
    50K .......... .......... .......... .......... ..........  6% 62.5M 0s
   100K .......... .......... .......... .......... .......... 10% 67.6M 0s
   150K .......... .......... .......... .......... .......... 13% 70.8M 0s
   200K .......... .......... .......... .......... .......... 17% 61.3M 0s
   250K .......... .......... .......... .......... .......... 20% 66.8M 0s
   300K .......... .......... .......... .......... .......... 23% 70.2M 0s
   350K .......... .......... .......... .......... .......... 27% 69.6M 0s
   400K .......... .......... .......... .......... .......... 30% 55.7M 0s
   450K .......... .......... .......... .......... .......... 34% 64.8M 0s
   500K .......... .......... .......... .......... .......... 37% 70.7M 0s
   550K .......... .......... .......... .......... .......... 40% 71.3M 0s
   600K .......... .......... .......... .......... .......... 44% 62.6M 0s
   650K .......... .......... .......... .......... .......... 47% 70.2M 0s
   700K .......... .......... .......... .......... .......... 51% 71.0M 0s
   750K .......... .......... .......... .......... .......... 54% 70.2M 0s
   800K .......... .......... .......... .......... .......... 57% 62.7M 0s
   850K .......... .......... .......... .......... .......... 61% 71.1M 0s
   900K .......... .......... .......... .......... .......... 64% 70.0M 0s
   950K .......... .......... .......... .......... .......... 68% 71.4M 0s
  1000K .......... .......... .......... .......... .......... 71% 62.8M 0s
  1050K .......... .......... .......... .......... .......... 74% 71.3M 0s
  1100K .......... .......... .......... .......... .......... 78% 72.8M 0s
  1150K .......... .......... .......... .......... .......... 81% 70.6M 0s
  1200K .......... .......... .......... .......... .......... 85% 61.9M 0s
  1250K .......... .......... .......... .......... .......... 88% 71.6M 0s
  1300K .......... .......... .......... .......... .......... 92% 71.8M 0s
  1350K .......... .......... .......... .......... .......... 95% 74.4M 0s
  1400K .......... .......... .......... .......... .......... 98% 64.4M 0s
  1450K .......... ......                                     100% 64.3M=0.02s

2020-06-12 02:14:41 (63.0 MB/s) - 'Si.ccECP.xml' saved [1502082/1502082]

--2020-06-12 02:14:41--  https://pseudopotentiallibrary.org/recipes/H/ccECP/H.ccECP.xml
Resolving pseudopotentiallibrary.org (pseudopotentiallibrary.org)... 128.219.165.148
Connecting to pseudopotentiallibrary.org (pseudopotentiallibrary.org)|128.219.165.148|:443... connected.
HTTP request sent, awaiting response... 200 OK
Length: 1001619 (978K) [text/xml]
Saving to: 'H.ccECP.xml'

     0K .......... .......... .......... .......... ..........  5% 11.1M 0s
    50K .......... .......... .......... .......... .......... 10% 59.7M 0s
   100K .......... .......... .......... .......... .......... 15% 57.0M 0s
   150K .......... .......... .......... .......... .......... 20% 71.7M 0s
   200K .......... .......... .......... .......... .......... 25% 62.7M 0s
   250K .......... .......... .......... .......... .......... 30% 70.7M 0s
   300K .......... .......... .......... .......... .......... 35% 71.3M 0s
   350K .......... .......... .......... .......... .......... 40% 68.7M 0s
   400K .......... .......... .......... .......... .......... 46% 61.0M 0s
   450K .......... .......... .......... .......... .......... 51% 70.6M 0s
   500K .......... .......... .......... .......... .......... 56% 70.1M 0s
   550K .......... .......... .......... .......... .......... 61% 28.8M 0s
   600K .......... .......... .......... .......... .......... 66% 62.7M 0s
   650K .......... .......... .......... .......... .......... 71% 73.3M 0s
   700K .......... .......... .......... .......... .......... 76% 70.8M 0s
   750K .......... .......... .......... .......... .......... 81% 71.9M 0s
   800K .......... .......... .......... .......... .......... 86% 61.8M 0s
   850K .......... .......... .......... .......... .......... 92% 71.6M 0s
   900K .......... .......... .......... .......... .......... 97% 72.0M 0s
   950K .......... .......... ........                        100% 61.0M=0.02s

2020-06-12 02:14:41 (50.5 MB/s) - 'H.ccECP.xml' saved [1001619/1001619]

Rank =    0  Free Memory = 569757 MB
Rank =    1  Free Memory = 569757 MB
Rank =    0  Free Memory = 569714 MB
Rank =    1  Free Memory = 569714 MB
Could not read jskill result from pmix server
Rank =    0  Free Memory = 569832 MB
Rank =    1  Free Memory = 569832 MB
Rank =    2  Free Memory = 570253 MB
Rank =    3  Free Memory = 570253 MB
Rank =    6  Free Memory = 569648 MB
Rank =    4  Free Memory = 570094 MB
Rank =    7  Free Memory = 569648 MB
Rank =    5  Free Memory = 570094 MB
User defined signal 2
ERROR:  One or more process (first noticed rank 1) terminated with signal 12
