
------------------------------------------------------------
Sender: LSF System <lsfadmin@batch2>
Subject: Job 152361: <S_5Z> in cluster <summit> Exited

Job <S_5Z> was submitted from host <login3> by user <aannabe> in cluster <summit> at Fri Jun 12 02:13:48 2020
Job was executed on host(s) <1*batch2>, in queue <batch>, as user <aannabe> in cluster <summit> at Fri Jun 12 02:14:08 2020
                            <42*a16n10>
</ccs/home/aannabe> was used as the home directory.
</gpfs/alpine/mat151/proj-shared/aannabe/docs/molecules_Si/SiH4/qmcpack_basis/5Z/singlet> was used as the working directory.
Started at Fri Jun 12 02:14:08 2020
Terminated at Fri Jun 12 02:46:44 2020
Results reported at Fri Jun 12 02:46:44 2020

The output (if any) is above this job summary.



PS:

Read file <S_5Z.err> for stderr output of this job.


------------------------------------------------------------
Sender: LSF System <lsfadmin@batch2>
Subject: Job 152384: <S_5Z> in cluster <summit> Exited

Job <S_5Z> was submitted from host <login3> by user <aannabe> in cluster <summit> at Fri Jun 12 02:50:48 2020
Job was executed on host(s) <1*batch2>, in queue <batch>, as user <aannabe> in cluster <summit> at Fri Jun 12 02:51:08 2020
                            <42*a16n10>
                            <42*a16n11>
                            <42*a16n13>
                            <42*a16n14>
</ccs/home/aannabe> was used as the home directory.
</gpfs/alpine/mat151/proj-shared/aannabe/docs/molecules_Si/SiH4/qmcpack_basis/5Z/singlet> was used as the working directory.
Started at Fri Jun 12 02:51:08 2020
Terminated at Fri Jun 12 03:31:42 2020
Results reported at Fri Jun 12 03:31:42 2020

The output (if any) is above this job summary.



PS:

Read file <S_5Z.err> for stderr output of this job.

