#-------------------------------------------------
#DMC run: timestep 0.001
#-------------------------------------------------


init { 
   label ts_0.001
}
block { 
   label ts_0.001
   totweight 17408000
   nautocorr 0
   total_energy { -5.891422634155855   } 
   total_energyvar { 0.08908113778804713   } 
   weight { 1.004611567307925   } 
   weightvar { 0.01106637481172695   } 
   kinetic_energy { 4.045556920207041   } 
   kinetic_energyvar { 4.671359043770052   } 
   potential_energy { -10.53805246516819   } 
   potential_energyvar { 5.958401333890031   } 
   nonlocal_energy { 0.6010729108052933   } 
   nonlocal_energyvar { 2.432441975210033   } 
   autocorr_energy { } 
} 

block { 
   label ts_0.001
   totweight 17408000
   nautocorr 0
   total_energy { -5.902256692513138   } 
   total_energyvar { 0.09046740397396649   } 
   weight { 1.009812653443857   } 
   weightvar { 0.04627854244424709   } 
   kinetic_energy { 4.036201353338964   } 
   kinetic_energyvar { 4.67546916246827   } 
   potential_energy { -10.53147017560272   } 
   potential_energyvar { 6.005286337723009   } 
   nonlocal_energy { 0.5930121297506138   } 
   nonlocal_energyvar { 2.377087407413051   } 
   autocorr_energy { } 
} 

block { 
   label ts_0.001
   totweight 17408000
   nautocorr 0
   total_energy { -5.906545236087999   } 
   total_energyvar { 0.08563075521082772   } 
   weight { 1.010080850654908   } 
   weightvar { 0.0727664742040585   } 
   kinetic_energy { 4.032140831876468   } 
   kinetic_energyvar { 4.676269026409071   } 
   potential_energy { -10.53453660306605   } 
   potential_energyvar { 5.99822664987017   } 
   nonlocal_energy { 0.595850535101588   } 
   nonlocal_energyvar { 2.402326692628102   } 
   autocorr_energy { } 
} 

block { 
   label ts_0.001
   totweight 17408000
   nautocorr 0
   total_energy { -5.90784782961768   } 
   total_energyvar { 0.08892749813045947   } 
   weight { 1.008513545941399   } 
   weightvar { 0.08728812907255508   } 
   kinetic_energy { 4.038183416253517   } 
   kinetic_energyvar { 4.652577102363026   } 
   potential_energy { -10.54804137449734   } 
   potential_energyvar { 6.025254514529795   } 
   nonlocal_energy { 0.6020101286261398   } 
   nonlocal_energyvar { 2.425155947678633   } 
   autocorr_energy { } 
} 

block { 
   label ts_0.001
   totweight 17408000
   nautocorr 0
   total_energy { -5.909875953213899   } 
   total_energyvar { 0.09244239961419225   } 
   weight { 1.007686857969007   } 
   weightvar { 0.09559687326273096   } 
   kinetic_energy { 4.038352661623819   } 
   kinetic_energyvar { 4.767179570779377   } 
   potential_energy { -10.55605737394019   } 
   potential_energyvar { 6.071875530168469   } 
   nonlocal_energy { 0.6078287591024707   } 
   nonlocal_energyvar { 2.496873823049052   } 
   autocorr_energy { } 
} 

block { 
   label ts_0.001
   totweight 17408000
   nautocorr 0
   total_energy { -5.909497860508505   } 
   total_energyvar { 0.1053590731125063   } 
   weight { 1.006646417755631   } 
   weightvar { 0.09975835545538023   } 
   kinetic_energy { 4.019772032226216   } 
   kinetic_energyvar { 4.682482634619515   } 
   potential_energy { -10.52898612249873   } 
   potential_energyvar { 6.040436750176541   } 
   nonlocal_energy { 0.5997162297640056   } 
   nonlocal_energyvar { 2.372330221729963   } 
   autocorr_energy { } 
} 

block { 
   label ts_0.001
   totweight 17408000
   nautocorr 0
   total_energy { -5.909001753434113   } 
   total_energyvar { 0.08884500447839593   } 
   weight { 1.003488745282134   } 
   weightvar { 0.1000738412636264   } 
   kinetic_energy { 4.029818684385638   } 
   kinetic_energyvar { 4.643202655143094   } 
   potential_energy { -10.5366012604092   } 
   potential_energyvar { 6.381258017542647   } 
   nonlocal_energy { 0.5977808225894515   } 
   nonlocal_energyvar { 2.746486467631468   } 
   autocorr_energy { } 
} 

#-------------------------------------------------
#DMC run: timestep 0.001
#-------------------------------------------------


init { 
   label ts_0.001
}
block { 
   label ts_0.001
   totweight 17408000
   nautocorr 0
   total_energy { -5.913494385239348   } 
   total_energyvar { 0.08924368013584703   } 
   weight { 1.002489046979772   } 
   weightvar { 0.1023952721213586   } 
   kinetic_energy { 4.034838709073849   } 
   kinetic_energyvar { 4.685264328964058   } 
   potential_energy { -10.55698624750742   } 
   potential_energyvar { 6.052467163105331   } 
   nonlocal_energy { 0.6086531531942241   } 
   nonlocal_energyvar { 2.398255044231481   } 
   autocorr_energy { } 
} 

block { 
   label ts_0.001
   totweight 17408000
   nautocorr 0
   total_energy { -5.910360304607216   } 
   total_energyvar { 0.09007292019628889   } 
   weight { 0.9998852902042517   } 
   weightvar { 0.104721770120144   } 
   kinetic_energy { 4.040864888929235   } 
   kinetic_energyvar { 4.707888689920736   } 
   potential_energy { -10.55883325014459   } 
   potential_energyvar { 6.074413466706091   } 
   nonlocal_energy { 0.6076080566081444   } 
   nonlocal_energyvar { 2.464113992657087   } 
   autocorr_energy { } 
} 

block { 
   label ts_0.001
   totweight 17408000
   nautocorr 0
   total_energy { -5.910126927350101   } 
   total_energyvar { 0.08806935156932273   } 
   weight { 0.9980472826222296   } 
   weightvar { 0.1043188778010724   } 
   kinetic_energy { 4.035859050999944   } 
   kinetic_energyvar { 4.642550198718189   } 
   potential_energy { -10.54893953430256   } 
   potential_energyvar { 5.978999554539418   } 
   nonlocal_energy { 0.602953555952514   } 
   nonlocal_energyvar { 2.377950550939478   } 
   autocorr_energy { } 
} 

block { 
   label ts_0.001
   totweight 17408000
   nautocorr 0
   total_energy { -5.910963744127247   } 
   total_energyvar { 0.085803216181953   } 
   weight { 0.9982923976428745   } 
   weightvar { 0.1041238330488886   } 
   kinetic_energy { 4.037627166343381   } 
   kinetic_energyvar { 4.641100742865869   } 
   potential_energy { -10.55254934941095   } 
   potential_energyvar { 6.081942359133402   } 
   nonlocal_energy { 0.6039584389403246   } 
   nonlocal_energyvar { 2.43729111807036   } 
   autocorr_energy { } 
} 

block { 
   label ts_0.001
   totweight 17408000
   nautocorr 0
   total_energy { -5.910179159350167   } 
   total_energyvar { 0.09074876520071544   } 
   weight { 0.9986803632849245   } 
   weightvar { 0.1047343995521091   } 
   kinetic_energy { 4.039015846510573   } 
   kinetic_energyvar { 4.711400893265863   } 
   potential_energy { -10.55137656586553   } 
   potential_energyvar { 6.039911028277235   } 
   nonlocal_energy { 0.6021815600047882   } 
   nonlocal_energyvar { 2.426626480597998   } 
   autocorr_energy { } 
} 

block { 
   label ts_0.001
   totweight 17408000
   nautocorr 0
   total_energy { -5.908161718741417   } 
   total_energyvar { 0.09243508080663582   } 
   weight { 0.9971933418259847   } 
   weightvar { 0.1033418636942955   } 
   kinetic_energy { 4.049742413093751   } 
   kinetic_energyvar { 4.769517833564594   } 
   potential_energy { -10.55487629982282   } 
   potential_energyvar { 6.047913253318954   } 
   nonlocal_energy { 0.596972167987645   } 
   nonlocal_energyvar { 2.478217158821241   } 
   autocorr_energy { } 
} 

block { 
   label ts_0.001
   totweight 17408000
   nautocorr 0
   total_energy { -5.912645518248288   } 
   total_energyvar { 0.09027502851907269   } 
   weight { 0.9992235048312175   } 
   weightvar { 0.1043688549409595   } 
   kinetic_energy { 4.033026886006087   } 
   kinetic_energyvar { 4.675739046008686   } 
   potential_energy { -10.55330953988562   } 
   potential_energyvar { 5.927180852008038   } 
   nonlocal_energy { 0.6076371356312402   } 
   nonlocal_energyvar { 2.425065387330875   } 
   autocorr_energy { } 
} 

