#-------------------------------------------------
#VMC run: timestep 1 nconfig 640 steps 100
#-------------------------------------------------


init { 
   label vmc
}
block { 
   label vmc
   totweight 64000
   nautocorr 0
   total_energy { -5.643928011013875   } 
   total_energyvar { 0.7096308111840279   } 
   weight { 1   } 
   weightvar { 0   } 
   kinetic_energy { 3.558337742088576   } 
   kinetic_energyvar { 3.903927398195418   } 
   potential_energy { -9.75540940067425   } 
   potential_energyvar { 6.294943978119933   } 
   nonlocal_energy { 0.5531436475717985   } 
   nonlocal_energyvar { 2.246319258577996   } 
   autocorr_energy { } 
} 

block { 
   label vmc
   totweight 64000
   nautocorr 0
   total_energy { -5.656611113322028   } 
   total_energyvar { 0.6839440842593193   } 
   weight { 1   } 
   weightvar { 0   } 
   kinetic_energy { 3.550176237537154   } 
   kinetic_energyvar { 3.926195088987667   } 
   potential_energy { -9.764978706207149   } 
   potential_energyvar { 6.087095830797232   } 
   nonlocal_energy { 0.5581913553479667   } 
   nonlocal_energyvar { 2.141567086097901   } 
   autocorr_energy { } 
} 

block { 
   label vmc
   totweight 64000
   nautocorr 0
   total_energy { -5.638822166482603   } 
   total_energyvar { 0.772080270467344   } 
   weight { 1   } 
   weightvar { 0   } 
   kinetic_energy { 3.557582207250235   } 
   kinetic_energyvar { 3.96244744174495   } 
   potential_energy { -9.746731559707024   } 
   potential_energyvar { 6.111752630834442   } 
   nonlocal_energy { 0.5503271859741873   } 
   nonlocal_energyvar { 2.056398255276129   } 
   autocorr_energy { } 
} 

block { 
   label vmc
   totweight 64000
   nautocorr 0
   total_energy { -5.640481209110463   } 
   total_energyvar { 0.7430003759042705   } 
   weight { 1   } 
   weightvar { 0   } 
   kinetic_energy { 3.538897196586143   } 
   kinetic_energyvar { 3.974058167052508   } 
   potential_energy { -9.732656456811197   } 
   potential_energyvar { 6.404847942487571   } 
   nonlocal_energy { 0.5532780511145897   } 
   nonlocal_energyvar { 2.34999990777041   } 
   autocorr_energy { } 
} 

block { 
   label vmc
   totweight 64000
   nautocorr 0
   total_energy { -5.641263531976103   } 
   total_energyvar { 0.696918594850604   } 
   weight { 1   } 
   weightvar { 0   } 
   kinetic_energy { 3.561403895069057   } 
   kinetic_energyvar { 3.984108182275974   } 
   potential_energy { -9.753801665820308   } 
   potential_energyvar { 6.011347404531779   } 
   nonlocal_energy { 0.5511342387751492   } 
   nonlocal_energyvar { 1.92907109752475   } 
   autocorr_energy { } 
} 

block { 
   label vmc
   totweight 64000
   nautocorr 0
   total_energy { -5.63998718920767   } 
   total_energyvar { 0.728038401999161   } 
   weight { 1   } 
   weightvar { 0   } 
   kinetic_energy { 3.55916289585451   } 
   kinetic_energyvar { 3.944828619753631   } 
   potential_energy { -9.75499158161622   } 
   potential_energyvar { 6.384183106483248   } 
   nonlocal_energy { 0.5558414965540422   } 
   nonlocal_energyvar { 2.096163184224535   } 
   autocorr_energy { } 
} 

block { 
   label vmc
   totweight 64000
   nautocorr 0
   total_energy { -5.647943650292604   } 
   total_energyvar { 0.6572165853088523   } 
   weight { 1   } 
   weightvar { 0   } 
   kinetic_energy { 3.573340368770183   } 
   kinetic_energyvar { 4.002886422057875   } 
   potential_energy { -9.772239650906766   } 
   potential_energyvar { 6.157558738949669   } 
   nonlocal_energy { 0.5509556318439779   } 
   nonlocal_energyvar { 2.057043431929835   } 
   autocorr_energy { } 
} 

block { 
   label vmc
   totweight 64000
   nautocorr 0
   total_energy { -5.639227380583747   } 
   total_energyvar { 0.8367374839189409   } 
   weight { 1   } 
   weightvar { 0   } 
   kinetic_energy { 3.54297074021871   } 
   kinetic_energyvar { 4.004610703185999   } 
   potential_energy { -9.748205357538476   } 
   potential_energyvar { 6.267050040587102   } 
   nonlocal_energy { 0.5660072367360186   } 
   nonlocal_energyvar { 2.25535594040041   } 
   autocorr_energy { } 
} 

block { 
   label vmc
   totweight 64000
   nautocorr 0
   total_energy { -5.640158607657948   } 
   total_energyvar { 0.8028393904553711   } 
   weight { 1   } 
   weightvar { 0   } 
   kinetic_energy { 3.554301720918017   } 
   kinetic_energyvar { 3.956730408900758   } 
   potential_energy { -9.752639736953922   } 
   potential_energyvar { 6.609287731089611   } 
   nonlocal_energy { 0.5581794083779569   } 
   nonlocal_energyvar { 2.217649273434871   } 
   autocorr_energy { } 
} 

block { 
   label vmc
   totweight 64000
   nautocorr 0
   total_energy { -5.647352997511332   } 
   total_energyvar { 0.7048683592411872   } 
   weight { 1   } 
   weightvar { 0   } 
   kinetic_energy { 3.561858335601612   } 
   kinetic_energyvar { 3.985610797691901   } 
   potential_energy { -9.765036252732212   } 
   potential_energyvar { 6.3285419748903   } 
   nonlocal_energy { 0.5558249196192701   } 
   nonlocal_energyvar { 2.210189081483379   } 
   autocorr_energy { } 
} 

block { 
   label vmc
   totweight 64000
   nautocorr 0
   total_energy { -5.648709465210607   } 
   total_energyvar { 0.6750960865312201   } 
   weight { 1   } 
   weightvar { 0   } 
   kinetic_energy { 3.580308811967866   } 
   kinetic_energyvar { 4.123262506083671   } 
   potential_energy { -9.792757233540499   } 
   potential_energyvar { 7.653027191172697   } 
   nonlocal_energy { 0.563738956362025   } 
   nonlocal_energyvar { 3.259173856139464   } 
   autocorr_energy { } 
} 

block { 
   label vmc
   totweight 64000
   nautocorr 0
   total_energy { -5.643718494062648   } 
   total_energyvar { 0.6931931025946532   } 
   weight { 1   } 
   weightvar { 0   } 
   kinetic_energy { 3.553888935284176   } 
   kinetic_energyvar { 3.994149540038835   } 
   potential_energy { -9.752820181695215   } 
   potential_energyvar { 6.177616757259051   } 
   nonlocal_energy { 0.5552127523483875   } 
   nonlocal_energyvar { 2.099370609819547   } 
   autocorr_energy { } 
} 

block { 
   label vmc
   totweight 64000
   nautocorr 0
   total_energy { -5.645532653566598   } 
   total_energyvar { 0.7004206499828953   } 
   weight { 1   } 
   weightvar { 0   } 
   kinetic_energy { 3.577524074327027   } 
   kinetic_energyvar { 4.390646144764366   } 
   potential_energy { -9.778615546012817   } 
   potential_energyvar { 6.196022312232727   } 
   nonlocal_energy { 0.5555588181191912   } 
   nonlocal_energyvar { 2.532378512234573   } 
   autocorr_energy { } 
} 

block { 
   label vmc
   totweight 64000
   nautocorr 0
   total_energy { -5.643648178471625   } 
   total_energyvar { 0.7219052302925689   } 
   weight { 1   } 
   weightvar { 0   } 
   kinetic_energy { 3.549560179985636   } 
   kinetic_energyvar { 3.955903735612983   } 
   potential_energy { -9.739587603005448   } 
   potential_energyvar { 6.083095575976998   } 
   nonlocal_energy { 0.5463792445481853   } 
   nonlocal_energyvar { 1.896935082231163   } 
   autocorr_energy { } 
} 

block { 
   label vmc
   totweight 64000
   nautocorr 0
   total_energy { -5.651347929218887   } 
   total_energyvar { 0.7027281236799914   } 
   weight { 1   } 
   weightvar { 0   } 
   kinetic_energy { 3.563904137514739   } 
   kinetic_energyvar { 3.920305804681036   } 
   potential_energy { -9.762769502925689   } 
   potential_energyvar { 6.295124236370147   } 
   nonlocal_energy { 0.5475174361920618   } 
   nonlocal_energyvar { 2.365970475344917   } 
   autocorr_energy { } 
} 

block { 
   label vmc
   totweight 64000
   nautocorr 0
   total_energy { -5.647124631156928   } 
   total_energyvar { 0.7312256757984966   } 
   weight { 1   } 
   weightvar { 0   } 
   kinetic_energy { 3.542491725995778   } 
   kinetic_energyvar { 3.866992907853025   } 
   potential_energy { -9.736179570521829   } 
   potential_energyvar { 5.919083406991443   } 
   nonlocal_energy { 0.5465632133691254   } 
   nonlocal_energyvar { 1.942704749723188   } 
   autocorr_energy { } 
} 

block { 
   label vmc
   totweight 64000
   nautocorr 0
   total_energy { -5.647683199394081   } 
   total_energyvar { 0.6675474793618795   } 
   weight { 1   } 
   weightvar { 0   } 
   kinetic_energy { 3.567924809993094   } 
   kinetic_energyvar { 4.086257701569989   } 
   potential_energy { -9.785545908269713   } 
   potential_energyvar { 6.55948369507169   } 
   nonlocal_energy { 0.5699378988825387   } 
   nonlocal_energyvar { 2.299956948316898   } 
   autocorr_energy { } 
} 

block { 
   label vmc
   totweight 64000
   nautocorr 0
   total_energy { -5.643208058328594   } 
   total_energyvar { 0.7262999676472458   } 
   weight { 1   } 
   weightvar { 0   } 
   kinetic_energy { 3.575008371381646   } 
   kinetic_energyvar { 4.052104607854004   } 
   potential_energy { -9.769179576987678   } 
   potential_energyvar { 6.373023363540233   } 
   nonlocal_energy { 0.5509631472774409   } 
   nonlocal_energyvar { 2.088415229318421   } 
   autocorr_energy { } 
} 

block { 
   label vmc
   totweight 64000
   nautocorr 0
   total_energy { -5.640045058193632   } 
   total_energyvar { 0.7119830033167831   } 
   weight { 1   } 
   weightvar { 0   } 
   kinetic_energy { 3.535998900437357   } 
   kinetic_energyvar { 3.920847301845904   } 
   potential_energy { -9.716492264729888   } 
   potential_energyvar { 5.817599243535163   } 
   nonlocal_energy { 0.5404483060988973   } 
   nonlocal_energyvar { 1.871137384058872   } 
   autocorr_energy { } 
} 

block { 
   label vmc
   totweight 64000
   nautocorr 0
   total_energy { -5.642204801146726   } 
   total_energyvar { 0.6924508445030942   } 
   weight { 1   } 
   weightvar { 0   } 
   kinetic_energy { 3.577712757001812   } 
   kinetic_energyvar { 4.059971770330652   } 
   potential_energy { -9.76635245168853   } 
   potential_energyvar { 5.910417974626861   } 
   nonlocal_energy { 0.5464348935399925   } 
   nonlocal_energyvar { 1.893935651966376   } 
   autocorr_energy { } 
} 

