#-------------------------------------------------
#DMC run: timestep 0.01
#-------------------------------------------------


init { 
   label ts_0.01
}
block { 
   label ts_0.01
   totweight 1740800
   nautocorr 0
   total_energy { -5.932798838170186   } 
   total_energyvar { 0.04147289367692969   } 
   weight { 1.002982742220182   } 
   weightvar { 0.005081111371210765   } 
   kinetic_energy { 3.805735885043631   } 
   kinetic_energyvar { 4.668566354594397   } 
   potential_energy { -10.41581422335337   } 
   potential_energyvar { 5.961244072397636   } 
   nonlocal_energy { 0.677279500139562   } 
   nonlocal_energyvar { 2.705959484138273   } 
   autocorr_energy { } 
} 

block { 
   label ts_0.01
   totweight 1740800
   nautocorr 0
   total_energy { -5.93684544451909   } 
   total_energyvar { 0.04118798530609   } 
   weight { 1.005301788871589   } 
   weightvar { 0.02219483372582893   } 
   kinetic_energy { 3.79775911300377   } 
   kinetic_energyvar { 4.619830997647464   } 
   potential_energy { -10.42271462348244   } 
   potential_energyvar { 5.939692797095192   } 
   nonlocal_energy { 0.6881100659595747   } 
   nonlocal_energyvar { 2.752779463678797   } 
   autocorr_energy { } 
} 

block { 
   label ts_0.01
   totweight 1740800
   nautocorr 0
   total_energy { -5.936555079846245   } 
   total_energyvar { 0.04048570576864797   } 
   weight { 1.003618150846993   } 
   weightvar { 0.04045074097935707   } 
   kinetic_energy { 3.799019443200675   } 
   kinetic_energyvar { 4.56019983274807   } 
   potential_energy { -10.40670086967814   } 
   potential_energyvar { 5.869221072691825   } 
   nonlocal_energy { 0.6711263466312173   } 
   nonlocal_energyvar { 2.657662678075937   } 
   autocorr_energy { } 
} 

block { 
   label ts_0.01
   totweight 1740800
   nautocorr 0
   total_energy { -5.939339153525403   } 
   total_energyvar { 0.0410635706649854   } 
   weight { 1.003067517881236   } 
   weightvar { 0.05674471615448345   } 
   kinetic_energy { 3.799617103123537   } 
   kinetic_energyvar { 4.611434266218577   } 
   potential_energy { -10.41934887764161   } 
   potential_energyvar { 5.858359641224912   } 
   nonlocal_energy { 0.6803926209926673   } 
   nonlocal_energyvar { 2.605567249174065   } 
   autocorr_energy { } 
} 

block { 
   label ts_0.01
   totweight 1740800
   nautocorr 0
   total_energy { -5.938419800331602   } 
   total_energyvar { 0.04265136931617438   } 
   weight { 1.002715454182253   } 
   weightvar { 0.06930976761352102   } 
   kinetic_energy { 3.791342870643387   } 
   kinetic_energyvar { 4.655316202129514   } 
   potential_energy { -10.4178240876509   } 
   potential_energyvar { 5.879377327892115   } 
   nonlocal_energy { 0.688061416675904   } 
   nonlocal_energyvar { 2.658456222623038   } 
   autocorr_energy { } 
} 

block { 
   label ts_0.01
   totweight 1740800
   nautocorr 0
   total_energy { -5.93762128822177   } 
   total_energyvar { 0.04041433959247778   } 
   weight { 1.001456822092989   } 
   weightvar { 0.07799230759256834   } 
   kinetic_energy { 3.803910423642982   } 
   kinetic_energyvar { 4.634627620335991   } 
   potential_energy { -10.42164549690051   } 
   potential_energyvar { 6.008854626264847   } 
   nonlocal_energy { 0.6801137850357576   } 
   nonlocal_energyvar { 2.688243113790185   } 
   autocorr_energy { } 
} 

block { 
   label ts_0.01
   totweight 1740800
   nautocorr 0
   total_energy { -5.937936360244299   } 
   total_energyvar { 0.04076564708449128   } 
   weight { 1.000724520278807   } 
   weightvar { 0.08419757421895627   } 
   kinetic_energy { 3.798239926876427   } 
   kinetic_energyvar { 4.587188774376377   } 
   potential_energy { -10.41482056320577   } 
   potential_energyvar { 5.849075628310272   } 
   nonlocal_energy { 0.6786442760850366   } 
   nonlocal_energyvar { 2.646278281281537   } 
   autocorr_energy { } 
} 

block { 
   label ts_0.01
   totweight 1740800
   nautocorr 0
   total_energy { -5.937835885286344   } 
   total_energyvar { 0.04017836978213394   } 
   weight { 1.000193905181418   } 
   weightvar { 0.08901081120167512   } 
   kinetic_energy { 3.806846083775068   } 
   kinetic_energyvar { 4.563367514082453   } 
   potential_energy { -10.41497084552018   } 
   potential_energyvar { 5.925750008417117   } 
   nonlocal_energy { 0.6702888764587644   } 
   nonlocal_energyvar { 2.640331333304574   } 
   autocorr_energy { } 
} 

block { 
   label ts_0.01
   totweight 1740800
   nautocorr 0
   total_energy { -5.936980237233124   } 
   total_energyvar { 0.0396845858230459   } 
   weight { 0.9992809444134813   } 
   weightvar { 0.09198995357397877   } 
   kinetic_energy { 3.81339331938798   } 
   kinetic_energyvar { 4.622620661826812   } 
   potential_energy { -10.42816950920924   } 
   potential_energyvar { 5.959286701342137   } 
   nonlocal_energy { 0.6777959525881309   } 
   nonlocal_energyvar { 2.629571958464141   } 
   autocorr_energy { } 
} 

block { 
   label ts_0.01
   totweight 1740800
   nautocorr 0
   total_energy { -5.937990046393268   } 
   total_energyvar { 0.04083832657341113   } 
   weight { 0.999661053951024   } 
   weightvar { 0.09292938233972201   } 
   kinetic_energy { 3.801019421725079   } 
   kinetic_energyvar { 4.635363156464302   } 
   potential_energy { -10.40925647025332   } 
   potential_energyvar { 6.001422300776395   } 
   nonlocal_energy { 0.6702470021349685   } 
   nonlocal_energyvar { 2.717465493025795   } 
   autocorr_energy { } 
} 

block { 
   label ts_0.01
   totweight 1740800
   nautocorr 0
   total_energy { -5.938041603938403   } 
   total_energyvar { 0.04130342690397001   } 
   weight { 0.9998352189729667   } 
   weightvar { 0.09440714016454059   } 
   kinetic_energy { 3.811266784417088   } 
   kinetic_energyvar { 4.594444720037317   } 
   potential_energy { -10.4210261856585   } 
   potential_energyvar { 5.86778824193845   } 
   nonlocal_energy { 0.6717177973030053   } 
   nonlocal_energyvar { 2.625307078001029   } 
   autocorr_energy { } 
} 

block { 
   label ts_0.01
   totweight 1740800
   nautocorr 0
   total_energy { -5.936809663519647   } 
   total_energyvar { 0.0411279578726804   } 
   weight { 0.9994176402744078   } 
   weightvar { 0.09695210827718295   } 
   kinetic_energy { 3.795378330256705   } 
   kinetic_energyvar { 4.594881727419382   } 
   potential_energy { -10.41758823622138   } 
   potential_energyvar { 5.86559297175423   } 
   nonlocal_energy { 0.6854002424450211   } 
   nonlocal_energyvar { 2.683020241027121   } 
   autocorr_energy { } 
} 

block { 
   label ts_0.01
   totweight 1740800
   nautocorr 0
   total_energy { -5.936827196003527   } 
   total_energyvar { 0.04332420995200736   } 
   weight { 0.999091542865099   } 
   weightvar { 0.09738601355333176   } 
   kinetic_energy { 3.793324979641658   } 
   kinetic_energyvar { 4.630481432108786   } 
   potential_energy { -10.39215508704229   } 
   potential_energyvar { 6.027565322851401   } 
   nonlocal_energy { 0.6620029113971075   } 
   nonlocal_energyvar { 2.7204129422841   } 
   autocorr_energy { } 
} 

block { 
   label ts_0.01
   totweight 1740800
   nautocorr 0
   total_energy { -5.938236975843488   } 
   total_energyvar { 0.04144169221996331   } 
   weight { 0.9993162433692111   } 
   weightvar { 0.0981255358383622   } 
   kinetic_energy { 3.800955569380406   } 
   kinetic_energyvar { 4.622610682207364   } 
   potential_energy { -10.40653122980488   } 
   potential_energyvar { 5.942784642255024   } 
   nonlocal_energy { 0.6673386845809884   } 
   nonlocal_energyvar { 2.633442646434715   } 
   autocorr_energy { } 
} 

block { 
   label ts_0.01
   totweight 1740800
   nautocorr 0
   total_energy { -5.937318439052313   } 
   total_energyvar { 0.04102906221443933   } 
   weight { 0.9995669377692064   } 
   weightvar { 0.09959366347183743   } 
   kinetic_energy { 3.786087374620962   } 
   kinetic_energyvar { 4.63362568988648   } 
   potential_energy { -10.39704301574391   } 
   potential_energyvar { 5.846125675968784   } 
   nonlocal_energy { 0.6736372020706288   } 
   nonlocal_energyvar { 2.664400142936305   } 
   autocorr_energy { } 
} 

block { 
   label ts_0.01
   totweight 1740800
   nautocorr 0
   total_energy { -5.93744135691689   } 
   total_energyvar { 0.04063793047928786   } 
   weight { 0.9994443381593215   } 
   weightvar { 0.09939498045338412   } 
   kinetic_energy { 3.808041382585817   } 
   kinetic_energyvar { 4.647526732107716   } 
   potential_energy { -10.41274755072958   } 
   potential_energyvar { 5.926827858044369   } 
   nonlocal_energy { 0.6672648112268746   } 
   nonlocal_energyvar { 2.579402426870316   } 
   autocorr_energy { } 
} 

block { 
   label ts_0.01
   totweight 1740800
   nautocorr 0
   total_energy { -5.937990716047347   } 
   total_energyvar { 0.03955391482343931   } 
   weight { 1.000009621940449   } 
   weightvar { 0.09838590432518644   } 
   kinetic_energy { 3.7980770342722   } 
   kinetic_energyvar { 4.611564792907584   } 
   potential_energy { -10.39973900992235   } 
   potential_energyvar { 6.035127451133827   } 
   nonlocal_energy { 0.6636712596028059   } 
   nonlocal_energyvar { 2.651785233907405   } 
   autocorr_energy { } 
} 

block { 
   label ts_0.01
   totweight 1740800
   nautocorr 0
   total_energy { -5.938579354443608   } 
   total_energyvar { 0.04007248685697706   } 
   weight { 1.000263579532143   } 
   weightvar { 0.09779516807211118   } 
   kinetic_energy { 3.793782328501583   } 
   kinetic_energyvar { 4.635130080339611   } 
   potential_energy { -10.41319925748153   } 
   potential_energyvar { 6.062685453162136   } 
   nonlocal_energy { 0.680837574536338   } 
   nonlocal_energyvar { 2.764830214621546   } 
   autocorr_energy { } 
} 

block { 
   label ts_0.01
   totweight 1740800
   nautocorr 0
   total_energy { -5.93896916077153   } 
   total_energyvar { 0.04229359254232071   } 
   weight { 1.000709180193761   } 
   weightvar { 0.09817813731115928   } 
   kinetic_energy { 3.81603942636798   } 
   kinetic_energyvar { 4.678690768595662   } 
   potential_energy { -10.42412619425714   } 
   potential_energyvar { 6.0079015460378   } 
   nonlocal_energy { 0.6691176071176296   } 
   nonlocal_energyvar { 2.62712125260889   } 
   autocorr_energy { } 
} 

block { 
   label ts_0.01
   totweight 1740800
   nautocorr 0
   total_energy { -5.939964952663206   } 
   total_energyvar { 0.03915525153355393   } 
   weight { 1.001237731136592   } 
   weightvar { 0.09754739720793672   } 
   kinetic_energy { 3.807828006584075   } 
   kinetic_energyvar { 4.598520200694403   } 
   potential_energy { -10.4192586446682   } 
   potential_energyvar { 6.178163122187743   } 
   nonlocal_energy { 0.6714656854209194   } 
   nonlocal_energyvar { 2.736531707439337   } 
   autocorr_energy { } 
} 

block { 
   label ts_0.01
   totweight 1740800
   nautocorr 0
   total_energy { -5.938854432790371   } 
   total_energyvar { 0.04147570460201321   } 
   weight { 1.001124307481618   } 
   weightvar { 0.09729642746918747   } 
   kinetic_energy { 3.802000201986319   } 
   kinetic_energyvar { 4.587529100336449   } 
   potential_energy { -10.41591301329243   } 
   potential_energyvar { 5.957368866252549   } 
   nonlocal_energy { 0.6750583785157429   } 
   nonlocal_energyvar { 2.679564110762656   } 
   autocorr_energy { } 
} 

block { 
   label ts_0.01
   totweight 1740800
   nautocorr 0
   total_energy { -5.940939307053892   } 
   total_energyvar { 0.04051425041539176   } 
   weight { 1.001671146160856   } 
   weightvar { 0.09651673564728031   } 
   kinetic_energy { 3.806568868721337   } 
   kinetic_energyvar { 4.633622170918875   } 
   potential_energy { -10.43052519370006   } 
   potential_energyvar { 5.958675649869558   } 
   nonlocal_energy { 0.6830170179248329   } 
   nonlocal_energyvar { 2.730110316488022   } 
   autocorr_energy { } 
} 

block { 
   label ts_0.01
   totweight 1740800
   nautocorr 0
   total_energy { -5.940040062162206   } 
   total_energyvar { 0.03995812794944284   } 
   weight { 1.001887870965224   } 
   weightvar { 0.09716349735241883   } 
   kinetic_energy { 3.797686208011513   } 
   kinetic_energyvar { 4.600916063352376   } 
   potential_energy { -10.41428311645553   } 
   potential_energyvar { 6.01697557780424   } 
   nonlocal_energy { 0.676556846281816   } 
   nonlocal_energyvar { 2.668559664122102   } 
   autocorr_energy { } 
} 

block { 
   label ts_0.01
   totweight 1740800
   nautocorr 0
   total_energy { -5.939458915397424   } 
   total_energyvar { 0.0391623320360982   } 
   weight { 1.00143730677226   } 
   weightvar { 0.09759322807667246   } 
   kinetic_energy { 3.789551264692124   } 
   kinetic_energyvar { 4.573274011748295   } 
   potential_energy { -10.3906803142223   } 
   potential_energyvar { 5.791365473304817   } 
   nonlocal_energy { 0.6616701341327534   } 
   nonlocal_energyvar { 2.455050461504164   } 
   autocorr_energy { } 
} 

block { 
   label ts_0.01
   totweight 1740800
   nautocorr 0
   total_energy { -5.939305288789884   } 
   total_energyvar { 0.03937968800678592   } 
   weight { 1.001260560097435   } 
   weightvar { 0.09725182250076085   } 
   kinetic_energy { 3.787772771830251   } 
   kinetic_energyvar { 4.546108786460972   } 
   potential_energy { -10.39470779767374   } 
   potential_energyvar { 5.894128441615886   } 
   nonlocal_energy { 0.6676297370536056   } 
   nonlocal_energyvar { 2.558038495150727   } 
   autocorr_energy { } 
} 

block { 
   label ts_0.01
   totweight 1740800
   nautocorr 0
   total_energy { -5.939959834689047   } 
   total_energyvar { 0.0412083146114012   } 
   weight { 1.000767196837913   } 
   weightvar { 0.0967751997458793   } 
   kinetic_energy { 3.784466667382302   } 
   kinetic_energyvar { 4.633510842645325   } 
   potential_energy { -10.41601932513971   } 
   potential_energyvar { 5.952014976670543   } 
   nonlocal_energy { 0.691592823068359   } 
   nonlocal_energyvar { 2.770527977875027   } 
   autocorr_energy { } 
} 

block { 
   label ts_0.01
   totweight 1740800
   nautocorr 0
   total_energy { -5.939674339812884   } 
   total_energyvar { 0.04027509510745133   } 
   weight { 1.001264136075358   } 
   weightvar { 0.09676972567061988   } 
   kinetic_energy { 3.80192473539547   } 
   kinetic_energyvar { 4.628510401856317   } 
   potential_energy { -10.41601103808198   } 
   potential_energyvar { 6.022043942418365   } 
   nonlocal_energy { 0.6744119628736244   } 
   nonlocal_energyvar { 2.777551851215097   } 
   autocorr_energy { } 
} 

block { 
   label ts_0.01
   totweight 1740800
   nautocorr 0
   total_energy { -5.939495629304167   } 
   total_energyvar { 0.04004947467833998   } 
   weight { 1.000831389128129   } 
   weightvar { 0.09648957787581935   } 
   kinetic_energy { 3.799723873378418   } 
   kinetic_energyvar { 4.545903560803101   } 
   potential_energy { -10.41101066614182   } 
   potential_energyvar { 5.913873240229025   } 
   nonlocal_energy { 0.6717911634592373   } 
   nonlocal_energyvar { 2.667602188868569   } 
   autocorr_energy { } 
} 

block { 
   label ts_0.01
   totweight 1740800
   nautocorr 0
   total_energy { -5.939288467835412   } 
   total_energyvar { 0.03958823188816209   } 
   weight { 1.000634637140435   } 
   weightvar { 0.09713188933361316   } 
   kinetic_energy { 3.808235186587162   } 
   kinetic_energyvar { 4.616771592005229   } 
   potential_energy { -10.4279607721976   } 
   potential_energyvar { 5.918667825871307   } 
   nonlocal_energy { 0.6804371177750271   } 
   nonlocal_energyvar { 2.693158650252047   } 
   autocorr_energy { } 
} 

block { 
   label ts_0.01
   totweight 1740800
   nautocorr 0
   total_energy { -5.938644649665784   } 
   total_energyvar { 0.04035150718987521   } 
   weight { 1.000440130292907   } 
   weightvar { 0.09785034762615764   } 
   kinetic_energy { 3.786904204774721   } 
   kinetic_energyvar { 4.624595177108877   } 
   potential_energy { -10.38978893018377   } 
   potential_energyvar { 6.050053010798789   } 
   nonlocal_energy { 0.664240075743264   } 
   nonlocal_energyvar { 2.698698831263714   } 
   autocorr_energy { } 
} 

block { 
   label ts_0.01
   totweight 1740800
   nautocorr 0
   total_energy { -5.938390747104118   } 
   total_energyvar { 0.04042066482776294   } 
   weight { 0.9998792454663684   } 
   weightvar { 0.09759826757736371   } 
   kinetic_energy { 3.800720351164165   } 
   kinetic_energyvar { 4.613535409182117   } 
   potential_energy { -10.40552610306406   } 
   potential_energyvar { 5.941782957561323   } 
   nonlocal_energy { 0.6664150047957802   } 
   nonlocal_energyvar { 2.598424600643721   } 
   autocorr_energy { } 
} 

block { 
   label ts_0.01
   totweight 1740800
   nautocorr 0
   total_energy { -5.938953182415713   } 
   total_energyvar { 0.04033394372243422   } 
   weight { 0.9997507841848111   } 
   weightvar { 0.09721730613808321   } 
   kinetic_energy { 3.807976106925095   } 
   kinetic_energyvar { 4.569386143923685   } 
   potential_energy { -10.42684612680468   } 
   potential_energyvar { 5.877545062600194   } 
   nonlocal_energy { 0.6799168374638692   } 
   nonlocal_energyvar { 2.594448051100895   } 
   autocorr_energy { } 
} 

block { 
   label ts_0.01
   totweight 1740800
   nautocorr 0
   total_energy { -5.939533588513081   } 
   total_energyvar { 0.04103253572467076   } 
   weight { 1.000404193934775   } 
   weightvar { 0.09613225457358808   } 
   kinetic_energy { 3.80391957553345   } 
   kinetic_energyvar { 4.618454778738177   } 
   potential_energy { -10.42503492659015   } 
   potential_energyvar { 6.055341210364607   } 
   nonlocal_energy { 0.6815817625436168   } 
   nonlocal_energyvar { 2.719259440301111   } 
   autocorr_energy { } 
} 

block { 
   label ts_0.01
   totweight 1740800
   nautocorr 0
   total_energy { -5.939712670392378   } 
   total_energyvar { 0.0414777027968862   } 
   weight { 1.000570579070356   } 
   weightvar { 0.09741840466351398   } 
   kinetic_energy { 3.810462690816266   } 
   kinetic_energyvar { 4.643237233904716   } 
   potential_energy { -10.42888693336538   } 
   potential_energyvar { 5.890276328265792   } 
   nonlocal_energy { 0.6787115721567304   } 
   nonlocal_energyvar { 2.628578747910977   } 
   autocorr_energy { } 
} 

block { 
   label ts_0.01
   totweight 1740800
   nautocorr 0
   total_energy { -5.938407522494958   } 
   total_energyvar { 0.04098129546760963   } 
   weight { 1.000006909675393   } 
   weightvar { 0.09701399205624114   } 
   kinetic_energy { 3.799055949412268   } 
   kinetic_energyvar { 4.644068005911372   } 
   potential_energy { -10.42288818031329   } 
   potential_energyvar { 5.923742473117822   } 
   nonlocal_energy { 0.6854247084060618   } 
   nonlocal_energyvar { 2.637185354478074   } 
   autocorr_energy { } 
} 

block { 
   label ts_0.01
   totweight 1740800
   nautocorr 0
   total_energy { -5.938260958269749   } 
   total_energyvar { 0.04084121978027253   } 
   weight { 0.9995881143494526   } 
   weightvar { 0.09649584223201899   } 
   kinetic_energy { 3.796410770854838   } 
   kinetic_energyvar { 4.625559564403213   } 
   potential_energy { -10.41130856301028   } 
   potential_energyvar { 6.124904581745889   } 
   nonlocal_energy { 0.6766368338856947   } 
   nonlocal_energyvar { 2.828844336937434   } 
   autocorr_energy { } 
} 

block { 
   label ts_0.01
   totweight 1740800
   nautocorr 0
   total_energy { -5.939141641494765   } 
   total_energyvar { 0.04001306964515112   } 
   weight { 0.9998331924192636   } 
   weightvar { 0.09669940201029376   } 
   kinetic_energy { 3.799078114877886   } 
   kinetic_energyvar { 4.535742840463943   } 
   potential_energy { -10.40458058865459   } 
   potential_energyvar { 5.948883745000493   } 
   nonlocal_energy { 0.6663608322819415   } 
   nonlocal_energyvar { 2.675634295522908   } 
   autocorr_energy { } 
} 

block { 
   label ts_0.01
   totweight 1740800
   nautocorr 0
   total_energy { -5.939723709963854   } 
   total_energyvar { 0.03957722831083963   } 
   weight { 1.000500626147302   } 
   weightvar { 0.09777604306359804   } 
   kinetic_energy { 3.78750359475682   } 
   kinetic_energyvar { 4.529695608545902   } 
   potential_energy { -10.39667281720069   } 
   potential_energyvar { 5.860973036419516   } 
   nonlocal_energy { 0.6694455124800217   } 
   nonlocal_energyvar { 2.553146493640975   } 
   autocorr_energy { } 
} 

block { 
   label ts_0.01
   totweight 1740800
   nautocorr 0
   total_energy { -5.938300888676659   } 
   total_energyvar { 0.04117934124542411   } 
   weight { 0.9999705481074842   } 
   weightvar { 0.09765513234166096   } 
   kinetic_energy { 3.788995226077118   } 
   kinetic_energyvar { 4.552094257305503   } 
   potential_energy { -10.40690679423692   } 
   potential_energyvar { 5.914449664576877   } 
   nonlocal_energy { 0.6796106794831435   } 
   nonlocal_energyvar { 2.684555728736431   } 
   autocorr_energy { } 
} 

block { 
   label ts_0.01
   totweight 1740800
   nautocorr 0
   total_energy { -5.938505643322329   } 
   total_energyvar { 0.03988490936152372   } 
   weight { 0.9997072726857463   } 
   weightvar { 0.09841446716775964   } 
   kinetic_energy { 3.80007916285259   } 
   kinetic_energyvar { 4.637060612624392   } 
   potential_energy { -10.41684163552683   } 
   potential_energyvar { 6.032190993466478   } 
   nonlocal_energy { 0.6782568293519139   } 
   nonlocal_energyvar { 2.750279889855917   } 
   autocorr_energy { } 
} 

#-------------------------------------------------
#DMC run: timestep 0.005
#-------------------------------------------------


init { 
   label ts_0.005
}
block { 
   label ts_0.005
   totweight 3481600
   nautocorr 0
   total_energy { -5.93952148288442   } 
   total_energyvar { 0.03939904378748222   } 
   weight { 0.9995543398762038   } 
   weightvar { 0.09916615944045597   } 
   kinetic_energy { 3.797503241467367   } 
   kinetic_energyvar { 4.604710603778614   } 
   potential_energy { -10.41116756902861   } 
   potential_energyvar { 5.951579871726534   } 
   nonlocal_energy { 0.6741428446768277   } 
   nonlocal_energyvar { 2.726902145206359   } 
   autocorr_energy { } 
} 

block { 
   label ts_0.005
   totweight 3481600
   nautocorr 0
   total_energy { -5.938202334444009   } 
   total_energyvar { 0.04306726569887537   } 
   weight { 0.9991445931957902   } 
   weightvar { 0.09858764505975263   } 
   kinetic_energy { 3.813583175766663   } 
   kinetic_energyvar { 4.728120516076267   } 
   potential_energy { -10.43427473561912   } 
   potential_energyvar { 6.043236990284849   } 
   nonlocal_energy { 0.6824892254084504   } 
   nonlocal_energyvar { 2.735312717536644   } 
   autocorr_energy { } 
} 

block { 
   label ts_0.005
   totweight 3481600
   nautocorr 0
   total_energy { -5.937726171775497   } 
   total_energyvar { 0.03880912981532234   } 
   weight { 0.9986401969755027   } 
   weightvar { 0.09871719302549335   } 
   kinetic_energy { 3.809285759608972   } 
   kinetic_energyvar { 4.534275754844573   } 
   potential_energy { -10.42312598731168   } 
   potential_energyvar { 5.899967577919272   } 
   nonlocal_energy { 0.6761140559272173   } 
   nonlocal_energyvar { 2.570291687926394   } 
   autocorr_energy { } 
} 

block { 
   label ts_0.005
   totweight 3481600
   nautocorr 0
   total_energy { -5.939126760339691   } 
   total_energyvar { 0.03961346157179515   } 
   weight { 0.9991901191950103   } 
   weightvar { 0.09820902922813328   } 
   kinetic_energy { 3.789277856941648   } 
   kinetic_energyvar { 4.558069900317829   } 
   potential_energy { -10.40660297434728   } 
   potential_energyvar { 5.876574118824794   } 
   nonlocal_energy { 0.6781983570659386   } 
   nonlocal_energyvar { 2.580929533240332   } 
   autocorr_energy { } 
} 

block { 
   label ts_0.005
   totweight 3481600
   nautocorr 0
   total_energy { -5.939026597957072   } 
   total_energyvar { 0.04081122532443283   } 
   weight { 0.9999726245924274   } 
   weightvar { 0.09702857141242975   } 
   kinetic_energy { 3.797190937902836   } 
   kinetic_energyvar { 4.61323770163316   } 
   potential_energy { -10.40842203518756   } 
   potential_energyvar { 6.018533373747702   } 
   nonlocal_energy { 0.6722044993276522   } 
   nonlocal_energyvar { 2.693977281381754   } 
   autocorr_energy { } 
} 

block { 
   label ts_0.005
   totweight 3481600
   nautocorr 0
   total_energy { -5.938336552959956   } 
   total_energyvar { 0.04019652441587632   } 
   weight { 0.9995522178943689   } 
   weightvar { 0.0968494224702111   } 
   kinetic_energy { 3.813841894731777   } 
   kinetic_energyvar { 4.612248235061402   } 
   potential_energy { -10.4218900634199   } 
   potential_energyvar { 5.934062566750836   } 
   nonlocal_energy { 0.6697116157281682   } 
   nonlocal_energyvar { 2.635013834207778   } 
   autocorr_energy { } 
} 

block { 
   label ts_0.005
   totweight 3481600
   nautocorr 0
   total_energy { -5.938584743919412   } 
   total_energyvar { 0.04085634784082412   } 
   weight { 0.9997323818951699   } 
   weightvar { 0.09814695315442801   } 
   kinetic_energy { 3.810050024529359   } 
   kinetic_energyvar { 4.701983796523054   } 
   potential_energy { -10.43041121244472   } 
   potential_energyvar { 6.090567081780581   } 
   nonlocal_energy { 0.6817764439959405   } 
   nonlocal_energyvar { 2.861130102769678   } 
   autocorr_energy { } 
} 

block { 
   label ts_0.005
   totweight 3481600
   nautocorr 0
   total_energy { -5.938727877881888   } 
   total_energyvar { 0.04072954449755781   } 
   weight { 0.9996036716075899   } 
   weightvar { 0.09862948411570013   } 
   kinetic_energy { 3.80206512763522   } 
   kinetic_energyvar { 4.648355528205995   } 
   potential_energy { -10.4239598682337   } 
   potential_energyvar { 5.924203471750235   } 
   nonlocal_energy { 0.6831668627165881   } 
   nonlocal_energyvar { 2.689851119188235   } 
   autocorr_energy { } 
} 

block { 
   label ts_0.005
   totweight 3481600
   nautocorr 0
   total_energy { -5.940685544091403   } 
   total_energyvar { 0.04037689383595207   } 
   weight { 1.000725470321307   } 
   weightvar { 0.09844939951202621   } 
   kinetic_energy { 3.807146417707197   } 
   kinetic_energyvar { 4.63544830891299   } 
   potential_energy { -10.43408650157361   } 
   potential_energyvar { 6.06173092608775   } 
   nonlocal_energy { 0.6862545397750092   } 
   nonlocal_energyvar { 2.720225537992691   } 
   autocorr_energy { } 
} 

block { 
   label ts_0.005
   totweight 3481600
   nautocorr 0
   total_energy { -5.939317985286468   } 
   total_energyvar { 0.04017305688737691   } 
   weight { 1.000578916076117   } 
   weightvar { 0.09793657124868654   } 
   kinetic_energy { 3.8077983432943   } 
   kinetic_energyvar { 4.563039582446775   } 
   potential_energy { -10.41305054867335   } 
   potential_energyvar { 5.968899262137683   } 
   nonlocal_energy { 0.6659342200925801   } 
   nonlocal_energyvar { 2.560166186966289   } 
   autocorr_energy { } 
} 

block { 
   label ts_0.005
   totweight 3481600
   nautocorr 0
   total_energy { -5.940355384270816   } 
   total_energyvar { 0.04087831393773107   } 
   weight { 1.00073614514413   } 
   weightvar { 0.09712764383745477   } 
   kinetic_energy { 3.808767727615831   } 
   kinetic_energyvar { 4.614961306498378   } 
   potential_energy { -10.4292900247069   } 
   potential_energyvar { 6.117524888595334   } 
   nonlocal_energy { 0.6801669128202565   } 
   nonlocal_energyvar { 2.837633989080927   } 
   autocorr_energy { } 
} 

block { 
   label ts_0.005
   totweight 3481600
   nautocorr 0
   total_energy { -5.938945783953232   } 
   total_energyvar { 0.04024445139092834   } 
   weight { 1.000275053887733   } 
   weightvar { 0.09750190588405921   } 
   kinetic_energy { 3.806540800293859   } 
   kinetic_energyvar { 4.610311160739121   } 
   potential_energy { -10.41430845342918   } 
   potential_energyvar { 5.900470833082698   } 
   nonlocal_energy { 0.6688218691820811   } 
   nonlocal_energyvar { 2.553699754793615   } 
   autocorr_energy { } 
} 

block { 
   label ts_0.005
   totweight 3481600
   nautocorr 0
   total_energy { -5.939382363331374   } 
   total_energyvar { 0.04039424346009841   } 
   weight { 1.00006643101723   } 
   weightvar { 0.09748208528552922   } 
   kinetic_energy { 3.802445956452364   } 
   kinetic_energyvar { 4.656137096022447   } 
   potential_energy { -10.42168843179101   } 
   potential_energyvar { 6.016402758439579   } 
   nonlocal_energy { 0.679860112007272   } 
   nonlocal_energyvar { 2.738407627188322   } 
   autocorr_energy { } 
} 

block { 
   label ts_0.005
   totweight 3481600
   nautocorr 0
   total_energy { -5.938835512300404   } 
   total_energyvar { 0.0407184773748117   } 
   weight { 0.9997582966635863   } 
   weightvar { 0.09796428808742523   } 
   kinetic_energy { 3.798702596191962   } 
   kinetic_energyvar { 4.564674862181992   } 
   potential_energy { -10.41174461726292   } 
   potential_energyvar { 5.889931196339106   } 
   nonlocal_energy { 0.6742065087705492   } 
   nonlocal_energyvar { 2.643288291321527   } 
   autocorr_energy { } 
} 

block { 
   label ts_0.005
   totweight 3481600
   nautocorr 0
   total_energy { -5.9397005383289   } 
   total_energyvar { 0.04027986376901855   } 
   weight { 0.9998858576624058   } 
   weightvar { 0.098182490209989   } 
   kinetic_energy { 3.790566166891731   } 
   kinetic_energyvar { 4.593746583404757   } 
   potential_energy { -10.40475031972658   } 
   potential_energyvar { 6.028657456212463   } 
   nonlocal_energy { 0.6744836145059439   } 
   nonlocal_energyvar { 2.727402522876488   } 
   autocorr_energy { } 
} 

block { 
   label ts_0.005
   totweight 3481600
   nautocorr 0
   total_energy { -5.93921538732825   } 
   total_energyvar { 0.04142262016355324   } 
   weight { 1.000124459585932   } 
   weightvar { 0.09727433098803943   } 
   kinetic_energy { 3.785703894698867   } 
   kinetic_energyvar { 4.572153314583757   } 
   potential_energy { -10.40430650606656   } 
   potential_energyvar { 5.874692483372733   } 
   nonlocal_energy { 0.6793872240394447   } 
   nonlocal_energyvar { 2.638244518300124   } 
   autocorr_energy { } 
} 

block { 
   label ts_0.005
   totweight 3481600
   nautocorr 0
   total_energy { -5.938936854019516   } 
   total_energyvar { 0.04151601007232274   } 
   weight { 0.9996742622110414   } 
   weightvar { 0.09824366294662233   } 
   kinetic_energy { 3.790642314049236   } 
   kinetic_energyvar { 4.614430960723944   } 
   potential_energy { -10.40802464570205   } 
   potential_energyvar { 5.947682444851786   } 
   nonlocal_energy { 0.6784454776333004   } 
   nonlocal_energyvar { 2.697989629963934   } 
   autocorr_energy { } 
} 

block { 
   label ts_0.005
   totweight 3481600
   nautocorr 0
   total_energy { -5.939323079485059   } 
   total_energyvar { 0.04028093057413405   } 
   weight { 0.9996718564428406   } 
   weightvar { 0.09802521238111164   } 
   kinetic_energy { 3.798747741365335   } 
   kinetic_energyvar { 4.580039087236069   } 
   potential_energy { -10.4164399026589   } 
   potential_energyvar { 5.902636965243942   } 
   nonlocal_energy { 0.6783690818085065   } 
   nonlocal_energyvar { 2.618011300398137   } 
   autocorr_energy { } 
} 

block { 
   label ts_0.005
   totweight 3481600
   nautocorr 0
   total_energy { -5.938098197767487   } 
   total_energyvar { 0.03957164649757611   } 
   weight { 0.9994039355227221   } 
   weightvar { 0.09843857998286359   } 
   kinetic_energy { 3.774996714231075   } 
   kinetic_energyvar { 4.585771579628391   } 
   potential_energy { -10.39810627377166   } 
   potential_energyvar { 5.879805585951182   } 
   nonlocal_energy { 0.6850113617730937   } 
   nonlocal_energyvar { 2.747263705732621   } 
   autocorr_energy { } 
} 

block { 
   label ts_0.005
   totweight 3481600
   nautocorr 0
   total_energy { -5.936737802462373   } 
   total_energyvar { 0.04107029353443657   } 
   weight { 0.9985228859304883   } 
   weightvar { 0.0982134466014155   } 
   kinetic_energy { 3.795291845276682   } 
   kinetic_energyvar { 4.595510795647324   } 
   potential_energy { -10.40706559907964   } 
   potential_energyvar { 6.002086712509714   } 
   nonlocal_energy { 0.6750359513405808   } 
   nonlocal_energyvar { 2.718280755841671   } 
   autocorr_energy { } 
} 

block { 
   label ts_0.005
   totweight 3481600
   nautocorr 0
   total_energy { -5.937184918971041   } 
   total_energyvar { 0.0397606312006574   } 
   weight { 0.9977913908504219   } 
   weightvar { 0.09880749339778976   } 
   kinetic_energy { 3.787470962574336   } 
   kinetic_energyvar { 4.57450063216998   } 
   potential_energy { -10.3938900213191   } 
   potential_energyvar { 5.85876619850048   } 
   nonlocal_energy { 0.6692341397737203   } 
   nonlocal_energyvar { 2.547457415249985   } 
   autocorr_energy { } 
} 

block { 
   label ts_0.005
   totweight 3481600
   nautocorr 0
   total_energy { -5.938468765189401   } 
   total_energyvar { 0.04051240924050695   } 
   weight { 0.9985098049887986   } 
   weightvar { 0.09880943175727207   } 
   kinetic_energy { 3.796413526603913   } 
   kinetic_energyvar { 4.624913182955149   } 
   potential_energy { -10.40949639793917   } 
   potential_energyvar { 5.978804266768091   } 
   nonlocal_energy { 0.6746141061458572   } 
   nonlocal_energyvar { 2.653690705883625   } 
   autocorr_energy { } 
} 

block { 
   label ts_0.005
   totweight 3481600
   nautocorr 0
   total_energy { -5.938908248920974   } 
   total_energyvar { 0.04009431455609325   } 
   weight { 0.9991346134199309   } 
   weightvar { 0.098831322196289   } 
   kinetic_energy { 3.803198096649907   } 
   kinetic_energyvar { 4.620357726943264   } 
   potential_energy { -10.42229883771484   } 
   potential_energyvar { 6.042273322272536   } 
   nonlocal_energy { 0.6801924921439574   } 
   nonlocal_energyvar { 2.785968226157863   } 
   autocorr_energy { } 
} 

block { 
   label ts_0.005
   totweight 3481600
   nautocorr 0
   total_energy { -5.939210090280799   } 
   total_energyvar { 0.04014026733698484   } 
   weight { 0.9997541075329114   } 
   weightvar { 0.09775745883303637   } 
   kinetic_energy { 3.811778904503971   } 
   kinetic_energyvar { 4.591183005203986   } 
   potential_energy { -10.43103075005165   } 
   potential_energyvar { 6.178569485527207   } 
   nonlocal_energy { 0.6800417552668754   } 
   nonlocal_energyvar { 2.867273347022127   } 
   autocorr_energy { } 
} 

block { 
   label ts_0.005
   totweight 3481600
   nautocorr 0
   total_energy { -5.939471321247114   } 
   total_energyvar { 0.04024336306504922   } 
   weight { 0.9999643585871308   } 
   weightvar { 0.09720909837965251   } 
   kinetic_energy { 3.796590362926632   } 
   kinetic_energyvar { 4.599700549971127   } 
   potential_energy { -10.40263698938777   } 
   potential_energyvar { 5.961149296897353   } 
   nonlocal_energy { 0.66657530521403   } 
   nonlocal_energyvar { 2.588023010331213   } 
   autocorr_energy { } 
} 

block { 
   label ts_0.005
   totweight 3481600
   nautocorr 0
   total_energy { -5.939117241420025   } 
   total_energyvar { 0.04053735739194039   } 
   weight { 1.000077529684044   } 
   weightvar { 0.09671975772458187   } 
   kinetic_energy { 3.796066358070521   } 
   kinetic_energyvar { 4.615943993139401   } 
   potential_energy { -10.40856621256288   } 
   potential_energyvar { 5.939300867601839   } 
   nonlocal_energy { 0.6733826130723355   } 
   nonlocal_energyvar { 2.654107436654454   } 
   autocorr_energy { } 
} 

block { 
   label ts_0.005
   totweight 3481600
   nautocorr 0
   total_energy { -5.938226770462514   } 
   total_energyvar { 0.04001502337647589   } 
   weight { 0.9996638161572189   } 
   weightvar { 0.09704328784211236   } 
   kinetic_energy { 3.801550051816865   } 
   kinetic_energyvar { 4.554063942029461   } 
   potential_energy { -10.41562098248029   } 
   potential_energyvar { 5.854981100477441   } 
   nonlocal_energy { 0.6758441602009113   } 
   nonlocal_energyvar { 2.576624981077157   } 
   autocorr_energy { } 
} 

block { 
   label ts_0.005
   totweight 3481600
   nautocorr 0
   total_energy { -5.938885796661951   } 
   total_energyvar { 0.04000401560260127   } 
   weight { 0.9993497813246353   } 
   weightvar { 0.09723006583216007   } 
   kinetic_energy { 3.792433934699147   } 
   kinetic_energyvar { 4.57181448499577   } 
   potential_energy { -10.41253807926746   } 
   potential_energyvar { 5.964428847481012   } 
   nonlocal_energy { 0.6812183479063614   } 
   nonlocal_energyvar { 2.690819423999729   } 
   autocorr_energy { } 
} 

block { 
   label ts_0.005
   totweight 3481600
   nautocorr 0
   total_energy { -5.94032694486841   } 
   total_energyvar { 0.0394693370545532   } 
   weight { 1.000449528903896   } 
   weightvar { 0.09884182903015168   } 
   kinetic_energy { 3.801209512057709   } 
   kinetic_energyvar { 4.618316615927069   } 
   potential_energy { -10.42482677116814   } 
   potential_energyvar { 5.98548625791278   } 
   nonlocal_energy { 0.6832903142420174   } 
   nonlocal_energyvar { 2.711659376338396   } 
   autocorr_energy { } 
} 

block { 
   label ts_0.005
   totweight 3481600
   nautocorr 0
   total_energy { -5.937300482097924   } 
   total_energyvar { 0.04166637970557525   } 
   weight { 0.9996048261737034   } 
   weightvar { 0.09976303914085088   } 
   kinetic_energy { 3.794917321740272   } 
   kinetic_energyvar { 4.605206828887577   } 
   potential_energy { -10.40996166642177   } 
   potential_energyvar { 5.876597970573362   } 
   nonlocal_energy { 0.6777438625835726   } 
   nonlocal_energyvar { 2.737392487242831   } 
   autocorr_energy { } 
} 

block { 
   label ts_0.005
   totweight 3481600
   nautocorr 0
   total_energy { -5.937941282657088   } 
   total_energyvar { 0.03997953775946427   } 
   weight { 0.9986674486349434   } 
   weightvar { 0.09839202319058506   } 
   kinetic_energy { 3.795654156759926   } 
   kinetic_energyvar { 4.555712909199389   } 
   potential_energy { -10.39684299485664   } 
   potential_energyvar { 6.002946498752834   } 
   nonlocal_energy { 0.6632475554396212   } 
   nonlocal_energyvar { 2.741709663686783   } 
   autocorr_energy { } 
} 

block { 
   label ts_0.005
   totweight 3481600
   nautocorr 0
   total_energy { -5.939218947009606   } 
   total_energyvar { 0.03983126074039287   } 
   weight { 0.999574127308095   } 
   weightvar { 0.09880032843756396   } 
   kinetic_energy { 3.788252987270387   } 
   kinetic_energyvar { 4.565858703905107   } 
   potential_energy { -10.41120765297438   } 
   potential_energyvar { 5.874912832730711   } 
   nonlocal_energy { 0.6837357186943928   } 
   nonlocal_energyvar { 2.626984912329101   } 
   autocorr_energy { } 
} 

block { 
   label ts_0.005
   totweight 3481600
   nautocorr 0
   total_energy { -5.939614554442043   } 
   total_energyvar { 0.04109383684300269   } 
   weight { 0.9997517608295772   } 
   weightvar { 0.09758028042628608   } 
   kinetic_energy { 3.801584235779353   } 
   kinetic_energyvar { 4.595445929223613   } 
   potential_energy { -10.41744531908627   } 
   potential_energyvar { 5.840015391022326   } 
   nonlocal_energy { 0.6762465288648721   } 
   nonlocal_energyvar { 2.562085387044327   } 
   autocorr_energy { } 
} 

block { 
   label ts_0.005
   totweight 3481600
   nautocorr 0
   total_energy { -5.94026007560541   } 
   total_energyvar { 0.04011734209677798   } 
   weight { 1.000716951107859   } 
   weightvar { 0.09672813101502448   } 
   kinetic_energy { 3.794979600959188   } 
   kinetic_energyvar { 4.500639228301956   } 
   potential_energy { -10.3960441841535   } 
   potential_energyvar { 5.959569968974746   } 
   nonlocal_energy { 0.6608045075889062   } 
   nonlocal_energyvar { 2.591074622914944   } 
   autocorr_energy { } 
} 

block { 
   label ts_0.005
   totweight 3481600
   nautocorr 0
   total_energy { -5.938223038595489   } 
   total_energyvar { 0.03975517186392126   } 
   weight { 0.9998840389348295   } 
   weightvar { 0.09623984123590469   } 
   kinetic_energy { 3.780608886640243   } 
   kinetic_energyvar { 4.643657427909418   } 
   potential_energy { -10.39923404027123   } 
   potential_energyvar { 5.995629118309042   } 
   nonlocal_energy { 0.680402115035495   } 
   nonlocal_energyvar { 2.698794559161843   } 
   autocorr_energy { } 
} 

block { 
   label ts_0.005
   totweight 3481600
   nautocorr 0
   total_energy { -5.939630373642995   } 
   total_energyvar { 0.04078362702617344   } 
   weight { 0.9999140558228902   } 
   weightvar { 0.0973700700239494   } 
   kinetic_energy { 3.771336364397352   } 
   kinetic_energyvar { 4.629204182920929   } 
   potential_energy { -10.39260154449684   } 
   potential_energyvar { 5.993355598563609   } 
   nonlocal_energy { 0.6816348064564965   } 
   nonlocal_energyvar { 2.655662301830242   } 
   autocorr_energy { } 
} 

block { 
   label ts_0.005
   totweight 3481600
   nautocorr 0
   total_energy { -5.938446481721601   } 
   total_energyvar { 0.04081718061868089   } 
   weight { 0.9997222827652817   } 
   weightvar { 0.09741842424771517   } 
   kinetic_energy { 3.800257870016373   } 
   kinetic_energyvar { 4.597336896233299   } 
   potential_energy { -10.413552175669   } 
   potential_energyvar { 5.996299895783442   } 
   nonlocal_energy { 0.6748478239310203   } 
   nonlocal_energyvar { 2.666164884952861   } 
   autocorr_energy { } 
} 

block { 
   label ts_0.005
   totweight 3481600
   nautocorr 0
   total_energy { -5.938489372118269   } 
   total_energyvar { 0.0393713531572828   } 
   weight { 0.9995211574919438   } 
   weightvar { 0.09847685410257935   } 
   kinetic_energy { 3.788989131745158   } 
   kinetic_energyvar { 4.615207557303578   } 
   potential_energy { -10.40540084539684   } 
   potential_energyvar { 6.044907244670658   } 
   nonlocal_energy { 0.6779223415334171   } 
   nonlocal_energyvar { 2.635144527292698   } 
   autocorr_energy { } 
} 

block { 
   label ts_0.005
   totweight 3481600
   nautocorr 0
   total_energy { -5.93884357593687   } 
   total_energyvar { 0.04094287751873243   } 
   weight { 0.9996093439787103   } 
   weightvar { 0.09954603012247173   } 
   kinetic_energy { 3.786093232485314   } 
   kinetic_energyvar { 4.608535549706692   } 
   potential_energy { -10.40704850877542   } 
   potential_energyvar { 5.974500530760822   } 
   nonlocal_energy { 0.6821117003532429   } 
   nonlocal_energyvar { 2.705476634331105   } 
   autocorr_energy { } 
} 

block { 
   label ts_0.005
   totweight 3481600
   nautocorr 0
   total_energy { -5.939137953568068   } 
   total_energyvar { 0.04038880778125959   } 
   weight { 0.9994666517046864   } 
   weightvar { 0.09919649618293924   } 
   kinetic_energy { 3.799265829798864   } 
   kinetic_energyvar { 4.600338183624623   } 
   potential_energy { -10.41015851144919   } 
   potential_energyvar { 5.985770228630184   } 
   nonlocal_energy { 0.6717547280822628   } 
   nonlocal_energyvar { 2.69870484090181   } 
   autocorr_energy { } 
} 

#-------------------------------------------------
#DMC run: timestep 0.002
#-------------------------------------------------


init { 
   label ts_0.002
}
block { 
   label ts_0.002
   totweight 8704000
   nautocorr 0
   total_energy { -5.93958042992122   } 
   total_energyvar { 0.04057931770307178   } 
   weight { 1.000436559877872   } 
   weightvar { 0.09823553159255635   } 
   kinetic_energy { 3.786169548684226   } 
   kinetic_energyvar { 4.607026864658966   } 
   potential_energy { -10.40415822305739   } 
   potential_energyvar { 6.057390546634458   } 
   nonlocal_energy { 0.6784082444519435   } 
   nonlocal_energyvar { 2.711159563809842   } 
   autocorr_energy { } 
} 

block { 
   label ts_0.002
   totweight 8704000
   nautocorr 0
   total_energy { -5.939445854957694   } 
   total_energyvar { 0.03997869512590348   } 
   weight { 1.000643540195562   } 
   weightvar { 0.09838755785570721   } 
   kinetic_energy { 3.798561434111422   } 
   kinetic_energyvar { 4.581468259151775   } 
   potential_energy { -10.40844340246496   } 
   potential_energyvar { 5.99532162092771   } 
   nonlocal_energy { 0.6704361133958461   } 
   nonlocal_energyvar { 2.6558653348549   } 
   autocorr_energy { } 
} 

block { 
   label ts_0.002
   totweight 8704000
   nautocorr 0
   total_energy { -5.938844229461946   } 
   total_energyvar { 0.03976123104936626   } 
   weight { 0.9996924834466563   } 
   weightvar { 0.09815055334331746   } 
   kinetic_energy { 3.809319089721458   } 
   kinetic_energyvar { 4.663918259942155   } 
   potential_energy { -10.42414053602164   } 
   potential_energyvar { 6.003777269107237   } 
   nonlocal_energy { 0.675977216838241   } 
   nonlocal_energyvar { 2.724929300839034   } 
   autocorr_energy { } 
} 

block { 
   label ts_0.002
   totweight 8704000
   nautocorr 0
   total_energy { -5.939495698880996   } 
   total_energyvar { 0.03892636227706402   } 
   weight { 0.9995540274493024   } 
   weightvar { 0.09802830658929435   } 
   kinetic_energy { 3.80357243921206   } 
   kinetic_energyvar { 4.640494384594501   } 
   potential_energy { -10.41049519946694   } 
   potential_energyvar { 6.002469531234738   } 
   nonlocal_energy { 0.6674270613738817   } 
   nonlocal_energyvar { 2.668260438889838   } 
   autocorr_energy { } 
} 

block { 
   label ts_0.002
   totweight 8704000
   nautocorr 0
   total_energy { -5.93972076092416   } 
   total_energyvar { 0.04060219860541679   } 
   weight { 0.9999371276366223   } 
   weightvar { 0.09857383418522615   } 
   kinetic_energy { 3.803614222655322   } 
   kinetic_energyvar { 4.587772994369951   } 
   potential_energy { -10.41560982797197   } 
   potential_energyvar { 6.189054778558468   } 
   nonlocal_energy { 0.6722748443924862   } 
   nonlocal_energyvar { 2.89120860596986   } 
   autocorr_energy { } 
} 

block { 
   label ts_0.002
   totweight 8704000
   nautocorr 0
   total_energy { -5.939693903906806   } 
   total_energyvar { 0.03950671371059877   } 
   weight { 0.9997918156231488   } 
   weightvar { 0.09892216532152066   } 
   kinetic_energy { 3.789231041517479   } 
   kinetic_energyvar { 4.561060532004752   } 
   potential_energy { -10.40561786131017   } 
   potential_energyvar { 5.907646491106438   } 
   nonlocal_energy { 0.6766929158858859   } 
   nonlocal_energyvar { 2.705915017339889   } 
   autocorr_energy { } 
} 

block { 
   label ts_0.002
   totweight 8704000
   nautocorr 0
   total_energy { -5.938984086129961   } 
   total_energyvar { 0.04000070835357802   } 
   weight { 0.999687717759719   } 
   weightvar { 0.09975011735839377   } 
   kinetic_energy { 3.786606727589076   } 
   kinetic_energyvar { 4.563603134859007   } 
   potential_energy { -10.40321575112394   } 
   potential_energyvar { 5.915711968493665   } 
   nonlocal_energy { 0.6776249374049074   } 
   nonlocal_energyvar { 2.651346909997248   } 
   autocorr_energy { } 
} 

block { 
   label ts_0.002
   totweight 8704000
   nautocorr 0
   total_energy { -5.938413014354073   } 
   total_energyvar { 0.04264141698619896   } 
   weight { 0.9995052129449751   } 
   weightvar { 0.1002911795688215   } 
   kinetic_energy { 3.798009619506556   } 
   kinetic_energyvar { 4.734469063859574   } 
   potential_energy { -10.40202793226042   } 
   potential_energyvar { 5.935515425758234   } 
   nonlocal_energy { 0.6656052983997918   } 
   nonlocal_energyvar { 2.718201172824668   } 
   autocorr_energy { } 
} 

block { 
   label ts_0.002
   totweight 8704000
   nautocorr 0
   total_energy { -5.938267939612794   } 
   total_energyvar { 0.03961841486187745   } 
   weight { 0.9986400423727413   } 
   weightvar { 0.09923721011595052   } 
   kinetic_energy { 3.806628417207417   } 
   kinetic_energyvar { 4.557718554741705   } 
   potential_energy { -10.41099369320215   } 
   potential_energyvar { 5.941612017604161   } 
   nonlocal_energy { 0.666097336381941   } 
   nonlocal_energyvar { 2.591055777084765   } 
   autocorr_energy { } 
} 

block { 
   label ts_0.002
   totweight 8704000
   nautocorr 0
   total_energy { -5.938871458810985   } 
   total_energyvar { 0.03968869041698591   } 
   weight { 0.9990779490689676   } 
   weightvar { 0.09882657421235595   } 
   kinetic_energy { 3.812018517594788   } 
   kinetic_energyvar { 4.626369459409302   } 
   potential_energy { -10.42892354989678   } 
   potential_energyvar { 5.994561690444328   } 
   nonlocal_energy { 0.6780335734910069   } 
   nonlocal_energyvar { 2.709097410860113   } 
   autocorr_energy { } 
} 

block { 
   label ts_0.002
   totweight 8704000
   nautocorr 0
   total_energy { -5.940617736183874   } 
   total_energyvar { 0.04136124238205614   } 
   weight { 0.9998790351793588   } 
   weightvar { 0.09901122350810115   } 
   kinetic_energy { 3.799892120188416   } 
   kinetic_energyvar { 4.554407229173313   } 
   potential_energy { -10.41448986801501   } 
   potential_energyvar { 5.938626286340983   } 
   nonlocal_energy { 0.6739800116427226   } 
   nonlocal_energyvar { 2.588724024805825   } 
   autocorr_energy { } 
} 

block { 
   label ts_0.002
   totweight 8704000
   nautocorr 0
   total_energy { -5.941730838898482   } 
   total_energyvar { 0.04115006335278296   } 
   weight { 1.001026366800055   } 
   weightvar { 0.0993865842405967   } 
   kinetic_energy { 3.800692902003014   } 
   kinetic_energyvar { 4.672476454898318   } 
   potential_energy { -10.42039237741823   } 
   potential_energyvar { 6.060130748856059   } 
   nonlocal_energy { 0.6779686365167299   } 
   nonlocal_energyvar { 2.805072295350674   } 
   autocorr_energy { } 
} 

block { 
   label ts_0.002
   totweight 8704000
   nautocorr 0
   total_energy { -5.940657947723444   } 
   total_energyvar { 0.04004319486881457   } 
   weight { 1.001321431690092   } 
   weightvar { 0.09828233834197518   } 
   kinetic_energy { 3.79739004452397   } 
   kinetic_energyvar { 4.609358210398537   } 
   potential_energy { -10.42022652758026   } 
   potential_energyvar { 6.055194253695174   } 
   nonlocal_energy { 0.6821785353328472   } 
   nonlocal_energyvar { 2.792268607904834   } 
   autocorr_energy { } 
} 

block { 
   label ts_0.002
   totweight 8704000
   nautocorr 0
   total_energy { -5.938824009953326   } 
   total_energyvar { 0.03974867164326682   } 
   weight { 1.000357562563795   } 
   weightvar { 0.09747014265924002   } 
   kinetic_energy { 3.812310962159952   } 
   kinetic_energyvar { 4.577699673128322   } 
   potential_energy { -10.42891737012025   } 
   potential_energyvar { 5.964844507015147   } 
   nonlocal_energy { 0.6777823980069719   } 
   nonlocal_energyvar { 2.664650635293033   } 
   autocorr_energy { } 
} 

block { 
   label ts_0.002
   totweight 8704000
   nautocorr 0
   total_energy { -5.938586659303718   } 
   total_energyvar { 0.04050783727450894   } 
   weight { 0.9991800079615983   } 
   weightvar { 0.09670672380076747   } 
   kinetic_energy { 3.814148729099592   } 
   kinetic_energyvar { 4.576371451448762   } 
   potential_energy { -10.42034958037379   } 
   potential_energyvar { 6.01118289500382   } 
   nonlocal_energy { 0.6676141919704768   } 
   nonlocal_energyvar { 2.698663820182068   } 
   autocorr_energy { } 
} 

block { 
   label ts_0.002
   totweight 8704000
   nautocorr 0
   total_energy { -5.938363216379759   } 
   total_energyvar { 0.04089668219449238   } 
   weight { 0.9989718492094768   } 
   weightvar { 0.09680370860765611   } 
   kinetic_energy { 3.802269774866003   } 
   kinetic_energyvar { 4.607780085147986   } 
   potential_energy { -10.40127792563685   } 
   potential_energyvar { 5.876379999222503   } 
   nonlocal_energy { 0.6606449343910875   } 
   nonlocal_energyvar { 2.626582216845494   } 
   autocorr_energy { } 
} 

block { 
   label ts_0.002
   totweight 8704000
   nautocorr 0
   total_energy { -5.939105397888837   } 
   total_energyvar { 0.03978753860943023   } 
   weight { 0.9989939469732447   } 
   weightvar { 0.09799609075120665   } 
   kinetic_energy { 3.794162357065608   } 
   kinetic_energyvar { 4.598879986783561   } 
   potential_energy { -10.39444037105274   } 
   potential_energyvar { 5.905676764513207   } 
   nonlocal_energy { 0.6611726160982949   } 
   nonlocal_energyvar { 2.648255095887591   } 
   autocorr_energy { } 
} 

block { 
   label ts_0.002
   totweight 8704000
   nautocorr 0
   total_energy { -5.939122178640696   } 
   total_energyvar { 0.04113134482492373   } 
   weight { 0.9992112196228482   } 
   weightvar { 0.09804431825688653   } 
   kinetic_energy { 3.784507636041988   } 
   kinetic_energyvar { 4.604732719826684   } 
   potential_energy { -10.39321142229235   } 
   potential_energyvar { 5.977255511326666   } 
   nonlocal_energy { 0.6695816076096626   } 
   nonlocal_energyvar { 2.651369757110327   } 
   autocorr_energy { } 
} 

block { 
   label ts_0.002
   totweight 8704000
   nautocorr 0
   total_energy { -5.939487361770131   } 
   total_energyvar { 0.04066284106121936   } 
   weight { 0.9996016420144646   } 
   weightvar { 0.09732012459837004   } 
   kinetic_energy { 3.786708171481473   } 
   kinetic_energyvar { 4.578760843804762   } 
   potential_energy { -10.39161750431423   } 
   potential_energyvar { 5.902942581641246   } 
   nonlocal_energy { 0.6654219710626309   } 
   nonlocal_energyvar { 2.642532307758093   } 
   autocorr_energy { } 
} 

block { 
   label ts_0.002
   totweight 8704000
   nautocorr 0
   total_energy { -5.939861529738073   } 
   total_energyvar { 0.0416564316295653   } 
   weight { 0.9997799459509645   } 
   weightvar { 0.09829559530564928   } 
   kinetic_energy { 3.789080609462437   } 
   kinetic_energyvar { 4.639375858962515   } 
   potential_energy { -10.40435390288137   } 
   potential_energyvar { 5.980069949740699   } 
   nonlocal_energy { 0.6754117636808582   } 
   nonlocal_energyvar { 2.731048012467935   } 
   autocorr_energy { } 
} 

block { 
   label ts_0.002
   totweight 8704000
   nautocorr 0
   total_energy { -5.938044998429326   } 
   total_energyvar { 0.03965053490126327   } 
   weight { 0.9994822892720054   } 
   weightvar { 0.0982409438643498   } 
   kinetic_energy { 3.806438447769252   } 
   kinetic_energyvar { 4.593018423009052   } 
   potential_energy { -10.40980629528503   } 
   potential_energyvar { 6.159949761950929   } 
   nonlocal_energy { 0.6653228490864486   } 
   nonlocal_energyvar { 2.847247594915356   } 
   autocorr_energy { } 
} 

block { 
   label ts_0.002
   totweight 8704000
   nautocorr 0
   total_energy { -5.937973644634046   } 
   total_energyvar { 0.03909450049083268   } 
   weight { 0.9986866062250055   } 
   weightvar { 0.09872806278387189   } 
   kinetic_energy { 3.813970659992221   } 
   kinetic_energyvar { 4.599026431130261   } 
   potential_energy { -10.42482083298459   } 
   potential_energyvar { 5.898837857034661   } 
   nonlocal_energy { 0.6728765283583219   } 
   nonlocal_energyvar { 2.557447108097671   } 
   autocorr_energy { } 
} 

block { 
   label ts_0.002
   totweight 8704000
   nautocorr 0
   total_energy { -5.938830676925663   } 
   total_energyvar { 0.03903982753613136   } 
   weight { 0.998794444055826   } 
   weightvar { 0.09881762174012747   } 
   kinetic_energy { 3.805594068696259   } 
   kinetic_energyvar { 4.571327557241074   } 
   potential_energy { -10.41374472173734   } 
   potential_energyvar { 5.944827026605029   } 
   nonlocal_energy { 0.66931997611542   } 
   nonlocal_energyvar { 2.619380407141866   } 
   autocorr_energy { } 
} 

block { 
   label ts_0.002
   totweight 8704000
   nautocorr 0
   total_energy { -5.939021017669696   } 
   total_energyvar { 0.04082639185888282   } 
   weight { 0.9991059578281728   } 
   weightvar { 0.09844724598788451   } 
   kinetic_energy { 3.803043228419873   } 
   kinetic_energyvar { 4.62221209714272   } 
   potential_energy { -10.42130465900342   } 
   potential_energyvar { 6.090940395460808   } 
   nonlocal_energy { 0.6792404129138528   } 
   nonlocal_energyvar { 2.787906998993162   } 
   autocorr_energy { } 
} 

block { 
   label ts_0.002
   totweight 8704000
   nautocorr 0
   total_energy { -5.938597747183002   } 
   total_energyvar { 0.0406504878375412   } 
   weight { 0.9993848165497642   } 
   weightvar { 0.09833874341613848   } 
   kinetic_energy { 3.802768318712868   } 
   kinetic_energyvar { 4.616097087562812   } 
   potential_energy { -10.41713265464035   } 
   potential_energyvar { 6.008487293565494   } 
   nonlocal_energy { 0.6757665887444824   } 
   nonlocal_energyvar { 2.691750991302329   } 
   autocorr_energy { } 
} 

block { 
   label ts_0.002
   totweight 8704000
   nautocorr 0
   total_energy { -5.938657708736827   } 
   total_energyvar { 0.04046286413393475   } 
   weight { 0.9991270045312571   } 
   weightvar { 0.09821860954532748   } 
   kinetic_energy { 3.797465162770926   } 
   kinetic_energyvar { 4.552325389661812   } 
   potential_energy { -10.40967244616246   } 
   potential_energyvar { 5.916890348369237   } 
   nonlocal_energy { 0.6735495746547114   } 
   nonlocal_energyvar { 2.569217378327869   } 
   autocorr_energy { } 
} 

block { 
   label ts_0.002
   totweight 8704000
   nautocorr 0
   total_energy { -5.938534490611088   } 
   total_energyvar { 0.04032470590302694   } 
   weight { 0.9991356415452013   } 
   weightvar { 0.09853203306104413   } 
   kinetic_energy { 3.810322989451676   } 
   kinetic_energyvar { 4.543400480894227   } 
   potential_energy { -10.42197421064023   } 
   potential_energyvar { 5.932510035891284   } 
   nonlocal_energy { 0.6731167305774708   } 
   nonlocal_energyvar { 2.64610621060977   } 
   autocorr_energy { } 
} 

block { 
   label ts_0.002
   totweight 8704000
   nautocorr 0
   total_energy { -5.938590653644127   } 
   total_energyvar { 0.04009995713217807   } 
   weight { 0.9988716162709097   } 
   weightvar { 0.09752233326896735   } 
   kinetic_energy { 3.794795791185059   } 
   kinetic_energyvar { 4.572642580406974   } 
   potential_energy { -10.40572385615895   } 
   potential_energyvar { 5.890704310359505   } 
   nonlocal_energy { 0.6723374113297661   } 
   nonlocal_energyvar { 2.631676406388437   } 
   autocorr_energy { } 
} 

block { 
   label ts_0.002
   totweight 8704000
   nautocorr 0
   total_energy { -5.940146637559564   } 
   total_energyvar { 0.04264752000251325   } 
   weight { 0.9997691976443397   } 
   weightvar { 0.09784245043790044   } 
   kinetic_energy { 3.792550750481625   } 
   kinetic_energyvar { 4.588377891597242   } 
   potential_energy { -10.41370266986654   } 
   potential_energyvar { 5.9015052791868   } 
   nonlocal_energy { 0.6810052818253506   } 
   nonlocal_energyvar { 2.604912434076387   } 
   autocorr_energy { } 
} 

block { 
   label ts_0.002
   totweight 8704000
   nautocorr 0
   total_energy { -5.939463550252085   } 
   total_energyvar { 0.04095740423459085   } 
   weight { 1.000024178156129   } 
   weightvar { 0.09929533268224704   } 
   kinetic_energy { 3.78850802549058   } 
   kinetic_energyvar { 4.633133888438539   } 
   potential_energy { -10.4175389948685   } 
   potential_energyvar { 5.968501654213741   } 
   nonlocal_energy { 0.689567419125839   } 
   nonlocal_energyvar { 2.782794689667579   } 
   autocorr_energy { } 
} 

block { 
   label ts_0.002
   totweight 8704000
   nautocorr 0
   total_energy { -5.939222259647779   } 
   total_energyvar { 0.0413894568072224   } 
   weight { 0.9999144662835292   } 
   weightvar { 0.09811021423210067   } 
   kinetic_energy { 3.791733508166872   } 
   kinetic_energyvar { 4.620702822281071   } 
   potential_energy { -10.42354672907584   } 
   potential_energyvar { 6.112830826180786   } 
   nonlocal_energy { 0.6925909612611872   } 
   nonlocal_energyvar { 2.902059913653764   } 
   autocorr_energy { } 
} 

block { 
   label ts_0.002
   totweight 8704000
   nautocorr 0
   total_energy { -5.939279613862829   } 
   total_energyvar { 0.03996020474892853   } 
   weight { 0.999862808655118   } 
   weightvar { 0.0967770396296887   } 
   kinetic_energy { 3.804756623109049   } 
   kinetic_energyvar { 4.553042631674604   } 
   potential_energy { -10.42313847985683   } 
   potential_energyvar { 6.06609923332634   } 
   nonlocal_energy { 0.6791022428849524   } 
   nonlocal_energyvar { 2.725087582895426   } 
   autocorr_energy { } 
} 

block { 
   label ts_0.002
   totweight 8704000
   nautocorr 0
   total_energy { -5.938385358891005   } 
   total_energyvar { 0.04025813309063719   } 
   weight { 0.999438539906366   } 
   weightvar { 0.09706356420106008   } 
   kinetic_energy { 3.809566098678371   } 
   kinetic_energyvar { 4.635833401883534   } 
   potential_energy { -10.4246756131219   } 
   potential_energyvar { 5.990369160060211   } 
   nonlocal_energy { 0.6767241555525263   } 
   nonlocal_energyvar { 2.647855843741546   } 
   autocorr_energy { } 
} 

block { 
   label ts_0.002
   totweight 8704000
   nautocorr 0
   total_energy { -5.938517300546068   } 
   total_energyvar { 0.0411990388354343   } 
   weight { 0.9992153124525956   } 
   weightvar { 0.0969077112987496   } 
   kinetic_energy { 3.801557366835998   } 
   kinetic_energyvar { 4.701957551094155   } 
   potential_energy { -10.42478943630637   } 
   potential_energyvar { 5.999948281762203   } 
   nonlocal_energy { 0.6847147689243082   } 
   nonlocal_energyvar { 2.754745824611985   } 
   autocorr_energy { } 
} 

