/home/gani/docs/molecules_si/SiH4/qp2/gs_cis/SiH4.out recognized as gamessFile
Electrons	...	OK
Nuclei		...	OK
AOS		...	OK
MOS		...	OK
Pseudos		...	OK
Date: 08/07/2020 20:11:28
===============
Quantum Package
===============

Git Commit: Changing molden 'Atoms' label to match coordinate units
Git Date  : Tue Jun 16 18:00:02 2020 +0200
Git SHA1  : 470addca0292ec2f3c9935321a2d9da7c10de5f6
EZFIO Dir : /home/gani/docs/molecules_si/SiH4/qp2/gs_cis/SiH4.ezfio


Task server running : tcp://127.0.1.1:41279
.. >>>>> [ IO READ: ao_num ] <<<<< ..

.. >>>>> [ RES  MEM :       0.003914 GB ] [ VIRT MEM :       0.018375 GB ] <<<<< ..
.. >>>>> [ WALL TIME:       0.000186  s ] [ CPU  TIME:       0.001267  s ] <<<<< ..

* mo_num                                                       263
 Read  mo_coef
.. >>>>> [ IO READ: io_ao_integrals_overlap ] <<<<< ..

.. >>>>> [ RES  MEM :       0.005116 GB ] [ VIRT MEM :       0.511864 GB ] <<<<< ..
.. >>>>> [ WALL TIME:       0.067468  s ] [ CPU  TIME:       0.343529  s ] <<<<< ..

.. >>>>> [ IO READ: ao_prim_num ] <<<<< ..

.. >>>>> [ RES  MEM :       0.008381 GB ] [ VIRT MEM :       0.515110 GB ] <<<<< ..
.. >>>>> [ WALL TIME:       0.069133  s ] [ CPU  TIME:       0.356343  s ] <<<<< ..

.. >>>>> [ IO READ: ao_expo ] <<<<< ..

.. >>>>> [ RES  MEM :       0.008381 GB ] [ VIRT MEM :       0.515259 GB ] <<<<< ..
.. >>>>> [ WALL TIME:       0.071965  s ] [ CPU  TIME:       0.377752  s ] <<<<< ..

.. >>>>> [ IO READ: ao_coef ] <<<<< ..

.. >>>>> [ RES  MEM :       0.008381 GB ] [ VIRT MEM :       0.515259 GB ] <<<<< ..
.. >>>>> [ WALL TIME:       0.074940  s ] [ CPU  TIME:       0.398626  s ] <<<<< ..

.. >>>>> [ IO READ: ao_power ] <<<<< ..

.. >>>>> [ RES  MEM :       0.008381 GB ] [ VIRT MEM :       0.515259 GB ] <<<<< ..
.. >>>>> [ WALL TIME:       0.076015  s ] [ CPU  TIME:       0.406566  s ] <<<<< ..

.. >>>>> [ IO READ: ao_nucl ] <<<<< ..

.. >>>>> [ RES  MEM :       0.008709 GB ] [ VIRT MEM :       0.515396 GB ] <<<<< ..
.. >>>>> [ WALL TIME:       0.077030  s ] [ CPU  TIME:       0.415305  s ] <<<<< ..

.. >>>>> [ IO READ: nucl_num ] <<<<< ..

.. >>>>> [ RES  MEM :       0.008709 GB ] [ VIRT MEM :       0.515396 GB ] <<<<< ..
.. >>>>> [ WALL TIME:       0.077241  s ] [ CPU  TIME:       0.415457  s ] <<<<< ..

.. >>>>> [ IO READ: nucl_label ] <<<<< ..

.. >>>>> [ RES  MEM :       0.008709 GB ] [ VIRT MEM :       0.515396 GB ] <<<<< ..
.. >>>>> [ WALL TIME:       0.077501  s ] [ CPU  TIME:       0.416222  s ] <<<<< ..

.. >>>>> [ IO READ: nucl_charge ] <<<<< ..

.. >>>>> [ RES  MEM :       0.008709 GB ] [ VIRT MEM :       0.515396 GB ] <<<<< ..
.. >>>>> [ WALL TIME:       0.077756  s ] [ CPU  TIME:       0.416672  s ] <<<<< ..


.. >>>>> [ RES  MEM :       0.008709 GB ] [ VIRT MEM :       0.515396 GB ] <<<<< ..
.. >>>>> [ WALL TIME:       0.077978  s ] [ CPU  TIME:       0.423630  s ] <<<<< ..


Nuclear Coordinates (Angstroms)
===============================

================ ============ ============ ============ ============
      Atom          Charge          X            Y            Z 
================ ============ ============ ============ ============
Si                   4.000000     0.000000     0.000000     0.000000
H                    1.000000     0.854400     0.854400     0.854400
H                    1.000000    -0.854400    -0.854400     0.854400
H                    1.000000    -0.854400     0.854400    -0.854400
H                    1.000000     0.854400    -0.854400    -0.854400
================ ============ ============ ============ ============

 * mo_label          Orthonormalized
.. >>>>> [ IO READ: elec_beta_num ] <<<<< ..

.. >>>>> [ RES  MEM :       0.014427 GB ] [ VIRT MEM :       0.518459 GB ] <<<<< ..
.. >>>>> [ WALL TIME:       0.494292  s ] [ CPU  TIME:       3.192902  s ] <<<<< ..

.. >>>>> [ IO READ: elec_alpha_num ] <<<<< ..

.. >>>>> [ RES  MEM :       0.014427 GB ] [ VIRT MEM :       0.518459 GB ] <<<<< ..
.. >>>>> [ WALL TIME:       0.494443  s ] [ CPU  TIME:       3.192993  s ] <<<<< ..

 Read mo_occ
.. >>>>> [ IO READ: ao_md5 ] <<<<< ..

.. >>>>> [ RES  MEM :       0.014427 GB ] [ VIRT MEM :       0.518459 GB ] <<<<< ..
.. >>>>> [ WALL TIME:       0.495018  s ] [ CPU  TIME:       3.194459  s ] <<<<< ..

.. >>>>> [ IO READ: mo_class ] <<<<< ..

.. >>>>> [ RES  MEM :       0.014427 GB ] [ VIRT MEM :       0.518459 GB ] <<<<< ..
.. >>>>> [ WALL TIME:       0.495463  s ] [ CPU  TIME:       3.198456  s ] <<<<< ..

Wall time: 0:00:02

