#-------------------------------------------------
#VMC run: timestep 1 nconfig 17408 steps 20
#-------------------------------------------------


init { 
   label vmc
}
block { 
   label vmc
   totweight 348160
   nautocorr 0
   total_energy { -4.845384756052451   } 
   total_energyvar { 0.4644857465385018   } 
   weight { 1   } 
   weightvar { 1.776356839400247e-15   } 
   kinetic_energy { 2.60785024518577   } 
   kinetic_energyvar { 2.527093303705752   } 
   potential_energy { -8.065836596775133   } 
   potential_energyvar { 4.36301111201123   } 
   nonlocal_energy { 0.6126015955369108   } 
   nonlocal_energyvar { 2.195291362113063   } 
   autocorr_energy { } 
} 

block { 
   label vmc
   totweight 348160
   nautocorr 0
   total_energy { -4.844384787284734   } 
   total_energyvar { 0.5013301248576832   } 
   weight { 1   } 
   weightvar { 1.776356839400247e-15   } 
   kinetic_energy { 2.607591142399847   } 
   kinetic_energyvar { 2.60035370088946   } 
   potential_energy { -8.070260494711963   } 
   potential_energyvar { 4.369192965555446   } 
   nonlocal_energy { 0.6182845650273801   } 
   nonlocal_energyvar { 2.18235288458524   } 
   autocorr_energy { } 
} 

block { 
   label vmc
   totweight 348160
   nautocorr 0
   total_energy { -4.847388593288095   } 
   total_energyvar { 0.4945883555514882   } 
   weight { 1   } 
   weightvar { 1.776356839400247e-15   } 
   kinetic_energy { 2.617342192083906   } 
   kinetic_energyvar { 2.607348244874909   } 
   potential_energy { -8.079310014657805   } 
   potential_energyvar { 4.319368356035799   } 
   nonlocal_energy { 0.6145792292858037   } 
   nonlocal_energyvar { 2.101650465723717   } 
   autocorr_energy { } 
} 

block { 
   label vmc
   totweight 348160
   nautocorr 0
   total_energy { -4.844899216163237   } 
   total_energyvar { 0.4841182819019759   } 
   weight { 1   } 
   weightvar { 1.776356839400247e-15   } 
   kinetic_energy { 2.603103237808963   } 
   kinetic_energyvar { 2.576266409742128   } 
   potential_energy { -8.065937023748571   } 
   potential_energyvar { 4.25500734520176   } 
   nonlocal_energy { 0.6179345697763702   } 
   nonlocal_energyvar { 2.181130664116318   } 
   autocorr_energy { } 
} 

block { 
   label vmc
   totweight 348160
   nautocorr 0
   total_energy { -4.846004503826965   } 
   total_energyvar { 0.4596425372276167   } 
   weight { 1   } 
   weightvar { 1.776356839400247e-15   } 
   kinetic_energy { 2.611097826862045   } 
   kinetic_energyvar { 2.577768107059911   } 
   potential_energy { -8.071905884093214   } 
   potential_energyvar { 4.149376941247576   } 
   nonlocal_energy { 0.6148035534042046   } 
   nonlocal_energyvar { 2.050085116182872   } 
   autocorr_energy { } 
} 

block { 
   label vmc
   totweight 348160
   nautocorr 0
   total_energy { -4.846020600069045   } 
   total_energyvar { 0.4939095114967853   } 
   weight { 1   } 
   weightvar { 1.776356839400247e-15   } 
   kinetic_energy { 2.607894975665538   } 
   kinetic_energyvar { 2.563129154915181   } 
   potential_energy { -8.068582366387425   } 
   potential_energyvar { 4.464112095775712   } 
   nonlocal_energy { 0.6146667906528422   } 
   nonlocal_energyvar { 2.287959684762034   } 
   autocorr_energy { } 
} 

block { 
   label vmc
   totweight 348160
   nautocorr 0
   total_energy { -4.846282066952722   } 
   total_energyvar { 0.487913939426107   } 
   weight { 1   } 
   weightvar { 1.776356839400247e-15   } 
   kinetic_energy { 2.613200669068992   } 
   kinetic_energyvar { 2.550751228691444   } 
   potential_energy { -8.071132258817469   } 
   potential_energyvar { 4.329937289375294   } 
   nonlocal_energy { 0.6116495227957557   } 
   nonlocal_energyvar { 2.130226891509269   } 
   autocorr_energy { } 
} 

block { 
   label vmc
   totweight 348160
   nautocorr 0
   total_energy { -4.846193582258875   } 
   total_energyvar { 0.4643262628289379   } 
   weight { 1   } 
   weightvar { 1.776356839400247e-15   } 
   kinetic_energy { 2.618639930851188   } 
   kinetic_energyvar { 2.600082851620951   } 
   potential_energy { -8.07860804410435   } 
   potential_energyvar { 4.387358954791797   } 
   nonlocal_energy { 0.6137745309942868   } 
   nonlocal_energyvar { 2.177668805251128   } 
   autocorr_energy { } 
} 

block { 
   label vmc
   totweight 348160
   nautocorr 0
   total_energy { -4.846095838670593   } 
   total_energyvar { 0.448487268491447   } 
   weight { 1   } 
   weightvar { 1.776356839400247e-15   } 
   kinetic_energy { 2.608297291005103   } 
   kinetic_energyvar { 2.601019708300199   } 
   potential_energy { -8.070635774306854   } 
   potential_energyvar { 4.271784699502012   } 
   nonlocal_energy { 0.616242644631159   } 
   nonlocal_energyvar { 2.157929967014661   } 
   autocorr_energy { } 
} 

block { 
   label vmc
   totweight 348160
   nautocorr 0
   total_energy { -4.846435033453217   } 
   total_energyvar { 0.4680981899357818   } 
   weight { 1   } 
   weightvar { 1.776356839400247e-15   } 
   kinetic_energy { 2.60096313461025   } 
   kinetic_energyvar { 2.528646761063569   } 
   potential_energy { -8.060299657633417   } 
   potential_energyvar { 4.161027971706329   } 
   nonlocal_energy { 0.6129014895699479   } 
   nonlocal_energyvar { 2.046437400923425   } 
   autocorr_energy { } 
} 

block { 
   label vmc
   totweight 348160
   nautocorr 0
   total_energy { -4.846484039826979   } 
   total_energyvar { 0.4649454665872381   } 
   weight { 1   } 
   weightvar { 1.776356839400247e-15   } 
   kinetic_energy { 2.606302022533407   } 
   kinetic_energyvar { 2.559519319560784   } 
   potential_energy { -8.060962666517295   } 
   potential_energyvar { 4.319211168031011   } 
   nonlocal_energy { 0.6081766041569102   } 
   nonlocal_energyvar { 2.150467902420138   } 
   autocorr_energy { } 
} 

block { 
   label vmc
   totweight 348160
   nautocorr 0
   total_energy { -4.847912375726835   } 
   total_energyvar { 0.4470080623934042   } 
   weight { 1   } 
   weightvar { 1.776356839400247e-15   } 
   kinetic_energy { 2.607381756968983   } 
   kinetic_energyvar { 2.541566404401747   } 
   potential_energy { -8.067688674464879   } 
   potential_energyvar { 4.138544260578793   } 
   nonlocal_energy { 0.6123945417690607   } 
   nonlocal_energyvar { 2.055205251319303   } 
   autocorr_energy { } 
} 

block { 
   label vmc
   totweight 348160
   nautocorr 0
   total_energy { -4.845544377539976   } 
   total_energyvar { 0.4647109609379337   } 
   weight { 1   } 
   weightvar { 1.776356839400247e-15   } 
   kinetic_energy { 2.61554493851137   } 
   kinetic_energyvar { 2.629973254558396   } 
   potential_energy { -8.079064416639797   } 
   potential_energyvar { 4.62351333994912   } 
   nonlocal_energy { 0.6179751005884496   } 
   nonlocal_energyvar { 2.356482697483729   } 
   autocorr_energy { } 
} 

block { 
   label vmc
   totweight 348160
   nautocorr 0
   total_energy { -4.845732595898884   } 
   total_energyvar { 0.4508403057812727   } 
   weight { 1   } 
   weightvar { 1.776356839400247e-15   } 
   kinetic_energy { 2.611198901944105   } 
   kinetic_energyvar { 2.568829825745629   } 
   potential_energy { -8.072502498229296   } 
   potential_energyvar { 4.55569654596038   } 
   nonlocal_energy { 0.6155710003863093   } 
   nonlocal_energyvar { 2.401142459319814   } 
   autocorr_energy { } 
} 

block { 
   label vmc
   totweight 348160
   nautocorr 0
   total_energy { -4.845369100651046   } 
   total_energyvar { 0.4547287140772659   } 
   weight { 1   } 
   weightvar { 1.776356839400247e-15   } 
   kinetic_energy { 2.614908052366476   } 
   kinetic_energyvar { 2.613027032674678   } 
   potential_energy { -8.077724735067216   } 
   potential_energyvar { 4.623577514531596   } 
   nonlocal_energy { 0.6174475820496947   } 
   nonlocal_energyvar { 2.404890074641715   } 
   autocorr_energy { } 
} 

block { 
   label vmc
   totweight 348160
   nautocorr 0
   total_energy { -4.843114431877715   } 
   total_energyvar { 0.6922238191116056   } 
   weight { 1   } 
   weightvar { 1.776356839400247e-15   } 
   kinetic_energy { 2.609775728733991   } 
   kinetic_energyvar { 2.56878961100571   } 
   potential_energy { -8.068383303233842   } 
   potential_energyvar { 4.477030458548817   } 
   nonlocal_energy { 0.6154931426221348   } 
   nonlocal_energyvar { 2.104453432879776   } 
   autocorr_energy { } 
} 

block { 
   label vmc
   totweight 348160
   nautocorr 0
   total_energy { -4.845883504191857   } 
   total_energyvar { 0.4534018230300347   } 
   weight { 1   } 
   weightvar { 1.776356839400247e-15   } 
   kinetic_energy { 2.618993468507294   } 
   kinetic_energyvar { 2.613853374054553   } 
   potential_energy { -8.078014905147739   } 
   potential_energyvar { 4.296701969409289   } 
   nonlocal_energy { 0.6131379324485855   } 
   nonlocal_energyvar { 2.182247086066285   } 
   autocorr_energy { } 
} 

block { 
   label vmc
   totweight 348160
   nautocorr 0
   total_energy { -4.847093173581253   } 
   total_energyvar { 0.4900559705531231   } 
   weight { 1   } 
   weightvar { 1.776356839400247e-15   } 
   kinetic_energy { 2.617549739210278   } 
   kinetic_energyvar { 2.546907696825314   } 
   potential_energy { -8.072315906605429   } 
   potential_energyvar { 4.241328225295689   } 
   nonlocal_energy { 0.6076729938138968   } 
   nonlocal_energyvar { 2.029882639973486   } 
   autocorr_energy { } 
} 

block { 
   label vmc
   totweight 348160
   nautocorr 0
   total_energy { -4.843720908499544   } 
   total_energyvar { 0.4963973979252773   } 
   weight { 1   } 
   weightvar { 1.776356839400247e-15   } 
   kinetic_energy { 2.609635782031225   } 
   kinetic_energyvar { 2.581520325989791   } 
   potential_energy { -8.067346579587793   } 
   potential_energyvar { 4.183858247934156   } 
   nonlocal_energy { 0.6139898890570252   } 
   nonlocal_energyvar { 2.049497014615992   } 
   autocorr_energy { } 
} 

block { 
   label vmc
   totweight 348160
   nautocorr 0
   total_energy { -4.846665572347893   } 
   total_energyvar { 0.4515829970231802   } 
   weight { 1   } 
   weightvar { 1.776356839400247e-15   } 
   kinetic_energy { 2.6097670668305   } 
   kinetic_energyvar { 2.54101095788113   } 
   potential_energy { -8.067078463950825   } 
   potential_energyvar { 4.245949310225361   } 
   nonlocal_energy { 0.610645824772433   } 
   nonlocal_energyvar { 2.129848740143261   } 
   autocorr_energy { } 
} 

block { 
   label vmc
   totweight 348160
   nautocorr 0
   total_energy { -4.845685694390763   } 
   total_energyvar { 0.4600399944036586   } 
   weight { 1   } 
   weightvar { 1.776356839400247e-15   } 
   kinetic_energy { 2.605991686589663   } 
   kinetic_energyvar { 2.552469093893025   } 
   potential_energy { -8.064503406038629   } 
   potential_energyvar { 4.344590463393065   } 
   nonlocal_energy { 0.6128260250582017   } 
   nonlocal_energyvar { 2.193339603043516   } 
   autocorr_energy { } 
} 

block { 
   label vmc
   totweight 348160
   nautocorr 0
   total_energy { -4.846749021813245   } 
   total_energyvar { 0.4503064623378216   } 
   weight { 1   } 
   weightvar { 1.776356839400247e-15   } 
   kinetic_energy { 2.614452887124673   } 
   kinetic_energyvar { 2.5440454588965   } 
   potential_energy { -8.073646190710052   } 
   potential_energyvar { 4.197355182307438   } 
   nonlocal_energy { 0.6124442817721354   } 
   nonlocal_energyvar { 2.03639487584877   } 
   autocorr_energy { } 
} 

block { 
   label vmc
   totweight 348160
   nautocorr 0
   total_energy { -4.847498775251563   } 
   total_energyvar { 0.4650001361585729   } 
   weight { 1   } 
   weightvar { 1.776356839400247e-15   } 
   kinetic_energy { 2.607061051065973   } 
   kinetic_energyvar { 2.562738227117575   } 
   potential_energy { -8.063942228529925   } 
   potential_energyvar { 4.287012211861961   } 
   nonlocal_energy { 0.6093824022123884   } 
   nonlocal_energyvar { 2.177075145439966   } 
   autocorr_energy { } 
} 

block { 
   label vmc
   totweight 348160
   nautocorr 0
   total_energy { -4.847283893363137   } 
   total_energyvar { 0.4518289194083263   } 
   weight { 1   } 
   weightvar { 1.776356839400247e-15   } 
   kinetic_energy { 2.610775888846077   } 
   kinetic_energyvar { 2.574706373654703   } 
   potential_energy { -8.072296694942764   } 
   potential_energyvar { 4.237668112846694   } 
   nonlocal_energy { 0.6142369127335515   } 
   nonlocal_energyvar { 2.071479187411291   } 
   autocorr_energy { } 
} 

block { 
   label vmc
   totweight 348160
   nautocorr 0
   total_energy { -4.846444483747725   } 
   total_energyvar { 0.4680119176650883   } 
   weight { 1   } 
   weightvar { 1.776356839400247e-15   } 
   kinetic_energy { 2.614072106932007   } 
   kinetic_energyvar { 2.552741623842003   } 
   potential_energy { -8.074748895519374   } 
   potential_energyvar { 4.361612288811581   } 
   nonlocal_energy { 0.6142323048396398   } 
   nonlocal_energyvar { 2.14813752192012   } 
   autocorr_energy { } 
} 

block { 
   label vmc
   totweight 348160
   nautocorr 0
   total_energy { -4.844298593535577   } 
   total_energyvar { 0.4783052447040543   } 
   weight { 1   } 
   weightvar { 1.776356839400247e-15   } 
   kinetic_energy { 2.612879648070179   } 
   kinetic_energyvar { 2.581735508395253   } 
   potential_energy { -8.067350930356906   } 
   potential_energyvar { 4.192922561898349   } 
   nonlocal_energy { 0.6101726887511512   } 
   nonlocal_energyvar { 2.070530706837309   } 
   autocorr_energy { } 
} 

block { 
   label vmc
   totweight 348160
   nautocorr 0
   total_energy { -4.84738750486287   } 
   total_energyvar { 0.4635628796592975   } 
   weight { 1   } 
   weightvar { 1.776356839400247e-15   } 
   kinetic_energy { 2.617180150268982   } 
   kinetic_energyvar { 2.56220653819645   } 
   potential_energy { -8.073938772791031   } 
   potential_energyvar { 4.301158685624243   } 
   nonlocal_energy { 0.6093711176591815   } 
   nonlocal_energyvar { 2.10245671831273   } 
   autocorr_energy { } 
} 

block { 
   label vmc
   totweight 348160
   nautocorr 0
   total_energy { -4.846002633484735   } 
   total_energyvar { 0.4522177928924962   } 
   weight { 1   } 
   weightvar { 1.776356839400247e-15   } 
   kinetic_energy { 2.612598480276736   } 
   kinetic_energyvar { 2.544036602542183   } 
   potential_energy { -8.071088208337537   } 
   potential_energyvar { 4.240201849021649   } 
   nonlocal_energy { 0.6124870945760658   } 
   nonlocal_energyvar { 2.102637411835116   } 
   autocorr_energy { } 
} 

block { 
   label vmc
   totweight 348160
   nautocorr 0
   total_energy { -4.847834182427351   } 
   total_energyvar { 0.4505550046153901   } 
   weight { 1   } 
   weightvar { 1.776356839400247e-15   } 
   kinetic_energy { 2.610347329742682   } 
   kinetic_energyvar { 2.567368817280276   } 
   potential_energy { -8.072565369060683   } 
   potential_energyvar { 4.096117091993602   } 
   nonlocal_energy { 0.6143838568906526   } 
   nonlocal_energyvar { 2.01568869372354   } 
   autocorr_energy { } 
} 

block { 
   label vmc
   totweight 348160
   nautocorr 0
   total_energy { -4.846048933170502   } 
   total_energyvar { 0.4745716982457651   } 
   weight { 1   } 
   weightvar { 1.776356839400247e-15   } 
   kinetic_energy { 2.612727455814879   } 
   kinetic_energyvar { 2.571473414860897   } 
   potential_energy { -8.071406009233115   } 
   potential_energyvar { 4.288281061274284   } 
   nonlocal_energy { 0.6126296202477356   } 
   nonlocal_energyvar { 2.127636030502941   } 
   autocorr_energy { } 
} 

block { 
   label vmc
   totweight 348160
   nautocorr 0
   total_energy { -4.846157358859402   } 
   total_energyvar { 0.4628875385213639   } 
   weight { 1   } 
   weightvar { 1.776356839400247e-15   } 
   kinetic_energy { 2.614987619584712   } 
   kinetic_energyvar { 2.551576984590497   } 
   potential_energy { -8.075713356950168   } 
   potential_energyvar { 4.491230289586668   } 
   nonlocal_energy { 0.6145683785060554   } 
   nonlocal_energyvar { 2.263605248762494   } 
   autocorr_energy { } 
} 

block { 
   label vmc
   totweight 348160
   nautocorr 0
   total_energy { -4.844338617200277   } 
   total_energyvar { 0.5155365262279107   } 
   weight { 1   } 
   weightvar { 1.776356839400247e-15   } 
   kinetic_energy { 2.617690188471776   } 
   kinetic_energyvar { 2.613811572295031   } 
   potential_energy { -8.073057680521632   } 
   potential_energyvar { 4.197380175014833   } 
   nonlocal_energy { 0.6110288748495791   } 
   nonlocal_energyvar { 2.041329286342096   } 
   autocorr_energy { } 
} 

block { 
   label vmc
   totweight 348160
   nautocorr 0
   total_energy { -4.843913539753027   } 
   total_energyvar { 0.4678490822067183   } 
   weight { 1   } 
   weightvar { 1.776356839400247e-15   } 
   kinetic_energy { 2.611653566839275   } 
   kinetic_energyvar { 2.600152990707334   } 
   potential_energy { -8.066306341036007   } 
   potential_energyvar { 4.31586058331638   } 
   nonlocal_energy { 0.6107392344437058   } 
   nonlocal_energyvar { 2.177928639740745   } 
   autocorr_energy { } 
} 

block { 
   label vmc
   totweight 348160
   nautocorr 0
   total_energy { -4.84719902358495   } 
   total_energyvar { 0.4612187049398014   } 
   weight { 1   } 
   weightvar { 1.776356839400247e-15   } 
   kinetic_energy { 2.609411191582175   } 
   kinetic_energyvar { 2.549901966385725   } 
   potential_energy { -8.075297652922552   } 
   potential_energyvar { 4.405286870000373   } 
   nonlocal_energy { 0.6186874377554277   } 
   nonlocal_energyvar { 2.272296559311854   } 
   autocorr_energy { } 
} 

block { 
   label vmc
   totweight 348160
   nautocorr 0
   total_energy { -4.845379498368929   } 
   total_energyvar { 0.4679544025623297   } 
   weight { 1   } 
   weightvar { 1.776356839400247e-15   } 
   kinetic_energy { 2.606334353793908   } 
   kinetic_energyvar { 2.605300766165418   } 
   potential_energy { -8.067261205957244   } 
   potential_energyvar { 4.22160858704695   } 
   nonlocal_energy { 0.6155473537944083   } 
   nonlocal_energyvar { 2.125465894981414   } 
   autocorr_energy { } 
} 

block { 
   label vmc
   totweight 348160
   nautocorr 0
   total_energy { -4.843358402814238   } 
   total_energyvar { 0.4729716498861303   } 
   weight { 1   } 
   weightvar { 1.776356839400247e-15   } 
   kinetic_energy { 2.613753081961882   } 
   kinetic_energyvar { 2.610610074372079   } 
   potential_energy { -8.071128589180038   } 
   potential_energyvar { 4.305431806066374   } 
   nonlocal_energy { 0.6140171044039171   } 
   nonlocal_energyvar { 2.101291182137685   } 
   autocorr_energy { } 
} 

block { 
   label vmc
   totweight 348160
   nautocorr 0
   total_energy { -4.846245308944326   } 
   total_energyvar { 0.4814707626758432   } 
   weight { 1   } 
   weightvar { 1.776356839400247e-15   } 
   kinetic_energy { 2.610258255690277   } 
   kinetic_energyvar { 2.536500113435393   } 
   potential_energy { -8.071533755420509   } 
   potential_energyvar { 4.292844826082527   } 
   nonlocal_energy { 0.6150301907859073   } 
   nonlocal_energyvar { 2.152472128686486   } 
   autocorr_energy { } 
} 

block { 
   label vmc
   totweight 348160
   nautocorr 0
   total_energy { -4.845890238330515   } 
   total_energyvar { 0.4656481959101622   } 
   weight { 1   } 
   weightvar { 1.776356839400247e-15   } 
   kinetic_energy { 2.616155714333695   } 
   kinetic_energyvar { 2.549465554628696   } 
   potential_energy { -8.078256590360397   } 
   potential_energyvar { 4.451581497240719   } 
   nonlocal_energy { 0.6162106376961868   } 
   nonlocal_energyvar { 2.268423134612276   } 
   autocorr_energy { } 
} 

block { 
   label vmc
   totweight 348160
   nautocorr 0
   total_energy { -4.84563028174564   } 
   total_energyvar { 0.4789594176813448   } 
   weight { 1   } 
   weightvar { 1.776356839400247e-15   } 
   kinetic_energy { 2.606604739458438   } 
   kinetic_energyvar { 2.587024814940921   } 
   potential_energy { -8.063721230560285   } 
   potential_energyvar { 4.385260680245322   } 
   nonlocal_energy { 0.6114862093562066   } 
   nonlocal_energyvar { 2.246915011878801   } 
   autocorr_energy { } 
} 

block { 
   label vmc
   totweight 348160
   nautocorr 0
   total_energy { -4.845957321184381   } 
   total_energyvar { 0.4518853050949099   } 
   weight { 1   } 
   weightvar { 1.776356839400247e-15   } 
   kinetic_energy { 2.611736116788228   } 
   kinetic_energyvar { 2.589500679722327   } 
   potential_energy { -8.068296732259897   } 
   potential_energyvar { 4.271925167772396   } 
   nonlocal_energy { 0.6106032942872888   } 
   nonlocal_energyvar { 2.147834139292559   } 
   autocorr_energy { } 
} 

block { 
   label vmc
   totweight 348160
   nautocorr 0
   total_energy { -4.846646577487889   } 
   total_energyvar { 0.5053662328510303   } 
   weight { 1   } 
   weightvar { 1.776356839400247e-15   } 
   kinetic_energy { 2.610777189054343   } 
   kinetic_energyvar { 2.634283555705911   } 
   potential_energy { -8.063670809617777   } 
   potential_energyvar { 4.186097210138437   } 
   nonlocal_energy { 0.6062470430755457   } 
   nonlocal_energyvar { 2.102885539449584   } 
   autocorr_energy { } 
} 

block { 
   label vmc
   totweight 348160
   nautocorr 0
   total_energy { -4.846026075926244   } 
   total_energyvar { 0.5470999417082314   } 
   weight { 1   } 
   weightvar { 1.776356839400247e-15   } 
   kinetic_energy { 2.606937023097031   } 
   kinetic_energyvar { 2.636731920196857   } 
   potential_energy { -8.06685595431008   } 
   potential_energyvar { 4.331157985395277   } 
   nonlocal_energy { 0.6138928552868035   } 
   nonlocal_energyvar { 2.212979253773109   } 
   autocorr_energy { } 
} 

block { 
   label vmc
   totweight 348160
   nautocorr 0
   total_energy { -4.846222741048172   } 
   total_energyvar { 0.45728281855492   } 
   weight { 1   } 
   weightvar { 1.776356839400247e-15   } 
   kinetic_energy { 2.615108821469062   } 
   kinetic_energyvar { 2.594273867746388   } 
   potential_energy { -8.074806462899355   } 
   potential_energyvar { 4.351013895254108   } 
   nonlocal_energy { 0.6134749003821213   } 
   nonlocal_energyvar { 2.112370739703352   } 
   autocorr_energy { } 
} 

block { 
   label vmc
   totweight 348160
   nautocorr 0
   total_energy { -4.844236005097686   } 
   total_energyvar { 0.5547671512200191   } 
   weight { 1   } 
   weightvar { 1.776356839400247e-15   } 
   kinetic_energy { 2.616295409461919   } 
   kinetic_energyvar { 2.575140235912753   } 
   potential_energy { -8.077109933750496   } 
   potential_energyvar { 4.40697639529153   } 
   nonlocal_energy { 0.6165785191908933   } 
   nonlocal_energyvar { 2.125447024592924   } 
   autocorr_energy { } 
} 

block { 
   label vmc
   totweight 348160
   nautocorr 0
   total_energy { -4.846601588762365   } 
   total_energyvar { 0.4609001356572889   } 
   weight { 1   } 
   weightvar { 1.776356839400247e-15   } 
   kinetic_energy { 2.615505928060215   } 
   kinetic_energyvar { 2.606797067306119   } 
   potential_energy { -8.074812173525919   } 
   potential_energyvar { 4.337865427461531   } 
   nonlocal_energy { 0.612704656703338   } 
   nonlocal_energyvar { 2.113685204757059   } 
   autocorr_energy { } 
} 

block { 
   label vmc
   totweight 348160
   nautocorr 0
   total_energy { -4.844695059803657   } 
   total_energyvar { 0.4722025999602966   } 
   weight { 1   } 
   weightvar { 1.776356839400247e-15   } 
   kinetic_energy { 2.618466197742169   } 
   kinetic_energyvar { 2.60584689415137   } 
   potential_energy { -8.081469539553837   } 
   potential_energyvar { 4.423637107095858   } 
   nonlocal_energy { 0.6183082820080112   } 
   nonlocal_energyvar { 2.197892153843647   } 
   autocorr_energy { } 
} 

block { 
   label vmc
   totweight 348160
   nautocorr 0
   total_energy { -4.846665207604526   } 
   total_energyvar { 0.4494634264515004   } 
   weight { 1   } 
   weightvar { 1.776356839400247e-15   } 
   kinetic_energy { 2.611924609789787   } 
   kinetic_energyvar { 2.572212439467719   } 
   potential_energy { -8.075582197831659   } 
   potential_energyvar { 4.252379673125612   } 
   nonlocal_energy { 0.6169923804373452   } 
   nonlocal_energyvar { 2.126020946012095   } 
   autocorr_energy { } 
} 

block { 
   label vmc
   totweight 348160
   nautocorr 0
   total_energy { -4.843519189439873   } 
   total_energyvar { 0.4853006690636475   } 
   weight { 1   } 
   weightvar { 1.776356839400247e-15   } 
   kinetic_energy { 2.608158666833224   } 
   kinetic_energyvar { 2.537688880512175   } 
   potential_energy { -8.059070624477034   } 
   potential_energyvar { 4.130257663250146   } 
   nonlocal_energy { 0.6073927682039362   } 
   nonlocal_energyvar { 2.023884259570953   } 
   autocorr_energy { } 
} 

block { 
   label vmc
   totweight 348160
   nautocorr 0
   total_energy { -4.844686691895758   } 
   total_energyvar { 0.4658031479420717   } 
   weight { 1   } 
   weightvar { 1.776356839400247e-15   } 
   kinetic_energy { 2.609778496892849   } 
   kinetic_energyvar { 2.544029348433342   } 
   potential_energy { -8.074276006376207   } 
   potential_energyvar { 4.357808327897094   } 
   nonlocal_energy { 0.6198108175875998   } 
   nonlocal_energyvar { 2.147397623582472   } 
   autocorr_energy { } 
} 

block { 
   label vmc
   totweight 348160
   nautocorr 0
   total_energy { -4.847438160200943   } 
   total_energyvar { 0.4550345377089501   } 
   weight { 1   } 
   weightvar { 1.776356839400247e-15   } 
   kinetic_energy { 2.614970047969118   } 
   kinetic_energyvar { 2.596935455154697   } 
   potential_energy { -8.077172175951896   } 
   potential_energyvar { 4.380877893735081   } 
   nonlocal_energy { 0.6147639677818347   } 
   nonlocal_energyvar { 2.199026340937718   } 
   autocorr_energy { } 
} 

block { 
   label vmc
   totweight 348160
   nautocorr 0
   total_energy { -4.84539723352676   } 
   total_energyvar { 0.4805372098502981   } 
   weight { 1   } 
   weightvar { 1.776356839400247e-15   } 
   kinetic_energy { 2.613440300634322   } 
   kinetic_energyvar { 2.838861568889264   } 
   potential_energy { -8.071337127780666   } 
   potential_energyvar { 4.214828942777521   } 
   nonlocal_energy { 0.6124995936195853   } 
   nonlocal_energyvar { 2.251653641607131   } 
   autocorr_energy { } 
} 

block { 
   label vmc
   totweight 348160
   nautocorr 0
   total_energy { -4.845541095535946   } 
   total_energyvar { 0.4596935311839787   } 
   weight { 1   } 
   weightvar { 1.776356839400247e-15   } 
   kinetic_energy { 2.613542302567582   } 
   kinetic_energyvar { 2.566566427993788   } 
   potential_energy { -8.068693379381608   } 
   potential_energyvar { 4.339105333366007   } 
   nonlocal_energy { 0.6096099812780776   } 
   nonlocal_energyvar { 2.184455155241718   } 
   autocorr_energy { } 
} 

block { 
   label vmc
   totweight 348160
   nautocorr 0
   total_energy { -4.847053211176375   } 
   total_energyvar { 0.4744979821441142   } 
   weight { 1   } 
   weightvar { 1.776356839400247e-15   } 
   kinetic_energy { 2.615799575787407   } 
   kinetic_energyvar { 2.597616179872208   } 
   potential_energy { -8.079350484869114   } 
   potential_energyvar { 4.360342391953439   } 
   nonlocal_energy { 0.6164976979053315   } 
   nonlocal_energyvar { 2.169976301717078   } 
   autocorr_energy { } 
} 

block { 
   label vmc
   totweight 348160
   nautocorr 0
   total_energy { -4.845811502266141   } 
   total_energyvar { 0.5637046812872644   } 
   weight { 1   } 
   weightvar { 1.776356839400247e-15   } 
   kinetic_energy { 2.614155582484059   } 
   kinetic_energyvar { 2.638609712509743   } 
   potential_energy { -8.077268835773721   } 
   potential_energyvar { 4.531303333642657   } 
   nonlocal_energy { 0.617301751023522   } 
   nonlocal_energyvar { 2.212467058942082   } 
   autocorr_energy { } 
} 

block { 
   label vmc
   totweight 348160
   nautocorr 0
   total_energy { -4.847311024481016   } 
   total_energyvar { 0.4619281211661715   } 
   weight { 1   } 
   weightvar { 1.776356839400247e-15   } 
   kinetic_energy { 2.615855517581323   } 
   kinetic_energyvar { 2.611320591591181   } 
   potential_energy { -8.075975217343027   } 
   potential_energyvar { 4.208226598023628   } 
   nonlocal_energy { 0.6128086752806877   } 
   nonlocal_energyvar { 2.085781990713822   } 
   autocorr_energy { } 
} 

block { 
   label vmc
   totweight 348160
   nautocorr 0
   total_energy { -4.845494129052205   } 
   total_energyvar { 0.4620216390596968   } 
   weight { 1   } 
   weightvar { 1.776356839400247e-15   } 
   kinetic_energy { 2.609034257649404   } 
   kinetic_energyvar { 2.586379500425309   } 
   potential_energy { -8.073195522864605   } 
   potential_energyvar { 4.388423495196602   } 
   nonlocal_energy { 0.6186671361629956   } 
   nonlocal_energyvar { 2.243148617853171   } 
   autocorr_energy { } 
} 

block { 
   label vmc
   totweight 348160
   nautocorr 0
   total_energy { -4.845031937576074   } 
   total_energyvar { 0.4953523491489053   } 
   weight { 1   } 
   weightvar { 1.776356839400247e-15   } 
   kinetic_energy { 2.609856476184326   } 
   kinetic_energyvar { 2.545066069539915   } 
   potential_energy { -8.067387834032353   } 
   potential_energyvar { 4.345898571661694   } 
   nonlocal_energy { 0.6124994202719515   } 
   nonlocal_energyvar { 2.142261240522794   } 
   autocorr_energy { } 
} 

block { 
   label vmc
   totweight 348160
   nautocorr 0
   total_energy { -4.847052233941734   } 
   total_energyvar { 0.4689879606355884   } 
   weight { 1   } 
   weightvar { 1.776356839400247e-15   } 
   kinetic_energy { 2.611372082321381   } 
   kinetic_energyvar { 2.590729209751363   } 
   potential_energy { -8.073178899689307   } 
   potential_energyvar { 4.31966417457599   } 
   nonlocal_energy { 0.6147545834261898   } 
   nonlocal_energyvar { 2.119640278387685   } 
   autocorr_energy { } 
} 

block { 
   label vmc
   totweight 348160
   nautocorr 0
   total_energy { -4.846879272346857   } 
   total_energyvar { 0.4651432730994017   } 
   weight { 1   } 
   weightvar { 1.776356839400247e-15   } 
   kinetic_energy { 2.611245294644797   } 
   kinetic_energyvar { 2.561265418967691   } 
   potential_energy { -8.07442605986274   } 
   potential_energyvar { 4.266850753668192   } 
   nonlocal_energy { 0.616301492871085   } 
   nonlocal_energyvar { 2.118734693509956   } 
   autocorr_energy { } 
} 

block { 
   label vmc
   totweight 348160
   nautocorr 0
   total_energy { -4.844664316829187   } 
   total_energyvar { 0.4586601142621725   } 
   weight { 1   } 
   weightvar { 1.776356839400247e-15   } 
   kinetic_energy { 2.607252354439322   } 
   kinetic_energyvar { 2.557692139015249   } 
   potential_energy { -8.068318344006336   } 
   potential_energyvar { 4.253015756489578   } 
   nonlocal_energy { 0.61640167273783   } 
   nonlocal_energyvar { 2.114173626812133   } 
   autocorr_energy { } 
} 

block { 
   label vmc
   totweight 348160
   nautocorr 0
   total_energy { -4.847164324807435   } 
   total_energyvar { 0.4543942109724291   } 
   weight { 1   } 
   weightvar { 1.776356839400247e-15   } 
   kinetic_energy { 2.613957631605015   } 
   kinetic_energyvar { 2.578854657209022   } 
   potential_energy { -8.076121523648537   } 
   potential_energyvar { 4.749862410998078   } 
   nonlocal_energy { 0.6149995672360861   } 
   nonlocal_energyvar { 2.47086391851423   } 
   autocorr_energy { } 
} 

block { 
   label vmc
   totweight 348160
   nautocorr 0
   total_energy { -4.848170444558528   } 
   total_energyvar { 0.4512991288606253   } 
   weight { 1   } 
   weightvar { 1.776356839400247e-15   } 
   kinetic_energy { 2.60977958333761   } 
   kinetic_energyvar { 2.574227414214971   } 
   potential_energy { -8.072643648365879   } 
   potential_energyvar { 4.419625100641504   } 
   nonlocal_energy { 0.6146936204697404   } 
   nonlocal_energyvar { 2.158717516470549   } 
   autocorr_energy { } 
} 

block { 
   label vmc
   totweight 348160
   nautocorr 0
   total_energy { -4.84588862935402   } 
   total_energyvar { 0.4488998344498135   } 
   weight { 1   } 
   weightvar { 1.776356839400247e-15   } 
   kinetic_energy { 2.605688267515752   } 
   kinetic_energyvar { 2.573830291910958   } 
   potential_energy { -8.064573855267183   } 
   potential_energyvar { 4.274947981225034   } 
   nonlocal_energy { 0.6129969583974103   } 
   nonlocal_energyvar { 2.101306080637405   } 
   autocorr_energy { } 
} 

block { 
   label vmc
   totweight 348160
   nautocorr 0
   total_energy { -4.846976816748756   } 
   total_energyvar { 0.4784225820589539   } 
   weight { 1   } 
   weightvar { 1.776356839400247e-15   } 
   kinetic_energy { 2.614963202115857   } 
   kinetic_energyvar { 2.535736428333725   } 
   potential_energy { -8.07518923398683   } 
   potential_energyvar { 4.328927808275376   } 
   nonlocal_energy { 0.6132492151222169   } 
   nonlocal_energyvar { 2.144831920235553   } 
   autocorr_energy { } 
} 

block { 
   label vmc
   totweight 348160
   nautocorr 0
   total_energy { -4.845472000652697   } 
   total_energyvar { 0.5834967450797409   } 
   weight { 1   } 
   weightvar { 1.776356839400247e-15   } 
   kinetic_energy { 2.607733054646422   } 
   kinetic_energyvar { 2.666222308053608   } 
   potential_energy { -8.074998293243111   } 
   potential_energyvar { 4.847693429574072   } 
   nonlocal_energy { 0.6217932379439912   } 
   nonlocal_energyvar { 2.562983347584916   } 
   autocorr_energy { } 
} 

block { 
   label vmc
   totweight 348160
   nautocorr 0
   total_energy { -4.845396044645695   } 
   total_energyvar { 0.474030592858076   } 
   weight { 1   } 
   weightvar { 1.776356839400247e-15   } 
   kinetic_energy { 2.615032408503626   } 
   kinetic_energyvar { 2.573333648650451   } 
   potential_energy { -8.077103876174009   } 
   potential_energyvar { 4.395380348467721   } 
   nonlocal_energy { 0.6166754230246888   } 
   nonlocal_energyvar { 2.139738122962155   } 
   autocorr_energy { } 
} 

block { 
   label vmc
   totweight 348160
   nautocorr 0
   total_energy { -4.844919702598927   } 
   total_energyvar { 0.4634074619185603   } 
   weight { 1   } 
   weightvar { 1.776356839400247e-15   } 
   kinetic_energy { 2.608589923637568   } 
   kinetic_energyvar { 2.649952262067482   } 
   potential_energy { -8.064940353169558   } 
   potential_energyvar { 4.21985514615385   } 
   nonlocal_energy { 0.6114307269330612   } 
   nonlocal_energyvar { 2.0979203664285   } 
   autocorr_energy { } 
} 

block { 
   label vmc
   totweight 348160
   nautocorr 0
   total_energy { -4.844266379534641   } 
   total_energyvar { 0.4594795813602726   } 
   weight { 1   } 
   weightvar { 1.776356839400247e-15   } 
   kinetic_energy { 2.604426799343573   } 
   kinetic_energyvar { 2.558501952776231   } 
   potential_energy { -8.066019206021853   } 
   potential_energyvar { 4.187809447223427   } 
   nonlocal_energy { 0.6173260271436383   } 
   nonlocal_energyvar { 2.110329217904735   } 
   autocorr_energy { } 
} 

block { 
   label vmc
   totweight 348160
   nautocorr 0
   total_energy { -4.84617870110073   } 
   total_energyvar { 0.4772854364481965   } 
   weight { 1   } 
   weightvar { 1.776356839400247e-15   } 
   kinetic_energy { 2.612384736513213   } 
   kinetic_energyvar { 2.580655066637688   } 
   potential_energy { -8.073085441158341   } 
   potential_energyvar { 4.275803892537652   } 
   nonlocal_energy { 0.6145220035443957   } 
   nonlocal_energyvar { 2.115940726985781   } 
   autocorr_energy { } 
} 

block { 
   label vmc
   totweight 348160
   nautocorr 0
   total_energy { -4.846032640335801   } 
   total_energyvar { 0.5070230947451987   } 
   weight { 1   } 
   weightvar { 1.776356839400247e-15   } 
   kinetic_energy { 2.617585983568049   } 
   kinetic_energyvar { 2.597534869027148   } 
   potential_energy { -8.076314629393444   } 
   potential_energyvar { 4.341715531092704   } 
   nonlocal_energy { 0.6126960054895941   } 
   nonlocal_energyvar { 2.170879077181989   } 
   autocorr_energy { } 
} 

block { 
   label vmc
   totweight 348160
   nautocorr 0
   total_energy { -4.845730783268037   } 
   total_energyvar { 0.4778970598093574   } 
   weight { 1   } 
   weightvar { 1.776356839400247e-15   } 
   kinetic_energy { 2.611032653418825   } 
   kinetic_energyvar { 2.585377642426958   } 
   potential_energy { -8.070026999005057   } 
   potential_energyvar { 4.244395145420118   } 
   nonlocal_energy { 0.6132635623181953   } 
   nonlocal_energyvar { 2.089758563465944   } 
   autocorr_energy { } 
} 

block { 
   label vmc
   totweight 348160
   nautocorr 0
   total_energy { -4.846611993870317   } 
   total_energyvar { 0.5029732581745341   } 
   weight { 1   } 
   weightvar { 1.776356839400247e-15   } 
   kinetic_energy { 2.61325286348257   } 
   kinetic_energyvar { 2.578275544472567   } 
   potential_energy { -8.069959790336529   } 
   potential_energyvar { 4.336185335125566   } 
   nonlocal_energy { 0.6100949329836403   } 
   nonlocal_energyvar { 2.130066666644346   } 
   autocorr_energy { } 
} 

block { 
   label vmc
   totweight 348160
   nautocorr 0
   total_energy { -4.84380621823751   } 
   total_energyvar { 0.4663378378469603   } 
   weight { 1   } 
   weightvar { 1.776356839400247e-15   } 
   kinetic_energy { 2.614709834990448   } 
   kinetic_energyvar { 2.577024000010098   } 
   potential_energy { -8.06864332822393   } 
   potential_energyvar { 4.249085857194925   } 
   nonlocal_energy { 0.6101272749959732   } 
   nonlocal_energyvar { 2.040418911035247   } 
   autocorr_energy { } 
} 

block { 
   label vmc
   totweight 348160
   nautocorr 0
   total_energy { -4.845598007163602   } 
   total_energyvar { 0.4606503918390335   } 
   weight { 1   } 
   weightvar { 1.776356839400247e-15   } 
   kinetic_energy { 2.614576434418564   } 
   kinetic_energyvar { 2.596964413008207   } 
   potential_energy { -8.076786485949892   } 
   potential_energyvar { 4.392408945816351   } 
   nonlocal_energy { 0.6166120443677269   } 
   nonlocal_energyvar { 2.292287108711869   } 
   autocorr_energy { } 
} 

block { 
   label vmc
   totweight 348160
   nautocorr 0
   total_energy { -4.844193146421358   } 
   total_energyvar { 0.4805575916564723   } 
   weight { 1   } 
   weightvar { 1.776356839400247e-15   } 
   kinetic_energy { 2.611146444566461   } 
   kinetic_energyvar { 2.58098883650395   } 
   potential_energy { -8.075348375219976   } 
   potential_energyvar { 4.351983611751955   } 
   nonlocal_energy { 0.6200087842321557   } 
   nonlocal_energyvar { 2.146717354210735   } 
   autocorr_energy { } 
} 

block { 
   label vmc
   totweight 348160
   nautocorr 0
   total_energy { -4.8439329337735   } 
   total_energyvar { 0.4656009797720522   } 
   weight { 1   } 
   weightvar { 1.776356839400247e-15   } 
   kinetic_energy { 2.616395864205617   } 
   kinetic_energyvar { 2.571427663642715   } 
   potential_energy { -8.082733446381118   } 
   potential_energyvar { 4.487171489376172   } 
   nonlocal_energy { 0.6224046484020015   } 
   nonlocal_energyvar { 2.245765990805593   } 
   autocorr_energy { } 
} 

block { 
   label vmc
   totweight 348160
   nautocorr 0
   total_energy { -4.847095463784776   } 
   total_energyvar { 0.4416297027242358   } 
   weight { 1   } 
   weightvar { 1.776356839400247e-15   } 
   kinetic_energy { 2.610924274434094   } 
   kinetic_energyvar { 2.598093719688414   } 
   potential_energy { -8.069975070326697   } 
   potential_energyvar { 4.25257538421932   } 
   nonlocal_energy { 0.6119553321078263   } 
   nonlocal_energyvar { 2.204548125553544   } 
   autocorr_energy { } 
} 

block { 
   label vmc
   totweight 348160
   nautocorr 0
   total_energy { -4.846409475741515   } 
   total_energyvar { 0.4519197894414006   } 
   weight { 1   } 
   weightvar { 1.776356839400247e-15   } 
   kinetic_energy { 2.609918399347885   } 
   kinetic_energyvar { 2.563915872960357   } 
   potential_energy { -8.069168594643173   } 
   potential_energyvar { 4.2553572355586   } 
   nonlocal_energy { 0.6128407195537745   } 
   nonlocal_energyvar { 2.145274726944224   } 
   autocorr_energy { } 
} 

block { 
   label vmc
   totweight 348160
   nautocorr 0
   total_energy { -4.844762257246358   } 
   total_energyvar { 0.5378349664480125   } 
   weight { 1   } 
   weightvar { 1.776356839400247e-15   } 
   kinetic_energy { 2.604184246770208   } 
   kinetic_energyvar { 2.535433285695513   } 
   potential_energy { -8.065480115638435   } 
   potential_energyvar { 4.301964151346726   } 
   nonlocal_energy { 0.6165336116218696   } 
   nonlocal_energyvar { 2.111046434159501   } 
   autocorr_energy { } 
} 

block { 
   label vmc
   totweight 348160
   nautocorr 0
   total_energy { -4.848114735627318   } 
   total_energyvar { 0.4768325454274486   } 
   weight { 1   } 
   weightvar { 1.776356839400247e-15   } 
   kinetic_energy { 2.605890167388349   } 
   kinetic_energyvar { 2.561225293006424   } 
   potential_energy { -8.070343669755207   } 
   potential_energyvar { 4.19928523613786   } 
   nonlocal_energy { 0.6163387667395411   } 
   nonlocal_energyvar { 2.055706015415135   } 
   autocorr_energy { } 
} 

block { 
   label vmc
   totweight 348160
   nautocorr 0
   total_energy { -4.844804442077414   } 
   total_energyvar { 0.4694867512502903   } 
   weight { 1   } 
   weightvar { 1.776356839400247e-15   } 
   kinetic_energy { 2.612543368301422   } 
   kinetic_energyvar { 2.608317785769063   } 
   potential_energy { -8.069357142042463   } 
   potential_energyvar { 4.324700715425096   } 
   nonlocal_energy { 0.6120093316636267   } 
   nonlocal_energyvar { 2.195887828864842   } 
   autocorr_energy { } 
} 

block { 
   label vmc
   totweight 348160
   nautocorr 0
   total_energy { -4.844160589397496   } 
   total_energyvar { 0.4825227139340642   } 
   weight { 1   } 
   weightvar { 1.776356839400247e-15   } 
   kinetic_energy { 2.614999697730803   } 
   kinetic_energyvar { 2.603709322375843   } 
   potential_energy { -8.082737005268436   } 
   potential_energyvar { 8.190637418983542   } 
   nonlocal_energy { 0.6235767181401375   } 
   nonlocal_energyvar { 5.874622061748362   } 
   autocorr_energy { } 
} 

block { 
   label vmc
   totweight 348160
   nautocorr 0
   total_energy { -4.845432776616938   } 
   total_energyvar { 0.4774790912016358   } 
   weight { 1   } 
   weightvar { 1.776356839400247e-15   } 
   kinetic_energy { 2.604666061717651   } 
   kinetic_energyvar { 2.635827108844333   } 
   potential_energy { -8.067978499587419   } 
   potential_energyvar { 4.364329739910598   } 
   nonlocal_energy { 0.6178796612528282   } 
   nonlocal_energyvar { 2.258323979607346   } 
   autocorr_energy { } 
} 

block { 
   label vmc
   totweight 348160
   nautocorr 0
   total_energy { -4.846757760857584   } 
   total_energyvar { 0.4563715989384591   } 
   weight { 1   } 
   weightvar { 1.776356839400247e-15   } 
   kinetic_energy { 2.610751397311785   } 
   kinetic_energyvar { 2.589709412469401   } 
   potential_energy { -8.068314856141503   } 
   potential_energyvar { 4.462247052568808   } 
   nonlocal_energy { 0.6108056979721334   } 
   nonlocal_energyvar { 2.285902115795735   } 
   autocorr_energy { } 
} 

block { 
   label vmc
   totweight 348160
   nautocorr 0
   total_energy { -4.845317293181046   } 
   total_energyvar { 0.4525887649677566   } 
   weight { 1   } 
   weightvar { 1.776356839400247e-15   } 
   kinetic_energy { 2.606173912263849   } 
   kinetic_energyvar { 2.592055901386763   } 
   potential_energy { -8.072390461498633   } 
   potential_energyvar { 4.853636265512521   } 
   nonlocal_energy { 0.620899256053736   } 
   nonlocal_energyvar { 2.771273838661893   } 
   autocorr_energy { } 
} 

block { 
   label vmc
   totweight 348160
   nautocorr 0
   total_energy { -4.844974691376255   } 
   total_energyvar { 0.4780624466856719   } 
   weight { 1   } 
   weightvar { 1.776356839400247e-15   } 
   kinetic_energy { 2.612034460940942   } 
   kinetic_energyvar { 2.57448946305258   } 
   potential_energy { -8.068330375456966   } 
   potential_energyvar { 4.313688907139237   } 
   nonlocal_energy { 0.6113212231397714   } 
   nonlocal_energyvar { 2.096612476296715   } 
   autocorr_energy { } 
} 

block { 
   label vmc
   totweight 348160
   nautocorr 0
   total_energy { -4.845086718952107   } 
   total_energyvar { 0.60654404692607   } 
   weight { 1   } 
   weightvar { 1.776356839400247e-15   } 
   kinetic_energy { 2.613751533674149   } 
   kinetic_energyvar { 2.752922786853298   } 
   potential_energy { -8.08537771683765   } 
   potential_energyvar { 51.22397659834638   } 
   nonlocal_energy { 0.6265394642113949   } 
   nonlocal_energyvar { 48.75956319999503   } 
   autocorr_energy { } 
} 

block { 
   label vmc
   totweight 348160
   nautocorr 0
   total_energy { -4.844554962727438   } 
   total_energyvar { 0.4573463028469907   } 
   weight { 1   } 
   weightvar { 1.776356839400247e-15   } 
   kinetic_energy { 2.614734184563951   } 
   kinetic_energyvar { 2.578213679552003   } 
   potential_energy { -8.074286599538512   } 
   potential_energyvar { 4.396544117582767   } 
   nonlocal_energy { 0.6149974522471204   } 
   nonlocal_energyvar { 2.168765729729865   } 
   autocorr_energy { } 
} 

block { 
   label vmc
   totweight 348160
   nautocorr 0
   total_energy { -4.8466792341041   } 
   total_energyvar { 0.4685985484381699   } 
   weight { 1   } 
   weightvar { 1.776356839400247e-15   } 
   kinetic_energy { 2.609805618442366   } 
   kinetic_energyvar { 2.533368445958771   } 
   potential_energy { -8.067058730242923   } 
   potential_energyvar { 4.241899845176984   } 
   nonlocal_energy { 0.6105738776964588   } 
   nonlocal_energyvar { 2.062098230666376   } 
   autocorr_energy { } 
} 

block { 
   label vmc
   totweight 348160
   nautocorr 0
   total_energy { -4.846119208767671   } 
   total_energyvar { 0.4443130233226675   } 
   weight { 1   } 
   weightvar { 1.776356839400247e-15   } 
   kinetic_energy { 2.61301213165185   } 
   kinetic_energyvar { 2.611594290800609   } 
   potential_energy { -8.06973691327004   } 
   potential_energyvar { 4.141579303438357   } 
   nonlocal_energy { 0.6106055728505201   } 
   nonlocal_energyvar { 2.086525827821663   } 
   autocorr_energy { } 
} 

block { 
   label vmc
   totweight 348160
   nautocorr 0
   total_energy { -4.843565355523815   } 
   total_energyvar { 0.4792452349854628   } 
   weight { 1   } 
   weightvar { 1.776356839400247e-15   } 
   kinetic_energy { 2.616572071545976   } 
   kinetic_energyvar { 2.628906493912621   } 
   potential_energy { -8.073955988693095   } 
   potential_energyvar { 4.242281615215246   } 
   nonlocal_energy { 0.6138185616233045   } 
   nonlocal_energyvar { 2.113795296980559   } 
   autocorr_energy { } 
} 

block { 
   label vmc
   totweight 348160
   nautocorr 0
   total_energy { -4.84645866968317   } 
   total_energyvar { 0.4668405379133111   } 
   weight { 1   } 
   weightvar { 1.776356839400247e-15   } 
   kinetic_energy { 2.611874209676033   } 
   kinetic_energyvar { 2.591976006940817   } 
   potential_energy { -8.071569879987472   } 
   potential_energyvar { 4.170461755000242   } 
   nonlocal_energy { 0.6132370006282681   } 
   nonlocal_energyvar { 2.073777799598346   } 
   autocorr_energy { } 
} 

block { 
   label vmc
   totweight 348160
   nautocorr 0
   total_energy { -4.846417655409778   } 
   total_energyvar { 0.4598052825225428   } 
   weight { 1   } 
   weightvar { 1.776356839400247e-15   } 
   kinetic_energy { 2.618223984330204   } 
   kinetic_energyvar { 2.608652618713379   } 
   potential_energy { -8.078805225015964   } 
   potential_energyvar { 4.354710477739122   } 
   nonlocal_energy { 0.6141635852759817   } 
   nonlocal_energyvar { 2.190264555748295   } 
   autocorr_energy { } 
} 

block { 
   label vmc
   totweight 348160
   nautocorr 0
   total_energy { -4.846306780905188   } 
   total_energyvar { 0.4603502278889335   } 
   weight { 1   } 
   weightvar { 1.776356839400247e-15   } 
   kinetic_energy { 2.615155681722275   } 
   kinetic_energyvar { 2.590125747383051   } 
   potential_energy { -8.07662700146544   } 
   potential_energyvar { 4.370834450033327   } 
   nonlocal_energy { 0.6151645388379756   } 
   nonlocal_energyvar { 2.181742225735043   } 
   autocorr_energy { } 
} 

block { 
   label vmc
   totweight 348160
   nautocorr 0
   total_energy { -4.846758096560211   } 
   total_energyvar { 0.4719999158014516   } 
   weight { 1   } 
   weightvar { 1.776356839400247e-15   } 
   kinetic_energy { 2.615843928425885   } 
   kinetic_energyvar { 2.5954899449303   } 
   potential_energy { -8.071466301775967   } 
   potential_energyvar { 4.246465626801879   } 
   nonlocal_energy { 0.608864276789872   } 
   nonlocal_energyvar { 2.077565704191779   } 
   autocorr_energy { } 
} 

block { 
   label vmc
   totweight 348160
   nautocorr 0
   total_energy { -4.845350203762387   } 
   total_energyvar { 0.4612847628626846   } 
   weight { 1   } 
   weightvar { 1.776356839400247e-15   } 
   kinetic_energy { 2.604166374737322   } 
   kinetic_energyvar { 2.540913463942943   } 
   potential_energy { -8.064925905001701   } 
   potential_energyvar { 4.284675996707699   } 
   nonlocal_energy { 0.6154093265019885   } 
   nonlocal_energyvar { 2.152756968752294   } 
   autocorr_energy { } 
} 

block { 
   label vmc
   totweight 348160
   nautocorr 0
   total_energy { -4.84606619194316   } 
   total_energyvar { 0.4583297503611792   } 
   weight { 1   } 
   weightvar { 1.776356839400247e-15   } 
   kinetic_energy { 2.608710015520924   } 
   kinetic_energyvar { 2.549734039148396   } 
   potential_energy { -8.070939324689551   } 
   potential_energyvar { 4.397228606823191   } 
   nonlocal_energy { 0.6161631172254675   } 
   nonlocal_energyvar { 2.263719058889772   } 
   autocorr_energy { } 
} 

block { 
   label vmc
   totweight 348160
   nautocorr 0
   total_energy { -4.845935138950574   } 
   total_energyvar { 0.4779420190690344   } 
   weight { 1   } 
   weightvar { 1.776356839400247e-15   } 
   kinetic_energy { 2.615560624789181   } 
   kinetic_energyvar { 2.58854651264501   } 
   potential_energy { -8.079159444805207   } 
   potential_energyvar { 4.341635317741033   } 
   nonlocal_energy { 0.6176636810654523   } 
   nonlocal_energyvar { 2.149044894993717   } 
   autocorr_energy { } 
} 

block { 
   label vmc
   totweight 348160
   nautocorr 0
   total_energy { -4.847289917165206   } 
   total_energyvar { 0.4464318275946769   } 
   weight { 1   } 
   weightvar { 1.776356839400247e-15   } 
   kinetic_energy { 2.612868159606074   } 
   kinetic_energyvar { 2.560243584313209   } 
   potential_energy { -8.077783618296888   } 
   potential_energyvar { 4.310629882466957   } 
   nonlocal_energy { 0.6176255415256086   } 
   nonlocal_energyvar { 2.133819481127492   } 
   autocorr_energy { } 
} 

block { 
   label vmc
   totweight 348160
   nautocorr 0
   total_energy { -4.845000915356615   } 
   total_energyvar { 0.4436236809415773   } 
   weight { 1   } 
   weightvar { 1.776356839400247e-15   } 
   kinetic_energy { 2.609499543411622   } 
   kinetic_energyvar { 2.59010897461127   } 
   potential_energy { -8.068513931713788   } 
   potential_energyvar { 4.278502349231025   } 
   nonlocal_energy { 0.6140134729455502   } 
   nonlocal_energyvar { 2.206666264548891   } 
   autocorr_energy { } 
} 

