#-------------------------------------------------
#DMC run: timestep 0.001
#-------------------------------------------------


init { 
   label ts_0.001
}
block { 
   label ts_0.001
   totweight 17408000
   nautocorr 0
   total_energy { -5.937395694009624   } 
   total_energyvar { 0.04977872040646174   } 
   weight { 1.003388750003849   } 
   weightvar { 0.006507549944166865   } 
   kinetic_energy { 3.918150341899385   } 
   kinetic_energyvar { 4.639524751591278   } 
   potential_energy { -10.51252214455564   } 
   potential_energyvar { 6.060847037271921   } 
   nonlocal_energy { 0.6569761086466285   } 
   nonlocal_energyvar { 2.570550204217705   } 
   autocorr_energy { } 
} 

block { 
   label ts_0.001
   totweight 17408000
   nautocorr 0
   total_energy { -5.94246142367925   } 
   total_energyvar { 0.04951556103216551   } 
   weight { 1.006219803750863   } 
   weightvar { 0.02900844885828881   } 
   kinetic_energy { 3.926897635597496   } 
   kinetic_energyvar { 4.708894049994398   } 
   potential_energy { -10.5322500125466   } 
   potential_energyvar { 6.151452482484623   } 
   nonlocal_energy { 0.6628909532698519   } 
   nonlocal_energyvar { 2.614887657119365   } 
   autocorr_energy { } 
} 

block { 
   label ts_0.001
   totweight 17408000
   nautocorr 0
   total_energy { -5.945717537199376   } 
   total_energyvar { 0.04941544512358473   } 
   weight { 1.005977358903968   } 
   weightvar { 0.05014030703899712   } 
   kinetic_energy { 3.914232834950757   } 
   kinetic_energyvar { 4.722780130106115   } 
   potential_energy { -10.51757815640044   } 
   potential_energyvar { 6.150901171844925   } 
   nonlocal_energy { 0.6576277842503082   } 
   nonlocal_energyvar { 2.614997156296754   } 
   autocorr_energy { } 
} 

block { 
   label ts_0.001
   totweight 17408000
   nautocorr 0
   total_energy { -5.946828828623907   } 
   total_energyvar { 0.04784760825581588   } 
   weight { 1.005410891185714   } 
   weightvar { 0.06504986374213552   } 
   kinetic_energy { 3.910729241575512   } 
   kinetic_energyvar { 4.623172102414144   } 
   potential_energy { -10.51561071747576   } 
   potential_energyvar { 6.086004258653922   } 
   nonlocal_energy { 0.6580526472763467   } 
   nonlocal_energyvar { 2.584982604760141   } 
   autocorr_energy { } 
} 

block { 
   label ts_0.001
   totweight 17408000
   nautocorr 0
   total_energy { -5.945912279253819   } 
   total_energyvar { 0.05023580904602686   } 
   weight { 1.004210950173972   } 
   weightvar { 0.07531857657857177   } 
   kinetic_energy { 3.921186751833857   } 
   kinetic_energyvar { 4.63527404305525   } 
   potential_energy { -10.53374003641759   } 
   potential_energyvar { 6.067739879481929   } 
   nonlocal_energy { 0.6666410053299147   } 
   nonlocal_energyvar { 2.598094507753206   } 
   autocorr_energy { } 
} 

block { 
   label ts_0.001
   totweight 17408000
   nautocorr 0
   total_energy { -5.944512713048033   } 
   total_energyvar { 0.05366018908180322   } 
   weight { 1.002070445744839   } 
   weightvar { 0.08171000457497275   } 
   kinetic_energy { 3.947387215995439   } 
   kinetic_energyvar { 4.70802695300154   } 
   potential_energy { -10.55569615239837   } 
   potential_energyvar { 7.498131998502244   } 
   nonlocal_energy { 0.6637962233548936   } 
   nonlocal_energyvar { 3.933868546357803   } 
   autocorr_energy { } 
} 

block { 
   label ts_0.001
   totweight 17408000
   nautocorr 0
   total_energy { -5.945474402459165   } 
   total_energyvar { 0.04920452053951834   } 
   weight { 1.001091614249651   } 
   weightvar { 0.08743689506080728   } 
   kinetic_energy { 3.924188839886463   } 
   kinetic_energyvar { 4.735365852643131   } 
   potential_energy { -10.53419758830843   } 
   potential_energyvar { 6.145802120345223   } 
   nonlocal_energy { 0.6645343459628039   } 
   nonlocal_energyvar { 2.57980080838251   } 
   autocorr_energy { } 
} 

block { 
   label ts_0.001
   totweight 17408000
   nautocorr 0
   total_energy { -5.945432424621844   } 
   total_energyvar { 0.04963641553226606   } 
   weight { 0.9997797480413375   } 
   weightvar { 0.09003943789192713   } 
   kinetic_energy { 3.912818773554769   } 
   kinetic_energyvar { 4.720840659348692   } 
   potential_energy { -10.52637743325016   } 
   potential_energyvar { 6.059510534803544   } 
   nonlocal_energy { 0.6681262350735466   } 
   nonlocal_energyvar { 2.661249692754771   } 
   autocorr_energy { } 
} 

block { 
   label ts_0.001
   totweight 17408000
   nautocorr 0
   total_energy { -5.94834714330827   } 
   total_energyvar { 0.0494761778822292   } 
   weight { 1.000602659375362   } 
   weightvar { 0.09283168280134761   } 
   kinetic_energy { 3.922980437557253   } 
   kinetic_energyvar { 4.735550689576442   } 
   potential_energy { -10.54213834386172   } 
   potential_energyvar { 6.149057753545359   } 
   nonlocal_energy { 0.6708107629962011   } 
   nonlocal_energyvar { 2.612196420433493   } 
   autocorr_energy { } 
} 

block { 
   label ts_0.001
   totweight 17408000
   nautocorr 0
   total_energy { -5.947894255123821   } 
   total_energyvar { 0.04953511554648407   } 
   weight { 1.001399208002964   } 
   weightvar { 0.09497093031959349   } 
   kinetic_energy { 3.904792432380027   } 
   kinetic_energyvar { 4.636534855777423   } 
   potential_energy { -10.51767255174758   } 
   potential_energyvar { 6.060249556971663   } 
   nonlocal_energy { 0.6649858642437327   } 
   nonlocal_energyvar { 2.593137623685664   } 
   autocorr_energy { } 
} 

block { 
   label ts_0.001
   totweight 17408000
   nautocorr 0
   total_energy { -5.947604089541741   } 
   total_energyvar { 0.04932893685893853   } 
   weight { 1.001590859202924   } 
   weightvar { 0.09688292098018811   } 
   kinetic_energy { 3.907090303412123   } 
   kinetic_energyvar { 4.676315938119161   } 
   potential_energy { -10.52324117524988   } 
   potential_energyvar { 6.082492418775155   } 
   nonlocal_energy { 0.6685467822960148   } 
   nonlocal_energyvar { 2.617511884047032   } 
   autocorr_energy { } 
} 

block { 
   label ts_0.001
   totweight 17408000
   nautocorr 0
   total_energy { -5.947463402613262   } 
   total_energyvar { 0.04886020046378856   } 
   weight { 1.001090170768477   } 
   weightvar { 0.09681388785824975   } 
   kinetic_energy { 3.885518105464948   } 
   kinetic_energyvar { 4.622693417594553   } 
   potential_energy { -10.50576742819112   } 
   potential_energyvar { 5.997278182080044   } 
   nonlocal_energy { 0.6727859201129094   } 
   nonlocal_energyvar { 2.608257282878944   } 
   autocorr_energy { } 
} 

block { 
   label ts_0.001
   totweight 17408000
   nautocorr 0
   total_energy { -5.947223752227512   } 
   total_energyvar { 0.05144116731672257   } 
   weight { 1.000784152672001   } 
   weightvar { 0.09746736556145333   } 
   kinetic_energy { 3.892722348236505   } 
   kinetic_energyvar { 4.658743770446185   } 
   potential_energy { -10.51219122868843   } 
   potential_energyvar { 6.108324001964086   } 
   nonlocal_energy { 0.6722451282244153   } 
   nonlocal_energyvar { 2.72521958348417   } 
   autocorr_energy { } 
} 

block { 
   label ts_0.001
   totweight 17408000
   nautocorr 0
   total_energy { -5.946866928307127   } 
   total_energyvar { 0.05100121157287391   } 
   weight { 1.000319137243798   } 
   weightvar { 0.09738797960082909   } 
   kinetic_energy { 3.910017160339284   } 
   kinetic_energyvar { 4.718473362293295   } 
   potential_energy { -10.52630532102764   } 
   potential_energyvar { 6.147038091797393   } 
   nonlocal_energy { 0.6694212323812266   } 
   nonlocal_energyvar { 2.701490813470191   } 
   autocorr_energy { } 
} 

block { 
   label ts_0.001
   totweight 17408000
   nautocorr 0
   total_energy { -5.945939941719869   } 
   total_energyvar { 0.04993514907742778   } 
   weight { 0.9998386231983202   } 
   weightvar { 0.09768766728018968   } 
   kinetic_energy { 3.916050670073097   } 
   kinetic_energyvar { 4.707270376713827   } 
   potential_energy { -10.53104013203557   } 
   potential_energyvar { 6.143033852622962   } 
   nonlocal_energy { 0.6690495202426032   } 
   nonlocal_energyvar { 2.624968644816183   } 
   autocorr_energy { } 
} 

block { 
   label ts_0.001
   totweight 17408000
   nautocorr 0
   total_energy { -5.944910155319202   } 
   total_energyvar { 0.04960928275092409   } 
   weight { 0.9987209168067215   } 
   weightvar { 0.09619586789022593   } 
   kinetic_energy { 3.916807522398976   } 
   kinetic_energyvar { 4.655086450328754   } 
   potential_energy { -10.53435502958035   } 
   potential_energyvar { 6.104006673579896   } 
   nonlocal_energy { 0.6726373518621703   } 
   nonlocal_energyvar { 2.626391570856391   } 
   autocorr_energy { } 
} 

block { 
   label ts_0.001
   totweight 17408000
   nautocorr 0
   total_energy { -5.945941822161744   } 
   total_energyvar { 0.05167476527810107   } 
   weight { 0.9987268826561712   } 
   weightvar { 0.09695587272740998   } 
   kinetic_energy { 3.914153040011789   } 
   kinetic_energyvar { 4.722468046405904   } 
   potential_energy { -10.53539401400964   } 
   potential_energyvar { 6.13977282611667   } 
   nonlocal_energy { 0.6752991518361029   } 
   nonlocal_energyvar { 2.71058326339336   } 
   autocorr_energy { } 
} 

block { 
   label ts_0.001
   totweight 17408000
   nautocorr 0
   total_energy { -5.946330547998805   } 
   total_energyvar { 0.05071971315226999   } 
   weight { 0.9992038953597424   } 
   weightvar { 0.09840213605958653   } 
   kinetic_energy { 3.897726857484745   } 
   kinetic_energyvar { 4.660404400196424   } 
   potential_energy { -10.5154707314485   } 
   potential_energyvar { 6.091848050981612   } 
   nonlocal_energy { 0.6714133259649485   } 
   nonlocal_energyvar { 2.668171118706584   } 
   autocorr_energy { } 
} 

block { 
   label ts_0.001
   totweight 17408000
   nautocorr 0
   total_energy { -5.945110201010144   } 
   total_energyvar { 0.05190170036323987   } 
   weight { 0.9988861942412239   } 
   weightvar { 0.09783236775018317   } 
   kinetic_energy { 3.911090694741481   } 
   kinetic_energyvar { 4.706876640337734   } 
   potential_energy { -10.52692538862375   } 
   potential_energyvar { 6.158725757248422   } 
   nonlocal_energy { 0.6707244928721169   } 
   nonlocal_energyvar { 2.669631031479302   } 
   autocorr_energy { } 
} 

block { 
   label ts_0.001
   totweight 17408000
   nautocorr 0
   total_energy { -5.945088953530891   } 
   total_energyvar { 0.05062615817598672   } 
   weight { 0.9987331758476451   } 
   weightvar { 0.09826533574050837   } 
   kinetic_energy { 3.902581364064918   } 
   kinetic_energyvar { 4.658651213755578   } 
   potential_energy { -10.52143480028228   } 
   potential_energyvar { 6.11497271551368   } 
   nonlocal_energy { 0.673764482686466   } 
   nonlocal_energyvar { 2.650497037730836   } 
   autocorr_energy { } 
} 

block { 
   label ts_0.001
   totweight 17408000
   nautocorr 0
   total_energy { -5.945659192844475   } 
   total_energyvar { 0.0497015624811286   } 
   weight { 0.9988276341539711   } 
   weightvar { 0.09793439507008171   } 
   kinetic_energy { 3.894769177608147   } 
   kinetic_energyvar { 4.685079863010229   } 
   potential_energy { -10.50792966764802   } 
   potential_energyvar { 6.121025460098379   } 
   nonlocal_energy { 0.6675012971953946   } 
   nonlocal_energyvar { 2.649396316695714   } 
   autocorr_energy { } 
} 

block { 
   label ts_0.001
   totweight 17408000
   nautocorr 0
   total_energy { -5.946334599280779   } 
   total_energyvar { 0.05025182948340672   } 
   weight { 0.999266056632921   } 
   weightvar { 0.09742215525234356   } 
   kinetic_energy { 3.899511089721046   } 
   kinetic_energyvar { 4.653660308052019   } 
   potential_energy { -10.50913896828965   } 
   potential_energyvar { 6.096370534592805   } 
   nonlocal_energy { 0.6632932792878274   } 
   nonlocal_energyvar { 2.608500262147549   } 
   autocorr_energy { } 
} 

block { 
   label ts_0.001
   totweight 17408000
   nautocorr 0
   total_energy { -5.945124868877065   } 
   total_energyvar { 0.05263652009414474   } 
   weight { 0.9989123813001575   } 
   weightvar { 0.09787582053737658   } 
   kinetic_energy { 3.912990280375489   } 
   kinetic_energyvar { 4.716743229503033   } 
   potential_energy { -10.52435368114346   } 
   potential_energyvar { 6.16986357375867   } 
   nonlocal_energy { 0.6662385318909085   } 
   nonlocal_energyvar { 2.771037436127441   } 
   autocorr_energy { } 
} 

block { 
   label ts_0.001
   totweight 17408000
   nautocorr 0
   total_energy { -5.946575368539845   } 
   total_energyvar { 0.04987462435201925   } 
   weight { 0.9992955336860162   } 
   weightvar { 0.09745206279784147   } 
   kinetic_energy { 3.913293345970068   } 
   kinetic_energyvar { 4.661711926953346   } 
   potential_energy { -10.53438816068449   } 
   potential_energyvar { 6.14081261741562   } 
   nonlocal_energy { 0.6745194461745836   } 
   nonlocal_energyvar { 2.676693658742067   } 
   autocorr_energy { } 
} 

#-------------------------------------------------
#DMC run: timestep 0.001
#-------------------------------------------------


init { 
   label ts_0.001
}
block { 
   label ts_0.001
   totweight 17408000
   nautocorr 0
   total_energy { -5.946544370509694   } 
   total_energyvar { 0.05153405437528702   } 
   weight { 1.000093333246356   } 
   weightvar { 0.09720373597546147   } 
   kinetic_energy { 3.912005839216737   } 
   kinetic_energyvar { 4.67824185789836   } 
   potential_energy { -10.53550242469393   } 
   potential_energyvar { 6.181963988644813   } 
   nonlocal_energy { 0.6769522149675016   } 
   nonlocal_energyvar { 2.776703065549309   } 
   autocorr_energy { } 
} 

block { 
   label ts_0.001
   totweight 17408000
   nautocorr 0
   total_energy { -5.944797719523271   } 
   total_energyvar { 0.0490693102232652   } 
   weight { 0.9994625721674687   } 
   weightvar { 0.09637133871510974   } 
   kinetic_energy { 3.916563007787823   } 
   kinetic_energyvar { 4.697752394530291   } 
   potential_energy { -10.53729559828204   } 
   potential_energyvar { 6.139029076191133   } 
   nonlocal_energy { 0.6759348709709444   } 
   nonlocal_energyvar { 2.637237267476688   } 
   autocorr_energy { } 
} 

block { 
   label ts_0.001
   totweight 17408000
   nautocorr 0
   total_energy { -5.943949676011234   } 
   total_energyvar { 0.05018458572650857   } 
   weight { 0.9984820657138801   } 
   weightvar { 0.0963967425852299   } 
   kinetic_energy { 3.910556580067189   } 
   kinetic_energyvar { 4.692088210884348   } 
   potential_energy { -10.53285695822857   } 
   potential_energyvar { 6.07539731662547   } 
   nonlocal_energy { 0.6783507021501444   } 
   nonlocal_energyvar { 2.641825205341334   } 
   autocorr_energy { } 
} 

block { 
   label ts_0.001
   totweight 17408000
   nautocorr 0
   total_energy { -5.945024134090331   } 
   total_energyvar { 0.05078990355454499   } 
   weight { 0.9989227516629738   } 
   weightvar { 0.09728400334158621   } 
   kinetic_energy { 3.916442547396491   } 
   kinetic_energyvar { 4.70250694625822   } 
   potential_energy { -10.53992658927213   } 
   potential_energyvar { 6.092506825329166   } 
   nonlocal_energy { 0.6784599077853066   } 
   nonlocal_energyvar { 2.713461268811617   } 
   autocorr_energy { } 
} 

block { 
   label ts_0.001
   totweight 17408000
   nautocorr 0
   total_energy { -5.946806271723717   } 
   total_energyvar { 0.05035942416490982   } 
   weight { 0.9999249540099828   } 
   weightvar { 0.09721017075034621   } 
   kinetic_energy { 3.901188011858136   } 
   kinetic_energyvar { 4.662535617984102   } 
   potential_energy { -10.52457190155054   } 
   potential_energyvar { 6.077295583667379   } 
   nonlocal_energy { 0.6765776179686821   } 
   nonlocal_energyvar { 2.637908121424903   } 
   autocorr_energy { } 
} 

block { 
   label ts_0.001
   totweight 17408000
   nautocorr 0
   total_energy { -5.94671227517801   } 
   total_energyvar { 0.05604378011599045   } 
   weight { 1.000731414580422   } 
   weightvar { 0.09629675977184095   } 
   kinetic_energy { 3.913260404426771   } 
   kinetic_energyvar { 4.827738015922969   } 
   potential_energy { -10.53042772431857   } 
   potential_energyvar { 6.158663754346643   } 
   nonlocal_energy { 0.6704550447137896   } 
   nonlocal_energyvar { 2.780966759167648   } 
   autocorr_energy { } 
} 

block { 
   label ts_0.001
   totweight 17408000
   nautocorr 0
   total_energy { -5.947066495249429   } 
   total_energyvar { 0.04987728593029062   } 
   weight { 1.000992325129287   } 
   weightvar { 0.09610985225046909   } 
   kinetic_energy { 3.904458163500208   } 
   kinetic_energyvar { 4.712576630521475   } 
   potential_energy { -10.52617376302975   } 
   potential_energyvar { 6.083552137747501   } 
   nonlocal_energy { 0.6746491042801165   } 
   nonlocal_energyvar { 2.703834476967895   } 
   autocorr_energy { } 
} 

block { 
   label ts_0.001
   totweight 17408000
   nautocorr 0
   total_energy { -5.947682323298618   } 
   total_energyvar { 0.04939673269911382   } 
   weight { 1.001232707652534   } 
   weightvar { 0.09690468694706802   } 
   kinetic_energy { 3.895582517470509   } 
   kinetic_energyvar { 4.642829353445201   } 
   potential_energy { -10.51428663603073   } 
   potential_energyvar { 5.994202072823033   } 
   nonlocal_energy { 0.6710217952615989   } 
   nonlocal_energyvar { 2.621627779176805   } 
   autocorr_energy { } 
} 

block { 
   label ts_0.001
   totweight 17408000
   nautocorr 0
   total_energy { -5.947600194848842   } 
   total_energyvar { 0.05235886106259714   } 
   weight { 1.001232121921803   } 
   weightvar { 0.09663502061637928   } 
   kinetic_energy { 3.892398434000138   } 
   kinetic_energyvar { 4.701164183931951   } 
   potential_energy { -10.51268008373818   } 
   potential_energyvar { 6.111708636748387   } 
   nonlocal_energy { 0.6726814548892042   } 
   nonlocal_energyvar { 2.803052370575104   } 
   autocorr_energy { } 
} 

block { 
   label ts_0.001
   totweight 17408000
   nautocorr 0
   total_energy { -5.94733969806762   } 
   total_energyvar { 0.05058437673027547   } 
   weight { 1.001020076763892   } 
   weightvar { 0.09635302963949675   } 
   kinetic_energy { 3.904687580348445   } 
   kinetic_energyvar { 4.648299807345947   } 
   potential_energy { -10.51610818234644   } 
   potential_energyvar { 6.021644258528627   } 
   nonlocal_energy { 0.6640809039303699   } 
   nonlocal_energyvar { 2.568473669512286   } 
   autocorr_energy { } 
} 

block { 
   label ts_0.001
   totweight 17408000
   nautocorr 0
   total_energy { -5.945994354425947   } 
   total_energyvar { 0.05000824055418596   } 
   weight { 1.000313039869097   } 
   weightvar { 0.09578709307490871   } 
   kinetic_energy { 3.914781603821919   } 
   kinetic_energyvar { 4.616842076745855   } 
   potential_energy { -10.52001842073699   } 
   potential_energyvar { 5.991875992444244   } 
   nonlocal_energy { 0.6592424624891255   } 
   nonlocal_energyvar { 2.549380817413228   } 
   autocorr_energy { } 
} 

block { 
   label ts_0.001
   totweight 17408000
   nautocorr 0
   total_energy { -5.947537666772199   } 
   total_energyvar { 0.05050363614084059   } 
   weight { 1.000394790813381   } 
   weightvar { 0.09597301264722144   } 
   kinetic_energy { 3.913402953975216   } 
   kinetic_energyvar { 4.630644219640154   } 
   potential_energy { -10.52963783826955   } 
   potential_energyvar { 6.257557769288157   } 
   nonlocal_energy { 0.6686972175221395   } 
   nonlocal_energyvar { 2.814794876609036   } 
   autocorr_energy { } 
} 

block { 
   label ts_0.001
   totweight 17408000
   nautocorr 0
   total_energy { -5.947006129077753   } 
   total_energyvar { 0.04911406806471769   } 
   weight { 1.000616897243656   } 
   weightvar { 0.09662427619522258   } 
   kinetic_energy { 3.913169530002858   } 
   kinetic_energyvar { 4.670153721697695   } 
   potential_energy { -10.52545796853225   } 
   potential_energyvar { 6.173369267379947   } 
   nonlocal_energy { 0.6652823094516349   } 
   nonlocal_energyvar { 2.631737970682849   } 
   autocorr_energy { } 
} 

block { 
   label ts_0.001
   totweight 17408000
   nautocorr 0
   total_energy { -5.946829516916138   } 
   total_energyvar { 0.04975532410677349   } 
   weight { 1.000324922411751   } 
   weightvar { 0.09626691786791307   } 
   kinetic_energy { 3.911397702207961   } 
   kinetic_energyvar { 4.632778129465773   } 
   potential_energy { -10.52802311646272   } 
   potential_energyvar { 6.044302913663775   } 
   nonlocal_energy { 0.6697958973386179   } 
   nonlocal_energyvar { 2.576715049331626   } 
   autocorr_energy { } 
} 

block { 
   label ts_0.001
   totweight 17408000
   nautocorr 0
   total_energy { -5.944323107421475   } 
   total_energyvar { 0.05054776396677988   } 
   weight { 0.9990923702677706   } 
   weightvar { 0.09507064346967398   } 
   kinetic_energy { 3.904924681215955   } 
   kinetic_energyvar { 4.70219946451671   } 
   potential_energy { -10.52324710102124   } 
   potential_energyvar { 6.065058780324446   } 
   nonlocal_energy { 0.6739993123838092   } 
   nonlocal_energyvar { 2.622659319304961   } 
   autocorr_energy { } 
} 

block { 
   label ts_0.001
   totweight 17408000
   nautocorr 0
   total_energy { -5.946167684956632   } 
   total_energyvar { 0.05031489074458044   } 
   weight { 0.9988180102606827   } 
   weightvar { 0.09525013202694037   } 
   kinetic_energy { 3.90989383151991   } 
   kinetic_energyvar { 4.743353520009221   } 
   potential_energy { -10.52187276799211   } 
   potential_energyvar { 6.265259670895203   } 
   nonlocal_energy { 0.6658112515155736   } 
   nonlocal_energyvar { 2.707694186935176   } 
   autocorr_energy { } 
} 

block { 
   label ts_0.001
   totweight 17408000
   nautocorr 0
   total_energy { -5.947966246787022   } 
   total_energyvar { 0.04962735697971597   } 
   weight { 0.9999292844496526   } 
   weightvar { 0.095703763337916   } 
   kinetic_energy { 3.89218447419481   } 
   kinetic_energyvar { 4.606665692865766   } 
   potential_energy { -10.49880246530385   } 
   potential_energyvar { 5.98063115352596   } 
   nonlocal_energy { 0.6586517443220185   } 
   nonlocal_energyvar { 2.529218174264634   } 
   autocorr_energy { } 
} 

block { 
   label ts_0.001
   totweight 17408000
   nautocorr 0
   total_energy { -5.945804790496367   } 
   total_energyvar { 0.04968004602296652   } 
   weight { 1.000077635623567   } 
   weightvar { 0.09615734773351732   } 
   kinetic_energy { 3.919710242852358   } 
   kinetic_energyvar { 4.65666696229868   } 
   potential_energy { -10.53238197438527   } 
   potential_energyvar { 6.022457123377065   } 
   nonlocal_energy { 0.6668669410365505   } 
   nonlocal_energyvar { 2.607170158810607   } 
   autocorr_energy { } 
} 

block { 
   label ts_0.001
   totweight 17408000
   nautocorr 0
   total_energy { -5.946141673455388   } 
   total_energyvar { 0.04873744629372546   } 
   weight { 0.9993451645624064   } 
   weightvar { 0.09620783145440288   } 
   kinetic_energy { 3.913362398265356   } 
   kinetic_energyvar { 4.65318024463552   } 
   potential_energy { -10.53118597371812   } 
   potential_energyvar { 6.087890698963151   } 
   nonlocal_energy { 0.671681901997376   } 
   nonlocal_energyvar { 2.549431892672484   } 
   autocorr_energy { } 
} 

block { 
   label ts_0.001
   totweight 17408000
   nautocorr 0
   total_energy { -5.946828742461495   } 
   total_energyvar { 0.05036525369830149   } 
   weight { 1.000115070669214   } 
   weightvar { 0.09674688097550484   } 
   kinetic_energy { 3.925079737900449   } 
   kinetic_energyvar { 4.625666305533074   } 
   potential_energy { -10.54199318195374   } 
   potential_energyvar { 6.088154065967988   } 
   nonlocal_energy { 0.670084701591791   } 
   nonlocal_energyvar { 2.673002202383071   } 
   autocorr_energy { } 
} 

block { 
   label ts_0.001
   totweight 17408000
   nautocorr 0
   total_energy { -5.947351013264575   } 
   total_energyvar { 0.04898260560767476   } 
   weight { 1.000059344612029   } 
   weightvar { 0.09723821954915934   } 
   kinetic_energy { 3.914348948822325   } 
   kinetic_energyvar { 4.664233091102196   } 
   potential_energy { -10.52854258231972   } 
   potential_energyvar { 6.02789805299115   } 
   nonlocal_energy { 0.6668426202328185   } 
   nonlocal_energyvar { 2.499993617006181   } 
   autocorr_energy { } 
} 

block { 
   label ts_0.001
   totweight 17408000
   nautocorr 0
   total_energy { -5.947228069769977   } 
   total_energyvar { 0.05158716882983747   } 
   weight { 1.00041421379238   } 
   weightvar { 0.09782326215560318   } 
   kinetic_energy { 3.905073514958336   } 
   kinetic_energyvar { 4.646229461190247   } 
   potential_energy { -10.52487844909498   } 
   potential_energyvar { 6.029846113766802   } 
   nonlocal_energy { 0.6725768643666692   } 
   nonlocal_energyvar { 2.592332350501372   } 
   autocorr_energy { } 
} 

block { 
   label ts_0.001
   totweight 17408000
   nautocorr 0
   total_energy { -5.945636953023997   } 
   total_energyvar { 0.05253923012583099   } 
   weight { 0.99984934898584   } 
   weightvar { 0.09681252842405742   } 
   kinetic_energy { 3.917532032234931   } 
   kinetic_energyvar { 4.699978654645548   } 
   potential_energy { -10.53798644572081   } 
   potential_energyvar { 6.13597756277171   } 
   nonlocal_energy { 0.6748174604618854   } 
   nonlocal_energyvar { 2.723098467651015   } 
   autocorr_energy { } 
} 

block { 
   label ts_0.001
   totweight 17408000
   nautocorr 0
   total_energy { -5.947833317610169   } 
   total_energyvar { 0.05012813499189209   } 
   weight { 1.000104781406552   } 
   weightvar { 0.09651468522389249   } 
   kinetic_energy { 3.909572989947342   } 
   kinetic_energyvar { 4.680958316007164   } 
   potential_energy { -10.52529071967525   } 
   potential_energyvar { 6.144776026377141   } 
   nonlocal_energy { 0.6678844121177421   } 
   nonlocal_energyvar { 2.665979396535104   } 
   autocorr_energy { } 
} 

block { 
   label ts_0.001
   totweight 17408000
   nautocorr 0
   total_energy { -5.947100972432851   } 
   total_energyvar { 0.05123608853426717   } 
   weight { 1.000199069252465   } 
   weightvar { 0.09576160746109545   } 
   kinetic_energy { 3.913406386678042   } 
   kinetic_energyvar { 4.654665000958663   } 
   potential_energy { -10.53321180355976   } 
   potential_energyvar { 6.119338806859018   } 
   nonlocal_energy { 0.6727044444488622   } 
   nonlocal_energyvar { 2.603345636362369   } 
   autocorr_energy { } 
} 

block { 
   label ts_0.001
   totweight 17408000
   nautocorr 0
   total_energy { -5.949056248413224   } 
   total_energyvar { 0.0540159992974969   } 
   weight { 1.001182363848568   } 
   weightvar { 0.09631885532249335   } 
   kinetic_energy { 3.923908373841697   } 
   kinetic_energyvar { 4.767317540892837   } 
   potential_energy { -10.55901697891925   } 
   potential_energyvar { 6.281508493656911   } 
   nonlocal_energy { 0.6860523566643316   } 
   nonlocal_energyvar { 2.818231337400984   } 
   autocorr_energy { } 
} 

block { 
   label ts_0.001
   totweight 17408000
   nautocorr 0
   total_energy { -5.947875673566077   } 
   total_energyvar { 0.05061102056058684   } 
   weight { 1.001566731935873   } 
   weightvar { 0.09714280145126596   } 
   kinetic_energy { 3.909814903546407   } 
   kinetic_energyvar { 4.740915529212791   } 
   potential_energy { -10.52803504499903   } 
   potential_energyvar { 6.155595343925015   } 
   nonlocal_energy { 0.670344467886545   } 
   nonlocal_energyvar { 2.70811984410528   } 
   autocorr_energy { } 
} 

block { 
   label ts_0.001
   totweight 17408000
   nautocorr 0
   total_energy { -5.946356593272228   } 
   total_energyvar { 0.0506847904657569   } 
   weight { 1.000126371136934   } 
   weightvar { 0.09627403996256635   } 
   kinetic_energy { 3.903110508365501   } 
   kinetic_energyvar { 4.667873991003704   } 
   potential_energy { -10.50748862953559   } 
   potential_energyvar { 6.094858339628125   } 
   nonlocal_energy { 0.6580215278978562   } 
   nonlocal_energyvar { 2.575435959542816   } 
   autocorr_energy { } 
} 

block { 
   label ts_0.001
   totweight 17408000
   nautocorr 0
   total_energy { -5.94662693404435   } 
   total_energyvar { 0.04918844779863028   } 
   weight { 0.9999581091104778   } 
   weightvar { 0.09596342969340629   } 
   kinetic_energy { 3.905197155620353   } 
   kinetic_energyvar { 4.751070863412726   } 
   potential_energy { -10.5095663530704   } 
   potential_energyvar { 6.191298537558595   } 
   nonlocal_energy { 0.657742263405702   } 
   nonlocal_energyvar { 2.548285965889064   } 
   autocorr_energy { } 
} 

block { 
   label ts_0.001
   totweight 17408000
   nautocorr 0
   total_energy { -5.946403374496033   } 
   total_energyvar { 0.0492995369278121   } 
   weight { 0.999816306557557   } 
   weightvar { 0.09680950494994871   } 
   kinetic_energy { 3.892830515958506   } 
   kinetic_energyvar { 4.651315241291032   } 
   potential_energy { -10.50525124259308   } 
   potential_energyvar { 6.071086255827382   } 
   nonlocal_energy { 0.6660173521385413   } 
   nonlocal_energyvar { 2.612123105847467   } 
   autocorr_energy { } 
} 

block { 
   label ts_0.001
   totweight 17408000
   nautocorr 0
   total_energy { -5.946807718973736   } 
   total_energyvar { 0.05073427175377609   } 
   weight { 0.9995435884434409   } 
   weightvar { 0.09779617983656116   } 
   kinetic_energy { 3.906896592392006   } 
   kinetic_energyvar { 4.619966868545773   } 
   potential_energy { -10.52403354947378   } 
   potential_energyvar { 6.107320408558854   } 
   nonlocal_energy { 0.6703292381080406   } 
   nonlocal_energyvar { 2.632561264869367   } 
   autocorr_energy { } 
} 

block { 
   label ts_0.001
   totweight 17408000
   nautocorr 0
   total_energy { -5.947667400642561   } 
   total_energyvar { 0.04977041454635863   } 
   weight { 1.000152588060196   } 
   weightvar { 0.09767475080944819   } 
   kinetic_energy { 3.904911034352317   } 
   kinetic_energyvar { 4.631578578091503   } 
   potential_energy { -10.52661650306051   } 
   potential_energyvar { 6.064447357973686   } 
   nonlocal_energy { 0.6740380680656389   } 
   nonlocal_energyvar { 2.636710963181099   } 
   autocorr_energy { } 
} 

block { 
   label ts_0.001
   totweight 17408000
   nautocorr 0
   total_energy { -5.946516397510502   } 
   total_energyvar { 0.05092260271076309   } 
   weight { 0.9999495224985964   } 
   weightvar { 0.09654106439613298   } 
   kinetic_energy { 3.906545156806639   } 
   kinetic_energyvar { 4.655245508015451   } 
   potential_energy { -10.52150324593364   } 
   potential_energyvar { 6.102949931709706   } 
   nonlocal_energy { 0.6684416916164971   } 
   nonlocal_energyvar { 2.658568850788141   } 
   autocorr_energy { } 
} 

block { 
   label ts_0.001
   totweight 17408000
   nautocorr 0
   total_energy { -5.947857661673989   } 
   total_energyvar { 0.0501306907018839   } 
   weight { 1.00025055934132   } 
   weightvar { 0.09714147358855643   } 
   kinetic_energy { 3.897528560806685   } 
   kinetic_energyvar { 4.650305380052061   } 
   potential_energy { -10.50946899379497   } 
   potential_energyvar { 6.078823534237348   } 
   nonlocal_energy { 0.6640827713142924   } 
   nonlocal_energyvar { 2.645229077527898   } 
   autocorr_energy { } 
} 

block { 
   label ts_0.001
   totweight 17408000
   nautocorr 0
   total_energy { -5.947224276798099   } 
   total_energyvar { 0.049851878323373   } 
   weight { 1.000704804528535   } 
   weightvar { 0.09609849020984466   } 
   kinetic_energy { 3.917265096649589   } 
   kinetic_energyvar { 4.686525136544065   } 
   potential_energy { -10.53065848393154   } 
   potential_energyvar { 6.087083010707313   } 
   nonlocal_energy { 0.6661691104838507   } 
   nonlocal_energyvar { 2.616592716537387   } 
   autocorr_energy { } 
} 

block { 
   label ts_0.001
   totweight 17408000
   nautocorr 0
   total_energy { -5.94699208785496   } 
   total_energyvar { 0.04930395488872129   } 
   weight { 1.00013229486029   } 
   weightvar { 0.09730518221116531   } 
   kinetic_energy { 3.906253171236389   } 
   kinetic_energyvar { 4.624470663836508   } 
   potential_energy { -10.52172642703366   } 
   potential_energyvar { 6.04113160232799   } 
   nonlocal_energy { 0.6684811679423064   } 
   nonlocal_energyvar { 2.585436000835323   } 
   autocorr_energy { } 
} 

block { 
   label ts_0.001
   totweight 17408000
   nautocorr 0
   total_energy { -5.945813256325505   } 
   total_energyvar { 0.0520962369854422   } 
   weight { 0.9998261010673758   } 
   weightvar { 0.09697069195220594   } 
   kinetic_energy { 3.908018164157878   } 
   kinetic_energyvar { 4.692899099888304   } 
   potential_energy { -10.53003813198268   } 
   potential_energyvar { 6.1669454902154   } 
   nonlocal_energy { 0.6762067114992935   } 
   nonlocal_energyvar { 2.75439462758897   } 
   autocorr_energy { } 
} 

block { 
   label ts_0.001
   totweight 17408000
   nautocorr 0
   total_energy { -5.944714066944201   } 
   total_energyvar { 0.0487745184687329   } 
   weight { 0.9983552326252979   } 
   weightvar { 0.09681985257725015   } 
   kinetic_energy { 3.931467520452786   } 
   kinetic_energyvar { 4.639255404330311   } 
   potential_energy { -10.54026004790846   } 
   potential_energyvar { 6.017918661925974   } 
   nonlocal_energy { 0.6640784605114788   } 
   nonlocal_energyvar { 2.553723122410313   } 
   autocorr_energy { } 
} 

block { 
   label ts_0.001
   totweight 17408000
   nautocorr 0
   total_energy { -5.945587737468442   } 
   total_energyvar { 0.05169633184913802   } 
   weight { 0.9985271862535684   } 
   weightvar { 0.09696635212251871   } 
   kinetic_energy { 3.931895774935193   } 
   kinetic_energyvar { 4.726673064191469   } 
   potential_energy { -10.55153557908015   } 
   potential_energyvar { 6.166049176042351   } 
   nonlocal_energy { 0.6740520666765165   } 
   nonlocal_energyvar { 2.752173823350221   } 
   autocorr_energy { } 
} 

block { 
   label ts_0.001
   totweight 17408000
   nautocorr 0
   total_energy { -5.946042379196816   } 
   total_energyvar { 0.05016873659465172   } 
   weight { 0.9985336548532231   } 
   weightvar { 0.09705101933104819   } 
   kinetic_energy { 3.915968127376737   } 
   kinetic_energyvar { 4.657022435045444   } 
   potential_energy { -10.51605424194803   } 
   potential_energyvar { 6.054682591830123   } 
   nonlocal_energy { 0.654043735374476   } 
   nonlocal_energyvar { 2.503701387277884   } 
   autocorr_energy { } 
} 

block { 
   label ts_0.001
   totweight 17408000
   nautocorr 0
   total_energy { -5.944483591513974   } 
   total_energyvar { 0.04923100213639198   } 
   weight { 0.9983693571331965   } 
   weightvar { 0.09856075561727715   } 
   kinetic_energy { 3.920510224720652   } 
   kinetic_energyvar { 4.697602851389438   } 
   potential_energy { -10.5177693799481   } 
   potential_energyvar { 6.111499889183656   } 
   nonlocal_energy { 0.6527755637134706   } 
   nonlocal_energyvar { 2.541497285022567   } 
   autocorr_energy { } 
} 

block { 
   label ts_0.001
   totweight 17408000
   nautocorr 0
   total_energy { -5.945472719672157   } 
   total_energyvar { 0.05010220312719469   } 
   weight { 0.9982596450247866   } 
   weightvar { 0.09784315143994297   } 
   kinetic_energy { 3.916589847874592   } 
   kinetic_energyvar { 4.651978072576894   } 
   potential_energy { -10.52546049536712   } 
   potential_energyvar { 6.063518751802163   } 
   nonlocal_energy { 0.6633979278203755   } 
   nonlocal_energyvar { 2.599532998561139   } 
   autocorr_energy { } 
} 

block { 
   label ts_0.001
   totweight 17408000
   nautocorr 0
   total_energy { -5.94429688320615   } 
   total_energyvar { 0.04938096630811836   } 
   weight { 0.9981189883157106   } 
   weightvar { 0.09711370055837346   } 
   kinetic_energy { 3.911559257073362   } 
   kinetic_energyvar { 4.672911886924975   } 
   potential_energy { -10.52422174691085   } 
   potential_energyvar { 6.064090801994968   } 
   nonlocal_energy { 0.6683656066313415   } 
   nonlocal_energyvar { 2.603809805452322   } 
   autocorr_energy { } 
} 

block { 
   label ts_0.001
   totweight 17408000
   nautocorr 0
   total_energy { -5.945898788835779   } 
   total_energyvar { 0.04940454999235404   } 
   weight { 0.9984216913559246   } 
   weightvar { 0.09731305251640543   } 
   kinetic_energy { 3.905981634705312   } 
   kinetic_energyvar { 4.709213761867485   } 
   potential_energy { -10.52584482728775   } 
   potential_energyvar { 6.136343938476682   } 
   nonlocal_energy { 0.6739644037466654   } 
   nonlocal_energyvar { 2.67622198641977   } 
   autocorr_energy { } 
} 

block { 
   label ts_0.001
   totweight 17408000
   nautocorr 0
   total_energy { -5.948592000428043   } 
   total_energyvar { 0.04996964639425763   } 
   weight { 0.9997235707133629   } 
   weightvar { 0.0970115161231528   } 
   kinetic_energy { 3.911887281776158   } 
   kinetic_energyvar { 4.61548886515245   } 
   potential_energy { -10.53360037531631   } 
   potential_energyvar { 6.03933123061438   } 
   nonlocal_energy { 0.6731210931121109   } 
   nonlocal_energyvar { 2.584958932199844   } 
   autocorr_energy { } 
} 

block { 
   label ts_0.001
   totweight 17408000
   nautocorr 0
   total_energy { -5.945807521692807   } 
   total_energyvar { 0.04977625978679564   } 
   weight { 1.000314815401691   } 
   weightvar { 0.09704736975247748   } 
   kinetic_energy { 3.905419040664073   } 
   kinetic_energyvar { 4.663038550412054   } 
   potential_energy { -10.52283655298598   } 
   potential_energyvar { 6.054241884044335   } 
   nonlocal_energy { 0.6716099906291011   } 
   nonlocal_energyvar { 2.61234223795314   } 
   autocorr_energy { } 
} 

block { 
   label ts_0.001
   totweight 17408000
   nautocorr 0
   total_energy { -5.944674773811927   } 
   total_energyvar { 0.04876904549470207   } 
   weight { 0.9989145143235572   } 
   weightvar { 0.09786005076441877   } 
   kinetic_energy { 3.917135961082438   } 
   kinetic_energyvar { 4.600633310987636   } 
   potential_energy { -10.51944651543997   } 
   potential_energyvar { 5.990697476561499   } 
   nonlocal_energy { 0.6576357805456051   } 
   nonlocal_energyvar { 2.517149646170349   } 
   autocorr_energy { } 
} 

block { 
   label ts_0.001
   totweight 17408000
   nautocorr 0
   total_energy { -5.946586467043999   } 
   total_energyvar { 0.05062395952328065   } 
   weight { 0.9991041933563816   } 
   weightvar { 0.09769117870667106   } 
   kinetic_energy { 3.919788343406097   } 
   kinetic_energyvar { 4.665394799517213   } 
   potential_energy { -10.53001524828555   } 
   potential_energyvar { 6.121278668369478   } 
   nonlocal_energy { 0.663640437835457   } 
   nonlocal_energyvar { 2.603594207701136   } 
   autocorr_energy { } 
} 

block { 
   label ts_0.001
   totweight 17408000
   nautocorr 0
   total_energy { -5.945579118247159   } 
   total_energyvar { 0.05069494365205007   } 
   weight { 0.9992598197367526   } 
   weightvar { 0.09779433269104423   } 
   kinetic_energy { 3.915146793039697   } 
   kinetic_energyvar { 4.61835730999999   } 
   potential_energy { -10.528054209475   } 
   potential_energyvar { 6.139006722643068   } 
   nonlocal_energy { 0.6673282981881471   } 
   nonlocal_energyvar { 2.649305991295679   } 
   autocorr_energy { } 
} 

block { 
   label ts_0.001
   totweight 17408000
   nautocorr 0
   total_energy { -5.946134354078376   } 
   total_energyvar { 0.05383170425697532   } 
   weight { 0.9988727609285852   } 
   weightvar { 0.09851332798195619   } 
   kinetic_energy { 3.901446877296716   } 
   kinetic_energyvar { 4.656577758492482   } 
   potential_energy { -10.52615593662556   } 
   potential_energyvar { 6.526918258236983   } 
   nonlocal_energy { 0.6785747052504743   } 
   nonlocal_energyvar { 3.14988151970895   } 
   autocorr_energy { } 
} 

block { 
   label ts_0.001
   totweight 17408000
   nautocorr 0
   total_energy { -5.945877146899917   } 
   total_energyvar { 0.0498164021437169   } 
   weight { 0.9991230331697867   } 
   weightvar { 0.09770484310669887   } 
   kinetic_energy { 3.914631768717774   } 
   kinetic_energyvar { 4.688820582031997   } 
   potential_energy { -10.52699987610018   } 
   potential_energyvar { 6.182830253561909   } 
   nonlocal_energy { 0.666490960482492   } 
   nonlocal_energyvar { 2.633956929424167   } 
   autocorr_energy { } 
} 

block { 
   label ts_0.001
   totweight 17408000
   nautocorr 0
   total_energy { -5.945842028942328   } 
   total_energyvar { 0.04907762017675892   } 
   weight { 0.9992614884884676   } 
   weightvar { 0.09696001162101052   } 
   kinetic_energy { 3.902692413528131   } 
   kinetic_energyvar { 4.613891015578006   } 
   potential_energy { -10.5078902194388   } 
   potential_energyvar { 6.143212234065147   } 
   nonlocal_energy { 0.6593557769683454   } 
   nonlocal_energyvar { 2.597114632344816   } 
   autocorr_energy { } 
} 

block { 
   label ts_0.001
   totweight 17408000
   nautocorr 0
   total_energy { -5.945852061565927   } 
   total_energyvar { 0.04991447815577461   } 
   weight { 0.9991488762698291   } 
   weightvar { 0.09792681409958368   } 
   kinetic_energy { 3.898237511764627   } 
   kinetic_energyvar { 4.665713237481829   } 
   potential_energy { -10.50783596549775   } 
   potential_energyvar { 6.077370502300321   } 
   nonlocal_energy { 0.6637463921671993   } 
   nonlocal_energyvar { 2.580212006649275   } 
   autocorr_energy { } 
} 

block { 
   label ts_0.001
   totweight 17408000
   nautocorr 0
   total_energy { -5.945793049067288   } 
   total_energyvar { 0.04897680831079128   } 
   weight { 0.9992112637894672   } 
   weightvar { 0.09825946527249782   } 
   kinetic_energy { 3.897417503385447   } 
   kinetic_energyvar { 4.635735081197442   } 
   potential_energy { -10.50393628542824   } 
   potential_energyvar { 6.005210432668332   } 
   nonlocal_energy { 0.6607257329755027   } 
   nonlocal_energyvar { 2.550751741832664   } 
   autocorr_energy { } 
} 

block { 
   label ts_0.001
   totweight 17408000
   nautocorr 0
   total_energy { -5.945804858508113   } 
   total_energyvar { 0.04983035012121528   } 
   weight { 0.9991313305068282   } 
   weightvar { 0.09678241313668821   } 
   kinetic_energy { 3.899189077457234   } 
   kinetic_energyvar { 4.62861077445951   } 
   potential_energy { -10.52043932690479   } 
   potential_energyvar { 6.035384872837628   } 
   nonlocal_energy { 0.6754453909394386   } 
   nonlocal_energyvar { 2.685735919091399   } 
   autocorr_energy { } 
} 

block { 
   label ts_0.001
   totweight 17408000
   nautocorr 0
   total_energy { -5.947347492121609   } 
   total_energyvar { 0.05010678907325206   } 
   weight { 0.9994753217039538   } 
   weightvar { 0.09636404627603327   } 
   kinetic_energy { 3.918229796935332   } 
   kinetic_energyvar { 4.71699359090559   } 
   potential_energy { -10.5438325943968   } 
   potential_energyvar { 6.166581470844372   } 
   nonlocal_energy { 0.6782553053398641   } 
   nonlocal_energyvar { 2.722269499049617   } 
   autocorr_energy { } 
} 

block { 
   label ts_0.001
   totweight 17408000
   nautocorr 0
   total_energy { -5.948469419906016   } 
   total_energyvar { 0.04958121424632567   } 
   weight { 1.00080381600057   } 
   weightvar { 0.09636694763899716   } 
   kinetic_energy { 3.899115612561199   } 
   kinetic_energyvar { 4.677625638984265   } 
   potential_energy { -10.51975724400078   } 
   potential_energyvar { 6.120716752750087   } 
   nonlocal_energy { 0.6721722115335634   } 
   nonlocal_energyvar { 2.602628747773059   } 
   autocorr_energy { } 
} 

block { 
   label ts_0.001
   totweight 17408000
   nautocorr 0
   total_energy { -5.949081688111909   } 
   total_energyvar { 0.05112616837526734   } 
   weight { 1.001880333739182   } 
   weightvar { 0.09661671150733585   } 
   kinetic_energy { 3.919276585398777   } 
   kinetic_energyvar { 4.892073298040532   } 
   potential_energy { -10.53386718636648   } 
   potential_energyvar { 6.291727911112626   } 
   nonlocal_energy { 0.6655089128557993   } 
   nonlocal_energyvar { 2.960385172542287   } 
   autocorr_energy { } 
} 

block { 
   label ts_0.001
   totweight 17408000
   nautocorr 0
   total_energy { -5.950048806382491   } 
   total_energyvar { 0.05168988765904772   } 
   weight { 1.002313969025068   } 
   weightvar { 0.09648855048441869   } 
   kinetic_energy { 3.899453460016693   } 
   kinetic_energyvar { 4.673738430196797   } 
   potential_energy { -10.52256503354734   } 
   potential_energyvar { 6.124519597239802   } 
   nonlocal_energy { 0.6730627671481574   } 
   nonlocal_energyvar { 2.731368521095552   } 
   autocorr_energy { } 
} 

block { 
   label ts_0.001
   totweight 17408000
   nautocorr 0
   total_energy { -5.948101956336509   } 
   total_energyvar { 0.05021442065595248   } 
   weight { 1.002217352433492   } 
   weightvar { 0.0967786311959045   } 
   kinetic_energy { 3.910630200442722   } 
   kinetic_energyvar { 4.669921108538433   } 
   potential_energy { -10.52746830416009   } 
   potential_energyvar { 6.117037418384215   } 
   nonlocal_energy { 0.6687361473808623   } 
   nonlocal_energyvar { 2.725624638539275   } 
   autocorr_energy { } 
} 

