
 Primary working directories    : /global/cscratch1/sd/gwang18
 Secondary working directories  : /global/cscratch1/sd/gwang18
 Wavefunction directory         : /global/homes/g/gwang18/wfu/
 Main file repository           : /global/cscratch1/sd/gwang18/

 SHA1      : 19cd028119e0e09f93f0674bd8af7968d9b3eff6
 NAME      : 2015.1.36
 ARCHNAME  : linux/x86_64
 FC        : /opt/cray/pe/craype/2.5.14/bin/ftn
 BLASLIB   : -L/opt/intel/compilers_and_libraries_2018.1.163/linux/mkl/lib/intel64 -Wl,-_start-group -lmkl_intel_ilp64 -lmkl_intel_thread -lmkl_core -Wl,-_end-group -liomp5
 id        : lbl

 Nodes     nprocs
 nid00117     7
 Number of processes for MPI-2 version of Molpro:   nprocs(total)=    8   nprocs(compute)=    7   nprocs(helper)=    1

 Using customized tuning parameters: mindgm=7; mindgv=16; mindgc=1; mindgr=1; noblas=0; minvec=7
 default implementation of scratch files=sf  

 ***,SiH4
 memory,1000,m
 gthresh,twoint=1.0E-12
 
 
 basis={
 ECP,Si,10,2,0;
 3;                                                                              !Vd
 1,5.168316,    4.000000
 3,8.861690,   20.673264
 2,3.933474,  -14.818174
 2;                                                                              !Vs-Vd
 2,9.447023,   14.832760
 2,2.553812,   26.349664
 2;                                                                              !Vp-Vd
 2,3.660001,    7.621400
 2,1.903653,   10.331583
 
 Including file /global/u2/g/gwang18/projects/si_gap/sih2/adiabatic/casscf/singlet/Si.aug-cc-pV6Z.basis
 
 ECP,H,0,1,0
 3;
 2,   21.77696655044365 ,     -10.85192405303825 ;
 1,   21.24359508259891 ,       1.00000000000000;
 3,   21.24359508259891 ,      21.24359508259891;
 1; 2,                   1.,                      0.;
 
 Including file /global/u2/g/gwang18/projects/si_gap/sih2/adiabatic/casscf/singlet/H.aug-cc-pV6Z.basis
 }
 
 
 angstrom
 geometry={
  Si
  H1     Si     1.48532
  H2     Si     1.48532      H1     122.4416
 }
 
                                                                                 ! HARTREE-FOCK
 {RHF
    wf,6,1,0                                                                     ! nelec,symm,spin
 }
 
 pop;
 
 {CASSCF
    occ,2,1,1,0
    closed,1,0,1,0
    wf,6,2,0                                                                     ! nelec,symm,spin
 }
 scf = energy
 
 table, scf
 save
 type,csv

 Variables initialized (889), CPU time= 0.00 sec
 Commands  initialized (702), CPU time= 0.01 sec, 572 directives.
 Default parameters read. Elapsed time= 0.13 sec

 Checking input...
 Passed
1


                                         ***  PROGRAM SYSTEM MOLPRO  ***
                                       Copyright, TTI GmbH Stuttgart, 2015
                                    Version 2015.1 linked Dec 29 2018 15:55:43


 **********************************************************************************************************************************
 LABEL *   SiH4                                                                          
  64 bit mpp version                                                                     DATE: 04-Sep-20          TIME: 16:45:06  
 **********************************************************************************************************************************

 SHA1:             19cd028119e0e09f93f0674bd8af7968d9b3eff6
 **********************************************************************************************************************************

 THRESHOLDS:

 ZERO    =  1.00D-12  ONEINT  =  1.00D-12  TWOINT  =  1.00D-12  PREFAC  =  1.00D-14  LOCALI  =  1.00D-09  EORDER  =  1.00D-04
 ENERGY  =  0.00D+00  ETEST   =  0.00D+00  EDENS   =  0.00D+00  THRDEDEF=  1.00D-06  GRADIENT=  1.00D-02  STEP    =  1.00D-03
 ORBITAL =  1.00D-05  CIVEC   =  1.00D-05  COEFF   =  1.00D-04  PRINTCI =  5.00D-02  PUNCHCI =  9.90D+01  OPTGRAD =  3.00D-04
 OPTENERG=  1.00D-06  OPTSTEP =  3.00D-04  THRGRAD =  1.00D-10  COMPRESS=  1.00D-11  VARMIN  =  1.00D-07  VARMAX  =  1.00D-03
 THRDOUB =  0.00D+00  THRDIV  =  1.00D-05  THRRED  =  1.00D-07  THRPSP  =  1.00D+00  THRDC   =  1.00D-10  THRCS   =  1.00D-10
 THRNRM  =  1.00D-08  THREQ   =  0.00D+00  THRDE   =  1.00D+00  THRREF  =  1.00D-05  SPARFAC =  1.00D+00  THRDLP  =  1.00D-07
 THRDIA  =  1.00D-10  THRDLS  =  1.00D-07  THRGPS  =  0.00D+00  THRKEX  =  0.00D+00  THRDIS  =  2.00D-01  THRVAR  =  1.00D-10
 THRLOC  =  1.00D-06  THRGAP  =  1.00D-06  THRLOCT = -1.00D+00  THRGAPT = -1.00D+00  THRORB  =  1.00D-06  THRMLTP =  0.00D+00
 THRCPQCI=  1.00D-10  KEXTA   =  0.00D+00  THRCOARS=  0.00D+00  SYMTOL  =  1.00D-06  GRADTOL =  1.00D-06  THROVL  =  1.00D-08
 THRORTH =  1.00D-08  GRID    =  1.00D-06  GRIDMAX =  1.00D-03  DTMAX   =  0.00D+00  THROCCDE=  1.00D-01  THROCCDE=  1.00D-01



 Variable memory set to 1000000000 words,  buffer space   230000 words

 SETTING BASIS          =    USERDEF
 ZUNIT=ANG
 


 Recomputing integrals since basis changed


 Using spherical harmonics



 PROGRAM * SEWARD (Integral evaluation for generally contracted gaussian basis sets)     Author: Roland Lindh, 1990

 Geometry written to block  1 of record 700

 Orientation using atomic masses  
 Molecule type: Asymmetric top,     Order of principal axis = 2
 Symmetry elements: X,Y
 Rotational constants:     115.4267713    525.4609503    147.9200126 GHz  (calculated with average atomic masses)

 Point group  C2v 



 ATOMIC COORDINATES

 NR  ATOM    CHARGE       X              Y              Z

   1  SI      4.00    0.000000000    0.000000000   -0.090497231
   2  H1      1.00    0.000000000    2.460150387    1.260819093
   3  H2      1.00    0.000000000   -2.460150387    1.260819093

 Bond lengths in Bohr (Angstrom)

 1-2  2.806848007  1-3  2.806848007
     ( 1.485320000)     ( 1.485320000)

 Bond angles

  2-1-3  122.44160000

 NUCLEAR CHARGE:                    6
 NUMBER OF PRIMITIVE AOS:         707
 NUMBER OF SYMMETRY AOS:          492
 NUMBER OF CONTRACTIONS:          442   ( 142A1  +  96B1  + 123B2  +  81A2  )
 NUMBER OF CORE ORBITALS:           0   (   0A1  +   0B1  +   0B2  +   0A2  )
 NUMBER OF VALENCE ORBITALS:        6   (   3A1  +   1B1  +   2B2  +   0A2  )


 NUCLEAR REPULSION ENERGY    3.05341175

 Eigenvalues of metric

         1 0.155E-05 0.938E-05 0.119E-04 0.283E-04 0.507E-04 0.947E-04 0.993E-04 0.150E-03
         2 0.241E-04 0.932E-04 0.455E-03 0.483E-03 0.979E-03 0.280E-02 0.378E-02 0.579E-02
         3 0.211E-05 0.648E-05 0.107E-04 0.379E-04 0.805E-04 0.985E-04 0.156E-03 0.203E-03
         4 0.108E-03 0.453E-03 0.523E-03 0.120E-02 0.291E-02 0.552E-02 0.608E-02 0.737E-02


 Contracted 2-electron integrals neglected if value below      1.0D-12
 AO integral compression algorithm  1   Integral accuracy      1.0D-12

     6790.054 MB (compressed) written to integral file ( 53.5%)

     Node minimum: 780.665 MB, node maximum: 1108.345 MB


 NUMBER OF SORTED TWO-ELECTRON INTEGRALS:  172631212.     BUFFER LENGTH:  32768
 NUMBER OF SEGMENTS:   6  SEGMENT LENGTH:   31990989      RECORD LENGTH: 524288

 Memory used in sort:      32.55 MW

 SORT1 READ  1587149438. AND WROTE   159059483. INTEGRALS IN    459 RECORDS. CPU TIME:   126.99 SEC, REAL TIME:   139.96 SEC
 SORT2 READ  1115230101. AND WROTE  1208570368. INTEGRALS IN  23891 RECORDS. CPU TIME:    16.07 SEC, REAL TIME:    19.02 SEC

 Node minimum:   172579282.  Node maximum:   172777085. integrals

 OPERATOR DM      FOR CENTER  0  COORDINATES:    0.000000    0.000000    0.000000


 **********************************************************************************************************************************
 DATASETS  * FILE   NREC   LENGTH (MB)   RECORD NAMES
              1      19       22.13       500      610      700      900      950      970     1000      129      960     1100   
                                          VAR    BASINP    GEOM    SYMINP    ZMAT    AOBASIS   BASIS     P2S    ABASIS      S 
                                         1400     1410     1420     1200     1210     1080     1600     1650     1700   
                                           T        V       ECP      H0       H01     AOSYM     SMH    MOLCAS    OPER   

 PROGRAMS   *        TOTAL       INT
 CPU TIMES  *       178.77    178.60
 REAL TIME  *       212.18 SEC
 DISK USED  *        20.14 GB      
 GA USED    *         0.00 MB       (max)       0.00 MB       (current)
 **********************************************************************************************************************************


 PROGRAM * RHF-SCF (CLOSED SHELL)       Authors: W. Meyer, H.-J. Werner


 NUMBER OF ELECTRONS:       3+    3-    SPACE SYMMETRY=1    SPIN SYMMETRY: Singlet 
 CONVERGENCE THRESHOLDS:    1.00E-05 (Density)    1.00E-07 (Energy)
 MAX. NUMBER OF ITERATIONS:       60
 INTERPOLATION TYPE:            DIIS
 INTERPOLATION STEPS:              2 (START)      1 (STEP)
 LEVEL SHIFTS:                  0.00 (CLOSED)  0.00 (OPEN) 



 Orbital guess generated from atomic densities. Full valence occupancy:    3   1   2   0

 Molecular orbital dump at record        2100.2

 Initial occupancy:   2   0   1   0

 ITERATION    DDIFF          GRAD             ENERGY        2-EL.EN.            DIPOLE MOMENTS         DIIS   ORB.
    1      0.000D+00      0.000D+00        -4.82206233      9.639894    0.00000    0.00000    0.60376    0    start
    2      0.000D+00      0.316D-02        -4.83148956      9.788797    0.00000    0.00000    0.47394    1    diag
    3      0.160D-02      0.783D-03        -4.83227954      9.794713    0.00000    0.00000    0.49750    2    diag
    4      0.381D-03      0.194D-03        -4.83234942      9.796410    0.00000    0.00000    0.51108    3    diag
    5      0.110D-03      0.421D-04        -4.83235425      9.796181    0.00000    0.00000    0.51516    4    diag
    6      0.364D-04      0.894D-05        -4.83235449      9.796210    0.00000    0.00000    0.51563    5    diag
    7      0.101D-04      0.173D-05        -4.83235450      9.796216    0.00000    0.00000    0.51546    6    diag
    8      0.404D-05      0.452D-06        -4.83235450      9.796219    0.00000    0.00000    0.51541    0    orth

 Final occupancy:   2   0   1   0

 !RHF STATE 1.1 Energy                 -4.832354502812
 Nuclear energy                         3.05341175
 One-electron energy                  -12.78387582
 Two-electron energy                    4.89810957
 Virial quotient                       -1.87955662
 !RHF STATE 1.1 Dipole moment           0.00000000     0.00000000     0.51540596
 Dipole moment /Debye                   0.00000000     0.00000000     1.30994548

 Orbital energies:

         1.1          2.1          3.1          4.1
     -0.684342    -0.298797     0.030369     0.045590

         1.2          2.2
     -0.004540     0.053126

         1.3          2.3          3.3
     -0.510690     0.038482     0.070831

         1.4          2.4
      0.108958     0.240279

 HOMO      2.1    -0.298797 =      -8.1307eV
 LUMO      1.2    -0.004540 =      -0.1236eV
 LUMO-HOMO         0.294257 =       8.0071eV


 **********************************************************************************************************************************
 DATASETS  * FILE   NREC   LENGTH (MB)   RECORD NAMES
              1      19       22.15       500      610      700      900      950      970     1000      129      960     1100   
                                          VAR    BASINP    GEOM    SYMINP    ZMAT    AOBASIS   BASIS     P2S    ABASIS      S 
                                         1400     1410     1420     1200     1210     1080     1600     1650     1700   
                                           T        V       ECP      H0       H01     AOSYM     SMH    MOLCAS    OPER   

              2       4        3.88       700     1000      520     2100   
                                         GEOM     BASIS   MCVARS     RHF  

 PROGRAMS   *        TOTAL       RHF       INT
 CPU TIMES  *       185.01      6.24    178.60
 REAL TIME  *       219.41 SEC
 DISK USED  *        20.35 GB      
 SF USED    *         0.21 MB      
 GA USED    *         0.00 MB       (max)       0.00 MB       (current)
 **********************************************************************************************************************************


 PROGRAM * POP (Mulliken population analysis)

 
 Density matrix read from record         2100.2  Type=RHF/CHARGE (state 1.1)
 
 Population analysis by basis function type

 Unique atom        s        p        d        f        g    Total    Charge
   1  SI      1.58874  2.12712  0.16860  0.01370  0.00179  3.90009  + 0.09991
   2  H1      1.02033  0.02740  0.00200  0.00018  0.00004  1.04995  - 0.04995


 **********************************************************************************************************************************
 DATASETS  * FILE   NREC   LENGTH (MB)   RECORD NAMES
              1      19       22.15       500      610      700      900      950      970     1000      129      960     1100   
                                          VAR    BASINP    GEOM    SYMINP    ZMAT    AOBASIS   BASIS     P2S    ABASIS      S 
                                         1400     1410     1420     1200     1210     1080     1600     1650     1700   
                                           T        V       ECP      H0       H01     AOSYM     SMH    MOLCAS    OPER   

              2       4        3.88       700     1000      520     2100   
                                         GEOM     BASIS   MCVARS     RHF  

 PROGRAMS   *        TOTAL       POP       RHF       INT
 CPU TIMES  *       185.01      0.00      6.24    178.60
 REAL TIME  *       219.42 SEC
 DISK USED  *        20.35 GB      
 SF USED    *         0.21 MB      
 GA USED    *         0.00 MB       (max)       0.00 MB       (current)
 **********************************************************************************************************************************


 PROGRAM * MULTI (Direct Multiconfiguration SCF)       Authors: P.J. Knowles, H.-J. Werner (1984)     S.T. Elbert (1988)


 Number of closed-shell orbitals:   2 (   1   0   1   0 )
 Number of active  orbitals:        2 (   1   1   0   0 )
 Number of external orbitals:     438 ( 140  95 122  81 )

 State symmetry 1

 Number of electrons:     2    Spin symmetry=Singlet   Space symmetry=2
 Number of states:        1
 Number of CSFs:          1   (2 determinants, 4 intermediate states)

 Molecular orbitals read from record     2100.2  Type=RHF/CANONICAL (state 1.1)

 Wavefunction dump at record             2140.2

 Convergence thresholds  0.10E-01 (gradient)  0.10E-05 (energy)  0.10E-02 (step length)

 Number of orbital rotations:      498   (     1 Core/Active    262 Core/Virtual   0 Active/Active    235 Active/Virtual)
 Total number of variables:        500


 ITER. MIC  NCI  NEG     ENERGY(VAR)     ENERGY(PROJ)   ENERGY CHANGE     GRAD(0)  GRAD(ORB)   GRAD(CI)     STEP       TIME

   1   28    7    0      -4.74867389      -4.79383811   -0.04516422    0.13464397 0.00000000 0.00000000  0.43D+00      1.76
   2   19    8    0      -4.79241862      -4.79273683   -0.00031821    0.01785384 0.00000000 0.00000000  0.24D-01      3.35
   3   20    8    0      -4.79273776      -4.79273777   -0.00000002    0.00012319 0.00000000 0.00000000  0.20D-03      4.90

 ** WVFN ****  CONVERGENCE REACHED, FINAL GRADIENT:  0.89D-08


 First order charge density matrix for state 1.2 saved on record  2140.2 (density set 1)

 Results for state 1.2
 =====================

 !MCSCF STATE 1.2 Energy               -4.792737772210
 Nuclear energy                         3.05341175
 Kinetic energy                         2.53836986
 One electron energy                  -12.70238674
 Two electron energy                    4.85623722
 Virial ratio                           2.88811641

 !MCSCF STATE 1.2 Dipole moment         0.00000000     0.00000000    -0.05428633
 Dipole moment /Debye                   0.00000000     0.00000000    -0.13797304


 Natural orbital dump at molpro section  2140.2    (Orbital set 2)



 **********************************************************************************************************************************
 DATASETS  * FILE   NREC   LENGTH (MB)   RECORD NAMES
              1      20       28.95       500      610      700      900      950      970     1000      129      960     1100   
                                          VAR    BASINP    GEOM    SYMINP    ZMAT    AOBASIS   BASIS     P2S    ABASIS      S 
                                         1400     1410     1420     1200     1210     1080     1600     1650     1700     1380   
                                           T        V       ECP      H0       H01     AOSYM     SMH    MOLCAS    OPER     JKOP   

              2       5        8.64       700     1000      520     2100     2140   
                                         GEOM     BASIS   MCVARS     RHF     MCSCF   

 PROGRAMS   *        TOTAL    CASSCF       POP       RHF       INT
 CPU TIMES  *       191.93      6.80      0.00      6.24    178.60
 REAL TIME  *       230.24 SEC
 DISK USED  *        20.35 GB      
 SF USED    *        35.34 MB      
 GA USED    *         0.00 MB       (max)       0.00 MB       (current)
 **********************************************************************************************************************************
 SETTING SCF            =        -4.79273777  HARTREE                         
 Output type csv         
                                                                                                                                                                                                                                                                

      SCF
   -4.79273777
                                                  

 CASSCF/USERDEF energy=     -4.792737772210

        CASSCF          RHF-SCF 
     -4.79273777     -4.83235450
 **********************************************************************************************************************************
 Molpro calculation terminated
 Variable memory released
