
Lmod is automatically replacing "xl/16.1.1-5" with "gcc/7.4.0".


Due to MODULEPATH changes, the following have been reloaded:
  1) hdf5/1.10.4     2) spectrum-mpi/10.3.1.2-20200121

Rank =    0  Free Memory = 571389 MB
Rank =    1  Free Memory = 571389 MB
/ccs/home/aannabe/.lsbatch/1591926246.151994.shell: line 43: cd: ../J3: No such file or directory
cp: cannot stat '../J12/qmc.s009.opt.xml': No such file or directory
cp: cannot stat '../qmc.h5': No such file or directory
cp: cannot stat '../qmc.structure.xml': No such file or directory
cp: cannot stat '../Si.qmcpp.xml': No such file or directory
cp: cannot stat '../H.qmcpp.xml': No such file or directory
Rank =    1  Free Memory = 571991 MB
Rank =    0  Free Memory = 571991 MB
Could not read jskill result from pmix server

Lmod is automatically replacing "xl/16.1.1-5" with "gcc/7.4.0".


Due to MODULEPATH changes, the following have been reloaded:
  1) hdf5/1.10.4     2) spectrum-mpi/10.3.1.2-20200121


The following have been reloaded with a version change:
  1) python/3.7.0-anaconda3-5.3.0 => python/3.6.6-anaconda3-5.3.0

Rank =    1  Free Memory = 568304 MB
Rank =    0  Free Memory = 568304 MB
User defined signal 2
ERROR:  One or more process (first noticed rank 1) terminated with signal 12
