Rank =    0  Free Memory = 571795 MB
--2020-06-11 22:19:04--  https://pseudopotentiallibrary.org/recipes/Si/ccECP/Si.ccECP.xml
Resolving pseudopotentiallibrary.org (pseudopotentiallibrary.org)... 128.219.165.148
Connecting to pseudopotentiallibrary.org (pseudopotentiallibrary.org)|128.219.165.148|:443... connected.
HTTP request sent, awaiting response... 200 OK
Length: 1502082 (1.4M) [text/xml]
Saving to: 'Si.ccECP.xml'

     0K .......... .......... .......... .......... ..........  3% 17.0M 0s
    50K .......... .......... .......... .......... ..........  6% 69.8M 0s
   100K .......... .......... .......... .......... .......... 10% 69.9M 0s
   150K .......... .......... .......... .......... .......... 13% 69.9M 0s
   200K .......... .......... .......... .......... .......... 17% 62.2M 0s
   250K .......... .......... .......... .......... .......... 20% 70.4M 0s
   300K .......... .......... .......... .......... .......... 23% 68.7M 0s
   350K .......... .......... .......... .......... .......... 27% 71.0M 0s
   400K .......... .......... .......... .......... .......... 30% 60.9M 0s
   450K .......... .......... .......... .......... .......... 34% 70.5M 0s
   500K .......... .......... .......... .......... .......... 37% 69.6M 0s
   550K .......... .......... .......... .......... .......... 40% 71.4M 0s
   600K .......... .......... .......... .......... .......... 44% 63.0M 0s
   650K .......... .......... .......... .......... .......... 47% 71.7M 0s
   700K .......... .......... .......... .......... .......... 51% 71.5M 0s
   750K .......... .......... .......... .......... .......... 54% 72.7M 0s
   800K .......... .......... .......... .......... .......... 57% 61.6M 0s
   850K .......... .......... .......... .......... .......... 61% 71.5M 0s
   900K .......... .......... .......... .......... .......... 64% 73.3M 0s
   950K .......... .......... .......... .......... .......... 68% 71.1M 0s
  1000K .......... .......... .......... .......... .......... 71% 63.1M 0s
  1050K .......... .......... .......... .......... .......... 74% 72.1M 0s
  1100K .......... .......... .......... .......... .......... 78% 72.3M 0s
  1150K .......... .......... .......... .......... .......... 81% 73.1M 0s
  1200K .......... .......... .......... .......... .......... 85% 61.5M 0s
  1250K .......... .......... .......... .......... .......... 88% 73.1M 0s
  1300K .......... .......... .......... .......... .......... 92% 73.6M 0s
  1350K .......... .......... .......... .......... .......... 95% 73.6M 0s
  1400K .......... .......... .......... .......... .......... 98% 64.6M 0s
  1450K .......... ......                                     100% 66.4M=0.02s

2020-06-11 22:19:04 (62.4 MB/s) - 'Si.ccECP.xml' saved [1502082/1502082]

--2020-06-11 22:19:04--  https://pseudopotentiallibrary.org/recipes/H/ccECP/H.ccECP.xml
Resolving pseudopotentiallibrary.org (pseudopotentiallibrary.org)... 128.219.165.148
Connecting to pseudopotentiallibrary.org (pseudopotentiallibrary.org)|128.219.165.148|:443... connected.
HTTP request sent, awaiting response... 200 OK
Length: 1001619 (978K) [text/xml]
Saving to: 'H.ccECP.xml'

     0K .......... .......... .......... .......... ..........  5% 10.8M 0s
    50K .......... .......... .......... .......... .......... 10% 69.8M 0s
   100K .......... .......... .......... .......... .......... 15% 70.1M 0s
   150K .......... .......... .......... .......... .......... 20% 70.9M 0s
   200K .......... .......... .......... .......... .......... 25% 61.4M 0s
   250K .......... .......... .......... .......... .......... 30% 69.7M 0s
   300K .......... .......... .......... .......... .......... 35% 69.8M 0s
   350K .......... .......... .......... .......... .......... 40% 70.1M 0s
   400K .......... .......... .......... .......... .......... 46% 60.7M 0s
   450K .......... .......... .......... .......... .......... 51% 70.5M 0s
   500K .......... .......... .......... .......... .......... 56% 28.3M 0s
   550K .......... .......... .......... .......... .......... 61% 70.5M 0s
   600K .......... .......... .......... .......... .......... 66% 62.4M 0s
   650K .......... .......... .......... .......... .......... 71% 69.2M 0s
   700K .......... .......... .......... .......... .......... 76% 70.0M 0s
   750K .......... .......... .......... .......... .......... 81% 72.1M 0s
   800K .......... .......... .......... .......... .......... 86% 62.0M 0s
   850K .......... .......... .......... .......... .......... 92% 72.0M 0s
   900K .......... .......... .......... .......... .......... 97% 72.0M 0s
   950K .......... .......... ........                        100% 60.9M=0.02s

2020-06-11 22:19:04 (50.6 MB/s) - 'H.ccECP.xml' saved [1001619/1001619]

Rank =    0  Free Memory = 571652 MB
Rank =    1  Free Memory = 571652 MB
Could not read jskill result from pmix server
cp: cannot stat '../J12/qmc.s009.opt.xml': No such file or directory
sed: can't read qmc.wfj.xml: No such file or directory
Error: error in ptssup_mkcltsock_afunix()
06-11-2020 22:19:18:843 112153 main: Error initializing RM connection. Exiting.
cp: cannot stat '../J12/qmc.s009.opt.xml': No such file or directory
cp: cannot stat '../qmc.h5': No such file or directory
cp: cannot stat '../qmc.structure.xml': No such file or directory
cp: cannot stat '../Si.qmcpp.xml': No such file or directory
cp: cannot stat '../H.qmcpp.xml': No such file or directory
sed: can't read qmc.wfj.xml: No such file or directory
Rank =    0  Free Memory = 566598 MB
Rank =    1  Free Memory = 566598 MB
I/O warning : failed to load external entity "qmc.structure.xml"
ERROR File qmc.structure.xml is invalid
I/O warning : failed to load external entity "qmc.structure.xml"
--------------------------------------------------------------------------
MPI_ABORT was invoked on rank 0 in communicator world
with errorcode 1.

NOTE: invoking MPI_ABORT causes Open MPI to kill all MPI processes.
You may or may not see output from other processes, depending on
exactly when Open MPI kills them.
--------------------------------------------------------------------------
--------------------------------------------------------------------------
MPI_ABORT was invoked on rank 1 in communicator world
with errorcode 1.

NOTE: invoking MPI_ABORT causes Open MPI to kill all MPI processes.
You may or may not see output from other processes, depending on
exactly when Open MPI kills them.
--------------------------------------------------------------------------
Rank =    0  Free Memory = 549208 MB
--2020-06-11 22:30:00--  https://pseudopotentiallibrary.org/recipes/Si/ccECP/Si.ccECP.xml
Resolving pseudopotentiallibrary.org (pseudopotentiallibrary.org)... 128.219.165.148
Connecting to pseudopotentiallibrary.org (pseudopotentiallibrary.org)|128.219.165.148|:443... connected.
HTTP request sent, awaiting response... 200 OK
Length: 1502082 (1.4M) [text/xml]
Saving to: 'Si.ccECP.xml'

     0K .......... .......... .......... .......... ..........  3% 57.0M 0s
    50K .......... .......... .......... .......... ..........  6% 79.6M 0s
   100K .......... .......... .......... .......... .......... 10% 84.0M 0s
   150K .......... .......... .......... .......... .......... 13% 82.4M 0s
   200K .......... .......... .......... .......... .......... 17% 73.1M 0s
   250K .......... .......... .......... .......... .......... 20% 85.1M 0s
   300K .......... .......... .......... .......... .......... 23% 66.3M 0s
   350K .......... .......... .......... .......... .......... 27% 81.4M 0s
   400K .......... .......... .......... .......... .......... 30% 72.5M 0s
   450K .......... .......... .......... .......... .......... 34% 77.4M 0s
   500K .......... .......... .......... .......... .......... 37% 62.8M 0s
   550K .......... .......... .......... .......... .......... 40% 85.7M 0s
   600K .......... .......... .......... .......... .......... 44% 59.6M 0s
   650K .......... .......... .......... .......... .......... 47% 84.3M 0s
   700K .......... .......... .......... .......... .......... 51% 76.3M 0s
   750K .......... .......... .......... .......... .......... 54% 84.4M 0s
   800K .......... .......... .......... .......... .......... 57% 2.20M 0s
   850K .......... .......... .......... .......... .......... 61% 85.6M 0s
   900K .......... .......... .......... .......... .......... 64% 84.3M 0s
   950K .......... .......... .......... .......... .......... 68% 84.6M 0s
  1000K .......... .......... .......... .......... .......... 71% 76.7M 0s
  1050K .......... .......... .......... .......... .......... 74% 83.2M 0s
  1100K .......... .......... .......... .......... .......... 78% 85.2M 0s
  1150K .......... .......... .......... .......... .......... 81% 79.0M 0s
  1200K .......... .......... .......... .......... .......... 85% 72.7M 0s
  1250K .......... .......... .......... .......... .......... 88% 83.5M 0s
  1300K .......... .......... .......... .......... .......... 92% 82.3M 0s
  1350K .......... .......... .......... .......... .......... 95% 87.5M 0s
  1400K .......... .......... .......... .......... .......... 98% 75.5M 0s
  1450K .......... ......                                     100% 76.3M=0.04s

2020-06-11 22:30:00 (35.7 MB/s) - 'Si.ccECP.xml' saved [1502082/1502082]

--2020-06-11 22:30:00--  https://pseudopotentiallibrary.org/recipes/H/ccECP/H.ccECP.xml
Resolving pseudopotentiallibrary.org (pseudopotentiallibrary.org)... 128.219.165.148
Connecting to pseudopotentiallibrary.org (pseudopotentiallibrary.org)|128.219.165.148|:443... connected.
HTTP request sent, awaiting response... 200 OK
Length: 1001619 (978K) [text/xml]
Saving to: 'H.ccECP.xml'

     0K .......... .......... .......... .......... ..........  5% 23.1M 0s
    50K .......... .......... .......... .......... .......... 10% 52.5M 0s
   100K .......... .......... .......... .......... .......... 15% 57.3M 0s
   150K .......... .......... .......... .......... .......... 20% 56.7M 0s
   200K .......... .......... .......... .......... .......... 25% 57.2M 0s
   250K .......... .......... .......... .......... .......... 30% 48.0M 0s
   300K .......... .......... .......... .......... .......... 35% 77.0M 0s
   350K .......... .......... .......... .......... .......... 40% 52.4M 0s
   400K .......... .......... .......... .......... .......... 46% 45.1M 0s
   450K .......... .......... .......... .......... .......... 51% 82.3M 0s
   500K .......... .......... .......... .......... .......... 56% 79.9M 0s
   550K .......... .......... .......... .......... .......... 61% 83.5M 0s
   600K .......... .......... .......... .......... .......... 66% 64.2M 0s
   650K .......... .......... .......... .......... .......... 71% 71.9M 0s
   700K .......... .......... .......... .......... .......... 76% 76.4M 0s
   750K .......... .......... .......... .......... .......... 81% 82.6M 0s
   800K .......... .......... .......... .......... .......... 86% 73.0M 0s
   850K .......... .......... .......... .......... .......... 92% 81.5M 0s
   900K .......... .......... .......... .......... .......... 97% 85.6M 0s
   950K .......... .......... ........                        100% 71.3M=0.02s

2020-06-11 22:30:00 (59.8 MB/s) - 'H.ccECP.xml' saved [1001619/1001619]

Rank =    0  Free Memory = 549046 MB
Rank =    1  Free Memory = 549046 MB
Rank =    0  Free Memory = 549028 MB
Rank =    1  Free Memory = 549028 MB
User defined signal 2
ERROR:  One or more process (first noticed rank 1) terminated with signal 12

Lmod is automatically replacing "xl/16.1.1-5" with "gcc/7.4.0".


Due to MODULEPATH changes, the following have been reloaded:
  1) hdf5/1.10.4     2) spectrum-mpi/10.3.1.2-20200121


The following have been reloaded with a version change:
  1) python/3.7.0-anaconda3-5.3.0 => python/3.6.6-anaconda3-5.3.0

Rank =    0  Free Memory = 554244 MB
--2020-07-12 19:05:21--  https://pseudopotentiallibrary.org/recipes/Si/ccECP/Si.ccECP.xml
Resolving pseudopotentiallibrary.org (pseudopotentiallibrary.org)... 128.219.165.148
Connecting to pseudopotentiallibrary.org (pseudopotentiallibrary.org)|128.219.165.148|:443... connected.
HTTP request sent, awaiting response... 200 OK
Length: 1502082 (1.4M) [text/xml]
Saving to: 'Si.ccECP.xml'

     0K .......... .......... .......... .......... ..........  3% 15.5M 0s
    50K .......... .......... .......... .......... ..........  6% 71.3M 0s
   100K .......... .......... .......... .......... .......... 10% 56.9M 0s
   150K .......... .......... .......... .......... .......... 13% 67.3M 0s
   200K .......... .......... .......... .......... .......... 17% 62.8M 0s
   250K .......... .......... .......... .......... .......... 20% 70.0M 0s
   300K .......... .......... .......... .......... .......... 23% 62.4M 0s
   350K .......... .......... .......... .......... .......... 27% 72.2M 0s
   400K .......... .......... .......... .......... .......... 30% 50.1M 0s
   450K .......... .......... .......... .......... .......... 34% 60.5M 0s
   500K .......... .......... .......... .......... .......... 37% 71.9M 0s
   550K .......... .......... .......... .......... .......... 40% 73.9M 0s
   600K .......... .......... .......... .......... .......... 44% 66.7M 0s
   650K .......... .......... .......... .......... .......... 47% 65.9M 0s
   700K .......... .......... .......... .......... .......... 51% 72.1M 0s
   750K .......... .......... .......... .......... .......... 54% 71.9M 0s
   800K .......... .......... .......... .......... .......... 57% 62.3M 0s
   850K .......... .......... .......... .......... .......... 61% 72.9M 0s
   900K .......... .......... .......... .......... .......... 64% 74.0M 0s
   950K .......... .......... .......... .......... .......... 68% 75.8M 0s
  1000K .......... .......... .......... .......... .......... 71% 66.9M 0s
  1050K .......... .......... .......... .......... .......... 74% 76.4M 0s
  1100K .......... .......... .......... .......... .......... 78% 75.1M 0s
  1150K .......... .......... .......... .......... .......... 81% 74.4M 0s
  1200K .......... .......... .......... .......... .......... 85% 64.4M 0s
  1250K .......... .......... .......... .......... .......... 88% 75.1M 0s
  1300K .......... .......... .......... .......... .......... 92% 75.9M 0s
  1350K .......... .......... .......... .......... .......... 95% 77.5M 0s
  1400K .......... .......... .......... .......... .......... 98% 68.2M 0s
  1450K .......... ......                                     100% 65.4M=0.02s

2020-07-12 19:05:21 (61.3 MB/s) - 'Si.ccECP.xml' saved [1502082/1502082]

--2020-07-12 19:05:21--  https://pseudopotentiallibrary.org/recipes/H/ccECP/H.ccECP.xml
Resolving pseudopotentiallibrary.org (pseudopotentiallibrary.org)... 128.219.165.148
Connecting to pseudopotentiallibrary.org (pseudopotentiallibrary.org)|128.219.165.148|:443... connected.
HTTP request sent, awaiting response... 200 OK
Length: 1001619 (978K) [text/xml]
Saving to: 'H.ccECP.xml'

     0K .......... .......... .......... .......... ..........  5% 23.3M 0s
    50K .......... .......... .......... .......... .......... 10% 58.1M 0s
   100K .......... .......... .......... .......... .......... 15% 58.7M 0s
   150K .......... .......... .......... .......... .......... 20% 69.6M 0s
   200K .......... .......... .......... .......... .......... 25% 65.5M 0s
   250K .......... .......... .......... .......... .......... 30% 54.4M 0s
   300K .......... .......... .......... .......... .......... 35% 58.5M 0s
   350K .......... .......... .......... .......... .......... 40% 73.0M 0s
   400K .......... .......... .......... .......... .......... 46% 50.7M 0s
   450K .......... .......... .......... .......... .......... 51% 71.1M 0s
   500K .......... .......... .......... .......... .......... 56% 66.2M 0s
   550K .......... .......... .......... .......... .......... 61% 64.1M 0s
   600K .......... .......... .......... .......... .......... 66% 66.8M 0s
   650K .......... .......... .......... .......... .......... 71% 73.9M 0s
   700K .......... .......... .......... .......... .......... 76% 72.3M 0s
   750K .......... .......... .......... .......... .......... 81% 66.8M 0s
   800K .......... .......... .......... .......... .......... 86% 64.8M 0s
   850K .......... .......... .......... .......... .......... 92% 74.2M 0s
   900K .......... .......... .......... .......... .......... 97%  879K 0s
   950K .......... .......... ........                        100% 62.4M=0.07s

2020-07-12 19:05:21 (13.2 MB/s) - 'H.ccECP.xml' saved [1001619/1001619]

Rank =    0  Free Memory = 554095 MB
Rank =    1  Free Memory = 554095 MB
Rank =    2  Free Memory = 552968 MB
Rank =    3  Free Memory = 552968 MB
Rank =    6  Free Memory = 535278 MB
Rank =    4  Free Memory = 560004 MB
Rank =    7  Free Memory = 535278 MB
Rank =    5  Free Memory = 560004 MB
Rank =    0  Free Memory = 554078 MB
Rank =    1  Free Memory = 554078 MB
Rank =    2  Free Memory = 552937 MB
Rank =    3  Free Memory = 552937 MB
Rank =    6  Free Memory = 535232 MB
Rank =    4  Free Memory = 559975 MB
Rank =    5  Free Memory = 559975 MB
Rank =    7  Free Memory = 535232 MB
Could not read jskill result from pmix server

Lmod is automatically replacing "xl/16.1.1-5" with "gcc/7.4.0".


Due to MODULEPATH changes, the following have been reloaded:
  1) hdf5/1.10.4     2) spectrum-mpi/10.3.1.2-20200121


The following have been reloaded with a version change:
  1) python/3.7.0-anaconda3-5.3.0 => python/3.6.6-anaconda3-5.3.0

Rank =    0  Free Memory = 563157 MB
--2020-07-12 20:25:18--  https://pseudopotentiallibrary.org/recipes/Si/ccECP/Si.ccECP.xml
Resolving pseudopotentiallibrary.org (pseudopotentiallibrary.org)... 128.219.165.148
Connecting to pseudopotentiallibrary.org (pseudopotentiallibrary.org)|128.219.165.148|:443... connected.
HTTP request sent, awaiting response... 200 OK
Length: 1502082 (1.4M) [text/xml]
Saving to: 'Si.ccECP.xml'

     0K .......... .......... .......... .......... ..........  3% 21.7M 0s
    50K .......... .......... .......... .......... ..........  6% 70.2M 0s
   100K .......... .......... .......... .......... .......... 10% 54.2M 0s
   150K .......... .......... .......... .......... .......... 13% 75.5M 0s
   200K .......... .......... .......... .......... .......... 17% 64.0M 0s
   250K .......... .......... .......... .......... .......... 20% 68.4M 0s
   300K .......... .......... .......... .......... .......... 23% 58.6M 0s
   350K .......... .......... .......... .......... .......... 27% 61.2M 0s
   400K .......... .......... .......... .......... .......... 30% 62.9M 0s
   450K .......... .......... .......... .......... .......... 34% 62.6M 0s
   500K .......... .......... .......... .......... .......... 37% 68.9M 0s
   550K .......... .......... .......... .......... .......... 40% 62.3M 0s
   600K .......... .......... .......... .......... .......... 44% 47.0M 0s
   650K .......... .......... .......... .......... .......... 47% 54.0M 0s
   700K .......... .......... .......... .......... .......... 51% 74.1M 0s
   750K .......... .......... .......... .......... .......... 54% 75.6M 0s
   800K .......... .......... .......... .......... .......... 57% 57.7M 0s
   850K .......... .......... .......... .......... .......... 61% 72.8M 0s
   900K .......... .......... .......... .......... .......... 64% 66.8M 0s
   950K .......... .......... .......... .......... .......... 68% 74.0M 0s
  1000K .......... .......... .......... .......... .......... 71% 65.9M 0s
  1050K .......... .......... .......... .......... .......... 74% 73.7M 0s
  1100K .......... .......... .......... .......... .......... 78% 72.8M 0s
  1150K .......... .......... .......... .......... .......... 81% 74.5M 0s
  1200K .......... .......... .......... .......... .......... 85% 64.1M 0s
  1250K .......... .......... .......... .......... .......... 88% 72.9M 0s
  1300K .......... .......... .......... .......... .......... 92% 74.0M 0s
  1350K .......... .......... .......... .......... .......... 95% 72.9M 0s
  1400K .......... .......... .......... .......... .......... 98% 64.8M 0s
  1450K .......... ......                                     100% 70.6M=0.02s

2020-07-12 20:25:18 (61.5 MB/s) - 'Si.ccECP.xml' saved [1502082/1502082]

--2020-07-12 20:25:18--  https://pseudopotentiallibrary.org/recipes/H/ccECP/H.ccECP.xml
Resolving pseudopotentiallibrary.org (pseudopotentiallibrary.org)... 128.219.165.148
Connecting to pseudopotentiallibrary.org (pseudopotentiallibrary.org)|128.219.165.148|:443... connected.
HTTP request sent, awaiting response... 200 OK
Length: 1001619 (978K) [text/xml]
Saving to: 'H.ccECP.xml'

     0K .......... .......... .......... .......... ..........  5% 10.9M 0s
    50K .......... .......... .......... .......... .......... 10% 60.9M 0s
   100K .......... .......... .......... .......... .......... 15% 56.3M 0s
   150K .......... .......... .......... .......... .......... 20% 70.3M 0s
   200K .......... .......... .......... .......... .......... 25% 62.6M 0s
   250K .......... .......... .......... .......... .......... 30% 71.5M 0s
   300K .......... .......... .......... .......... .......... 35% 70.1M 0s
   350K .......... .......... .......... .......... .......... 40% 71.4M 0s
   400K .......... .......... .......... .......... .......... 46% 53.1M 0s
   450K .......... .......... .......... .......... .......... 51% 71.2M 0s
   500K .......... .......... .......... .......... .......... 56% 62.1M 0s
   550K .......... .......... .......... .......... .......... 61% 59.0M 0s
   600K .......... .......... .......... .......... .......... 66% 53.5M 0s
   650K .......... .......... .......... .......... .......... 71% 64.3M 0s
   700K .......... .......... .......... .......... .......... 76% 61.1M 0s
   750K .......... .......... .......... .......... .......... 81% 72.2M 0s
   800K .......... .......... .......... .......... .......... 86% 65.9M 0s
   850K .......... .......... .......... .......... .......... 92% 74.4M 0s
   900K .......... .......... .......... .......... .......... 97% 74.8M 0s
   950K .......... .......... ........                        100% 64.4M=0.02s

2020-07-12 20:25:18 (51.5 MB/s) - 'H.ccECP.xml' saved [1001619/1001619]

Rank =    0  Free Memory = 563013 MB
Rank =    1  Free Memory = 563013 MB
Rank =    2  Free Memory = 533781 MB
Rank =    3  Free Memory = 533781 MB
Rank =    4  Free Memory = 529594 MB
Rank =    7  Free Memory = 540854 MB
Rank =    5  Free Memory = 529594 MB
Rank =    6  Free Memory = 540854 MB
Rank =    0  Free Memory = 563008 MB
Rank =    1  Free Memory = 563008 MB
Rank =    2  Free Memory = 533762 MB
Rank =    3  Free Memory = 533762 MB
Rank =    6  Free Memory = 540843 MB
Rank =    4  Free Memory = 529588 MB
Rank =    7  Free Memory = 540843 MB
Rank =    5  Free Memory = 529588 MB
User defined signal 2
ERROR:  One or more process (first noticed rank 1) terminated with signal 12
