******** <class 'pyscf.dft.rks.RKS'> ********
method = RKS-RHF
initial guess = minao
damping factor = 0
level_shift factor = 0
DIIS = <class 'pyscf.scf.diis.CDIIS'>
diis_start_cycle = 1
diis_space = 8
SCF conv_tol = 1e-09
SCF conv_tol_grad = None
SCF max_cycles = 50
direct_scf = True
direct_scf_tol = 1e-13
chkfile to save SCF result = scf.chkfile
max_memory 4000 MB (current use 104 MB)
XC functionals = pbe0
small_rho_cutoff = 1e-07
Set gradient conv threshold to 3.16228e-05
init E= -5.79245749817509
  HOMO = -0.392997460024563  LUMO = -0.0178853469937508
cycle= 1 E= -6.26313765743346  delta_E= -0.471  |g|= 0.086  |ddm|= 2.85
  HOMO = -0.350199733185799  LUMO = 0.00213036008623175
cycle= 2 E= -6.26559852828582  delta_E= -0.00246  |g|= 0.0333  |ddm|= 0.782
  HOMO = -0.362703360461002  LUMO = -0.000560307291058624
cycle= 3 E= -6.26603757593488  delta_E= -0.000439  |g|= 0.00413  |ddm|= 0.0659
  HOMO = -0.36269328334216  LUMO = -0.000528107923173154
cycle= 4 E= -6.26604656131917  delta_E= -8.99e-06  |g|= 0.000482  |ddm|= 0.0318
  HOMO = -0.362453424504149  LUMO = -0.000465982258303233
cycle= 5 E= -6.26604663014302  delta_E= -6.88e-08  |g|= 2.87e-05  |ddm|= 0.0045
  HOMO = -0.36246470789154  LUMO = -0.000469532261982414
cycle= 6 E= -6.26604663056334  delta_E= -4.2e-10  |g|= 6.76e-07  |ddm|= 0.00034
  HOMO = -0.362464905882046  LUMO = -0.000469648661111125
Extra cycle  E= -6.26604663056345  delta_E= -1.15e-13  |g|= 1.27e-07  |ddm|= 5.26e-06
converged SCF energy = -6.26604663056345
**** SCF Summaries ****
Total Energy =                          -6.266046630563451
Nuclear Repulsion Energy =               7.035210750996707
One-electron Energy =                  -21.885291164649324
Two-electron Coulomb Energy =           11.176856895119512
DFT Exchange-Correlation Energy =       -2.592823112030345
**** MO energy ****
MO #1   energy= -0.56628781183277  occ= 2
MO #2   energy= -0.362464905882047 occ= 2
MO #3   energy= -0.362464905882046 occ= 2
MO #4   energy= -0.362464905882046 occ= 2
MO #5   energy= -0.000469648661111125 occ= 0
MO #6   energy= 0.0213747948988632 occ= 0
MO #7   energy= 0.0213747948989065 occ= 0
MO #8   energy= 0.0213747948989231 occ= 0
MO #9   energy= 0.0431183786018471 occ= 0
MO #10  energy= 0.0431183786018826 occ= 0
MO #11  energy= 0.0431183786018907 occ= 0
MO #12  energy= 0.068494101903996  occ= 0
MO #13  energy= 0.0684941019039974 occ= 0
MO #14  energy= 0.0832014682665311 occ= 0
MO #15  energy= 0.0832014682672388 occ= 0
MO #16  energy= 0.0832014682674589 occ= 0
MO #17  energy= 0.0877279069881856 occ= 0
MO #18  energy= 0.143487691852656  occ= 0
MO #19  energy= 0.178880387814824  occ= 0
MO #20  energy= 0.178880387815344  occ= 0
MO #21  energy= 0.178880387815459  occ= 0
MO #22  energy= 0.19127167045898   occ= 0
MO #23  energy= 0.191271670458981  occ= 0
MO #24  energy= 0.221190598544126  occ= 0
MO #25  energy= 0.221190598544441  occ= 0
MO #26  energy= 0.221190598544529  occ= 0
MO #27  energy= 0.228560744702113  occ= 0
MO #28  energy= 0.228560744702147  occ= 0
MO #29  energy= 0.228560744702157  occ= 0
MO #30  energy= 0.282255945480206  occ= 0
MO #31  energy= 0.285875370131961  occ= 0
MO #32  energy= 0.28587537013222   occ= 0
MO #33  energy= 0.285875370132349  occ= 0
MO #34  energy= 0.32878324300012   occ= 0
MO #35  energy= 0.358912966236129  occ= 0
MO #36  energy= 0.358912966236263  occ= 0
MO #37  energy= 0.358912966236755  occ= 0
MO #38  energy= 0.373801877014224  occ= 0
MO #39  energy= 0.373801877014348  occ= 0
MO #40  energy= 0.373801877014387  occ= 0
MO #41  energy= 0.396739450662283  occ= 0
MO #42  energy= 0.404767455197887  occ= 0
MO #43  energy= 0.40476745519823   occ= 0
MO #44  energy= 0.404767455198312  occ= 0
MO #45  energy= 0.406455164196141  occ= 0
MO #46  energy= 0.406455164196166  occ= 0
MO #47  energy= 0.587043887609468  occ= 0
MO #48  energy= 0.587043887609491  occ= 0
MO #49  energy= 0.587043887609523  occ= 0
MO #50  energy= 0.593864097119245  occ= 0
MO #51  energy= 0.629978586636353  occ= 0
MO #52  energy= 0.629978586636478  occ= 0
MO #53  energy= 0.629978586636805  occ= 0
MO #54  energy= 0.652106317753164  occ= 0
MO #55  energy= 0.652106317753184  occ= 0
MO #56  energy= 0.684908604634148  occ= 0
MO #57  energy= 0.684908604636043  occ= 0
MO #58  energy= 0.684908604636356  occ= 0
MO #59  energy= 0.73186645580101   occ= 0
MO #60  energy= 0.73186645580294   occ= 0
MO #61  energy= 0.73186645580384   occ= 0
MO #62  energy= 0.812205238229698  occ= 0
MO #63  energy= 0.812205238229776  occ= 0
MO #64  energy= 0.815078018606467  occ= 0
MO #65  energy= 0.833833516415686  occ= 0
MO #66  energy= 0.833833516415871  occ= 0
MO #67  energy= 0.833833516415893  occ= 0
MO #68  energy= 0.873683113474752  occ= 0
MO #69  energy= 0.873683113474833  occ= 0
MO #70  energy= 0.873683113474847  occ= 0
MO #71  energy= 0.8761687925786    occ= 0
MO #72  energy= 0.876168792578973  occ= 0
MO #73  energy= 0.876168792579598  occ= 0
MO #74  energy= 0.945843294257747  occ= 0
MO #75  energy= 0.945843294257803  occ= 0
MO #76  energy= 0.94584329425784   occ= 0
MO #77  energy= 0.965297273000288  occ= 0
MO #78  energy= 0.965297273000321  occ= 0
MO #79  energy= 1.0229144737209    occ= 0
MO #80  energy= 1.06364917255592   occ= 0
MO #81  energy= 1.06364917255605   occ= 0
MO #82  energy= 1.06364917255621   occ= 0
MO #83  energy= 1.10006590499239   occ= 0
MO #84  energy= 1.10006590499247   occ= 0
MO #85  energy= 1.10006590499255   occ= 0
MO #86  energy= 1.1393965034355    occ= 0
MO #87  energy= 1.13939650343553   occ= 0
MO #88  energy= 1.13939650343554   occ= 0
MO #89  energy= 1.21997440404087   occ= 0
MO #90  energy= 1.2722961542903    occ= 0
MO #91  energy= 1.27229615429035   occ= 0
MO #92  energy= 1.27793024686458   occ= 0
MO #93  energy= 1.37008666681714   occ= 0
MO #94  energy= 1.37008666682382   occ= 0
MO #95  energy= 1.37008666683344   occ= 0
MO #96  energy= 1.41121285500309   occ= 0
MO #97  energy= 1.41121285500416   occ= 0
MO #98  energy= 1.41121285500584   occ= 0
MO #99  energy= 1.46835386823009   occ= 0
MO #100 energy= 1.46835386823011   occ= 0
MO #101 energy= 1.5282784087623    occ= 0
MO #102 energy= 1.52827840876387   occ= 0
MO #103 energy= 1.52827840876527   occ= 0
MO #104 energy= 1.6485681531339    occ= 0
MO #105 energy= 1.64856815313402   occ= 0
MO #106 energy= 1.64856815313414   occ= 0
MO #107 energy= 1.84061907136238   occ= 0
MO #108 energy= 1.85222375955982   occ= 0
MO #109 energy= 1.85222375955987   occ= 0
MO #110 energy= 1.85222375956009   occ= 0
MO #111 energy= 1.97560788047914   occ= 0
MO #112 energy= 2.00672280224336   occ= 0
MO #113 energy= 2.00672280224339   occ= 0
MO #114 energy= 2.0067228022434    occ= 0
MO #115 energy= 2.05852879717499   occ= 0
MO #116 energy= 2.05852879717569   occ= 0
MO #117 energy= 2.05852879717645   occ= 0
MO #118 energy= 2.06843404962138   occ= 0
MO #119 energy= 2.06843404963342   occ= 0
MO #120 energy= 2.06843404965396   occ= 0
MO #121 energy= 2.12326246943368   occ= 0
MO #122 energy= 2.12326246943415   occ= 0
MO #123 energy= 2.12326246943508   occ= 0
MO #124 energy= 2.14731886207529   occ= 0
MO #125 energy= 2.14731886207545   occ= 0
MO #126 energy= 2.14731886207546   occ= 0
MO #127 energy= 2.2448904011853    occ= 0
MO #128 energy= 2.24489040118574   occ= 0
MO #129 energy= 2.24489040118639   occ= 0
MO #130 energy= 2.26958036904788   occ= 0
MO #131 energy= 2.27640231614599   occ= 0
MO #132 energy= 2.27640231614643   occ= 0
MO #133 energy= 2.28682733099685   occ= 0
MO #134 energy= 2.31863184825005   occ= 0
MO #135 energy= 2.31863184825104   occ= 0
MO #136 energy= 2.39480915956767   occ= 0
MO #137 energy= 2.39480915956773   occ= 0
MO #138 energy= 2.39480915956774   occ= 0
MO #139 energy= 2.45682044484016   occ= 0
MO #140 energy= 2.45682044484064   occ= 0
MO #141 energy= 2.4568204448409    occ= 0
MO #142 energy= 2.48287539108269   occ= 0
MO #143 energy= 2.48287539108297   occ= 0
MO #144 energy= 2.51000041402211   occ= 0
MO #145 energy= 2.54839633019068   occ= 0
MO #146 energy= 2.54839633019091   occ= 0
MO #147 energy= 2.54839633019098   occ= 0
MO #148 energy= 2.59032727482744   occ= 0
MO #149 energy= 2.59196554011585   occ= 0
MO #150 energy= 2.59196554011646   occ= 0
MO #151 energy= 2.59196554011738   occ= 0
MO #152 energy= 2.77565222885989   occ= 0
MO #153 energy= 2.77565222886009   occ= 0
MO #154 energy= 2.77565222886024   occ= 0
MO #155 energy= 2.78996901041105   occ= 0
MO #156 energy= 2.78996901041134   occ= 0
MO #157 energy= 2.81882405119099   occ= 0
MO #158 energy= 2.81882405119101   occ= 0
MO #159 energy= 2.81882405119115   occ= 0
MO #160 energy= 2.87954004219055   occ= 0
MO #161 energy= 2.87954004219064   occ= 0
MO #162 energy= 2.99132121171989   occ= 0
MO #163 energy= 2.99132121172312   occ= 0
MO #164 energy= 2.99132121172888   occ= 0
MO #165 energy= 3.0489946948405    occ= 0
MO #166 energy= 3.04899469484132   occ= 0
MO #167 energy= 3.0489946948424    occ= 0
MO #168 energy= 3.09557032965793   occ= 0
MO #169 energy= 3.09557032965822   occ= 0
MO #170 energy= 3.09557032965853   occ= 0
MO #171 energy= 3.21246242597107   occ= 0
MO #172 energy= 3.33778816393816   occ= 0
MO #173 energy= 3.33778816393842   occ= 0
MO #174 energy= 3.33778816393844   occ= 0
MO #175 energy= 3.37955411898067   occ= 0
MO #176 energy= 3.37955411898109   occ= 0
MO #177 energy= 3.37955411898122   occ= 0
MO #178 energy= 3.59606502504423   occ= 0
MO #179 energy= 3.59606502504732   occ= 0
MO #180 energy= 3.59606502504951   occ= 0
MO #181 energy= 3.71446089306463   occ= 0
MO #182 energy= 3.71446089306488   occ= 0
MO #183 energy= 3.90409191474468   occ= 0
MO #184 energy= 4.00278820020375   occ= 0
MO #185 energy= 4.00278820020485   occ= 0
MO #186 energy= 4.03082966339593   occ= 0
MO #187 energy= 4.0308296633961    occ= 0
MO #188 energy= 4.03082966339693   occ= 0
MO #189 energy= 4.10195651145338   occ= 0
MO #190 energy= 4.10195651145384   occ= 0
MO #191 energy= 4.10195651145543   occ= 0
MO #192 energy= 4.13597934350152   occ= 0
MO #193 energy= 4.13597934350167   occ= 0
MO #194 energy= 4.13597934350175   occ= 0
MO #195 energy= 4.24156120129726   occ= 0
MO #196 energy= 6.0870717554476    occ= 0
MO #197 energy= 6.08707175544816   occ= 0
MO #198 energy= 6.08707175545194   occ= 0
MO #199 energy= 6.78326012841895   occ= 0
MO #200 energy= 6.80172300127953   occ= 0
MO #201 energy= 6.80172300128117   occ= 0
MO #202 energy= 6.80172300128256   occ= 0
MO #203 energy= 6.85214847511017   occ= 0
MO #204 energy= 6.85214847511045   occ= 0
MO #205 energy= 6.85214847511046   occ= 0
MO #206 energy= 6.86975384831171   occ= 0
MO #207 energy= 6.86975384831192   occ= 0
MO #208 energy= 6.89258833364889   occ= 0
MO #209 energy= 6.89258833364892   occ= 0
MO #210 energy= 6.89258833364895   occ= 0
MO #211 energy= 6.89827283887034   occ= 0
MO #212 energy= 7.02047381299008   occ= 0
MO #213 energy= 7.02047381299057   occ= 0
MO #214 energy= 7.02047381299147   occ= 0
MO #215 energy= 7.04082670158049   occ= 0
MO #216 energy= 7.04082670158185   occ= 0
MO #217 energy= 7.04082670158282   occ= 0
MO #218 energy= 7.05790096270342   occ= 0
MO #219 energy= 7.08002138508769   occ= 0
MO #220 energy= 7.08002138508779   occ= 0
MO #221 energy= 7.08002138508784   occ= 0
MO #222 energy= 7.2183167039003    occ= 0
MO #223 energy= 7.21831670390058   occ= 0
MO #224 energy= 7.21831670390169   occ= 0
MO #225 energy= 7.238620986451     occ= 0
MO #226 energy= 7.24047658243685   occ= 0
MO #227 energy= 7.2404765824375    occ= 0
MO #228 energy= 7.3479998634228    occ= 0
MO #229 energy= 7.34799986342288   occ= 0
MO #230 energy= 7.34799986342459   occ= 0
MO #231 energy= 8.2997389335415    occ= 0
MO #232 energy= 8.29973893354151   occ= 0
MO #233 energy= 8.29973893354159   occ= 0
MO #234 energy= 8.4172965662276    occ= 0
MO #235 energy= 8.41729656622824   occ= 0
MO #236 energy= 8.41729656622879   occ= 0
MO #237 energy= 8.46855134603432   occ= 0
MO #238 energy= 8.4685513460345    occ= 0
MO #239 energy= 8.61482034178107   occ= 0
MO #240 energy= 8.61482034178145   occ= 0
MO #241 energy= 8.65322395365232   occ= 0
MO #242 energy= 8.65322395365417   occ= 0
MO #243 energy= 8.65322395365421   occ= 0
MO #244 energy= 8.87316215170065   occ= 0
MO #245 energy= 8.8731621517018    occ= 0
MO #246 energy= 8.87316215170195   occ= 0
MO #247 energy= 9.08121133138405   occ= 0
MO #248 energy= 9.08121133138548   occ= 0
MO #249 energy= 9.08121133138598   occ= 0
MO #250 energy= 9.08857302505849   occ= 0
MO #251 energy= 9.08857302505975   occ= 0
MO #252 energy= 9.11248963926839   occ= 0
MO #253 energy= 9.11248963926932   occ= 0
MO #254 energy= 9.11248963926945   occ= 0
MO #255 energy= 9.29053046283172   occ= 0
MO #256 energy= 9.36395103729692   occ= 0
MO #257 energy= 9.36395103729761   occ= 0
MO #258 energy= 9.36395103729826   occ= 0
MO #259 energy= 9.61722845253423   occ= 0
MO #260 energy= 9.76954578447965   occ= 0
MO #261 energy= 9.76954578448119   occ= 0
MO #262 energy= 9.76954578448177   occ= 0
MO #263 energy= 11.7658712388542   occ= 0
 ** Mulliken pop on meta-lowdin orthogonal AOs  **
 ** Mulliken pop  **
pop of  0 Si 3s        1.07819
pop of  0 Si 4s        0.00011
pop of  0 Si 5s        0.00000
pop of  0 Si 6s        0.00084
pop of  0 Si 7s        0.00233
pop of  0 Si 3px       0.82361
pop of  0 Si 3py       0.82361
pop of  0 Si 3pz       0.82361
pop of  0 Si 4px       0.00035
pop of  0 Si 4py       0.00035
pop of  0 Si 4pz       0.00035
pop of  0 Si 5px       0.00322
pop of  0 Si 5py       0.00322
pop of  0 Si 5pz       0.00322
pop of  0 Si 6px       0.00055
pop of  0 Si 6py       0.00055
pop of  0 Si 6pz       0.00055
pop of  0 Si 7px       0.00306
pop of  0 Si 7py       0.00306
pop of  0 Si 7pz       0.00306
pop of  0 Si 3dxy      0.00338
pop of  0 Si 3dyz      0.00338
pop of  0 Si 3dz^2    -0.00000
pop of  0 Si 3dxz      0.00338
pop of  0 Si 3dx2-y2   -0.00000
pop of  0 Si 4dxy      0.00443
pop of  0 Si 4dyz      0.00443
pop of  0 Si 4dz^2    -0.00000
pop of  0 Si 4dxz      0.00443
pop of  0 Si 4dx2-y2   -0.00000
pop of  0 Si 5dxy      0.00100
pop of  0 Si 5dyz      0.00100
pop of  0 Si 5dz^2    -0.00000
pop of  0 Si 5dxz      0.00100
pop of  0 Si 5dx2-y2    0.00000
pop of  0 Si 6dxy      0.00003
pop of  0 Si 6dyz      0.00003
pop of  0 Si 6dz^2    -0.00000
pop of  0 Si 6dxz      0.00003
pop of  0 Si 6dx2-y2    0.00000
pop of  0 Si 4fy^3     0.00003
pop of  0 Si 4fxyz     0.00135
pop of  0 Si 4fyz^2    0.00002
pop of  0 Si 4fz^3     0.00004
pop of  0 Si 4fxz^2    0.00002
pop of  0 Si 4fzx^2    0.00000
pop of  0 Si 4fx^3     0.00003
pop of  0 Si 5fy^3     0.00001
pop of  0 Si 5fxyz     0.00198
pop of  0 Si 5fyz^2    0.00000
pop of  0 Si 5fz^3     0.00001
pop of  0 Si 5fxz^2    0.00000
pop of  0 Si 5fzx^2    0.00000
pop of  0 Si 5fx^3     0.00001
pop of  0 Si 6fy^3     0.00005
pop of  0 Si 6fxyz     0.00002
pop of  0 Si 6fyz^2    0.00003
pop of  0 Si 6fz^3     0.00008
pop of  0 Si 6fxz^2    0.00003
pop of  0 Si 6fzx^2    0.00000
pop of  0 Si 6fx^3     0.00005
pop of  0 Si 5g-4     -0.00000
pop of  0 Si 5g-3      0.00001
pop of  0 Si 5g-2      0.00001
pop of  0 Si 5g-1      0.00000
pop of  0 Si 5g 0      0.00018
pop of  0 Si 5g 1      0.00000
pop of  0 Si 5g 2      0.00000
pop of  0 Si 5g 3      0.00001
pop of  0 Si 5g 4      0.00013
pop of  0 Si 6g-4     -0.00000
pop of  0 Si 6g-3      0.00000
pop of  0 Si 6g-2      0.00000
pop of  0 Si 6g-1      0.00000
pop of  0 Si 6g 0      0.00009
pop of  0 Si 6g 1      0.00000
pop of  0 Si 6g 2     -0.00000
pop of  0 Si 6g 3      0.00000
pop of  0 Si 6g 4      0.00006
pop of  1 H 1s        1.08173
pop of  1 H 2s        0.00430
pop of  1 H 3s        0.00006
pop of  1 H 4s        0.00051
pop of  1 H 5s        0.00124
pop of  1 H 2px       0.00191
pop of  1 H 2py       0.00191
pop of  1 H 2pz       0.00191
pop of  1 H 3px       0.00075
pop of  1 H 3py       0.00075
pop of  1 H 3pz       0.00075
pop of  1 H 4px       0.00026
pop of  1 H 4py       0.00026
pop of  1 H 4pz       0.00026
pop of  1 H 5px       0.00007
pop of  1 H 5py       0.00007
pop of  1 H 5pz       0.00007
pop of  1 H 3dxy      0.00023
pop of  1 H 3dyz      0.00023
pop of  1 H 3dz^2     0.00000
pop of  1 H 3dxz      0.00023
pop of  1 H 3dx2-y2    0.00000
pop of  1 H 4dxy      0.00008
pop of  1 H 4dyz      0.00008
pop of  1 H 4dz^2     0.00000
pop of  1 H 4dxz      0.00008
pop of  1 H 4dx2-y2    0.00000
pop of  1 H 5dxy      0.00011
pop of  1 H 5dyz      0.00011
pop of  1 H 5dz^2     0.00000
pop of  1 H 5dxz      0.00011
pop of  1 H 5dx2-y2    0.00000
pop of  1 H 4fy^3     0.00002
pop of  1 H 4fxyz     0.00002
pop of  1 H 4fyz^2    0.00003
pop of  1 H 4fz^3     0.00001
pop of  1 H 4fxz^2    0.00003
pop of  1 H 4fzx^2    0.00004
pop of  1 H 4fx^3     0.00002
pop of  1 H 5fy^3     0.00008
pop of  1 H 5fxyz     0.00001
pop of  1 H 5fyz^2    0.00012
pop of  1 H 5fz^3     0.00002
pop of  1 H 5fxz^2    0.00012
pop of  1 H 5fzx^2    0.00018
pop of  1 H 5fx^3     0.00008
pop of  2 H 1s        1.08173
pop of  2 H 2s        0.00430
pop of  2 H 3s        0.00006
pop of  2 H 4s        0.00051
pop of  2 H 5s        0.00124
pop of  2 H 2px       0.00191
pop of  2 H 2py       0.00191
pop of  2 H 2pz       0.00191
pop of  2 H 3px       0.00075
pop of  2 H 3py       0.00075
pop of  2 H 3pz       0.00075
pop of  2 H 4px       0.00026
pop of  2 H 4py       0.00026
pop of  2 H 4pz       0.00026
pop of  2 H 5px       0.00007
pop of  2 H 5py       0.00007
pop of  2 H 5pz       0.00007
pop of  2 H 3dxy      0.00023
pop of  2 H 3dyz      0.00023
pop of  2 H 3dz^2     0.00000
pop of  2 H 3dxz      0.00023
pop of  2 H 3dx2-y2    0.00000
pop of  2 H 4dxy      0.00008
pop of  2 H 4dyz      0.00008
pop of  2 H 4dz^2     0.00000
pop of  2 H 4dxz      0.00008
pop of  2 H 4dx2-y2    0.00000
pop of  2 H 5dxy      0.00011
pop of  2 H 5dyz      0.00011
pop of  2 H 5dz^2     0.00000
pop of  2 H 5dxz      0.00011
pop of  2 H 5dx2-y2    0.00000
pop of  2 H 4fy^3     0.00002
pop of  2 H 4fxyz     0.00002
pop of  2 H 4fyz^2    0.00003
pop of  2 H 4fz^3     0.00001
pop of  2 H 4fxz^2    0.00003
pop of  2 H 4fzx^2    0.00004
pop of  2 H 4fx^3     0.00002
pop of  2 H 5fy^3     0.00008
pop of  2 H 5fxyz     0.00001
pop of  2 H 5fyz^2    0.00012
pop of  2 H 5fz^3     0.00002
pop of  2 H 5fxz^2    0.00012
pop of  2 H 5fzx^2    0.00018
pop of  2 H 5fx^3     0.00008
pop of  3 H 1s        1.08173
pop of  3 H 2s        0.00430
pop of  3 H 3s        0.00006
pop of  3 H 4s        0.00051
pop of  3 H 5s        0.00124
pop of  3 H 2px       0.00191
pop of  3 H 2py       0.00191
pop of  3 H 2pz       0.00191
pop of  3 H 3px       0.00075
pop of  3 H 3py       0.00075
pop of  3 H 3pz       0.00075
pop of  3 H 4px       0.00026
pop of  3 H 4py       0.00026
pop of  3 H 4pz       0.00026
pop of  3 H 5px       0.00007
pop of  3 H 5py       0.00007
pop of  3 H 5pz       0.00007
pop of  3 H 3dxy      0.00023
pop of  3 H 3dyz      0.00023
pop of  3 H 3dz^2     0.00000
pop of  3 H 3dxz      0.00023
pop of  3 H 3dx2-y2    0.00000
pop of  3 H 4dxy      0.00008
pop of  3 H 4dyz      0.00008
pop of  3 H 4dz^2     0.00000
pop of  3 H 4dxz      0.00008
pop of  3 H 4dx2-y2    0.00000
pop of  3 H 5dxy      0.00011
pop of  3 H 5dyz      0.00011
pop of  3 H 5dz^2     0.00000
pop of  3 H 5dxz      0.00011
pop of  3 H 5dx2-y2    0.00000
pop of  3 H 4fy^3     0.00002
pop of  3 H 4fxyz     0.00002
pop of  3 H 4fyz^2    0.00003
pop of  3 H 4fz^3     0.00001
pop of  3 H 4fxz^2    0.00003
pop of  3 H 4fzx^2    0.00004
pop of  3 H 4fx^3     0.00002
pop of  3 H 5fy^3     0.00008
pop of  3 H 5fxyz     0.00001
pop of  3 H 5fyz^2    0.00012
pop of  3 H 5fz^3     0.00002
pop of  3 H 5fxz^2    0.00012
pop of  3 H 5fzx^2    0.00018
pop of  3 H 5fx^3     0.00008
pop of  4 H 1s        1.08173
pop of  4 H 2s        0.00430
pop of  4 H 3s        0.00006
pop of  4 H 4s        0.00051
pop of  4 H 5s        0.00124
pop of  4 H 2px       0.00191
pop of  4 H 2py       0.00191
pop of  4 H 2pz       0.00191
pop of  4 H 3px       0.00075
pop of  4 H 3py       0.00075
pop of  4 H 3pz       0.00075
pop of  4 H 4px       0.00026
pop of  4 H 4py       0.00026
pop of  4 H 4pz       0.00026
pop of  4 H 5px       0.00007
pop of  4 H 5py       0.00007
pop of  4 H 5pz       0.00007
pop of  4 H 3dxy      0.00023
pop of  4 H 3dyz      0.00023
pop of  4 H 3dz^2     0.00000
pop of  4 H 3dxz      0.00023
pop of  4 H 3dx2-y2    0.00000
pop of  4 H 4dxy      0.00008
pop of  4 H 4dyz      0.00008
pop of  4 H 4dz^2     0.00000
pop of  4 H 4dxz      0.00008
pop of  4 H 4dx2-y2    0.00000
pop of  4 H 5dxy      0.00011
pop of  4 H 5dyz      0.00011
pop of  4 H 5dz^2     0.00000
pop of  4 H 5dxz      0.00011
pop of  4 H 5dx2-y2    0.00000
pop of  4 H 4fy^3     0.00002
pop of  4 H 4fxyz     0.00002
pop of  4 H 4fyz^2    0.00003
pop of  4 H 4fz^3     0.00001
pop of  4 H 4fxz^2    0.00003
pop of  4 H 4fzx^2    0.00004
pop of  4 H 4fx^3     0.00002
pop of  4 H 5fy^3     0.00008
pop of  4 H 5fxyz     0.00001
pop of  4 H 5fyz^2    0.00012
pop of  4 H 5fz^3     0.00002
pop of  4 H 5fxz^2    0.00012
pop of  4 H 5fzx^2    0.00018
pop of  4 H 5fx^3     0.00008
 ** Mulliken atomic charges  **
charge of  0Si =      0.39542
charge of  1H =     -0.09885
charge of  2H =     -0.09885
charge of  3H =     -0.09885
charge of  4H =     -0.09885
Dipole moment(X, Y, Z, Debye): -0.00000,  0.00000,  0.00000
Using Python 3.x
Wavefunction successfully saved to QMCPACK HDF5 Format
Use: "convert4qmc -pyscf  qmc.h5" to generate QMCPACK input files
