******** <class 'pyscf.dft.rks.RKS'> ********
method = RKS-RHF
initial guess = minao
damping factor = 0
level_shift factor = 0
DIIS = <class 'pyscf.scf.diis.CDIIS'>
diis_start_cycle = 1
diis_space = 8
SCF conv_tol = 1e-09
SCF conv_tol_grad = None
SCF max_cycles = 150
direct_scf = True
direct_scf_tol = 1e-13
chkfile to save SCF result = scf.chkfile
max_memory 4000 MB (current use 84 MB)
XC functionals = PBE0
small_rho_cutoff = 1e-07
Set gradient conv threshold to 3.16228e-05
init E= -4.73103697195216
  HOMO = -0.251259960792546  LUMO = -0.15315026852568
cycle= 1 E= -4.99490469436153  delta_E= -0.264  |g|= 0.0868  |ddm|= 2.13
  HOMO = -0.247909107685388  LUMO = -0.113016058052789
cycle= 2 E= -4.99747162239049  delta_E= -0.00257  |g|= 0.0242  |ddm|= 0.456
  HOMO = -0.249930356842686  LUMO = -0.113800996531914
cycle= 3 E= -4.99777475806258  delta_E= -0.000303  |g|= 0.00563  |ddm|= 0.0798
  HOMO = -0.251847223913391  LUMO = -0.114798333892312
cycle= 4 E= -4.99779255953899  delta_E= -1.78e-05  |g|= 0.00054  |ddm|= 0.0145
  HOMO = -0.25150195025058  LUMO = -0.114490422139897
cycle= 5 E= -4.99779272023082  delta_E= -1.61e-07  |g|= 0.000121  |ddm|= 0.00407
  HOMO = -0.251529766084612  LUMO = -0.114532552403549
cycle= 6 E= -4.99779272703551  delta_E= -6.8e-09  |g|= 8.95e-06  |ddm|= 0.000324
  HOMO = -0.251531461272366  LUMO = -0.114533914691721
cycle= 7 E= -4.9977927271043  delta_E= -6.88e-11  |g|= 1.46e-06  |ddm|= 0.000115
  HOMO = -0.251532057008644  LUMO = -0.114534296611028
Extra cycle  E= -4.99779272710543  delta_E= -1.14e-12  |g|= 6.5e-07  |ddm|= 9.03e-06
converged SCF energy = -4.99779272710543
E(HF)= -4.99779
