SCF finished!
ZMQ_0 finished!
2020-05-08 03:01:09.706189-04:00
===============
Quantum Package
===============

Git Commit: fixed bug in FOBOSCF
Git Date  : Fri Jun 28 00:16:47 2019 +0200
Git SHA1  : edd9add59ff4547c41a99f129d34b52efa79bcf4


Task server running : tcp://127.0.1.1:41279

.. >>>>> [ WALL TIME:        0.000000 s ] [ CPU  TIME:        0.002289 s ] <<<<< ..

 Read  n_states

.. >>>>> [ WALL TIME:        0.001000 s ] [ CPU  TIME:        0.002349 s ] <<<<< ..

 Read  read_wf
* mo_tot_num                                                    40

.. >>>>> [ WALL TIME:        0.006000 s ] [ CPU  TIME:        0.013762 s ] <<<<< ..

 Read  ao_num
 Read  mo_coef
 * mo_label          Canonical
* Number of determinants                                     16794
* Dimension of the psi arrays                               100000
* N_int                                                          1

.. >>>>> [ WALL TIME:        0.009000 s ] [ CPU  TIME:        0.036985 s ] <<<<< ..

 Read  elec_beta_num

.. >>>>> [ WALL TIME:        0.009000 s ] [ CPU  TIME:        0.037009 s ] <<<<< ..

 Read  elec_alpha_num
 Read psi_det
 Read psi_coef       16794           1

.. >>>>> [ WALL TIME:        0.052000 s ] [ CPU  TIME:        0.238867 s ] <<<<< ..

MOs are now **Natural**

Eigenvalues
-----------

======== ================
       1     1.9554823947
       2     1.9423217825
       3     0.9946459450
       4     0.9864491792
       5     0.0281849857
       6     0.0238007109
       7     0.0110255238
       8     0.0103377948
       9     0.0102047054
      10     0.0075287090
      11     0.0075085428
      12     0.0041828491
      13     0.0037593330
      14     0.0026097068
      15     0.0025209609
      16     0.0022096431
      17     0.0016899057
      18     0.0012455012
      19     0.0007752223
      20     0.0005967377
      21     0.0005923259
      22     0.0003762398
      23     0.0003093398
      24     0.0002191356
      25     0.0002151332
      26     0.0001663658
      27     0.0001448457
      28     0.0001214724
      29     0.0001035354
      30     0.0001013720
      31     0.0000938871
      32     0.0000927351
      33     0.0000907375
      34     0.0000763675
      35     0.0000725936
      36     0.0000621475
      37     0.0000416104
      38     0.0000250101
      39     0.0000127006
      40     0.0000023115
======== ================


.. >>>>> [ WALL TIME:        0.053000 s ] [ CPU  TIME:        0.239882 s ] <<<<< ..

 Read mo_occ

.. >>>>> [ WALL TIME:        0.055000 s ] [ CPU  TIME:        0.256805 s ] <<<<< ..

 Read  ao_md5
* Saved determinants                                             1
Wall time : 1.12349s

ZMQ_1 finished!
2020-05-08 03:02:38.486622-04:00
===============
Quantum Package
===============

Git Commit: fixed bug in FOBOSCF
Git Date  : Fri Jun 28 00:16:47 2019 +0200
Git SHA1  : edd9add59ff4547c41a99f129d34b52efa79bcf4


Task server running : tcp://127.0.1.1:41279

.. >>>>> [ WALL TIME:        0.000000 s ] [ CPU  TIME:        0.002325 s ] <<<<< ..

 Read  n_states

.. >>>>> [ WALL TIME:        0.000000 s ] [ CPU  TIME:        0.002383 s ] <<<<< ..

 Read  read_wf
* mo_tot_num                                                    40

.. >>>>> [ WALL TIME:        0.005000 s ] [ CPU  TIME:        0.009400 s ] <<<<< ..

 Read  ao_num
 Read  mo_coef
 * mo_label          Natural
* Number of determinants                                     17404
* Dimension of the psi arrays                               100000
* N_int                                                          1

.. >>>>> [ WALL TIME:        0.008000 s ] [ CPU  TIME:        0.027126 s ] <<<<< ..

 Read  elec_beta_num

.. >>>>> [ WALL TIME:        0.008000 s ] [ CPU  TIME:        0.027158 s ] <<<<< ..

 Read  elec_alpha_num
 Read psi_det
 Read psi_coef       17404           1

.. >>>>> [ WALL TIME:        0.050000 s ] [ CPU  TIME:        0.216301 s ] <<<<< ..

MOs are now **Natural**

Eigenvalues
-----------

======== ================
       1     1.9514377199
       2     1.9367914753
       3     0.9939393556
       4     0.9850559825
       5     0.0313500088
       6     0.0266342420
       7     0.0120960925
       8     0.0114196054
       9     0.0113036376
      10     0.0082279768
      11     0.0081367060
      12     0.0045245786
      13     0.0041932976
      14     0.0028480627
      15     0.0027539812
      16     0.0023140430
      17     0.0017774465
      18     0.0012844330
      19     0.0007931173
      20     0.0006001485
      21     0.0005966706
      22     0.0003428346
      23     0.0002905484
      24     0.0001936327
      25     0.0001819232
      26     0.0001414666
      27     0.0001180501
      28     0.0001070512
      29     0.0000894470
      30     0.0000873515
      31     0.0000761912
      32     0.0000649729
      33     0.0000599949
      34     0.0000581903
      35     0.0000479388
      36     0.0000406175
      37     0.0000175437
      38     0.0000016595
      39     0.0000013118
      40     0.0000006927
======== ================


.. >>>>> [ WALL TIME:        0.051000 s ] [ CPU  TIME:        0.217224 s ] <<<<< ..

 Read mo_occ

.. >>>>> [ WALL TIME:        0.052000 s ] [ CPU  TIME:        0.237546 s ] <<<<< ..

 Read  ao_md5
* Saved determinants                                             1
Wall time : 1.11804s

ZMQ_2 finished!
