Index of ion charge 0
Index of valence charge 1
Using qmc.dump to name output files
usingECP: yes
Multideterminant: yes
NUMBER OF AOs: 324
Size of Basis Set: 324
NUMBER OF MOs: 263
Number of alpha electrons: 4
Number of beta electrons: 4
Number of electrons: 8
SPIN MULTIPLICITY: 1
NUMBER OF ATOMS: 5
1 Found ECP for atom 0 with zcore 10
1 Found ECP for atom 1 with zcore 0
1 Found ECP for atom 2 with zcore 0
1 Found ECP for atom 3 with zcore 0
1 Found ECP for atom 4 with zcore 0
Finished reading MO.
Found 2073 Determinants
# core, #active, #external: 0 263 0
 Done reading CIs!!
 QMCGaussianParserBase::dump 
Number of alpha electrons 4
Number of beta electrons 4
Adding Two-Body and One-Body jastrows with rcut="10" and size="10"
Adding Three-Body jastrows with rcut="5"
 Generating production input file designed for large calculations.
 Modify according to the accuracy you would like to achieve. 
Hamiltonian using ECP for Electron Ion=1

------------------------------------------------------------
Sender: LSF System <lsfadmin@batch2>
Subject: Job 211222: <SiH4_ex_cis> in cluster <summit> Exited

Job <SiH4_ex_cis> was submitted from host <login4> by user <aannabe> in cluster <summit> at Thu Jul  9 06:03:04 2020
Job was executed on host(s) <1*batch2>, in queue <batch>, as user <aannabe> in cluster <summit> at Thu Jul  9 06:03:38 2020
                            <42*f10n15>
                            <42*f10n16>
                            <42*f10n17>
                            <42*f10n18>
                            <42*f11n01>
                            <42*f11n02>
                            <42*f11n03>
                            <42*f11n04>
                            <42*f11n05>
                            <42*f11n06>
                            <42*f11n07>
                            <42*f11n08>
                            <42*f11n09>
                            <42*f11n10>
                            <42*f11n11>
                            <42*f11n12>
                            <42*f11n13>
                            <42*f11n14>
                            <42*f11n15>
                            <42*f11n16>
                            <42*f11n17>
                            <42*f11n18>
                            <42*f12n01>
                            <42*f12n02>
                            <42*f12n03>
                            <42*f12n04>
                            <42*f12n05>
                            <42*f12n06>
                            <42*f12n07>
                            <42*f12n08>
                            <42*f12n09>
                            <42*f12n10>
</ccs/home/aannabe> was used as the home directory.
</gpfs/alpine/mat151/proj-shared/aannabe/docs/molecules_Si/SiH4/qp2/cis/singlet> was used as the working directory.
Started at Thu Jul  9 06:03:38 2020
Terminated at Thu Jul  9 08:04:12 2020
Results reported at Thu Jul  9 08:04:12 2020

The output (if any) is above this job summary.



PS:

Read file <SiH4_ex_cis.err> for stderr output of this job.

