#-------------------------------------------------
#DMC run: timestep 0.001
#-------------------------------------------------


init { 
   label ts_0.001
}
block { 
   label ts_0.001
   totweight 17408000
   nautocorr 0
   total_energy { -11.0671789593731   } 
   total_energyvar { 0.1178867118110429   } 
   weight { 1.004519307780242   } 
   weightvar { 0.01303769960038759   } 
   kinetic_energy { 6.669900225535459   } 
   kinetic_energyvar { 7.541998924125551   } 
   potential_energy { -19.00816040649604   } 
   potential_energyvar { 10.01363952436991   } 
   nonlocal_energy { 1.27108122158748   } 
   nonlocal_energyvar { 4.763422045063871   } 
   autocorr_energy { } 
} 

block { 
   label ts_0.001
   totweight 17408000
   nautocorr 0
   total_energy { -11.07743106903583   } 
   total_energyvar { 0.1144187863495541   } 
   weight { 1.010266294157848   } 
   weightvar { 0.05021856708411326   } 
   kinetic_energy { 6.698701648698446   } 
   kinetic_energyvar { 7.626154227458455   } 
   potential_energy { -19.03677503769672   } 
   potential_energyvar { 10.10203180348139   } 
   nonlocal_energy { 1.260642319962441   } 
   nonlocal_energyvar { 4.595488240950882   } 
   autocorr_energy { } 
} 

block { 
   label ts_0.001
   totweight 17408000
   nautocorr 0
   total_energy { -11.08313422056242   } 
   total_energyvar { 0.1195944075740875   } 
   weight { 1.010032440768033   } 
   weightvar { 0.07584217218406623   } 
   kinetic_energy { 6.673532362795089   } 
   kinetic_energyvar { 7.602443530320827   } 
   potential_energy { -19.01850009734805   } 
   potential_energyvar { 10.20568706105025   } 
   nonlocal_energy { 1.261833513990546   } 
   nonlocal_energyvar { 4.817463603563883   } 
   autocorr_energy { } 
} 

block { 
   label ts_0.001
   totweight 17408000
   nautocorr 0
   total_energy { -11.08102402195711   } 
   total_energyvar { 0.1152742948887012   } 
   weight { 1.007781475391509   } 
   weightvar { 0.08844551745831829   } 
   kinetic_energy { 6.693310729490361   } 
   kinetic_energyvar { 7.682545048913256   } 
   potential_energy { -19.04437819820679   } 
   potential_energyvar { 10.12269801713345   } 
   nonlocal_energy { 1.270043446759326   } 
   nonlocal_energyvar { 4.857683094377467   } 
   autocorr_energy { } 
} 

block { 
   label ts_0.001
   totweight 17408000
   nautocorr 0
   total_energy { -11.08286275189612   } 
   total_energyvar { 0.1195632683103269   } 
   weight { 1.005645026745516   } 
   weightvar { 0.09537969576562724   } 
   kinetic_energy { 6.701695788511656   } 
   kinetic_energyvar { 7.589630499933976   } 
   potential_energy { -19.04219953279758   } 
   potential_energyvar { 10.15256751752371   } 
   nonlocal_energy { 1.257640992389802   } 
   nonlocal_energyvar { 4.714519122091848   } 
   autocorr_energy { } 
} 

block { 
   label ts_0.001
   totweight 17408000
   nautocorr 0
   total_energy { -11.08442790179089   } 
   total_energyvar { 0.1174938546951829   } 
   weight { 1.005517223174638   } 
   weightvar { 0.09778058529509831   } 
   kinetic_energy { 6.708727419999977   } 
   kinetic_energyvar { 7.67084146335329   } 
   potential_energy { -19.07680640421334   } 
   potential_energyvar { 10.21103958886575   } 
   nonlocal_energy { 1.283651082422468   } 
   nonlocal_energyvar { 4.756753645921922   } 
   autocorr_energy { } 
} 

block { 
   label ts_0.001
   totweight 17408000
   nautocorr 0
   total_energy { -11.08450723343417   } 
   total_energyvar { 0.1190888363813566   } 
   weight { 1.003880286367846   } 
   weightvar { 0.1000130030448903   } 
   kinetic_energy { 6.70749601300454   } 
   kinetic_energyvar { 7.609926588923261   } 
   potential_energy { -19.05642119874365   } 
   potential_energyvar { 10.11759370915001   } 
   nonlocal_energy { 1.264417952304941   } 
   nonlocal_energyvar { 4.713243777500874   } 
   autocorr_energy { } 
} 

block { 
   label ts_0.001
   totweight 17408000
   nautocorr 0
   total_energy { -11.08540546770859   } 
   total_energyvar { 0.1239428974516595   } 
   weight { 1.002062688850222   } 
   weightvar { 0.1009050746842476   } 
   kinetic_energy { 6.680539792611552   } 
   kinetic_energyvar { 7.547767564896389   } 
   potential_energy { -19.02844666340197   } 
   potential_energyvar { 10.04969409103676   } 
   nonlocal_energy { 1.262501403081828   } 
   nonlocal_energyvar { 4.649219581144542   } 
   autocorr_energy { } 
} 

block { 
   label ts_0.001
   totweight 17408000
   nautocorr 0
   total_energy { -11.08421927289525   } 
   total_energyvar { 0.1180006541822032   } 
   weight { 1.000945683718418   } 
   weightvar { 0.1015123518733631   } 
   kinetic_energy { 6.701910544967781   } 
   kinetic_energyvar { 7.632567366470478   } 
   potential_energy { -19.05679106971218   } 
   potential_energyvar { 10.13177434788006   } 
   nonlocal_energy { 1.270661251849156   } 
   nonlocal_energyvar { 4.76504867856783   } 
   autocorr_energy { } 
} 

block { 
   label ts_0.001
   totweight 17408000
   nautocorr 0
   total_energy { -11.08430005361638   } 
   total_energyvar { 0.1290398677066979   } 
   weight { 1.00038950187702   } 
   weightvar { 0.1021141877172446   } 
   kinetic_energy { 6.709625187155162   } 
   kinetic_energyvar { 7.662640651720753   } 
   potential_energy { -19.07314061412509   } 
   potential_energyvar { 10.07732183683196   } 
   nonlocal_energy { 1.279215373353557   } 
   nonlocal_energyvar { 4.770024854912498   } 
   autocorr_energy { } 
} 

block { 
   label ts_0.001
   totweight 17408000
   nautocorr 0
   total_energy { -11.08402421113088   } 
   total_energyvar { 0.1139663717231243   } 
   weight { 0.9996116191373975   } 
   weightvar { 0.1023994123752617   } 
   kinetic_energy { 6.70605525066746   } 
   kinetic_energyvar { 7.592421384213062   } 
   potential_energy { -19.06547790149542   } 
   potential_energyvar { 10.07145007723348   } 
   nonlocal_energy { 1.275398439697078   } 
   nonlocal_energyvar { 4.639214347432397   } 
   autocorr_energy { } 
} 

block { 
   label ts_0.001
   totweight 17408000
   nautocorr 0
   total_energy { -11.08456843349681   } 
   total_energyvar { 0.1181759293056698   } 
   weight { 1.000218392914417   } 
   weightvar { 0.101165122242039   } 
   kinetic_energy { 6.712422766785792   } 
   kinetic_energyvar { 7.60826479560682   } 
   potential_energy { -19.06971270903716   } 
   potential_energyvar { 10.07230536770919   } 
   nonlocal_energy { 1.272721508754562   } 
   nonlocal_energyvar { 4.685526124090794   } 
   autocorr_energy { } 
} 

block { 
   label ts_0.001
   totweight 17408000
   nautocorr 0
   total_energy { -11.08456051117166   } 
   total_energyvar { 0.11647527142532   } 
   weight { 0.9999637508576261   } 
   weightvar { 0.1010265740514868   } 
   kinetic_energy { 6.689571351750117   } 
   kinetic_energyvar { 7.620476127533556   } 
   potential_energy { -19.03325249144551   } 
   potential_energyvar { 10.06570618587508   } 
   nonlocal_energy { 1.259120628523731   } 
   nonlocal_energyvar { 4.670828379112431   } 
   autocorr_energy { } 
} 

block { 
   label ts_0.001
   totweight 17408000
   nautocorr 0
   total_energy { -11.08382024681617   } 
   total_energyvar { 0.1167800496267247   } 
   weight { 1.000021532827427   } 
   weightvar { 0.1018287778595075   } 
   kinetic_energy { 6.678149237726767   } 
   kinetic_energyvar { 7.65077131428405   } 
   potential_energy { -19.01112467465467   } 
   potential_energyvar { 10.10541353636519   } 
   nonlocal_energy { 1.249155190111735   } 
   nonlocal_energyvar { 4.646368725241964   } 
   autocorr_energy { } 
} 

block { 
   label ts_0.001
   totweight 17408000
   nautocorr 0
   total_energy { -11.0847290951536   } 
   total_energyvar { 0.1268379312770802   } 
   weight { 0.99940757410639   } 
   weightvar { 0.1011536692289214   } 
   kinetic_energy { 6.696413322877733   } 
   kinetic_energyvar { 7.684071431405529   } 
   potential_energy { -19.04833379144613   } 
   potential_energyvar { 10.18200813528749   } 
   nonlocal_energy { 1.267191373414789   } 
   nonlocal_energyvar { 4.657429247191519   } 
   autocorr_energy { } 
} 

block { 
   label ts_0.001
   totweight 17408000
   nautocorr 0
   total_energy { -11.0860552243454   } 
   total_energyvar { 0.1268030153827427   } 
   weight { 1.000288376288987   } 
   weightvar { 0.1015909654234305   } 
   kinetic_energy { 6.690726065362563   } 
   kinetic_energyvar { 7.588001090338673   } 
   potential_energy { -19.04389752812114   } 
   potential_energyvar { 10.0008519590989   } 
   nonlocal_energy { 1.267116238413181   } 
   nonlocal_energyvar { 4.59043604782001   } 
   autocorr_energy { } 
} 

block { 
   label ts_0.001
   totweight 17408000
   nautocorr 0
   total_energy { -11.08573074953918   } 
   total_energyvar { 0.1190044833102949   } 
   weight { 1.000831399175462   } 
   weightvar { 0.102375805946679   } 
   kinetic_energy { 6.693442608721443   } 
   kinetic_energyvar { 7.680230830134041   } 
   potential_energy { -19.04272131169008   } 
   potential_energyvar { 10.14275359390792   } 
   nonlocal_energy { 1.26354795342945   } 
   nonlocal_energyvar { 4.70207126294601   } 
   autocorr_energy { } 
} 

#-------------------------------------------------
#DMC run: timestep 0.001
#-------------------------------------------------


init { 
   label ts_0.001
}
block { 
   label ts_0.001
   totweight 17408000
   nautocorr 0
   total_energy { -11.0853083936058   } 
   total_energyvar { 0.12067034936714   } 
   weight { 1.000847070393149   } 
   weightvar { 0.1020373538496754   } 
   kinetic_energy { 6.706793683643912   } 
   kinetic_energyvar { 7.634634476375224   } 
   potential_energy { -19.05720959063382   } 
   potential_energyvar { 10.13171524741219   } 
   nonlocal_energy { 1.265107513384101   } 
   nonlocal_energyvar { 4.793592257288063   } 
   autocorr_energy { } 
} 

block { 
   label ts_0.001
   totweight 17408000
   nautocorr 0
   total_energy { -11.08546072208544   } 
   total_energyvar { 0.1184235823168001   } 
   weight { 0.999833353576413   } 
   weightvar { 0.101659355636407   } 
   kinetic_energy { 6.712160543279484   } 
   kinetic_energyvar { 7.701414806397458   } 
   potential_energy { -19.07059517857149   } 
   potential_energyvar { 10.14817773565013   } 
   nonlocal_energy { 1.272973913206567   } 
   nonlocal_energyvar { 4.736159789433661   } 
   autocorr_energy { } 
} 

block { 
   label ts_0.001
   totweight 17408000
   nautocorr 0
   total_energy { -11.08671523957717   } 
   total_energyvar { 0.1223666434387522   } 
   weight { 1.000073961557211   } 
   weightvar { 0.1015538433014871   } 
   kinetic_energy { 6.716767724793463   } 
   kinetic_energyvar { 7.714147096173337   } 
   potential_energy { -19.08523741641266   } 
   potential_energyvar { 10.17574944560706   } 
   nonlocal_energy { 1.281754452042024   } 
   nonlocal_energyvar { 4.837532948806088   } 
   autocorr_energy { } 
} 

block { 
   label ts_0.001
   totweight 17408000
   nautocorr 0
   total_energy { -11.08570642614932   } 
   total_energyvar { 0.1460913883319046   } 
   weight { 0.9995910503364674   } 
   weightvar { 0.1000462344730671   } 
   kinetic_energy { 6.701508032446098   } 
   kinetic_energyvar { 7.64841009872819   } 
   potential_energy { -19.05270666574473   } 
   potential_energyvar { 10.03061689391314   } 
   nonlocal_energy { 1.265492207149316   } 
   nonlocal_energyvar { 4.627375438500795   } 
   autocorr_energy { } 
} 

block { 
   label ts_0.001
   totweight 17408000
   nautocorr 0
   total_energy { -11.08595205165074   } 
   total_energyvar { 0.1223663719768215   } 
   weight { 0.9990933031373497   } 
   weightvar { 0.1004573161448196   } 
   kinetic_energy { 6.706040489011633   } 
   kinetic_energyvar { 7.690470356313411   } 
   potential_energy { -19.06228747347711   } 
   potential_energyvar { 10.20441553314263   } 
   nonlocal_energy { 1.270294932814737   } 
   nonlocal_energyvar { 4.7551107744018   } 
   autocorr_energy { } 
} 

block { 
   label ts_0.001
   totweight 17408000
   nautocorr 0
   total_energy { -11.08676725804678   } 
   total_energyvar { 0.1216133698867464   } 
   weight { 0.9997998594053904   } 
   weightvar { 0.1010650317381481   } 
   kinetic_energy { 6.693586377770042   } 
   kinetic_energyvar { 7.614344820203359   } 
   potential_energy { -19.04767422569766   } 
   potential_energyvar { 10.14945796619637   } 
   nonlocal_energy { 1.267320589880839   } 
   nonlocal_energyvar { 4.733680409438982   } 
   autocorr_energy { } 
} 

block { 
   label ts_0.001
   totweight 17408000
   nautocorr 0
   total_energy { -11.08472200330084   } 
   total_energyvar { 0.1166994297267325   } 
   weight { 0.9994674050046267   } 
   weightvar { 0.1019250615040166   } 
   kinetic_energy { 6.698842448393668   } 
   kinetic_energyvar { 7.681115256487209   } 
   potential_energy { -19.05551679812389   } 
   potential_energyvar { 10.12860597337886   } 
   nonlocal_energy { 1.271952346429376   } 
   nonlocal_energyvar { 4.8023084214629   } 
   autocorr_energy { } 
} 

block { 
   label ts_0.001
   totweight 17408000
   nautocorr 0
   total_energy { -11.08702134171872   } 
   total_energyvar { 0.1189151917282946   } 
   weight { 0.9988610368807481   } 
   weightvar { 0.1021597099213537   } 
   kinetic_energy { 6.714374977417306   } 
   kinetic_energyvar { 7.6304597142201   } 
   potential_energy { -19.07245032858783   } 
   potential_energyvar { 10.0567327706156   } 
   nonlocal_energy { 1.2710540094518   } 
   nonlocal_energyvar { 4.653304685888793   } 
   autocorr_energy { } 
} 

block { 
   label ts_0.001
   totweight 17408000
   nautocorr 0
   total_energy { -11.08714833932593   } 
   total_energyvar { 0.1160066379895508   } 
   weight { 1.000321437500011   } 
   weightvar { 0.1015879695592277   } 
   kinetic_energy { 6.697044123587663   } 
   kinetic_energyvar { 7.621061785476255   } 
   potential_energy { -19.04034459374343   } 
   potential_energyvar { 10.14608438839279   } 
   nonlocal_energy { 1.256152130829835   } 
   nonlocal_energyvar { 4.66026419128673   } 
   autocorr_energy { } 
} 

block { 
   label ts_0.001
   totweight 17408000
   nautocorr 0
   total_energy { -11.08608307105059   } 
   total_energyvar { 0.1159557421203054   } 
   weight { 0.9992624818099659   } 
   weightvar { 0.1008967215989557   } 
   kinetic_energy { 6.689778525277565   } 
   kinetic_energyvar { 7.625144326636983   } 
   potential_energy { -19.02633606187173   } 
   potential_energyvar { 10.09398957798809   } 
   nonlocal_energy { 1.250474465543573   } 
   nonlocal_energyvar { 4.644984267398141   } 
   autocorr_energy { } 
} 

block { 
   label ts_0.001
   totweight 17408000
   nautocorr 0
   total_energy { -11.08836779694542   } 
   total_energyvar { 0.1173563509783879   } 
   weight { 1.000499966687459   } 
   weightvar { 0.1020321258112334   } 
   kinetic_energy { 6.694423909891039   } 
   kinetic_energyvar { 7.653702722504495   } 
   potential_energy { -19.04831519512933   } 
   potential_energyvar { 10.05715526297069   } 
   nonlocal_energy { 1.265523488292866   } 
   nonlocal_energyvar { 4.664032487076634   } 
   autocorr_energy { } 
} 

block { 
   label ts_0.001
   totweight 17408000
   nautocorr 0
   total_energy { -11.08669984548259   } 
   total_energyvar { 0.1217542892583715   } 
   weight { 1.000123305528755   } 
   weightvar { 0.1025715269867655   } 
   kinetic_energy { 6.696424182882149   } 
   kinetic_energyvar { 7.62674283832318   } 
   potential_energy { -19.06075595094547   } 
   potential_energyvar { 10.01493036470495   } 
   nonlocal_energy { 1.277631922580729   } 
   nonlocal_energyvar { 4.778231032751156   } 
   autocorr_energy { } 
} 

block { 
   label ts_0.001
   totweight 17408000
   nautocorr 0
   total_energy { -11.08532935698429   } 
   total_energyvar { 0.1239559922920274   } 
   weight { 0.9988463150370395   } 
   weightvar { 0.1025624500122719   } 
   kinetic_energy { 6.693005007131671   } 
   kinetic_energyvar { 7.668305459673435   } 
   potential_energy { -19.05305053239211   } 
   potential_energyvar { 10.22595465400142   } 
   nonlocal_energy { 1.274716168276145   } 
   nonlocal_energyvar { 4.760896407922869   } 
   autocorr_energy { } 
} 

block { 
   label ts_0.001
   totweight 17408000
   nautocorr 0
   total_energy { -11.08422543863641   } 
   total_energyvar { 0.1239305864182357   } 
   weight { 0.9982451479209998   } 
   weightvar { 0.1025301064049767   } 
   kinetic_energy { 6.690690908051968   } 
   kinetic_energyvar { 7.658314253171043   } 
   potential_energy { -19.05480737131406   } 
   potential_energyvar { 10.10830577633423   } 
   nonlocal_energy { 1.279891024625681   } 
   nonlocal_energyvar { 4.736955503838888   } 
   autocorr_energy { } 
} 

block { 
   label ts_0.001
   totweight 17408000
   nautocorr 0
   total_energy { -11.0840963797646   } 
   total_energyvar { 0.1394154769423114   } 
   weight { 0.9970050233880144   } 
   weightvar { 0.1025877969716452   } 
   kinetic_energy { 6.691186699514165   } 
   kinetic_energyvar { 7.651317182976366   } 
   potential_energy { -19.04143325458078   } 
   potential_energyvar { 10.08470123387335   } 
   nonlocal_energy { 1.266150175302021   } 
   nonlocal_energyvar { 4.753706408857115   } 
   autocorr_energy { } 
} 

block { 
   label ts_0.001
   totweight 17408000
   nautocorr 0
   total_energy { -11.08670656855293   } 
   total_energyvar { 0.1202306318685218   } 
   weight { 0.9978366350823991   } 
   weightvar { 0.1028969890568995   } 
   kinetic_energy { 6.709163292947311   } 
   kinetic_energyvar { 7.62494491714963   } 
   potential_energy { -19.05488743116431   } 
   potential_energyvar { 10.12746331633513   } 
   nonlocal_energy { 1.259017569664061   } 
   nonlocal_energyvar { 4.708019547797989   } 
   autocorr_energy { } 
} 

block { 
   label ts_0.001
   totweight 17408000
   nautocorr 0
   total_energy { -11.08726198123615   } 
   total_energyvar { 0.1151521305590324   } 
   weight { 0.9999467051151733   } 
   weightvar { 0.1022294530268196   } 
   kinetic_energy { 6.703485896497031   } 
   kinetic_energyvar { 7.560241923034184   } 
   potential_energy { -19.05538731285349   } 
   potential_energyvar { 10.05100100038   } 
   nonlocal_energy { 1.264639435120309   } 
   nonlocal_energyvar { 4.634059467839829   } 
   autocorr_energy { } 
} 

block { 
   label ts_0.001
   totweight 17408000
   nautocorr 0
   total_energy { -11.08436050426059   } 
   total_energyvar { 0.1257748694484432   } 
   weight { 0.9986649073568196   } 
   weightvar { 0.1026007902949778   } 
   kinetic_energy { 6.705319707004199   } 
   kinetic_energyvar { 7.645895616173964   } 
   potential_energy { -19.05471911494193   } 
   potential_energyvar { 10.21195925964135   } 
   nonlocal_energy { 1.265038903677145   } 
   nonlocal_energyvar { 4.78012278849137   } 
   autocorr_energy { } 
} 

