#-------------------------------------------------
#VMC run: timestep 1 nconfig 3200 steps 20
#-------------------------------------------------


init { 
   label vmc
}
block { 
   label vmc
   totweight 64000
   nautocorr 0
   total_energy { -4.824272791417072   } 
   total_energyvar { 0.5198927493134122   } 
   weight { 1   } 
   weightvar { 0   } 
   kinetic_energy { 2.561412920881526   } 
   kinetic_energyvar { 2.653353269928993   } 
   potential_energy { -8.004754148041588   } 
   potential_energyvar { 4.188393130937842   } 
   nonlocal_energy { 0.6190684357429885   } 
   nonlocal_energyvar { 1.934385612925991   } 
   autocorr_energy { } 
} 

block { 
   label vmc
   totweight 64000
   nautocorr 0
   total_energy { -4.825004025849905   } 
   total_energyvar { 0.7045135039547678   } 
   weight { 1   } 
   weightvar { 0   } 
   kinetic_energy { 2.547528223677086   } 
   kinetic_energyvar { 2.662873661899904   } 
   potential_energy { -8.003416856410929   } 
   potential_energyvar { 4.442531824061056   } 
   nonlocal_energy { 0.6308846068839379   } 
   nonlocal_energyvar { 2.150533032807544   } 
   autocorr_energy { } 
} 

block { 
   label vmc
   totweight 64000
   nautocorr 0
   total_energy { -4.824590277757839   } 
   total_energyvar { 0.4494760941413419   } 
   weight { 1   } 
   weightvar { 0   } 
   kinetic_energy { 2.55330102121522   } 
   kinetic_energyvar { 2.76854891434556   } 
   potential_energy { -8.016634667916206   } 
   potential_energyvar { 4.455411385705662   } 
   nonlocal_energy { 0.6387433689431474   } 
   nonlocal_energyvar { 2.407564791525341   } 
   autocorr_energy { } 
} 

block { 
   label vmc
   totweight 64000
   nautocorr 0
   total_energy { -4.829998824938111   } 
   total_energyvar { 0.4501463561092715   } 
   weight { 1   } 
   weightvar { 0   } 
   kinetic_energy { 2.530806333227644   } 
   kinetic_energyvar { 2.662428723758981   } 
   potential_energy { -7.994781649754373   } 
   potential_energyvar { 4.980147693447509   } 
   nonlocal_energy { 0.633976491588619   } 
   nonlocal_energyvar { 2.765219814243492   } 
   autocorr_energy { } 
} 

block { 
   label vmc
   totweight 64000
   nautocorr 0
   total_energy { -4.825460328548844   } 
   total_energyvar { 0.4590771321138531   } 
   weight { 1   } 
   weightvar { 0   } 
   kinetic_energy { 2.540532674090127   } 
   kinetic_energyvar { 2.717304551357461   } 
   potential_energy { -8.003912354925951   } 
   potential_energyvar { 4.080546867307715   } 
   nonlocal_energy { 0.6379193522869823   } 
   nonlocal_energyvar { 2.178483274722923   } 
   autocorr_energy { } 
} 

block { 
   label vmc
   totweight 64000
   nautocorr 0
   total_energy { -4.82397154787102   } 
   total_energyvar { 1.275531326611613   } 
   weight { 1   } 
   weightvar { 0   } 
   kinetic_energy { 2.535325520235479   } 
   kinetic_energyvar { 2.639168117511983   } 
   potential_energy { -7.994622163693492   } 
   potential_energyvar { 4.858579377285968   } 
   nonlocal_energy { 0.6353250955869926   } 
   nonlocal_energyvar { 2.139328170890713   } 
   autocorr_energy { } 
} 

block { 
   label vmc
   totweight 64000
   nautocorr 0
   total_energy { -4.825673634928229   } 
   total_energyvar { 0.4613032547313922   } 
   weight { 1   } 
   weightvar { 0   } 
   kinetic_energy { 2.559197112969431   } 
   kinetic_energyvar { 2.852725914033855   } 
   potential_energy { -8.026291549646265   } 
   potential_energyvar { 4.380266602738258   } 
   nonlocal_energy { 0.6414208017486043   } 
   nonlocal_energyvar { 2.338058268474694   } 
   autocorr_energy { } 
} 

block { 
   label vmc
   totweight 64000
   nautocorr 0
   total_energy { -4.828213945288056   } 
   total_energyvar { 0.4517628667080484   } 
   weight { 1   } 
   weightvar { 0   } 
   kinetic_energy { 2.556515561362155   } 
   kinetic_energyvar { 2.65848707659456   } 
   potential_energy { -8.018645096600622   } 
   potential_energyvar { 4.616961623272847   } 
   nonlocal_energy { 0.6339155899504099   } 
   nonlocal_energyvar { 2.297673798123249   } 
   autocorr_energy { } 
} 

block { 
   label vmc
   totweight 64000
   nautocorr 0
   total_energy { -4.826619612239874   } 
   total_energyvar { 0.5008886996498872   } 
   weight { 1   } 
   weightvar { 0   } 
   kinetic_energy { 2.53684708937372   } 
   kinetic_energyvar { 2.737396061679116   } 
   potential_energy { -8.003657672889629   } 
   potential_energyvar { 4.172059227193843   } 
   nonlocal_energy { 0.6401909712760356   } 
   nonlocal_energyvar { 2.277334423044264   } 
   autocorr_energy { } 
} 

block { 
   label vmc
   totweight 64000
   nautocorr 0
   total_energy { -4.826255350330905   } 
   total_energyvar { 0.4606311594881873   } 
   weight { 1   } 
   weightvar { 0   } 
   kinetic_energy { 2.546281131673217   } 
   kinetic_energyvar { 2.637184071049365   } 
   potential_energy { -8.007077478377058   } 
   potential_energyvar { 4.109893923532177   } 
   nonlocal_energy { 0.6345409963729376   } 
   nonlocal_energyvar { 2.039850708334748   } 
   autocorr_energy { } 
} 

block { 
   label vmc
   totweight 64000
   nautocorr 0
   total_energy { -4.824709354400396   } 
   total_energyvar { 0.4523910112368891   } 
   weight { 1   } 
   weightvar { 0   } 
   kinetic_energy { 2.547007608094239   } 
   kinetic_energyvar { 2.687880519195339   } 
   potential_energy { -8.003409437493518   } 
   potential_energyvar { 4.098889947932886   } 
   nonlocal_energy { 0.6316924749988837   } 
   nonlocal_energyvar { 2.047917486976741   } 
   autocorr_energy { } 
} 

block { 
   label vmc
   totweight 64000
   nautocorr 0
   total_energy { -4.82414099292424   } 
   total_energyvar { 0.4900252794968448   } 
   weight { 1   } 
   weightvar { 0   } 
   kinetic_energy { 2.542644782959632   } 
   kinetic_energyvar { 2.694765038213398   } 
   potential_energy { -8.006148358171364   } 
   potential_energyvar { 4.218457203807982   } 
   nonlocal_energy { 0.6393625822874915   } 
   nonlocal_energyvar { 2.177937691559414   } 
   autocorr_energy { } 
} 

block { 
   label vmc
   totweight 64000
   nautocorr 0
   total_energy { -4.827571757162135   } 
   total_energyvar { 0.506207111911506   } 
   weight { 1   } 
   weightvar { 0   } 
   kinetic_energy { 2.535199219175332   } 
   kinetic_energyvar { 2.668899900997505   } 
   potential_energy { -7.992748863168467   } 
   potential_energyvar { 4.132288766104776   } 
   nonlocal_energy { 0.6299778868309995   } 
   nonlocal_energyvar { 2.105369180735174   } 
   autocorr_energy { } 
} 

block { 
   label vmc
   totweight 64000
   nautocorr 0
   total_energy { -4.823673911883247   } 
   total_energyvar { 0.4793552076614386   } 
   weight { 1   } 
   weightvar { 0   } 
   kinetic_energy { 2.550459995982286   } 
   kinetic_energyvar { 2.760086360325003   } 
   potential_energy { -8.006853210748199   } 
   potential_energyvar { 4.632267731706439   } 
   nonlocal_energy { 0.6327193028826643   } 
   nonlocal_energyvar { 2.481269433533813   } 
   autocorr_energy { } 
} 

block { 
   label vmc
   totweight 64000
   nautocorr 0
   total_energy { -4.832233041237434   } 
   total_energyvar { 0.4439486042964095   } 
   weight { 1   } 
   weightvar { 0   } 
   kinetic_energy { 2.556392719510344   } 
   kinetic_energyvar { 2.768323487832783   } 
   potential_energy { -8.030173949568027   } 
   potential_energyvar { 4.244719926802726   } 
   nonlocal_energy { 0.6415481888202487   } 
   nonlocal_energyvar { 2.227910763305592   } 
   autocorr_energy { } 
} 

block { 
   label vmc
   totweight 64000
   nautocorr 0
   total_energy { -4.825997312313044   } 
   total_energyvar { 0.4838767584139148   } 
   weight { 1   } 
   weightvar { 0   } 
   kinetic_energy { 2.544258205578966   } 
   kinetic_energyvar { 2.751964402910466   } 
   potential_energy { -8.004792920292719   } 
   potential_energyvar { 4.116669028009357   } 
   nonlocal_energy { 0.6345374024007098   } 
   nonlocal_energyvar { 2.105785815447414   } 
   autocorr_energy { } 
} 

block { 
   label vmc
   totweight 64000
   nautocorr 0
   total_energy { -4.819661268235141   } 
   total_energyvar { 0.5335291877612154   } 
   weight { 1   } 
   weightvar { 0   } 
   kinetic_energy { 2.544797031658326   } 
   kinetic_energyvar { 2.679390123275066   } 
   potential_energy { -8.000425598887848   } 
   potential_energyvar { 4.20968315854864   } 
   nonlocal_energy { 0.6359672989943805   } 
   nonlocal_energyvar { 2.015732728009355   } 
   autocorr_energy { } 
} 

block { 
   label vmc
   totweight 64000
   nautocorr 0
   total_energy { -4.82153483696058   } 
   total_energyvar { 0.4968689208426066   } 
   weight { 1   } 
   weightvar { 0   } 
   kinetic_energy { 2.530436981214144   } 
   kinetic_energyvar { 2.568901593241963   } 
   potential_energy { -7.990596497744152   } 
   potential_energyvar { 3.888478955891054   } 
   nonlocal_energy { 0.6386246795694276   } 
   nonlocal_energyvar { 2.119916416377863   } 
   autocorr_energy { } 
} 

block { 
   label vmc
   totweight 64000
   nautocorr 0
   total_energy { -4.827057437623655   } 
   total_energyvar { 0.4707735798928098   } 
   weight { 1   } 
   weightvar { 0   } 
   kinetic_energy { 2.547680918598585   } 
   kinetic_energyvar { 2.677812325376951   } 
   potential_energy { -8.014016243608546   } 
   potential_energyvar { 4.128111537472971   } 
   nonlocal_energy { 0.6392778873863036   } 
   nonlocal_energyvar { 2.144006968535265   } 
   autocorr_energy { } 
} 

block { 
   label vmc
   totweight 64000
   nautocorr 0
   total_energy { -4.821681843641681   } 
   total_energyvar { 0.5438467067266437   } 
   weight { 1   } 
   weightvar { 0   } 
   kinetic_energy { 2.539607876775647   } 
   kinetic_energyvar { 2.762931226021129   } 
   potential_energy { -8.008961975290463   } 
   potential_energyvar { 4.20834452909537   } 
   nonlocal_energy { 0.6476722548731353   } 
   nonlocal_energyvar { 2.210378555606825   } 
   autocorr_energy { } 
} 

block { 
   label vmc
   totweight 64000
   nautocorr 0
   total_energy { -4.824008931224337   } 
   total_energyvar { 0.5081218485253066   } 
   weight { 1   } 
   weightvar { 0   } 
   kinetic_energy { 2.534489176558216   } 
   kinetic_energyvar { 2.791717030369939   } 
   potential_energy { -7.990982418170896   } 
   potential_energyvar { 4.522156191544652   } 
   nonlocal_energy { 0.6324843103883435   } 
   nonlocal_energyvar { 2.502308108409747   } 
   autocorr_energy { } 
} 

block { 
   label vmc
   totweight 64000
   nautocorr 0
   total_energy { -4.822187094272969   } 
   total_energyvar { 0.4820538303852369   } 
   weight { 1   } 
   weightvar { 0   } 
   kinetic_energy { 2.554777679357086   } 
   kinetic_energyvar { 2.757225111824124   } 
   potential_energy { -8.004583136567721   } 
   potential_energyvar { 4.179540158165647   } 
   nonlocal_energy { 0.6276183629376669   } 
   nonlocal_energyvar { 2.138623769017823   } 
   autocorr_energy { } 
} 

block { 
   label vmc
   totweight 64000
   nautocorr 0
   total_energy { -4.824927335375286   } 
   total_energyvar { 0.4654530911742188   } 
   weight { 1   } 
   weightvar { 0   } 
   kinetic_energy { 2.53932729652796   } 
   kinetic_energyvar { 2.63548688596024   } 
   potential_energy { -7.986620687215203   } 
   potential_energyvar { 4.027683900148181   } 
   nonlocal_energy { 0.6223660553119574   } 
   nonlocal_energyvar { 2.030865652812808   } 
   autocorr_energy { } 
} 

block { 
   label vmc
   totweight 64000
   nautocorr 0
   total_energy { -4.829251864421903   } 
   total_energyvar { 0.4404125369411413   } 
   weight { 1   } 
   weightvar { 0   } 
   kinetic_energy { 2.555101741509762   } 
   kinetic_energyvar { 2.782182219770197   } 
   potential_energy { -8.018486028316604   } 
   potential_energyvar { 4.368634656947347   } 
   nonlocal_energy { 0.6341324223849368   } 
   nonlocal_energyvar { 2.220030456603528   } 
   autocorr_energy { } 
} 

block { 
   label vmc
   totweight 64000
   nautocorr 0
   total_energy { -4.830274182394007   } 
   total_energyvar { 0.4746920398082264   } 
   weight { 1   } 
   weightvar { 0   } 
   kinetic_energy { 2.545711761906529   } 
   kinetic_energyvar { 2.670760560585344   } 
   potential_energy { -8.009902907907179   } 
   potential_energyvar { 5.234538877986065   } 
   nonlocal_energy { 0.6339169636066428   } 
   nonlocal_energyvar { 3.192659858338903   } 
   autocorr_energy { } 
} 

block { 
   label vmc
   totweight 64000
   nautocorr 0
   total_energy { -4.828552278545567   } 
   total_energyvar { 0.5748935017844236   } 
   weight { 1   } 
   weightvar { 0   } 
   kinetic_energy { 2.51976478519755   } 
   kinetic_energyvar { 2.66382822122974   } 
   potential_energy { -7.976349383749519   } 
   potential_energyvar { 3.993673730525234   } 
   nonlocal_energy { 0.6280323200064011   } 
   nonlocal_energyvar { 2.146840272650209   } 
   autocorr_energy { } 
} 

block { 
   label vmc
   totweight 64000
   nautocorr 0
   total_energy { -4.827299254788477   } 
   total_energyvar { 0.4395107922513747   } 
   weight { 1   } 
   weightvar { 0   } 
   kinetic_energy { 2.543438982981519   } 
   kinetic_energyvar { 2.647114982450725   } 
   potential_energy { -7.998073888833603   } 
   potential_energyvar { 4.244704908455526   } 
   nonlocal_energy { 0.6273356510636053   } 
   nonlocal_energyvar { 2.106335941133345   } 
   autocorr_energy { } 
} 

block { 
   label vmc
   totweight 64000
   nautocorr 0
   total_energy { -4.826842311217088   } 
   total_energyvar { 0.4495228673781924   } 
   weight { 1   } 
   weightvar { 0   } 
   kinetic_energy { 2.545667047668245   } 
   kinetic_energyvar { 2.682064519238427   } 
   potential_energy { -8.004478462805526   } 
   potential_energyvar { 3.922584388875105   } 
   nonlocal_energy { 0.6319691039201957   } 
   nonlocal_energyvar { 2.023718493120301   } 
   autocorr_energy { } 
} 

block { 
   label vmc
   totweight 64000
   nautocorr 0
   total_energy { -4.825944085890949   } 
   total_energyvar { 0.4413546250318474   } 
   weight { 1   } 
   weightvar { 0   } 
   kinetic_energy { 2.541082717669592   } 
   kinetic_energyvar { 2.726076058822365   } 
   potential_energy { -7.997726330113107   } 
   potential_energyvar { 4.078572687286234   } 
   nonlocal_energy { 0.630699526552564   } 
   nonlocal_energyvar { 2.157867895386313   } 
   autocorr_energy { } 
} 

block { 
   label vmc
   totweight 64000
   nautocorr 0
   total_energy { -4.824658156937586   } 
   total_energyvar { 0.4776628506745105   } 
   weight { 1   } 
   weightvar { 0   } 
   kinetic_energy { 2.55542809372781   } 
   kinetic_energyvar { 2.702994410752107   } 
   potential_energy { -8.026431659069877   } 
   potential_energyvar { 4.815582932483465   } 
   nonlocal_energy { 0.6463454084044796   } 
   nonlocal_energyvar { 2.604637316869582   } 
   autocorr_energy { } 
} 

block { 
   label vmc
   totweight 64000
   nautocorr 0
   total_energy { -4.822630217662711   } 
   total_energyvar { 0.7902287004535788   } 
   weight { 1   } 
   weightvar { 0   } 
   kinetic_energy { 2.532152097477588   } 
   kinetic_energyvar { 2.680232826658248   } 
   potential_energy { -7.994922946981388   } 
   potential_energyvar { 4.180320760529142   } 
   nonlocal_energy { 0.6401406318410888   } 
   nonlocal_energyvar { 2.089236651467328   } 
   autocorr_energy { } 
} 

block { 
   label vmc
   totweight 64000
   nautocorr 0
   total_energy { -4.825705350285072   } 
   total_energyvar { 0.4583922761616607   } 
   weight { 1   } 
   weightvar { 0   } 
   kinetic_energy { 2.547381013201984   } 
   kinetic_energyvar { 2.699596950872768   } 
   potential_energy { -8.002863197940856   } 
   potential_energyvar { 4.22678173716177   } 
   nonlocal_energy { 0.6297768344537991   } 
   nonlocal_energyvar { 2.156342386866948   } 
   autocorr_energy { } 
} 

block { 
   label vmc
   totweight 64000
   nautocorr 0
   total_energy { -4.826587399612774   } 
   total_energyvar { 0.4948340601003127   } 
   weight { 1   } 
   weightvar { 0   } 
   kinetic_energy { 2.546609132945738   } 
   kinetic_energyvar { 2.725243586964522   } 
   potential_energy { -8.009839876178395   } 
   potential_energyvar { 4.352397975275876   } 
   nonlocal_energy { 0.6366433436198832   } 
   nonlocal_energyvar { 2.165441475811971   } 
   autocorr_energy { } 
} 

block { 
   label vmc
   totweight 64000
   nautocorr 0
   total_energy { -4.824393309272654   } 
   total_energyvar { 0.4725755853701881   } 
   weight { 1   } 
   weightvar { 0   } 
   kinetic_energy { 2.541171223637367   } 
   kinetic_energyvar { 2.730931882596541   } 
   potential_energy { -8.010917803564723   } 
   potential_energyvar { 4.124203539452065   } 
   nonlocal_energy { 0.6453532706547027   } 
   nonlocal_energyvar { 2.269807261898561   } 
   autocorr_energy { } 
} 

block { 
   label vmc
   totweight 64000
   nautocorr 0
   total_energy { -4.825853374734064   } 
   total_energyvar { 0.4757902971762267   } 
   weight { 1   } 
   weightvar { 0   } 
   kinetic_energy { 2.539189715493718   } 
   kinetic_energyvar { 2.73837864753649   } 
   potential_energy { -7.998165045506723   } 
   potential_energyvar { 4.135598802691909   } 
   nonlocal_energy { 0.6331219552789393   } 
   nonlocal_energyvar { 2.078921551681538   } 
   autocorr_energy { } 
} 

block { 
   label vmc
   totweight 64000
   nautocorr 0
   total_energy { -4.827309147223819   } 
   total_energyvar { 0.5509060061042486   } 
   weight { 1   } 
   weightvar { 0   } 
   kinetic_energy { 2.557014756900541   } 
   kinetic_energyvar { 2.756158023316576   } 
   potential_energy { -8.02251548107788   } 
   potential_energyvar { 4.20124125027584   } 
   nonlocal_energy { 0.6381915769535182   } 
   nonlocal_energyvar { 2.121192649507593   } 
   autocorr_energy { } 
} 

block { 
   label vmc
   totweight 64000
   nautocorr 0
   total_energy { -4.817213132049233   } 
   total_energyvar { 0.5071818735641797   } 
   weight { 1   } 
   weightvar { 0   } 
   kinetic_energy { 2.556026258687929   } 
   kinetic_energyvar { 2.667095968516331   } 
   potential_energy { -7.993983102581645   } 
   potential_energyvar { 3.946242873685696   } 
   nonlocal_energy { 0.6207437118444847   } 
   nonlocal_energyvar { 1.946968897693156   } 
   autocorr_energy { } 
} 

block { 
   label vmc
   totweight 64000
   nautocorr 0
   total_energy { -4.825227001091841   } 
   total_energyvar { 0.4527231833949362   } 
   weight { 1   } 
   weightvar { 0   } 
   kinetic_energy { 2.530171960458468   } 
   kinetic_energyvar { 2.635598130827095   } 
   potential_energy { -7.988589998862136   } 
   potential_energyvar { 4.216065872534585   } 
   nonlocal_energy { 0.6331910373118268   } 
   nonlocal_energyvar { 2.189165297444797   } 
   autocorr_energy { } 
} 

block { 
   label vmc
   totweight 64000
   nautocorr 0
   total_energy { -4.827560737475095   } 
   total_energyvar { 0.456832459592202   } 
   weight { 1   } 
   weightvar { 0   } 
   kinetic_energy { 2.540973880509966   } 
   kinetic_energyvar { 2.682530560988644   } 
   potential_energy { -8.003159110832671   } 
   potential_energyvar { 4.401691628672855   } 
   nonlocal_energy { 0.6346244928476107   } 
   nonlocal_energyvar { 2.228795932858669   } 
   autocorr_energy { } 
} 

block { 
   label vmc
   totweight 64000
   nautocorr 0
   total_energy { -4.82262708819973   } 
   total_energyvar { 0.4777021164825014   } 
   weight { 1   } 
   weightvar { 0   } 
   kinetic_energy { 2.549096115327979   } 
   kinetic_energyvar { 2.644667826546063   } 
   potential_energy { -7.996749971944378   } 
   potential_energyvar { 4.077931826137373   } 
   nonlocal_energy { 0.6250267684166707   } 
   nonlocal_energyvar { 1.988236796019617   } 
   autocorr_energy { } 
} 

block { 
   label vmc
   totweight 64000
   nautocorr 0
   total_energy { -4.821064558630282   } 
   total_energyvar { 0.4900477527759016   } 
   weight { 1   } 
   weightvar { 0   } 
   kinetic_energy { 2.56262278939262   } 
   kinetic_energyvar { 2.67670798310545   } 
   potential_energy { -8.010934001107643   } 
   potential_energyvar { 4.428030870139456   } 
   nonlocal_energy { 0.6272466530847395   } 
   nonlocal_energyvar { 2.148153813366673   } 
   autocorr_energy { } 
} 

block { 
   label vmc
   totweight 64000
   nautocorr 0
   total_energy { -4.827167837685401   } 
   total_energyvar { 0.5203779090721637   } 
   weight { 1   } 
   weightvar { 0   } 
   kinetic_energy { 2.548165798695576   } 
   kinetic_energyvar { 2.651988258778004   } 
   potential_energy { -8.00677393633763   } 
   potential_energyvar { 4.172994455951375   } 
   nonlocal_energy { 0.6314402999566532   } 
   nonlocal_energyvar { 2.013537461636584   } 
   autocorr_energy { } 
} 

block { 
   label vmc
   totweight 64000
   nautocorr 0
   total_energy { -4.825925836881812   } 
   total_energyvar { 0.7864318188833924   } 
   weight { 1   } 
   weightvar { 0   } 
   kinetic_energy { 2.540171241812488   } 
   kinetic_energyvar { 2.664373126569115   } 
   potential_energy { -7.996311511833238   } 
   potential_energyvar { 4.311207706447587   } 
   nonlocal_energy { 0.6302144331389384   } 
   nonlocal_energyvar { 2.045340861375294   } 
   autocorr_energy { } 
} 

block { 
   label vmc
   totweight 64000
   nautocorr 0
   total_energy { -4.82864565911614   } 
   total_energyvar { 0.4745353065031393   } 
   weight { 1   } 
   weightvar { 0   } 
   kinetic_energy { 2.549548382332753   } 
   kinetic_energyvar { 2.712361552829915   } 
   potential_energy { -8.014104159533506   } 
   potential_energyvar { 4.154818950474025   } 
   nonlocal_energy { 0.6359101180846114   } 
   nonlocal_energyvar { 2.065917448614284   } 
   autocorr_energy { } 
} 

block { 
   label vmc
   totweight 64000
   nautocorr 0
   total_energy { -4.824834687792602   } 
   total_energyvar { 0.4614691938072165   } 
   weight { 1   } 
   weightvar { 0   } 
   kinetic_energy { 2.542631541172474   } 
   kinetic_energyvar { 2.609325954671891   } 
   potential_energy { -7.991109478193717   } 
   potential_energyvar { 4.267417836533709   } 
   nonlocal_energy { 0.623643249228642   } 
   nonlocal_energyvar { 2.190314895955359   } 
   autocorr_energy { } 
} 

block { 
   label vmc
   totweight 64000
   nautocorr 0
   total_energy { -4.824905113434927   } 
   total_energyvar { 0.4978367898911011   } 
   weight { 1   } 
   weightvar { 0   } 
   kinetic_energy { 2.540332199457369   } 
   kinetic_energyvar { 2.677016995838398   } 
   potential_energy { -7.998916619830736   } 
   potential_energyvar { 4.185238885521101   } 
   nonlocal_energy { 0.6336793069384409   } 
   nonlocal_energyvar { 2.118739371060002   } 
   autocorr_energy { } 
} 

block { 
   label vmc
   totweight 64000
   nautocorr 0
   total_energy { -4.821681927412331   } 
   total_energyvar { 0.5042784378201802   } 
   weight { 1   } 
   weightvar { 0   } 
   kinetic_energy { 2.55059922110849   } 
   kinetic_energyvar { 2.700142629863032   } 
   potential_energy { -7.9982689408906   } 
   potential_energyvar { 4.264399841133668   } 
   nonlocal_energy { 0.6259877923697788   } 
   nonlocal_energyvar { 2.1277958690438   } 
   autocorr_energy { } 
} 

block { 
   label vmc
   totweight 64000
   nautocorr 0
   total_energy { -4.827459864061513   } 
   total_energyvar { 0.4866043789210417   } 
   weight { 1   } 
   weightvar { 0   } 
   kinetic_energy { 2.547438431223358   } 
   kinetic_energyvar { 2.665627466994121   } 
   potential_energy { -8.016756634803873   } 
   potential_energyvar { 4.310972215385627   } 
   nonlocal_energy { 0.6418583395190028   } 
   nonlocal_energyvar { 2.236103176985436   } 
   autocorr_energy { } 
} 

block { 
   label vmc
   totweight 64000
   nautocorr 0
   total_energy { -4.820610931610355   } 
   total_energyvar { 0.6991624912896607   } 
   weight { 1   } 
   weightvar { 0   } 
   kinetic_energy { 2.553231949641257   } 
   kinetic_energyvar { 2.722102296188758   } 
   potential_energy { -8.01350692827392   } 
   potential_energyvar { 4.353756855952378   } 
   nonlocal_energy { 0.6396640470223072   } 
   nonlocal_energyvar { 2.137892742021053   } 
   autocorr_energy { } 
} 

block { 
   label vmc
   totweight 64000
   nautocorr 0
   total_energy { -4.825398679582583   } 
   total_energyvar { 0.471292764131461   } 
   weight { 1   } 
   weightvar { 0   } 
   kinetic_energy { 2.54967391577311   } 
   kinetic_energyvar { 2.634600630298443   } 
   potential_energy { -8.00573486937294   } 
   potential_energyvar { 4.066260600700399   } 
   nonlocal_energy { 0.6306622740172493   } 
   nonlocal_energyvar { 1.956947329037126   } 
   autocorr_energy { } 
} 

block { 
   label vmc
   totweight 64000
   nautocorr 0
   total_energy { -4.832979740847323   } 
   total_energyvar { 0.4349510980339648   } 
   weight { 1   } 
   weightvar { 0   } 
   kinetic_energy { 2.555290611699353   } 
   kinetic_energyvar { 2.70812368257038   } 
   potential_energy { -8.025719558902232   } 
   potential_energyvar { 4.123719416055033   } 
   nonlocal_energy { 0.6374492063555572   } 
   nonlocal_energyvar { 2.192978519182432   } 
   autocorr_energy { } 
} 

block { 
   label vmc
   totweight 64000
   nautocorr 0
   total_energy { -4.82413183651326   } 
   total_energyvar { 0.4845810581267841   } 
   weight { 1   } 
   weightvar { 0   } 
   kinetic_energy { 2.535940050655922   } 
   kinetic_energyvar { 2.587519464179476   } 
   potential_energy { -7.99079401123822   } 
   potential_energyvar { 4.02995730263066   } 
   nonlocal_energy { 0.630722124069038   } 
   nonlocal_energyvar { 1.982499947168432   } 
   autocorr_energy { } 
} 

block { 
   label vmc
   totweight 64000
   nautocorr 0
   total_energy { -4.825308230598404   } 
   total_energyvar { 0.449252140565605   } 
   weight { 1   } 
   weightvar { 0   } 
   kinetic_energy { 2.546630669348392   } 
   kinetic_energyvar { 2.701509419034341   } 
   potential_energy { -8.012313962665003   } 
   potential_energyvar { 4.21814097643415   } 
   nonlocal_energy { 0.6403750627182067   } 
   nonlocal_energyvar { 2.228670425597018   } 
   autocorr_energy { } 
} 

block { 
   label vmc
   totweight 64000
   nautocorr 0
   total_energy { -4.825168381768091   } 
   total_energyvar { 0.4478681872452974   } 
   weight { 1   } 
   weightvar { 0   } 
   kinetic_energy { 2.5485969961778   } 
   kinetic_energyvar { 2.696753337495654   } 
   potential_energy { -8.001423015696544   } 
   potential_energyvar { 4.117298639973906   } 
   nonlocal_energy { 0.6276576377506532   } 
   nonlocal_energyvar { 2.115782490351035   } 
   autocorr_energy { } 
} 

block { 
   label vmc
   totweight 64000
   nautocorr 0
   total_energy { -4.832666619853053   } 
   total_energyvar { 0.4719714343738069   } 
   weight { 1   } 
   weightvar { 0   } 
   kinetic_energy { 2.545864363912491   } 
   kinetic_energyvar { 2.690260750265736   } 
   potential_energy { -8.017074911573943   } 
   potential_energyvar { 4.390374147166984   } 
   nonlocal_energy { 0.6385439278083983   } 
   nonlocal_energyvar { 2.14884208591964   } 
   autocorr_energy { } 
} 

block { 
   label vmc
   totweight 64000
   nautocorr 0
   total_energy { -4.826583706518281   } 
   total_energyvar { 0.5621760658950747   } 
   weight { 1   } 
   weightvar { 0   } 
   kinetic_energy { 2.565762133525348   } 
   kinetic_energyvar { 2.830218743186177   } 
   potential_energy { -8.024351837596502   } 
   potential_energyvar { 4.651670827515345   } 
   nonlocal_energy { 0.632005997552871   } 
   nonlocal_energyvar { 2.274907650711531   } 
   autocorr_energy { } 
} 

block { 
   label vmc
   totweight 64000
   nautocorr 0
   total_energy { -4.821798993070216   } 
   total_energyvar { 0.4778673617366975   } 
   weight { 1   } 
   weightvar { 0   } 
   kinetic_energy { 2.546448041706141   } 
   kinetic_energyvar { 2.724352186449604   } 
   potential_energy { -8.008495632632297   } 
   potential_energyvar { 4.567385493722739   } 
   nonlocal_energy { 0.6402485978559405   } 
   nonlocal_energyvar { 2.421460470999652   } 
   autocorr_energy { } 
} 

block { 
   label vmc
   totweight 64000
   nautocorr 0
   total_energy { -4.826527504667769   } 
   total_energyvar { 0.5483666896410706   } 
   weight { 1   } 
   weightvar { 0   } 
   kinetic_energy { 2.564981014355266   } 
   kinetic_energyvar { 2.715145346650566   } 
   potential_energy { -8.032445002642282   } 
   potential_energyvar { 4.515468651462926   } 
   nonlocal_energy { 0.6409364836192455   } 
   nonlocal_energyvar { 2.264394046424082   } 
   autocorr_energy { } 
} 

block { 
   label vmc
   totweight 64000
   nautocorr 0
   total_energy { -4.8227774945505   } 
   total_energyvar { 1.348179548255168   } 
   weight { 1   } 
   weightvar { 0   } 
   kinetic_energy { 2.56946080102431   } 
   kinetic_energyvar { 2.736647139842574   } 
   potential_energy { -8.038797463137776   } 
   potential_energyvar { 5.679762106775258   } 
   nonlocal_energy { 0.6465591675629685   } 
   nonlocal_energyvar { 2.409567413824495   } 
   autocorr_energy { } 
} 

block { 
   label vmc
   totweight 64000
   nautocorr 0
   total_energy { -4.822844787428747   } 
   total_energyvar { 0.5052462005572839   } 
   weight { 1   } 
   weightvar { 0   } 
   kinetic_energy { 2.55120487135297   } 
   kinetic_energyvar { 2.698038479122738   } 
   potential_energy { -8.005306040531174   } 
   potential_energyvar { 4.1609787242873   } 
   nonlocal_energy { 0.6312563817494563   } 
   nonlocal_energyvar { 1.988346191824788   } 
   autocorr_energy { } 
} 

block { 
   label vmc
   totweight 64000
   nautocorr 0
   total_energy { -4.826652296856741   } 
   total_energyvar { 0.4976040765007366   } 
   weight { 1   } 
   weightvar { 0   } 
   kinetic_energy { 2.543592699701057   } 
   kinetic_energyvar { 2.710209897172421   } 
   potential_energy { -7.992066067485632   } 
   potential_energyvar { 4.050753952870268   } 
   nonlocal_energy { 0.6218210709278319   } 
   nonlocal_energyvar { 2.008877832048467   } 
   autocorr_energy { } 
} 

block { 
   label vmc
   totweight 64000
   nautocorr 0
   total_energy { -4.828736504855148   } 
   total_energyvar { 0.4581488136386245   } 
   weight { 1   } 
   weightvar { 0   } 
   kinetic_energy { 2.552504663888177   } 
   kinetic_energyvar { 2.673032473464252   } 
   potential_energy { -8.008700709499337   } 
   potential_energyvar { 4.157386121155317   } 
   nonlocal_energy { 0.627459540756011   } 
   nonlocal_energyvar { 1.99839739852321   } 
   autocorr_energy { } 
} 

block { 
   label vmc
   totweight 64000
   nautocorr 0
   total_energy { -4.823994585337796   } 
   total_energyvar { 0.4698314521995752   } 
   weight { 1   } 
   weightvar { 0   } 
   kinetic_energy { 2.564103150625531   } 
   kinetic_energyvar { 2.700184703319741   } 
   potential_energy { -8.018565244905977   } 
   potential_energyvar { 4.428624582626257   } 
   nonlocal_energy { 0.6304675089426491   } 
   nonlocal_energyvar { 2.148598055093121   } 
   autocorr_energy { } 
} 

block { 
   label vmc
   totweight 64000
   nautocorr 0
   total_energy { -4.826891453130498   } 
   total_energyvar { 0.4704998598902964   } 
   weight { 1   } 
   weightvar { 0   } 
   kinetic_energy { 2.546113592073818   } 
   kinetic_energyvar { 2.72138628635473   } 
   potential_energy { -8.024721818697239   } 
   potential_energyvar { 4.838787619506244   } 
   nonlocal_energy { 0.6517167734929226   } 
   nonlocal_energyvar { 2.677767025918071   } 
   autocorr_energy { } 
} 

block { 
   label vmc
   totweight 64000
   nautocorr 0
   total_energy { -4.824986268019962   } 
   total_energyvar { 0.4503192427177494   } 
   weight { 1   } 
   weightvar { 0   } 
   kinetic_energy { 2.522674125762294   } 
   kinetic_energyvar { 2.688607223333352   } 
   potential_energy { -7.99238450365832   } 
   potential_energyvar { 4.196157772903618   } 
   nonlocal_energy { 0.6447241098760649   } 
   nonlocal_energyvar { 2.243421059991354   } 
   autocorr_energy { } 
} 

block { 
   label vmc
   totweight 64000
   nautocorr 0
   total_energy { -4.823865916390674   } 
   total_energyvar { 0.4599251833917974   } 
   weight { 1   } 
   weightvar { 0   } 
   kinetic_energy { 2.552581417379186   } 
   kinetic_energyvar { 2.557959517180866   } 
   potential_energy { -7.995714989202623   } 
   potential_energyvar { 4.025451853945976   } 
   nonlocal_energy { 0.6192676554327641   } 
   nonlocal_energyvar { 1.954745534140989   } 
   autocorr_energy { } 
} 

block { 
   label vmc
   totweight 64000
   nautocorr 0
   total_energy { -4.826786096801611   } 
   total_energyvar { 0.4676838316478285   } 
   weight { 1   } 
   weightvar { 0   } 
   kinetic_energy { 2.537686756492785   } 
   kinetic_energyvar { 2.716064824069732   } 
   potential_energy { -8.009817177108385   } 
   potential_energyvar { 4.263901842693647   } 
   nonlocal_energy { 0.6453443238139908   } 
   nonlocal_energyvar { 2.185571738378023   } 
   autocorr_energy { } 
} 

block { 
   label vmc
   totweight 64000
   nautocorr 0
   total_energy { -4.825029497192099   } 
   total_energyvar { 0.4755868719575751   } 
   weight { 1   } 
   weightvar { 0   } 
   kinetic_energy { 2.558676806177827   } 
   kinetic_energyvar { 2.685414720793418   } 
   potential_energy { -8.008323571272948   } 
   potential_energyvar { 4.218020379792816   } 
   nonlocal_energy { 0.6246172679030235   } 
   nonlocal_energyvar { 2.045896070584173   } 
   autocorr_energy { } 
} 

block { 
   label vmc
   totweight 64000
   nautocorr 0
   total_energy { -4.825129297117845   } 
   total_energyvar { 0.6236321563811579   } 
   weight { 1   } 
   weightvar { 0   } 
   kinetic_energy { 2.540255017483444   } 
   kinetic_energyvar { 2.724266867642013   } 
   potential_energy { -8.001822206329566   } 
   potential_energyvar { 4.437548382720338   } 
   nonlocal_energy { 0.6364378917282781   } 
   nonlocal_energyvar { 2.21442437870332   } 
   autocorr_energy { } 
} 

block { 
   label vmc
   totweight 64000
   nautocorr 0
   total_energy { -4.82066592096245   } 
   total_energyvar { 0.6252853151303088   } 
   weight { 1   } 
   weightvar { 0   } 
   kinetic_energy { 2.530843686000236   } 
   kinetic_energyvar { 2.746295151931806   } 
   potential_energy { -7.996415049832573   } 
   potential_energyvar { 4.242322411152748   } 
   nonlocal_energy { 0.644905442869887   } 
   nonlocal_energyvar { 2.370594643739926   } 
   autocorr_energy { } 
} 

block { 
   label vmc
   totweight 64000
   nautocorr 0
   total_energy { -4.827422524918796   } 
   total_energyvar { 0.4582015974472901   } 
   weight { 1   } 
   weightvar { 0   } 
   kinetic_energy { 2.552919764872803   } 
   kinetic_energyvar { 2.731412337310165   } 
   potential_energy { -8.016901493473062   } 
   potential_energyvar { 4.421176229049325   } 
   nonlocal_energy { 0.6365592036814627   } 
   nonlocal_energyvar { 2.409765295014615   } 
   autocorr_energy { } 
} 

block { 
   label vmc
   totweight 64000
   nautocorr 0
   total_energy { -4.828520613322853   } 
   total_energyvar { 0.4463443021205246   } 
   weight { 1   } 
   weightvar { 0   } 
   kinetic_energy { 2.538493178966362   } 
   kinetic_energyvar { 2.624865127083703   } 
   potential_energy { -8.003191466666228   } 
   potential_energyvar { 4.028670691785299   } 
   nonlocal_energy { 0.6361776743770166   } 
   nonlocal_energyvar { 2.012655415694528   } 
   autocorr_energy { } 
} 

block { 
   label vmc
   totweight 64000
   nautocorr 0
   total_energy { -4.824551250258007   } 
   total_energyvar { 0.4666150721654944   } 
   weight { 1   } 
   weightvar { 0   } 
   kinetic_energy { 2.538899108106313   } 
   kinetic_energyvar { 2.686356500644923   } 
   potential_energy { -7.986335699412718   } 
   potential_energyvar { 4.206693133964504   } 
   nonlocal_energy { 0.6228853410483965   } 
   nonlocal_energyvar { 2.137738440004256   } 
   autocorr_energy { } 
} 

block { 
   label vmc
   totweight 64000
   nautocorr 0
   total_energy { -4.823019825825566   } 
   total_energyvar { 0.4595948696137253   } 
   weight { 1   } 
   weightvar { 0   } 
   kinetic_energy { 2.555683498232892   } 
   kinetic_energyvar { 2.838130569795489   } 
   potential_energy { -8.01208276749561   } 
   potential_energyvar { 4.334883103866998   } 
   nonlocal_energy { 0.6333794434371512   } 
   nonlocal_energyvar { 2.204115175654238   } 
   autocorr_energy { } 
} 

block { 
   label vmc
   totweight 64000
   nautocorr 0
   total_energy { -4.824885798642367   } 
   total_energyvar { 0.4602185177643872   } 
   weight { 1   } 
   weightvar { 0   } 
   kinetic_energy { 2.552917721518281   } 
   kinetic_energyvar { 2.668989768608124   } 
   potential_energy { -8.0136919737739   } 
   potential_energyvar { 4.19021226640961   } 
   nonlocal_energy { 0.6358884536132527   } 
   nonlocal_energyvar { 2.086006056777677   } 
   autocorr_energy { } 
} 

block { 
   label vmc
   totweight 64000
   nautocorr 0
   total_energy { -4.83072509322766   } 
   total_energyvar { 0.4369198372422752   } 
   weight { 1   } 
   weightvar { 0   } 
   kinetic_energy { 2.535541074088945   } 
   kinetic_energyvar { 2.656455062180173   } 
   potential_energy { -7.995756706468601   } 
   potential_energyvar { 3.920580706352871   } 
   nonlocal_energy { 0.6294905391519955   } 
   nonlocal_energyvar { 2.011221752905153   } 
   autocorr_energy { } 
} 

block { 
   label vmc
   totweight 64000
   nautocorr 0
   total_energy { -4.832471798953152   } 
   total_energyvar { 0.4695729590487444   } 
   weight { 1   } 
   weightvar { 0   } 
   kinetic_energy { 2.553779386809536   } 
   kinetic_energyvar { 3.042864479936548   } 
   potential_energy { -8.032348326308753   } 
   potential_energyvar { 4.502375391612295   } 
   nonlocal_energy { 0.6460971405460656   } 
   nonlocal_energyvar { 2.65499557812922   } 
   autocorr_energy { } 
} 

block { 
   label vmc
   totweight 64000
   nautocorr 0
   total_energy { -4.825733944533614   } 
   total_energyvar { 0.4680712243236257   } 
   weight { 1   } 
   weightvar { 0   } 
   kinetic_energy { 2.54530708593707   } 
   kinetic_energyvar { 2.670635491649545   } 
   potential_energy { -8.0100213119863   } 
   potential_energyvar { 4.439125748726119   } 
   nonlocal_energy { 0.6389802815156148   } 
   nonlocal_energyvar { 2.347049711099716   } 
   autocorr_energy { } 
} 

block { 
   label vmc
   totweight 64000
   nautocorr 0
   total_energy { -4.827498766883784   } 
   total_energyvar { 0.4612074942118414   } 
   weight { 1   } 
   weightvar { 0   } 
   kinetic_energy { 2.532945075334608   } 
   kinetic_energyvar { 2.60099670692331   } 
   potential_energy { -7.978669547996934   } 
   potential_energyvar { 3.983903389871783   } 
   nonlocal_energy { 0.6182257057785426   } 
   nonlocal_energyvar { 1.980463467945007   } 
   autocorr_energy { } 
} 

block { 
   label vmc
   totweight 64000
   nautocorr 0
   total_energy { -4.830431895195251   } 
   total_energyvar { 0.4401692117155512   } 
   weight { 1   } 
   weightvar { 0   } 
   kinetic_energy { 2.545665670438392   } 
   kinetic_energyvar { 2.72896267834827   } 
   potential_energy { -8.009976110634037   } 
   potential_energyvar { 4.270287160773496   } 
   nonlocal_energy { 0.6338785450003938   } 
   nonlocal_energyvar { 2.086647623469308   } 
   autocorr_energy { } 
} 

block { 
   label vmc
   totweight 64000
   nautocorr 0
   total_energy { -4.824440733285801   } 
   total_energyvar { 0.4843371068223667   } 
   weight { 1   } 
   weightvar { 0   } 
   kinetic_energy { 2.555735423956428   } 
   kinetic_energyvar { 2.718414163283027   } 
   potential_energy { -8.020008666505555   } 
   potential_energyvar { 4.463568829901479   } 
   nonlocal_energy { 0.6398325092633278   } 
   nonlocal_energyvar { 2.162932855819596   } 
   autocorr_energy { } 
} 

block { 
   label vmc
   totweight 64000
   nautocorr 0
   total_energy { -4.825216771038046   } 
   total_energyvar { 0.4853454322950934   } 
   weight { 1   } 
   weightvar { 0   } 
   kinetic_energy { 2.563550555701317   } 
   kinetic_energyvar { 2.768483892562527   } 
   potential_energy { -8.021424276591567   } 
   potential_energyvar { 4.203508500619205   } 
   nonlocal_energy { 0.6326569498522057   } 
   nonlocal_energyvar { 2.069419595162042   } 
   autocorr_energy { } 
} 

block { 
   label vmc
   totweight 64000
   nautocorr 0
   total_energy { -4.824925527748319   } 
   total_energyvar { 0.4858800396649608   } 
   weight { 1   } 
   weightvar { 0   } 
   kinetic_energy { 2.548065260641005   } 
   kinetic_energyvar { 2.646885080506955   } 
   potential_energy { -7.99722278653678   } 
   potential_energyvar { 4.027061887980498   } 
   nonlocal_energy { 0.6242319981474557   } 
   nonlocal_energyvar { 2.043301716935329   } 
   autocorr_energy { } 
} 

block { 
   label vmc
   totweight 64000
   nautocorr 0
   total_energy { -4.823034714766669   } 
   total_energyvar { 0.4862650598309244   } 
   weight { 1   } 
   weightvar { 0   } 
   kinetic_energy { 2.562474227579801   } 
   kinetic_energyvar { 2.713588813958752   } 
   potential_energy { -8.015698022917825   } 
   potential_energyvar { 4.158054168034738   } 
   nonlocal_energy { 0.6301890805713558   } 
   nonlocal_energyvar { 2.026198326901395   } 
   autocorr_energy { } 
} 

block { 
   label vmc
   totweight 64000
   nautocorr 0
   total_energy { -4.826046129628813   } 
   total_energyvar { 0.4488914589263881   } 
   weight { 1   } 
   weightvar { 0   } 
   kinetic_energy { 2.552251947915994   } 
   kinetic_energyvar { 2.755666952984237   } 
   potential_energy { -8.012747248247727   } 
   potential_energyvar { 4.094919492165179   } 
   nonlocal_energy { 0.6344491707029213   } 
   nonlocal_energyvar { 2.157343199530993   } 
   autocorr_energy { } 
} 

block { 
   label vmc
   totweight 64000
   nautocorr 0
   total_energy { -4.827877117951865   } 
   total_energyvar { 0.4460763632157325   } 
   weight { 1   } 
   weightvar { 0   } 
   kinetic_energy { 2.563928047744476   } 
   kinetic_energyvar { 2.901999460135829   } 
   potential_energy { -8.044045338517821   } 
   potential_energyvar { 4.468456317443539   } 
   nonlocal_energy { 0.6522401728214799   } 
   nonlocal_energyvar { 2.324210855609181   } 
   autocorr_energy { } 
} 

block { 
   label vmc
   totweight 64000
   nautocorr 0
   total_energy { -4.826735874605154   } 
   total_energyvar { 0.4798216186127823   } 
   weight { 1   } 
   weightvar { 0   } 
   kinetic_energy { 2.537935940858789   } 
   kinetic_energyvar { 2.655809218738756   } 
   potential_energy { -8.004848115620254   } 
   potential_energyvar { 4.221465567131647   } 
   nonlocal_energy { 0.6401763001563116   } 
   nonlocal_energyvar { 2.20720088540789   } 
   autocorr_energy { } 
} 

block { 
   label vmc
   totweight 64000
   nautocorr 0
   total_energy { -4.827165513282947   } 
   total_energyvar { 0.4576108451819935   } 
   weight { 1   } 
   weightvar { 0   } 
   kinetic_energy { 2.541628348138663   } 
   kinetic_energyvar { 2.682531732899391   } 
   potential_energy { -8.006889753617173   } 
   potential_energyvar { 4.134088893054483   } 
   nonlocal_energy { 0.6380958921955632   } 
   nonlocal_energyvar { 2.130473355601143   } 
   autocorr_energy { } 
} 

block { 
   label vmc
   totweight 64000
   nautocorr 0
   total_energy { -4.823629506500209   } 
   total_energyvar { 0.4714173626959025   } 
   weight { 1   } 
   weightvar { 0   } 
   kinetic_energy { 2.552859202897846   } 
   kinetic_energyvar { 2.800030906353879   } 
   potential_energy { -8.01409206555287   } 
   potential_energyvar { 4.485235664479655   } 
   nonlocal_energy { 0.6376033561548133   } 
   nonlocal_energyvar { 2.317621982157425   } 
   autocorr_energy { } 
} 

block { 
   label vmc
   totweight 64000
   nautocorr 0
   total_energy { -4.822111249386063   } 
   total_energyvar { 0.5069140070435816   } 
   weight { 1   } 
   weightvar { 0   } 
   kinetic_energy { 2.546065284200354   } 
   kinetic_energyvar { 2.750559252364824   } 
   potential_energy { -8.007101697453059   } 
   potential_energyvar { 4.350226958870092   } 
   nonlocal_energy { 0.6389251638666413   } 
   nonlocal_energyvar { 2.197024624016433   } 
   autocorr_energy { } 
} 

block { 
   label vmc
   totweight 64000
   nautocorr 0
   total_energy { -4.822725685652512   } 
   total_energyvar { 0.5139992855468152   } 
   weight { 1   } 
   weightvar { 0   } 
   kinetic_energy { 2.544194955887235   } 
   kinetic_energyvar { 2.725253817857421   } 
   potential_energy { -8.000675083332125   } 
   potential_energyvar { 4.284010143356014   } 
   nonlocal_energy { 0.6337544417923763   } 
   nonlocal_energyvar { 2.123031856373811   } 
   autocorr_energy { } 
} 

block { 
   label vmc
   totweight 64000
   nautocorr 0
   total_energy { -4.82375352881813   } 
   total_energyvar { 0.4675292315857322   } 
   weight { 1   } 
   weightvar { 0   } 
   kinetic_energy { 2.547278621441261   } 
   kinetic_energyvar { 2.634443829299426   } 
   potential_energy { -8.000556129998696   } 
   potential_energyvar { 4.289402925756552   } 
   nonlocal_energy { 0.6295239797393059   } 
   nonlocal_energyvar { 2.196527101285972   } 
   autocorr_energy { } 
} 

block { 
   label vmc
   totweight 64000
   nautocorr 0
   total_energy { -4.829727026180994   } 
   total_energyvar { 0.4704615940139413   } 
   weight { 1   } 
   weightvar { 0   } 
   kinetic_energy { 2.545231490753426   } 
   kinetic_energyvar { 2.849533447209597   } 
   potential_energy { -8.010334648922498   } 
   potential_energyvar { 4.254074761931636   } 
   nonlocal_energy { 0.6353761319880773   } 
   nonlocal_energyvar { 2.142443964695621   } 
   autocorr_energy { } 
} 

block { 
   label vmc
   totweight 64000
   nautocorr 0
   total_energy { -4.827229413574821   } 
   total_energyvar { 0.4710308812499823   } 
   weight { 1   } 
   weightvar { 0   } 
   kinetic_energy { 2.540584830036978   } 
   kinetic_energyvar { 2.658776281923155   } 
   potential_energy { -7.997013178455298   } 
   potential_energyvar { 3.871553047077476   } 
   nonlocal_energy { 0.6291989348434995   } 
   nonlocal_energyvar { 1.994204063624381   } 
   autocorr_energy { } 
} 

block { 
   label vmc
   totweight 64000
   nautocorr 0
   total_energy { -4.820724200017534   } 
   total_energyvar { 0.5038047275026892   } 
   weight { 1   } 
   weightvar { 0   } 
   kinetic_energy { 2.546440106103279   } 
   kinetic_energyvar { 2.594799953293874   } 
   potential_energy { -7.983264547301719   } 
   potential_energyvar { 3.877848126366747   } 
   nonlocal_energy { 0.6161002411809062   } 
   nonlocal_energyvar { 1.922333119489582   } 
   autocorr_energy { } 
} 

block { 
   label vmc
   totweight 64000
   nautocorr 0
   total_energy { -4.824625114628917   } 
   total_energyvar { 0.4533945923867015   } 
   weight { 1   } 
   weightvar { 0   } 
   kinetic_energy { 2.529461972131146   } 
   kinetic_energyvar { 2.614973204559682   } 
   potential_energy { -7.97486270263174   } 
   potential_energyvar { 3.861683566081453   } 
   nonlocal_energy { 0.6207756158716754   } 
   nonlocal_energyvar { 2.063713167018412   } 
   autocorr_energy { } 
} 

block { 
   label vmc
   totweight 64000
   nautocorr 0
   total_energy { -4.82768431095073   } 
   total_energyvar { 0.4697406499494976   } 
   weight { 1   } 
   weightvar { 0   } 
   kinetic_energy { 2.57224699590687   } 
   kinetic_energyvar { 2.742531315497788   } 
   potential_energy { -8.032170424423194   } 
   potential_energyvar { 4.246156861194527   } 
   nonlocal_energy { 0.6322391175655939   } 
   nonlocal_energyvar { 2.155392776650045   } 
   autocorr_energy { } 
} 

block { 
   label vmc
   totweight 64000
   nautocorr 0
   total_energy { -4.823537357617917   } 
   total_energyvar { 0.5115707916080094   } 
   weight { 1   } 
   weightvar { 0   } 
   kinetic_energy { 2.558396997737333   } 
   kinetic_energyvar { 2.721302034634888   } 
   potential_energy { -8.020089031801735   } 
   potential_energyvar { 4.339900318044691   } 
   nonlocal_energy { 0.6381546764464855   } 
   nonlocal_energyvar { 2.148835123158777   } 
   autocorr_energy { } 
} 

block { 
   label vmc
   totweight 64000
   nautocorr 0
   total_energy { -4.831067936858633   } 
   total_energyvar { 0.4668406106938592   } 
   weight { 1   } 
   weightvar { 0   } 
   kinetic_energy { 2.542437246836358   } 
   kinetic_energyvar { 2.685236218172454   } 
   potential_energy { -7.996938137061232   } 
   potential_energyvar { 4.088543935882039   } 
   nonlocal_energy { 0.6234329533662401   } 
   nonlocal_energyvar { 2.211378572386041   } 
   autocorr_energy { } 
} 

block { 
   label vmc
   totweight 64000
   nautocorr 0
   total_energy { -4.823263409343276   } 
   total_energyvar { 0.4426429896646847   } 
   weight { 1   } 
   weightvar { 0   } 
   kinetic_energy { 2.546597408214909   } 
   kinetic_energyvar { 2.749540581894653   } 
   potential_energy { -8.003601205103166   } 
   potential_energyvar { 4.408451803699005   } 
   nonlocal_energy { 0.6337403875449814   } 
   nonlocal_energyvar { 2.161019474837566   } 
   autocorr_energy { } 
} 

