
 Primary working directories    : /global/cscratch1/sd/aannabe
 Secondary working directories  : /global/cscratch1/sd/aannabe
 Wavefunction directory         : /global/homes/a/aannabe/wfu/
 Main file repository           : /global/cscratch1/sd/aannabe/

 SHA1      : 19cd028119e0e09f93f0674bd8af7968d9b3eff6
 NAME      : 2015.1.36
 ARCHNAME  : linux/x86_64
 FC        : /opt/cray/pe/craype/2.5.14/bin/ftn
 BLASLIB   : -L/opt/intel/compilers_and_libraries_2018.1.163/linux/mkl/lib/intel64 -Wl,-_start-group -lmkl_intel_ilp64 -lmkl_intel_thread -lmkl_core -Wl,-_end-group -liomp5
 id        : lbl

 Nodes     nprocs
 nid12709    15
 Number of processes for MPI-2 version of Molpro:   nprocs(total)=   16   nprocs(compute)=   15   nprocs(helper)=    1

 Using customized tuning parameters: mindgm=7; mindgv=16; mindgc=1; mindgr=1; noblas=0; minvec=7
 default implementation of scratch files=sf  

 ***,SiH4
 memory,512,m
 gthresh,twoint=1.0E-13
 
 basis={
 ECP,Si,10,2,0;
 3;                                                                              !Vd
 1,5.168316,    4.000000
 3,8.861690,   20.673264
 2,3.933474,  -14.818174
 2;                                                                              !Vs-Vd
 2,9.447023,   14.832760
 2,2.553812,   26.349664
 2;                                                                              !Vp-Vd
 2,3.660001,    7.621400
 2,1.903653,   10.331583
 
 Including file /global/cscratch1/sd/aannabe/docs/molecules_Si/SiH4/mrci/gs_v2/Si.aug-cc-pV5Z.basis
 
 ECP,H,0,1,0
 3;
 2,   21.77696655044365 ,     -10.85192405303825 ;
 1,   21.24359508259891 ,       1.00000000000000;
 3,   21.24359508259891 ,      21.24359508259891;
 1; 2,                   1.,                      0.;
 
 Including file /global/cscratch1/sd/aannabe/docs/molecules_Si/SiH4/mrci/gs_v2/H.aug-cc-pV5Z.basis
 }
 
 geometry={
   5
  Silane
  Si          0.0000        0.0000        0.0000
   H          0.8544        0.8544        0.8544
   H         -0.8544       -0.8544        0.8544
   H         -0.8544        0.8544       -0.8544
   H          0.8544       -0.8544       -0.8544
 }
 
 {rhf
 wf,8,1,0                                                                        ! nelec,symm,spin
 }
 scf = energy
                                                                                 !1   1   1   1
 
 pop;
 
 {multi
 occ,5,3,3,3;
 closed,0,0,0,0;
 wf,8,1,0
 STATE,2,root;
 natorb;
 }
 
 {ci
 STATE,2,root;
 }
 
 ccsd = energy
 
 table,scf,ccsd
 save, 5.csv, new
 

 Variables initialized (889), CPU time= 0.01 sec
 Commands  initialized (702), CPU time= 0.01 sec, 572 directives.
 Default parameters read. Elapsed time= 0.76 sec

 Checking input...
 Passed
1


                                         ***  PROGRAM SYSTEM MOLPRO  ***
                                       Copyright, TTI GmbH Stuttgart, 2015
                                    Version 2015.1 linked Dec 29 2018 15:55:43


 **********************************************************************************************************************************
 LABEL *   SiH4                                                                          
  64 bit mpp version                                                                     DATE: 05-Sep-20          TIME: 18:57:20  
 **********************************************************************************************************************************

 SHA1:             19cd028119e0e09f93f0674bd8af7968d9b3eff6
 **********************************************************************************************************************************

 THRESHOLDS:

 ZERO    =  1.00D-12  ONEINT  =  1.00D-12  TWOINT  =  1.00D-13  PREFAC  =  1.00D-14  LOCALI  =  1.00D-09  EORDER  =  1.00D-04
 ENERGY  =  0.00D+00  ETEST   =  0.00D+00  EDENS   =  0.00D+00  THRDEDEF=  1.00D-06  GRADIENT=  1.00D-02  STEP    =  1.00D-03
 ORBITAL =  1.00D-05  CIVEC   =  1.00D-05  COEFF   =  1.00D-04  PRINTCI =  5.00D-02  PUNCHCI =  9.90D+01  OPTGRAD =  3.00D-04
 OPTENERG=  1.00D-06  OPTSTEP =  3.00D-04  THRGRAD =  1.00D-10  COMPRESS=  1.00D-11  VARMIN  =  1.00D-07  VARMAX  =  1.00D-03
 THRDOUB =  0.00D+00  THRDIV  =  1.00D-05  THRRED  =  1.00D-07  THRPSP  =  1.00D+00  THRDC   =  1.00D-10  THRCS   =  1.00D-10
 THRNRM  =  1.00D-08  THREQ   =  0.00D+00  THRDE   =  1.00D+00  THRREF  =  1.00D-05  SPARFAC =  1.00D+00  THRDLP  =  1.00D-07
 THRDIA  =  1.00D-10  THRDLS  =  1.00D-07  THRGPS  =  0.00D+00  THRKEX  =  0.00D+00  THRDIS  =  2.00D-01  THRVAR  =  1.00D-10
 THRLOC  =  1.00D-06  THRGAP  =  1.00D-06  THRLOCT = -1.00D+00  THRGAPT = -1.00D+00  THRORB  =  1.00D-06  THRMLTP =  0.00D+00
 THRCPQCI=  1.00D-10  KEXTA   =  0.00D+00  THRCOARS=  0.00D+00  SYMTOL  =  1.00D-06  GRADTOL =  1.00D-06  THROVL  =  1.00D-08
 THRORTH =  1.00D-08  GRID    =  1.00D-06  GRIDMAX =  1.00D-03  DTMAX   =  0.00D+00  THROCCDE=  1.00D-01  THROCCDE=  1.00D-01



 Variable memory set to  512000000 words,  buffer space   230000 words

 SETTING BASIS          =    USERDEF

Geometry recognized as XYZ



 Recomputing integrals since basis changed


 Using spherical harmonics



 PROGRAM * SEWARD (Integral evaluation for generally contracted gaussian basis sets)     Author: Roland Lindh, 1990

 Geometry written to block  1 of record 700


 Point group  D2  



 ATOMIC COORDINATES

 NR  ATOM    CHARGE       X              Y              Z

   1  SI      4.00    0.000000000    0.000000000    0.000000000
   2  H       1.00    1.614582001    1.614582001    1.614582001
   3  H       1.00   -1.614582001   -1.614582001    1.614582001
   4  H       1.00   -1.614582001    1.614582001   -1.614582001
   5  H       1.00    1.614582001   -1.614582001   -1.614582001

 Bond lengths in Bohr (Angstrom)

 1-2  2.796538058  1-3  2.796538058  1-4  2.796538058  1-5  2.796538058
     ( 1.479864210)     ( 1.479864210)     ( 1.479864210)     ( 1.479864210)

 Bond angles

  2-1-3  109.47122063   2-1-4  109.47122063   2-1-5  109.47122063   3-1-4  109.47122063

  3-1-5  109.47122063   4-1-5  109.47122063

 NUCLEAR CHARGE:                    8
 NUMBER OF PRIMITIVE AOS:         665
 NUMBER OF SYMMETRY AOS:          510
 NUMBER OF CONTRACTIONS:          446   ( 113A   + 111B3  + 111B2  + 111B1  )
 NUMBER OF CORE ORBITALS:           0   (   0A   +   0B3  +   0B2  +   0B1  )
 NUMBER OF VALENCE ORBITALS:        8   (   2A   +   2B3  +   2B2  +   2B1  )


 NUCLEAR REPULSION ENERGY    7.03521075


 Eigenvalues of metric

         1 0.186E-05 0.203E-04 0.506E-04 0.181E-03 0.210E-03 0.210E-03 0.406E-03 0.632E-03
         2 0.371E-05 0.144E-04 0.621E-04 0.127E-03 0.184E-03 0.192E-03 0.264E-03 0.858E-03
         3 0.371E-05 0.144E-04 0.621E-04 0.127E-03 0.184E-03 0.192E-03 0.264E-03 0.858E-03
         4 0.371E-05 0.144E-04 0.621E-04 0.127E-03 0.184E-03 0.192E-03 0.264E-03 0.858E-03


 Contracted 2-electron integrals neglected if value below      1.0D-13
 AO integral compression algorithm  1   Integral accuracy      1.0D-13

     11316.756 MB (compressed) written to integral file ( 73.9%)

     Node minimum: 476.054 MB, node maximum: 980.419 MB


 NUMBER OF SORTED TWO-ELECTRON INTEGRALS:   83340270.     BUFFER LENGTH:  32768
 NUMBER OF SEGMENTS:   3  SEGMENT LENGTH:   31989672      RECORD LENGTH: 524288

 Memory used in sort:      32.55 MW

 SORT1 READ  1914901242. AND WROTE    81966449. INTEGRALS IN    236 RECORDS. CPU TIME:    87.15 SEC, REAL TIME:   147.32 SEC
 SORT2 READ  1228971363. AND WROTE  1250423886. INTEGRALS IN  53820 RECORDS. CPU TIME:    16.17 SEC, REAL TIME:    18.13 SEC

 Node minimum:    83289273.  Node maximum:    83462558. integrals

 OPERATOR DM      FOR CENTER  0  COORDINATES:    0.000000    0.000000    0.000000


 **********************************************************************************************************************************
 DATASETS  * FILE   NREC   LENGTH (MB)   RECORD NAMES
              1      19       22.19       500      610      700      900      950      970     1000      129      960     1100   
                                          VAR    BASINP    GEOM    SYMINP    ZMAT    AOBASIS   BASIS     P2S    ABASIS      S 
                                         1400     1410     1420     1200     1210     1080     1600     1650     1700   
                                           T        V       ECP      H0       H01     AOSYM     SMH    MOLCAS    OPER   

 PROGRAMS   *        TOTAL       INT
 CPU TIMES  *       125.11    124.65
 REAL TIME  *       190.46 SEC
 DISK USED  *        26.08 GB      
 GA USED    *         0.00 MB       (max)       0.00 MB       (current)
 **********************************************************************************************************************************


 PROGRAM * RHF-SCF (CLOSED SHELL)       Authors: W. Meyer, H.-J. Werner


 NUMBER OF ELECTRONS:       4+    4-    SPACE SYMMETRY=1    SPIN SYMMETRY: Singlet 
 CONVERGENCE THRESHOLDS:    1.00E-05 (Density)    1.00E-07 (Energy)
 MAX. NUMBER OF ITERATIONS:       60
 INTERPOLATION TYPE:            DIIS
 INTERPOLATION STEPS:              2 (START)      1 (STEP)
 LEVEL SHIFTS:                  0.00 (CLOSED)  0.00 (OPEN) 



 Orbital guess generated from atomic densities. Full valence occupancy:    2   2   2   2

 Molecular orbital dump at record        2100.2

 Initial occupancy:   1   1   1   1

 ITERATION    DDIFF          GRAD             ENERGY        2-EL.EN.            DIPOLE MOMENTS         DIIS   ORB.
    1      0.000D+00      0.000D+00        -6.07078514     17.347510    0.00000    0.00000    0.00000    0    start
    2      0.000D+00      0.362D-02        -6.08577710     17.458386    0.00000    0.00000    0.00000    1    diag
    3      0.208D-02      0.115D-02        -6.08775374     17.473564    0.00000    0.00000    0.00000    2    diag
    4      0.720D-03      0.141D-03        -6.08778383     17.474218    0.00000    0.00000    0.00000    3    diag
    5      0.732D-04      0.188D-04        -6.08778439     17.473468    0.00000    0.00000    0.00000    4    diag
    6      0.176D-04      0.314D-05        -6.08778441     17.473488    0.00000    0.00000    0.00000    5    diag
    7      0.383D-05      0.243D-06        -6.08778441     17.473484    0.00000    0.00000    0.00000    0    orth

 Final occupancy:   1   1   1   1

 !RHF STATE 1.1 Energy                 -6.087784407165
 Nuclear energy                         7.03521075
 One-electron energy                  -21.85973706
 Two-electron energy                    8.73674190
 Virial quotient                       -1.58273211
 !RHF STATE 1.1 Dipole moment           0.00000000     0.00000000     0.00000000
 Dipole moment /Debye                   0.00000000     0.00000000     0.00000000

 Orbital energies:

         1.1          2.1          3.1
     -0.732652     0.029376     0.114066

         1.2          2.2          3.2
     -0.486825     0.054339     0.093559

         1.3          2.3          3.3
     -0.486825     0.054339     0.093559

         1.4          2.4          3.4
     -0.486825     0.054339     0.093559

 HOMO      1.2    -0.486825 =     -13.2472eV
 LUMO      2.1     0.029376 =       0.7994eV
 LUMO-HOMO         0.516201 =      14.0466eV


 **********************************************************************************************************************************
 DATASETS  * FILE   NREC   LENGTH (MB)   RECORD NAMES
              1      19       22.20       500      610      700      900      950      970     1000      129      960     1100   
                                          VAR    BASINP    GEOM    SYMINP    ZMAT    AOBASIS   BASIS     P2S    ABASIS      S 
                                         1400     1410     1420     1200     1210     1080     1600     1650     1700   
                                           T        V       ECP      H0       H01     AOSYM     SMH    MOLCAS    OPER   

              2       4        3.93       700     1000      520     2100   
                                         GEOM     BASIS   MCVARS     RHF  

 PROGRAMS   *        TOTAL       RHF       INT
 CPU TIMES  *       128.87      3.76    124.65
 REAL TIME  *       195.14 SEC
 DISK USED  *        26.51 GB      
 SF USED    *         0.20 MB      
 GA USED    *         0.00 MB       (max)       0.00 MB       (current)
 **********************************************************************************************************************************
 SETTING SCF            =        -6.08778441  AU                              


 PROGRAM * POP (Mulliken population analysis)

 
 Density matrix read from record         2100.2  Type=RHF/CHARGE (state 1.1)
 
 Population analysis by basis function type

 Unique atom        s        p        d        f        g    Total    Charge
   1  SI      0.58349  2.75430  0.44699  0.03070  0.00544  3.82179  + 0.17821
   2  H       0.98324  0.05781  0.00320  0.00033 -0.00003  1.04455  - 0.04455


 **********************************************************************************************************************************
 DATASETS  * FILE   NREC   LENGTH (MB)   RECORD NAMES
              1      19       22.20       500      610      700      900      950      970     1000      129      960     1100   
                                          VAR    BASINP    GEOM    SYMINP    ZMAT    AOBASIS   BASIS     P2S    ABASIS      S 
                                         1400     1410     1420     1200     1210     1080     1600     1650     1700   
                                           T        V       ECP      H0       H01     AOSYM     SMH    MOLCAS    OPER   

              2       4        3.93       700     1000      520     2100   
                                         GEOM     BASIS   MCVARS     RHF  

 PROGRAMS   *        TOTAL       POP       RHF       INT
 CPU TIMES  *       128.87      0.00      3.76    124.65
 REAL TIME  *       195.14 SEC
 DISK USED  *        26.51 GB      
 SF USED    *         0.20 MB      
 GA USED    *         0.00 MB       (max)       0.00 MB       (current)
 **********************************************************************************************************************************


 PROGRAM * MULTI (Direct Multiconfiguration SCF)       Authors: P.J. Knowles, H.-J. Werner (1984)     S.T. Elbert (1988)


 Number of active  orbitals:       14 (   5   3   3   3 )
 Number of external orbitals:     432 ( 108 108 108 108 )

 State symmetry 1

 Number of electrons:     8    Spin symmetry=Singlet   Space symmetry=1
 Number of states:        2
 Number of CSFs:      68649   (250561 determinants, 1002001 intermediate states)

 Molecular orbitals read from record     2100.2  Type=RHF/CANONICAL (state 1.1)

 Wavefunction dump at record             2140.2

 Convergence thresholds  0.10E-01 (gradient)  0.10E-05 (energy)  0.10E-02 (step length)

 Weight factors for state symmetry  1:    0.50000   0.50000

 Number of orbital rotations:     1512   (     0 Core/Active      0 Core/Virtual   0 Active/Active   1512 Active/Virtual)
 Total number of variables:     502634


 ITER. MIC  NCI  NEG     ENERGY(VAR)     ENERGY(PROJ)   ENERGY CHANGE     GRAD(0)  GRAD(ORB)   GRAD(CI)     STEP       TIME

 Not enough P space configurations found with threshold  0.40  for  2 states. Nplist= 1  threshold increased to    0.90
   1  138   11    0      -5.88992850      -5.98517956   -0.09525105    0.07756263 0.00240950 0.17897242  0.26D+01      6.97
   2  161   35    0      -5.99045931      -6.00646407   -0.01600476    0.03714606 0.00001683 0.00251332  0.12D+01     20.21
   3  120   23    0      -6.00637522      -6.00639780   -0.00002258    0.00280331 0.00000005 0.00018697  0.42D-01     30.21
   4   70   14    0      -6.00639781      -6.00639782   -0.00000001    0.00003704 0.00000002 0.00004121  0.81D-03     37.43
   5   40   11    0      -6.00639782      -6.00639782   -0.00000000    0.00000901 0.00000296 0.00001622  0.13D-03     43.93

 ** WVFN ****  CONVERGENCE REACHED, FINAL GRADIENT:  0.36D-05



 Results for state 1.1
 =====================

 !MCSCF STATE 1.1 Energy               -6.182408010677
 Nuclear energy                         7.03521075
 Kinetic energy                         3.98189108
 One electron energy                  -21.85191981
 Two electron energy                    8.63430104
 Virial ratio                           2.55263112

 !MCSCF STATE 1.1 Dipole moment         0.00000000     0.00000000     0.00000000
 Dipole moment /Debye                   0.00000000     0.00000000     0.00000000

 Results for state 2.1
 =====================

 !MCSCF STATE 2.1 Energy               -5.830387638543
 Nuclear energy                         7.03521075
 Kinetic energy                         3.83945545
 One electron energy                  -21.04112377
 Two electron energy                    8.17552538
 Virial ratio                           2.51854546

 !MCSCF STATE 2.1 Dipole moment         0.00000000     0.00000000     0.00000000
 Dipole moment /Debye                   0.00000000     0.00000000     0.00000000

 State-averaged charge density matrix saved on record  2140.2 (density set 1)


 Natural orbital dump (state averaged) at molpro section  2140.2    (Orbital set 2)



 **********************************************************************************************************************************
 DATASETS  * FILE   NREC   LENGTH (MB)   RECORD NAMES
              1      20       85.72       500      610      700      900      950      970     1000      129      960     1100   
                                          VAR    BASINP    GEOM    SYMINP    ZMAT    AOBASIS   BASIS     P2S    ABASIS      S 
                                         1400     1410     1420     1200     1210     1080     1600     1650     1700     1380   
                                           T        V       ECP      H0       H01     AOSYM     SMH    MOLCAS    OPER     JKOP   

              2       5        8.63       700     1000      520     2100     2140   
                                         GEOM     BASIS   MCVARS     RHF     MCSCF   

 PROGRAMS   *        TOTAL     MULTI       POP       RHF       INT
 CPU TIMES  *       177.68     48.81      0.00      3.76    124.65
 REAL TIME  *       257.18 SEC
 DISK USED  *        26.51 GB      
 SF USED    *       420.15 MB      
 GA USED    *         0.00 MB       (max)       0.00 MB       (current)
 **********************************************************************************************************************************


 PROGRAM * CI (Multireference internally contracted CI)     Authors: H.-J. Werner, P.J. Knowles, 1987


 Convergence thresholds:  THRVAR = 1.00D-08  THRDEN = 1.00D-06

 Number of optimized states:  2  Roots:   1   2
 Number of reference states:  2  Roots:   1   2

 Reference symmetry:                   1   Singlet 
 Number of electrons:                  8
 Maximum number of shells:             5
 Maximum number of spin couplings:    14

 Reference space:    23469 conf    68649 CSFs
 N elec internal:    93093 conf   273273 CSFs
 N-1 el internal:    45474 conf   182182 CSFs
 N-2 el internal:    19383 conf   104468 CSFs

 Number of electrons in valence space:                      8
 Maximum number of open shell orbitals in reference space:  8
 Maximum number of open shell orbitals in internal spaces:  8


 Number of active  orbitals:       14 (   5   3   3   3 )
 Number of external orbitals:     432 ( 108 108 108 108 )

 Molecular orbitals read from record     2140.2  Type=MCSCF/NATURAL (state averaged)

 Coulomb and exchange operators available. No transformation done.

 Number of p-space configurations:   2

 Reference wavefunction optimized for reference space (refopt=1)

 State     Reference Energy 
   1          -6.18240801
   2          -5.83038764

 Number of blocks in overlap matrix:     8   Smallest eigenvalue:  0.11D-03
 Number of N-2 electron functions:     392
 Number of N-1 electron functions:  182182

 Number of internal configurations:                68649
 Number of singly external configurations:      19675656
 Number of doubly external configurations:       9150624
 Total number of contracted configurations:     28894929
 Total number of uncontracted configurations: 2455651905

 Diagonal Coupling coefficients finished.               Storage:51423087 words, CPU-Time:    115.04 seconds.
 Energy denominators for pairs finished in 1 passes.    Storage: 2072962 words, CPU-time:      0.74 seconds.

  ITER. STATE  ROOT     SQ.NORM     CORR.ENERGY   TOTAL ENERGY   ENERGY CHANGE       DEN1      VAR(S)    VAR(P)      TIME
    1     1     1     1.00000000     0.00000000    -6.18240801    -0.00000000    -0.07787877  0.18D-01  0.57D-02   166.83
    1     2     2     1.00000000     0.00000000    -5.83038764     0.00000000    -0.07484941  0.22D-01  0.57D-02   166.83
    2     1     1     1.03039287    -0.08746714    -6.26987515    -0.08746714    -0.00419274  0.44D-03  0.59D-03   428.08
    2     2     2     1.03481323    -0.08473781    -5.91512545    -0.08473781    -0.00453864  0.82D-03  0.60D-03   428.08
    3     1     1     1.03630807    -0.09280622    -6.27521423    -0.00533908    -0.00042878  0.71D-04  0.49D-04   689.86
    3     2     2     1.04223879    -0.09045888    -5.92084652    -0.00572107    -0.00065664  0.22D-03  0.69D-04   689.86
    4     1     1     1.03817161    -0.09331371    -6.27572172    -0.00050749    -0.00004846  0.88D-05  0.54D-05   949.59
    4     2     2     1.04619331    -0.09128308    -5.92167072    -0.00082420    -0.00015695  0.63D-04  0.14D-04   949.59
    5     1     1     1.03846615    -0.09337164    -6.27577965    -0.00005793    -0.00000659  0.12D-05  0.69D-06  1220.54
    5     2     2     1.04770971    -0.09152842    -5.92191606    -0.00024534    -0.00007380  0.36D-04  0.45D-05  1220.54
    6     1     1     1.03854620    -0.09337916    -6.27578717    -0.00000752    -0.00000104  0.21D-06  0.10D-06  1481.50
    6     2     2     1.04888751    -0.09164837    -5.92203600    -0.00011995    -0.00005112  0.24D-04  0.27D-05  1481.50
    7     1     1     1.03860176    -0.09338034    -6.27578835    -0.00000118    -0.00000019  0.40D-07  0.18D-07  1769.12
    7     2     2     1.05019718    -0.09172321    -5.92211085    -0.00007484    -0.00003514  0.17D-04  0.15D-05  1769.12
    8     1     1     1.03861938    -0.09338055    -6.27578856    -0.00000020    -0.00000004  0.74D-08  0.34D-08  2025.73
    8     2     2     1.05091797    -0.09177017    -5.92215781    -0.00004696    -0.00002373  0.14D-04  0.89D-06  2025.73
    9     1     1     1.03862386    -0.09338058    -6.27578860    -0.00000004    -0.00000001  0.16D-08  0.68D-09  2294.71
    9     2     2     1.05163368    -0.09180257    -5.92219021    -0.00003240    -0.00001751  0.87D-05  0.63D-06  2294.71
   10     1     1     1.03862390    -0.09338058    -6.27578860    -0.00000000    -0.00000001  0.16D-08  0.68D-09  2523.61
   10     2     2     1.05526112    -0.09186508    -5.92225272    -0.00006251    -0.00001704  0.45D-05  0.83D-06  2523.61
   11     1     1     1.03862390    -0.09338058    -6.27578860    -0.00000000    -0.00000001  0.16D-08  0.68D-09  2752.21
   11     2     2     1.05567557    -0.09187957    -5.92226720    -0.00001448    -0.00000188  0.69D-06  0.12D-06  2752.21
   12     1     1     1.03862389    -0.09338058    -6.27578860    -0.00000000    -0.00000001  0.16D-08  0.68D-09  2979.00
   12     2     2     1.05619855    -0.09188275    -5.92227038    -0.00000318    -0.00000096  0.29D-06  0.41D-07  2979.00
   13     1     1     1.03862391    -0.09338058    -6.27578860    -0.00000000    -0.00000001  0.16D-08  0.68D-09  3213.14
   13     2     2     1.05626806    -0.09188364    -5.92227128    -0.00000089    -0.00000026  0.15D-06  0.11D-07  3213.14
   14     1     1     1.03862396    -0.09338058    -6.27578860    -0.00000000    -0.00000001  0.15D-08  0.68D-09  3428.84
   14     2     2     1.05637395    -0.09188406    -5.92227170    -0.00000043    -0.00000021  0.10D-06  0.79D-08  3428.84
   15     1     1     1.03862401    -0.09338058    -6.27578860    -0.00000000    -0.00000001  0.15D-08  0.68D-09  3667.79
   15     2     2     1.05668407    -0.09188465    -5.92227229    -0.00000059    -0.00000023  0.65D-07  0.12D-07  3667.79
   16     1     1     1.03862402    -0.09338058    -6.27578860    -0.00000000    -0.00000001  0.15D-08  0.68D-09  3878.49
   16     2     2     1.05674367    -0.09188486    -5.92227250    -0.00000021    -0.00000004  0.15D-07  0.30D-08  3878.49
   17     1     1     1.03862411    -0.09338058    -6.27578860    -0.00000000    -0.00000001  0.15D-08  0.67D-09  4110.69
   17     2     2     1.05681619    -0.09188495    -5.92227258    -0.00000008    -0.00000003  0.84D-08  0.14D-08  4110.69


 =====================================
 Analysis of CPU times by interactions
 =====================================

       I      S      P

 I   0.7%
 S   1.5%   4.4%
 P   1.8%  22.8%  37.3%

 Initialization:   3.0%
 Other:           28.5%

 Total CPU:     4110.7 seconds
 =====================================



 Reference coefficients greater than 0.0500000
 =============================================
 20000200200200           0.9508641   0.0217829
 20000200200/\0          -0.0071554   0.9072761
 20000200/\0200           0.0089430  -0.1006786
 20000/\0200200           0.0089430  -0.1006757
 2/000/00\002\0           0.0267457  -0.0843468
 20000//0200\\0          -0.0335070   0.0790550
 20000200//0\\0          -0.0335070   0.0790547
 20000000200220          -0.0209024   0.0688468
 20000200000220          -0.0209024   0.0688467
 /00002/0\002\0           0.0062896   0.0580089
 /0/00200200\\0           0.0218676   0.0569042

 Coefficients of fixed reference functions:
 ==========================================

 State      Coefficients
   1         0.980567    0.002227
   2         0.002154    0.964621

 Coefficients of rotated reference functions:
 ============================================

 State      Coefficients
   1         0.980567    0.002190
   2         0.002190    0.964621



 RESULTS FOR STATE 1.1
 =====================

 Coefficient of reference function:   C(0) = 0.98056735 (fixed)   0.98122996 (relaxed)   0.98056744 (rotated)

 Energy contributions of configuration classes

 CLASS          SQ.NORM        ECORR1        ECORR2
 +++++++++++++++++++++++++++++++++++++++++++++++++++
 Internals    0.00135193    0.00000000   -0.00012138
 Singles      0.02611298   -0.04986051   -0.05028640
 Pairs        0.01256335   -0.04352008   -0.04297280
 Total        1.04002826   -0.09338059   -0.09338058
 +++++++++++++++++++++++++++++++++++++++++++++++++++


 Reference energy                      -6.18240801
 Nuclear energy                         7.03521075
 Kinetic energy                         3.98992366
 One electron energy                  -21.74823675
 Two electron energy                    8.43723740
 Virial quotient                       -1.57290944
 Correlation energy                    -0.09338058
 !MRCI STATE 1.1 Energy                -6.275788595517

 Properties without orbital relaxation:

 !MRCI STATE 1.1 Dipole moment          0.00000000     0.00000000     0.00000000
 Dipole moment /Debye                   0.00000000     0.00000000     0.00000000

 Cluster corrected energies            -6.27952646 (Davidson, fixed reference)
 Cluster corrected energies            -6.27939534 (Davidson, relaxed reference)
 Cluster corrected energies            -6.27952644 (Davidson, rotated reference)

 Cluster corrected energies            -6.27864835 (Pople, fixed reference)
 Cluster corrected energies            -6.27854612 (Pople, relaxed reference)
 Cluster corrected energies            -6.27864834 (Pople, rotated reference)


 Cluster corrections using rotated reference energy:

 Reference energy (rotated)            -6.18240801
 MRCI Correlation energy               -0.09338059

 Cluster corrected energies            -6.27939534 (Davidson, relaxed reference)
 Cluster corrected energies            -6.27952644 (Davidson, rotated reference)

 Cluster corrected energies            -6.27854612 (Pople, relaxed reference)
 Cluster corrected energies            -6.27864834 (Pople, rotated reference)




 RESULTS FOR STATE 2.1
 =====================

 Coefficient of reference function:   C(0) = 0.96462065 (fixed)   0.97274783 (relaxed)   0.96462057 (rotated)

 Energy contributions of configuration classes

 CLASS          SQ.NORM        ECORR1        ECORR2
 +++++++++++++++++++++++++++++++++++++++++++++++++++
 Internals    0.01692152    0.00000015   -0.00145000
 Singles      0.04484979   -0.05394378   -0.05403141
 Pairs        0.01292782   -0.03793769   -0.03640354
 Total        1.07469912   -0.09188131   -0.09188495
 +++++++++++++++++++++++++++++++++++++++++++++++++++


 Reference energy                      -5.83038764
 Nuclear energy                         7.03521075
 Kinetic energy                         3.94598287
 One electron energy                  -21.02951162
 Two electron energy                    8.07202828
 Virial quotient                       -1.50083586
 Correlation energy                    -0.09188495
 !MRCI STATE 2.1 Energy                -5.922272583880

 Properties without orbital relaxation:

 !MRCI STATE 2.1 Dipole moment          0.00000000     0.00000000     0.00000000
 Dipole moment /Debye                   0.00000000     0.00000000     0.00000000

 Cluster corrected energies            -5.92913631 (Davidson, fixed reference)
 Cluster corrected energies            -5.92749314 (Davidson, relaxed reference)
 Cluster corrected energies            -5.92913633 (Davidson, rotated reference)

 Cluster corrected energies            -5.92761408 (Pople, fixed reference)
 Cluster corrected energies            -5.92629990 (Pople, relaxed reference)
 Cluster corrected energies            -5.92761409 (Pople, rotated reference)


 Cluster corrections using rotated reference energy:

 Reference energy (rotated)            -5.83038764
 MRCI Correlation energy               -0.09188494

 Cluster corrected energies            -5.92749314 (Davidson, relaxed reference)
 Cluster corrected energies            -5.92913633 (Davidson, rotated reference)

 Cluster corrected energies            -5.92629990 (Pople, relaxed reference)
 Cluster corrected energies            -5.92761409 (Pople, rotated reference)



 **********************************************************************************************************************************
 DATASETS  * FILE   NREC   LENGTH (MB)   RECORD NAMES
              1      20       85.72       500      610      700      900      950      970     1000      129      960     1100   
                                          VAR    BASINP    GEOM    SYMINP    ZMAT    AOBASIS   BASIS     P2S    ABASIS      S 
                                         1400     1410     1420     1200     1210     1080     1600     1650     1700     1380   
                                           T        V       ECP      H0       H01     AOSYM     SMH    MOLCAS    OPER     JKOP   

              2       5        8.63       700     1000      520     2100     2140   
                                         GEOM     BASIS   MCVARS     RHF     MCSCF   

 PROGRAMS   *        TOTAL        CI     MULTI       POP       RHF       INT
 CPU TIMES  *      4321.97   4144.22     48.81      0.00      3.76    124.65
 REAL TIME  *     10104.12 SEC
 DISK USED  *        26.51 GB      
 SF USED    *         5.05 GB      
 GA USED    *         0.00 MB       (max)       0.00 MB       (current)
 **********************************************************************************************************************************
 SETTING CCSD(1)        =        -6.27578860  AU                              
 SETTING CCSD(2)        =        -5.92227258  AU                              
                                                                                                                                                                                                                                                                

       SCF           CCSD
    -6.08778441   -6.27578860
                                                  

 CI/USERDEF energy=     -5.922272583880

        CI              MULTI           RHF-SCF 
     -5.92227258     -5.83038764     -6.08778441
 **********************************************************************************************************************************
 Molpro calculation terminated
 Variable memory released
