#-------------------------------------------------
#DMC run: timestep 0.01
#-------------------------------------------------


init { 
   label ts_0.01
}
block { 
   label ts_0.01
   totweight 1740800
   nautocorr 0
   total_energy { -6.27600809334406   } 
   total_energyvar { 0.0306401465546018   } 
   weight { 1.001796123046284   } 
   weightvar { 0.003559130555409476   } 
   kinetic_energy { 3.974404875474129   } 
   kinetic_energyvar { 4.834197073682152   } 
   potential_energy { -10.88201157205615   } 
   potential_energyvar { 6.397326363577068   } 
   nonlocal_energy { 0.6315986032379584   } 
   nonlocal_energyvar { 2.466718193381787   } 
   autocorr_energy { } 
} 

block { 
   label ts_0.01
   totweight 1740800
   nautocorr 0
   total_energy { -6.27750540029447   } 
   total_energyvar { 0.03097837296578935   } 
   weight { 1.002775757166847   } 
   weightvar { 0.01509518032394051   } 
   kinetic_energy { 3.975385051297961   } 
   kinetic_energyvar { 4.91944560270735   } 
   potential_energy { -10.88232027797211   } 
   potential_energyvar { 6.291323565752771   } 
   nonlocal_energy { 0.6294298263796834   } 
   nonlocal_energyvar { 2.454068583090122   } 
   autocorr_energy { } 
} 

block { 
   label ts_0.01
   totweight 1740800
   nautocorr 0
   total_energy { -6.277492641399851   } 
   total_energyvar { 0.03169550077393419   } 
   weight { 1.001398558477843   } 
   weightvar { 0.02754946552886953   } 
   kinetic_energy { 3.989258701899162   } 
   kinetic_energyvar { 4.895348798743849   } 
   potential_energy { -10.88390989750869   } 
   potential_energyvar { 6.213968904263886   } 
   nonlocal_energy { 0.6171585542096779   } 
   nonlocal_energyvar { 2.364649532928667   } 
   autocorr_energy { } 
} 

block { 
   label ts_0.01
   totweight 1740800
   nautocorr 0
   total_energy { -6.277604284619387   } 
   total_energyvar { 0.02957982353326213   } 
   weight { 1.000802775042079   } 
   weightvar { 0.03863731183185445   } 
   kinetic_energy { 3.988227767783448   } 
   kinetic_energyvar { 4.898270945072647   } 
   potential_energy { -10.87777299348942   } 
   potential_energyvar { 6.352222562176993   } 
   nonlocal_energy { 0.6119409410865885   } 
   nonlocal_energyvar { 2.386244657099585   } 
   autocorr_energy { } 
} 

block { 
   label ts_0.01
   totweight 1740800
   nautocorr 0
   total_energy { -6.277196133094552   } 
   total_energyvar { 0.03026866658942843   } 
   weight { 1.000168447117669   } 
   weightvar { 0.0483235872529393   } 
   kinetic_energy { 3.983600381799075   } 
   kinetic_energyvar { 4.87545536048326   } 
   potential_energy { -10.87840568528811   } 
   potential_energyvar { 6.274766663990571   } 
   nonlocal_energy { 0.6176091703944817   } 
   nonlocal_energyvar { 2.353797363762297   } 
   autocorr_energy { } 
} 

block { 
   label ts_0.01
   totweight 1740800
   nautocorr 0
   total_energy { -6.277812809852661   } 
   total_energyvar { 0.0309082724057078   } 
   weight { 1.000171790374107   } 
   weightvar { 0.05697698138349576   } 
   kinetic_energy { 3.981172089678262   } 
   kinetic_energyvar { 4.880085491430722   } 
   potential_energy { -10.87416675534261   } 
   potential_energyvar { 6.282545011125835   } 
   nonlocal_energy { 0.6151818558116886   } 
   nonlocal_energyvar { 2.427209967407288   } 
   autocorr_energy { } 
} 

block { 
   label ts_0.01
   totweight 1740800
   nautocorr 0
   total_energy { -6.277776813533671   } 
   total_energyvar { 0.02972081140358196   } 
   weight { 1.000052040198179   } 
   weightvar { 0.06333089885394884   } 
   kinetic_energy { 3.984901301541901   } 
   kinetic_energyvar { 4.858363082854567   } 
   potential_energy { -10.87569052926236   } 
   potential_energyvar { 6.330104540340698   } 
   nonlocal_energy { 0.6130124141867843   } 
   nonlocal_energyvar { 2.359364332339298   } 
   autocorr_energy { } 
} 

block { 
   label ts_0.01
   totweight 1740800
   nautocorr 0
   total_energy { -6.275303265952144   } 
   total_energyvar { 0.03008496182632239   } 
   weight { 0.9990290332222292   } 
   weightvar { 0.06786948352896439   } 
   kinetic_energy { 3.993333638808756   } 
   kinetic_energyvar { 4.876914164543899   } 
   potential_energy { -10.88282685971462   } 
   potential_energyvar { 6.201440490479663   } 
   nonlocal_energy { 0.6141899549537181   } 
   nonlocal_energyvar { 2.316426636153808   } 
   autocorr_energy { } 
} 

block { 
   label ts_0.01
   totweight 1740800
   nautocorr 0
   total_energy { -6.276903704277382   } 
   total_energyvar { 0.03092485345316669   } 
   weight { 0.9986690977452755   } 
   weightvar { 0.07166442038076609   } 
   kinetic_energy { 3.98347344558878   } 
   kinetic_energyvar { 4.9016335712963   } 
   potential_energy { -10.8759880581562   } 
   potential_energyvar { 6.471712461832581   } 
   nonlocal_energy { 0.6156109082900365   } 
   nonlocal_energyvar { 2.508923416801072   } 
   autocorr_energy { } 
} 

block { 
   label ts_0.01
   totweight 1740800
   nautocorr 0
   total_energy { -6.276818497589036   } 
   total_energyvar { 0.02936763567672534   } 
   weight { 0.9991179062837534   } 
   weightvar { 0.07580141605064046   } 
   kinetic_energy { 3.979233478321697   } 
   kinetic_energyvar { 4.845913741309204   } 
   potential_energy { -10.87136630830045   } 
   potential_energyvar { 6.283163691197097   } 
   nonlocal_energy { 0.61531433238972   } 
   nonlocal_energyvar { 2.367164620491107   } 
   autocorr_energy { } 
} 

block { 
   label ts_0.01
   totweight 1740800
   nautocorr 0
   total_energy { -6.277707393798607   } 
   total_energyvar { 0.03032796306485248   } 
   weight { 0.9996918780763425   } 
   weightvar { 0.0791903561206298   } 
   kinetic_energy { 3.992609656769706   } 
   kinetic_energyvar { 4.855103671353816   } 
   potential_energy { -10.88242948544265   } 
   potential_energyvar { 6.247548465557968   } 
   nonlocal_energy { 0.6121124348743318   } 
   nonlocal_energyvar { 2.266823767636901   } 
   autocorr_energy { } 
} 

block { 
   label ts_0.01
   totweight 1740800
   nautocorr 0
   total_energy { -6.276377825245517   } 
   total_energyvar { 0.03069066676952442   } 
   weight { 0.9994908182900841   } 
   weightvar { 0.08175481510908594   } 
   kinetic_energy { 3.992889475799916   } 
   kinetic_energyvar { 4.87756307122361   } 
   potential_energy { -10.89124494656539   } 
   potential_energyvar { 6.292470778118578   } 
   nonlocal_energy { 0.6219776455199586   } 
   nonlocal_energyvar { 2.390343742011094   } 
   autocorr_energy { } 
} 

block { 
   label ts_0.01
   totweight 1740800
   nautocorr 0
   total_energy { -6.27777884216227   } 
   total_energyvar { 0.02984099916988813   } 
   weight { 0.9996983889338692   } 
   weightvar { 0.08365340648729451   } 
   kinetic_energy { 3.979401114531466   } 
   kinetic_energyvar { 4.895628858456579   } 
   potential_energy { -10.87512382561923   } 
   potential_energyvar { 6.256306607824477   } 
   nonlocal_energy { 0.6179438689254898   } 
   nonlocal_energyvar { 2.344141997956116   } 
   autocorr_energy { } 
} 

block { 
   label ts_0.01
   totweight 1740800
   nautocorr 0
   total_energy { -6.27776566170987   } 
   total_energyvar { 0.03030826710549067   } 
   weight { 1.00001890834944   } 
   weightvar { 0.08468225650929584   } 
   kinetic_energy { 3.99413421313107   } 
   kinetic_energyvar { 4.904082771253981   } 
   potential_energy { -10.89120527608165   } 
   potential_energyvar { 6.38975857615782   } 
   nonlocal_energy { 0.6193054012407111   } 
   nonlocal_energyvar { 2.370858128548055   } 
   autocorr_energy { } 
} 

block { 
   label ts_0.01
   totweight 1740800
   nautocorr 0
   total_energy { -6.278877271169809   } 
   total_energyvar { 0.03127108167740431   } 
   weight { 1.000799289763023   } 
   weightvar { 0.08525453471418698   } 
   kinetic_energy { 3.967463512013911   } 
   kinetic_energyvar { 4.909824746773198   } 
   potential_energy { -10.86926934922076   } 
   potential_energyvar { 6.352324748416417   } 
   nonlocal_energy { 0.6229285660370374   } 
   nonlocal_energyvar { 2.450653105570315   } 
   autocorr_energy { } 
} 

block { 
   label ts_0.01
   totweight 1740800
   nautocorr 0
   total_energy { -6.277555286916737   } 
   total_energyvar { 0.03491796117926404   } 
   weight { 1.000567014906287   } 
   weightvar { 0.08652102011196811   } 
   kinetic_energy { 3.970218408981145   } 
   kinetic_energyvar { 5.051236879680032   } 
   potential_energy { -10.86019539100463   } 
   potential_energyvar { 6.284420266565319   } 
   nonlocal_energy { 0.6124216951067433   } 
   nonlocal_energyvar { 2.54869973831325   } 
   autocorr_energy { } 
} 

block { 
   label ts_0.01
   totweight 1740800
   nautocorr 0
   total_energy { -6.27745237019908   } 
   total_energyvar { 0.03157958857758731   } 
   weight { 0.9999840704430774   } 
   weightvar { 0.08764585125428904   } 
   kinetic_energy { 3.961772758236622   } 
   kinetic_energyvar { 4.873001268284773   } 
   potential_energy { -10.86088629109758   } 
   potential_energyvar { 6.347882383351813   } 
   nonlocal_energy { 0.6216611626618862   } 
   nonlocal_energyvar { 2.48071820818428   } 
   autocorr_energy { } 
} 

block { 
   label ts_0.01
   totweight 1740800
   nautocorr 0
   total_energy { -6.276977977630512   } 
   total_energyvar { 0.0302659025542169   } 
   weight { 0.9998300696447241   } 
   weightvar { 0.08890440239757837   } 
   kinetic_energy { 3.983494371563148   } 
   kinetic_energyvar { 4.884887312746936   } 
   potential_energy { -10.87471999323344   } 
   potential_energyvar { 6.245679834540568   } 
   nonlocal_energy { 0.6142476440397834   } 
   nonlocal_energyvar { 2.377749890008493   } 
   autocorr_energy { } 
} 

block { 
   label ts_0.01
   totweight 1740800
   nautocorr 0
   total_energy { -6.277065807008993   } 
   total_energyvar { 0.03151655082970353   } 
   weight { 0.9992634996064017   } 
   weightvar { 0.08907767352860096   } 
   kinetic_energy { 3.980030836596293   } 
   kinetic_energyvar { 4.891778207055697   } 
   potential_energy { -10.8865839562525   } 
   potential_energyvar { 6.328063326029126   } 
   nonlocal_energy { 0.6294873126472156   } 
   nonlocal_energyvar { 2.502884762386732   } 
   autocorr_energy { } 
} 

block { 
   label ts_0.01
   totweight 1740800
   nautocorr 0
   total_energy { -6.277920679396789   } 
   total_energyvar { 0.02997023917157573   } 
   weight { 0.9997853473082424   } 
   weightvar { 0.08983291413229932   } 
   kinetic_energy { 3.978926302948645   } 
   kinetic_energyvar { 4.85217796289606   } 
   potential_energy { -10.88368827358872   } 
   potential_energyvar { 6.215947304442735   } 
   nonlocal_energy { 0.6268412912432877   } 
   nonlocal_energyvar { 2.349583466547227   } 
   autocorr_energy { } 
} 

block { 
   label ts_0.01
   totweight 1740800
   nautocorr 0
   total_energy { -6.277086715112851   } 
   total_energyvar { 0.02925318288245569   } 
   weight { 0.999778293530467   } 
   weightvar { 0.0907755960528933   } 
   kinetic_energy { 4.003128066508649   } 
   kinetic_energyvar { 4.806131455525781   } 
   potential_energy { -10.88905484816219   } 
   potential_energyvar { 6.208601576464279   } 
   nonlocal_energy { 0.608840066540693   } 
   nonlocal_energyvar { 2.275726935446052   } 
   autocorr_energy { } 
} 

block { 
   label ts_0.01
   totweight 1740800
   nautocorr 0
   total_energy { -6.278335928067955   } 
   total_energyvar { 0.03149055517892842   } 
   weight { 0.9999898606199038   } 
   weightvar { 0.09110988089123347   } 
   kinetic_energy { 3.98240024162601   } 
   kinetic_energyvar { 4.843919448534733   } 
   potential_energy { -10.8796909822267   } 
   potential_energyvar { 6.108231473580743   } 
   nonlocal_energy { 0.6189548125327309   } 
   nonlocal_energyvar { 2.325637689085254   } 
   autocorr_energy { } 
} 

block { 
   label ts_0.01
   totweight 1740800
   nautocorr 0
   total_energy { -6.278292418664717   } 
   total_energyvar { 0.029069123444146   } 
   weight { 1.000557868928988   } 
   weightvar { 0.0915147036565581   } 
   kinetic_energy { 3.987847490060893   } 
   kinetic_energyvar { 4.863678723812153   } 
   potential_energy { -10.88894107813438   } 
   potential_energyvar { 6.259314158692593   } 
   nonlocal_energy { 0.6228011694087674   } 
   nonlocal_energyvar { 2.335896616524203   } 
   autocorr_energy { } 
} 

block { 
   label ts_0.01
   totweight 1740800
   nautocorr 0
   total_energy { -6.277787308498395   } 
   total_energyvar { 0.02983619125557391   } 
   weight { 1.000265381524929   } 
   weightvar { 0.09173038485475744   } 
   kinetic_energy { 3.982038833362787   } 
   kinetic_energyvar { 4.831615326912243   } 
   potential_energy { -10.87765165957355   } 
   potential_energyvar { 6.346113379573131   } 
   nonlocal_energy { 0.6178255177123705   } 
   nonlocal_energyvar { 2.390317482340448   } 
   autocorr_energy { } 
} 

block { 
   label ts_0.01
   totweight 1740800
   nautocorr 0
   total_energy { -6.277176227394878   } 
   total_energyvar { 0.03028017383726427   } 
   weight { 0.9999850337907773   } 
   weightvar { 0.09209738618488225   } 
   kinetic_energy { 3.9703262158595   } 
   kinetic_energyvar { 4.83359685302996   } 
   potential_energy { -10.86888160599228   } 
   potential_energyvar { 6.16976708809264   } 
   nonlocal_energy { 0.6213791627379024   } 
   nonlocal_energyvar { 2.371866271859459   } 
   autocorr_energy { } 
} 

block { 
   label ts_0.01
   totweight 1740800
   nautocorr 0
   total_energy { -6.277495356423242   } 
   total_energyvar { 0.03003575411712232   } 
   weight { 0.9997516856331958   } 
   weightvar { 0.09087199368676223   } 
   kinetic_energy { 3.979988690256752   } 
   kinetic_energyvar { 4.81948648411465   } 
   potential_energy { -10.87651118433241   } 
   potential_energyvar { 6.402510740579766   } 
   nonlocal_energy { 0.6190271376524202   } 
   nonlocal_energyvar { 2.467543150030273   } 
   autocorr_energy { } 
} 

block { 
   label ts_0.01
   totweight 1740800
   nautocorr 0
   total_energy { -6.277605862608918   } 
   total_energyvar { 0.03020631967792642   } 
   weight { 0.9998442762663886   } 
   weightvar { 0.09051210068062487   } 
   kinetic_energy { 3.97849023834624   } 
   kinetic_energyvar { 4.921467259101184   } 
   potential_energy { -10.88216437601157   } 
   potential_energyvar { 6.385665655281969   } 
   nonlocal_energy { 0.6260682750564156   } 
   nonlocal_energyvar { 2.490833727648962   } 
   autocorr_energy { } 
} 

block { 
   label ts_0.01
   totweight 1740800
   nautocorr 0
   total_energy { -6.278299732847146   } 
   total_energyvar { 0.03183294559122624   } 
   weight { 1.00012582859659   } 
   weightvar { 0.09094005588263808   } 
   kinetic_energy { 3.975977116003502   } 
   kinetic_energyvar { 4.911040641700116   } 
   potential_energy { -10.88175150233821   } 
   potential_energyvar { 6.505455219336396   } 
   nonlocal_energy { 0.6274746534875677   } 
   nonlocal_energyvar { 2.664195813850994   } 
   autocorr_energy { } 
} 

block { 
   label ts_0.01
   totweight 1740800
   nautocorr 0
   total_energy { -6.27772935467848   } 
   total_energyvar { 0.03262119992327853   } 
   weight { 1.000170341228982   } 
   weightvar { 0.0899725887899706   } 
   kinetic_energy { 3.973094415931351   } 
   kinetic_energyvar { 4.916662229961052   } 
   potential_energy { -10.8766380825327   } 
   potential_energyvar { 6.274821487716721   } 
   nonlocal_energy { 0.6258143119228694   } 
   nonlocal_energyvar { 2.429338007493555   } 
   autocorr_energy { } 
} 

block { 
   label ts_0.01
   totweight 1740800
   nautocorr 0
   total_energy { -6.277026205191842   } 
   total_energyvar { 0.03163403968303732   } 
   weight { 0.9996106148574928   } 
   weightvar { 0.08838909325473315   } 
   kinetic_energy { 3.980537151521635   } 
   kinetic_energyvar { 4.948315871377894   } 
   potential_energy { -10.88369922348419   } 
   potential_energyvar { 6.36099653948021   } 
   nonlocal_energy { 0.6261358667707102   } 
   nonlocal_energyvar { 2.488909881400209   } 
   autocorr_energy { } 
} 

block { 
   label ts_0.01
   totweight 1740800
   nautocorr 0
   total_energy { -6.276961496746025   } 
   total_energyvar { 0.0297603359379796   } 
   weight { 0.9993087328109738   } 
   weightvar { 0.08805064219165205   } 
   kinetic_energy { 4.012921611481281   } 
   kinetic_energyvar { 4.941769771912084   } 
   potential_energy { -10.89970127899778   } 
   potential_energyvar { 6.519668780524507   } 
   nonlocal_energy { 0.6098181707704743   } 
   nonlocal_energyvar { 2.456515961088598   } 
   autocorr_energy { } 
} 

block { 
   label ts_0.01
   totweight 1740800
   nautocorr 0
   total_energy { -6.277927407629409   } 
   total_energyvar { 0.030461442546618   } 
   weight { 0.9997193120147752   } 
   weightvar { 0.08877466986108427   } 
   kinetic_energy { 3.989004286981628   } 
   kinetic_energyvar { 4.883057311206048   } 
   potential_energy { -10.87859531045499   } 
   potential_energyvar { 6.398489592755318   } 
   nonlocal_energy { 0.6116636158439548   } 
   nonlocal_energyvar { 2.431456814554513   } 
   autocorr_energy { } 
} 

block { 
   label ts_0.01
   totweight 1740800
   nautocorr 0
   total_energy { -6.277938273741086   } 
   total_energyvar { 0.02999164555680203   } 
   weight { 0.999973702213351   } 
   weightvar { 0.08893835399237238   } 
   kinetic_energy { 3.980153540688369   } 
   kinetic_energyvar { 4.837444526573321   } 
   potential_energy { -10.86929076037985   } 
   potential_energyvar { 6.2464817924971   } 
   nonlocal_energy { 0.6111989459503969   } 
   nonlocal_energyvar { 2.333462269753284   } 
   autocorr_energy { } 
} 

block { 
   label ts_0.01
   totweight 1740800
   nautocorr 0
   total_energy { -6.27729166287954   } 
   total_energyvar { 0.03042143063422451   } 
   weight { 0.9999371516937799   } 
   weightvar { 0.08916963107442491   } 
   kinetic_energy { 3.987905948644284   } 
   kinetic_energyvar { 4.807406625368236   } 
   potential_energy { -10.88921122996283   } 
   potential_energyvar { 6.46425673306113   } 
   nonlocal_energy { 0.6240136184390006   } 
   nonlocal_energyvar { 2.62631218800359   } 
   autocorr_energy { } 
} 

block { 
   label ts_0.01
   totweight 1740800
   nautocorr 0
   total_energy { -6.27765196638214   } 
   total_energyvar { 0.03129988690068999   } 
   weight { 0.9997185544711438   } 
   weightvar { 0.08986092597835674   } 
   kinetic_energy { 3.988440835774357   } 
   kinetic_energyvar { 4.920297975140992   } 
   potential_energy { -10.89080385811907   } 
   potential_energyvar { 6.458875324903232   } 
   nonlocal_energy { 0.6247110559625715   } 
   nonlocal_energyvar { 2.577113866177837   } 
   autocorr_energy { } 
} 

block { 
   label ts_0.01
   totweight 1740800
   nautocorr 0
   total_energy { -6.277858209634046   } 
   total_energyvar { 0.03237288580765369   } 
   weight { 0.9997631556914693   } 
   weightvar { 0.09057191074795144   } 
   kinetic_energy { 3.971301439651816   } 
   kinetic_energyvar { 4.966339645381396   } 
   potential_energy { -10.86669848220784   } 
   potential_energyvar { 6.363976983268961   } 
   nonlocal_energy { 0.6175388329219762   } 
   nonlocal_energyvar { 2.433515243704116   } 
   autocorr_energy { } 
} 

block { 
   label ts_0.01
   totweight 1740800
   nautocorr 0
   total_energy { -6.278148878746136   } 
   total_energyvar { 0.03069446855102299   } 
   weight { 1.000286288907619   } 
   weightvar { 0.09110661171491417   } 
   kinetic_energy { 3.966373284201675   } 
   kinetic_energyvar { 4.85352531372133   } 
   potential_energy { -10.86056384560179   } 
   potential_energyvar { 6.267610619066292   } 
   nonlocal_energy { 0.6160416826539756   } 
   nonlocal_energyvar { 2.400514037152462   } 
   autocorr_energy { } 
} 

block { 
   label ts_0.01
   totweight 1740800
   nautocorr 0
   total_energy { -6.276946296148742   } 
   total_energyvar { 0.03071996949424859   } 
   weight { 0.999737925168543   } 
   weightvar { 0.09106132952276741   } 
   kinetic_energy { 3.973117076180351   } 
   kinetic_energyvar { 4.859878435297581   } 
   potential_energy { -10.87522462535021   } 
   potential_energyvar { 6.348859191043021   } 
   nonlocal_energy { 0.6251612530211166   } 
   nonlocal_energyvar { 2.474289278952738   } 
   autocorr_energy { } 
} 

block { 
   label ts_0.01
   totweight 1740800
   nautocorr 0
   total_energy { -6.278514680186674   } 
   total_energyvar { 0.02996238574225631   } 
   weight { 1.000040721355147   } 
   weightvar { 0.09038781158961563   } 
   kinetic_energy { 3.975261666374484   } 
   kinetic_energyvar { 4.824619955876873   } 
   potential_energy { -10.87801118742646   } 
   potential_energyvar { 6.315859562390139   } 
   nonlocal_energy { 0.6242348408653017   } 
   nonlocal_energyvar { 2.36380412550178   } 
   autocorr_energy { } 
} 

block { 
   label ts_0.01
   totweight 1740800
   nautocorr 0
   total_energy { -6.27715184827445   } 
   total_energyvar { 0.03136246594392943   } 
   weight { 0.9999687829840983   } 
   weightvar { 0.09085682645781286   } 
   kinetic_energy { 3.978803915139431   } 
   kinetic_energyvar { 4.890068521675574   } 
   potential_energy { -10.88682308548458   } 
   potential_energyvar { 6.361318700929779   } 
   nonlocal_energy { 0.6308673220706992   } 
   nonlocal_energyvar { 2.523738083734247   } 
   autocorr_energy { } 
} 

#-------------------------------------------------
#DMC run: timestep 0.005
#-------------------------------------------------


init { 
   label ts_0.005
}
block { 
   label ts_0.005
   totweight 3481600
   nautocorr 0
   total_energy { -6.277200380057582   } 
   total_energyvar { 0.03136112703886843   } 
   weight { 0.999549942172764   } 
   weightvar { 0.09059037238664941   } 
   kinetic_energy { 3.974197213926415   } 
   kinetic_energyvar { 4.910114179938616   } 
   potential_energy { -10.87250957246079   } 
   potential_energyvar { 6.318111036402541   } 
   nonlocal_energy { 0.6211119784767973   } 
   nonlocal_energyvar { 2.4898650510842   } 
   autocorr_energy { } 
} 

block { 
   label ts_0.005
   totweight 3481600
   nautocorr 0
   total_energy { -6.277897420447115   } 
   total_energyvar { 0.03071960508837385   } 
   weight { 0.9998226677071168   } 
   weightvar { 0.09074712751807468   } 
   kinetic_energy { 3.964969129383622   } 
   kinetic_energyvar { 4.865359751338908   } 
   potential_energy { -10.86983825231497   } 
   potential_energyvar { 6.234024432507303   } 
   nonlocal_energy { 0.6269717024842323   } 
   nonlocal_energyvar { 2.368684874385677   } 
   autocorr_energy { } 
} 

block { 
   label ts_0.005
   totweight 3481600
   nautocorr 0
   total_energy { -6.276876350024491   } 
   total_energyvar { 0.03107924042137691   } 
   weight { 0.9996464212593563   } 
   weightvar { 0.09240780402292277   } 
   kinetic_energy { 3.973105421881981   } 
   kinetic_energyvar { 4.835235614099512   } 
   potential_energy { -10.88239805619023   } 
   potential_energyvar { 6.218615986239848   } 
   nonlocal_energy { 0.6324162842837566   } 
   nonlocal_energyvar { 2.450306493749241   } 
   autocorr_energy { } 
} 

block { 
   label ts_0.005
   totweight 3481600
   nautocorr 0
   total_energy { -6.276423861402815   } 
   total_energyvar { 0.03097609309956569   } 
   weight { 0.9993885513721288   } 
   weightvar { 0.09254705031102883   } 
   kinetic_energy { 3.97799855809677   } 
   kinetic_energyvar { 4.884046349000326   } 
   potential_energy { -10.87979794829869   } 
   potential_energyvar { 6.389368491984521   } 
   nonlocal_energy { 0.6253755287991021   } 
   nonlocal_energyvar { 2.490892709931692   } 
   autocorr_energy { } 
} 

block { 
   label ts_0.005
   totweight 3481600
   nautocorr 0
   total_energy { -6.27757367024791   } 
   total_energyvar { 0.02987774397008152   } 
   weight { 0.9993983269788067   } 
   weightvar { 0.09234743652483011   } 
   kinetic_energy { 3.962612595812064   } 
   kinetic_energyvar { 4.836942124567569   } 
   potential_energy { -10.85692440744874   } 
   potential_energyvar { 6.329871462538837   } 
   nonlocal_energy { 0.6167381413887658   } 
   nonlocal_energyvar { 2.401121575753946   } 
   autocorr_energy { } 
} 

block { 
   label ts_0.005
   totweight 3481600
   nautocorr 0
   total_energy { -6.277668537792164   } 
   total_energyvar { 0.03013096654976324   } 
   weight { 1.00014931103683   } 
   weightvar { 0.09222438664472653   } 
   kinetic_energy { 3.97483189341187   } 
   kinetic_energyvar { 4.847568732703642   } 
   potential_energy { -10.86850496941812   } 
   potential_energyvar { 6.259958420164256   } 
   nonlocal_energy { 0.616004538214084   } 
   nonlocal_energyvar { 2.310212004434979   } 
   autocorr_energy { } 
} 

block { 
   label ts_0.005
   totweight 3481600
   nautocorr 0
   total_energy { -6.278009258388404   } 
   total_energyvar { 0.03152148944809725   } 
   weight { 1.000168557535234   } 
   weightvar { 0.09237207280922158   } 
   kinetic_energy { 3.982710005091873   } 
   kinetic_energyvar { 4.908542473003862   } 
   potential_energy { -10.88120570347183   } 
   potential_energyvar { 6.688845341088749   } 
   nonlocal_energy { 0.6204864399915494   } 
   nonlocal_energyvar { 2.766214386264796   } 
   autocorr_energy { } 
} 

block { 
   label ts_0.005
   totweight 3481600
   nautocorr 0
   total_energy { -6.278213149350345   } 
   total_energyvar { 0.03086653768578231   } 
   weight { 1.000312790339893   } 
   weightvar { 0.09175416037993969   } 
   kinetic_energy { 3.966676498032293   } 
   kinetic_energyvar { 4.907092239222462   } 
   potential_energy { -10.87127400183562   } 
   potential_energyvar { 6.515644247438954   } 
   nonlocal_energy { 0.6263843544529856   } 
   nonlocal_energyvar { 2.619759035986817   } 
   autocorr_energy { } 
} 

block { 
   label ts_0.005
   totweight 3481600
   nautocorr 0
   total_energy { -6.278033116872178   } 
   total_energyvar { 0.02956734432506508   } 
   weight { 1.000469680991073   } 
   weightvar { 0.09198566019478642   } 
   kinetic_energy { 3.964942116533277   } 
   kinetic_energyvar { 4.846922004124457   } 
   potential_energy { -10.85742657391137   } 
   potential_energyvar { 6.251627646305631   } 
   nonlocal_energy { 0.6144513405059169   } 
   nonlocal_energyvar { 2.344342365616028   } 
   autocorr_energy { } 
} 

block { 
   label ts_0.005
   totweight 3481600
   nautocorr 0
   total_energy { -6.277223916673458   } 
   total_energyvar { 0.03076013230631959   } 
   weight { 1.00003411646551   } 
   weightvar { 0.09237938370480388   } 
   kinetic_energy { 3.973260476512697   } 
   kinetic_energyvar { 4.847126274897796   } 
   potential_energy { -10.86912938631447   } 
   potential_energyvar { 6.469667200024603   } 
   nonlocal_energy { 0.6186449931283206   } 
   nonlocal_energyvar { 2.574836019344474   } 
   autocorr_energy { } 
} 

block { 
   label ts_0.005
   totweight 3481600
   nautocorr 0
   total_energy { -6.276735382361696   } 
   total_energyvar { 0.030449582311378   } 
   weight { 0.9995813390428229   } 
   weightvar { 0.09320485998035395   } 
   kinetic_energy { 3.964556405630186   } 
   kinetic_energyvar { 4.838086027846943   } 
   potential_energy { -10.87148704694386   } 
   potential_energyvar { 6.358152377965555   } 
   nonlocal_energy { 0.6301952589519777   } 
   nonlocal_energyvar { 2.491212673243407   } 
   autocorr_energy { } 
} 

block { 
   label ts_0.005
   totweight 3481600
   nautocorr 0
   total_energy { -6.277668680241661   } 
   total_energyvar { 0.03108324065977281   } 
   weight { 0.9994433928825174   } 
   weightvar { 0.09329544239085953   } 
   kinetic_energy { 3.979792374063989   } 
   kinetic_energyvar { 4.84661975559137   } 
   potential_energy { -10.87932082995569   } 
   potential_energyvar { 6.223141890668266   } 
   nonlocal_energy { 0.6218597756500384   } 
   nonlocal_energyvar { 2.321679088318906   } 
   autocorr_energy { } 
} 

block { 
   label ts_0.005
   totweight 3481600
   nautocorr 0
   total_energy { -6.277501182785209   } 
   total_energyvar { 0.03074566053193741   } 
   weight { 0.999772304656353   } 
   weightvar { 0.09316169526358939   } 
   kinetic_energy { 3.992630372460518   } 
   kinetic_energyvar { 4.894252786878278   } 
   potential_energy { -10.88701759465373   } 
   potential_energyvar { 6.372231889459802   } 
   nonlocal_energy { 0.6168860394079992   } 
   nonlocal_energyvar { 2.468920741961325   } 
   autocorr_energy { } 
} 

block { 
   label ts_0.005
   totweight 3481600
   nautocorr 0
   total_energy { -6.277191501678478   } 
   total_energyvar { 0.03165424089977271   } 
   weight { 0.9996069949694701   } 
   weightvar { 0.09242835964908398   } 
   kinetic_energy { 3.980625623191352   } 
   kinetic_energyvar { 4.882349984983609   } 
   potential_energy { -10.87829277157851   } 
   potential_energyvar { 6.328145495942465   } 
   nonlocal_energy { 0.6204756467086776   } 
   nonlocal_energyvar { 2.41813255534544   } 
   autocorr_energy { } 
} 

block { 
   label ts_0.005
   totweight 3481600
   nautocorr 0
   total_energy { -6.27701443532418   } 
   total_energyvar { 0.03076337299366476   } 
   weight { 0.999652215353968   } 
   weightvar { 0.0928564006238235   } 
   kinetic_energy { 3.972766175528717   } 
   kinetic_energyvar { 4.890812513515044   } 
   potential_energy { -10.86973423061508   } 
   potential_energyvar { 6.383685244710195   } 
   nonlocal_energy { 0.6199536197621841   } 
   nonlocal_energyvar { 2.437695457005169   } 
   autocorr_energy { } 
} 

block { 
   label ts_0.005
   totweight 3481600
   nautocorr 0
   total_energy { -6.277520071974208   } 
   total_energyvar { 0.03016914366071882   } 
   weight { 0.9993343200560632   } 
   weightvar { 0.09249869655531871   } 
   kinetic_energy { 3.99120482661759   } 
   kinetic_energyvar { 4.881197720114754   } 
   potential_energy { -10.88391300597733   } 
   potential_energyvar { 6.375303145717509   } 
   nonlocal_energy { 0.6151881073855331   } 
   nonlocal_energyvar { 2.433366880080374   } 
   autocorr_energy { } 
} 

block { 
   label ts_0.005
   totweight 3481600
   nautocorr 0
   total_energy { -6.277041417627409   } 
   total_energyvar { 0.03226289003962362   } 
   weight { 0.9996795379842276   } 
   weightvar { 0.09213397769096243   } 
   kinetic_energy { 3.975441504965812   } 
   kinetic_energyvar { 5.06200531565718   } 
   potential_energy { -10.87386199617994   } 
   potential_energyvar { 6.365208667483949   } 
   nonlocal_energy { 0.6213790735867193   } 
   nonlocal_energyvar { 2.661596474103828   } 
   autocorr_energy { } 
} 

block { 
   label ts_0.005
   totweight 3481600
   nautocorr 0
   total_energy { -6.278106320588052   } 
   total_energyvar { 0.03157298226170491   } 
   weight { 0.9998218628528417   } 
   weightvar { 0.09123785294824387   } 
   kinetic_energy { 3.984971251175086   } 
   kinetic_energyvar { 4.983555191189351   } 
   potential_energy { -10.88291136283004   } 
   potential_energyvar { 6.347177031867632   } 
   nonlocal_energy { 0.6198337910668993   } 
   nonlocal_energyvar { 2.418204487895899   } 
   autocorr_energy { } 
} 

block { 
   label ts_0.005
   totweight 3481600
   nautocorr 0
   total_energy { -6.276855619900697   } 
   total_energyvar { 0.02948619403013097   } 
   weight { 0.9996458205485805   } 
   weightvar { 0.0914882478339899   } 
   kinetic_energy { 3.972607958619134   } 
   kinetic_energyvar { 4.857929666415226   } 
   potential_energy { -10.86580411731939   } 
   potential_energyvar { 6.355247181184621   } 
   nonlocal_energy { 0.6163405387995584   } 
   nonlocal_energyvar { 2.393284849512074   } 
   autocorr_energy { } 
} 

block { 
   label ts_0.005
   totweight 3481600
   nautocorr 0
   total_energy { -6.277490211713646   } 
   total_energyvar { 0.03092234591713494   } 
   weight { 0.9997547547759875   } 
   weightvar { 0.09187031602201602   } 
   kinetic_energy { 3.971506360084423   } 
   kinetic_energyvar { 4.90324871109646   } 
   potential_energy { -10.87043629934544   } 
   potential_energyvar { 6.394751606016364   } 
   nonlocal_energy { 0.6214397275473696   } 
   nonlocal_energyvar { 2.513491097834242   } 
   autocorr_energy { } 
} 

block { 
   label ts_0.005
   totweight 3481600
   nautocorr 0
   total_energy { -6.278454238188718   } 
   total_energyvar { 0.03063885680163951   } 
   weight { 1.000035470471709   } 
   weightvar { 0.09167406253955479   } 
   kinetic_energy { 3.989709279576912   } 
   kinetic_energyvar { 4.960813956145468   } 
   potential_energy { -10.88615609728904   } 
   potential_energyvar { 6.401538384150942   } 
   nonlocal_energy { 0.6179925795234092   } 
   nonlocal_energyvar { 2.528639718802962   } 
   autocorr_energy { } 
} 

block { 
   label ts_0.005
   totweight 3481600
   nautocorr 0
   total_energy { -6.278458008458442   } 
   total_energyvar { 0.03314178603734626   } 
   weight { 1.000454868418026   } 
   weightvar { 0.09200463283910895   } 
   kinetic_energy { 3.97550873012143   } 
   kinetic_energyvar { 4.883915817622995   } 
   potential_energy { -10.87676978798189   } 
   potential_energyvar { 6.335272497864967   } 
   nonlocal_energy { 0.6228030494020207   } 
   nonlocal_energyvar { 2.443790848593407   } 
   autocorr_energy { } 
} 

block { 
   label ts_0.005
   totweight 3481600
   nautocorr 0
   total_energy { -6.278005871782666   } 
   total_energyvar { 0.02999703802798259   } 
   weight { 1.000483193244553   } 
   weightvar { 0.09225146614625331   } 
   kinetic_energy { 3.966986411534873   } 
   kinetic_energyvar { 4.832014242097514   } 
   potential_energy { -10.86305999169045   } 
   potential_energyvar { 6.382459156873505   } 
   nonlocal_energy { 0.6180677083729111   } 
   nonlocal_energyvar { 2.51132345294659   } 
   autocorr_energy { } 
} 

block { 
   label ts_0.005
   totweight 3481600
   nautocorr 0
   total_energy { -6.278612681864612   } 
   total_energyvar { 0.03014509939153838   } 
   weight { 1.000686030363231   } 
   weightvar { 0.09170064363903908   } 
   kinetic_energy { 3.969622155926489   } 
   kinetic_energyvar { 4.829519937763837   } 
   potential_energy { -10.86225706303958   } 
   potential_energyvar { 6.256591359481646   } 
   nonlocal_energy { 0.6140222252484843   } 
   nonlocal_energyvar { 2.325015373071114   } 
   autocorr_energy { } 
} 

block { 
   label ts_0.005
   totweight 3481600
   nautocorr 0
   total_energy { -6.277374755397543   } 
   total_energyvar { 0.03070898531735675   } 
   weight { 1.000446542489455   } 
   weightvar { 0.09071228547947166   } 
   kinetic_energy { 3.965363397926882   } 
   kinetic_energyvar { 4.91499606411487   } 
   potential_energy { -10.86448801948262   } 
   potential_energyvar { 6.327016080833992   } 
   nonlocal_energy { 0.6217498661581963   } 
   nonlocal_energyvar { 2.444137905025585   } 
   autocorr_energy { } 
} 

block { 
   label ts_0.005
   totweight 3481600
   nautocorr 0
   total_energy { -6.276894610650382   } 
   total_energyvar { 0.03150730807357747   } 
   weight { 0.9996507678194311   } 
   weightvar { 0.09037003981339542   } 
   kinetic_energy { 3.972866541891143   } 
   kinetic_energyvar { 4.944161182604455   } 
   potential_energy { -10.87059768658853   } 
   potential_energyvar { 6.442614223910021   } 
   nonlocal_energy { 0.6208365340470023   } 
   nonlocal_energyvar { 2.495424239704988   } 
   autocorr_energy { } 
} 

block { 
   label ts_0.005
   totweight 3481600
   nautocorr 0
   total_energy { -6.27709550577863   } 
   total_energyvar { 0.03096695825704504   } 
   weight { 0.9992574235421785   } 
   weightvar { 0.09106843604636949   } 
   kinetic_energy { 3.979930640785932   } 
   kinetic_energyvar { 4.862220047320371   } 
   potential_energy { -10.87970455002162   } 
   potential_energyvar { 6.439660870814381   } 
   nonlocal_energy { 0.6226784034570649   } 
   nonlocal_energyvar { 2.504101587907049   } 
   autocorr_energy { } 
} 

block { 
   label ts_0.005
   totweight 3481600
   nautocorr 0
   total_energy { -6.278417595616007   } 
   total_energyvar { 0.03122220731122785   } 
   weight { 0.999849831115894   } 
   weightvar { 0.0915291050342002   } 
   kinetic_energy { 4.012550424140832   } 
   kinetic_energyvar { 4.891600992239748   } 
   potential_energy { -10.91705355911513   } 
   potential_energyvar { 6.385381211231233   } 
   nonlocal_energy { 0.6260855393582918   } 
   nonlocal_energyvar { 2.458354626144393   } 
   autocorr_energy { } 
} 

block { 
   label ts_0.005
   totweight 3481600
   nautocorr 0
   total_energy { -6.278020829483941   } 
   total_energyvar { 0.03136457520770421   } 
   weight { 1.000155038743779   } 
   weightvar { 0.09195262137730728   } 
   kinetic_energy { 3.979129423735948   } 
   kinetic_energyvar { 4.862956388118832   } 
   potential_energy { -10.87624238959119   } 
   potential_energyvar { 6.256923291019323   } 
   nonlocal_energy { 0.6190921363713062   } 
   nonlocal_energyvar { 2.378168573160574   } 
   autocorr_energy { } 
} 

block { 
   label ts_0.005
   totweight 3481600
   nautocorr 0
   total_energy { -6.278361002235553   } 
   total_energyvar { 0.0317153317851338   } 
   weight { 1.000234047531388   } 
   weightvar { 0.09197352580092809   } 
   kinetic_energy { 3.989671651741328   } 
   kinetic_energyvar { 4.918378824141505   } 
   potential_energy { -10.8932105743815   } 
   potential_energyvar { 6.37076520476788   } 
   nonlocal_energy { 0.6251779204046191   } 
   nonlocal_energyvar { 2.495552188029319   } 
   autocorr_energy { } 
} 

block { 
   label ts_0.005
   totweight 3481600
   nautocorr 0
   total_energy { -6.277377374774827   } 
   total_energyvar { 0.0300482701779857   } 
   weight { 1.000243855185277   } 
   weightvar { 0.09130315591237484   } 
   kinetic_energy { 3.983700453156597   } 
   kinetic_energyvar { 4.918529271958207   } 
   potential_energy { -10.88457713745226   } 
   potential_energyvar { 6.308986133899348   } 
   nonlocal_energy { 0.6234993095208394   } 
   nonlocal_energyvar { 2.378611261420376   } 
   autocorr_energy { } 
} 

block { 
   label ts_0.005
   totweight 3481600
   nautocorr 0
   total_energy { -6.27726549440102   } 
   total_energyvar { 0.0332999240567354   } 
   weight { 0.9998154884873797   } 
   weightvar { 0.09200947348289516   } 
   kinetic_energy { 3.986018190835288   } 
   kinetic_energyvar { 4.90746591438701   } 
   potential_energy { -10.88928574956313   } 
   potential_energyvar { 6.382779639005847   } 
   nonlocal_energy { 0.6260020643268209   } 
   nonlocal_energyvar { 2.531062297901782   } 
   autocorr_energy { } 
} 

block { 
   label ts_0.005
   totweight 3481600
   nautocorr 0
   total_energy { -6.277925467370705   } 
   total_energyvar { 0.03010786871228004   } 
   weight { 0.9999556174041281   } 
   weightvar { 0.09130274533623045   } 
   kinetic_energy { 3.976269025009987   } 
   kinetic_energyvar { 4.858294506143878   } 
   potential_energy { -10.87451868937939   } 
   potential_energyvar { 6.356459149641879   } 
   nonlocal_energy { 0.6203241969986933   } 
   nonlocal_energyvar { 2.418481756925236   } 
   autocorr_energy { } 
} 

block { 
   label ts_0.005
   totweight 3481600
   nautocorr 0
   total_energy { -6.277916513843405   } 
   total_energyvar { 0.03132927074386798   } 
   weight { 0.9998399799819315   } 
   weightvar { 0.0913005308034595   } 
   kinetic_energy { 3.987844785698643   } 
   kinetic_energyvar { 4.881649019835425   } 
   potential_energy { -10.88889725624706   } 
   potential_energyvar { 6.358551921247575   } 
   nonlocal_energy { 0.623135956705017   } 
   nonlocal_energyvar { 2.46681657596841   } 
   autocorr_energy { } 
} 

block { 
   label ts_0.005
   totweight 3481600
   nautocorr 0
   total_energy { -6.276962646786758   } 
   total_energyvar { 0.02932052999848685   } 
   weight { 0.9997869770414627   } 
   weightvar { 0.0912367879575303   } 
   kinetic_energy { 3.988115249937151   } 
   kinetic_energyvar { 4.852973372647411   } 
   potential_energy { -10.88645767116286   } 
   potential_energyvar { 6.316248615533123   } 
   nonlocal_energy { 0.6213797744389499   } 
   nonlocal_energyvar { 2.384104204046464   } 
   autocorr_energy { } 
} 

block { 
   label ts_0.005
   totweight 3481600
   nautocorr 0
   total_energy { -6.277203967083564   } 
   total_energyvar { 0.03050594825086021   } 
   weight { 0.9994340952876848   } 
   weightvar { 0.09088012242616653   } 
   kinetic_energy { 3.977619345574007   } 
   kinetic_energyvar { 4.873954274944587   } 
   potential_energy { -10.87746859634982   } 
   potential_energyvar { 6.321268826181369   } 
   nonlocal_energy { 0.622645283692248   } 
   nonlocal_energyvar { 2.432622851810532   } 
   autocorr_energy { } 
} 

block { 
   label ts_0.005
   totweight 3481600
   nautocorr 0
   total_energy { -6.277456448129175   } 
   total_energyvar { 0.0313233839823434   } 
   weight { 0.9994897189849679   } 
   weightvar { 0.09099399647311801   } 
   kinetic_energy { 3.970756284919073   } 
   kinetic_energyvar { 4.947638950934288   } 
   potential_energy { -10.86055731893615   } 
   potential_energyvar { 6.222465851414134   } 
   nonlocal_energy { 0.6123445858878968   } 
   nonlocal_energyvar { 2.295721184305526   } 
   autocorr_energy { } 
} 

block { 
   label ts_0.005
   totweight 3481600
   nautocorr 0
   total_energy { -6.277260802376757   } 
   total_energyvar { 0.03008117745309614   } 
   weight { 0.9996551640809525   } 
   weightvar { 0.09032574757424472   } 
   kinetic_energy { 3.998741056112722   } 
   kinetic_energyvar { 4.864199071744714   } 
   potential_energy { -10.89098330778321   } 
   potential_energyvar { 6.325756836676025   } 
   nonlocal_energy { 0.6149814492937331   } 
   nonlocal_energyvar { 2.384690305850443   } 
   autocorr_energy { } 
} 

block { 
   label ts_0.005
   totweight 3481600
   nautocorr 0
   total_energy { -6.2778171255822   } 
   total_energyvar { 0.03115074583736274   } 
   weight { 0.9996934612942379   } 
   weightvar { 0.09035712065318767   } 
   kinetic_energy { 3.999565476672534   } 
   kinetic_energyvar { 4.876527182325354   } 
   potential_energy { -10.89675212799704   } 
   potential_energyvar { 6.316457923135704   } 
   nonlocal_energy { 0.6193695257423026   } 
   nonlocal_energyvar { 2.365387941158741   } 
   autocorr_energy { } 
} 

block { 
   label ts_0.005
   totweight 3481600
   nautocorr 0
   total_energy { -6.277642892931765   } 
   total_energyvar { 0.03013455886666338   } 
   weight { 0.9997019683562667   } 
   weightvar { 0.09106156036232434   } 
   kinetic_energy { 3.99732264396809   } 
   kinetic_energyvar { 4.930334239110405   } 
   potential_energy { -10.89827345312528   } 
   potential_energyvar { 6.371839711196986   } 
   nonlocal_energy { 0.62330791622543   } 
   nonlocal_energyvar { 2.455632590635317   } 
   autocorr_energy { } 
} 

#-------------------------------------------------
#DMC run: timestep 0.002
#-------------------------------------------------


init { 
   label ts_0.002
}
block { 
   label ts_0.002
   totweight 8704000
   nautocorr 0
   total_energy { -6.276776546060063   } 
   total_energyvar { 0.03013392987407586   } 
   weight { 1.000036558110549   } 
   weightvar { 0.09079070740556663   } 
   kinetic_energy { 3.99811955443066   } 
   kinetic_energyvar { 4.896952057900475   } 
   potential_energy { -10.90105420347662   } 
   potential_energyvar { 6.383705410531775   } 
   nonlocal_energy { 0.6261581029858956   } 
   nonlocal_energyvar { 2.492470144557636   } 
   autocorr_energy { } 
} 

block { 
   label ts_0.002
   totweight 8704000
   nautocorr 0
   total_energy { -6.278113602390468   } 
   total_energyvar { 0.030560946357578   } 
   weight { 1.000590099795842   } 
   weightvar { 0.09043321551641782   } 
   kinetic_energy { 3.982776541840462   } 
   kinetic_energyvar { 4.874423700277687   } 
   potential_energy { -10.88957392099423   } 
   potential_energyvar { 6.436671120903304   } 
   nonlocal_energy { 0.6286837767632987   } 
   nonlocal_energyvar { 2.516683240203005   } 
   autocorr_energy { } 
} 

block { 
   label ts_0.002
   totweight 8704000
   nautocorr 0
   total_energy { -6.276911075685297   } 
   total_energyvar { 0.03067846651126136   } 
   weight { 1.000049140854792   } 
   weightvar { 0.09136636436074659   } 
   kinetic_energy { 4.002287379755931   } 
   kinetic_energyvar { 4.92553322858744   } 
   potential_energy { -10.89467256736889   } 
   potential_energyvar { 6.377815291459028   } 
   nonlocal_energy { 0.6154741119276673   } 
   nonlocal_energyvar { 2.378841664098164   } 
   autocorr_energy { } 
} 

block { 
   label ts_0.002
   totweight 8704000
   nautocorr 0
   total_energy { -6.277597089856636   } 
   total_energyvar { 0.03000033364490598   } 
   weight { 0.999903701220399   } 
   weightvar { 0.09121886348338787   } 
   kinetic_energy { 3.97789124329864   } 
   kinetic_energyvar { 4.842107646021678   } 
   potential_energy { -10.8717859973096   } 
   potential_energyvar { 6.267366426791486   } 
   nonlocal_energy { 0.6162976641543195   } 
   nonlocal_energyvar { 2.409588408146643   } 
   autocorr_energy { } 
} 

block { 
   label ts_0.002
   totweight 8704000
   nautocorr 0
   total_energy { -6.278379506235588   } 
   total_energyvar { 0.03026610138442516   } 
   weight { 1.000290181856242   } 
   weightvar { 0.09154946634935167   } 
   kinetic_energy { 3.9902621434565   } 
   kinetic_energyvar { 4.911318224486259   } 
   potential_energy { -10.88742994340799   } 
   potential_energyvar { 6.425408086617746   } 
   nonlocal_energy { 0.6187882937159037   } 
   nonlocal_energyvar { 2.42818434741668   } 
   autocorr_energy { } 
} 

block { 
   label ts_0.002
   totweight 8704000
   nautocorr 0
   total_energy { -6.277859092129761   } 
   total_energyvar { 0.0314364918917065   } 
   weight { 1.00031662008724   } 
   weightvar { 0.09105165643911731   } 
   kinetic_energy { 3.978184174645634   } 
   kinetic_energyvar { 4.947714577953356   } 
   potential_energy { -10.88349108391861   } 
   potential_energyvar { 6.433019305631309   } 
   nonlocal_energy { 0.6274478171432162   } 
   nonlocal_energyvar { 2.577086750365458   } 
   autocorr_energy { } 
} 

block { 
   label ts_0.002
   totweight 8704000
   nautocorr 0
   total_energy { -6.277740563662078   } 
   total_energyvar { 0.03002504515621677   } 
   weight { 0.9999249502490013   } 
   weightvar { 0.09116231041355509   } 
   kinetic_energy { 3.979154493299844   } 
   kinetic_energyvar { 4.888174493007818   } 
   potential_energy { -10.87752005992458   } 
   potential_energyvar { 6.320236929615893   } 
   nonlocal_energy { 0.6206250029626561   } 
   nonlocal_energyvar { 2.446091669968208   } 
   autocorr_energy { } 
} 

block { 
   label ts_0.002
   totweight 8704000
   nautocorr 0
   total_energy { -6.275181976399051   } 
   total_energyvar { 0.03034718272271145   } 
   weight { 0.9986287591252399   } 
   weightvar { 0.09116548843192937   } 
   kinetic_energy { 3.989480619233639   } 
   kinetic_energyvar { 4.880420896192817   } 
   potential_energy { -10.88185824129961   } 
   potential_energyvar { 6.367762285430352   } 
   nonlocal_energy { 0.617195645666917   } 
   nonlocal_energyvar { 2.466492785057615   } 
   autocorr_energy { } 
} 

block { 
   label ts_0.002
   totweight 8704000
   nautocorr 0
   total_energy { -6.277286632242876   } 
   total_energyvar { 0.03196940611760333   } 
   weight { 0.9987454594182452   } 
   weightvar { 0.09141896872848994   } 
   kinetic_energy { 3.978518493118618   } 
   kinetic_energyvar { 4.858528357735686   } 
   potential_energy { -10.87467350947778   } 
   potential_energyvar { 6.240158480707156   } 
   nonlocal_energy { 0.6188683841162891   } 
   nonlocal_energyvar { 2.326601916079989   } 
   autocorr_energy { } 
} 

block { 
   label ts_0.002
   totweight 8704000
   nautocorr 0
   total_energy { -6.2772774370694   } 
   total_energyvar { 0.03067915275627045   } 
   weight { 0.9994454297581927   } 
   weightvar { 0.09198101200815663   } 
   kinetic_energy { 3.978896997967999   } 
   kinetic_energyvar { 4.844596478801523   } 
   potential_energy { -10.87528978135721   } 
   potential_energyvar { 6.357376177531586   } 
   nonlocal_energy { 0.6191153463198121   } 
   nonlocal_energyvar { 2.484272767423205   } 
   autocorr_energy { } 
} 

block { 
   label ts_0.002
   totweight 8704000
   nautocorr 0
   total_energy { -6.277287901005209   } 
   total_energyvar { 0.03098224484322807   } 
   weight { 0.9994247315995509   } 
   weightvar { 0.09109568378458741   } 
   kinetic_energy { 3.990696133418709   } 
   kinetic_energyvar { 4.933145890191026   } 
   potential_energy { -10.89344189227781   } 
   potential_energyvar { 6.376790349775607   } 
   nonlocal_energy { 0.6254578578538874   } 
   nonlocal_energyvar { 2.507215518860437   } 
   autocorr_energy { } 
} 

block { 
   label ts_0.002
   totweight 8704000
   nautocorr 0
   total_energy { -6.277754013143246   } 
   total_energyvar { 0.03054276712270904   } 
   weight { 0.9999867555330936   } 
   weightvar { 0.09112204240112454   } 
   kinetic_energy { 4.00009449857167   } 
   kinetic_energyvar { 4.882109974897697   } 
   potential_energy { -10.89110635215405   } 
   potential_energyvar { 6.397254962435044   } 
   nonlocal_energy { 0.6132578404391342   } 
   nonlocal_energyvar { 2.441069254748919   } 
   autocorr_energy { } 
} 

block { 
   label ts_0.002
   totweight 8704000
   nautocorr 0
   total_energy { -6.27721138569505   } 
   total_energyvar { 0.03293216246430851   } 
   weight { 0.9997159546200605   } 
   weightvar { 0.09127449512314906   } 
   kinetic_energy { 3.988887948296274   } 
   kinetic_energyvar { 4.895432463303211   } 
   potential_energy { -10.88682932361133   } 
   potential_energyvar { 6.357664381161132   } 
   nonlocal_energy { 0.6207299896200114   } 
   nonlocal_energyvar { 2.466396122832478   } 
   autocorr_energy { } 
} 

block { 
   label ts_0.002
   totweight 8704000
   nautocorr 0
   total_energy { -6.278088376324705   } 
   total_energyvar { 0.03019040298754722   } 
   weight { 1.00008432611205   } 
   weightvar { 0.09163860613173649   } 
   kinetic_energy { 3.993353090558271   } 
   kinetic_energyvar { 4.900912355776227   } 
   potential_energy { -10.88904683007554   } 
   potential_energyvar { 6.445574815699562   } 
   nonlocal_energy { 0.6176053631925671   } 
   nonlocal_energyvar { 2.491535403214459   } 
   autocorr_energy { } 
} 

block { 
   label ts_0.002
   totweight 8704000
   nautocorr 0
   total_energy { -6.278318571574828   } 
   total_energyvar { 0.02980526163147531   } 
   weight { 1.000555025974737   } 
   weightvar { 0.0915877007214432   } 
   kinetic_energy { 3.98578727410317   } 
   kinetic_energyvar { 4.911877048617726   } 
   potential_energy { -10.87806677992537   } 
   potential_energyvar { 6.380162900507991   } 
   nonlocal_energy { 0.6139609342473674   } 
   nonlocal_energyvar { 2.457341736807699   } 
   autocorr_energy { } 
} 

block { 
   label ts_0.002
   totweight 8704000
   nautocorr 0
   total_energy { -6.276870158600016   } 
   total_energyvar { 0.03070421045413568   } 
   weight { 0.9997339279371158   } 
   weightvar { 0.0912952172260126   } 
   kinetic_energy { 3.967951306485707   } 
   kinetic_energyvar { 4.852709738043882   } 
   potential_energy { -10.86205207067357   } 
   potential_energyvar { 6.279878469998425   } 
   nonlocal_energy { 0.6172306055878475   } 
   nonlocal_energyvar { 2.425764553337514   } 
   autocorr_energy { } 
} 

block { 
   label ts_0.002
   totweight 8704000
   nautocorr 0
   total_energy { -6.27819682176447   } 
   total_energyvar { 0.03163501780603283   } 
   weight { 1.000024561496096   } 
   weightvar { 0.09097755517013496   } 
   kinetic_energy { 3.974576318845236   } 
   kinetic_energyvar { 4.844002745043896   } 
   potential_energy { -10.88120926896363   } 
   potential_energyvar { 6.390229742751574   } 
   nonlocal_energy { 0.6284361283539235   } 
   nonlocal_energyvar { 2.572211319714486   } 
   autocorr_energy { } 
} 

block { 
   label ts_0.002
   totweight 8704000
   nautocorr 0
   total_energy { -6.278005197502833   } 
   total_energyvar { 0.03073528192604328   } 
   weight { 1.000021836713881   } 
   weightvar { 0.09092391617980149   } 
   kinetic_energy { 3.988740594357985   } 
   kinetic_energyvar { 4.946646415938545   } 
   potential_energy { -10.88399955428366   } 
   potential_energyvar { 6.4422878325627   } 
   nonlocal_energy { 0.6172537624228421   } 
   nonlocal_energyvar { 2.545851776821193   } 
   autocorr_energy { } 
} 

block { 
   label ts_0.002
   totweight 8704000
   nautocorr 0
   total_energy { -6.277512873262553   } 
   total_energyvar { 0.03037269899552519   } 
   weight { 1.000127786708143   } 
   weightvar { 0.09081575081677186   } 
   kinetic_energy { 4.009020196812227   } 
   kinetic_energyvar { 4.938846635437437   } 
   potential_energy { -10.91283476335906   } 
   potential_energyvar { 6.440110028168144   } 
   nonlocal_energy { 0.6263016932842742   } 
   nonlocal_energyvar { 2.496333359862203   } 
   autocorr_energy { } 
} 

block { 
   label ts_0.002
   totweight 8704000
   nautocorr 0
   total_energy { -6.27877582614844   } 
   total_energyvar { 0.03064187627355074   } 
   weight { 1.000333382408724   } 
   weightvar { 0.09044675983907938   } 
   kinetic_energy { 3.998632998864315   } 
   kinetic_energyvar { 4.952140602021284   } 
   potential_energy { -10.89101839443921   } 
   potential_energyvar { 6.332801575351357   } 
   nonlocal_energy { 0.6136095694264567   } 
   nonlocal_energyvar { 2.390414350029083   } 
   autocorr_energy { } 
} 

block { 
   label ts_0.002
   totweight 8704000
   nautocorr 0
   total_energy { -6.277275139020905   } 
   total_energyvar { 0.03056350550729774   } 
   weight { 1.000101191907091   } 
   weightvar { 0.09052017179554356   } 
   kinetic_energy { 3.987839690320528   } 
   kinetic_energyvar { 4.899549478268185   } 
   potential_energy { -10.87257691074359   } 
   potential_energyvar { 6.34933836228397   } 
   nonlocal_energy { 0.607462081402162   } 
   nonlocal_energyvar { 2.396661517256786   } 
   autocorr_energy { } 
} 

block { 
   label ts_0.002
   totweight 8704000
   nautocorr 0
   total_energy { -6.276563166449907   } 
   total_energyvar { 0.0298891782153791   } 
   weight { 0.9994218902239608   } 
   weightvar { 0.09060963358646591   } 
   kinetic_energy { 3.99032188349837   } 
   kinetic_energyvar { 4.813382414302481   } 
   potential_energy { -10.88250102529753   } 
   potential_energyvar { 6.337923935854391   } 
   nonlocal_energy { 0.6156159753492557   } 
   nonlocal_energyvar { 2.447774274318215   } 
   autocorr_energy { } 
} 

block { 
   label ts_0.002
   totweight 8704000
   nautocorr 0
   total_energy { -6.277418907089352   } 
   total_energyvar { 0.03042501191821104   } 
   weight { 0.9991598263579337   } 
   weightvar { 0.09122128536194631   } 
   kinetic_energy { 3.978396838434977   } 
   kinetic_energyvar { 4.888962141785509   } 
   potential_energy { -10.88108806518054   } 
   potential_energyvar { 6.389333221662343   } 
   nonlocal_energy { 0.6252723196562099   } 
   nonlocal_energyvar { 2.484309556401643   } 
   autocorr_energy { } 
} 

block { 
   label ts_0.002
   totweight 8704000
   nautocorr 0
   total_energy { -6.277499097548113   } 
   total_energyvar { 0.03033319181891658   } 
   weight { 0.9996328566937831   } 
   weightvar { 0.09129932591998285   } 
   kinetic_energy { 3.978886732095622   } 
   kinetic_energyvar { 4.863746263132535   } 
   potential_energy { -10.86829703455425   } 
   potential_energyvar { 6.344217478427844   } 
   nonlocal_energy { 0.6119112049105154   } 
   nonlocal_energyvar { 2.442728740312694   } 
   autocorr_energy { } 
} 

block { 
   label ts_0.002
   totweight 8704000
   nautocorr 0
   total_energy { -6.277019713822725   } 
   total_energyvar { 0.0310689423169569   } 
   weight { 0.9996041119039643   } 
   weightvar { 0.09070679803682684   } 
   kinetic_energy { 3.978248112599879   } 
   kinetic_energyvar { 4.860981305978512   } 
   potential_energy { -10.88176547104081   } 
   potential_energyvar { 6.347190642151398   } 
   nonlocal_energy { 0.6264976446182092   } 
   nonlocal_energyvar { 2.519115679864162   } 
   autocorr_energy { } 
} 

block { 
   label ts_0.002
   totweight 8704000
   nautocorr 0
   total_energy { -6.277065088821257   } 
   total_energyvar { 0.03120208065287369   } 
   weight { 0.9991599725366744   } 
   weightvar { 0.09015606070366437   } 
   kinetic_energy { 3.963173432749641   } 
   kinetic_energyvar { 4.845584156015981   } 
   potential_energy { -10.8626785466299   } 
   potential_energyvar { 6.275405616914746   } 
   nonlocal_energy { 0.6224400250590021   } 
   nonlocal_energyvar { 2.433108870054925   } 
   autocorr_energy { } 
} 

block { 
   label ts_0.002
   totweight 8704000
   nautocorr 0
   total_energy { -6.277800894486542   } 
   total_energyvar { 0.03065604628813141   } 
   weight { 0.9995556282738839   } 
   weightvar { 0.09074670602762364   } 
   kinetic_energy { 3.967843524899832   } 
   kinetic_energyvar { 4.783194945013932   } 
   potential_energy { -10.86714398611795   } 
   potential_energyvar { 6.389181215671398   } 
   nonlocal_energy { 0.6214995667315715   } 
   nonlocal_energyvar { 2.586846865285855   } 
   autocorr_energy { } 
} 

block { 
   label ts_0.002
   totweight 8704000
   nautocorr 0
   total_energy { -6.27781504468006   } 
   total_energyvar { 0.03092022442953684   } 
   weight { 0.9999819984985905   } 
   weightvar { 0.09078312609818646   } 
   kinetic_energy { 3.967064985977794   } 
   kinetic_energyvar { 4.892680736992538   } 
   potential_energy { -10.86733053701789   } 
   potential_energyvar { 6.275160366479968   } 
   nonlocal_energy { 0.622450506360037   } 
   nonlocal_energyvar { 2.495388368622125   } 
   autocorr_energy { } 
} 

block { 
   label ts_0.002
   totweight 8704000
   nautocorr 0
   total_energy { -6.277003539390286   } 
   total_energyvar { 0.03009085605847621   } 
   weight { 0.999539761715724   } 
   weightvar { 0.0902317607868344   } 
   kinetic_energy { 3.99407889006615   } 
   kinetic_energyvar { 4.914066554981574   } 
   potential_energy { -10.89156130298616   } 
   potential_energyvar { 6.41794293461032   } 
   nonlocal_energy { 0.6204788735297192   } 
   nonlocal_energyvar { 2.506165742351486   } 
   autocorr_energy { } 
} 

block { 
   label ts_0.002
   totweight 8704000
   nautocorr 0
   total_energy { -6.276753829554057   } 
   total_energyvar { 0.03027279923458879   } 
   weight { 0.9993389826155454   } 
   weightvar { 0.09068637169606175   } 
   kinetic_energy { 3.990534877371392   } 
   kinetic_energyvar { 4.87724344941385   } 
   potential_energy { -10.8783676565382   } 
   potential_energyvar { 6.337869644520996   } 
   nonlocal_energy { 0.611078949612744   } 
   nonlocal_energyvar { 2.380486587213744   } 
   autocorr_energy { } 
} 

block { 
   label ts_0.002
   totweight 8704000
   nautocorr 0
   total_energy { -6.277712772141797   } 
   total_energyvar { 0.03161450046661451   } 
   weight { 0.9995084699134341   } 
   weightvar { 0.09178899983912757   } 
   kinetic_energy { 3.982541480843614   } 
   kinetic_energyvar { 4.8607672045661   } 
   potential_energy { -10.88287296528778   } 
   potential_energyvar { 6.342835200686155   } 
   nonlocal_energy { 0.6226187123023638   } 
   nonlocal_energyvar { 2.47331391328154   } 
   autocorr_energy { } 
} 

block { 
   label ts_0.002
   totweight 8704000
   nautocorr 0
   total_energy { -6.277590277940951   } 
   total_energyvar { 0.03019088422704606   } 
   weight { 0.9997544220709021   } 
   weightvar { 0.09141824163751847   } 
   kinetic_energy { 3.982011060990304   } 
   kinetic_energyvar { 4.876318887236029   } 
   potential_energy { -10.88355994233635   } 
   potential_energyvar { 6.30630598188085   } 
   nonlocal_energy { 0.6239586034050972   } 
   nonlocal_energyvar { 2.441097437041938   } 
   autocorr_energy { } 
} 

block { 
   label ts_0.002
   totweight 8704000
   nautocorr 0
   total_energy { -6.277056532875439   } 
   total_energyvar { 0.02988280958492991   } 
   weight { 0.999726685115105   } 
   weightvar { 0.09051687218932541   } 
   kinetic_energy { 3.967621482069443   } 
   kinetic_energyvar { 4.841825092575932   } 
   potential_energy { -10.86581539946417   } 
   potential_energyvar { 6.364763348520414   } 
   nonlocal_energy { 0.6211373845192909   } 
   nonlocal_energyvar { 2.431291534906608   } 
   autocorr_energy { } 
} 

block { 
   label ts_0.002
   totweight 8704000
   nautocorr 0
   total_energy { -6.278730419262064   } 
   total_energyvar { 0.03049824522780076   } 
   weight { 0.9996764581974704   } 
   weightvar { 0.08970870021963942   } 
   kinetic_energy { 3.974186201748438   } 
   kinetic_energyvar { 4.844857894761978   } 
   potential_energy { -10.86938371418809   } 
   potential_energyvar { 6.344332772228899   } 
   nonlocal_energy { 0.6164670931775905   } 
   nonlocal_energyvar { 2.445652618749873   } 
   autocorr_energy { } 
} 

block { 
   label ts_0.002
   totweight 8704000
   nautocorr 0
   total_energy { -6.277598705223026   } 
   total_energyvar { 0.0320625580529629   } 
   weight { 1.000407265257808   } 
   weightvar { 0.08934207402404845   } 
   kinetic_energy { 3.973443053829499   } 
   kinetic_energyvar { 4.896338137968518   } 
   potential_energy { -10.87318508370647   } 
   potential_energyvar { 6.434820600113197   } 
   nonlocal_energy { 0.6221433246539456   } 
   nonlocal_energyvar { 2.519498764494562   } 
   autocorr_energy { } 
} 

