
Lmod is automatically replacing "xl/16.1.1-5" with "gcc/7.4.0".


Due to MODULEPATH changes, the following have been reloaded:
  1) hdf5/1.10.4     2) spectrum-mpi/10.3.1.2-20200121


The following have been reloaded with a version change:
  1) python/3.7.0-anaconda3-5.3.0 => python/3.6.6-anaconda3-5.3.0

--2020-07-12 19:01:35--  https://pseudopotentiallibrary.org/recipes/Si/ccECP/Si.ccECP.xml
Resolving pseudopotentiallibrary.org (pseudopotentiallibrary.org)... 128.219.165.148
Connecting to pseudopotentiallibrary.org (pseudopotentiallibrary.org)|128.219.165.148|:443... connected.
HTTP request sent, awaiting response... 200 OK
Length: 1502082 (1.4M) [text/xml]
Saving to: 'Si.ccECP.xml'

     0K .......... .......... .......... .......... ..........  3% 15.9M 0s
    50K .......... .......... .......... .......... ..........  6% 65.0M 0s
   100K .......... .......... .......... .......... .......... 10% 67.3M 0s
   150K .......... .......... .......... .......... .......... 13% 66.9M 0s
   200K .......... .......... .......... .......... .......... 17% 60.4M 0s
   250K .......... .......... .......... .......... .......... 20% 69.9M 0s
   300K .......... .......... .......... .......... .......... 23% 68.3M 0s
   350K .......... .......... .......... .......... .......... 27% 68.4M 0s
   400K .......... .......... .......... .......... .......... 30% 58.8M 0s
   450K .......... .......... .......... .......... .......... 34% 70.2M 0s
   500K .......... .......... .......... .......... .......... 37% 68.2M 0s
   550K .......... .......... .......... .......... .......... 40% 70.9M 0s
   600K .......... .......... .......... .......... .......... 44% 61.5M 0s
   650K .......... .......... .......... .......... .......... 47% 71.8M 0s
   700K .......... .......... .......... .......... .......... 51% 68.0M 0s
   750K .......... .......... .......... .......... .......... 54% 69.8M 0s
   800K .......... .......... .......... .......... .......... 57% 59.9M 0s
   850K .......... .......... .......... .......... .......... 61% 68.8M 0s
   900K .......... .......... .......... .......... .......... 64% 71.4M 0s
   950K .......... .......... .......... .......... .......... 68% 71.2M 0s
  1000K .......... .......... .......... .......... .......... 71% 59.9M 0s
  1050K .......... .......... .......... .......... .......... 74% 72.3M 0s
  1100K .......... .......... .......... .......... .......... 78% 70.2M 0s
  1150K .......... .......... .......... .......... .......... 81% 72.1M 0s
  1200K .......... .......... .......... .......... .......... 85% 61.7M 0s
  1250K .......... .......... .......... .......... .......... 88% 70.0M 0s
  1300K .......... .......... .......... .......... .......... 92% 70.4M 0s
  1350K .......... .......... .......... .......... .......... 95% 71.5M 0s
  1400K .......... .......... .......... .......... .......... 98% 61.0M 0s
  1450K .......... ......                                     100% 69.2M=0.02s

2020-07-12 19:01:35 (60.5 MB/s) - 'Si.ccECP.xml' saved [1502082/1502082]

--2020-07-12 19:01:35--  https://pseudopotentiallibrary.org/recipes/H/ccECP/H.ccECP.xml
Resolving pseudopotentiallibrary.org (pseudopotentiallibrary.org)... 128.219.165.148
Connecting to pseudopotentiallibrary.org (pseudopotentiallibrary.org)|128.219.165.148|:443... connected.
HTTP request sent, awaiting response... 200 OK
Length: 1001619 (978K) [text/xml]
Saving to: 'H.ccECP.xml'

     0K .......... .......... .......... .......... ..........  5% 11.0M 0s
    50K .......... .......... .......... .......... .......... 10% 70.5M 0s
   100K .......... .......... .......... .......... .......... 15% 69.3M 0s
   150K .......... .......... .......... .......... .......... 20% 70.2M 0s
   200K .......... .......... .......... .......... .......... 25% 60.6M 0s
   250K .......... .......... .......... .......... .......... 30% 70.2M 0s
   300K .......... .......... .......... .......... .......... 35% 68.6M 0s
   350K .......... .......... .......... .......... .......... 40% 23.1M 0s
   400K .......... .......... .......... .......... .......... 46% 59.7M 0s
   450K .......... .......... .......... .......... .......... 51% 70.7M 0s
   500K .......... .......... .......... .......... .......... 56% 68.4M 0s
   550K .......... .......... .......... .......... .......... 61% 68.1M 0s
   600K .......... .......... .......... .......... .......... 66% 61.2M 0s
   650K .......... .......... .......... .......... .......... 71% 70.9M 0s
   700K .......... .......... .......... .......... .......... 76% 71.1M 0s
   750K .......... .......... .......... .......... .......... 81% 71.2M 0s
   800K .......... .......... .......... .......... .......... 86% 61.9M 0s
   850K .......... .......... .......... .......... .......... 92% 72.2M 0s
   900K .......... .......... .......... .......... .......... 97% 72.4M 0s
   950K .......... .......... ........                        100% 61.7M=0.02s

2020-07-12 19:01:35 (49.7 MB/s) - 'H.ccECP.xml' saved [1001619/1001619]

Rank =    0  Free Memory = 522443 MB
Rank =    1  Free Memory = 522443 MB
Rank =    2  Free Memory = 534686 MB
Rank =    6  Free Memory = 525357 MB
Rank =    4  Free Memory = 522969 MB
Rank =    3  Free Memory = 534686 MB
Rank =    7  Free Memory = 525357 MB
Rank =    5  Free Memory = 522969 MB
Rank =    0  Free Memory = 522410 MB
Rank =    1  Free Memory = 522410 MB
Rank =    2  Free Memory = 534647 MB
Rank =    4  Free Memory = 522939 MB
Rank =    6  Free Memory = 525316 MB
Rank =    3  Free Memory = 534647 MB
Rank =    5  Free Memory = 522939 MB
Rank =    7  Free Memory = 525316 MB
User defined signal 2
ERROR:  One or more process (first noticed rank 1) terminated with signal 12
