--2020-06-12 01:16:52--  https://pseudopotentiallibrary.org/recipes/Si/ccECP/Si.ccECP.xml
Resolving pseudopotentiallibrary.org (pseudopotentiallibrary.org)... 128.219.165.148
Connecting to pseudopotentiallibrary.org (pseudopotentiallibrary.org)|128.219.165.148|:443... connected.
HTTP request sent, awaiting response... 200 OK
Length: 1502082 (1.4M) [text/xml]
Saving to: 'Si.ccECP.xml'

     0K .......... .......... .......... .......... ..........  3% 11.0M 0s
    50K .......... .......... .......... .......... ..........  6% 70.2M 0s
   100K .......... .......... .......... .......... .......... 10% 60.7M 0s
   150K .......... .......... .......... .......... .......... 13% 72.0M 0s
   200K .......... .......... .......... .......... .......... 17% 60.9M 0s
   250K .......... .......... .......... .......... .......... 20% 70.8M 0s
   300K .......... .......... .......... .......... .......... 23% 70.6M 0s
   350K .......... .......... .......... .......... .......... 27% 70.6M 0s
   400K .......... .......... .......... .......... .......... 30% 60.1M 0s
   450K .......... .......... .......... .......... .......... 34% 70.1M 0s
   500K .......... .......... .......... .......... .......... 37% 71.7M 0s
   550K .......... .......... .......... .......... .......... 40% 72.1M 0s
   600K .......... .......... .......... .......... .......... 44% 61.0M 0s
   650K .......... .......... .......... .......... .......... 47% 70.3M 0s
   700K .......... .......... .......... .......... .......... 51% 72.1M 0s
   750K .......... .......... .......... .......... .......... 54% 72.8M 0s
   800K .......... .......... .......... .......... .......... 57% 61.4M 0s
   850K .......... .......... .......... .......... .......... 61% 68.5M 0s
   900K .......... .......... .......... .......... .......... 64% 70.2M 0s
   950K .......... .......... .......... .......... .......... 68% 72.1M 0s
  1000K .......... .......... .......... .......... .......... 71% 63.0M 0s
  1050K .......... .......... .......... .......... .......... 74% 71.7M 0s
  1100K .......... .......... .......... .......... .......... 78% 69.6M 0s
  1150K .......... .......... .......... .......... .......... 81% 72.0M 0s
  1200K .......... .......... .......... .......... .......... 85% 62.2M 0s
  1250K .......... .......... .......... .......... .......... 88% 69.0M 0s
  1300K .......... .......... .......... .......... .......... 92% 70.9M 0s
  1350K .......... .......... .......... .......... .......... 95% 67.8M 0s
  1400K .......... .......... .......... .......... .......... 98% 63.6M 0s
  1450K .......... ......                                     100% 65.7M=0.02s

2020-06-12 01:16:52 (57.6 MB/s) - 'Si.ccECP.xml' saved [1502082/1502082]

--2020-06-12 01:16:53--  https://pseudopotentiallibrary.org/recipes/H/ccECP/H.ccECP.xml
Resolving pseudopotentiallibrary.org (pseudopotentiallibrary.org)... 128.219.165.148
Connecting to pseudopotentiallibrary.org (pseudopotentiallibrary.org)|128.219.165.148|:443... connected.
HTTP request sent, awaiting response... 200 OK
Length: 1001619 (978K) [text/xml]
Saving to: 'H.ccECP.xml'

     0K .......... .......... .......... .......... ..........  5% 10.9M 0s
    50K .......... .......... .......... .......... .......... 10% 70.4M 0s
   100K .......... .......... .......... .......... .......... 15% 58.0M 0s
   150K .......... .......... .......... .......... .......... 20% 59.6M 0s
   200K .......... .......... .......... .......... .......... 25% 61.0M 0s
   250K .......... .......... .......... .......... .......... 30% 70.6M 0s
   300K .......... .......... .......... .......... .......... 35% 70.5M 0s
   350K .......... .......... .......... .......... .......... 40% 69.7M 0s
   400K .......... .......... .......... .......... .......... 46% 52.9M 0s
   450K .......... .......... .......... .......... .......... 51% 65.6M 0s
   500K .......... .......... .......... .......... .......... 56% 67.1M 0s
   550K .......... .......... .......... .......... .......... 61% 28.2M 0s
   600K .......... .......... .......... .......... .......... 66% 63.5M 0s
   650K .......... .......... .......... .......... .......... 71% 64.5M 0s
   700K .......... .......... .......... .......... .......... 76% 69.7M 0s
   750K .......... .......... .......... .......... .......... 81% 72.1M 0s
   800K .......... .......... .......... .......... .......... 86% 57.0M 0s
   850K .......... .......... .......... .......... .......... 92% 66.9M 0s
   900K .......... .......... .......... .......... .......... 97% 72.6M 0s
   950K .......... .......... ........                        100% 61.8M=0.02s

2020-06-12 01:16:53 (49.1 MB/s) - 'H.ccECP.xml' saved [1001619/1001619]

Rank =    0  Free Memory = 570550 MB
Rank =    1  Free Memory = 570550 MB
--2020-06-12 01:21:06--  https://pseudopotentiallibrary.org/recipes/Si/ccECP/Si.ccECP.xml
Resolving pseudopotentiallibrary.org (pseudopotentiallibrary.org)... 128.219.165.148
Connecting to pseudopotentiallibrary.org (pseudopotentiallibrary.org)|128.219.165.148|:443... connected.
HTTP request sent, awaiting response... 200 OK
Length: 1502082 (1.4M) [text/xml]
Saving to: 'Si.ccECP.xml'

     0K .......... .......... .......... .......... ..........  3% 63.2M 0s
    50K .......... .......... .......... .......... ..........  6% 82.3M 0s
   100K .......... .......... .......... .......... .......... 10% 84.3M 0s
   150K .......... .......... .......... .......... .......... 13% 81.9M 0s
   200K .......... .......... .......... .......... .......... 17% 74.9M 0s
   250K .......... .......... .......... .......... .......... 20% 83.2M 0s
   300K .......... .......... .......... .......... .......... 23% 84.8M 0s
   350K .......... .......... .......... .......... .......... 27% 77.5M 0s
   400K .......... .......... .......... .......... .......... 30% 61.1M 0s
   450K .......... .......... .......... .......... .......... 34% 70.0M 0s
   500K .......... .......... .......... .......... .......... 37% 67.5M 0s
   550K .......... .......... .......... .......... .......... 40% 52.7M 0s
   600K .......... .......... .......... .......... .......... 44% 76.3M 0s
   650K .......... .......... .......... .......... .......... 47% 59.2M 0s
   700K .......... .......... .......... .......... .......... 51% 83.9M 0s
   750K .......... .......... .......... .......... .......... 54% 84.0M 0s
   800K .......... .......... .......... .......... .......... 57% 67.5M 0s
   850K .......... .......... .......... .......... .......... 61% 84.7M 0s
   900K .......... .......... .......... .......... .......... 64% 83.6M 0s
   950K .......... .......... .......... .......... .......... 68% 87.6M 0s
  1000K .......... .......... .......... .......... .......... 71% 75.1M 0s
  1050K .......... .......... .......... .......... .......... 74% 83.9M 0s
  1100K .......... .......... .......... .......... .......... 78% 85.7M 0s
  1150K .......... .......... .......... .......... .......... 81% 82.7M 0s
  1200K .......... .......... .......... .......... .......... 85% 72.4M 0s
  1250K .......... .......... .......... .......... .......... 88% 85.1M 0s
  1300K .......... .......... .......... .......... .......... 92% 84.3M 0s
  1350K .......... .......... .......... .......... .......... 95% 86.2M 0s
  1400K .......... .......... .......... .......... .......... 98% 74.8M 0s
  1450K .......... ......                                     100% 79.9M=0.02s

2020-06-12 01:21:06 (76.0 MB/s) - 'Si.ccECP.xml' saved [1502082/1502082]

--2020-06-12 01:21:06--  https://pseudopotentiallibrary.org/recipes/H/ccECP/H.ccECP.xml
Resolving pseudopotentiallibrary.org (pseudopotentiallibrary.org)... 128.219.165.148
Connecting to pseudopotentiallibrary.org (pseudopotentiallibrary.org)|128.219.165.148|:443... connected.
HTTP request sent, awaiting response... 200 OK
Length: 1001619 (978K) [text/xml]
Saving to: 'H.ccECP.xml'

     0K .......... .......... .......... .......... ..........  5% 22.8M 0s
    50K .......... .......... .......... .......... .......... 10% 63.4M 0s
   100K .......... .......... .......... .......... .......... 15% 54.8M 0s
   150K .......... .......... .......... .......... .......... 20% 81.7M 0s
   200K .......... .......... .......... .......... .......... 25% 74.1M 0s
   250K .......... .......... .......... .......... .......... 30% 75.3M 0s
   300K .......... .......... .......... .......... .......... 35% 78.5M 0s
   350K .......... .......... .......... .......... .......... 40% 84.4M 0s
   400K .......... .......... .......... .......... .......... 46% 57.8M 0s
   450K .......... .......... .......... .......... .......... 51% 71.1M 0s
   500K .......... .......... .......... .......... .......... 56% 64.1M 0s
   550K .......... .......... .......... .......... .......... 61% 57.4M 0s
   600K .......... .......... .......... .......... .......... 66% 62.3M 0s
   650K .......... .......... .......... .......... .......... 71% 85.5M 0s
   700K .......... .......... .......... .......... .......... 76% 86.8M 0s
   750K .......... .......... .......... .......... .......... 81% 83.1M 0s
   800K .......... .......... .......... .......... .......... 86% 69.6M 0s
   850K .......... .......... .......... .......... .......... 92% 73.7M 0s
   900K .......... .......... .......... .......... .......... 97% 82.2M 0s
   950K .......... .......... ........                        100% 75.3M=0.01s

2020-06-12 01:21:06 (64.2 MB/s) - 'H.ccECP.xml' saved [1001619/1001619]

Rank =    0  Free Memory = 570518 MB
Rank =    1  Free Memory = 570518 MB
Rank =    0  Free Memory = 570494 MB
Rank =    1  Free Memory = 570494 MB
User defined signal 2
ERROR:  One or more process (first noticed rank 1) terminated with signal 12
