
------------------------------------------------------------
Sender: LSF System <lsfadmin@batch1>
Subject: Job 152296: <S_DZ> in cluster <summit> Done

Job <S_DZ> was submitted from host <login3> by user <aannabe> in cluster <summit> at Fri Jun 12 01:16:01 2020
Job was executed on host(s) <1*batch1>, in queue <batch>, as user <aannabe> in cluster <summit> at Fri Jun 12 01:16:19 2020
                            <42*g11n14>
</ccs/home/aannabe> was used as the home directory.
</gpfs/alpine/mat151/proj-shared/aannabe/docs/molecules_Si/SiH4/qmcpack_basis/DZ/singlet> was used as the working directory.
Started at Fri Jun 12 01:16:19 2020
Terminated at Fri Jun 12 01:17:14 2020
Results reported at Fri Jun 12 01:17:14 2020

The output (if any) is above this job summary.



PS:

Read file <S_DZ.err> for stderr output of this job.


------------------------------------------------------------
Sender: LSF System <lsfadmin@batch1>
Subject: Job 152301: <S_DZ> in cluster <summit> Exited

Job <S_DZ> was submitted from host <login3> by user <aannabe> in cluster <summit> at Fri Jun 12 01:20:07 2020
Job was executed on host(s) <1*batch1>, in queue <batch>, as user <aannabe> in cluster <summit> at Fri Jun 12 01:20:32 2020
                            <42*g11n14>
</ccs/home/aannabe> was used as the home directory.
</gpfs/alpine/mat151/proj-shared/aannabe/docs/molecules_Si/SiH4/qmcpack_basis/DZ/singlet> was used as the working directory.
Started at Fri Jun 12 01:20:32 2020
Terminated at Fri Jun 12 01:51:02 2020
Results reported at Fri Jun 12 01:51:02 2020

The output (if any) is above this job summary.



PS:

Read file <S_DZ.err> for stderr output of this job.

