#-------------------------------------------------
#DMC run: timestep 0.01
#-------------------------------------------------


init { 
   label ts_0.01
}
block { 
   label ts_0.01
   totweight 1740800
   nautocorr 0
   total_energy { -5.92593191600944   } 
   total_energyvar { 0.04067674892393566   } 
   weight { 1.002806773311837   } 
   weightvar { 0.005170365354074727   } 
   kinetic_energy { 3.775237121162229   } 
   kinetic_energyvar { 4.546417310849855   } 
   potential_energy { -10.3716962136825   } 
   potential_energyvar { 5.987925018167919   } 
   nonlocal_energy { 0.6705271765108249   } 
   nonlocal_energyvar { 2.673468174889422   } 
   autocorr_energy { } 
} 

block { 
   label ts_0.01
   totweight 1740800
   nautocorr 0
   total_energy { -5.930951430792895   } 
   total_energyvar { 0.04082237535286958   } 
   weight { 1.005175367870264   } 
   weightvar { 0.02267753305914129   } 
   kinetic_energy { 3.76756569622218   } 
   kinetic_energyvar { 4.600249879339955   } 
   potential_energy { -10.35991122556736   } 
   potential_energyvar { 6.073093880860378   } 
   nonlocal_energy { 0.6613940985522858   } 
   nonlocal_energyvar { 2.738510183830518   } 
   autocorr_energy { } 
} 

block { 
   label ts_0.01
   totweight 1740800
   nautocorr 0
   total_energy { -5.930677060545656   } 
   total_energyvar { 0.04181362916014431   } 
   weight { 1.003871986119243   } 
   weightvar { 0.04150437799581039   } 
   kinetic_energy { 3.754435056398786   } 
   kinetic_energyvar { 4.662171253600505   } 
   potential_energy { -10.35816391896251   } 
   potential_energyvar { 5.912716844841637   } 
   nonlocal_energy { 0.6730518020180698   } 
   nonlocal_energyvar { 2.706561015005358   } 
   autocorr_energy { } 
} 

block { 
   label ts_0.01
   totweight 1740800
   nautocorr 0
   total_energy { -5.932769023510875   } 
   total_energyvar { 0.03961979862164   } 
   weight { 1.002907701151253   } 
   weightvar { 0.05750455194215452   } 
   kinetic_energy { 3.764515037505704   } 
   kinetic_energyvar { 4.557748874222978   } 
   potential_energy { -10.36203554527158   } 
   potential_energyvar { 5.871607168114674   } 
   nonlocal_energy { 0.6647514842550034   } 
   nonlocal_energyvar { 2.615538987451647   } 
   autocorr_energy { } 
} 

block { 
   label ts_0.01
   totweight 1740800
   nautocorr 0
   total_energy { -5.930730637564908   } 
   total_energyvar { 0.04004402033447521   } 
   weight { 1.00216129443311   } 
   weightvar { 0.06998121285531431   } 
   kinetic_energy { 3.774262874347027   } 
   kinetic_energyvar { 4.57057152019543   } 
   potential_energy { -10.37658575510687   } 
   potential_energyvar { 5.897858944277088   } 
   nonlocal_energy { 0.6715922431949315   } 
   nonlocal_energyvar { 2.618759725142657   } 
   autocorr_energy { } 
} 

block { 
   label ts_0.01
   totweight 1740800
   nautocorr 0
   total_energy { -5.93145522148813   } 
   total_energyvar { 0.03958710567346077   } 
   weight { 1.001342265793406   } 
   weightvar { 0.07816964158841606   } 
   kinetic_energy { 3.786023382534459   } 
   kinetic_energyvar { 4.537233759750864   } 
   potential_energy { -10.37903665622105   } 
   potential_energyvar { 6.080752180983747   } 
   nonlocal_energy { 0.6615580521984638   } 
   nonlocal_energyvar { 2.747483195292067   } 
   autocorr_energy { } 
} 

block { 
   label ts_0.01
   totweight 1740800
   nautocorr 0
   total_energy { -5.930913502315378   } 
   total_energyvar { 0.04045661215787138   } 
   weight { 1.000332235611052   } 
   weightvar { 0.08404584153440402   } 
   kinetic_energy { 3.790568566029903   } 
   kinetic_energyvar { 4.617190164989742   } 
   potential_energy { -10.39341011982577   } 
   potential_energyvar { 6.175504486107399   } 
   nonlocal_energy { 0.6719280514804892   } 
   nonlocal_energyvar { 2.828687739219203   } 
   autocorr_energy { } 
} 

block { 
   label ts_0.01
   totweight 1740800
   nautocorr 0
   total_energy { -5.931055616999506   } 
   total_energyvar { 0.03964150484519686   } 
   weight { 0.9995937628538315   } 
   weightvar { 0.08844421921844854   } 
   kinetic_energy { 3.795583150865812   } 
   kinetic_energyvar { 4.562264444500473   } 
   potential_energy { -10.39033084202381   } 
   potential_energyvar { 5.94225546948817   } 
   nonlocal_energy { 0.6636920741585   } 
   nonlocal_energyvar { 2.629938356800118   } 
   autocorr_energy { } 
} 

block { 
   label ts_0.01
   totweight 1740800
   nautocorr 0
   total_energy { -5.930479582882056   } 
   total_energyvar { 0.04062009780784672   } 
   weight { 0.9993875785865804   } 
   weightvar { 0.09200137620307482   } 
   kinetic_energy { 3.783181445100488   } 
   kinetic_energyvar { 4.549138771295967   } 
   potential_energy { -10.38066139559901   } 
   potential_energyvar { 5.993285410081482   } 
   nonlocal_energy { 0.6670003676164734   } 
   nonlocal_energyvar { 2.674760905513475   } 
   autocorr_energy { } 
} 

block { 
   label ts_0.01
   totweight 1740800
   nautocorr 0
   total_energy { -5.931920161785476   } 
   total_energyvar { 0.04040969441455558   } 
   weight { 0.9996500781904757   } 
   weightvar { 0.09375694289344463   } 
   kinetic_energy { 3.779735133951185   } 
   kinetic_energyvar { 4.641184824877929   } 
   potential_energy { -10.38606440582353   } 
   potential_energyvar { 5.980592473114458   } 
   nonlocal_energy { 0.6744091100868707   } 
   nonlocal_energyvar { 2.651471150515208   } 
   autocorr_energy { } 
} 

block { 
   label ts_0.01
   totweight 1740800
   nautocorr 0
   total_energy { -5.930952550963129   } 
   total_energyvar { 0.04071037849317367   } 
   weight { 0.9996701515538285   } 
   weightvar { 0.09517407972993742   } 
   kinetic_energy { 3.775015811744954   } 
   kinetic_energyvar { 4.575465903274528   } 
   potential_energy { -10.37523454948718   } 
   potential_energyvar { 5.819093996443506   } 
   nonlocal_energy { 0.6692661867790962   } 
   nonlocal_energyvar { 2.526470122793334   } 
   autocorr_energy { } 
} 

block { 
   label ts_0.01
   totweight 1740800
   nautocorr 0
   total_energy { -5.931390114977108   } 
   total_energyvar { 0.04066767534469547   } 
   weight { 0.9996553953760132   } 
   weightvar { 0.09703805574570354   } 
   kinetic_energy { 3.776913967239285   } 
   kinetic_energyvar { 4.581884361190681   } 
   potential_energy { -10.38077867056278   } 
   potential_energyvar { 6.106901285894287   } 
   nonlocal_energy { 0.6724745883463882   } 
   nonlocal_energyvar { 2.753982617096504   } 
   autocorr_energy { } 
} 

block { 
   label ts_0.01
   totweight 1740800
   nautocorr 0
   total_energy { -5.934275551386412   } 
   total_energyvar { 0.03933258208903095   } 
   weight { 1.000525840268987   } 
   weightvar { 0.09690054191980259   } 
   kinetic_energy { 3.782573231002184   } 
   kinetic_energyvar { 4.558195661742193   } 
   potential_energy { -10.385833283343   } 
   potential_energyvar { 5.987263592286419   } 
   nonlocal_energy { 0.6689845009544061   } 
   nonlocal_energyvar { 2.620323993817076   } 
   autocorr_energy { } 
} 

block { 
   label ts_0.01
   totweight 1740800
   nautocorr 0
   total_energy { -5.933511545095174   } 
   total_energyvar { 0.04076157142548712   } 
   weight { 1.001944192153324   } 
   weightvar { 0.09764758618093949   } 
   kinetic_energy { 3.789474373139075   } 
   kinetic_energyvar { 4.589238052798451   } 
   potential_energy { -10.39120634159901   } 
   potential_energyvar { 5.976564804927842   } 
   nonlocal_energy { 0.6682204233647667   } 
   nonlocal_energyvar { 2.656606056457581   } 
   autocorr_energy { } 
} 

block { 
   label ts_0.01
   totweight 1740800
   nautocorr 0
   total_energy { -5.932821500145615   } 
   total_energyvar { 0.04042358071876216   } 
   weight { 1.001228314922723   } 
   weightvar { 0.09791565763825778   } 
   kinetic_energy { 3.78211341377075   } 
   kinetic_energyvar { 4.644028492248384   } 
   potential_energy { -10.38197413554783   } 
   potential_energyvar { 6.036137592083968   } 
   nonlocal_energy { 0.6670392216314666   } 
   nonlocal_energyvar { 2.676880655793107   } 
   autocorr_energy { } 
} 

block { 
   label ts_0.01
   totweight 1740800
   nautocorr 0
   total_energy { -5.932682184736739   } 
   total_energyvar { 0.04105574808861918   } 
   weight { 1.000673365601296   } 
   weightvar { 0.09758326709952048   } 
   kinetic_energy { 3.769069525289543   } 
   kinetic_energyvar { 4.594898739703517   } 
   potential_energy { -10.36566093824188   } 
   potential_energyvar { 5.777002773770353   } 
   nonlocal_energy { 0.6639092282155938   } 
   nonlocal_energyvar { 2.534219369444515   } 
   autocorr_energy { } 
} 

block { 
   label ts_0.01
   totweight 1740800
   nautocorr 0
   total_energy { -5.933434640875214   } 
   total_energyvar { 0.03889392480637285   } 
   weight { 1.001023827328156   } 
   weightvar { 0.09812857577886935   } 
   kinetic_energy { 3.784562302987831   } 
   kinetic_energyvar { 4.580468115464495   } 
   potential_energy { -10.3794969301357   } 
   potential_energyvar { 5.935378396327661   } 
   nonlocal_energy { 0.6614999862726575   } 
   nonlocal_energyvar { 2.580061922243388   } 
   autocorr_energy { } 
} 

block { 
   label ts_0.01
   totweight 1740800
   nautocorr 0
   total_energy { -5.933296144661229   } 
   total_energyvar { 0.03945831389529581   } 
   weight { 1.001077936318383   } 
   weightvar { 0.09899461134393164   } 
   kinetic_energy { 3.787994418678122   } 
   kinetic_energyvar { 4.573574641158163   } 
   potential_energy { -10.37906708880594   } 
   potential_energyvar { 5.894850970177957   } 
   nonlocal_energy { 0.6577765254665837   } 
   nonlocal_energyvar { 2.543480285501666   } 
   autocorr_energy { } 
} 

block { 
   label ts_0.01
   totweight 1740800
   nautocorr 0
   total_energy { -5.932272473984567   } 
   total_energyvar { 0.04054581008088814   } 
   weight { 1.000538132880766   } 
   weightvar { 0.09770566399869964   } 
   kinetic_energy { 3.773218762297431   } 
   kinetic_energyvar { 4.528889833753126   } 
   potential_energy { -10.37298991800742   } 
   potential_energyvar { 6.015393641599891   } 
   nonlocal_energy { 0.6674986817254263   } 
   nonlocal_energyvar { 2.736927979288717   } 
   autocorr_energy { } 
} 

block { 
   label ts_0.01
   totweight 1740800
   nautocorr 0
   total_energy { -5.932347323979627   } 
   total_energyvar { 0.03927623907732379   } 
   weight { 1.000477178192272   } 
   weightvar { 0.09824846087535823   } 
   kinetic_energy { 3.767903877207475   } 
   kinetic_energyvar { 4.545782795250694   } 
   potential_energy { -10.36216176942469   } 
   potential_energyvar { 5.836108534926803   } 
   nonlocal_energy { 0.6619105682375825   } 
   nonlocal_energyvar { 2.471857117072192   } 
   autocorr_energy { } 
} 

block { 
   label ts_0.01
   totweight 1740800
   nautocorr 0
   total_energy { -5.933016610481684   } 
   total_energyvar { 0.03953671441231837   } 
   weight { 1.000037215419851   } 
   weightvar { 0.0982237284616707   } 
   kinetic_energy { 3.777040785785042   } 
   kinetic_energyvar { 4.579285231112602   } 
   potential_energy { -10.38139946069441   } 
   potential_energyvar { 5.888565164688168   } 
   nonlocal_energy { 0.6713420644276811   } 
   nonlocal_energyvar { 2.560097979714052   } 
   autocorr_energy { } 
} 

block { 
   label ts_0.01
   totweight 1740800
   nautocorr 0
   total_energy { -5.933523227307234   } 
   total_energyvar { 0.04677947200206119   } 
   weight { 1.000510378040529   } 
   weightvar { 0.09897010457060978   } 
   kinetic_energy { 3.789645906547237   } 
   kinetic_energyvar { 4.757023999383269   } 
   potential_energy { -10.39529944608141   } 
   potential_energyvar { 6.245175764536153   } 
   nonlocal_energy { 0.6721303122269441   } 
   nonlocal_energyvar { 2.930911637066925   } 
   autocorr_energy { } 
} 

block { 
   label ts_0.01
   totweight 1740800
   nautocorr 0
   total_energy { -5.932284298431566   } 
   total_energyvar { 0.04228441898384988   } 
   weight { 1.000353383539209   } 
   weightvar { 0.09938973869935958   } 
   kinetic_energy { 3.782176714105914   } 
   kinetic_energyvar { 4.595354279012263   } 
   potential_energy { -10.39441371865786   } 
   potential_energyvar { 5.854239988921899   } 
   nonlocal_energy { 0.6799527061203812   } 
   nonlocal_energyvar { 2.704747054876136   } 
   autocorr_energy { } 
} 

block { 
   label ts_0.01
   totweight 1740800
   nautocorr 0
   total_energy { -5.93245960679659   } 
   total_energyvar { 0.03983162970247004   } 
   weight { 1.000024225087127   } 
   weightvar { 0.09979436821669013   } 
   kinetic_energy { 3.773501226770518   } 
   kinetic_energyvar { 4.578708707721039   } 
   potential_energy { -10.37338268698115   } 
   potential_energyvar { 5.913786828169366   } 
   nonlocal_energy { 0.6674218534140373   } 
   nonlocal_energyvar { 2.609829010842208   } 
   autocorr_energy { } 
} 

block { 
   label ts_0.01
   totweight 1740800
   nautocorr 0
   total_energy { -5.932856665364801   } 
   total_energyvar { 0.04087678951595533   } 
   weight { 1.00011641156093   } 
   weightvar { 0.09988903323700998   } 
   kinetic_energy { 3.771463225655017   } 
   kinetic_energyvar { 4.571914466550774   } 
   potential_energy { -10.37032408157465   } 
   potential_energyvar { 5.837055877537622   } 
   nonlocal_energy { 0.6660041905548322   } 
   nonlocal_energyvar { 2.592412669884085   } 
   autocorr_energy { } 
} 

block { 
   label ts_0.01
   totweight 1740800
   nautocorr 0
   total_energy { -5.931832608471851   } 
   total_energyvar { 0.04185281140231288   } 
   weight { 0.9996819057720981   } 
   weightvar { 0.09943718324210822   } 
   kinetic_energy { 3.775508212930808   } 
   kinetic_energyvar { 4.624134833052364   } 
   potential_energy { -10.37392474379968   } 
   potential_energyvar { 5.890783862518246   } 
   nonlocal_energy { 0.6665839223970229   } 
   nonlocal_energyvar { 2.604216650881924   } 
   autocorr_energy { } 
} 

block { 
   label ts_0.01
   totweight 1740800
   nautocorr 0
   total_energy { -5.932637391888381   } 
   total_energyvar { 0.04087286912656965   } 
   weight { 0.9994955153874956   } 
   weightvar { 0.09917921470858652   } 
   kinetic_energy { 3.778982357422867   } 
   kinetic_energyvar { 4.590789776918087   } 
   potential_energy { -10.38196646404204   } 
   potential_energyvar { 5.923643383433177   } 
   nonlocal_energy { 0.6703467147307965   } 
   nonlocal_energyvar { 2.61152970622112   } 
   autocorr_energy { } 
} 

block { 
   label ts_0.01
   totweight 1740800
   nautocorr 0
   total_energy { -5.934789445812044   } 
   total_energyvar { 0.03923965151800768   } 
   weight { 1.000774458456217   } 
   weightvar { 0.09998837880275523   } 
   kinetic_energy { 3.770221417426189   } 
   kinetic_energyvar { 4.579148456978606   } 
   potential_energy { -10.37322889670877   } 
   potential_energyvar { 5.93912888177061   } 
   nonlocal_energy { 0.6682180334705351   } 
   nonlocal_energyvar { 2.643832055528194   } 
   autocorr_energy { } 
} 

block { 
   label ts_0.01
   totweight 1740800
   nautocorr 0
   total_energy { -5.931804559911903   } 
   total_energyvar { 0.04018957960645606   } 
   weight { 1.000328844877551   } 
   weightvar { 0.09869095461886998   } 
   kinetic_energy { 3.767803727811465   } 
   kinetic_energyvar { 4.52662431534772   } 
   potential_energy { -10.37075271828007   } 
   potential_energyvar { 5.842195968030413   } 
   nonlocal_energy { 0.6711444305567015   } 
   nonlocal_energyvar { 2.64776094538581   } 
   autocorr_energy { } 
} 

block { 
   label ts_0.01
   totweight 1740800
   nautocorr 0
   total_energy { -5.934045440494082   } 
   total_energyvar { 0.03908041212667577   } 
   weight { 1.000405375677879   } 
   weightvar { 0.09950630493345841   } 
   kinetic_energy { 3.773367611567751   } 
   kinetic_energyvar { 4.557414427790438   } 
   potential_energy { -10.35630169520844   } 
   potential_energyvar { 5.860200416538002   } 
   nonlocal_energy { 0.6488886431466064   } 
   nonlocal_energyvar { 2.512849179869938   } 
   autocorr_energy { } 
} 

block { 
   label ts_0.01
   totweight 1740800
   nautocorr 0
   total_energy { -5.933653394576046   } 
   total_energyvar { 0.03979914269605451   } 
   weight { 1.000924720385507   } 
   weightvar { 0.09865175051074747   } 
   kinetic_energy { 3.775532022141015   } 
   kinetic_energyvar { 4.593057941887438   } 
   potential_energy { -10.37003785458343   } 
   potential_energyvar { 6.05456294792318   } 
   nonlocal_energy { 0.6608524378663667   } 
   nonlocal_energyvar { 2.60316908916293   } 
   autocorr_energy { } 
} 

block { 
   label ts_0.01
   totweight 1740800
   nautocorr 0
   total_energy { -5.932406850499397   } 
   total_energyvar { 0.04142157848490469   } 
   weight { 1.000323475147382   } 
   weightvar { 0.09882852560169195   } 
   kinetic_energy { 3.758398019565639   } 
   kinetic_energyvar { 4.618041537148415   } 
   potential_energy { -10.35331782172681   } 
   potential_energyvar { 5.945158664617682   } 
   nonlocal_energy { 0.6625129516617717   } 
   nonlocal_energyvar { 2.669999984285553   } 
   autocorr_energy { } 
} 

block { 
   label ts_0.01
   totweight 1740800
   nautocorr 0
   total_energy { -5.932351814478801   } 
   total_energyvar { 0.03970051395607287   } 
   weight { 0.9998955771291576   } 
   weightvar { 0.09941917497332828   } 
   kinetic_energy { 3.775530957878964   } 
   kinetic_energyvar { 4.59953626093961   } 
   potential_energy { -10.36775848581325   } 
   potential_energyvar { 5.834088527802072   } 
   nonlocal_energy { 0.6598757134554821   } 
   nonlocal_energyvar { 2.533926098903243   } 
   autocorr_energy { } 
} 

block { 
   label ts_0.01
   totweight 1740800
   nautocorr 0
   total_energy { -5.932359908249095   } 
   total_energyvar { 0.03960355688298717   } 
   weight { 0.9996751245810316   } 
   weightvar { 0.09930848776445243   } 
   kinetic_energy { 3.785027476331815   } 
   kinetic_energyvar { 4.615367564328458   } 
   potential_energy { -10.37404158071512   } 
   potential_energyvar { 6.332942982037841   } 
   nonlocal_energy { 0.6566541961342146   } 
   nonlocal_energyvar { 2.887543989871508   } 
   autocorr_energy { } 
} 

block { 
   label ts_0.01
   totweight 1740800
   nautocorr 0
   total_energy { -5.931993051372482   } 
   total_energyvar { 0.03954158045403901   } 
   weight { 0.9992034035272627   } 
   weightvar { 0.09780251267396953   } 
   kinetic_energy { 3.792298163548375   } 
   kinetic_energyvar { 4.633949980332447   } 
   potential_energy { -10.3893146972888   } 
   potential_energyvar { 5.974250341780932   } 
   nonlocal_energy { 0.6650234823679418   } 
   nonlocal_energyvar { 2.596047764818923   } 
   autocorr_energy { } 
} 

block { 
   label ts_0.01
   totweight 1740800
   nautocorr 0
   total_energy { -5.931912503795767   } 
   total_energyvar { 0.03964262924574021   } 
   weight { 0.999428556375476   } 
   weightvar { 0.09732956865864784   } 
   kinetic_energy { 3.770481025872105   } 
   kinetic_energyvar { 4.573075576181036   } 
   potential_energy { -10.37015782091584   } 
   potential_energyvar { 5.886038985139495   } 
   nonlocal_energy { 0.6677642912479653   } 
   nonlocal_energyvar { 2.600882544164427   } 
   autocorr_energy { } 
} 

block { 
   label ts_0.01
   totweight 1740800
   nautocorr 0
   total_energy { -5.933897013138122   } 
   total_energyvar { 0.04214224539400001   } 
   weight { 0.9995699060980113   } 
   weightvar { 0.09797295696235105   } 
   kinetic_energy { 3.766603621521793   } 
   kinetic_energyvar { 4.641483289381672   } 
   potential_energy { -10.38455933358579   } 
   potential_energyvar { 5.971488693512831   } 
   nonlocal_energy { 0.6840586989258736   } 
   nonlocal_energyvar { 2.750524711701351   } 
   autocorr_energy { } 
} 

block { 
   label ts_0.01
   totweight 1740800
   nautocorr 0
   total_energy { -5.932445908359873   } 
   total_energyvar { 0.04012414630160804   } 
   weight { 1.000292528850866   } 
   weightvar { 0.09862602938405418   } 
   kinetic_energy { 3.777174245810781   } 
   kinetic_energyvar { 4.632674264039697   } 
   potential_energy { -10.38564701234601   } 
   potential_energyvar { 5.929702558008798   } 
   nonlocal_energy { 0.6760268581753525   } 
   nonlocal_energyvar { 2.625277037029159   } 
   autocorr_energy { } 
} 

block { 
   label ts_0.01
   totweight 1740800
   nautocorr 0
   total_energy { -5.933587725682367   } 
   total_energyvar { 0.03962818538990167   } 
   weight { 1.000028305317277   } 
   weightvar { 0.09856927490670588   } 
   kinetic_energy { 3.762666529520422   } 
   kinetic_energyvar { 4.617303000361012   } 
   potential_energy { -10.37130549239837   } 
   potential_energyvar { 5.860336568873743   } 
   nonlocal_energy { 0.675051237195582   } 
   nonlocal_energyvar { 2.629514769709126   } 
   autocorr_energy { } 
} 

block { 
   label ts_0.01
   totweight 1740800
   nautocorr 0
   total_energy { -5.932843757888534   } 
   total_energyvar { 0.03998736096410871   } 
   weight { 1.000363982010453   } 
   weightvar { 0.09856503409640886   } 
   kinetic_energy { 3.785275671962726   } 
   kinetic_energyvar { 4.603447495113914   } 
   potential_energy { -10.38407788011102   } 
   potential_energyvar { 5.984434127056906   } 
   nonlocal_energy { 0.6659584502597595   } 
   nonlocal_energyvar { 2.683800774228208   } 
   autocorr_energy { } 
} 

#-------------------------------------------------
#DMC run: timestep 0.005
#-------------------------------------------------


init { 
   label ts_0.005
}
block { 
   label ts_0.005
   totweight 3481600
   nautocorr 0
   total_energy { -5.932826969224312   } 
   total_energyvar { 0.04045365411468708   } 
   weight { 1.000337190613637   } 
   weightvar { 0.09970874718504079   } 
   kinetic_energy { 3.775397111672951   } 
   kinetic_energyvar { 4.608753910222115   } 
   potential_energy { -10.38692522994043   } 
   potential_energyvar { 5.908548893311592   } 
   nonlocal_energy { 0.6787011490431678   } 
   nonlocal_energyvar { 2.651166102628591   } 
   autocorr_energy { } 
} 

block { 
   label ts_0.005
   totweight 3481600
   nautocorr 0
   total_energy { -5.934151848190431   } 
   total_energyvar { 0.03887413333344285   } 
   weight { 1.000467118278991   } 
   weightvar { 0.1003044762084832   } 
   kinetic_energy { 3.770427788009131   } 
   kinetic_energyvar { 4.606396422099581   } 
   potential_energy { -10.35631258935556   } 
   potential_energyvar { 5.906215117497008   } 
   nonlocal_energy { 0.6517329531559989   } 
   nonlocal_energyvar { 2.497580550226011   } 
   autocorr_energy { } 
} 

block { 
   label ts_0.005
   totweight 3481600
   nautocorr 0
   total_energy { -5.933409355784383   } 
   total_energyvar { 0.03918341296370238   } 
   weight { 1.000876112758519   } 
   weightvar { 0.09900503442611881   } 
   kinetic_energy { 3.772957359062441   } 
   kinetic_energyvar { 4.548973092826993   } 
   potential_energy { -10.38137374077822   } 
   potential_energyvar { 5.893015999031077   } 
   nonlocal_energy { 0.6750070259314001   } 
   nonlocal_energyvar { 2.598554196071815   } 
   autocorr_energy { } 
} 

block { 
   label ts_0.005
   totweight 3481600
   nautocorr 0
   total_energy { -5.932326177712063   } 
   total_energyvar { 0.04006923716891043   } 
   weight { 0.9991819468432882   } 
   weightvar { 0.09848325772863818   } 
   kinetic_energy { 3.767558062231689   } 
   kinetic_energyvar { 4.543096448401588   } 
   potential_energy { -10.37390403271417   } 
   potential_energyvar { 5.850882233079845   } 
   nonlocal_energy { 0.6740197927704172   } 
   nonlocal_energyvar { 2.593326692615736   } 
   autocorr_energy { } 
} 

block { 
   label ts_0.005
   totweight 3481600
   nautocorr 0
   total_energy { -5.934037498368411   } 
   total_energyvar { 0.04095611379509616   } 
   weight { 0.9995751669739674   } 
   weightvar { 0.09839222560532403   } 
   kinetic_energy { 3.766651469343874   } 
   kinetic_energyvar { 4.554845024032524   } 
   potential_energy { -10.36719131176341   } 
   potential_energyvar { 5.998468016878468   } 
   nonlocal_energy { 0.666502344051121   } 
   nonlocal_energyvar { 2.695219595195712   } 
   autocorr_energy { } 
} 

block { 
   label ts_0.005
   totweight 3481600
   nautocorr 0
   total_energy { -5.93379183877072   } 
   total_energyvar { 0.03997635793816606   } 
   weight { 1.000042040292588   } 
   weightvar { 0.09933833777600802   } 
   kinetic_energy { 3.76566344849918   } 
   kinetic_energyvar { 4.55058493999635   } 
   potential_energy { -10.36118905149576   } 
   potential_energyvar { 6.09035100983926   } 
   nonlocal_energy { 0.6617337642258626   } 
   nonlocal_energyvar { 2.729825379475257   } 
   autocorr_energy { } 
} 

block { 
   label ts_0.005
   totweight 3481600
   nautocorr 0
   total_energy { -5.933792380497614   } 
   total_energyvar { 0.03996338783474224   } 
   weight { 0.9999259406783259   } 
   weightvar { 0.09943480609112559   } 
   kinetic_energy { 3.768235752454452   } 
   kinetic_energyvar { 4.591923808621774   } 
   potential_energy { -10.3693940287536   } 
   potential_energyvar { 6.05172211904812   } 
   nonlocal_energy { 0.6673658958015352   } 
   nonlocal_energyvar { 2.743464260060472   } 
   autocorr_energy { } 
} 

block { 
   label ts_0.005
   totweight 3481600
   nautocorr 0
   total_energy { -5.932571829324424   } 
   total_energyvar { 0.03916265279462047   } 
   weight { 0.9992498479321004   } 
   weightvar { 0.1010516567772264   } 
   kinetic_energy { 3.755757033285579   } 
   kinetic_energyvar { 4.558581245975777   } 
   potential_energy { -10.35847044595281   } 
   potential_energyvar { 5.906070091933732   } 
   nonlocal_energy { 0.6701415833428052   } 
   nonlocal_energyvar { 2.636294206487315   } 
   autocorr_energy { } 
} 

block { 
   label ts_0.005
   totweight 3481600
   nautocorr 0
   total_energy { -5.933408270509137   } 
   total_energyvar { 0.04004652114616842   } 
   weight { 0.9991823952677097   } 
   weightvar { 0.1013225180148494   } 
   kinetic_energy { 3.771406668620576   } 
   kinetic_energyvar { 4.599317904902865   } 
   potential_energy { -10.37491151060467   } 
   potential_energyvar { 5.937825485838784   } 
   nonlocal_energy { 0.6700965714749574   } 
   nonlocal_energyvar { 2.634692885280799   } 
   autocorr_energy { } 
} 

block { 
   label ts_0.005
   totweight 3481600
   nautocorr 0
   total_energy { -5.933225690689055   } 
   total_energyvar { 0.04039740948105241   } 
   weight { 0.9995959545879664   } 
   weightvar { 0.1007323812344038   } 
   kinetic_energy { 3.768972226301349   } 
   kinetic_energyvar { 4.514674357050107   } 
   potential_energy { -10.36892422812373   } 
   potential_energyvar { 5.7922713717464   } 
   nonlocal_energy { 0.6667263111333224   } 
   nonlocal_energyvar { 2.495880724594111   } 
   autocorr_energy { } 
} 

block { 
   label ts_0.005
   totweight 3481600
   nautocorr 0
   total_energy { -5.934773159907986   } 
   total_energyvar { 0.03998227283881867   } 
   weight { 0.9999956569651595   } 
   weightvar { 0.09927215301128063   } 
   kinetic_energy { 3.76861304178181   } 
   kinetic_energyvar { 4.620565682724204   } 
   potential_energy { -10.36943517419586   } 
   potential_energyvar { 6.006446678437976   } 
   nonlocal_energy { 0.6660489725060696   } 
   nonlocal_energyvar { 2.696534837235666   } 
   autocorr_energy { } 
} 

block { 
   label ts_0.005
   totweight 3481600
   nautocorr 0
   total_energy { -5.931877639326328   } 
   total_energyvar { 0.04230872858216532   } 
   weight { 0.9996779806472994   } 
   weightvar { 0.09852431788169848   } 
   kinetic_energy { 3.779322910202756   } 
   kinetic_energyvar { 4.543925525170341   } 
   potential_energy { -10.37557981867831   } 
   potential_energyvar { 6.324512055935655   } 
   nonlocal_energy { 0.6643792691492272   } 
   nonlocal_energyvar { 2.986030800480404   } 
   autocorr_energy { } 
} 

block { 
   label ts_0.005
   totweight 3481600
   nautocorr 0
   total_energy { -5.932579771674451   } 
   total_energyvar { 0.04068961892235281   } 
   weight { 0.9987048161456205   } 
   weightvar { 0.09922755247808231   } 
   kinetic_energy { 3.774812317960679   } 
   kinetic_energyvar { 4.579702734482021   } 
   potential_energy { -10.37513261443481   } 
   potential_energyvar { 5.890729835526098   } 
   nonlocal_energy { 0.6677405247996819   } 
   nonlocal_energyvar { 2.639972519269627   } 
   autocorr_energy { } 
} 

block { 
   label ts_0.005
   totweight 3481600
   nautocorr 0
   total_energy { -5.932438576327002   } 
   total_energyvar { 0.038970693803147   } 
   weight { 0.9988989068861664   } 
   weightvar { 0.09950569875079318   } 
   kinetic_energy { 3.789403999222218   } 
   kinetic_energyvar { 4.525573794551851   } 
   potential_energy { -10.38268345086487   } 
   potential_energyvar { 5.862995399058757   } 
   nonlocal_energy { 0.6608408753156511   } 
   nonlocal_energyvar { 2.517380956215474   } 
   autocorr_energy { } 
} 

block { 
   label ts_0.005
   totweight 3481600
   nautocorr 0
   total_energy { -5.932514574645682   } 
   total_energyvar { 0.03961227238611917   } 
   weight { 0.9985909207237608   } 
   weightvar { 0.09889394417834024   } 
   kinetic_energy { 3.798541134989308   } 
   kinetic_energyvar { 4.617891597246317   } 
   potential_energy { -10.40045250082784   } 
   potential_energyvar { 5.987786607827585   } 
   nonlocal_energy { 0.6693967911928479   } 
   nonlocal_energyvar { 2.630680955452545   } 
   autocorr_energy { } 
} 

block { 
   label ts_0.005
   totweight 3481600
   nautocorr 0
   total_energy { -5.932739513744877   } 
   total_energyvar { 0.03881156481617894   } 
   weight { 0.9992048984326996   } 
   weightvar { 0.09965839476663223   } 
   kinetic_energy { 3.795248777612731   } 
   kinetic_energyvar { 4.572616506497123   } 
   potential_energy { -10.39561562822781   } 
   potential_energyvar { 5.967050884405728   } 
   nonlocal_energy { 0.6676273368702005   } 
   nonlocal_energyvar { 2.589376082138448   } 
   autocorr_energy { } 
} 

block { 
   label ts_0.005
   totweight 3481600
   nautocorr 0
   total_energy { -5.931787074629188   } 
   total_energyvar { 0.04034600929374185   } 
   weight { 0.9987266559906171   } 
   weightvar { 0.09922531018718123   } 
   kinetic_energy { 3.781823676968562   } 
   kinetic_energyvar { 4.607723565973147   } 
   potential_energy { -10.37481864695178   } 
   potential_energyvar { 6.01436585858203   } 
   nonlocal_energy { 0.6612078953540347   } 
   nonlocal_energyvar { 2.68240308685118   } 
   autocorr_energy { } 
} 

block { 
   label ts_0.005
   totweight 3481600
   nautocorr 0
   total_energy { -5.93225061646686   } 
   total_energyvar { 0.04084677010202751   } 
   weight { 0.9985172681866521   } 
   weightvar { 0.09882242714956896   } 
   kinetic_energy { 3.788146193486573   } 
   kinetic_energyvar { 4.564317793051914   } 
   potential_energy { -10.38727997132514   } 
   potential_energyvar { 5.880910284552446   } 
   nonlocal_energy { 0.666883161371709   } 
   nonlocal_energyvar { 2.55377673238702   } 
   autocorr_energy { } 
} 

block { 
   label ts_0.005
   totweight 3481600
   nautocorr 0
   total_energy { -5.932479812370614   } 
   total_energyvar { 0.04136163653715545   } 
   weight { 0.9988651667841287   } 
   weightvar { 0.1002518465078393   } 
   kinetic_energy { 3.764283634662015   } 
   kinetic_energyvar { 4.578852047023923   } 
   potential_energy { -10.3665245291905   } 
   potential_energyvar { 5.867149237906738   } 
   nonlocal_energy { 0.6697610821578762   } 
   nonlocal_energyvar { 2.639283525398714   } 
   autocorr_energy { } 
} 

block { 
   label ts_0.005
   totweight 3481600
   nautocorr 0
   total_energy { -5.933864071623411   } 
   total_energyvar { 0.04053041704680267   } 
   weight { 0.9994490322691814   } 
   weightvar { 0.09911372122455801   } 
   kinetic_energy { 3.771544836144848   } 
   kinetic_energyvar { 4.576605439677733   } 
   potential_energy { -10.36512631123739   } 
   potential_energyvar { 6.01350431465365   } 
   nonlocal_energy { 0.6597174034691309   } 
   nonlocal_energyvar { 2.691550915973782   } 
   autocorr_energy { } 
} 

block { 
   label ts_0.005
   totweight 3481600
   nautocorr 0
   total_energy { -5.933696970249966   } 
   total_energyvar { 0.03877849613586828   } 
   weight { 0.9999753090921609   } 
   weightvar { 0.09941594977229402   } 
   kinetic_energy { 3.777125202152423   } 
   kinetic_energyvar { 4.595672255541108   } 
   potential_energy { -10.36101782317295   } 
   potential_energyvar { 5.926134751545622   } 
   nonlocal_energy { 0.6501956507705641   } 
   nonlocal_energyvar { 2.470707543690169   } 
   autocorr_energy { } 
} 

block { 
   label ts_0.005
   totweight 3481600
   nautocorr 0
   total_energy { -5.932377765356464   } 
   total_energyvar { 0.03941433855590029   } 
   weight { 0.9997895720776536   } 
   weightvar { 0.09892332614798817   } 
   kinetic_energy { 3.791492966898087   } 
   kinetic_energyvar { 4.603959371278347   } 
   potential_energy { -10.39361081819255   } 
   potential_energyvar { 5.969345145240364   } 
   nonlocal_energy { 0.6697400859380024   } 
   nonlocal_energyvar { 2.612632301051392   } 
   autocorr_energy { } 
} 

block { 
   label ts_0.005
   totweight 3481600
   nautocorr 0
   total_energy { -5.933309486035997   } 
   total_energyvar { 0.04040648963708282   } 
   weight { 0.9994270417863976   } 
   weightvar { 0.09822905342381437   } 
   kinetic_energy { 3.779508202191533   } 
   kinetic_energyvar { 4.575800346119345   } 
   potential_energy { -10.37272776742126   } 
   potential_energyvar { 5.862830977564036   } 
   nonlocal_energy { 0.6599100791937298   } 
   nonlocal_energyvar { 2.531785618782265   } 
   autocorr_energy { } 
} 

block { 
   label ts_0.005
   totweight 3481600
   nautocorr 0
   total_energy { -5.934028488223447   } 
   total_energyvar { 0.03978842852943944   } 
   weight { 1.000087659715647   } 
   weightvar { 0.09877193046872663   } 
   kinetic_energy { 3.772462469962688   } 
   kinetic_energyvar { 4.554180445147061   } 
   potential_energy { -10.36593292848849   } 
   potential_energyvar { 6.017905131125628   } 
   nonlocal_energy { 0.6594419703023532   } 
   nonlocal_energyvar { 2.676200474935598   } 
   autocorr_energy { } 
} 

block { 
   label ts_0.005
   totweight 3481600
   nautocorr 0
   total_energy { -5.931926706115631   } 
   total_energyvar { 0.03959649588699232   } 
   weight { 0.9997587877853218   } 
   weightvar { 0.09870213837254935   } 
   kinetic_energy { 3.774167985396491   } 
   kinetic_energyvar { 4.546842382914973   } 
   potential_energy { -10.37598470204805   } 
   potential_energyvar { 5.852903357067103   } 
   nonlocal_energy { 0.6698900105359258   } 
   nonlocal_energyvar { 2.64921960494763   } 
   autocorr_energy { } 
} 

block { 
   label ts_0.005
   totweight 3481600
   nautocorr 0
   total_energy { -5.932761044580044   } 
   total_energyvar { 0.04003583874000732   } 
   weight { 0.9991393258066736   } 
   weightvar { 0.09858085007968764   } 
   kinetic_energy { 3.795412189135849   } 
   kinetic_energyvar { 4.596352236452089   } 
   potential_energy { -10.39534678155135   } 
   potential_energyvar { 5.852290211543893   } 
   nonlocal_energy { 0.66717354783546   } 
   nonlocal_energyvar { 2.580148610641767   } 
   autocorr_energy { } 
} 

block { 
   label ts_0.005
   totweight 3481600
   nautocorr 0
   total_energy { -5.931011435438903   } 
   total_energyvar { 0.0398656517408348   } 
   weight { 0.9985351231887323   } 
   weightvar { 0.09752758129840247   } 
   kinetic_energy { 3.796087768583898   } 
   kinetic_energyvar { 4.536768315774176   } 
   potential_energy { -10.40077890822273   } 
   potential_energyvar { 5.885052620993062   } 
   nonlocal_energy { 0.6736797041999283   } 
   nonlocal_energyvar { 2.592804699306082   } 
   autocorr_energy { } 
} 

block { 
   label ts_0.005
   totweight 3481600
   nautocorr 0
   total_energy { -5.932673101804661   } 
   total_energyvar { 0.03950044928979402   } 
   weight { 0.9985588134792883   } 
   weightvar { 0.09743322992672429   } 
   kinetic_energy { 3.789449895808315   } 
   kinetic_energyvar { 4.545714630795763   } 
   potential_energy { -10.38956189866116   } 
   potential_energyvar { 5.935702123697602   } 
   nonlocal_energy { 0.6674389010481893   } 
   nonlocal_energyvar { 2.605446615516703   } 
   autocorr_energy { } 
} 

block { 
   label ts_0.005
   totweight 3481600
   nautocorr 0
   total_energy { -5.932576940841197   } 
   total_energyvar { 0.0405304623798643   } 
   weight { 0.9990934308534722   } 
   weightvar { 0.0988846304293319   } 
   kinetic_energy { 3.790490258360342   } 
   kinetic_energyvar { 4.629882338673114   } 
   potential_energy { -10.38802588434818   } 
   potential_energyvar { 5.972922606809812   } 
   nonlocal_energy { 0.664958685146641   } 
   nonlocal_energyvar { 2.679725809540489   } 
   autocorr_energy { } 
} 

block { 
   label ts_0.005
   totweight 3481600
   nautocorr 0
   total_energy { -5.932179362932726   } 
   total_energyvar { 0.04058438313600081   } 
   weight { 0.9990742783563409   } 
   weightvar { 0.09862750133862849   } 
   kinetic_energy { 3.786874249268996   } 
   kinetic_energyvar { 4.595869940795279   } 
   potential_energy { -10.38848881717245   } 
   potential_energyvar { 5.968795932234991   } 
   nonlocal_energy { 0.6694352049707352   } 
   nonlocal_energyvar { 2.664382479269391   } 
   autocorr_energy { } 
} 

block { 
   label ts_0.005
   totweight 3481600
   nautocorr 0
   total_energy { -5.932043492789747   } 
   total_energyvar { 0.03879279297790895   } 
   weight { 0.9989430371817741   } 
   weightvar { 0.09979786546323874   } 
   kinetic_energy { 3.794773156022945   } 
   kinetic_energyvar { 4.571668651127742   } 
   potential_energy { -10.38721299324069   } 
   potential_energyvar { 6.100966567990048   } 
   nonlocal_energy { 0.6603963444280014   } 
   nonlocal_energyvar { 2.692199716373531   } 
   autocorr_energy { } 
} 

block { 
   label ts_0.005
   totweight 3481600
   nautocorr 0
   total_energy { -5.932745708924758   } 
   total_energyvar { 0.04023556981233312   } 
   weight { 0.998809907614806   } 
   weightvar { 0.1011657060372682   } 
   kinetic_energy { 3.785409841853613   } 
   kinetic_energyvar { 4.653106284497999   } 
   potential_energy { -10.38342225546779   } 
   potential_energyvar { 5.977484568402151   } 
   nonlocal_energy { 0.6652667046894162   } 
   nonlocal_energyvar { 2.679711382071277   } 
   autocorr_energy { } 
} 

block { 
   label ts_0.005
   totweight 3481600
   nautocorr 0
   total_energy { -5.930877530231145   } 
   total_energyvar { 0.04028296580377683   } 
   weight { 0.9988788985787194   } 
   weightvar { 0.1020122001557536   } 
   kinetic_energy { 3.790448074393277   } 
   kinetic_energyvar { 4.638184433473263   } 
   potential_energy { -10.39121158624795   } 
   potential_energyvar { 5.923113211169136   } 
   nonlocal_energy { 0.6698859816235251   } 
   nonlocal_energyvar { 2.633682116839049   } 
   autocorr_energy { } 
} 

block { 
   label ts_0.005
   totweight 3481600
   nautocorr 0
   total_energy { -5.931023296818147   } 
   total_energyvar { 0.03928654350444746   } 
   weight { 0.9980113505687155   } 
   weightvar { 0.1003578858752964   } 
   kinetic_energy { 3.798614500385699   } 
   kinetic_energyvar { 4.613001526549925   } 
   potential_energy { -10.39813678818438   } 
   potential_energyvar { 6.051965552780136   } 
   nonlocal_energy { 0.6684989909805341   } 
   nonlocal_energyvar { 2.70952874025423   } 
   autocorr_energy { } 
} 

block { 
   label ts_0.005
   totweight 3481600
   nautocorr 0
   total_energy { -5.932655888485479   } 
   total_energyvar { 0.03942934854412034   } 
   weight { 0.9985662742948727   } 
   weightvar { 0.1009989994581689   } 
   kinetic_energy { 3.804527760910063   } 
   kinetic_energyvar { 4.59619915857229   } 
   potential_energy { -10.39889582124247   } 
   potential_energyvar { 5.986922702599449   } 
   nonlocal_energy { 0.6617121718469299   } 
   nonlocal_energyvar { 2.586689436292875   } 
   autocorr_energy { } 
} 

block { 
   label ts_0.005
   totweight 3481600
   nautocorr 0
   total_energy { -5.931506872066554   } 
   total_energyvar { 0.03931386013271982   } 
   weight { 0.9987457967961663   } 
   weightvar { 0.1008804091340439   } 
   kinetic_energy { 3.760244580629454   } 
   kinetic_energyvar { 4.58513736914515   } 
   potential_energy { -10.3627163242732   } 
   potential_energyvar { 5.878621832570281   } 
   nonlocal_energy { 0.6709648715771916   } 
   nonlocal_energyvar { 2.649071141368764   } 
   autocorr_energy { } 
} 

block { 
   label ts_0.005
   totweight 3481600
   nautocorr 0
   total_energy { -5.934791680473962   } 
   total_energyvar { 0.03963765614400695   } 
   weight { 0.9997724949743885   } 
   weightvar { 0.100960919109175   } 
   kinetic_energy { 3.768944275593165   } 
   kinetic_energyvar { 4.615528736426847   } 
   potential_energy { -10.36516680492938   } 
   potential_energyvar { 5.905799303842797   } 
   nonlocal_energy { 0.6614308488622518   } 
   nonlocal_energyvar { 2.58191092938825   } 
   autocorr_energy { } 
} 

block { 
   label ts_0.005
   totweight 3481600
   nautocorr 0
   total_energy { -5.932964783835538   } 
   total_energyvar { 0.03977212458530167   } 
   weight { 1.000493693466473   } 
   weightvar { 0.09986664760465444   } 
   kinetic_energy { 3.780840343275069   } 
   kinetic_energyvar { 4.599222625973853   } 
   potential_energy { -10.37843781071237   } 
   potential_energyvar { 6.090431439184033   } 
   nonlocal_energy { 0.6646326836017632   } 
   nonlocal_energyvar { 2.734257102059278   } 
   autocorr_energy { } 
} 

block { 
   label ts_0.005
   totweight 3481600
   nautocorr 0
   total_energy { -5.933662111659372   } 
   total_energyvar { 0.03957684226634205   } 
   weight { 1.000188110853001   } 
   weightvar { 0.09918313000156911   } 
   kinetic_energy { 3.776764374940389   } 
   kinetic_energyvar { 4.611013439350605   } 
   potential_energy { -10.38481616909451   } 
   potential_energyvar { 5.995088115250778   } 
   nonlocal_energy { 0.6743896824947485   } 
   nonlocal_energyvar { 2.662848415397269   } 
   autocorr_energy { } 
} 

block { 
   label ts_0.005
   totweight 3481600
   nautocorr 0
   total_energy { -5.934238630367714   } 
   total_energyvar { 0.03980112186169028   } 
   weight { 1.000543673752691   } 
   weightvar { 0.0982936324074539   } 
   kinetic_energy { 3.778665886310581   } 
   kinetic_energyvar { 4.60250863364756   } 
   potential_energy { -10.38177174738674   } 
   potential_energyvar { 5.955839952621488   } 
   nonlocal_energy { 0.6688672307084427   } 
   nonlocal_energyvar { 2.679429608984716   } 
   autocorr_energy { } 
} 

#-------------------------------------------------
#DMC run: timestep 0.002
#-------------------------------------------------


init { 
   label ts_0.002
}
block { 
   label ts_0.002
   totweight 8704000
   nautocorr 0
   total_energy { -5.933344459188037   } 
   total_energyvar { 0.0423231319098633   } 
   weight { 1.000085462575982   } 
   weightvar { 0.09811099718145029   } 
   kinetic_energy { 3.789323236957779   } 
   kinetic_energyvar { 4.587182103497564   } 
   potential_energy { -10.3895491133865   } 
   potential_energyvar { 5.857002035749951   } 
   nonlocal_energy { 0.6668814172406876   } 
   nonlocal_energyvar { 2.598076904213578   } 
   autocorr_energy { } 
} 

block { 
   label ts_0.002
   totweight 8704000
   nautocorr 0
   total_energy { -5.932194619970338   } 
   total_energyvar { 0.04011659212114663   } 
   weight { 0.9986208675886555   } 
   weightvar { 0.09837135773014001   } 
   kinetic_energy { 3.777067210541646   } 
   kinetic_energyvar { 4.589144885622308   } 
   potential_energy { -10.39049259832748   } 
   potential_energyvar { 6.010198106005014   } 
   nonlocal_energy { 0.6812307678154973   } 
   nonlocal_energyvar { 2.75693889186064   } 
   autocorr_energy { } 
} 

block { 
   label ts_0.002
   totweight 8704000
   nautocorr 0
   total_energy { -5.934128137070261   } 
   total_energyvar { 0.04214732083697303   } 
   weight { 0.9996823329011859   } 
   weightvar { 0.09726471317438723   } 
   kinetic_energy { 3.77588771963813   } 
   kinetic_energyvar { 4.630748471229539   } 
   potential_energy { -10.38471404506002   } 
   potential_energyvar { 6.826030193696902   } 
   nonlocal_energy { 0.674698188351625   } 
   nonlocal_energyvar { 3.459937062696631   } 
   autocorr_energy { } 
} 

block { 
   label ts_0.002
   totweight 8704000
   nautocorr 0
   total_energy { -5.931242032575698   } 
   total_energyvar { 0.0388605841668188   } 
   weight { 0.9992720372305395   } 
   weightvar { 0.09749993483189177   } 
   kinetic_energy { 3.779117972891737   } 
   kinetic_energyvar { 4.62108128181334   } 
   potential_energy { -10.37819228734127   } 
   potential_energyvar { 6.048462767717516   } 
   nonlocal_energy { 0.6678322818738339   } 
   nonlocal_energyvar { 2.702117331503143   } 
   autocorr_energy { } 
} 

block { 
   label ts_0.002
   totweight 8704000
   nautocorr 0
   total_energy { -5.931813619726568   } 
   total_energyvar { 0.04021413871876621   } 
   weight { 0.9986973301761074   } 
   weightvar { 0.09821512853894648   } 
   kinetic_energy { 3.777553474213307   } 
   kinetic_energyvar { 4.581064534578125   } 
   potential_energy { -10.37571142163611   } 
   potential_energyvar { 5.986943341106604   } 
   nonlocal_energy { 0.6663443276962298   } 
   nonlocal_energyvar { 2.670088276516309   } 
   autocorr_energy { } 
} 

block { 
   label ts_0.002
   totweight 8704000
   nautocorr 0
   total_energy { -5.931449609710319   } 
   total_energyvar { 0.03966949699232122   } 
   weight { 0.998599583409314   } 
   weightvar { 0.09840215497763823   } 
   kinetic_energy { 3.785193769239654   } 
   kinetic_energyvar { 4.600412804926163   } 
   potential_energy { -10.37723255727783   } 
   potential_energyvar { 6.028955551277181   } 
   nonlocal_energy { 0.6605891783278599   } 
   nonlocal_energyvar { 2.637559426522424   } 
   autocorr_energy { } 
} 

block { 
   label ts_0.002
   totweight 8704000
   nautocorr 0
   total_energy { -5.932402221396415   } 
   total_energyvar { 0.03947313355597133   } 
   weight { 0.9988740668600274   } 
   weightvar { 0.09908566043634176   } 
   kinetic_energy { 3.770751401969887   } 
   kinetic_energyvar { 4.539770662961189   } 
   potential_energy { -10.37312536105571   } 
   potential_energyvar { 5.888928431800919   } 
   nonlocal_energy { 0.669971737689412   } 
   nonlocal_energyvar { 2.588344625369912   } 
   autocorr_energy { } 
} 

block { 
   label ts_0.002
   totweight 8704000
   nautocorr 0
   total_energy { -5.93139425275441   } 
   total_energyvar { 0.03910778567539349   } 
   weight { 0.9990715864077829   } 
   weightvar { 0.09843123976735141   } 
   kinetic_energy { 3.772142375218228   } 
   kinetic_energyvar { 4.610270258678875   } 
   potential_energy { -10.35866801437939   } 
   potential_energyvar { 5.991667395642707   } 
   nonlocal_energy { 0.6551313864067481   } 
   nonlocal_energyvar { 2.629808213048986   } 
   autocorr_energy { } 
} 

block { 
   label ts_0.002
   totweight 8704000
   nautocorr 0
   total_energy { -5.932226798070044   } 
   total_energyvar { 0.03996020707698461   } 
   weight { 0.9992499860979918   } 
   weightvar { 0.09778746318806933   } 
   kinetic_energy { 3.771562938017627   } 
   kinetic_energyvar { 4.607361165744591   } 
   potential_energy { -10.36323444289257   } 
   potential_energyvar { 5.953988724038206   } 
   nonlocal_energy { 0.6594447068049006   } 
   nonlocal_energyvar { 2.623325054662763   } 
   autocorr_energy { } 
} 

block { 
   label ts_0.002
   totweight 8704000
   nautocorr 0
   total_energy { -5.932653599649507   } 
   total_energyvar { 0.03920550581090394   } 
   weight { 0.9996635997344606   } 
   weightvar { 0.09804781017811454   } 
   kinetic_energy { 3.782059293180491   } 
   kinetic_energyvar { 4.602938775959951   } 
   potential_energy { -10.37324822472317   } 
   potential_energyvar { 6.058611188858891   } 
   nonlocal_energy { 0.6585353318931778   } 
   nonlocal_energyvar { 2.652177814500865   } 
   autocorr_energy { } 
} 

block { 
   label ts_0.002
   totweight 8704000
   nautocorr 0
   total_energy { -5.934158213712519   } 
   total_energyvar { 0.03818065680952808   } 
   weight { 1.000507803544558   } 
   weightvar { 0.09775287316007157   } 
   kinetic_energy { 3.786149268969508   } 
   kinetic_energyvar { 4.561860731062233   } 
   potential_energy { -10.38140635929848   } 
   potential_energyvar { 5.878725227401649   } 
   nonlocal_energy { 0.6610988766164554   } 
   nonlocal_energyvar { 2.513417690191333   } 
   autocorr_energy { } 
} 

block { 
   label ts_0.002
   totweight 8704000
   nautocorr 0
   total_energy { -5.933695599601448   } 
   total_energyvar { 0.03870283976256501   } 
   weight { 1.001083356362467   } 
   weightvar { 0.09724980261041588   } 
   kinetic_energy { 3.78673245997829   } 
   kinetic_energyvar { 4.586393695544489   } 
   potential_energy { -10.37728373872617   } 
   potential_energyvar { 6.034706878319381   } 
   nonlocal_energy { 0.6568556791464327   } 
   nonlocal_energyvar { 2.620222817687968   } 
   autocorr_energy { } 
} 

block { 
   label ts_0.002
   totweight 8704000
   nautocorr 0
   total_energy { -5.933764720320537   } 
   total_energyvar { 0.03907138797945421   } 
   weight { 1.0007354867795   } 
   weightvar { 0.09864009458978096   } 
   kinetic_energy { 3.787921156696229   } 
   kinetic_energyvar { 4.628368505098388   } 
   potential_energy { -10.38863350856221   } 
   potential_energyvar { 6.067628932160962   } 
   nonlocal_energy { 0.6669476315454391   } 
   nonlocal_energyvar { 2.66655712982586   } 
   autocorr_energy { } 
} 

block { 
   label ts_0.002
   totweight 8704000
   nautocorr 0
   total_energy { -5.934537414386169   } 
   total_energyvar { 0.03989909374430044   } 
   weight { 1.00127438540992   } 
   weightvar { 0.09936157426018948   } 
   kinetic_energy { 3.789330981710413   } 
   kinetic_energyvar { 4.566954791188031   } 
   potential_energy { -10.38123783851813   } 
   potential_energyvar { 5.954749629364728   } 
   nonlocal_energy { 0.6573694424215458   } 
   nonlocal_energyvar { 2.535265372775366   } 
   autocorr_energy { } 
} 

block { 
   label ts_0.002
   totweight 8704000
   nautocorr 0
   total_energy { -5.932943612898683   } 
   total_energyvar { 0.04020294183404174   } 
   weight { 1.000478967277232   } 
   weightvar { 0.09912015992336015   } 
   kinetic_energy { 3.771513101989087   } 
   kinetic_energyvar { 4.592067402175753   } 
   potential_energy { -10.38114396599143   } 
   potential_energyvar { 5.913947332916488   } 
   nonlocal_energy { 0.6766872511036645   } 
   nonlocal_energyvar { 2.68641186867786   } 
   autocorr_energy { } 
} 

block { 
   label ts_0.002
   totweight 8704000
   nautocorr 0
   total_energy { -5.93307595311984   } 
   total_energyvar { 0.03865592021956103   } 
   weight { 1.00002670294136   } 
   weightvar { 0.09801321081374446   } 
   kinetic_energy { 3.775429928186619   } 
   kinetic_energyvar { 4.543574059226894   } 
   potential_energy { -10.37676206726792   } 
   potential_energyvar { 5.836908753741995   } 
   nonlocal_energy { 0.66825618596146   } 
   nonlocal_energyvar { 2.543467463252049   } 
   autocorr_energy { } 
} 

block { 
   label ts_0.002
   totweight 8704000
   nautocorr 0
   total_energy { -5.93373609129515   } 
   total_energyvar { 0.04076508127626922   } 
   weight { 1.000568292580254   } 
   weightvar { 0.09798031040558555   } 
   kinetic_energy { 3.762983328040222   } 
   kinetic_energyvar { 4.580806940595486   } 
   potential_energy { -10.3778977131208   } 
   potential_energyvar { 6.049442707775134   } 
   nonlocal_energy { 0.6811782937854296   } 
   nonlocal_energyvar { 2.838980017204882   } 
   autocorr_energy { } 
} 

block { 
   label ts_0.002
   totweight 8704000
   nautocorr 0
   total_energy { -5.932923666680518   } 
   total_energyvar { 0.04070689932942132   } 
   weight { 0.9998291364914337   } 
   weightvar { 0.09788254034822969   } 
   kinetic_energy { 3.770367868800733   } 
   kinetic_energyvar { 4.59222095625308   } 
   potential_energy { -10.37747090398407   } 
   potential_energyvar { 5.961072227617284   } 
   nonlocal_energy { 0.6741793685028139   } 
   nonlocal_energyvar { 2.65487144113787   } 
   autocorr_energy { } 
} 

block { 
   label ts_0.002
   totweight 8704000
   nautocorr 0
   total_energy { -5.931875150700278   } 
   total_energyvar { 0.04002447925542167   } 
   weight { 0.9995697077386428   } 
   weightvar { 0.09834154315127996   } 
   kinetic_energy { 3.76736592068965   } 
   kinetic_energyvar { 4.576724748762002   } 
   potential_energy { -10.36650924326689   } 
   potential_energyvar { 5.874177435441084   } 
   nonlocal_energy { 0.6672681718769694   } 
   nonlocal_energyvar { 2.632817161242216   } 
   autocorr_energy { } 
} 

block { 
   label ts_0.002
   totweight 8704000
   nautocorr 0
   total_energy { -5.932307258187494   } 
   total_energyvar { 0.04051608384837474   } 
   weight { 0.9988747934590636   } 
   weightvar { 0.09777295531532453   } 
   kinetic_energy { 3.783188864171164   } 
   kinetic_energyvar { 4.624104160411497   } 
   potential_energy { -10.38187206843736   } 
   potential_energyvar { 5.936328890575689   } 
   nonlocal_energy { 0.6663759460787017   } 
   nonlocal_energyvar { 2.625771984003929   } 
   autocorr_energy { } 
} 

block { 
   label ts_0.002
   totweight 8704000
   nautocorr 0
   total_energy { -5.933328389195506   } 
   total_energyvar { 0.04076485638679049   } 
   weight { 0.9995796852057042   } 
   weightvar { 0.09900542113334225   } 
   kinetic_energy { 3.763421454514539   } 
   kinetic_energyvar { 4.614625421495754   } 
   potential_energy { -10.37733506836942   } 
   potential_energyvar { 6.030293621350965   } 
   nonlocal_energy { 0.680585224659374   } 
   nonlocal_energyvar { 2.763664428135296   } 
   autocorr_energy { } 
} 

block { 
   label ts_0.002
   totweight 8704000
   nautocorr 0
   total_energy { -5.933471033610399   } 
   total_energyvar { 0.03985101912921486   } 
   weight { 0.9997121561640854   } 
   weightvar { 0.09875908518865323   } 
   kinetic_energy { 3.767261923729628   } 
   kinetic_energyvar { 4.560569063522049   } 
   potential_energy { -10.36647453163478   } 
   potential_energyvar { 6.076077618654112   } 
   nonlocal_energy { 0.6657415742947512   } 
   nonlocal_energyvar { 2.711898084932317   } 
   autocorr_energy { } 
} 

block { 
   label ts_0.002
   totweight 8704000
   nautocorr 0
   total_energy { -5.933242193839852   } 
   total_energyvar { 0.04022411798681888   } 
   weight { 0.9999601506599866   } 
   weightvar { 0.09802562378954147   } 
   kinetic_energy { 3.784790087711734   } 
   kinetic_energyvar { 4.608724339612666   } 
   potential_energy { -10.38307089800326   } 
   potential_energyvar { 6.065757558144375   } 
   nonlocal_energy { 0.6650386164516731   } 
   nonlocal_energyvar { 2.7379589294524   } 
   autocorr_energy { } 
} 

block { 
   label ts_0.002
   totweight 8704000
   nautocorr 0
   total_energy { -5.931757112151997   } 
   total_energyvar { 0.0399393673281996   } 
   weight { 0.9995975807667391   } 
   weightvar { 0.09814085182906941   } 
   kinetic_energy { 3.802495441968921   } 
   kinetic_energyvar { 4.569690756965045   } 
   potential_energy { -10.3888153346366   } 
   potential_energyvar { 5.977588271512512   } 
   nonlocal_energy { 0.6545627805156827   } 
   nonlocal_energyvar { 2.644284767499061   } 
   autocorr_energy { } 
} 

block { 
   label ts_0.002
   totweight 8704000
   nautocorr 0
   total_energy { -5.933699452047309   } 
   total_energyvar { 0.04040823538460713   } 
   weight { 0.999538811558252   } 
   weightvar { 0.09786401154926803   } 
   kinetic_energy { 3.785316740931835   } 
   kinetic_energyvar { 4.598422213914397   } 
   potential_energy { -10.38183644844191   } 
   potential_energyvar { 6.002684086864332   } 
   nonlocal_energy { 0.662820255462763   } 
   nonlocal_energyvar { 2.618676839018957   } 
   autocorr_energy { } 
} 

block { 
   label ts_0.002
   totweight 8704000
   nautocorr 0
   total_energy { -5.932917226805213   } 
   total_energyvar { 0.04035557027332703   } 
   weight { 0.9996877345591858   } 
   weightvar { 0.09776133537010534   } 
   kinetic_energy { 3.777563685268774   } 
   kinetic_energyvar { 4.609069566184646   } 
   potential_energy { -10.37249632261647   } 
   potential_energyvar { 5.874558699166065   } 
   nonlocal_energy { 0.6620154105424882   } 
   nonlocal_energyvar { 2.583063174134795   } 
   autocorr_energy { } 
} 

block { 
   label ts_0.002
   totweight 8704000
   nautocorr 0
   total_energy { -5.93305109643846   } 
   total_energyvar { 0.04081330748168428   } 
   weight { 0.9998007202593097   } 
   weightvar { 0.09847167825365552   } 
   kinetic_energy { 3.775562964446392   } 
   kinetic_energyvar { 4.581104863603707   } 
   potential_energy { -10.37796561628629   } 
   potential_energyvar { 6.047275281341106   } 
   nonlocal_energy { 0.6693515554014425   } 
   nonlocal_energyvar { 2.818124837491792   } 
   autocorr_energy { } 
} 

block { 
   label ts_0.002
   totweight 8704000
   nautocorr 0
   total_energy { -5.934088608192214   } 
   total_energyvar { 0.03972102395912602   } 
   weight { 1.000218664168293   } 
   weightvar { 0.09854265847431479   } 
   kinetic_energy { 3.783807701510477   } 
   kinetic_energyvar { 4.563141781491682   } 
   potential_energy { -10.39273605586127   } 
   potential_energyvar { 5.932940690968612   } 
   nonlocal_energy { 0.6748397461585712   } 
   nonlocal_energyvar { 2.64715661132683   } 
   autocorr_energy { } 
} 

block { 
   label ts_0.002
   totweight 8704000
   nautocorr 0
   total_energy { -5.932109731551242   } 
   total_energyvar { 0.040102900442363   } 
   weight { 0.9997004725845409   } 
   weightvar { 0.09782953084321881   } 
   kinetic_energy { 3.788206650506906   } 
   kinetic_energyvar { 4.621923247124786   } 
   potential_energy { -10.38211479625702   } 
   potential_energyvar { 5.962181583076197   } 
   nonlocal_energy { 0.6617984141988652   } 
   nonlocal_energyvar { 2.54733455080798   } 
   autocorr_energy { } 
} 

block { 
   label ts_0.002
   totweight 8704000
   nautocorr 0
   total_energy { -5.932327660709488   } 
   total_energyvar { 0.03926836766271913   } 
   weight { 0.9991874230994872   } 
   weightvar { 0.0979396747502186   } 
   kinetic_energy { 3.794827866858198   } 
   kinetic_energyvar { 4.61770884203295   } 
   potential_energy { -10.37994543577026   } 
   potential_energyvar { 6.009386127447106   } 
   nonlocal_energy { 0.6527899082025771   } 
   nonlocal_energyvar { 2.56093423635676   } 
   autocorr_energy { } 
} 

#-------------------------------------------------
#DMC run: timestep 0.002
#-------------------------------------------------


init { 
   label ts_0.002
}
block { 
   label ts_0.002
   totweight 8704000
   nautocorr 0
   total_energy { -5.932050769975664   } 
   total_energyvar { 0.04126159464649552   } 
   weight { 0.999514013224052   } 
   weightvar { 0.09914560964816796   } 
   kinetic_energy { 3.791560188572681   } 
   kinetic_energyvar { 4.569515658767897   } 
   potential_energy { -10.37060212649769   } 
   potential_energyvar { 5.882536332522609   } 
   nonlocal_energy { 0.6469911679493487   } 
   nonlocal_energyvar { 2.501538492187134   } 
   autocorr_energy { } 
} 

block { 
   label ts_0.002
   totweight 8704000
   nautocorr 0
   total_energy { -5.932352890302274   } 
   total_energyvar { 0.04127589765047739   } 
   weight { 0.9995422815847117   } 
   weightvar { 0.09933752783229129   } 
   kinetic_energy { 3.770647642065094   } 
   kinetic_energyvar { 4.62459283629765   } 
   potential_energy { -10.36735624551521   } 
   potential_energyvar { 5.928341226333327   } 
   nonlocal_energy { 0.6643557131478451   } 
   nonlocal_energyvar { 2.621896403883902   } 
   autocorr_energy { } 
} 

block { 
   label ts_0.002
   totweight 8704000
   nautocorr 0
   total_energy { -5.933375644332991   } 
   total_energyvar { 0.04051194783976927   } 
   weight { 1.000279466356513   } 
   weightvar { 0.09895527640986623   } 
   kinetic_energy { 3.797575757584571   } 
   kinetic_energyvar { 4.625316800084348   } 
   potential_energy { -10.39598164114479   } 
   potential_energyvar { 5.984863043062139   } 
   nonlocal_energy { 0.6650302392272261   } 
   nonlocal_energyvar { 2.625475698507629   } 
   autocorr_energy { } 
} 

block { 
   label ts_0.002
   totweight 8704000
   nautocorr 0
   total_energy { -5.932005896254851   } 
   total_energyvar { 0.03837139704621779   } 
   weight { 0.9998300305506514   } 
   weightvar { 0.09900025706702618   } 
   kinetic_energy { 3.807595002532195   } 
   kinetic_energyvar { 4.599787769147679   } 
   potential_energy { -10.40136357035771   } 
   potential_energyvar { 5.939436158807609   } 
   nonlocal_energy { 0.6617626715706665   } 
   nonlocal_energyvar { 2.580457046686553   } 
   autocorr_energy { } 
} 

block { 
   label ts_0.002
   totweight 8704000
   nautocorr 0
   total_energy { -5.931933475121551   } 
   total_energyvar { 0.03887324800044566   } 
   weight { 0.9996063885795122   } 
   weightvar { 0.09892562308389027   } 
   kinetic_energy { 3.790906763914794   } 
   kinetic_energyvar { 4.575558967207263   } 
   potential_energy { -10.39186372983548   } 
   potential_energyvar { 5.991423758152235   } 
   nonlocal_energy { 0.6690234907991338   } 
   nonlocal_energyvar { 2.692776113557005   } 
   autocorr_energy { } 
} 

block { 
   label ts_0.002
   totweight 8704000
   nautocorr 0
   total_energy { -5.931755308539501   } 
   total_energyvar { 0.03962202540214786   } 
   weight { 0.999170974817059   } 
   weightvar { 0.09918064029605565   } 
   kinetic_energy { 3.786436746972896   } 
   kinetic_energyvar { 4.594567968376718   } 
   potential_energy { -10.39157874433509   } 
   potential_energyvar { 5.935477670350429   } 
   nonlocal_energy { 0.6733866888226887   } 
   nonlocal_energyvar { 2.665078757737644   } 
   autocorr_energy { } 
} 

block { 
   label ts_0.002
   totweight 8704000
   nautocorr 0
   total_energy { -5.932561289817013   } 
   total_energyvar { 0.03884317989346619   } 
   weight { 0.9993543300036121   } 
   weightvar { 0.09849984496830215   } 
   kinetic_energy { 3.768808135250955   } 
   kinetic_energyvar { 4.570754606975681   } 
   potential_energy { -10.37560337783058   } 
   potential_energyvar { 5.965944415368001   } 
   nonlocal_energy { 0.6742339527626139   } 
   nonlocal_energyvar { 2.660145258251314   } 
   autocorr_energy { } 
} 

block { 
   label ts_0.002
   totweight 8704000
   nautocorr 0
   total_energy { -5.933516850730351   } 
   total_energyvar { 0.03962769618309396   } 
   weight { 1.000088412514855   } 
   weightvar { 0.09861883480809408   } 
   kinetic_energy { 3.773156588767542   } 
   kinetic_energyvar { 4.588611026932185   } 
   potential_energy { -10.37707240704847   } 
   potential_energyvar { 5.934780997017306   } 
   nonlocal_energy { 0.6703989675505748   } 
   nonlocal_energyvar { 2.655051875520276   } 
   autocorr_energy { } 
} 

block { 
   label ts_0.002
   totweight 8704000
   nautocorr 0
   total_energy { -5.933277088487302   } 
   total_energyvar { 0.04100220400825588   } 
   weight { 1.000320558054004   } 
   weightvar { 0.09885159540465838   } 
   kinetic_energy { 3.778983549897943   } 
   kinetic_energyvar { 4.634871108694352   } 
   potential_energy { -10.37695110494829   } 
   potential_energyvar { 6.29685935347455   } 
   nonlocal_energy { 0.664690466563049   } 
   nonlocal_energyvar { 3.064302408068679   } 
   autocorr_energy { } 
} 

block { 
   label ts_0.002
   totweight 8704000
   nautocorr 0
   total_energy { -5.933757081864082   } 
   total_energyvar { 0.04008727491231186   } 
   weight { 1.000711950823012   } 
   weightvar { 0.09936789277072129   } 
   kinetic_energy { 3.775546994184824   } 
   kinetic_energyvar { 4.55894838283388   } 
   potential_energy { -10.38582106225473   } 
   potential_energyvar { 5.867831629450468   } 
   nonlocal_energy { 0.6765169862058233   } 
   nonlocal_energyvar { 2.674327118755226   } 
   autocorr_energy { } 
} 

#-------------------------------------------------
#DMC run: timestep 0.001
#-------------------------------------------------


init { 
   label ts_0.001
}
block { 
   label ts_0.001
   totweight 17408000
   nautocorr 0
   total_energy { -5.932696602832632   } 
   total_energyvar { 0.04107971066178598   } 
   weight { 1.000642308064419   } 
   weightvar { 0.09849730035416863   } 
   kinetic_energy { 3.766647691899803   } 
   kinetic_energyvar { 4.515946789222262   } 
   potential_energy { -10.37695452710143   } 
   potential_energyvar { 6.191961218536756   } 
   nonlocal_energy { 0.6776102323689969   } 
   nonlocal_energyvar { 2.937216440863928   } 
   autocorr_energy { } 
} 

block { 
   label ts_0.001
   totweight 17408000
   nautocorr 0
   total_energy { -5.932424087890136   } 
   total_energyvar { 0.04113159343150635   } 
   weight { 0.9997909191172061   } 
   weightvar { 0.09850261882051203   } 
   kinetic_energy { 3.76854134447746   } 
   kinetic_energyvar { 4.596036329057717   } 
   potential_energy { -10.37889688023616   } 
   potential_energyvar { 5.969385953016041   } 
   nonlocal_energy { 0.6779314478685587   } 
   nonlocal_energyvar { 2.724639375691138   } 
   autocorr_energy { } 
} 

block { 
   label ts_0.001
   totweight 17408000
   nautocorr 0
   total_energy { -5.933324267612973   } 
   total_energyvar { 0.04018052047572078   } 
   weight { 0.9999464669096517   } 
   weightvar { 0.09951285166224462   } 
   kinetic_energy { 3.771912221245356   } 
   kinetic_energyvar { 4.584574441380867   } 
   potential_energy { -10.37363078168867   } 
   potential_energyvar { 6.038291277071914   } 
   nonlocal_energy { 0.6683942928303366   } 
   nonlocal_energyvar { 2.73641860171115   } 
   autocorr_energy { } 
} 

block { 
   label ts_0.001
   totweight 17408000
   nautocorr 0
   total_energy { -5.933156796567035   } 
   total_energyvar { 0.03893829119321024   } 
   weight { 1.000110387010869   } 
   weightvar { 0.09900415486534903   } 
   kinetic_energy { 3.779898817833536   } 
   kinetic_energyvar { 4.606633051948078   } 
   potential_energy { -10.38079069925265   } 
   potential_energyvar { 5.964405205177113   } 
   nonlocal_energy { 0.6677350848520835   } 
   nonlocal_energyvar { 2.622358124650525   } 
   autocorr_energy { } 
} 

block { 
   label ts_0.001
   totweight 17408000
   nautocorr 0
   total_energy { -5.932656255221245   } 
   total_energyvar { 0.03904073174215573   } 
   weight { 0.999787989181008   } 
   weightvar { 0.09889747886246962   } 
   kinetic_energy { 3.778608926411247   } 
   kinetic_energyvar { 4.655397379309083   } 
   potential_energy { -10.37938938935954   } 
   potential_energyvar { 6.022908296843207   } 
   nonlocal_energy { 0.6681242077270457   } 
   nonlocal_energyvar { 2.74019425754275   } 
   autocorr_energy { } 
} 

block { 
   label ts_0.001
   totweight 17408000
   nautocorr 0
   total_energy { -5.933401874051057   } 
   total_energyvar { 0.03892327763275766   } 
   weight { 0.999841134845643   } 
   weightvar { 0.0976408647821104   } 
   kinetic_energy { 3.786231432636635   } 
   kinetic_energyvar { 4.599196840095249   } 
   potential_energy { -10.38899848978777   } 
   potential_energyvar { 6.125038790538328   } 
   nonlocal_energy { 0.6693651831000791   } 
   nonlocal_energyvar { 2.679983000881033   } 
   autocorr_energy { } 
} 

block { 
   label ts_0.001
   totweight 17408000
   nautocorr 0
   total_energy { -5.933981951629063   } 
   total_energyvar { 0.04132127555069332   } 
   weight { 1.000184877288843   } 
   weightvar { 0.09795221982974321   } 
   kinetic_energy { 3.768019431499948   } 
   kinetic_energyvar { 4.596870809260774   } 
   potential_energy { -10.38007146817759   } 
   potential_energyvar { 5.992992950748839   } 
   nonlocal_energy { 0.678070085048576   } 
   nonlocal_energyvar { 2.654612905737032   } 
   autocorr_energy { } 
} 

block { 
   label ts_0.001
   totweight 17408000
   nautocorr 0
   total_energy { -5.93434111105497   } 
   total_energyvar { 0.04202121113762769   } 
   weight { 1.000783881622146   } 
   weightvar { 0.09894993818172085   } 
   kinetic_energy { 3.777423976374416   } 
   kinetic_energyvar { 4.634717925124137   } 
   potential_energy { -10.38346929638903   } 
   potential_energyvar { 5.956861323447409   } 
   nonlocal_energy { 0.6717042089596452   } 
   nonlocal_energyvar { 2.665182811472502   } 
   autocorr_energy { } 
} 

block { 
   label ts_0.001
   totweight 17408000
   nautocorr 0
   total_energy { -5.932460643499874   } 
   total_energyvar { 0.04149857140601378   } 
   weight { 0.9999125386612226   } 
   weightvar { 0.09882579772438109   } 
   kinetic_energy { 3.7688077261465   } 
   kinetic_energyvar { 4.641391512478682   } 
   potential_energy { -10.38186224942563   } 
   potential_energyvar { 5.974607268084082   } 
   nonlocal_energy { 0.680593879779254   } 
   nonlocal_energyvar { 2.754961269562599   } 
   autocorr_energy { } 
} 

block { 
   label ts_0.001
   totweight 17408000
   nautocorr 0
   total_energy { -5.9322374655476   } 
   total_energyvar { 0.03958653817359653   } 
   weight { 0.9989341397867705   } 
   weightvar { 0.09905439338719943   } 
   kinetic_energy { 3.778727757400999   } 
   kinetic_energyvar { 4.619281320178615   } 
   potential_energy { -10.3823539321897   } 
   potential_energyvar { 6.016440566385797   } 
   nonlocal_energy { 0.6713887092411036   } 
   nonlocal_energyvar { 2.684350060846338   } 
   autocorr_energy { } 
} 

block { 
   label ts_0.001
   totweight 17408000
   nautocorr 0
   total_energy { -5.933472380172859   } 
   total_energyvar { 0.0399112638007575   } 
   weight { 0.9993536924915467   } 
   weightvar { 0.099491600548752   } 
   kinetic_energy { 3.771301768606205   } 
   kinetic_energyvar { 4.56599719040204   } 
   potential_energy { -10.37639050893779   } 
   potential_energyvar { 5.950278402811502   } 
   nonlocal_energy { 0.6716163601587199   } 
   nonlocal_energyvar { 2.718735511889743   } 
   autocorr_energy { } 
} 

block { 
   label ts_0.001
   totweight 17408000
   nautocorr 0
   total_energy { -5.933473143800781   } 
   total_energyvar { 0.03982333669673509   } 
   weight { 0.9997208898237723   } 
   weightvar { 0.09908118544760568   } 
   kinetic_energy { 3.78880681275363   } 
   kinetic_energyvar { 4.612186602493312   } 
   potential_energy { -10.37987715583808   } 
   potential_energyvar { 5.915437613707539   } 
   nonlocal_energy { 0.6575971992836724   } 
   nonlocal_energyvar { 2.570977428624893   } 
   autocorr_energy { } 
} 

block { 
   label ts_0.001
   totweight 17408000
   nautocorr 0
   total_energy { -5.933876141466459   } 
   total_energyvar { 0.03938170422559123   } 
   weight { 1.000279460351341   } 
   weightvar { 0.09970859415272518   } 
   kinetic_energy { 3.781706366417251   } 
   kinetic_energyvar { 4.551599574696324   } 
   potential_energy { -10.37849033291965   } 
   potential_energyvar { 5.950207164498691   } 
   nonlocal_energy { 0.6629078250359343   } 
   nonlocal_energyvar { 2.627997319142995   } 
   autocorr_energy { } 
} 

block { 
   label ts_0.001
   totweight 17408000
   nautocorr 0
   total_energy { -5.932948451525924   } 
   total_energyvar { 0.03905064279503831   } 
   weight { 0.9998018400809346   } 
   weightvar { 0.09883175489091685   } 
   kinetic_energy { 3.776809875777221   } 
   kinetic_energyvar { 4.560814275227111   } 
   potential_energy { -10.37902781841826   } 
   potential_energyvar { 5.975002809695313   } 
   nonlocal_energy { 0.6692694911151132   } 
   nonlocal_energyvar { 2.695629447269031   } 
   autocorr_energy { } 
} 

block { 
   label ts_0.001
   totweight 17408000
   nautocorr 0
   total_energy { -5.932550561302729   } 
   total_energyvar { 0.04166895264856953   } 
   weight { 0.9992527719784623   } 
   weightvar { 0.0982648019755122   } 
   kinetic_energy { 3.778838956532268   } 
   kinetic_energyvar { 4.589302148996016   } 
   potential_energy { -10.37429837473123   } 
   potential_energyvar { 5.91500002325397   } 
   nonlocal_energy { 0.6629088568962277   } 
   nonlocal_energyvar { 2.636680493754545   } 
   autocorr_energy { } 
} 

block { 
   label ts_0.001
   totweight 17408000
   nautocorr 0
   total_energy { -5.932409027828343   } 
   total_energyvar { 0.03908501774430358   } 
   weight { 0.9989879655379473   } 
   weightvar { 0.09931156440318088   } 
   kinetic_energy { 3.786557420415813   } 
   kinetic_energyvar { 4.580309244182754   } 
   potential_energy { -10.39199731813603   } 
   potential_energyvar { 5.892937895555905   } 
   nonlocal_energy { 0.6730308698918689   } 
   nonlocal_energyvar { 2.60694157427684   } 
   autocorr_energy { } 
} 

block { 
   label ts_0.001
   totweight 17408000
   nautocorr 0
   total_energy { -5.933829779492856   } 
   total_energyvar { 0.04042302103395152   } 
   weight { 0.9995836132414252   } 
   weightvar { 0.09953083484117227   } 
   kinetic_energy { 3.794629249943176   } 
   kinetic_energyvar { 4.621289676750146   } 
   potential_energy { -10.40062821237665   } 
   potential_energyvar { 6.007304531458979   } 
   nonlocal_energy { 0.6721691829406212   } 
   nonlocal_energyvar { 2.643672252034171   } 
   autocorr_energy { } 
} 

block { 
   label ts_0.001
   totweight 17408000
   nautocorr 0
   total_energy { -5.93444524525026   } 
   total_energyvar { 0.04138917339172708   } 
   weight { 1.000207114877098   } 
   weightvar { 0.09920567130883959   } 
   kinetic_energy { 3.775240655518638   } 
   kinetic_energyvar { 4.629581418963806   } 
   potential_energy { -10.39015228420941   } 
   potential_energyvar { 5.99298351152745   } 
   nonlocal_energy { 0.6804663834405116   } 
   nonlocal_energyvar { 2.701447102773399   } 
   autocorr_energy { } 
} 

block { 
   label ts_0.001
   totweight 17408000
   nautocorr 0
   total_energy { -5.932001683812898   } 
   total_energyvar { 0.04007372520563519   } 
   weight { 0.9997335199579787   } 
   weightvar { 0.09987768201431459   } 
   kinetic_energy { 3.797603645236564   } 
   kinetic_energyvar { 4.646902421881773   } 
   potential_energy { -10.40027523008195   } 
   potential_energyvar { 6.057535225474136   } 
   nonlocal_energy { 0.6706699010324888   } 
   nonlocal_energyvar { 2.681809399638821   } 
   autocorr_energy { } 
} 

block { 
   label ts_0.001
   totweight 17408000
   nautocorr 0
   total_energy { -5.930455925608675   } 
   total_energyvar { 0.04115213856871742   } 
   weight { 0.9982557613156087   } 
   weightvar { 0.09991935999426875   } 
   kinetic_energy { 3.806918192471382   } 
   kinetic_energyvar { 4.662241110319411   } 
   potential_energy { -10.4103696850172   } 
   potential_energyvar { 6.044204981855786   } 
   nonlocal_energy { 0.6729955669371452   } 
   nonlocal_energyvar { 2.724176744568696   } 
   autocorr_energy { } 
} 

block { 
   label ts_0.001
   totweight 17408000
   nautocorr 0
   total_energy { -5.93440309882143   } 
   total_energyvar { 0.04079318942656452   } 
   weight { 0.99898580225065   } 
   weightvar { 0.09906848155024656   } 
   kinetic_energy { 3.795719563788163   } 
   kinetic_energyvar { 4.622202921778343   } 
   potential_energy { -10.40698783516791   } 
   potential_energyvar { 5.971369389508939   } 
   nonlocal_energy { 0.6768651725583228   } 
   nonlocal_energyvar { 2.683952605518245   } 
   autocorr_energy { } 
} 

block { 
   label ts_0.001
   totweight 17408000
   nautocorr 0
   total_energy { -5.932955009888941   } 
   total_energyvar { 0.04045439555900079   } 
   weight { 0.9996296809052486   } 
   weightvar { 0.09908485736205618   } 
   kinetic_energy { 3.765567957090638   } 
   kinetic_energyvar { 4.581052207873296   } 
   potential_energy { -10.36059968599548   } 
   potential_energyvar { 6.068756648836274   } 
   nonlocal_energy { 0.662076719015898   } 
   nonlocal_energyvar { 2.809881612510587   } 
   autocorr_energy { } 
} 

block { 
   label ts_0.001
   totweight 17408000
   nautocorr 0
   total_energy { -5.932414009895353   } 
   total_energyvar { 0.03882082714740318   } 
   weight { 0.9996390827546666   } 
   weightvar { 0.09903779587597231   } 
   kinetic_energy { 3.76791503686009   } 
   kinetic_energyvar { 4.569468343189087   } 
   potential_energy { -10.36253179979433   } 
   potential_energyvar { 5.908231289080267   } 
   nonlocal_energy { 0.662202753038889   } 
   nonlocal_energyvar { 2.59857099797983   } 
   autocorr_energy { } 
} 

block { 
   label ts_0.001
   totweight 17408000
   nautocorr 0
   total_energy { -5.931989873768351   } 
   total_energyvar { 0.04020677928263274   } 
   weight { 0.9986624452139622   } 
   weightvar { 0.09920644034710915   } 
   kinetic_energy { 3.776808472517193   } 
   kinetic_energyvar { 4.506711797795059   } 
   potential_energy { -10.37338275989771   } 
   potential_energyvar { 5.889656701589751   } 
   nonlocal_energy { 0.6645844136121642   } 
   nonlocal_energyvar { 2.587547976205741   } 
   autocorr_energy { } 
} 

block { 
   label ts_0.001
   totweight 17408000
   nautocorr 0
   total_energy { -5.933288399027412   } 
   total_energyvar { 0.04032235195966438   } 
   weight { 0.9995188231013877   } 
   weightvar { 0.09938944733176913   } 
   kinetic_energy { 3.779108258737228   } 
   kinetic_energyvar { 4.575990227727558   } 
   potential_energy { -10.38185162938888   } 
   potential_energyvar { 5.915440695882568   } 
   nonlocal_energy { 0.6694549716242367   } 
   nonlocal_energyvar { 2.648544144085104   } 
   autocorr_energy { } 
} 

block { 
   label ts_0.001
   totweight 17408000
   nautocorr 0
   total_energy { -5.93413856155425   } 
   total_energyvar { 0.04060303262597278   } 
   weight { 0.9998585119215696   } 
   weightvar { 0.0987292052756108   } 
   kinetic_energy { 3.769962761678674   } 
   kinetic_energyvar { 4.541290352259641   } 
   potential_energy { -10.3678052075484   } 
   potential_energyvar { 5.903527263811398   } 
   nonlocal_energy { 0.6637038843154713   } 
   nonlocal_energyvar { 2.592647872035798   } 
   autocorr_energy { } 
} 

block { 
   label ts_0.001
   totweight 17408000
   nautocorr 0
   total_energy { -5.932281141849365   } 
   total_energyvar { 0.03902526711004629   } 
   weight { 0.9996260783702066   } 
   weightvar { 0.09845236280759329   } 
   kinetic_energy { 3.774249888488701   } 
   kinetic_energyvar { 4.581741944881699   } 
   potential_energy { -10.36815988638534   } 
   potential_energyvar { 5.943445431907119   } 
   nonlocal_energy { 0.6616288560472725   } 
   nonlocal_energyvar { 2.590485042534536   } 
   autocorr_energy { } 
} 

