#-------------------------------------------------
#DMC run: timestep 0.01
#-------------------------------------------------


init { 
   label ts_0.01
}
block { 
   label ts_0.01
   totweight 1740800
   nautocorr 0
   total_energy { -5.924473130495064   } 
   total_energyvar { 0.03931027177594643   } 
   weight { 1.002305961394159   } 
   weightvar { 0.004872628614473737   } 
   kinetic_energy { 3.784765785054771   } 
   kinetic_energyvar { 4.578720987395112   } 
   potential_energy { -10.36990268936053   } 
   potential_energyvar { 5.930470259775572   } 
   nonlocal_energy { 0.660663773810699   } 
   nonlocal_energyvar { 2.677365745905642   } 
   autocorr_energy { } 
} 

block { 
   label ts_0.01
   totweight 1740800
   nautocorr 0
   total_energy { -5.928587807742353   } 
   total_energyvar { 0.04041430338946277   } 
   weight { 1.004534431543042   } 
   weightvar { 0.02132677435417526   } 
   kinetic_energy { 3.774043473244395   } 
   kinetic_energyvar { 4.54224162989014   } 
   potential_energy { -10.37072766158663   } 
   potential_energyvar { 5.934677312367214   } 
   nonlocal_energy { 0.6680963805998864   } 
   nonlocal_energyvar { 2.627893317565936   } 
   autocorr_energy { } 
} 

block { 
   label ts_0.01
   totweight 1740800
   nautocorr 0
   total_energy { -5.931526401609886   } 
   total_energyvar { 0.04026550879463048   } 
   weight { 1.00411000228724   } 
   weightvar { 0.03984274931527639   } 
   kinetic_energy { 3.784286325640481   } 
   kinetic_energyvar { 4.620392909793291   } 
   potential_energy { -10.38782523031947   } 
   potential_energyvar { 5.959270528423533   } 
   nonlocal_energy { 0.6720125030691045   } 
   nonlocal_energyvar { 2.621441025863557   } 
   autocorr_energy { } 
} 

block { 
   label ts_0.01
   totweight 1740800
   nautocorr 0
   total_energy { -5.930283949751156   } 
   total_energyvar { 0.04085424914069893   } 
   weight { 1.003586708050245   } 
   weightvar { 0.05544071974098128   } 
   kinetic_energy { 3.787484269725383   } 
   kinetic_energyvar { 4.622187057776234   } 
   potential_energy { -10.39448102077302   } 
   potential_energyvar { 5.89642699838574   } 
   nonlocal_energy { 0.6767128012964813   } 
   nonlocal_energyvar { 2.658208871734189   } 
   autocorr_energy { } 
} 

block { 
   label ts_0.01
   totweight 1740800
   nautocorr 0
   total_energy { -5.931607493374201   } 
   total_energyvar { 0.04042306373411055   } 
   weight { 1.00282985287422   } 
   weightvar { 0.06711964913591273   } 
   kinetic_energy { 3.794959369917061   } 
   kinetic_energyvar { 4.60910235242471   } 
   potential_energy { -10.39422815446443   } 
   potential_energyvar { 5.809525361159075   } 
   nonlocal_energy { 0.6676612911731722   } 
   nonlocal_energyvar { 2.567151909596642   } 
   autocorr_energy { } 
} 

block { 
   label ts_0.01
   totweight 1740800
   nautocorr 0
   total_energy { -5.931568790305652   } 
   total_energyvar { 0.04989515940693586   } 
   weight { 1.002138830735919   } 
   weightvar { 0.07597258510803231   } 
   kinetic_energy { 3.798580015643863   } 
   kinetic_energyvar { 4.773733304423731   } 
   potential_energy { -10.3980109364839   } 
   potential_energyvar { 5.979880989983366   } 
   nonlocal_energy { 0.6678621305343841   } 
   nonlocal_energyvar { 2.934724590046323   } 
   autocorr_energy { } 
} 

block { 
   label ts_0.01
   totweight 1740800
   nautocorr 0
   total_energy { -5.930336941397476   } 
   total_energyvar { 0.04122721073455388   } 
   weight { 1.00062900066929   } 
   weightvar { 0.08250483265707408   } 
   kinetic_energy { 3.788209754168431   } 
   kinetic_energyvar { 4.659954865435274   } 
   potential_energy { -10.38958213299162   } 
   potential_energyvar { 6.048881516413456   } 
   nonlocal_energy { 0.6710354374257141   } 
   nonlocal_energyvar { 2.647102445982396   } 
   autocorr_energy { } 
} 

block { 
   label ts_0.01
   totweight 1740800
   nautocorr 0
   total_energy { -5.931737683479033   } 
   total_energyvar { 0.041799000172536   } 
   weight { 1.000089473990866   } 
   weightvar { 0.08667190050304166   } 
   kinetic_energy { 3.794166089017395   } 
   kinetic_energyvar { 4.645059691339899   } 
   potential_energy { -10.3994430501842   } 
   potential_energyvar { 5.977793762655972   } 
   nonlocal_energy { 0.6735392776877669   } 
   nonlocal_energyvar { 2.746826876311598   } 
   autocorr_energy { } 
} 

block { 
   label ts_0.01
   totweight 1740800
   nautocorr 0
   total_energy { -5.931558384800766   } 
   total_energyvar { 0.03974262748189539   } 
   weight { 1.000078699882318   } 
   weightvar { 0.08932034808585208   } 
   kinetic_energy { 3.790362874185145   } 
   kinetic_energyvar { 4.598920059642335   } 
   potential_energy { -10.38991800568155   } 
   potential_energyvar { 6.145528989719702   } 
   nonlocal_energy { 0.6679967466956436   } 
   nonlocal_energyvar { 2.720991344681093   } 
   autocorr_energy { } 
} 

block { 
   label ts_0.01
   totweight 1740800
   nautocorr 0
   total_energy { -5.93250799995139   } 
   total_energyvar { 0.04023602109136166   } 
   weight { 1.000005042084964   } 
   weightvar { 0.09117659890378309   } 
   kinetic_energy { 3.774543856532581   } 
   kinetic_energyvar { 4.568065173239459   } 
   potential_energy { -10.36684772736646   } 
   potential_energyvar { 5.968023981865509   } 
   nonlocal_energy { 0.6597958708824895   } 
   nonlocal_energyvar { 2.530661075923398   } 
   autocorr_energy { } 
} 

block { 
   label ts_0.01
   totweight 1740800
   nautocorr 0
   total_energy { -5.933070199379386   } 
   total_energyvar { 0.0398639015026195   } 
   weight { 1.000979146213929   } 
   weightvar { 0.09299486169464428   } 
   kinetic_energy { 3.780432834642411   } 
   kinetic_energyvar { 4.558231791899594   } 
   potential_energy { -10.37950962630328   } 
   potential_energyvar { 6.046377231720496   } 
   nonlocal_energy { 0.6660065922814816   } 
   nonlocal_energyvar { 2.626790421211223   } 
   autocorr_energy { } 
} 

block { 
   label ts_0.01
   totweight 1740800
   nautocorr 0
   total_energy { -5.933046740483007   } 
   total_energyvar { 0.03994217243762089   } 
   weight { 1.000925748788776   } 
   weightvar { 0.09445766605610445   } 
   kinetic_energy { 3.767373872579082   } 
   kinetic_energyvar { 4.549847159894894   } 
   potential_energy { -10.36546703995859   } 
   potential_energyvar { 5.807789191398573   } 
   nonlocal_energy { 0.665046426896498   } 
   nonlocal_energyvar { 2.493484045995552   } 
   autocorr_energy { } 
} 

block { 
   label ts_0.01
   totweight 1740800
   nautocorr 0
   total_energy { -5.931616841428133   } 
   total_energyvar { 0.0399448419163697   } 
   weight { 1.000634051886356   } 
   weightvar { 0.09520245699504086   } 
   kinetic_energy { 3.777866184860498   } 
   kinetic_energyvar { 4.562354809512541   } 
   potential_energy { -10.38211230648303   } 
   potential_energyvar { 5.944257946613901   } 
   nonlocal_energy { 0.6726292801943998   } 
   nonlocal_energyvar { 2.613241748742221   } 
   autocorr_energy { } 
} 

block { 
   label ts_0.01
   totweight 1740800
   nautocorr 0
   total_energy { -5.931376474959539   } 
   total_energyvar { 0.04174931598598437   } 
   weight { 0.9996352257866139   } 
   weightvar { 0.09670895657155362   } 
   kinetic_energy { 3.784582372572522   } 
   kinetic_energyvar { 4.61096657556409   } 
   potential_energy { -10.38392786047608   } 
   potential_energyvar { 5.981239716357909   } 
   nonlocal_energy { 0.6679690129440177   } 
   nonlocal_energyvar { 2.591085624528796   } 
   autocorr_energy { } 
} 

block { 
   label ts_0.01
   totweight 1740800
   nautocorr 0
   total_energy { -5.929180097528844   } 
   total_energyvar { 0.04186597392798574   } 
   weight { 0.998332803138786   } 
   weightvar { 0.09730059572278486   } 
   kinetic_energy { 3.79460106529364   } 
   kinetic_energyvar { 4.629667220458527   } 
   potential_energy { -10.40239977764685   } 
   potential_energyvar { 5.954909669409806   } 
   nonlocal_energy { 0.6786186148243628   } 
   nonlocal_energyvar { 2.669935848027164   } 
   autocorr_energy { } 
} 

block { 
   label ts_0.01
   totweight 1740800
   nautocorr 0
   total_energy { -5.932056727158719   } 
   total_energyvar { 0.04072110605609977   } 
   weight { 0.998792918438523   } 
   weightvar { 0.09887623084093354   } 
   kinetic_energy { 3.784441754046446   } 
   kinetic_energyvar { 4.628025483242381   } 
   potential_energy { -10.39308238798008   } 
   potential_energyvar { 5.933157011355571   } 
   nonlocal_energy { 0.6765839067749124   } 
   nonlocal_energyvar { 2.646189988510771   } 
   autocorr_energy { } 
} 

block { 
   label ts_0.01
   totweight 1740800
   nautocorr 0
   total_energy { -5.930893174953698   } 
   total_energyvar { 0.03959807637651178   } 
   weight { 0.9992653589683678   } 
   weightvar { 0.09743536891117736   } 
   kinetic_energy { 3.794836085888889   } 
   kinetic_energyvar { 4.578088897940662   } 
   potential_energy { -10.3947101402671   } 
   potential_energyvar { 5.902560438367444   } 
   nonlocal_energy { 0.6689808794245089   } 
   nonlocal_energyvar { 2.587256942818312   } 
   autocorr_energy { } 
} 

block { 
   label ts_0.01
   totweight 1740800
   nautocorr 0
   total_energy { -5.931196236429463   } 
   total_energyvar { 0.04089147729404104   } 
   weight { 0.9991625126677951   } 
   weightvar { 0.09722980260243275   } 
   kinetic_energy { 3.777848364526463   } 
   kinetic_energyvar { 4.631879372204706   } 
   potential_energy { -10.38636382317299   } 
   potential_energyvar { 5.941635492282031   } 
   nonlocal_energy { 0.6773192222170663   } 
   nonlocal_energyvar { 2.713340600237073   } 
   autocorr_energy { } 
} 

block { 
   label ts_0.01
   totweight 1740800
   nautocorr 0
   total_energy { -5.931804886688139   } 
   total_energyvar { 0.03930297038175509   } 
   weight { 0.9995596888905888   } 
   weightvar { 0.09739244432165528   } 
   kinetic_energy { 3.780716837094023   } 
   kinetic_energyvar { 4.607125240143058   } 
   potential_energy { -10.38251746329213   } 
   potential_energyvar { 6.009165400991795   } 
   nonlocal_energy { 0.6699957395099694   } 
   nonlocal_energyvar { 2.693648592848854   } 
   autocorr_energy { } 
} 

block { 
   label ts_0.01
   totweight 1740800
   nautocorr 0
   total_energy { -5.9320474804892   } 
   total_energyvar { 0.04803783245470711   } 
   weight { 0.9998716060323638   } 
   weightvar { 0.09855502459986386   } 
   kinetic_energy { 3.779438398404851   } 
   kinetic_energyvar { 4.709764094937931   } 
   potential_energy { -10.38323413265108   } 
   potential_energyvar { 5.896714793323571   } 
   nonlocal_energy { 0.6717482537570294   } 
   nonlocal_energyvar { 2.717092685395448   } 
   autocorr_energy { } 
} 

block { 
   label ts_0.01
   totweight 1740800
   nautocorr 0
   total_energy { -5.932208321488853   } 
   total_energyvar { 0.04082023797797119   } 
   weight { 1.000059759076138   } 
   weightvar { 0.09812851111902063   } 
   kinetic_energy { 3.779753898468561   } 
   kinetic_energyvar { 4.591992645481218   } 
   potential_energy { -10.38649250572888   } 
   potential_energyvar { 5.879450328589811   } 
   nonlocal_energy { 0.6745302857714618   } 
   nonlocal_energyvar { 2.633634795518169   } 
   autocorr_energy { } 
} 

block { 
   label ts_0.01
   totweight 1740800
   nautocorr 0
   total_energy { -5.931954963598034   } 
   total_energyvar { 0.04059971778425921   } 
   weight { 0.9999950458628235   } 
   weightvar { 0.09752925831250447   } 
   kinetic_energy { 3.774658624480212   } 
   kinetic_energyvar { 4.606890154640534   } 
   potential_energy { -10.3861244294985   } 
   potential_energyvar { 5.903608497455195   } 
   nonlocal_energy { 0.67951084142025   } 
   nonlocal_energyvar { 2.649107050004872   } 
   autocorr_energy { } 
} 

block { 
   label ts_0.01
   totweight 1740800
   nautocorr 0
   total_energy { -5.930109307935967   } 
   total_energyvar { 0.04122091930074779   } 
   weight { 0.9990711117132656   } 
   weightvar { 0.0977108486740509   } 
   kinetic_energy { 3.790370260872915   } 
   kinetic_energyvar { 4.613883733245054   } 
   potential_energy { -10.39433962738143   } 
   potential_energyvar { 6.047381412665107   } 
   nonlocal_energy { 0.6738600585725514   } 
   nonlocal_energyvar { 2.743246986497103   } 
   autocorr_energy { } 
} 

block { 
   label ts_0.01
   totweight 1740800
   nautocorr 0
   total_energy { -5.932202657975186   } 
   total_energyvar { 0.03962894856551336   } 
   weight { 0.9995262011109048   } 
   weightvar { 0.09888939108781911   } 
   kinetic_energy { 3.777241104140739   } 
   kinetic_energyvar { 4.500581346927099   } 
   potential_energy { -10.38409646512001   } 
   potential_energyvar { 5.83693996628785   } 
   nonlocal_energy { 0.674652703004084   } 
   nonlocal_energyvar { 2.640577003185087   } 
   autocorr_energy { } 
} 

block { 
   label ts_0.01
   totweight 1740800
   nautocorr 0
   total_energy { -5.931635926789843   } 
   total_energyvar { 0.04053783127472062   } 
   weight { 0.9997735055412151   } 
   weightvar { 0.09893313779172612   } 
   kinetic_energy { 3.766964510963693   } 
   kinetic_energyvar { 4.590140772054269   } 
   potential_energy { -10.37292419132479   } 
   potential_energyvar { 6.014946132042866   } 
   nonlocal_energy { 0.6743237535712563   } 
   nonlocal_energyvar { 2.675787773428213   } 
   autocorr_energy { } 
} 

block { 
   label ts_0.01
   totweight 1740800
   nautocorr 0
   total_energy { -5.930740772294018   } 
   total_energyvar { 0.04053050422233152   } 
   weight { 0.9994453760147399   } 
   weightvar { 0.09829094455939004   } 
   kinetic_energy { 3.788351579648264   } 
   kinetic_energyvar { 4.557659080425394   } 
   potential_energy { -10.38536745604417   } 
   potential_energyvar { 5.932532911239736   } 
   nonlocal_energy { 0.6662751041018855   } 
   nonlocal_energyvar { 2.681136811377575   } 
   autocorr_energy { } 
} 

block { 
   label ts_0.01
   totweight 1740800
   nautocorr 0
   total_energy { -5.932049318486799   } 
   total_energyvar { 0.03983455264456092   } 
   weight { 0.9992856965966791   } 
   weightvar { 0.09871263725174118   } 
   kinetic_energy { 3.785245712882451   } 
   kinetic_energyvar { 4.530748681464734   } 
   potential_energy { -10.370976963732   } 
   potential_energyvar { 5.914413685466587   } 
   nonlocal_energy { 0.6536819323627483   } 
   nonlocal_energyvar { 2.534801631180105   } 
   autocorr_energy { } 
} 

block { 
   label ts_0.01
   totweight 1740800
   nautocorr 0
   total_energy { -5.931910287524083   } 
   total_energyvar { 0.04140400369371202   } 
   weight { 0.9999225170282627   } 
   weightvar { 0.09812664740070257   } 
   kinetic_energy { 3.776558985457888   } 
   kinetic_energyvar { 4.574059789677889   } 
   potential_energy { -10.3797583305239   } 
   potential_energyvar { 5.928153833388046   } 
   nonlocal_energy { 0.6712890575419265   } 
   nonlocal_energyvar { 2.588336613455701   } 
   autocorr_energy { } 
} 

block { 
   label ts_0.01
   totweight 1740800
   nautocorr 0
   total_energy { -5.932349030562428   } 
   total_energyvar { 0.04026581369023833   } 
   weight { 1.00006645185949   } 
   weightvar { 0.09732089040625463   } 
   kinetic_energy { 3.775203197695774   } 
   kinetic_energyvar { 4.656150983461548   } 
   potential_energy { -10.38002889317407   } 
   potential_energyvar { 6.279135326690493   } 
   nonlocal_energy { 0.6724766649158641   } 
   nonlocal_energyvar { 3.066128124111926   } 
   autocorr_energy { } 
} 

block { 
   label ts_0.01
   totweight 1740800
   nautocorr 0
   total_energy { -5.931624022293404   } 
   total_energyvar { 0.03894379585988268   } 
   weight { 1.000172963152183   } 
   weightvar { 0.09680198301629751   } 
   kinetic_energy { 3.783014395836652   } 
   kinetic_energyvar { 4.596453240469808   } 
   potential_energy { -10.38079492588478   } 
   potential_energyvar { 5.974558033502777   } 
   nonlocal_energy { 0.6661565077547285   } 
   nonlocal_energyvar { 2.694677514598445   } 
   autocorr_energy { } 
} 

block { 
   label ts_0.01
   totweight 1740800
   nautocorr 0
   total_energy { -5.932439269368143   } 
   total_energyvar { 0.03976155547456947   } 
   weight { 0.9999263139465655   } 
   weightvar { 0.09650509258139334   } 
   kinetic_energy { 3.76557611378202   } 
   kinetic_energyvar { 4.63263017707055   } 
   potential_energy { -10.36770693122401   } 
   potential_energyvar { 5.891110166008868   } 
   nonlocal_energy { 0.6696915480738519   } 
   nonlocal_energyvar { 2.645169085516174   } 
   autocorr_energy { } 
} 

block { 
   label ts_0.01
   totweight 1740800
   nautocorr 0
   total_energy { -5.931580709547479   } 
   total_energyvar { 0.03896947189382522   } 
   weight { 1.00014924053728   } 
   weightvar { 0.09755667333970831   } 
   kinetic_energy { 3.787404714515026   } 
   kinetic_energyvar { 4.522310493857267   } 
   potential_energy { -10.37783216180704   } 
   potential_energyvar { 5.820857495606562   } 
   nonlocal_energy { 0.6588467377445393   } 
   nonlocal_energyvar { 2.511579095918872   } 
   autocorr_energy { } 
} 

block { 
   label ts_0.01
   totweight 1740800
   nautocorr 0
   total_energy { -5.932437783298078   } 
   total_energyvar { 0.03997850327942287   } 
   weight { 1.000014955023873   } 
   weightvar { 0.09834714397218161   } 
   kinetic_energy { 3.767926056488416   } 
   kinetic_energyvar { 4.62819492745318   } 
   potential_energy { -10.36920603356075   } 
   potential_energyvar { 5.935899132351065   } 
   nonlocal_energy { 0.6688421937742539   } 
   nonlocal_energyvar { 2.678325610342239   } 
   autocorr_energy { } 
} 

block { 
   label ts_0.01
   totweight 1740800
   nautocorr 0
   total_energy { -5.931409895513288   } 
   total_energyvar { 0.04092015507140573   } 
   weight { 1.000020851292043   } 
   weightvar { 0.09830668267610526   } 
   kinetic_energy { 3.791187338573034   } 
   kinetic_energyvar { 4.650546955834555   } 
   potential_energy { -10.39223116744357   } 
   potential_energyvar { 5.894899389798975   } 
   nonlocal_energy { 0.6696339333572485   } 
   nonlocal_energyvar { 2.628938549808338   } 
   autocorr_energy { } 
} 

block { 
   label ts_0.01
   totweight 1740800
   nautocorr 0
   total_energy { -5.930757101392067   } 
   total_energyvar { 0.03945451812831528   } 
   weight { 0.9992145109921913   } 
   weightvar { 0.0982461521286757   } 
   kinetic_energy { 3.795415132624401   } 
   kinetic_energyvar { 4.61826305557382   } 
   potential_energy { -10.39201825891362   } 
   potential_energyvar { 6.025031319537602   } 
   nonlocal_energy { 0.6658460248971519   } 
   nonlocal_energyvar { 2.588882560866179   } 
   autocorr_energy { } 
} 

block { 
   label ts_0.01
   totweight 1740800
   nautocorr 0
   total_energy { -5.93135553570552   } 
   total_energyvar { 0.0401412273719572   } 
   weight { 0.9989225381944393   } 
   weightvar { 0.0978933115786652   } 
   kinetic_energy { 3.791582268033803   } 
   kinetic_energyvar { 4.515638032939932   } 
   potential_energy { -10.39560884759022   } 
   potential_energyvar { 6.095877177073947   } 
   nonlocal_energy { 0.6726710438509002   } 
   nonlocal_energyvar { 2.800414244075328   } 
   autocorr_energy { } 
} 

block { 
   label ts_0.01
   totweight 1740800
   nautocorr 0
   total_energy { -5.933158839894388   } 
   total_energyvar { 0.04005241222969381   } 
   weight { 1.000050074508607   } 
   weightvar { 0.09766154445923753   } 
   kinetic_energy { 3.791879661092779   } 
   kinetic_energyvar { 4.592373561742054   } 
   potential_energy { -10.39407850049755   } 
   potential_energyvar { 5.989736894680472   } 
   nonlocal_energy { 0.6690399995103877   } 
   nonlocal_energyvar { 2.641433194573241   } 
   autocorr_energy { } 
} 

block { 
   label ts_0.01
   totweight 1740800
   nautocorr 0
   total_energy { -5.930997955745561   } 
   total_energyvar { 0.04047313135740943   } 
   weight { 0.9996392747792606   } 
   weightvar { 0.09701569933610218   } 
   kinetic_energy { 3.799175069896135   } 
   kinetic_energyvar { 4.547845773317241   } 
   potential_energy { -10.39201911809802   } 
   potential_energyvar { 5.870857434757322   } 
   nonlocal_energy { 0.6618460924563242   } 
   nonlocal_energyvar { 2.563093183153685   } 
   autocorr_energy { } 
} 

block { 
   label ts_0.01
   totweight 1740800
   nautocorr 0
   total_energy { -5.933644925595027   } 
   total_energyvar { 0.04013674978434299   } 
   weight { 1.000191542752083   } 
   weightvar { 0.09823915804914111   } 
   kinetic_energy { 3.782013719839379   } 
   kinetic_energyvar { 4.602402430734537   } 
   potential_energy { -10.39572481042836   } 
   potential_energyvar { 6.052286931936342   } 
   nonlocal_energy { 0.6800661649939541   } 
   nonlocal_energyvar { 2.695687180003496   } 
   autocorr_energy { } 
} 

block { 
   label ts_0.01
   totweight 1740800
   nautocorr 0
   total_energy { -5.93249985718127   } 
   total_energyvar { 0.03915508820110127   } 
   weight { 1.000983839067652   } 
   weightvar { 0.09864702029022643   } 
   kinetic_energy { 3.780761916322663   } 
   kinetic_energyvar { 4.623458582279409   } 
   potential_energy { -10.38800445622837   } 
   potential_energyvar { 5.95100259950995   } 
   nonlocal_energy { 0.6747426827244342   } 
   nonlocal_energyvar { 2.642206906611041   } 
   autocorr_energy { } 
} 

#-------------------------------------------------
#DMC run: timestep 0.005
#-------------------------------------------------


init { 
   label ts_0.005
}
block { 
   label ts_0.005
   totweight 3481600
   nautocorr 0
   total_energy { -5.93192159991003   } 
   total_energyvar { 0.03968059350986528   } 
   weight { 1.000746636266907   } 
   weightvar { 0.09813956560567302   } 
   kinetic_energy { 3.786406637854627   } 
   kinetic_energyvar { 4.603914867146786   } 
   potential_energy { -10.3779851329948   } 
   potential_energyvar { 5.973267010536502   } 
   nonlocal_energy { 0.6596568952301459   } 
   nonlocal_energyvar { 2.541035441314929   } 
   autocorr_energy { } 
} 

block { 
   label ts_0.005
   totweight 3481600
   nautocorr 0
   total_energy { -5.932576152737794   } 
   total_energyvar { 0.04083133977008317   } 
   weight { 1.001116115564693   } 
   weightvar { 0.09794366402005929   } 
   kinetic_energy { 3.782706897596656   } 
   kinetic_energyvar { 4.568752339361654   } 
   potential_energy { -10.3822464429086   } 
   potential_energyvar { 5.88515535780273   } 
   nonlocal_energy { 0.6669633925741465   } 
   nonlocal_energyvar { 2.547693184946152   } 
   autocorr_energy { } 
} 

block { 
   label ts_0.005
   totweight 3481600
   nautocorr 0
   total_energy { -5.931830400485882   } 
   total_energyvar { 0.04347935587146266   } 
   weight { 0.9998391911306191   } 
   weightvar { 0.09757316866191686   } 
   kinetic_energy { 3.792518624430352   } 
   kinetic_energyvar { 4.65852477340411   } 
   potential_energy { -10.38860079532071   } 
   potential_energyvar { 6.280761762108614   } 
   nonlocal_energy { 0.6642517704044717   } 
   nonlocal_energyvar { 2.951588491538149   } 
   autocorr_energy { } 
} 

block { 
   label ts_0.005
   totweight 3481600
   nautocorr 0
   total_energy { -5.932765940141885   } 
   total_energyvar { 0.03997543376150277   } 
   weight { 0.9998510592444885   } 
   weightvar { 0.09726196545257887   } 
   kinetic_energy { 3.761630568832611   } 
   kinetic_energyvar { 4.60532630623513   } 
   potential_energy { -10.36130930251297   } 
   potential_energyvar { 5.969440392749219   } 
   nonlocal_energy { 0.6669127935384691   } 
   nonlocal_energyvar { 2.627919223738338   } 
   autocorr_energy { } 
} 

block { 
   label ts_0.005
   totweight 3481600
   nautocorr 0
   total_energy { -5.932142673852313   } 
   total_energyvar { 0.0403808205391202   } 
   weight { 0.9998318809672002   } 
   weightvar { 0.09688676976352845   } 
   kinetic_energy { 3.74815478554283   } 
   kinetic_energyvar { 4.840827315928436   } 
   potential_energy { -10.34898625627962   } 
   potential_energyvar { 6.167818616771207   } 
   nonlocal_energy { 0.6686887968844769   } 
   nonlocal_energyvar { 2.720777823497636   } 
   autocorr_energy { } 
} 

block { 
   label ts_0.005
   totweight 3481600
   nautocorr 0
   total_energy { -5.931585482588255   } 
   total_energyvar { 0.04078384969473621   } 
   weight { 0.999478357657282   } 
   weightvar { 0.09684670662260397   } 
   kinetic_energy { 3.771872883357692   } 
   kinetic_energyvar { 4.573186475724595   } 
   potential_energy { -10.36892766038494   } 
   potential_energyvar { 5.827821402824564   } 
   nonlocal_energy { 0.6654692944389927   } 
   nonlocal_energyvar { 2.579454486146657   } 
   autocorr_energy { } 
} 

block { 
   label ts_0.005
   totweight 3481600
   nautocorr 0
   total_energy { -5.931559283036161   } 
   total_energyvar { 0.03982026231546694   } 
   weight { 0.999146840003225   } 
   weightvar { 0.09647523064122702   } 
   kinetic_energy { 3.780442382345774   } 
   kinetic_energyvar { 4.549538571620364   } 
   potential_energy { -10.37600039552784   } 
   potential_energyvar { 5.773835580026861   } 
   nonlocal_energy { 0.6639987301459007   } 
   nonlocal_energyvar { 2.532130301504738   } 
   autocorr_energy { } 
} 

block { 
   label ts_0.005
   totweight 3481600
   nautocorr 0
   total_energy { -5.931120970358179   } 
   total_energyvar { 0.03929321233442604   } 
   weight { 0.9988552451582769   } 
   weightvar { 0.09750767151350964   } 
   kinetic_energy { 3.790224772019426   } 
   kinetic_energyvar { 4.536315598506214   } 
   potential_energy { -10.38011894426854   } 
   potential_energyvar { 5.92270891570722   } 
   nonlocal_energy { 0.6587732018909381   } 
   nonlocal_energyvar { 2.554803072936188   } 
   autocorr_energy { } 
} 

block { 
   label ts_0.005
   totweight 3481600
   nautocorr 0
   total_energy { -5.933284039156117   } 
   total_energyvar { 0.04041793051373579   } 
   weight { 0.9995076471582675   } 
   weightvar { 0.09757486309080535   } 
   kinetic_energy { 3.794006746125497   } 
   kinetic_energyvar { 4.575212354967555   } 
   potential_energy { -10.39085055733958   } 
   potential_energyvar { 5.867646712720596   } 
   nonlocal_energy { 0.6635597720579702   } 
   nonlocal_energyvar { 2.591745044060557   } 
   autocorr_energy { } 
} 

block { 
   label ts_0.005
   totweight 3481600
   nautocorr 0
   total_energy { -5.933019368787566   } 
   total_energyvar { 0.04047845102725645   } 
   weight { 1.000350336926402   } 
   weightvar { 0.09745399735218002   } 
   kinetic_energy { 3.775077538968154   } 
   kinetic_energyvar { 4.595140066200634   } 
   potential_energy { -10.36796210047679   } 
   potential_energyvar { 5.87268815923833   } 
   nonlocal_energy { 0.6598651927210653   } 
   nonlocal_energyvar { 2.610363662913939   } 
   autocorr_energy { } 
} 

block { 
   label ts_0.005
   totweight 3481600
   nautocorr 0
   total_energy { -5.931724902222892   } 
   total_energyvar { 0.03992738744464097   } 
   weight { 0.9998630962799422   } 
   weightvar { 0.09739182661644863   } 
   kinetic_energy { 3.794776555809382   } 
   kinetic_energyvar { 4.555976918727993   } 
   potential_energy { -10.39673669376161   } 
   potential_energyvar { 5.890035349828783   } 
   nonlocal_energy { 0.6702352357293339   } 
   nonlocal_energyvar { 2.588783648604323   } 
   autocorr_energy { } 
} 

block { 
   label ts_0.005
   totweight 3481600
   nautocorr 0
   total_energy { -5.933855909582442   } 
   total_energyvar { 0.04105895941209653   } 
   weight { 1.000243613599388   } 
   weightvar { 0.09690191185413581   } 
   kinetic_energy { 3.77759231027662   } 
   kinetic_energyvar { 4.56491280630111   } 
   potential_energy { -10.37540362119269   } 
   potential_energyvar { 5.936205760385998   } 
   nonlocal_energy { 0.6639554013336298   } 
   nonlocal_energyvar { 2.663271688989677   } 
   autocorr_energy { } 
} 

block { 
   label ts_0.005
   totweight 3481600
   nautocorr 0
   total_energy { -5.930603395612894   } 
   total_energyvar { 0.04011230232300824   } 
   weight { 0.9994071504572922   } 
   weightvar { 0.09827305699758505   } 
   kinetic_energy { 3.793741322148013   } 
   kinetic_energyvar { 4.615350799995202   } 
   potential_energy { -10.39090838795428   } 
   potential_energyvar { 6.038611876123356   } 
   nonlocal_energy { 0.6665636701933781   } 
   nonlocal_energyvar { 2.687747352623674   } 
   autocorr_energy { } 
} 

block { 
   label ts_0.005
   totweight 3481600
   nautocorr 0
   total_energy { -5.932302423978475   } 
   total_energyvar { 0.04105374399383428   } 
   weight { 0.9995238099111735   } 
   weightvar { 0.09956663899390543   } 
   kinetic_energy { 3.782240233654628   } 
   kinetic_energyvar { 4.658969518631242   } 
   potential_energy { -10.38554180782321   } 
   potential_energyvar { 6.029138653387498   } 
   nonlocal_energy { 0.6709991501901068   } 
   nonlocal_energyvar { 2.771283611689775   } 
   autocorr_energy { } 
} 

block { 
   label ts_0.005
   totweight 3481600
   nautocorr 0
   total_energy { -5.932605649587009   } 
   total_energyvar { 0.0405707258935001   } 
   weight { 0.9996317444535127   } 
   weightvar { 0.09878493075827331   } 
   kinetic_energy { 3.787796630971866   } 
   kinetic_energyvar { 4.602478212747098   } 
   potential_energy { -10.37899120692843   } 
   potential_energyvar { 5.920880512679514   } 
   nonlocal_energy { 0.6585889263695549   } 
   nonlocal_energyvar { 2.614549394458721   } 
   autocorr_energy { } 
} 

block { 
   label ts_0.005
   totweight 3481600
   nautocorr 0
   total_energy { -5.933358130668821   } 
   total_energyvar { 0.03941732920479286   } 
   weight { 0.9999240091356925   } 
   weightvar { 0.0988906190534482   } 
   kinetic_energy { 3.780126746219344   } 
   kinetic_energyvar { 4.593559964911659   } 
   potential_energy { -10.37752438956711   } 
   potential_energyvar { 5.93454573832611   } 
   nonlocal_energy { 0.6640395126789461   } 
   nonlocal_energyvar { 2.601721453934473   } 
   autocorr_energy { } 
} 

block { 
   label ts_0.005
   totweight 3481600
   nautocorr 0
   total_energy { -5.932587988722006   } 
   total_energyvar { 0.04044017834061753   } 
   weight { 1.000466013019604   } 
   weightvar { 0.09779138010661052   } 
   kinetic_energy { 3.78807931546535   } 
   kinetic_energyvar { 4.633752180019605   } 
   potential_energy { -10.38768760601102   } 
   potential_energyvar { 6.019129838367808   } 
   nonlocal_energy { 0.6670203018236655   } 
   nonlocal_energyvar { 2.653484713183777   } 
   autocorr_energy { } 
} 

block { 
   label ts_0.005
   totweight 3481600
   nautocorr 0
   total_energy { -5.933239971525068   } 
   total_energyvar { 0.04200998671551987   } 
   weight { 1.000172388604058   } 
   weightvar { 0.09834692404459205   } 
   kinetic_energy { 3.768595509906658   } 
   kinetic_energyvar { 4.648884578849001   } 
   potential_energy { -10.37647908602436   } 
   potential_energyvar { 6.21326230459938   } 
   nonlocal_energy { 0.674643604592629   } 
   nonlocal_energyvar { 2.958872603575444   } 
   autocorr_energy { } 
} 

block { 
   label ts_0.005
   totweight 3481600
   nautocorr 0
   total_energy { -5.933020934623451   } 
   total_energyvar { 0.0403074685192119   } 
   weight { 1.000515138197277   } 
   weightvar { 0.09835851937205843   } 
   kinetic_energy { 3.790315542479171   } 
   kinetic_energyvar { 4.605567267634584   } 
   potential_energy { -10.39395015527824   } 
   potential_energyvar { 6.032669219569727   } 
   nonlocal_energy { 0.6706136781756183   } 
   nonlocal_energyvar { 2.59510711491271   } 
   autocorr_energy { } 
} 

block { 
   label ts_0.005
   totweight 3481600
   nautocorr 0
   total_energy { -5.932577529676655   } 
   total_energyvar { 0.03883617252852457   } 
   weight { 1.000097069116075   } 
   weightvar { 0.09815434004227952   } 
   kinetic_energy { 3.792168190579486   } 
   kinetic_energyvar { 4.549143378697543   } 
   potential_energy { -10.38480337101843   } 
   potential_energyvar { 5.990118883693921   } 
   nonlocal_energy { 0.6600576507622933   } 
   nonlocal_energyvar { 2.568930667993155   } 
   autocorr_energy { } 
} 

block { 
   label ts_0.005
   totweight 3481600
   nautocorr 0
   total_energy { -5.932662659678928   } 
   total_energyvar { 0.03977311636660184   } 
   weight { 1.000007698628166   } 
   weightvar { 0.09793393489221029   } 
   kinetic_energy { 3.786071704775921   } 
   kinetic_energyvar { 4.595930020688029   } 
   potential_energy { -10.38352287308473   } 
   potential_energyvar { 6.002482930982488   } 
   nonlocal_energy { 0.6647885086298753   } 
   nonlocal_energyvar { 2.658956080648829   } 
   autocorr_energy { } 
} 

block { 
   label ts_0.005
   totweight 3481600
   nautocorr 0
   total_energy { -5.932836482981784   } 
   total_energyvar { 0.0394430273563352   } 
   weight { 0.9998651505157672   } 
   weightvar { 0.09745633327435936   } 
   kinetic_energy { 3.780761655563204   } 
   kinetic_energyvar { 4.563839488403142   } 
   potential_energy { -10.37777747934206   } 
   potential_energyvar { 5.977617605998859   } 
   nonlocal_energy { 0.6641793407970713   } 
   nonlocal_energyvar { 2.618302724486122   } 
   autocorr_energy { } 
} 

block { 
   label ts_0.005
   totweight 3481600
   nautocorr 0
   total_energy { -5.934345980414804   } 
   total_energyvar { 0.03999518455176312   } 
   weight { 1.000602024238428   } 
   weightvar { 0.09832449264985924   } 
   kinetic_energy { 3.783837039514402   } 
   kinetic_energyvar { 4.542110146625229   } 
   potential_energy { -10.38597844207854   } 
   potential_energyvar { 5.864436765612969   } 
   nonlocal_energy { 0.6677954221493289   } 
   nonlocal_energyvar { 2.5398611281793   } 
   autocorr_energy { } 
} 

block { 
   label ts_0.005
   totweight 3481600
   nautocorr 0
   total_energy { -5.932948389759949   } 
   total_energyvar { 0.0398652170393901   } 
   weight { 1.000415678984712   } 
   weightvar { 0.09913102330219346   } 
   kinetic_energy { 3.773629735070546   } 
   kinetic_energyvar { 4.53371721634636   } 
   potential_energy { -10.36710592002578   } 
   potential_energyvar { 5.899524512095846   } 
   nonlocal_energy { 0.6605277951952826   } 
   nonlocal_energyvar { 2.620178320667219   } 
   autocorr_energy { } 
} 

block { 
   label ts_0.005
   totweight 3481600
   nautocorr 0
   total_energy { -5.932068840887561   } 
   total_energyvar { 0.0401121313925035   } 
   weight { 0.9998921156743176   } 
   weightvar { 0.09865684481681859   } 
   kinetic_energy { 3.768275130322939   } 
   kinetic_energyvar { 4.556976585890299   } 
   potential_energy { -10.36879699592869   } 
   potential_energyvar { 5.986553068593011   } 
   nonlocal_energy { 0.668453024718192   } 
   nonlocal_energyvar { 2.65956177439914   } 
   autocorr_energy { } 
} 

block { 
   label ts_0.005
   totweight 3481600
   nautocorr 0
   total_energy { -5.933376134766676   } 
   total_energyvar { 0.04072569519770506   } 
   weight { 0.9999829564525651   } 
   weightvar { 0.09778032611576194   } 
   kinetic_energy { 3.765652790268206   } 
   kinetic_energyvar { 4.48601953578188   } 
   potential_energy { -10.36502194458878   } 
   potential_energyvar { 5.747707345456359   } 
   nonlocal_energy { 0.6659930195538998   } 
   nonlocal_energyvar { 2.510156441832733   } 
   autocorr_energy { } 
} 

block { 
   label ts_0.005
   totweight 3481600
   nautocorr 0
   total_energy { -5.934002380342554   } 
   total_energyvar { 0.04038184489957894   } 
   weight { 1.000772073059971   } 
   weightvar { 0.09732130657235748   } 
   kinetic_energy { 3.776183808281072   } 
   kinetic_energyvar { 4.61491366925022   } 
   potential_energy { -10.37801973069029   } 
   potential_energyvar { 5.969136747836226   } 
   nonlocal_energy { 0.6678335420666621   } 
   nonlocal_energyvar { 2.645945248013033   } 
   autocorr_energy { } 
} 

block { 
   label ts_0.005
   totweight 3481600
   nautocorr 0
   total_energy { -5.934215987880732   } 
   total_energyvar { 0.03890341786762868   } 
   weight { 1.000826987741752   } 
   weightvar { 0.09779785580334563   } 
   kinetic_energy { 3.778535427215862   } 
   kinetic_energyvar { 4.641309882421174   } 
   potential_energy { -10.37459789740536   } 
   potential_energyvar { 5.941651539416156   } 
   nonlocal_energy { 0.6618464823087716   } 
   nonlocal_energyvar { 2.560804935279753   } 
   autocorr_energy { } 
} 

block { 
   label ts_0.005
   totweight 3481600
   nautocorr 0
   total_energy { -5.934023498785095   } 
   total_energyvar { 0.04138589977719091   } 
   weight { 1.001057443486671   } 
   weightvar { 0.09756051729422459   } 
   kinetic_energy { 3.78856179598788   } 
   kinetic_energyvar { 4.625565555503219   } 
   potential_energy { -10.3973187422566   } 
   potential_energyvar { 5.968153175763141   } 
   nonlocal_energy { 0.6747334474836245   } 
   nonlocal_energyvar { 2.729034272413061   } 
   autocorr_energy { } 
} 

block { 
   label ts_0.005
   totweight 3481600
   nautocorr 0
   total_energy { -5.933258123755722   } 
   total_energyvar { 0.04081389322311501   } 
   weight { 1.000564744752296   } 
   weightvar { 0.09806529419204066   } 
   kinetic_energy { 3.795920955809953   } 
   kinetic_energyvar { 4.672701456577678   } 
   potential_energy { -10.40855882290782   } 
   potential_energyvar { 5.929265792497716   } 
   nonlocal_energy { 0.6793797433421476   } 
   nonlocal_energyvar { 2.620187263451545   } 
   autocorr_energy { } 
} 

block { 
   label ts_0.005
   totweight 3481600
   nautocorr 0
   total_energy { -5.933231124749984   } 
   total_energyvar { 0.04024644904481703   } 
   weight { 1.000567365002293   } 
   weightvar { 0.09847451666506285   } 
   kinetic_energy { 3.780832799773845   } 
   kinetic_energyvar { 4.605625629476561   } 
   potential_energy { -10.38528305304206   } 
   potential_energyvar { 5.959309828327553   } 
   nonlocal_energy { 0.671219128518233   } 
   nonlocal_energyvar { 2.616963780380813   } 
   autocorr_energy { } 
} 

block { 
   label ts_0.005
   totweight 3481600
   nautocorr 0
   total_energy { -5.932970034775587   } 
   total_energyvar { 0.04047284191750732   } 
   weight { 0.9999733221434588   } 
   weightvar { 0.09909316831039416   } 
   kinetic_energy { 3.784062239328573   } 
   kinetic_energyvar { 4.655124730965087   } 
   potential_energy { -10.3807460332159   } 
   potential_energyvar { 5.944677324256992   } 
   nonlocal_energy { 0.6637137591117399   } 
   nonlocal_energyvar { 2.5614022911404   } 
   autocorr_energy { } 
} 

block { 
   label ts_0.005
   totweight 3481600
   nautocorr 0
   total_energy { -5.932096746485205   } 
   total_energyvar { 0.04033663178100508   } 
   weight { 0.9998282623945177   } 
   weightvar { 0.09906404087110569   } 
   kinetic_energy { 3.785109225514039   } 
   kinetic_energyvar { 4.610053254879847   } 
   potential_energy { -10.37796795619057   } 
   potential_energyvar { 5.922989952700593   } 
   nonlocal_energy { 0.6607619841913213   } 
   nonlocal_energyvar { 2.58275186118867   } 
   autocorr_energy { } 
} 

block { 
   label ts_0.005
   totweight 3481600
   nautocorr 0
   total_energy { -5.93230458607686   } 
   total_energyvar { 0.04162070847977852   } 
   weight { 0.9989058955033077   } 
   weightvar { 0.09861882784076242   } 
   kinetic_energy { 3.762962540577637   } 
   kinetic_energyvar { 4.573227238708042   } 
   potential_energy { -10.36239291296073   } 
   potential_energyvar { 6.048069349507741   } 
   nonlocal_energy { 0.6671257863062331   } 
   nonlocal_energyvar { 2.821316014883537   } 
   autocorr_energy { } 
} 

block { 
   label ts_0.005
   totweight 3481600
   nautocorr 0
   total_energy { -5.932482112153715   } 
   total_energyvar { 0.04058103241350197   } 
   weight { 0.9993179120435105   } 
   weightvar { 0.09721016919813248   } 
   kinetic_energy { 3.766202700828845   } 
   kinetic_energyvar { 4.578884593359467   } 
   potential_energy { -10.37097932508373   } 
   potential_energyvar { 5.943874813649762   } 
   nonlocal_energy { 0.672294512101169   } 
   nonlocal_energyvar { 2.721432286624104   } 
   autocorr_energy { } 
} 

block { 
   label ts_0.005
   totweight 3481600
   nautocorr 0
   total_energy { -5.932044913605854   } 
   total_energyvar { 0.03984865415227536   } 
   weight { 0.9990009550542103   } 
   weightvar { 0.09679071818817626   } 
   kinetic_energy { 3.757148715471855   } 
   kinetic_energyvar { 4.566498200999023   } 
   potential_energy { -10.34985792692598   } 
   potential_energyvar { 5.959907923023498   } 
   nonlocal_energy { 0.6606642978482679   } 
   nonlocal_energyvar { 2.63829975396387   } 
   autocorr_energy { } 
} 

block { 
   label ts_0.005
   totweight 3481600
   nautocorr 0
   total_energy { -5.932374414655749   } 
   total_energyvar { 0.04024719286760275   } 
   weight { 0.9991372025317763   } 
   weightvar { 0.09784326479386896   } 
   kinetic_energy { 3.757166164414435   } 
   kinetic_energyvar { 4.637194676640117   } 
   potential_energy { -10.35537989021921   } 
   potential_energyvar { 6.11499657676675   } 
   nonlocal_energy { 0.6658393111490276   } 
   nonlocal_energyvar { 2.814223682094783   } 
   autocorr_energy { } 
} 

block { 
   label ts_0.005
   totweight 3481600
   nautocorr 0
   total_energy { -5.932252653549721   } 
   total_energyvar { 0.04067098140042907   } 
   weight { 0.9990913720937233   } 
   weightvar { 0.09807730563537755   } 
   kinetic_energy { 3.77073907491225   } 
   kinetic_energyvar { 4.605077213909694   } 
   potential_energy { -10.37172799443213   } 
   potential_energyvar { 5.977171556662456   } 
   nonlocal_energy { 0.6687362659701599   } 
   nonlocal_energyvar { 2.663290192783871   } 
   autocorr_energy { } 
} 

block { 
   label ts_0.005
   totweight 3481600
   nautocorr 0
   total_energy { -5.930872929458198   } 
   total_energyvar { 0.0391319404503605   } 
   weight { 0.9988823640082428   } 
   weightvar { 0.09850106609210116   } 
   kinetic_energy { 3.776450443507684   } 
   kinetic_energyvar { 4.636974917017336   } 
   potential_energy { -10.37039039181984   } 
   potential_energyvar { 5.998257032006332   } 
   nonlocal_energy { 0.6630670188539626   } 
   nonlocal_energyvar { 2.674660655133446   } 
   autocorr_energy { } 
} 

block { 
   label ts_0.005
   totweight 3481600
   nautocorr 0
   total_energy { -5.931540812263517   } 
   total_energyvar { 0.03943685305395135   } 
   weight { 0.9984114091129963   } 
   weightvar { 0.0986341470416191   } 
   kinetic_energy { 3.788944545105653   } 
   kinetic_energyvar { 4.647757440558893   } 
   potential_energy { -10.38671730473398   } 
   potential_energyvar { 5.943092372990643   } 
   nonlocal_energy { 0.6662319473648118   } 
   nonlocal_energyvar { 2.593287130770173   } 
   autocorr_energy { } 
} 

#-------------------------------------------------
#DMC run: timestep 0.002
#-------------------------------------------------


init { 
   label ts_0.002
}
block { 
   label ts_0.002
   totweight 8704000
   nautocorr 0
   total_energy { -5.931141496011662   } 
   total_energyvar { 0.04163056422798273   } 
   weight { 0.9988839359273728   } 
   weightvar { 0.09767643425981881   } 
   kinetic_energy { 3.793328471597623   } 
   kinetic_energyvar { 4.586371045031338   } 
   potential_energy { -10.39584019267898   } 
   potential_energyvar { 5.956524288086188   } 
   nonlocal_energy { 0.6713702250696907   } 
   nonlocal_energyvar { 2.665595694717639   } 
   autocorr_energy { } 
} 

block { 
   label ts_0.002
   totweight 8704000
   nautocorr 0
   total_energy { -5.932620634016478   } 
   total_energyvar { 0.03958659854624769   } 
   weight { 0.9997370364073765   } 
   weightvar { 0.0972287556409154   } 
   kinetic_energy { 3.778688480246351   } 
   kinetic_energyvar { 4.565385058826058   } 
   potential_energy { -10.38127759814966   } 
   potential_energyvar { 5.899566389125591   } 
   nonlocal_energy { 0.6699684838868311   } 
   nonlocal_energyvar { 2.652790918893924   } 
   autocorr_energy { } 
} 

block { 
   label ts_0.002
   totweight 8704000
   nautocorr 0
   total_energy { -5.932737818231155   } 
   total_energyvar { 0.04003772977965837   } 
   weight { 1.000432182288854   } 
   weightvar { 0.09736247632026707   } 
   kinetic_energy { 3.783098744800481   } 
   kinetic_energyvar { 4.573323930492465   } 
   potential_energy { -10.37590209390959   } 
   potential_energyvar { 5.908519167215282   } 
   nonlocal_energy { 0.6600655308779514   } 
   nonlocal_energyvar { 2.539967760091968   } 
   autocorr_energy { } 
} 

block { 
   label ts_0.002
   totweight 8704000
   nautocorr 0
   total_energy { -5.932103612292708   } 
   total_energyvar { 0.040545760758915   } 
   weight { 1.000230632616518   } 
   weightvar { 0.09625471550451363   } 
   kinetic_energy { 3.767845575223838   } 
   kinetic_energyvar { 4.598788170208699   } 
   potential_energy { -10.37682967024313   } 
   potential_energyvar { 5.937509282489553   } 
   nonlocal_energy { 0.6768804827265861   } 
   nonlocal_energyvar { 2.631145435032783   } 
   autocorr_energy { } 
} 

block { 
   label ts_0.002
   totweight 8704000
   nautocorr 0
   total_energy { -5.933311005870094   } 
   total_energyvar { 0.04068083889733257   } 
   weight { 1.000113402733937   } 
   weightvar { 0.09643510285921805   } 
   kinetic_energy { 3.775759984853717   } 
   kinetic_energyvar { 4.575893466402321   } 
   potential_energy { -10.38277545299208   } 
   potential_energyvar { 5.936771607330716   } 
   nonlocal_energy { 0.6737044622682711   } 
   nonlocal_energyvar { 2.670112260085822   } 
   autocorr_energy { } 
} 

block { 
   label ts_0.002
   totweight 8704000
   nautocorr 0
   total_energy { -5.933177093031927   } 
   total_energyvar { 0.04090358924263902   } 
   weight { 1.000456370087809   } 
   weightvar { 0.09719126311556109   } 
   kinetic_energy { 3.778159911582997   } 
   kinetic_energyvar { 4.586745472192236   } 
   potential_energy { -10.3783190871439   } 
   potential_energyvar { 5.909555999333957   } 
   nonlocal_energy { 0.6669820825289795   } 
   nonlocal_energyvar { 2.709814716554118   } 
   autocorr_energy { } 
} 

block { 
   label ts_0.002
   totweight 8704000
   nautocorr 0
   total_energy { -5.931973566544279   } 
   total_energyvar { 0.03997701265339946   } 
   weight { 0.9998976077658936   } 
   weightvar { 0.0973213870027491   } 
   kinetic_energy { 3.787411593845256   } 
   kinetic_energyvar { 4.534836180577199   } 
   potential_energy { -10.38971418436334   } 
   potential_energyvar { 5.916539226045639   } 
   nonlocal_energy { 0.6703290239738057   } 
   nonlocal_energyvar { 2.626401737531392   } 
   autocorr_energy { } 
} 

block { 
   label ts_0.002
   totweight 8704000
   nautocorr 0
   total_energy { -5.932445981349274   } 
   total_energyvar { 0.04035816438824812   } 
   weight { 0.9992429508611423   } 
   weightvar { 0.09798251952149016   } 
   kinetic_energy { 3.785791962704216   } 
   kinetic_energyvar { 4.588041063100376   } 
   potential_energy { -10.38755999794751   } 
   potential_energyvar { 5.936093354853566   } 
   nonlocal_energy { 0.6693220538940167   } 
   nonlocal_energyvar { 2.610909298482012   } 
   autocorr_energy { } 
} 

block { 
   label ts_0.002
   totweight 8704000
   nautocorr 0
   total_energy { -5.931135756184082   } 
   total_energyvar { 0.04001092034487668   } 
   weight { 0.9988474392536715   } 
   weightvar { 0.09776772849184201   } 
   kinetic_energy { 3.792633176749836   } 
   kinetic_energyvar { 4.560801897306173   } 
   potential_energy { -10.3854752816405   } 
   potential_energyvar { 5.949785425765591   } 
   nonlocal_energy { 0.6617063487065815   } 
   nonlocal_energyvar { 2.645739613180359   } 
   autocorr_energy { } 
} 

block { 
   label ts_0.002
   totweight 8704000
   nautocorr 0
   total_energy { -5.931466908597123   } 
   total_energyvar { 0.03973430096690104   } 
   weight { 0.9987111196091198   } 
   weightvar { 0.09832966932571351   } 
   kinetic_energy { 3.784104607717473   } 
   kinetic_energyvar { 4.655356790084307   } 
   potential_energy { -10.38247037538869   } 
   potential_energyvar { 6.130038368233405   } 
   nonlocal_energy { 0.6668988590740987   } 
   nonlocal_energyvar { 2.81236402438396   } 
   autocorr_energy { } 
} 

block { 
   label ts_0.002
   totweight 8704000
   nautocorr 0
   total_energy { -5.932866750818636   } 
   total_energyvar { 0.03942223816240507   } 
   weight { 0.9989756178581456   } 
   weightvar { 0.09985732856801043   } 
   kinetic_energy { 3.773654419533846   } 
   kinetic_energyvar { 4.536277085120354   } 
   potential_energy { -10.36700118320031   } 
   potential_energyvar { 5.871438090644379   } 
   nonlocal_energy { 0.660480012847826   } 
   nonlocal_energyvar { 2.532077885692841   } 
   autocorr_energy { } 
} 

block { 
   label ts_0.002
   totweight 8704000
   nautocorr 0
   total_energy { -5.933347965255323   } 
   total_energyvar { 0.04152444931776526   } 
   weight { 1.000097040080624   } 
   weightvar { 0.09895626325951812   } 
   kinetic_energy { 3.782707530912206   } 
   kinetic_energyvar { 4.589343223706089   } 
   potential_energy { -10.38348233389887   } 
   potential_energyvar { 5.906143316593639   } 
   nonlocal_energy { 0.6674268377313406   } 
   nonlocal_energyvar { 2.57143139133338   } 
   autocorr_energy { } 
} 

block { 
   label ts_0.002
   totweight 8704000
   nautocorr 0
   total_energy { -5.93170298885819   } 
   total_energyvar { 0.03963492790321192   } 
   weight { 0.999456883788047   } 
   weightvar { 0.09954487941668146   } 
   kinetic_energy { 3.782846149806853   } 
   kinetic_energyvar { 4.679068911111049   } 
   potential_energy { -10.37806747269921   } 
   potential_energyvar { 5.978843697111827   } 
   nonlocal_energy { 0.6635183340341714   } 
   nonlocal_energyvar { 2.640557445254375   } 
   autocorr_energy { } 
} 

block { 
   label ts_0.002
   totweight 8704000
   nautocorr 0
   total_energy { -5.933128480022359   } 
   total_energyvar { 0.04012717779490541   } 
   weight { 0.9995842043410161   } 
   weightvar { 0.09916021873691817   } 
   kinetic_energy { 3.769422951231032   } 
   kinetic_energyvar { 4.614445394897494   } 
   potential_energy { -10.37334165553908   } 
   potential_energyvar { 5.931715694921729   } 
   nonlocal_energy { 0.6707902242856885   } 
   nonlocal_energyvar { 2.687701668851148   } 
   autocorr_energy { } 
} 

block { 
   label ts_0.002
   totweight 8704000
   nautocorr 0
   total_energy { -5.930538348410688   } 
   total_energyvar { 0.03991574025861777   } 
   weight { 0.9991574226449407   } 
   weightvar { 0.0990012529952127   } 
   kinetic_energy { 3.786023192106831   } 
   kinetic_energyvar { 4.611656283520318   } 
   potential_energy { -10.38818750386515   } 
   potential_energyvar { 5.904519521175891   } 
   nonlocal_energy { 0.6716259633476311   } 
   nonlocal_energyvar { 2.603461230456829   } 
   autocorr_energy { } 
} 

block { 
   label ts_0.002
   totweight 8704000
   nautocorr 0
   total_energy { -5.931547212681899   } 
   total_energyvar { 0.04018842547779786   } 
   weight { 0.9983586624576761   } 
   weightvar { 0.09859502708545041   } 
   kinetic_energy { 3.786018608311184   } 
   kinetic_energyvar { 4.607624903363258   } 
   potential_energy { -10.38406351656539   } 
   potential_energyvar { 5.992475459191585   } 
   nonlocal_energy { 0.6664976955723113   } 
   nonlocal_energyvar { 2.710765323504513   } 
   autocorr_energy { } 
} 

block { 
   label ts_0.002
   totweight 8704000
   nautocorr 0
   total_energy { -5.93303680246815   } 
   total_energyvar { 0.03991912978825865   } 
   weight { 0.9994052519192097   } 
   weightvar { 0.09814704574113743   } 
   kinetic_energy { 3.789477332485964   } 
   kinetic_energyvar { 4.609632203970325   } 
   potential_energy { -10.39311953914851   } 
   potential_energyvar { 5.938161030648078   } 
   nonlocal_energy { 0.6706054041943995   } 
   nonlocal_energyvar { 2.641387225815985   } 
   autocorr_energy { } 
} 

block { 
   label ts_0.002
   totweight 8704000
   nautocorr 0
   total_energy { -5.932597032458412   } 
   total_energyvar { 0.04093058105079654   } 
   weight { 0.9998212339376238   } 
   weightvar { 0.0977341990159821   } 
   kinetic_energy { 3.789817290882621   } 
   kinetic_energyvar { 4.61808824289867   } 
   potential_energy { -10.39679165863567   } 
   potential_energyvar { 5.975519859240782   } 
   nonlocal_energy { 0.6743773352946344   } 
   nonlocal_energyvar { 2.724162554067886   } 
   autocorr_energy { } 
} 

block { 
   label ts_0.002
   totweight 8704000
   nautocorr 0
   total_energy { -5.933522483087836   } 
   total_energyvar { 0.04020722665283192   } 
   weight { 1.000304110614195   } 
   weightvar { 0.09834958442396262   } 
   kinetic_energy { 3.773963580685523   } 
   kinetic_energyvar { 4.595685117070216   } 
   potential_energy { -10.37984289121457   } 
   potential_energyvar { 5.977024606545839   } 
   nonlocal_energy { 0.6723568274412105   } 
   nonlocal_energyvar { 2.687840861850925   } 
   autocorr_energy { } 
} 

block { 
   label ts_0.002
   totweight 8704000
   nautocorr 0
   total_energy { -5.934200219467049   } 
   total_energyvar { 0.04065010443449284   } 
   weight { 1.000969459732188   } 
   weightvar { 0.098822596121205   } 
   kinetic_energy { 3.762392055918841   } 
   kinetic_energyvar { 4.552677818628722   } 
   potential_energy { -10.36056457833807   } 
   potential_energyvar { 5.856101341030278   } 
   nonlocal_energy { 0.6639723029521764   } 
   nonlocal_energyvar { 2.618484415101264   } 
   autocorr_energy { } 
} 

block { 
   label ts_0.002
   totweight 8704000
   nautocorr 0
   total_energy { -5.933258344234643   } 
   total_energyvar { 0.04053382617717381   } 
   weight { 1.000854981129146   } 
   weightvar { 0.09918621478327409   } 
   kinetic_energy { 3.775163887637187   } 
   kinetic_energyvar { 4.553468114076507   } 
   potential_energy { -10.36839682032862   } 
   potential_energyvar { 5.888219655793829   } 
   nonlocal_energy { 0.65997458845679   } 
   nonlocal_energyvar { 2.624154542492188   } 
   autocorr_energy { } 
} 

block { 
   label ts_0.002
   totweight 8704000
   nautocorr 0
   total_energy { -5.933164634908143   } 
   total_energyvar { 0.04142741491088535   } 
   weight { 1.000516340616753   } 
   weightvar { 0.09841064228445164   } 
   kinetic_energy { 3.787254998696119   } 
   kinetic_energyvar { 4.572839115468945   } 
   potential_energy { -10.39293180343219   } 
   potential_energyvar { 5.884473262861206   } 
   nonlocal_energy { 0.6725121698279219   } 
   nonlocal_energyvar { 2.630546084342087   } 
   autocorr_energy { } 
} 

block { 
   label ts_0.002
   totweight 8704000
   nautocorr 0
   total_energy { -5.931767385333836   } 
   total_energyvar { 0.04203480408027205   } 
   weight { 0.9996928531262944   } 
   weightvar { 0.09846297615993846   } 
   kinetic_energy { 3.789857876128303   } 
   kinetic_energyvar { 4.650339322011161   } 
   potential_energy { -10.40753643727616   } 
   potential_energyvar { 6.034050861797524   } 
   nonlocal_energy { 0.6859111758140156   } 
   nonlocal_energyvar { 2.748962457582742   } 
   autocorr_energy { } 
} 

block { 
   label ts_0.002
   totweight 8704000
   nautocorr 0
   total_energy { -5.934409473407789   } 
   total_energyvar { 0.04028052838429522   } 
   weight { 1.000042257069947   } 
   weightvar { 0.09782097392533827   } 
   kinetic_energy { 3.776379175857574   } 
   kinetic_energyvar { 4.58939329257974   } 
   potential_energy { -10.37773979370513   } 
   potential_energyvar { 6.089627507003601   } 
   nonlocal_energy { 0.666951144439769   } 
   nonlocal_energyvar { 2.74668697850155   } 
   autocorr_energy { } 
} 

block { 
   label ts_0.002
   totweight 8704000
   nautocorr 0
   total_energy { -5.933593561310349   } 
   total_energyvar { 0.04084309413820252   } 
   weight { 1.00061815770967   } 
   weightvar { 0.09758074872742141   } 
   kinetic_energy { 3.78028489628247   } 
   kinetic_energyvar { 4.625278736456516   } 
   potential_energy { -10.3878206191335   } 
   potential_energyvar { 6.00816672867539   } 
   nonlocal_energy { 0.6739421615406818   } 
   nonlocal_energyvar { 2.648314853617377   } 
   autocorr_energy { } 
} 

block { 
   label ts_0.002
   totweight 8704000
   nautocorr 0
   total_energy { -5.933628959609011   } 
   total_energyvar { 0.04097468592572198   } 
   weight { 1.000776166876506   } 
   weightvar { 0.09756590667472577   } 
   kinetic_energy { 3.781374181588669   } 
   kinetic_energyvar { 4.619649479742895   } 
   potential_energy { -10.38252667914161   } 
   potential_energyvar { 5.918673571388964   } 
   nonlocal_energy { 0.6675235379439258   } 
   nonlocal_energyvar { 2.606546740068381   } 
   autocorr_energy { } 
} 

block { 
   label ts_0.002
   totweight 8704000
   nautocorr 0
   total_energy { -5.931872678522071   } 
   total_energyvar { 0.04045353459893719   } 
   weight { 0.9995844336968976   } 
   weightvar { 0.09869850192152427   } 
   kinetic_energy { 3.772919019448933   } 
   kinetic_energyvar { 4.528482103078777   } 
   potential_energy { -10.36256515533927   } 
   potential_energyvar { 5.957963052667226   } 
   nonlocal_energy { 0.6577734573682661   } 
   nonlocal_energyvar { 2.622404033060954   } 
   autocorr_energy { } 
} 

block { 
   label ts_0.002
   totweight 8704000
   nautocorr 0
   total_energy { -5.932177764560913   } 
   total_energyvar { 0.04028289015520927   } 
   weight { 0.9992994785898682   } 
   weightvar { 0.1002272669203028   } 
   kinetic_energy { 3.771222113929782   } 
   kinetic_energyvar { 4.624373274580758   } 
   potential_energy { -10.38044062711833   } 
   potential_energyvar { 5.99633915459031   } 
   nonlocal_energy { 0.6770407486276356   } 
   nonlocal_energyvar { 2.693834085352753   } 
   autocorr_energy { } 
} 

block { 
   label ts_0.002
   totweight 8704000
   nautocorr 0
   total_energy { -5.932240221897105   } 
   total_energyvar { 0.04095931249465942   } 
   weight { 0.9991838139401835   } 
   weightvar { 0.09957140511952407   } 
   kinetic_energy { 3.795309704812131   } 
   kinetic_energyvar { 4.58997256806994   } 
   potential_energy { -10.390073037736   } 
   potential_energyvar { 5.887188368839239   } 
   nonlocal_energy { 0.6625231110267711   } 
   nonlocal_energyvar { 2.541078065019166   } 
   autocorr_energy { } 
} 

block { 
   label ts_0.002
   totweight 8704000
   nautocorr 0
   total_energy { -5.931464427641026   } 
   total_energyvar { 0.04044373457799178   } 
   weight { 0.9990870521755413   } 
   weightvar { 0.09951029317678713   } 
   kinetic_energy { 3.77459510526711   } 
   kinetic_energyvar { 4.635246637982268   } 
   potential_energy { -10.37375099785332   } 
   potential_energyvar { 5.899984901326093   } 
   nonlocal_energy { 0.6676914649451831   } 
   nonlocal_energyvar { 2.639883562665485   } 
   autocorr_energy { } 
} 

block { 
   label ts_0.002
   totweight 8704000
   nautocorr 0
   total_energy { -5.931652095246807   } 
   total_energyvar { 0.04018284248045467   } 
   weight { 0.9985410744631171   } 
   weightvar { 0.09930869494151717   } 
   kinetic_energy { 3.77453555367797   } 
   kinetic_energyvar { 4.566301107353349   } 
   potential_energy { -10.36589848359585   } 
   potential_energyvar { 5.921333249367898   } 
   nonlocal_energy { 0.6597108346710756   } 
   nonlocal_energyvar { 2.643064773889332   } 
   autocorr_energy { } 
} 

block { 
   label ts_0.002
   totweight 8704000
   nautocorr 0
   total_energy { -5.932162593497513   } 
   total_energyvar { 0.0394754936659467   } 
   weight { 0.998955634249542   } 
   weightvar { 0.09991218456776192   } 
   kinetic_energy { 3.774754714581463   } 
   kinetic_energyvar { 4.580227882785358   } 
   potential_energy { -10.37246536948404   } 
   potential_energyvar { 5.980494078705362   } 
   nonlocal_energy { 0.665548061405062   } 
   nonlocal_energyvar { 2.582357674784058   } 
   autocorr_energy { } 
} 

block { 
   label ts_0.002
   totweight 8704000
   nautocorr 0
   total_energy { -5.931538280401712   } 
   total_energyvar { 0.03968631787220814   } 
   weight { 0.9988029620817234   } 
   weightvar { 0.09988843196067269   } 
   kinetic_energy { 3.770223624285682   } 
   kinetic_energyvar { 4.5544601735024   } 
   potential_energy { -10.37313383962084   } 
   potential_energyvar { 5.980400517963597   } 
   nonlocal_energy { 0.6713719349334445   } 
   nonlocal_energyvar { 2.637126438088727   } 
   autocorr_energy { } 
} 

block { 
   label ts_0.002
   totweight 8704000
   nautocorr 0
   total_energy { -5.931977068162345   } 
   total_energyvar { 0.03984466004373756   } 
   weight { 0.999076898293752   } 
   weightvar { 0.09905024043332285   } 
   kinetic_energy { 3.78541044363608   } 
   kinetic_energyvar { 4.648501650483707   } 
   potential_energy { -10.39544905998945   } 
   potential_energyvar { 5.984574850795937   } 
   nonlocal_energy { 0.6780615481910259   } 
   nonlocal_energyvar { 2.599855614403777   } 
   autocorr_energy { } 
} 

block { 
   label ts_0.002
   totweight 8704000
   nautocorr 0
   total_energy { -5.930663043643115   } 
   total_energyvar { 0.04013902444470412   } 
   weight { 0.9983726931240265   } 
   weightvar { 0.09883440596816573   } 
   kinetic_energy { 3.79236986472096   } 
   kinetic_energyvar { 4.579333413123206   } 
   potential_energy { -10.39360970476857   } 
   potential_energyvar { 6.011203773044159   } 
   nonlocal_energy { 0.6705767964044949   } 
   nonlocal_energyvar { 2.745901962966664   } 
   autocorr_energy { } 
} 

block { 
   label ts_0.002
   totweight 8704000
   nautocorr 0
   total_energy { -5.931819923322049   } 
   total_energyvar { 0.03951924849780283   } 
   weight { 0.9988065045642855   } 
   weightvar { 0.09900274778351915   } 
   kinetic_energy { 3.796151354560094   } 
   kinetic_energyvar { 4.648158656860369   } 
   potential_energy { -10.39774469638178   } 
   potential_energyvar { 6.061861638748312   } 
   nonlocal_energy { 0.6697734184996371   } 
   nonlocal_energyvar { 2.66553291560556   } 
   autocorr_energy { } 
} 

block { 
   label ts_0.002
   totweight 8704000
   nautocorr 0
   total_energy { -5.930574631131497   } 
   total_energyvar { 0.03958765524924138   } 
   weight { 0.9984501460152715   } 
   weightvar { 0.09879095862157641   } 
   kinetic_energy { 3.794539412044567   } 
   kinetic_energyvar { 4.635327513510066   } 
   potential_energy { -10.3853606208547   } 
   potential_energyvar { 5.975473919997498   } 
   nonlocal_energy { 0.6602465776786345   } 
   nonlocal_energyvar { 2.573620228087476   } 
   autocorr_energy { } 
} 

block { 
   label ts_0.002
   totweight 8704000
   nautocorr 0
   total_energy { -5.932539409545008   } 
   total_energyvar { 0.03994374308331725   } 
   weight { 0.9983395175565274   } 
   weightvar { 0.09765427381610915   } 
   kinetic_energy { 3.787148768600592   } 
   kinetic_energyvar { 4.555599384215076   } 
   potential_energy { -10.37903092543774   } 
   potential_energyvar { 5.9092134670793   } 
   nonlocal_energy { 0.6593427472921332   } 
   nonlocal_energyvar { 2.524130035471335   } 
   autocorr_energy { } 
} 

#-------------------------------------------------
#DMC run: timestep 0.002
#-------------------------------------------------


init { 
   label ts_0.002
}
block { 
   label ts_0.002
   totweight 8704000
   nautocorr 0
   total_energy { -5.93292209138721   } 
   total_energyvar { 0.03952233654046214   } 
   weight { 1.00013743310982   } 
   weightvar { 0.09875790887533813   } 
   kinetic_energy { 3.793775759933603   } 
   kinetic_energyvar { 4.598444190443293   } 
   potential_energy { -10.39714706146487   } 
   potential_energyvar { 5.972032354366675   } 
   nonlocal_energy { 0.6704492101440577   } 
   nonlocal_energyvar { 2.660052421427342   } 
   autocorr_energy { } 
} 

block { 
   label ts_0.002
   totweight 8704000
   nautocorr 0
   total_energy { -5.932709933986926   } 
   total_energyvar { 0.04012198758846307   } 
   weight { 0.9998459287107805   } 
   weightvar { 0.0994197961313593   } 
   kinetic_energy { 3.789426668421415   } 
   kinetic_energyvar { 4.566666950405658   } 
   potential_energy { -10.39359399600444   } 
   potential_energyvar { 5.881100656281834   } 
   nonlocal_energy { 0.6714573935961035   } 
   nonlocal_energyvar { 2.611229558535646   } 
   autocorr_energy { } 
} 

block { 
   label ts_0.002
   totweight 8704000
   nautocorr 0
   total_energy { -5.933606159902192   } 
   total_energyvar { 0.03974972298821593   } 
   weight { 0.9997343776506821   } 
   weightvar { 0.09877936672035256   } 
   kinetic_energy { 3.795849674345419   } 
   kinetic_energyvar { 4.629875590778746   } 
   potential_energy { -10.39398367494058   } 
   potential_energyvar { 5.994338571408865   } 
   nonlocal_energy { 0.6645278406929742   } 
   nonlocal_energyvar { 2.631628916918855   } 
   autocorr_energy { } 
} 

#-------------------------------------------------
#DMC run: timestep 0.001
#-------------------------------------------------


init { 
   label ts_0.001
}
block { 
   label ts_0.001
   totweight 17408000
   nautocorr 0
   total_energy { -5.933751283304088   } 
   total_energyvar { 0.03926787478315224   } 
   weight { 1.000107736848985   } 
   weightvar { 0.09903927305287963   } 
   kinetic_energy { 3.790688504158929   } 
   kinetic_energyvar { 4.555716236551532   } 
   potential_energy { -10.38038370503209   } 
   potential_energyvar { 5.875349422456217   } 
   nonlocal_energy { 0.6559439175690679   } 
   nonlocal_energyvar { 2.528591910902231   } 
   autocorr_energy { } 
} 

block { 
   label ts_0.001
   totweight 17408000
   nautocorr 0
   total_energy { -5.934098702017372   } 
   total_energyvar { 0.04062173052675747   } 
   weight { 0.9999873371161798   } 
   weightvar { 0.09886348813678758   } 
   kinetic_energy { 3.772989006674096   } 
   kinetic_energyvar { 4.604116149927695   } 
   potential_energy { -10.37607868800591   } 
   potential_energyvar { 6.074352925221286   } 
   nonlocal_energy { 0.6689909793144364   } 
   nonlocal_energyvar { 2.804316668573641   } 
   autocorr_energy { } 
} 

block { 
   label ts_0.001
   totweight 17408000
   nautocorr 0
   total_energy { -5.933328931194356   } 
   total_energyvar { 0.03938476535719904   } 
   weight { 0.999667095933469   } 
   weightvar { 0.09763897343404528   } 
   kinetic_energy { 3.789772144681677   } 
   kinetic_energyvar { 4.604802768373658   } 
   potential_energy { -10.38554474925251   } 
   potential_energyvar { 6.042535652279311   } 
   nonlocal_energy { 0.6624436733764809   } 
   nonlocal_energyvar { 2.713495658597923   } 
   autocorr_energy { } 
} 

block { 
   label ts_0.001
   totweight 17408000
   nautocorr 0
   total_energy { -5.932273159795874   } 
   total_energyvar { 0.04033773111071796   } 
   weight { 0.9987799575291463   } 
   weightvar { 0.09747946638046823   } 
   kinetic_energy { 3.77694905194114   } 
   kinetic_energyvar { 4.649355824585481   } 
   potential_energy { -10.36785011734471   } 
   potential_energyvar { 6.00716119054156   } 
   nonlocal_energy { 0.6586279056076917   } 
   nonlocal_energyvar { 2.607807203889708   } 
   autocorr_energy { } 
} 

block { 
   label ts_0.001
   totweight 17408000
   nautocorr 0
   total_energy { -5.931973019761175   } 
   total_energyvar { 0.04031717544733612   } 
   weight { 0.9985861180712067   } 
   weightvar { 0.09846961550059613   } 
   kinetic_energy { 3.749271857001983   } 
   kinetic_energyvar { 4.542039949158476   } 
   potential_energy { -10.35347314770682   } 
   potential_energyvar { 5.908816592079132   } 
   nonlocal_energy { 0.6722282709436638   } 
   nonlocal_energyvar { 2.698633759572697   } 
   autocorr_energy { } 
} 

block { 
   label ts_0.001
   totweight 17408000
   nautocorr 0
   total_energy { -5.933349946715903   } 
   total_energyvar { 0.03915983084623582   } 
   weight { 0.9990541049839488   } 
   weightvar { 0.09776685667500308   } 
   kinetic_energy { 3.767806915455362   } 
   kinetic_energyvar { 4.572253553312964   } 
   potential_energy { -10.36917398856877   } 
   potential_energyvar { 5.879155933794953   } 
   nonlocal_energy { 0.6680171263975009   } 
   nonlocal_energyvar { 2.628044282450731   } 
   autocorr_energy { } 
} 

block { 
   label ts_0.001
   totweight 17408000
   nautocorr 0
   total_energy { -5.932679829528464   } 
   total_energyvar { 0.04005700351482356   } 
   weight { 0.9992053814995242   } 
   weightvar { 0.09811077575444807   } 
   kinetic_energy { 3.776531966916109   } 
   kinetic_energyvar { 4.603072321954556   } 
   potential_energy { -10.37181492215147   } 
   potential_energyvar { 5.897620506113072   } 
   nonlocal_energy { 0.6626031257068911   } 
   nonlocal_energyvar { 2.598627762073986   } 
   autocorr_energy { } 
} 

block { 
   label ts_0.001
   totweight 17408000
   nautocorr 0
   total_energy { -5.931757292884691   } 
   total_energyvar { 0.04002078729563506   } 
   weight { 0.9989239082686788   } 
   weightvar { 0.09634819497444652   } 
   kinetic_energy { 3.754801782909669   } 
   kinetic_energyvar { 4.57395393436919   } 
   potential_energy { -10.34549555048187   } 
   potential_energyvar { 5.867011016331124   } 
   nonlocal_energy { 0.6589364746875047   } 
   nonlocal_energyvar { 2.586569044090468   } 
   autocorr_energy { } 
} 

block { 
   label ts_0.001
   totweight 17408000
   nautocorr 0
   total_energy { -5.932986449187364   } 
   total_energyvar { 0.0398311514985004   } 
   weight { 0.9992744693797714   } 
   weightvar { 0.09586039106098261   } 
   kinetic_energy { 3.754828765897108   } 
   kinetic_energyvar { 4.609803992495978   } 
   potential_energy { -10.35010082288726   } 
   potential_energyvar { 6.033985391464007   } 
   nonlocal_energy { 0.66228560780279   } 
   nonlocal_energyvar { 2.68112412759797   } 
   autocorr_energy { } 
} 

block { 
   label ts_0.001
   totweight 17408000
   nautocorr 0
   total_energy { -5.932818801914832   } 
   total_energyvar { 0.03916147119999546   } 
   weight { 0.9994961052333552   } 
   weightvar { 0.0967869097444839   } 
   kinetic_energy { 3.766527136054112   } 
   kinetic_energyvar { 4.541656504084689   } 
   potential_energy { -10.36257240907374   } 
   potential_energyvar { 5.867671190577359   } 
   nonlocal_energy { 0.6632264711047984   } 
   nonlocal_energyvar { 2.615777935609457   } 
   autocorr_energy { } 
} 

block { 
   label ts_0.001
   totweight 17408000
   nautocorr 0
   total_energy { -5.933749895760582   } 
   total_energyvar { 0.03938464918330843   } 
   weight { 1.000232294597102   } 
   weightvar { 0.09812998233930204   } 
   kinetic_energy { 3.763400427095361   } 
   kinetic_energyvar { 4.521760080635534   } 
   potential_energy { -10.35030306434859   } 
   potential_energyvar { 5.868616213479137   } 
   nonlocal_energy { 0.6531527414926481   } 
   nonlocal_energyvar { 2.482923923082582   } 
   autocorr_energy { } 
} 

block { 
   label ts_0.001
   totweight 17408000
   nautocorr 0
   total_energy { -5.933060380467005   } 
   total_energyvar { 0.03912377719588752   } 
   weight { 1.000311740705784   } 
   weightvar { 0.09794714298604383   } 
   kinetic_energy { 3.763010263514716   } 
   kinetic_energyvar { 4.536751520736781   } 
   potential_energy { -10.35780761291632   } 
   potential_energyvar { 5.927629664834521   } 
   nonlocal_energy { 0.6617369689345952   } 
   nonlocal_energyvar { 2.545089212062748   } 
   autocorr_energy { } 
} 

block { 
   label ts_0.001
   totweight 17408000
   nautocorr 0
   total_energy { -5.932846572927512   } 
   total_energyvar { 0.04073666238598642   } 
   weight { 0.9998950906670886   } 
   weightvar { 0.09763653497097202   } 
   kinetic_energy { 3.774223011664867   } 
   kinetic_energyvar { 4.573993836025515   } 
   potential_energy { -10.3816047478754   } 
   potential_energyvar { 6.005270364244983   } 
   nonlocal_energy { 0.6745351632830244   } 
   nonlocal_energyvar { 2.673778962139048   } 
   autocorr_energy { } 
} 

block { 
   label ts_0.001
   totweight 17408000
   nautocorr 0
   total_energy { -5.933463116969093   } 
   total_energyvar { 0.04065360922459885   } 
   weight { 0.9999545383068807   } 
   weightvar { 0.09824657713183516   } 
   kinetic_energy { 3.782477666239775   } 
   kinetic_energyvar { 4.673068231768449   } 
   potential_energy { -10.3807139542349   } 
   potential_energyvar { 6.030806608854642   } 
   nonlocal_energy { 0.6647731710260292   } 
   nonlocal_energyvar { 2.72701783954502   } 
   autocorr_energy { } 
} 

block { 
   label ts_0.001
   totweight 17408000
   nautocorr 0
   total_energy { -5.931924111079377   } 
   total_energyvar { 0.04011285151533081   } 
   weight { 0.9994073420598083   } 
   weightvar { 0.09971709171253078   } 
   kinetic_energy { 3.792652556758163   } 
   kinetic_energyvar { 4.571809686090557   } 
   potential_energy { -10.38928110237861   } 
   potential_energyvar { 6.025045070923498   } 
   nonlocal_energy { 0.6647044345410693   } 
   nonlocal_energyvar { 2.669469383052336   } 
   autocorr_energy { } 
} 

block { 
   label ts_0.001
   totweight 17408000
   nautocorr 0
   total_energy { -5.932364525583877   } 
   total_energyvar { 0.03926214114768024   } 
   weight { 0.9994836228495136   } 
   weightvar { 0.09948721835173815   } 
   kinetic_energy { 3.785049569604151   } 
   kinetic_energyvar { 4.567059801100584   } 
   potential_energy { -10.38091322891887   } 
   potential_energyvar { 5.907023901373242   } 
   nonlocal_energy { 0.6634991337308431   } 
   nonlocal_energyvar { 2.534383310892162   } 
   autocorr_energy { } 
} 

block { 
   label ts_0.001
   totweight 17408000
   nautocorr 0
   total_energy { -5.931627196214716   } 
   total_energyvar { 0.04013657198381636   } 
   weight { 0.9988508925636629   } 
   weightvar { 0.09983888075639358   } 
   kinetic_energy { 3.78034772738615   } 
   kinetic_energyvar { 4.573585196912436   } 
   potential_energy { -10.37155219701848   } 
   potential_energyvar { 5.942666595628282   } 
   nonlocal_energy { 0.6595772734176153   } 
   nonlocal_energyvar { 2.574756695254391   } 
   autocorr_energy { } 
} 

block { 
   label ts_0.001
   totweight 17408000
   nautocorr 0
   total_energy { -5.931744730139739   } 
   total_energyvar { 0.04008851150981564   } 
   weight { 0.9986613537286406   } 
   weightvar { 0.09943997053374957   } 
   kinetic_energy { 3.765407076384911   } 
   kinetic_energyvar { 4.565023438646498   } 
   potential_energy { -10.36855350759816   } 
   potential_energyvar { 5.925789429695931   } 
   nonlocal_energy { 0.6714017010735124   } 
   nonlocal_energyvar { 2.680103984160103   } 
   autocorr_energy { } 
} 

block { 
   label ts_0.001
   totweight 17408000
   nautocorr 0
   total_energy { -5.933050592830087   } 
   total_energyvar { 0.03925452942152118   } 
   weight { 0.9992176612343131   } 
   weightvar { 0.09907192571423863   } 
   kinetic_energy { 3.784888756127339   } 
   kinetic_energyvar { 4.491729078485712   } 
   potential_energy { -10.3709156581581   } 
   potential_energyvar { 5.823553499965736   } 
   nonlocal_energy { 0.6529763092006707   } 
   nonlocal_energyvar { 2.437598475987336   } 
   autocorr_energy { } 
} 

block { 
   label ts_0.001
   totweight 17408000
   nautocorr 0
   total_energy { -5.932999546468956   } 
   total_energyvar { 0.04023795988588037   } 
   weight { 0.9998442327768926   } 
   weightvar { 0.09926201241978796   } 
   kinetic_energy { 3.782067708066339   } 
   kinetic_energyvar { 4.580578972502278   } 
   potential_energy { -10.3700443051359   } 
   potential_energyvar { 5.937772542950796   } 
   nonlocal_energy { 0.6549770506006065   } 
   nonlocal_energyvar { 2.557386849766569   } 
   autocorr_energy { } 
} 

block { 
   label ts_0.001
   totweight 17408000
   nautocorr 0
   total_energy { -5.931903333623685   } 
   total_energyvar { 0.0391449535568425   } 
   weight { 0.9997989894635265   } 
   weightvar { 0.09961389149370975   } 
   kinetic_energy { 3.787481384651561   } 
   kinetic_energyvar { 4.556239489531929   } 
   potential_energy { -10.38228223740955   } 
   potential_energyvar { 5.948006438677385   } 
   nonlocal_energy { 0.6628975191343013   } 
   nonlocal_energyvar { 2.540410043694283   } 
   autocorr_energy { } 
} 

block { 
   label ts_0.001
   totweight 17408000
   nautocorr 0
   total_energy { -5.930196756350339   } 
   total_energyvar { 0.04015613749108667   } 
   weight { 0.9982891668058349   } 
   weightvar { 0.09901929759268219   } 
   kinetic_energy { 3.790563980570276   } 
   kinetic_energyvar { 4.58075364833664   } 
   potential_energy { -10.39279368116683   } 
   potential_energyvar { 5.946622044975498   } 
   nonlocal_energy { 0.672032944246211   } 
   nonlocal_energyvar { 2.655266215245613   } 
   autocorr_energy { } 
} 

block { 
   label ts_0.001
   totweight 17408000
   nautocorr 0
   total_energy { -5.930924290825248   } 
   total_energyvar { 0.04017119511136164   } 
   weight { 0.9980018855936021   } 
   weightvar { 0.09844636723415438   } 
   kinetic_energy { 3.77622523052685   } 
   kinetic_energyvar { 4.530147335761784   } 
   potential_energy { -10.37719078601087   } 
   potential_energyvar { 5.905195332985643   } 
   nonlocal_energy { 0.670041264658768   } 
   nonlocal_energyvar { 2.610628635016204   } 
   autocorr_energy { } 
} 

block { 
   label ts_0.001
   totweight 17408000
   nautocorr 0
   total_energy { -5.931368364525037   } 
   total_energyvar { 0.04086586948484789   } 
   weight { 0.9980666408330097   } 
   weightvar { 0.09877578869697393   } 
   kinetic_energy { 3.790450052254962   } 
   kinetic_energyvar { 4.663451481285483   } 
   potential_energy { -10.38526916429166   } 
   potential_energyvar { 5.979615656766625   } 
   nonlocal_energy { 0.6634507475116551   } 
   nonlocal_energyvar { 2.686975809359293   } 
   autocorr_energy { } 
} 

block { 
   label ts_0.001
   totweight 17408000
   nautocorr 0
   total_energy { -5.931949435351275   } 
   total_energyvar { 0.04146298312110098   } 
   weight { 0.9987813255767096   } 
   weightvar { 0.09916517822506045   } 
   kinetic_energy { 3.788956904147204   } 
   kinetic_energyvar { 4.628435178220259   } 
   potential_energy { -10.38684339310066   } 
   potential_energyvar { 6.190988274298888   } 
   nonlocal_energy { 0.6659370536021793   } 
   nonlocal_energyvar { 2.79333105979354   } 
   autocorr_energy { } 
} 

block { 
   label ts_0.001
   totweight 17408000
   nautocorr 0
   total_energy { -5.93288254174026   } 
   total_energyvar { 0.04059049801515014   } 
   weight { 0.9992754897677707   } 
   weightvar { 0.09986724371384761   } 
   kinetic_energy { 3.779477914185439   } 
   kinetic_energyvar { 4.544812142882415   } 
   potential_energy { -10.37929754956775   } 
   potential_energyvar { 6.026895197399964   } 
   nonlocal_energy { 0.6669370936420492   } 
   nonlocal_energyvar { 2.773598645516943   } 
   autocorr_energy { } 
} 

block { 
   label ts_0.001
   totweight 17408000
   nautocorr 0
   total_energy { -5.933250281873965   } 
   total_energyvar { 0.04093194224955441   } 
   weight { 0.999949497119849   } 
   weightvar { 0.100080223553493   } 
   kinetic_energy { 3.758995808742358   } 
   kinetic_energyvar { 4.531612891934982   } 
   potential_energy { -10.33557063605935   } 
   potential_energyvar { 5.829436248999197   } 
   nonlocal_energy { 0.643324545443023   } 
   nonlocal_energyvar { 2.49292764478882   } 
   autocorr_energy { } 
} 

block { 
   label ts_0.001
   totweight 17408000
   nautocorr 0
   total_energy { -5.931498182458472   } 
   total_energyvar { 0.04006971824736355   } 
   weight { 0.9998791599890877   } 
   weightvar { 0.09821818681502804   } 
   kinetic_energy { 3.787145512452946   } 
   kinetic_energyvar { 4.603982805169716   } 
   potential_energy { -10.37193640297208   } 
   potential_energyvar { 6.006181763274978   } 
   nonlocal_energy { 0.6532927080606565   } 
   nonlocal_energyvar { 2.60172138002051   } 
   autocorr_energy { } 
} 

block { 
   label ts_0.001
   totweight 17408000
   nautocorr 0
   total_energy { -5.931912850909282   } 
   total_energyvar { 0.04101621429273172   } 
   weight { 0.9991000644838063   } 
   weightvar { 0.09832706137570496   } 
   kinetic_energy { 3.771478088279956   } 
   kinetic_energyvar { 4.591568501005095   } 
   potential_energy { -10.35835201384689   } 
   potential_energyvar { 6.134118126421738   } 
   nonlocal_energy { 0.6549610746576499   } 
   nonlocal_energyvar { 2.750824169992569   } 
   autocorr_energy { } 
} 

block { 
   label ts_0.001
   totweight 17408000
   nautocorr 0
   total_energy { -5.932474214216128   } 
   total_energyvar { 0.03915168787699103   } 
   weight { 0.9996640223590936   } 
   weightvar { 0.09887011376163417   } 
   kinetic_energy { 3.776457966496855   } 
   kinetic_energyvar { 4.599678767921533   } 
   potential_energy { -10.36949872074561   } 
   potential_energyvar { 5.896984861459521   } 
   nonlocal_energy { 0.6605665400326307   } 
   nonlocal_energyvar { 2.630657742476895   } 
   autocorr_energy { } 
} 

block { 
   label ts_0.001
   totweight 17408000
   nautocorr 0
   total_energy { -5.932517418649685   } 
   total_energyvar { 0.03929373692698441   } 
   weight { 0.9994419047424986   } 
   weightvar { 0.09933301651253122   } 
   kinetic_energy { 3.789058958059139   } 
   kinetic_energyvar { 4.554249476145005   } 
   potential_energy { -10.38444602948187   } 
   potential_energyvar { 5.857599539073612   } 
   nonlocal_energy { 0.6628696527730458   } 
   nonlocal_energyvar { 2.59272355623605   } 
   autocorr_energy { } 
} 

block { 
   label ts_0.001
   totweight 17408000
   nautocorr 0
   total_energy { -5.930980355155642   } 
   total_energyvar { 0.03989519316509647   } 
   weight { 0.9993612962257949   } 
   weightvar { 0.09852970682632126   } 
   kinetic_energy { 3.799198907587982   } 
   kinetic_energyvar { 4.642195997490038   } 
   potential_energy { -10.39468211203162   } 
   potential_energyvar { 6.07498060552552   } 
   nonlocal_energy { 0.6645028492879989   } 
   nonlocal_energyvar { 2.696290819768444   } 
   autocorr_energy { } 
} 

block { 
   label ts_0.001
   totweight 17408000
   nautocorr 0
   total_energy { -5.93198733611138   } 
   total_energyvar { 0.03987083408762043   } 
   weight { 0.9987690151176366   } 
   weightvar { 0.09805637019065767   } 
   kinetic_energy { 3.775949567017289   } 
   kinetic_energyvar { 4.591906928261005   } 
   potential_energy { -10.37578539889075   } 
   potential_energyvar { 5.978955013020219   } 
   nonlocal_energy { 0.6678484957620821   } 
   nonlocal_energyvar { 2.647403316395682   } 
   autocorr_energy { } 
} 

block { 
   label ts_0.001
   totweight 17408000
   nautocorr 0
   total_energy { -5.933450297496585   } 
   total_energyvar { 0.04066230309122341   } 
   weight { 0.9997978500496301   } 
   weightvar { 0.09973288803961149   } 
   kinetic_energy { 3.763925027559156   } 
   kinetic_energyvar { 4.63615715316017   } 
   potential_energy { -10.35724386311677   } 
   potential_energyvar { 5.962230468830243   } 
   nonlocal_energy { 0.6598685380610299   } 
   nonlocal_energyvar { 2.608425353291042   } 
   autocorr_energy { } 
} 

block { 
   label ts_0.001
   totweight 17408000
   nautocorr 0
   total_energy { -5.933175091903667   } 
   total_energyvar { 0.04000928307395767   } 
   weight { 1.000462330885536   } 
   weightvar { 0.09970353410295495   } 
   kinetic_energy { 3.774150358120135   } 
   kinetic_energyvar { 4.576447461238334   } 
   potential_energy { -10.3716828298842   } 
   potential_energyvar { 5.965564264083562   } 
   nonlocal_energy { 0.6643573798603982   } 
   nonlocal_energyvar { 2.603491010940731   } 
   autocorr_energy { } 
} 

block { 
   label ts_0.001
   totweight 17408000
   nautocorr 0
   total_energy { -5.933533575205602   } 
   total_energyvar { 0.04107888441318225   } 
   weight { 1.000589801566222   } 
   weightvar { 0.09903797815461415   } 
   kinetic_energy { 3.757615916685376   } 
   kinetic_energyvar { 4.566428185542989   } 
   potential_energy { -10.36336258658966   } 
   potential_energyvar { 5.860572038888553   } 
   nonlocal_energy { 0.6722130946986826   } 
   nonlocal_energyvar { 2.628635368133739   } 
   autocorr_energy { } 
} 

block { 
   label ts_0.001
   totweight 17408000
   nautocorr 0
   total_energy { -5.932286725493427   } 
   total_energyvar { 0.04173901630862241   } 
   weight { 1.000274295730638   } 
   weightvar { 0.09891247682434043   } 
   kinetic_energy { 3.775962104504412   } 
   kinetic_energyvar { 4.65043633605234   } 
   potential_energy { -10.3806181424232   } 
   potential_energyvar { 5.950426083439395   } 
   nonlocal_energy { 0.6723693124253587   } 
   nonlocal_energyvar { 2.765075489780312   } 
   autocorr_energy { } 
} 

block { 
   label ts_0.001
   totweight 17408000
   nautocorr 0
   total_energy { -5.933018402362157   } 
   total_energyvar { 0.04034135380018733   } 
   weight { 0.9997963926411317   } 
   weightvar { 0.09861695434951953   } 
   kinetic_energy { 3.780638992998693   } 
   kinetic_energyvar { 4.635768393809629   } 
   potential_energy { -10.37503725028422   } 
   potential_energyvar { 5.99706815930686   } 
   nonlocal_energy { 0.6613798549233629   } 
   nonlocal_energyvar { 2.654978525377695   } 
   autocorr_energy { } 
} 

block { 
   label ts_0.001
   totweight 17408000
   nautocorr 0
   total_energy { -5.931771977237353   } 
   total_energyvar { 0.03978005484398784   } 
   weight { 0.9996777189850979   } 
   weightvar { 0.09876289155827343   } 
   kinetic_energy { 3.790159727963919   } 
   kinetic_energyvar { 4.607602300948036   } 
   potential_energy { -10.38968068618976   } 
   potential_energyvar { 5.899663707888403   } 
   nonlocal_energy { 0.6677489809884932   } 
   nonlocal_energyvar { 2.628046235697663   } 
   autocorr_energy { } 
} 

block { 
   label ts_0.001
   totweight 17408000
   nautocorr 0
   total_energy { -5.93303334269275   } 
   total_energyvar { 0.03950089858749308   } 
   weight { 0.9995658591680553   } 
   weightvar { 0.09936860776824645   } 
   kinetic_energy { 3.774598821953798   } 
   kinetic_energyvar { 4.550778865238263   } 
   potential_energy { -10.37739689178206   } 
   potential_energyvar { 5.846687245944383   } 
   nonlocal_energy { 0.6697647271355116   } 
   nonlocal_energyvar { 2.634145289465762   } 
   autocorr_energy { } 
} 

