SCF finished!
ZMQ_0 finished!
2020-05-08 12:17:08.308483-04:00
===============
Quantum Package
===============

Git Commit: fixed bug in FOBOSCF
Git Date  : Fri Jun 28 00:16:47 2019 +0200
Git SHA1  : edd9add59ff4547c41a99f129d34b52efa79bcf4


Task server running : tcp://127.0.1.1:41279

.. >>>>> [ WALL TIME:        0.000000 s ] [ CPU  TIME:        0.001325 s ] <<<<< ..

 Read  n_states

.. >>>>> [ WALL TIME:        0.000000 s ] [ CPU  TIME:        0.001362 s ] <<<<< ..

 Read  read_wf
* mo_tot_num                                                    91

.. >>>>> [ WALL TIME:        0.003000 s ] [ CPU  TIME:        0.007413 s ] <<<<< ..

 Read  ao_num
 Read  mo_coef
 * mo_label          Canonical
* Number of determinants                                     15334
* Dimension of the psi arrays                               100000
* N_int                                                          2

.. >>>>> [ WALL TIME:        0.009000 s ] [ CPU  TIME:        0.023306 s ] <<<<< ..

 Read  elec_beta_num

.. >>>>> [ WALL TIME:        0.009000 s ] [ CPU  TIME:        0.023330 s ] <<<<< ..

 Read  elec_alpha_num
 Read psi_det
 Read psi_coef       15334           1

.. >>>>> [ WALL TIME:        0.068000 s ] [ CPU  TIME:        0.309571 s ] <<<<< ..

MOs are now **Natural**

Eigenvalues
-----------

======== ================
       1     1.9570768212
       2     1.9467556609
       3     0.9942021401
       4     0.9865069833
       5     0.0235797101
       6     0.0206482103
       7     0.0110420926
       8     0.0101828579
       9     0.0099214490
      10     0.0074271828
      11     0.0072897203
      12     0.0037468353
      13     0.0035050969
      14     0.0024968724
      15     0.0022178308
      16     0.0020760930
      17     0.0017138725
      18     0.0013178136
      19     0.0007123803
      20     0.0006468405
      21     0.0006165955
      22     0.0005545458
      23     0.0004898266
      24     0.0004187709
      25     0.0003349544
      26     0.0002946649
      27     0.0002340803
      28     0.0002306950
      29     0.0002174015
      30     0.0002113472
      31     0.0001873517
      32     0.0001679224
      33     0.0001638869
      34     0.0001450313
      35     0.0001290219
      36     0.0001186450
      37     0.0001155128
      38     0.0001128449
      39     0.0001093306
      40     0.0000885203
      41     0.0000879028
      42     0.0000876583
      43     0.0000868459
      44     0.0000845451
      45     0.0000765105
      46     0.0000726404
      47     0.0000723241
      48     0.0000701624
      49     0.0000634364
      50     0.0000604176
      51     0.0000598598
      52     0.0000546805
      53     0.0000542077
      54     0.0000526264
      55     0.0000515566
      56     0.0000512152
      57     0.0000460286
      58     0.0000447820
      59     0.0000439191
      60     0.0000435028
      61     0.0000422903
      62     0.0000403279
      63     0.0000375711
      64     0.0000364836
      65     0.0000363763
      66     0.0000354460
      67     0.0000343420
      68     0.0000340290
      69     0.0000327284
      70     0.0000319837
      71     0.0000311947
      72     0.0000267382
      73     0.0000244085
      74     0.0000243740
      75     0.0000227023
      76     0.0000211211
      77     0.0000199114
      78     0.0000198451
      79     0.0000196639
      80     0.0000180936
      81     0.0000170976
      82     0.0000161923
      83     0.0000158014
      84     0.0000142724
      85     0.0000138827
      86     0.0000132931
      87     0.0000126021
      88     0.0000124168
      89     0.0000122332
      90     0.0000103416
      91     0.0000000000
======== ================


.. >>>>> [ WALL TIME:        0.073000 s ] [ CPU  TIME:        0.345443 s ] <<<<< ..

 Read mo_occ

.. >>>>> [ WALL TIME:        0.075000 s ] [ CPU  TIME:        0.345791 s ] <<<<< ..

 Read  ao_md5
* Saved determinants                                             1
Wall time : 1.16233s

ZMQ_1 finished!
2020-05-08 12:20:36.894390-04:00
===============
Quantum Package
===============

Git Commit: fixed bug in FOBOSCF
Git Date  : Fri Jun 28 00:16:47 2019 +0200
Git SHA1  : edd9add59ff4547c41a99f129d34b52efa79bcf4


Task server running : tcp://127.0.1.1:41279

.. >>>>> [ WALL TIME:        0.000000 s ] [ CPU  TIME:        0.001291 s ] <<<<< ..

 Read  n_states

.. >>>>> [ WALL TIME:        0.000000 s ] [ CPU  TIME:        0.001329 s ] <<<<< ..

 Read  read_wf
* mo_tot_num                                                    91

.. >>>>> [ WALL TIME:        0.003000 s ] [ CPU  TIME:        0.009076 s ] <<<<< ..

 Read  ao_num
 Read  mo_coef
 * mo_label          Natural
* Number of determinants                                     19193
* Dimension of the psi arrays                               100000
* N_int                                                          2

.. >>>>> [ WALL TIME:        0.010000 s ] [ CPU  TIME:        0.031355 s ] <<<<< ..

 Read  elec_beta_num

.. >>>>> [ WALL TIME:        0.010000 s ] [ CPU  TIME:        0.031388 s ] <<<<< ..

 Read  elec_alpha_num
 Read psi_det
 Read psi_coef       19193           1

.. >>>>> [ WALL TIME:        0.076000 s ] [ CPU  TIME:        0.337210 s ] <<<<< ..

MOs are now **Natural**

Eigenvalues
-----------

======== ================
       1     1.9497419771
       2     1.9363128960
       3     0.9930083997
       4     0.9836872666
       5     0.0296512925
       6     0.0254093381
       7     0.0131371938
       8     0.0122400595
       9     0.0120518129
      10     0.0086777379
      11     0.0086454891
      12     0.0044332977
      13     0.0042171444
      14     0.0030521119
      15     0.0026020008
      16     0.0025075591
      17     0.0020192511
      18     0.0016130534
      19     0.0008991676
      20     0.0007129753
      21     0.0006627337
      22     0.0006618284
      23     0.0005604080
      24     0.0004304216
      25     0.0003868468
      26     0.0002633402
      27     0.0002369840
      28     0.0002052804
      29     0.0001927273
      30     0.0001880477
      31     0.0001858075
      32     0.0001462616
      33     0.0001426739
      34     0.0001087389
      35     0.0000890916
      36     0.0000848867
      37     0.0000713588
      38     0.0000643016
      39     0.0000550514
      40     0.0000538006
      41     0.0000489981
      42     0.0000453425
      43     0.0000406224
      44     0.0000307497
      45     0.0000276791
      46     0.0000252053
      47     0.0000251577
      48     0.0000215330
      49     0.0000211803
      50     0.0000168053
      51     0.0000157888
      52     0.0000141629
      53     0.0000139218
      54     0.0000134538
      55     0.0000129401
      56     0.0000125701
      57     0.0000118701
      58     0.0000115713
      59     0.0000111387
      60     0.0000100228
      61     0.0000098683
      62     0.0000096980
      63     0.0000094592
      64     0.0000087408
      65     0.0000085860
      66     0.0000083430
      67     0.0000076958
      68     0.0000073072
      69     0.0000070387
      70     0.0000068833
      71     0.0000064469
      72     0.0000064360
      73     0.0000060176
      74     0.0000056506
      75     0.0000053487
      76     0.0000047795
      77     0.0000045092
      78     0.0000044754
      79     0.0000042368
      80     0.0000038828
      81     0.0000035650
      82     0.0000034013
      83     0.0000031774
      84     0.0000028185
      85     0.0000024491
      86     0.0000022501
      87     0.0000018525
      88     0.0000018205
      89     0.0000013605
      90     0.0000003008
      91     0.0000002713
======== ================


.. >>>>> [ WALL TIME:        0.080000 s ] [ CPU  TIME:        0.376048 s ] <<<<< ..

 Read mo_occ

.. >>>>> [ WALL TIME:        0.082000 s ] [ CPU  TIME:        0.376439 s ] <<<<< ..

 Read  ao_md5
* Saved determinants                                             1
Wall time : 1.1664s

ZMQ_2 finished!
