#-------------------------------------------------
#VMC run: timestep 1 nconfig 3200 steps 20
#-------------------------------------------------


init { 
   label vmc
}
block { 
   label vmc
   totweight 64000
   nautocorr 0
   total_energy { -4.820269135381595   } 
   total_energyvar { 0.4621695306661666   } 
   weight { 1   } 
   weightvar { 0   } 
   kinetic_energy { 2.582233372034187   } 
   kinetic_energyvar { 2.709244592395391   } 
   potential_energy { -8.020737165602258   } 
   potential_energyvar { 5.016475754362837   } 
   nonlocal_energy { 0.6182346581864758   } 
   nonlocal_energyvar { 2.747255942553434   } 
   autocorr_energy { } 
} 

block { 
   label vmc
   totweight 64000
   nautocorr 0
   total_energy { -4.820248007566134   } 
   total_energyvar { 0.4875139363367686   } 
   weight { 1   } 
   weightvar { 0   } 
   kinetic_energy { 2.580762906178452   } 
   kinetic_energyvar { 2.813275561775214   } 
   potential_energy { -8.040429065802089   } 
   potential_energyvar { 4.550688710109576   } 
   nonlocal_energy { 0.6394181520575002   } 
   nonlocal_energyvar { 2.327612571445594   } 
   autocorr_energy { } 
} 

block { 
   label vmc
   totweight 64000
   nautocorr 0
   total_energy { -4.820504477639459   } 
   total_energyvar { 0.449908703076549   } 
   weight { 1   } 
   weightvar { 0   } 
   kinetic_energy { 2.569595979555729   } 
   kinetic_energyvar { 2.73304081965854   } 
   potential_energy { -8.013669709563478   } 
   potential_energyvar { 4.235786860792709   } 
   nonlocal_energy { 0.6235692523682934   } 
   nonlocal_energyvar { 2.065921775621181   } 
   autocorr_energy { } 
} 

block { 
   label vmc
   totweight 64000
   nautocorr 0
   total_energy { -4.824054642737469   } 
   total_energyvar { 0.4953974271919431   } 
   weight { 1   } 
   weightvar { 0   } 
   kinetic_energy { 2.564863971417401   } 
   kinetic_energyvar { 2.701696934930496   } 
   potential_energy { -8.01647269026048   } 
   potential_energyvar { 4.141232164305869   } 
   nonlocal_energy { 0.6275540761056105   } 
   nonlocal_energyvar { 2.037541932201052   } 
   autocorr_energy { } 
} 

block { 
   label vmc
   totweight 64000
   nautocorr 0
   total_energy { -4.824364262811252   } 
   total_energyvar { 0.4425523843012153   } 
   weight { 1   } 
   weightvar { 0   } 
   kinetic_energy { 2.579062757564699   } 
   kinetic_energyvar { 2.744935657770825   } 
   potential_energy { -8.036235359649245   } 
   potential_energyvar { 4.518623922575596   } 
   nonlocal_energy { 0.6328083392732942   } 
   nonlocal_energyvar { 2.265079711080093   } 
   autocorr_energy { } 
} 

block { 
   label vmc
   totweight 64000
   nautocorr 0
   total_energy { -4.822603677396017   } 
   total_energyvar { 0.4327647826269481   } 
   weight { 1   } 
   weightvar { 0   } 
   kinetic_energy { 2.577709562393246   } 
   kinetic_energyvar { 2.651216770856558   } 
   potential_energy { -8.028661589595927   } 
   potential_energyvar { 4.557814293502092   } 
   nonlocal_energy { 0.6283483498066639   } 
   nonlocal_energyvar { 2.258746292258201   } 
   autocorr_energy { } 
} 

block { 
   label vmc
   totweight 64000
   nautocorr 0
   total_energy { -4.82334376788159   } 
   total_energyvar { 0.4447547968932162   } 
   weight { 1   } 
   weightvar { 0   } 
   kinetic_energy { 2.564794374306416   } 
   kinetic_energyvar { 2.647145037658339   } 
   potential_energy { -8.006215602250894   } 
   potential_energyvar { 3.979466734509373   } 
   nonlocal_energy { 0.6180774600628895   } 
   nonlocal_energyvar { 1.975192112910064   } 
   autocorr_energy { } 
} 

block { 
   label vmc
   totweight 64000
   nautocorr 0
   total_energy { -4.82615880874305   } 
   total_energyvar { 0.4366208947631122   } 
   weight { 1   } 
   weightvar { 0   } 
   kinetic_energy { 2.582933616332044   } 
   kinetic_energyvar { 2.740592997650989   } 
   potential_energy { -8.029547082915578   } 
   potential_energyvar { 4.140481648141475   } 
   nonlocal_energy { 0.6204546578404831   } 
   nonlocal_energyvar { 2.069444202255082   } 
   autocorr_energy { } 
} 

block { 
   label vmc
   totweight 64000
   nautocorr 0
   total_energy { -4.81945647590578   } 
   total_energyvar { 0.4997364449066271   } 
   weight { 1   } 
   weightvar { 0   } 
   kinetic_energy { 2.579688935788813   } 
   kinetic_energyvar { 2.777873772968031   } 
   potential_energy { -8.013126406598786   } 
   potential_energyvar { 4.079428024593427   } 
   nonlocal_energy { 0.6139809949041942   } 
   nonlocal_energyvar { 2.003315859641705   } 
   autocorr_energy { } 
} 

block { 
   label vmc
   totweight 64000
   nautocorr 0
   total_energy { -4.820497521325371   } 
   total_energyvar { 0.4735320869975228   } 
   weight { 1   } 
   weightvar { 0   } 
   kinetic_energy { 2.580466381976041   } 
   kinetic_energyvar { 2.721395107163207   } 
   potential_energy { -8.013351099204636   } 
   potential_energyvar { 4.065968119676215   } 
   nonlocal_energy { 0.6123871959032254   } 
   nonlocal_energyvar { 2.072980302674503   } 
   autocorr_energy { } 
} 

block { 
   label vmc
   totweight 64000
   nautocorr 0
   total_energy { -4.815574012590401   } 
   total_energyvar { 0.5090589268526786   } 
   weight { 1   } 
   weightvar { 0   } 
   kinetic_energy { 2.580877843373869   } 
   kinetic_energyvar { 2.823258714081021   } 
   potential_energy { -8.029584071005273   } 
   potential_energyvar { 4.311027868819594   } 
   nonlocal_energy { 0.6331322150410031   } 
   nonlocal_energyvar { 2.167100292049836   } 
   autocorr_energy { } 
} 

block { 
   label vmc
   totweight 64000
   nautocorr 0
   total_energy { -4.817795136832539   } 
   total_energyvar { 0.4697462265754112   } 
   weight { 1   } 
   weightvar { 0   } 
   kinetic_energy { 2.585629249003379   } 
   kinetic_energyvar { 2.749517956708201   } 
   potential_energy { -8.016222832029767   } 
   potential_energyvar { 4.144508050241353   } 
   nonlocal_energy { 0.6127984461938475   } 
   nonlocal_energyvar { 1.935389981584439   } 
   autocorr_energy { } 
} 

block { 
   label vmc
   totweight 64000
   nautocorr 0
   total_energy { -4.823492845028437   } 
   total_energyvar { 0.4419801803840748   } 
   weight { 1   } 
   weightvar { 0   } 
   kinetic_energy { 2.594480363803201   } 
   kinetic_energyvar { 2.825753584298735   } 
   potential_energy { -8.039467813129212   } 
   potential_energyvar { 4.108344040071652   } 
   nonlocal_energy { 0.6214946042975733   } 
   nonlocal_energyvar { 2.051377599724354   } 
   autocorr_energy { } 
} 

block { 
   label vmc
   totweight 64000
   nautocorr 0
   total_energy { -4.818658067803216   } 
   total_energyvar { 0.4677108136201734   } 
   weight { 1   } 
   weightvar { 0   } 
   kinetic_energy { 2.590459948938305   } 
   kinetic_energyvar { 2.780481608938107   } 
   potential_energy { -8.026329441241705   } 
   potential_energyvar { 4.082471834336295   } 
   nonlocal_energy { 0.6172114245001802   } 
   nonlocal_energyvar { 2.017789823649963   } 
   autocorr_energy { } 
} 

block { 
   label vmc
   totweight 64000
   nautocorr 0
   total_energy { -4.81683486021222   } 
   total_energyvar { 0.4944870657251328   } 
   weight { 1   } 
   weightvar { 0   } 
   kinetic_energy { 2.586121230466476   } 
   kinetic_energyvar { 2.880037344485079   } 
   potential_energy { -8.017101174949698   } 
   potential_energyvar { 4.139492642391828   } 
   nonlocal_energy { 0.6141450842710042   } 
   nonlocal_energyvar { 2.046112960120831   } 
   autocorr_energy { } 
} 

block { 
   label vmc
   totweight 64000
   nautocorr 0
   total_energy { -4.82260058577616   } 
   total_energyvar { 0.4943066433774667   } 
   weight { 1   } 
   weightvar { 0   } 
   kinetic_energy { 2.585791937056153   } 
   kinetic_energyvar { 2.73255473284627   } 
   potential_energy { -8.029922708059452   } 
   potential_energyvar { 4.528975003134656   } 
   nonlocal_energy { 0.6215301852271397   } 
   nonlocal_energyvar { 2.263325642962673   } 
   autocorr_energy { } 
} 

block { 
   label vmc
   totweight 64000
   nautocorr 0
   total_energy { -4.825755167646359   } 
   total_energyvar { 0.4338416476022712   } 
   weight { 1   } 
   weightvar { 0   } 
   kinetic_energy { 2.579150503807769   } 
   kinetic_energyvar { 2.718622235764322   } 
   potential_energy { -8.035364998265711   } 
   potential_energyvar { 4.379624198313899   } 
   nonlocal_energy { 0.6304593268115842   } 
   nonlocal_energyvar { 2.22377811238773   } 
   autocorr_energy { } 
} 

block { 
   label vmc
   totweight 64000
   nautocorr 0
   total_energy { -4.821340408578632   } 
   total_energyvar { 0.454654729392756   } 
   weight { 1   } 
   weightvar { 0   } 
   kinetic_energy { 2.569843990409376   } 
   kinetic_energyvar { 2.766089296995892   } 
   potential_energy { -8.022930013095566   } 
   potential_energyvar { 4.182171722293654   } 
   nonlocal_energy { 0.6317456141075566   } 
   nonlocal_energyvar { 2.214055323496088   } 
   autocorr_energy { } 
} 

block { 
   label vmc
   totweight 64000
   nautocorr 0
   total_energy { -4.822138366592393   } 
   total_energyvar { 0.4945595180277463   } 
   weight { 1   } 
   weightvar { 0   } 
   kinetic_energy { 2.585767205381876   } 
   kinetic_energyvar { 2.742814349350857   } 
   potential_energy { -8.03285290717824   } 
   potential_energyvar { 4.031488686079455   } 
   nonlocal_energy { 0.6249473352039698   } 
   nonlocal_energyvar { 2.058214955015685   } 
   autocorr_energy { } 
} 

block { 
   label vmc
   totweight 64000
   nautocorr 0
   total_energy { -4.822317301686389   } 
   total_energyvar { 0.4847853000147716   } 
   weight { 1   } 
   weightvar { 0   } 
   kinetic_energy { 2.584451949610362   } 
   kinetic_energyvar { 2.771528304541468   } 
   potential_energy { -8.032447225440409   } 
   potential_energyvar { 4.303686185689982   } 
   nonlocal_energy { 0.6256779741436561   } 
   nonlocal_energyvar { 2.104213435683827   } 
   autocorr_energy { } 
} 

block { 
   label vmc
   totweight 64000
   nautocorr 0
   total_energy { -4.82471397917241   } 
   total_energyvar { 0.4612829807288423   } 
   weight { 1   } 
   weightvar { 0   } 
   kinetic_energy { 2.572011623284439   } 
   kinetic_energyvar { 2.668947340624632   } 
   potential_energy { -8.019180508316447   } 
   potential_energyvar { 4.120840979173391   } 
   nonlocal_energy { 0.6224549058595965   } 
   nonlocal_energyvar { 1.981132896001377   } 
   autocorr_energy { } 
} 

block { 
   label vmc
   totweight 64000
   nautocorr 0
   total_energy { -4.825187399852664   } 
   total_energyvar { 0.4294631412165695   } 
   weight { 1   } 
   weightvar { 0   } 
   kinetic_energy { 2.582004023587353   } 
   kinetic_energyvar { 2.675829205412254   } 
   potential_energy { -8.023426326522504   } 
   potential_energyvar { 4.022398314332605   } 
   nonlocal_energy { 0.6162349030824859   } 
   nonlocal_energyvar { 1.962356181212159   } 
   autocorr_energy { } 
} 

block { 
   label vmc
   totweight 64000
   nautocorr 0
   total_energy { -4.82482734921969   } 
   total_energyvar { 0.4393163609887059   } 
   weight { 1   } 
   weightvar { 0   } 
   kinetic_energy { 2.570885486820367   } 
   kinetic_energyvar { 2.782904463656295   } 
   potential_energy { -8.028920680724539   } 
   potential_energyvar { 4.286848071275456   } 
   nonlocal_energy { 0.633207844684482   } 
   nonlocal_energyvar { 2.251966567532772   } 
   autocorr_energy { } 
} 

block { 
   label vmc
   totweight 64000
   nautocorr 0
   total_energy { -4.824106772748427   } 
   total_energyvar { 0.4720189501079514   } 
   weight { 1   } 
   weightvar { 0   } 
   kinetic_energy { 2.595111375654084   } 
   kinetic_energyvar { 2.897551807383601   } 
   potential_energy { -8.032343929902748   } 
   potential_energyvar { 4.351965815796189   } 
   nonlocal_energy { 0.6131257815002376   } 
   nonlocal_energyvar { 2.067092458900866   } 
   autocorr_energy { } 
} 

block { 
   label vmc
   totweight 64000
   nautocorr 0
   total_energy { -4.82151009963931   } 
   total_energyvar { 0.4495702837226315   } 
   weight { 1   } 
   weightvar { 0   } 
   kinetic_energy { 2.573407135424994   } 
   kinetic_energyvar { 2.699266072725386   } 
   potential_energy { -8.014202912271744   } 
   potential_energyvar { 4.321851155560107   } 
   nonlocal_energy { 0.6192856772074382   } 
   nonlocal_energyvar { 2.102804154501661   } 
   autocorr_energy { } 
} 

block { 
   label vmc
   totweight 64000
   nautocorr 0
   total_energy { -4.826876860521658   } 
   total_energyvar { 0.4430271190237604   } 
   weight { 1   } 
   weightvar { 0   } 
   kinetic_energy { 2.578501960234823   } 
   kinetic_energyvar { 2.74646418427292   } 
   potential_energy { -8.033934454670801   } 
   potential_energyvar { 4.294292977331768   } 
   nonlocal_energy { 0.6285556339143185   } 
   nonlocal_energyvar { 2.118349576420342   } 
   autocorr_energy { } 
} 

block { 
   label vmc
   totweight 64000
   nautocorr 0
   total_energy { -4.823813890152501   } 
   total_energyvar { 0.5039108667819616   } 
   weight { 1   } 
   weightvar { 0   } 
   kinetic_energy { 2.5700797429361   } 
   kinetic_energyvar { 2.844735735364679   } 
   potential_energy { -8.017725222718045   } 
   potential_energyvar { 4.258796551997531   } 
   nonlocal_energy { 0.6238315896294446   } 
   nonlocal_energyvar { 2.206447431351659   } 
   autocorr_energy { } 
} 

block { 
   label vmc
   totweight 64000
   nautocorr 0
   total_energy { -4.82098498388179   } 
   total_energyvar { 0.4563931462519817   } 
   weight { 1   } 
   weightvar { 0   } 
   kinetic_energy { 2.582833153146952   } 
   kinetic_energyvar { 2.72989334582629   } 
   potential_energy { -8.01564030400657   } 
   potential_energyvar { 4.110884901660787   } 
   nonlocal_energy { 0.6118221669778265   } 
   nonlocal_energyvar { 2.099705834831088   } 
   autocorr_energy { } 
} 

block { 
   label vmc
   totweight 64000
   nautocorr 0
   total_energy { -4.820500115796698   } 
   total_energyvar { 0.4617939947895481   } 
   weight { 1   } 
   weightvar { 0   } 
   kinetic_energy { 2.56140699260576   } 
   kinetic_energyvar { 2.690225871383312   } 
   potential_energy { -8.002549322566999   } 
   potential_energyvar { 4.285779077153425   } 
   nonlocal_energy { 0.6206422141645421   } 
   nonlocal_energyvar { 2.093653830036385   } 
   autocorr_energy { } 
} 

block { 
   label vmc
   totweight 64000
   nautocorr 0
   total_energy { -4.819058365414475   } 
   total_energyvar { 0.4483232497997657   } 
   weight { 1   } 
   weightvar { 0   } 
   kinetic_energy { 2.563603282655935   } 
   kinetic_energyvar { 2.690515536205937   } 
   potential_energy { -7.997468169088873   } 
   potential_energyvar { 4.060233265808017   } 
   nonlocal_energy { 0.6148065210184637   } 
   nonlocal_energyvar { 1.930641412781119   } 
   autocorr_energy { } 
} 

block { 
   label vmc
   totweight 64000
   nautocorr 0
   total_energy { -4.824668082475255   } 
   total_energyvar { 0.4510036896874925   } 
   weight { 1   } 
   weightvar { 0   } 
   kinetic_energy { 2.591273224351064   } 
   kinetic_energyvar { 2.767648502595243   } 
   potential_energy { -8.032344184698118   } 
   potential_energyvar { 4.145978996306964   } 
   nonlocal_energy { 0.6164028778717978   } 
   nonlocal_energyvar { 2.043891818199728   } 
   autocorr_energy { } 
} 

block { 
   label vmc
   totweight 64000
   nautocorr 0
   total_energy { -4.823342313765552   } 
   total_energyvar { 0.4646434438406256   } 
   weight { 1   } 
   weightvar { 0   } 
   kinetic_energy { 2.585314348658871   } 
   kinetic_energyvar { 2.721889447806377   } 
   potential_energy { -8.038381426474098   } 
   potential_energyvar { 4.602478433936015   } 
   nonlocal_energy { 0.6297247640496737   } 
   nonlocal_energyvar { 2.375939049142177   } 
   autocorr_energy { } 
} 

block { 
   label vmc
   totweight 64000
   nautocorr 0
   total_energy { -4.823851724707276   } 
   total_energyvar { 0.4658110605521011   } 
   weight { 1   } 
   weightvar { 0   } 
   kinetic_energy { 2.557311218416519   } 
   kinetic_energyvar { 2.586178802471517   } 
   potential_energy { -8.008736994933024   } 
   potential_energyvar { 3.979552914771622   } 
   nonlocal_energy { 0.6275740518092289   } 
   nonlocal_energyvar { 2.010680038545681   } 
   autocorr_energy { } 
} 

block { 
   label vmc
   totweight 64000
   nautocorr 0
   total_energy { -4.816737990733745   } 
   total_energyvar { 0.6651952928828145   } 
   weight { 1   } 
   weightvar { 0   } 
   kinetic_energy { 2.556887239762581   } 
   kinetic_energyvar { 2.64615783468455   } 
   potential_energy { -7.993251022022209   } 
   potential_energyvar { 4.108377576035473   } 
   nonlocal_energy { 0.6196257915258835   } 
   nonlocal_energyvar { 1.992938043535928   } 
   autocorr_energy { } 
} 

block { 
   label vmc
   totweight 64000
   nautocorr 0
   total_energy { -4.822669947993224   } 
   total_energyvar { 0.476348712916866   } 
   weight { 1   } 
   weightvar { 0   } 
   kinetic_energy { 2.570380626756651   } 
   kinetic_energyvar { 2.742905804555507   } 
   potential_energy { -8.026825181602558   } 
   potential_energyvar { 4.136099740251677   } 
   nonlocal_energy { 0.6337746068526839   } 
   nonlocal_energyvar { 2.044798422201467   } 
   autocorr_energy { } 
} 

block { 
   label vmc
   totweight 64000
   nautocorr 0
   total_energy { -4.818884874860228   } 
   total_energyvar { 0.5317022467933813   } 
   weight { 1   } 
   weightvar { 0   } 
   kinetic_energy { 2.575023300899533   } 
   kinetic_energyvar { 2.748833820590775   } 
   potential_energy { -8.021523993942592   } 
   potential_energyvar { 4.403867646732945   } 
   nonlocal_energy { 0.6276158181828332   } 
   nonlocal_energyvar { 2.355313309149254   } 
   autocorr_energy { } 
} 

block { 
   label vmc
   totweight 64000
   nautocorr 0
   total_energy { -4.820765616569505   } 
   total_energyvar { 0.4650411470824491   } 
   weight { 1   } 
   weightvar { 0   } 
   kinetic_energy { 2.57755629564313   } 
   kinetic_energyvar { 2.682665963075005   } 
   potential_energy { -8.023742091070302   } 
   potential_energyvar { 3.985316371785722   } 
   nonlocal_energy { 0.6254201788576658   } 
   nonlocal_energyvar { 1.997591965067995   } 
   autocorr_energy { } 
} 

block { 
   label vmc
   totweight 64000
   nautocorr 0
   total_energy { -4.818519046110061   } 
   total_energyvar { 0.4509728608396262   } 
   weight { 1   } 
   weightvar { 0   } 
   kinetic_energy { 2.573463513013228   } 
   kinetic_energyvar { 3.046190608944009   } 
   potential_energy { -8.036831745958692   } 
   potential_energyvar { 5.132807897204783   } 
   nonlocal_energy { 0.6448491868354024   } 
   nonlocal_energyvar { 3.005353602315719   } 
   autocorr_energy { } 
} 

block { 
   label vmc
   totweight 64000
   nautocorr 0
   total_energy { -4.824245846461908   } 
   total_energyvar { 0.4395182472435929   } 
   weight { 1   } 
   weightvar { 0   } 
   kinetic_energy { 2.58346518837366   } 
   kinetic_energyvar { 2.721080735996012   } 
   potential_energy { -8.046990270272895   } 
   potential_energyvar { 6.410470042929298   } 
   nonlocal_energy { 0.6392792354373263   } 
   nonlocal_energyvar { 3.901567021226766   } 
   autocorr_energy { } 
} 

block { 
   label vmc
   totweight 64000
   nautocorr 0
   total_energy { -4.823189737068916   } 
   total_energyvar { 0.4341953544142311   } 
   weight { 1   } 
   weightvar { 0   } 
   kinetic_energy { 2.571397349565422   } 
   kinetic_energyvar { 2.676984976579655   } 
   potential_energy { -8.015050047080962   } 
   potential_energyvar { 4.50944586229256   } 
   nonlocal_energy { 0.6204629604466206   } 
   nonlocal_energyvar { 2.390728195412508   } 
   autocorr_energy { } 
} 

block { 
   label vmc
   totweight 64000
   nautocorr 0
   total_energy { -4.819191097780888   } 
   total_energyvar { 0.4571565527823029   } 
   weight { 1   } 
   weightvar { 0   } 
   kinetic_energy { 2.585055788214435   } 
   kinetic_energyvar { 2.703717126456601   } 
   potential_energy { -8.022553785758967   } 
   potential_energyvar { 4.116936067352465   } 
   nonlocal_energy { 0.6183068997636446   } 
   nonlocal_energyvar { 1.988625035448197   } 
   autocorr_energy { } 
} 

block { 
   label vmc
   totweight 64000
   nautocorr 0
   total_energy { -4.824810117348214   } 
   total_energyvar { 0.4637415869423686   } 
   weight { 1   } 
   weightvar { 0   } 
   kinetic_energy { 2.565408403039096   } 
   kinetic_energyvar { 2.664860246474021   } 
   potential_energy { -8.019956134993722   } 
   potential_energyvar { 5.14017680128245   } 
   nonlocal_energy { 0.6297376146064129   } 
   nonlocal_energyvar { 2.884681835258564   } 
   autocorr_energy { } 
} 

block { 
   label vmc
   totweight 64000
   nautocorr 0
   total_energy { -4.823447795682128   } 
   total_energyvar { 0.4585166094884401   } 
   weight { 1   } 
   weightvar { 0   } 
   kinetic_energy { 2.579020923836392   } 
   kinetic_energyvar { 2.641573152868366   } 
   potential_energy { -8.015667638031017   } 
   potential_energyvar { 4.044311387531192   } 
   nonlocal_energy { 0.6131989185124948   } 
   nonlocal_energyvar { 1.999119958749813   } 
   autocorr_energy { } 
} 

block { 
   label vmc
   totweight 64000
   nautocorr 0
   total_energy { -4.822656335938809   } 
   total_energyvar { 0.4886423398996155   } 
   weight { 1   } 
   weightvar { 0   } 
   kinetic_energy { 2.60241600078121   } 
   kinetic_energyvar { 2.75306992188069   } 
   potential_energy { -8.047198990415094   } 
   potential_energyvar { 4.20331875111196   } 
   nonlocal_energy { 0.6221266536950756   } 
   nonlocal_energyvar { 2.135999602429006   } 
   autocorr_energy { } 
} 

block { 
   label vmc
   totweight 64000
   nautocorr 0
   total_energy { -4.821792586393105   } 
   total_energyvar { 0.4632825594616359   } 
   weight { 1   } 
   weightvar { 0   } 
   kinetic_energy { 2.575575749329811   } 
   kinetic_energyvar { 2.818093706593156   } 
   potential_energy { -8.020000663108704   } 
   potential_energyvar { 4.185529948937371   } 
   nonlocal_energy { 0.6226323273857884   } 
   nonlocal_energyvar { 2.218817740850624   } 
   autocorr_energy { } 
} 

block { 
   label vmc
   totweight 64000
   nautocorr 0
   total_energy { -4.826272461728887   } 
   total_energyvar { 0.4788665795445172   } 
   weight { 1   } 
   weightvar { 0   } 
   kinetic_energy { 2.564790811583775   } 
   kinetic_energyvar { 2.691325358888137   } 
   potential_energy { -8.019518595177805   } 
   potential_energyvar { 4.280495677552312   } 
   nonlocal_energy { 0.6284553218651412   } 
   nonlocal_energyvar { 2.230445252019853   } 
   autocorr_energy { } 
} 

block { 
   label vmc
   totweight 64000
   nautocorr 0
   total_energy { -4.819928937648407   } 
   total_energyvar { 0.454761702073319   } 
   weight { 1   } 
   weightvar { 0   } 
   kinetic_energy { 2.578256999258198   } 
   kinetic_energyvar { 2.703961288661274   } 
   potential_energy { -8.019608760883649   } 
   potential_energyvar { 4.426514076520027   } 
   nonlocal_energy { 0.6214228239770455   } 
   nonlocal_energyvar { 2.208037845815613   } 
   autocorr_energy { } 
} 

block { 
   label vmc
   totweight 64000
   nautocorr 0
   total_energy { -4.820726390155921   } 
   total_energyvar { 0.4547742760342455   } 
   weight { 1   } 
   weightvar { 0   } 
   kinetic_energy { 2.563281758567299   } 
   kinetic_energyvar { 2.762287430894974   } 
   potential_energy { -8.01264275608618   } 
   potential_energyvar { 4.250124029625805   } 
   nonlocal_energy { 0.6286346073629604   } 
   nonlocal_energyvar { 2.423540261171348   } 
   autocorr_energy { } 
} 

block { 
   label vmc
   totweight 64000
   nautocorr 0
   total_energy { -4.819131128527239   } 
   total_energyvar { 0.5159856493487269   } 
   weight { 1   } 
   weightvar { 0   } 
   kinetic_energy { 2.566719769965383   } 
   kinetic_energyvar { 2.732609970169855   } 
   potential_energy { -8.015008309438379   } 
   potential_energyvar { 4.127614019372302   } 
   nonlocal_energy { 0.6291574109457558   } 
   nonlocal_energyvar { 2.162203510296752   } 
   autocorr_energy { } 
} 

block { 
   label vmc
   totweight 64000
   nautocorr 0
   total_energy { -4.817193333389615   } 
   total_energyvar { 0.4698713809158181   } 
   weight { 1   } 
   weightvar { 0   } 
   kinetic_energy { 2.578014277252053   } 
   kinetic_energyvar { 2.768205294106397   } 
   potential_energy { -8.02451742074571   } 
   potential_energyvar { 4.251624892812881   } 
   nonlocal_energy { 0.6293098101040403   } 
   nonlocal_energyvar { 2.237230200474356   } 
   autocorr_energy { } 
} 

block { 
   label vmc
   totweight 64000
   nautocorr 0
   total_energy { -4.820662767497156   } 
   total_energyvar { 0.4446746155864625   } 
   weight { 1   } 
   weightvar { 0   } 
   kinetic_energy { 2.558301000862761   } 
   kinetic_energyvar { 2.678861729451929   } 
   potential_energy { -8.004087149690781   } 
   potential_energyvar { 4.305996865046103   } 
   nonlocal_energy { 0.6251233813308625   } 
   nonlocal_energyvar { 2.111962500428695   } 
   autocorr_energy { } 
} 

block { 
   label vmc
   totweight 64000
   nautocorr 0
   total_energy { -4.821159163377088   } 
   total_energyvar { 0.4543338047198852   } 
   weight { 1   } 
   weightvar { 0   } 
   kinetic_energy { 2.571696690884658   } 
   kinetic_energyvar { 2.684166558554926   } 
   potential_energy { -8.011043875704502   } 
   potential_energyvar { 4.12917032376598   } 
   nonlocal_energy { 0.6181880214427542   } 
   nonlocal_energyvar { 2.103266086358372   } 
   autocorr_energy { } 
} 

block { 
   label vmc
   totweight 64000
   nautocorr 0
   total_energy { -4.818276081402916   } 
   total_energyvar { 0.5047237617291925   } 
   weight { 1   } 
   weightvar { 0   } 
   kinetic_energy { 2.591809671625483   } 
   kinetic_energyvar { 2.826414049881393   } 
   potential_energy { -8.031412791430782   } 
   potential_energyvar { 4.355856396898889   } 
   nonlocal_energy { 0.6213270384023812   } 
   nonlocal_energyvar { 2.130727315644912   } 
   autocorr_energy { } 
} 

block { 
   label vmc
   totweight 64000
   nautocorr 0
   total_energy { -4.823647874354297   } 
   total_energyvar { 0.4516743748379338   } 
   weight { 1   } 
   weightvar { 0   } 
   kinetic_energy { 2.590774571843503   } 
   kinetic_energyvar { 2.730483342055165   } 
   potential_energy { -8.035127081936066   } 
   potential_energyvar { 4.441333907479425   } 
   nonlocal_energy { 0.620704635738267   } 
   nonlocal_energyvar { 2.298460477732674   } 
   autocorr_energy { } 
} 

block { 
   label vmc
   totweight 64000
   nautocorr 0
   total_energy { -4.821179004523741   } 
   total_energyvar { 0.4530339667444698   } 
   weight { 1   } 
   weightvar { 0   } 
   kinetic_energy { 2.579211807440128   } 
   kinetic_energyvar { 2.711167535317804   } 
   potential_energy { -8.021938272509731   } 
   potential_energyvar { 4.06980692549132   } 
   nonlocal_energy { 0.6215474605458617   } 
   nonlocal_energyvar { 1.973956016290934   } 
   autocorr_energy { } 
} 

block { 
   label vmc
   totweight 64000
   nautocorr 0
   total_energy { -4.825394704141186   } 
   total_energyvar { 0.5137558348751166   } 
   weight { 1   } 
   weightvar { 0   } 
   kinetic_energy { 2.581635702048619   } 
   kinetic_energyvar { 2.693888589262909   } 
   potential_energy { -8.031140467649292   } 
   potential_energyvar { 4.312872361937613   } 
   nonlocal_energy { 0.624110061459485   } 
   nonlocal_energyvar { 2.031459616136367   } 
   autocorr_energy { } 
} 

block { 
   label vmc
   totweight 64000
   nautocorr 0
   total_energy { -4.819556601583841   } 
   total_energyvar { 0.4824734893291659   } 
   weight { 1   } 
   weightvar { 0   } 
   kinetic_energy { 2.573880166323181   } 
   kinetic_energyvar { 2.841896912753946   } 
   potential_energy { -8.014087924828203   } 
   potential_energyvar { 4.110719619259391   } 
   nonlocal_energy { 0.620651156921182   } 
   nonlocal_energyvar { 2.246382137462188   } 
   autocorr_energy { } 
} 

block { 
   label vmc
   totweight 64000
   nautocorr 0
   total_energy { -4.825078478946763   } 
   total_energyvar { 0.448991808339152   } 
   weight { 1   } 
   weightvar { 0   } 
   kinetic_energy { 2.574359083457207   } 
   kinetic_energyvar { 2.824243075801205   } 
   potential_energy { -8.031031975080444   } 
   potential_energyvar { 4.780463992734028   } 
   nonlocal_energy { 0.6315944126764725   } 
   nonlocal_energyvar { 2.626064624864184   } 
   autocorr_energy { } 
} 

block { 
   label vmc
   totweight 64000
   nautocorr 0
   total_energy { -4.823679965279412   } 
   total_energyvar { 0.4399433691199455   } 
   weight { 1   } 
   weightvar { 0   } 
   kinetic_energy { 2.557972638976017   } 
   kinetic_energyvar { 2.813576831207925   } 
   potential_energy { -8.005976494923072   } 
   potential_energyvar { 4.218981639404641   } 
   nonlocal_energy { 0.6243238906676415   } 
   nonlocal_energyvar { 2.231744470901483   } 
   autocorr_energy { } 
} 

block { 
   label vmc
   totweight 64000
   nautocorr 0
   total_energy { -4.822587839362646   } 
   total_energyvar { 0.5117848764187439   } 
   weight { 1   } 
   weightvar { 0   } 
   kinetic_energy { 2.554122499465504   } 
   kinetic_energyvar { 2.666057267571448   } 
   potential_energy { -7.996027769676331   } 
   potential_energyvar { 4.05585724828765   } 
   nonlocal_energy { 0.6193174308481817   } 
   nonlocal_energyvar { 2.155388551783006   } 
   autocorr_energy { } 
} 

block { 
   label vmc
   totweight 64000
   nautocorr 0
   total_energy { -4.822541571095368   } 
   total_energyvar { 0.4639989121972011   } 
   weight { 1   } 
   weightvar { 0   } 
   kinetic_energy { 2.564594890388195   } 
   kinetic_energyvar { 2.693622140214501   } 
   potential_energy { -8.00693707777959   } 
   potential_energyvar { 3.995436070518519   } 
   nonlocal_energy { 0.6198006162960309   } 
   nonlocal_energyvar { 2.029831075991267   } 
   autocorr_energy { } 
} 

block { 
   label vmc
   totweight 64000
   nautocorr 0
   total_energy { -4.823822577401816   } 
   total_energyvar { 0.428700745892763   } 
   weight { 1   } 
   weightvar { 0   } 
   kinetic_energy { 2.573902975670136   } 
   kinetic_energyvar { 2.810848781750438   } 
   potential_energy { -8.034260916277978   } 
   potential_energyvar { 4.481402687090447   } 
   nonlocal_energy { 0.6365353632060247   } 
   nonlocal_energyvar { 2.322330696684231   } 
   autocorr_energy { } 
} 

block { 
   label vmc
   totweight 64000
   nautocorr 0
   total_energy { -4.823171011070266   } 
   total_energyvar { 0.4349982152628438   } 
   weight { 1   } 
   weightvar { 0   } 
   kinetic_energy { 2.570424607850679   } 
   kinetic_energyvar { 2.798969437270102   } 
   potential_energy { -8.017105331354742   } 
   potential_energyvar { 4.179207834716517   } 
   nonlocal_energy { 0.6235097124337982   } 
   nonlocal_energyvar { 2.18849604804458   } 
   autocorr_energy { } 
} 

block { 
   label vmc
   totweight 64000
   nautocorr 0
   total_energy { -4.821973010516905   } 
   total_energyvar { 0.4483744630249134   } 
   weight { 1   } 
   weightvar { 0   } 
   kinetic_energy { 2.578486680979032   } 
   kinetic_energyvar { 2.771781530658176   } 
   potential_energy { -8.017222180366977   } 
   potential_energyvar { 4.283010489998774   } 
   nonlocal_energy { 0.6167624888710408   } 
   nonlocal_energyvar { 2.130791700432132   } 
   autocorr_energy { } 
} 

block { 
   label vmc
   totweight 64000
   nautocorr 0
   total_energy { -4.821035655920729   } 
   total_energyvar { 0.472960211838829   } 
   weight { 1   } 
   weightvar { 0   } 
   kinetic_energy { 2.563583414178086   } 
   kinetic_energyvar { 2.725686888657104   } 
   potential_energy { -8.007845337526732   } 
   potential_energyvar { 4.151143806041484   } 
   nonlocal_energy { 0.6232262674279161   } 
   nonlocal_energyvar { 2.058436225280865   } 
   autocorr_energy { } 
} 

block { 
   label vmc
   totweight 64000
   nautocorr 0
   total_energy { -4.821059203787448   } 
   total_energyvar { 0.4579022794527043   } 
   weight { 1   } 
   weightvar { 0   } 
   kinetic_energy { 2.586400544194381   } 
   kinetic_energyvar { 2.737549867447938   } 
   potential_energy { -8.04982808152768   } 
   potential_energyvar { 5.055075952825202   } 
   nonlocal_energy { 0.6423683335458523   } 
   nonlocal_energyvar { 2.747642842508994   } 
   autocorr_energy { } 
} 

block { 
   label vmc
   totweight 64000
   nautocorr 0
   total_energy { -4.82480685398949   } 
   total_energyvar { 0.4670385563467641   } 
   weight { 1   } 
   weightvar { 0   } 
   kinetic_energy { 2.549204134201637   } 
   kinetic_energyvar { 2.618480015378688   } 
   potential_energy { -7.992372423093525   } 
   potential_energyvar { 4.089298787529192   } 
   nonlocal_energy { 0.6183614349023991   } 
   nonlocal_energyvar { 2.17572497960958   } 
   autocorr_energy { } 
} 

block { 
   label vmc
   totweight 64000
   nautocorr 0
   total_energy { -4.824067438942587   } 
   total_energyvar { 0.4849478791935529   } 
   weight { 1   } 
   weightvar { 0   } 
   kinetic_energy { 2.568650821214195   } 
   kinetic_energyvar { 2.738508592762863   } 
   potential_energy { -8.019095944098817   } 
   potential_energyvar { 4.055398205286426   } 
   nonlocal_energy { 0.6263776839420356   } 
   nonlocal_energyvar { 2.088216818347027   } 
   autocorr_energy { } 
} 

block { 
   label vmc
   totweight 64000
   nautocorr 0
   total_energy { -4.825817245134861   } 
   total_energyvar { 0.4886166678123857   } 
   weight { 1   } 
   weightvar { 0   } 
   kinetic_energy { 2.566959101752685   } 
   kinetic_energyvar { 2.759509725635667   } 
   potential_energy { -8.015872297324584   } 
   potential_energyvar { 4.121883275302801   } 
   nonlocal_energy { 0.6230959504370388   } 
   nonlocal_energyvar { 2.052706368525235   } 
   autocorr_energy { } 
} 

block { 
   label vmc
   totweight 64000
   nautocorr 0
   total_energy { -4.827368987892728   } 
   total_energyvar { 0.4453584277769011   } 
   weight { 1   } 
   weightvar { 0   } 
   kinetic_energy { 2.578424706352283   } 
   kinetic_energyvar { 2.792231336997609   } 
   potential_energy { -8.022741528612753   } 
   potential_energyvar { 4.188363546559937   } 
   nonlocal_energy { 0.6169478343677443   } 
   nonlocal_energyvar { 2.126427641791956   } 
   autocorr_energy { } 
} 

block { 
   label vmc
   totweight 64000
   nautocorr 0
   total_energy { -4.820179367792398   } 
   total_energyvar { 0.4710797891521812   } 
   weight { 1   } 
   weightvar { 0   } 
   kinetic_energy { 2.551650091279089   } 
   kinetic_energyvar { 2.698122186113769   } 
   potential_energy { -7.991992615004058   } 
   potential_energyvar { 4.046784363372121   } 
   nonlocal_energy { 0.6201631559325712   } 
   nonlocal_energyvar { 2.125113686448524   } 
   autocorr_energy { } 
} 

block { 
   label vmc
   totweight 64000
   nautocorr 0
   total_energy { -4.823650387337768   } 
   total_energyvar { 0.4598218686602856   } 
   weight { 1   } 
   weightvar { 0   } 
   kinetic_energy { 2.576331142216373   } 
   kinetic_energyvar { 2.721054461801996   } 
   potential_energy { -8.021204045639582   } 
   potential_energyvar { 4.245769042758314   } 
   nonlocal_energy { 0.6212225160854423   } 
   nonlocal_energyvar { 2.113949869126056   } 
   autocorr_energy { } 
} 

block { 
   label vmc
   totweight 64000
   nautocorr 0
   total_energy { -4.823064031676646   } 
   total_energyvar { 0.4546447709747907   } 
   weight { 1   } 
   weightvar { 0   } 
   kinetic_energy { 2.571728438142298   } 
   kinetic_energyvar { 2.762730679754576   } 
   potential_energy { -8.014445651680706   } 
   potential_energyvar { 4.22459501592698   } 
   nonlocal_energy { 0.6196531818617649   } 
   nonlocal_energyvar { 2.096451443973955   } 
   autocorr_energy { } 
} 

block { 
   label vmc
   totweight 64000
   nautocorr 0
   total_energy { -4.821463469420395   } 
   total_energyvar { 0.5079653965404326   } 
   weight { 1   } 
   weightvar { 0   } 
   kinetic_energy { 2.58614019370663   } 
   kinetic_energyvar { 2.741393414318343   } 
   potential_energy { -8.035591471528157   } 
   potential_energyvar { 4.327671636645077   } 
   nonlocal_energy { 0.627987808401135   } 
   nonlocal_energyvar { 2.15076971266584   } 
   autocorr_energy { } 
} 

block { 
   label vmc
   totweight 64000
   nautocorr 0
   total_energy { -4.825086945935685   } 
   total_energyvar { 0.44207109186009   } 
   weight { 1   } 
   weightvar { 0   } 
   kinetic_energy { 2.569142736695851   } 
   kinetic_energyvar { 2.89322387721255   } 
   potential_energy { -8.011929004613599   } 
   potential_energyvar { 4.211797805050012   } 
   nonlocal_energy { 0.6176993219820612   } 
   nonlocal_energyvar { 2.233374448007057   } 
   autocorr_energy { } 
} 

block { 
   label vmc
   totweight 64000
   nautocorr 0
   total_energy { -4.819485778122127   } 
   total_energyvar { 0.5531418343330413   } 
   weight { 1   } 
   weightvar { 0   } 
   kinetic_energy { 2.58175765606185   } 
   kinetic_energyvar { 2.817644855791481   } 
   potential_energy { -8.032903653607972   } 
   potential_energyvar { 4.487849881321027   } 
   nonlocal_energy { 0.6316602194239956   } 
   nonlocal_energyvar { 2.172441934110032   } 
   autocorr_energy { } 
} 

block { 
   label vmc
   totweight 64000
   nautocorr 0
   total_energy { -4.824805933158632   } 
   total_energyvar { 0.4431481816995393   } 
   weight { 1   } 
   weightvar { 0   } 
   kinetic_energy { 2.558099266857089   } 
   kinetic_energyvar { 2.782411505339874   } 
   potential_energy { -8.004935193992313   } 
   potential_energyvar { 4.017471208307873   } 
   nonlocal_energy { 0.6220299939765914   } 
   nonlocal_energyvar { 2.201454609577278   } 
   autocorr_energy { } 
} 

block { 
   label vmc
   totweight 64000
   nautocorr 0
   total_energy { -4.818617958264343   } 
   total_energyvar { 0.4684543876034956   } 
   weight { 1   } 
   weightvar { 0   } 
   kinetic_energy { 2.568231207789687   } 
   kinetic_energyvar { 2.751106195326515   } 
   potential_energy { -8.015869204855992   } 
   potential_energyvar { 4.437620764858868   } 
   nonlocal_energy { 0.6290200388019598   } 
   nonlocal_energyvar { 2.382102938275234   } 
   autocorr_energy { } 
} 

block { 
   label vmc
   totweight 64000
   nautocorr 0
   total_energy { -4.821987501030799   } 
   total_energyvar { 0.4733613277080541   } 
   weight { 1   } 
   weightvar { 0   } 
   kinetic_energy { 2.600416240829926   } 
   kinetic_energyvar { 2.716879884021963   } 
   potential_energy { -8.036374692062129   } 
   potential_energyvar { 4.213168438436924   } 
   nonlocal_energy { 0.613970950201404   } 
   nonlocal_energyvar { 1.944024812594621   } 
   autocorr_energy { } 
} 

block { 
   label vmc
   totweight 64000
   nautocorr 0
   total_energy { -4.82709159142455   } 
   total_energyvar { 0.4437550346598156   } 
   weight { 1   } 
   weightvar { 0   } 
   kinetic_energy { 2.573314666222108   } 
   kinetic_energyvar { 2.750536835242772   } 
   potential_energy { -8.034284547731012   } 
   potential_energyvar { 4.325712777250377   } 
   nonlocal_energy { 0.6338782900843545   } 
   nonlocal_energyvar { 2.209759206348319   } 
   autocorr_energy { } 
} 

block { 
   label vmc
   totweight 64000
   nautocorr 0
   total_energy { -4.822800672186983   } 
   total_energyvar { 0.4705074460463862   } 
   weight { 1   } 
   weightvar { 0   } 
   kinetic_energy { 2.56393533756303   } 
   kinetic_energyvar { 2.727321753886079   } 
   potential_energy { -8.013580002434086   } 
   potential_energyvar { 4.288347268145432   } 
   nonlocal_energy { 0.6268439926840715   } 
   nonlocal_energyvar { 2.173646028329738   } 
   autocorr_energy { } 
} 

block { 
   label vmc
   totweight 64000
   nautocorr 0
   total_energy { -4.830162793136892   } 
   total_energyvar { 0.4164927528117679   } 
   weight { 1   } 
   weightvar { 0   } 
   kinetic_energy { 2.563132562948678   } 
   kinetic_energyvar { 2.794035453747159   } 
   potential_energy { -8.009161177159692   } 
   potential_energyvar { 4.313468641225104   } 
   nonlocal_energy { 0.6158658210741221   } 
   nonlocal_energyvar { 2.257980530663921   } 
   autocorr_energy { } 
} 

block { 
   label vmc
   totweight 64000
   nautocorr 0
   total_energy { -4.825204230202328   } 
   total_energyvar { 0.4325457485693999   } 
   weight { 1   } 
   weightvar { 0   } 
   kinetic_energy { 2.567836081163312   } 
   kinetic_energyvar { 2.797151277327953   } 
   potential_energy { -8.021040932525347   } 
   potential_energyvar { 4.386379151915247   } 
   nonlocal_energy { 0.6280006211597076   } 
   nonlocal_energyvar { 2.318935491942529   } 
   autocorr_energy { } 
} 

block { 
   label vmc
   totweight 64000
   nautocorr 0
   total_energy { -4.824511015634771   } 
   total_energyvar { 0.4437549643049544   } 
   weight { 1   } 
   weightvar { 0   } 
   kinetic_energy { 2.567946208150048   } 
   kinetic_energyvar { 2.704300780275843   } 
   potential_energy { -8.013582018299278   } 
   potential_energyvar { 4.347898979605085   } 
   nonlocal_energy { 0.6211247945144569   } 
   nonlocal_energyvar { 2.196637526472193   } 
   autocorr_energy { } 
} 

block { 
   label vmc
   totweight 64000
   nautocorr 0
   total_energy { -4.825335813209428   } 
   total_energyvar { 0.4746599436233574   } 
   weight { 1   } 
   weightvar { 0   } 
   kinetic_energy { 2.577280124240829   } 
   kinetic_energyvar { 2.865595594741304   } 
   potential_energy { -8.02735860024738   } 
   potential_energyvar { 4.290817336335078   } 
   nonlocal_energy { 0.6247426627971221   } 
   nonlocal_energyvar { 2.264879518099636   } 
   autocorr_energy { } 
} 

block { 
   label vmc
   totweight 64000
   nautocorr 0
   total_energy { -4.819895444876685   } 
   total_energyvar { 0.4468083905765312   } 
   weight { 1   } 
   weightvar { 0   } 
   kinetic_energy { 2.564699908449983   } 
   kinetic_energyvar { 2.608017313361554   } 
   potential_energy { -8.008066598427012   } 
   potential_energyvar { 4.619362969217247   } 
   nonlocal_energy { 0.623471245100343   } 
   nonlocal_energyvar { 2.415664434973951   } 
   autocorr_energy { } 
} 

block { 
   label vmc
   totweight 64000
   nautocorr 0
   total_energy { -4.825497312099865   } 
   total_energyvar { 0.4274433451406188   } 
   weight { 1   } 
   weightvar { 0   } 
   kinetic_energy { 2.570514221525327   } 
   kinetic_energyvar { 2.731628186733394   } 
   potential_energy { -8.017843699429319   } 
   potential_energyvar { 4.234752956793055   } 
   nonlocal_energy { 0.6218321658041277   } 
   nonlocal_energyvar { 2.144984048745552   } 
   autocorr_energy { } 
} 

block { 
   label vmc
   totweight 64000
   nautocorr 0
   total_energy { -4.819624005661867   } 
   total_energyvar { 0.5029879634895255   } 
   weight { 1   } 
   weightvar { 0   } 
   kinetic_energy { 2.576721813518779   } 
   kinetic_energyvar { 2.747338268699253   } 
   potential_energy { -8.01290030073549   } 
   potential_energyvar { 4.074543724789999   } 
   nonlocal_energy { 0.6165544815548446   } 
   nonlocal_energyvar { 2.055102065123542   } 
   autocorr_energy { } 
} 

block { 
   label vmc
   totweight 64000
   nautocorr 0
   total_energy { -4.822048170203959   } 
   total_energyvar { 0.4962163759544792   } 
   weight { 1   } 
   weightvar { 0   } 
   kinetic_energy { 2.584801064745418   } 
   kinetic_energyvar { 2.768363087817443   } 
   potential_energy { -8.03522740092717   } 
   potential_energyvar { 4.275041718147741   } 
   nonlocal_energy { 0.6283781659777922   } 
   nonlocal_energyvar { 2.09276670874964   } 
   autocorr_energy { } 
} 

block { 
   label vmc
   totweight 64000
   nautocorr 0
   total_energy { -4.821508528776078   } 
   total_energyvar { 0.505221775999822   } 
   weight { 1   } 
   weightvar { 0   } 
   kinetic_energy { 2.573676560854864   } 
   kinetic_energyvar { 2.634092944191789   } 
   potential_energy { -8.032806000041271   } 
   potential_energyvar { 10.63211203708553   } 
   nonlocal_energy { 0.6376209104103301   } 
   nonlocal_energyvar { 8.073752780679438   } 
   autocorr_energy { } 
} 

block { 
   label vmc
   totweight 64000
   nautocorr 0
   total_energy { -4.816552565295261   } 
   total_energyvar { 0.4784252172462914   } 
   weight { 1   } 
   weightvar { 0   } 
   kinetic_energy { 2.573361100392377   } 
   kinetic_energyvar { 2.742157646709518   } 
   potential_energy { -8.014157098347811   } 
   potential_energyvar { 4.279616985443634   } 
   nonlocal_energy { 0.6242434326601716   } 
   nonlocal_energyvar { 2.200108967705252   } 
   autocorr_energy { } 
} 

block { 
   label vmc
   totweight 64000
   nautocorr 0
   total_energy { -4.822587721024765   } 
   total_energyvar { 0.4638739146797319   } 
   weight { 1   } 
   weightvar { 0   } 
   kinetic_energy { 2.5868209214566   } 
   kinetic_energyvar { 2.764278415876106   } 
   potential_energy { -8.031679437233407   } 
   potential_energyvar { 4.163640457754693   } 
   nonlocal_energy { 0.6222707947520439   } 
   nonlocal_energyvar { 2.098163924074255   } 
   autocorr_energy { } 
} 

block { 
   label vmc
   totweight 64000
   nautocorr 0
   total_energy { -4.822165349943405   } 
   total_energyvar { 0.5502045588827237   } 
   weight { 1   } 
   weightvar { 0   } 
   kinetic_energy { 2.587511612181439   } 
   kinetic_energyvar { 2.735501366591347   } 
   potential_energy { -8.033076077347747   } 
   potential_energyvar { 4.637121719149933   } 
   nonlocal_energy { 0.6233991152229056   } 
   nonlocal_energyvar { 2.410105590968285   } 
   autocorr_energy { } 
} 

block { 
   label vmc
   totweight 64000
   nautocorr 0
   total_energy { -4.823671635859801   } 
   total_energyvar { 0.4492858402607979   } 
   weight { 1   } 
   weightvar { 0   } 
   kinetic_energy { 2.598582537385842   } 
   kinetic_energyvar { 2.746069665179299   } 
   potential_energy { -8.049918005842811   } 
   potential_energyvar { 4.132923363210678   } 
   nonlocal_energy { 0.6276638325971672   } 
   nonlocal_energyvar { 2.034867536981213   } 
   autocorr_energy { } 
} 

block { 
   label vmc
   totweight 64000
   nautocorr 0
   total_energy { -4.823268796067786   } 
   total_energyvar { 0.4827373873387397   } 
   weight { 1   } 
   weightvar { 0   } 
   kinetic_energy { 2.565079724973305   } 
   kinetic_energyvar { 2.728883749579745   } 
   potential_energy { -8.014596320000953   } 
   potential_energyvar { 4.318961392859548   } 
   nonlocal_energy { 0.6262477989598626   } 
   nonlocal_energyvar { 2.171999728900166   } 
   autocorr_energy { } 
} 

block { 
   label vmc
   totweight 64000
   nautocorr 0
   total_energy { -4.820753364746619   } 
   total_energyvar { 0.5508114746378051   } 
   weight { 1   } 
   weightvar { 0   } 
   kinetic_energy { 2.582070924404069   } 
   kinetic_energyvar { 2.661732812840833   } 
   potential_energy { -8.02385358444951   } 
   potential_energyvar { 4.121127141698974   } 
   nonlocal_energy { 0.6210292952988197   } 
   nonlocal_energyvar { 1.891201224416029   } 
   autocorr_energy { } 
} 

block { 
   label vmc
   totweight 64000
   nautocorr 0
   total_energy { -4.818891841933715   } 
   total_energyvar { 0.5466382315820628   } 
   weight { 1   } 
   weightvar { 0   } 
   kinetic_energy { 2.565059334248789   } 
   kinetic_energyvar { 2.668971940196223   } 
   potential_energy { -8.003425761467001   } 
   potential_energyvar { 4.156626790878287   } 
   nonlocal_energy { 0.6194745852844992   } 
   nonlocal_energyvar { 1.950984486703523   } 
   autocorr_energy { } 
} 

block { 
   label vmc
   totweight 64000
   nautocorr 0
   total_energy { -4.821530181648504   } 
   total_energyvar { 0.7312400106467243   } 
   weight { 1   } 
   weightvar { 0   } 
   kinetic_energy { 2.60084478069607   } 
   kinetic_energyvar { 2.824642906307053   } 
   potential_energy { -8.040992324679049   } 
   potential_energyvar { 4.500102266516066   } 
   nonlocal_energy { 0.6186173623344742   } 
   nonlocal_energyvar { 2.020860346593417   } 
   autocorr_energy { } 
} 

block { 
   label vmc
   totweight 64000
   nautocorr 0
   total_energy { -4.822574855081348   } 
   total_energyvar { 0.487573083083829   } 
   weight { 1   } 
   weightvar { 0   } 
   kinetic_energy { 2.568871490933462   } 
   kinetic_energyvar { 2.837468038123939   } 
   potential_energy { -8.021605063489066   } 
   potential_energyvar { 4.171885263012673   } 
   nonlocal_energy { 0.6301587174742549   } 
   nonlocal_energyvar { 2.180838418374697   } 
   autocorr_energy { } 
} 

block { 
   label vmc
   totweight 64000
   nautocorr 0
   total_energy { -4.8239935611684   } 
   total_energyvar { 0.4537884554009266   } 
   weight { 1   } 
   weightvar { 0   } 
   kinetic_energy { 2.578213895580336   } 
   kinetic_energyvar { 2.685975274500102   } 
   potential_energy { -8.023687696587698   } 
   potential_energyvar { 4.008800130140923   } 
   nonlocal_energy { 0.6214802398389634   } 
   nonlocal_energyvar { 2.033258723502877   } 
   autocorr_energy { } 
} 

