******** <class 'pyscf.dft.roks.ROKS'> ********
method = ROKS-ROHF-RHF
initial guess = minao
damping factor = 0
level_shift factor = 0
DIIS = <class 'pyscf.scf.diis.CDIIS'>
diis_start_cycle = 1
diis_space = 60
SCF conv_tol = 1e-09
SCF conv_tol_grad = None
SCF max_cycles = 60
direct_scf = True
direct_scf_tol = 1e-13
chkfile to save SCF result = scf.chkfile
max_memory 4000 MB (current use 112 MB)
num. doubly occ = 6  num. singly occ = 2
XC functionals = pbe0
small_rho_cutoff = 1e-07
Set gradient conv threshold to 3.16228e-05
init E= -11.0840005889716
WARN: HOMO -0.0625488428125499 >= LUMO -0.0627984817948797
cycle= 1 E= -11.0992398805594  delta_E= -0.0152  |g|= 0.0691  |ddm|= 11.2
  HOMO = -0.0465949900434779  LUMO = -0.0321064536308966
cycle= 2 E= -11.0997957905222  delta_E= -0.000556  |g|= 0.0595  |ddm|= 2.82
  HOMO = -0.0508214403026766  LUMO = -0.0426846840002204
cycle= 3 E= -11.1018925761509  delta_E= -0.0021  |g|= 0.00411  |ddm|= 1.49
  HOMO = -0.0499034692150491  LUMO = -0.0415523710241932
cycle= 4 E= -11.101916346951  delta_E= -2.38e-05  |g|= 0.00165  |ddm|= 0.14
  HOMO = -0.0493680576317797  LUMO = -0.0409798670916002
cycle= 5 E= -11.1019185770898  delta_E= -2.23e-06  |g|= 0.000169  |ddm|= 0.051
  HOMO = -0.049309437576485  LUMO = -0.0409376500210399
cycle= 6 E= -11.1019186343667  delta_E= -5.73e-08  |g|= 4.32e-05  |ddm|= 0.0311
  HOMO = -0.0492918949445671  LUMO = -0.0409187733294648
cycle= 7 E= -11.1019186363976  delta_E= -2.03e-09  |g|= 1.04e-05  |ddm|= 0.00354
  HOMO = -0.0492871733634621  LUMO = -0.0409137600586852
cycle= 8 E= -11.1019186374407  delta_E= -1.04e-09  |g|= 8.85e-06  |ddm|= 0.00144
  HOMO = -0.0492871928282237  LUMO = -0.0409137854936795
