
 Primary working directories    : /global/cscratch1/sd/gwang18
 Secondary working directories  : /global/cscratch1/sd/gwang18
 Wavefunction directory         : /global/homes/g/gwang18/wfu/
 Main file repository           : /global/cscratch1/sd/gwang18/

 SHA1      : 19cd028119e0e09f93f0674bd8af7968d9b3eff6
 NAME      : 2015.1.36
 ARCHNAME  : linux/x86_64
 FC        : /opt/cray/pe/craype/2.5.14/bin/ftn
 BLASLIB   : -L/opt/intel/compilers_and_libraries_2018.1.163/linux/mkl/lib/intel64 -Wl,-_start-group -lmkl_intel_ilp64 -lmkl_intel_thread -lmkl_core -Wl,-_end-group -liomp5
 id        : lbl

 Nodes     nprocs
 nid00751     1

 Using customized tuning parameters: mindgm=7; mindgv=16; mindgc=1; mindgr=1; noblas=0; minvec=7
 default implementation of scratch files=df  

 ***,SiH4
 memory,2,g
 gthresh,twoint=1.0E-13
 symmetry,nosym
 
 basis={
 ECP,Si,10,2,0;
 3;                                                                              !Vd
 1,5.168316,    4.000000
 3,8.861690,   20.673264
 2,3.933474,  -14.818174
 2;                                                                              !Vs-Vd
 2,9.447023,   14.832760
 2,2.553812,   26.349664
 2;                                                                              !Vp-Vd
 2,3.660001,    7.621400
 2,1.903653,   10.331583
 
 Including file /global/u2/g/gwang18/projects/si_gap/sih4/ccsdt_q_TZ/triplet/Si.aug-cc-pVDZ.basis
 
 ECP,H,0,1,0
 3;
 2,   21.77696655044365 ,     -10.85192405303825 ;
 1,   21.24359508259891 ,       1.00000000000000;
 3,   21.24359508259891 ,      21.24359508259891;
 1; 2,                   1.,                      0.;
 
 Including file /global/u2/g/gwang18/projects/si_gap/sih4/ccsdt_q_TZ/triplet/H.aug-cc-pVDZ.basis
 }
 
 geometry={
   5
  Silane
  Si          0.0000        0.0000        0.0000
   H          0.8544        0.8544        0.8544
   H         -0.8544       -0.8544        0.8544
   H         -0.8544        0.8544       -0.8544
   H          0.8544       -0.8544       -0.8544
 }
 
 {rhf
 wf,8,2,2                                                                        ! nelec,symm,spin
 }
 
  !NOTE: Perturbative MRCC works only with UHF reference. So, here we will trick MRCC by doing zero UHF iteration right after ROHF.
 {uhf
 wf,8,2,2                                                                        ! nelec,symm,spin
 maxit,0
 }
 scf = energy
 
 pop;
 
 _CC_NORM_MAX=2.0
 {mrcc,method=CCSDT(Q)
 orbital,ignore_error=1                                                          !Ignore the fact that UHF WF is not converged
 maxit,100
 core
 }
 ccsd = energy
 
 table,scf,ccsd
 save
 type,csv
 

 Variables initialized (889), CPU time= 0.00 sec
 Commands  initialized (702), CPU time= 0.01 sec, 572 directives.
 Default parameters read. Elapsed time= 0.34 sec

 Checking input...
 Passed
1


                                         ***  PROGRAM SYSTEM MOLPRO  ***
                                       Copyright, TTI GmbH Stuttgart, 2015
                                    Version 2015.1 linked Dec 29 2018 15:55:43


 **********************************************************************************************************************************
 LABEL *   SiH4                                                                          
  64 bit serial version                                                                  DATE: 10-Jun-20          TIME: 00:46:57  
 **********************************************************************************************************************************

 SHA1:             19cd028119e0e09f93f0674bd8af7968d9b3eff6
 **********************************************************************************************************************************

 THRESHOLDS:

 ZERO    =  1.00D-12  ONEINT  =  1.00D-12  TWOINT  =  1.00D-13  PREFAC  =  1.00D-14  LOCALI  =  1.00D-09  EORDER  =  1.00D-04
 ENERGY  =  0.00D+00  ETEST   =  0.00D+00  EDENS   =  0.00D+00  THRDEDEF=  1.00D-06  GRADIENT=  1.00D-02  STEP    =  1.00D-03
 ORBITAL =  1.00D-05  CIVEC   =  1.00D-05  COEFF   =  1.00D-04  PRINTCI =  5.00D-02  PUNCHCI =  9.90D+01  OPTGRAD =  3.00D-04
 OPTENERG=  1.00D-06  OPTSTEP =  3.00D-04  THRGRAD =  1.00D-10  COMPRESS=  1.00D-11  VARMIN  =  1.00D-07  VARMAX  =  1.00D-03
 THRDOUB =  0.00D+00  THRDIV  =  1.00D-05  THRRED  =  1.00D-07  THRPSP  =  1.00D+00  THRDC   =  1.00D-10  THRCS   =  1.00D-10
 THRNRM  =  1.00D-08  THREQ   =  0.00D+00  THRDE   =  1.00D+00  THRREF  =  1.00D-05  SPARFAC =  1.00D+00  THRDLP  =  1.00D-07
 THRDIA  =  1.00D-10  THRDLS  =  1.00D-07  THRGPS  =  0.00D+00  THRKEX  =  0.00D+00  THRDIS  =  2.00D-01  THRVAR  =  1.00D-10
 THRLOC  =  1.00D-06  THRGAP  =  1.00D-06  THRLOCT = -1.00D+00  THRGAPT = -1.00D+00  THRORB  =  1.00D-06  THRMLTP =  0.00D+00
 THRCPQCI=  1.00D-10  KEXTA   =  0.00D+00  THRCOARS=  0.00D+00  SYMTOL  =  1.00D-06  GRADTOL =  1.00D-06  THROVL  =  1.00D-08
 THRORTH =  1.00D-08  GRID    =  1.00D-06  GRIDMAX =  1.00D-03  DTMAX   =  0.00D+00  THROCCDE=  1.00D-01  THROCCDE=  1.00D-01



 Variable memory set to 2000000000 words,  buffer space   230000 words

 SETTING BASIS          =    USERDEF
 ZSYMEL=NOSYM
 

Geometry recognized as XYZ



 Recomputing integrals since basis changed


 Using spherical harmonics



 PROGRAM * SEWARD (Integral evaluation for generally contracted gaussian basis sets)     Author: Roland Lindh, 1990

 Geometry written to block  1 of record 700


 Point group  C1  



 ATOMIC COORDINATES

 NR  ATOM    CHARGE       X              Y              Z

   1  SI      4.00    0.000000000    0.000000000    0.000000000
   2  H       1.00    1.614582001    1.614582001    1.614582001
   3  H       1.00   -1.614582001   -1.614582001    1.614582001
   4  H       1.00   -1.614582001    1.614582001   -1.614582001
   5  H       1.00    1.614582001   -1.614582001   -1.614582001

 Bond lengths in Bohr (Angstrom)

 1-2  2.796538058  1-3  2.796538058  1-4  2.796538058  1-5  2.796538058
     ( 1.479864210)     ( 1.479864210)     ( 1.479864210)     ( 1.479864210)

 Bond angles

  2-1-3  109.47122063   2-1-4  109.47122063   2-1-5  109.47122063   3-1-4  109.47122063

  3-1-5  109.47122063   4-1-5  109.47122063

 NUCLEAR CHARGE:                    8
 NUMBER OF PRIMITIVE AOS:         124
 NUMBER OF SYMMETRY AOS:          122
 NUMBER OF CONTRACTIONS:           58   (  58A   )
 NUMBER OF CORE ORBITALS:           0   (   0A   )
 NUMBER OF VALENCE ORBITALS:        8   (   8A   )


 NUCLEAR REPULSION ENERGY    7.03521075


 Eigenvalues of metric

         1 0.104E-02 0.104E-02 0.104E-02 0.364E-02 0.372E-02 0.372E-02 0.372E-02 0.238E-01


 Contracted 2-electron integrals neglected if value below      1.0D-13
 AO integral compression algorithm  1   Integral accuracy      1.0D-13

     13.894 MB (compressed) written to integral file ( 89.8%)


 NUMBER OF SORTED TWO-ELECTRON INTEGRALS:    1464616.     BUFFER LENGTH:  32768
 NUMBER OF SEGMENTS:   1  SEGMENT LENGTH:    1464616      RECORD LENGTH: 524288

 Memory used in sort:       2.02 MW

 SORT1 READ     1905559. AND WROTE     1367021. INTEGRALS IN      4 RECORDS. CPU TIME:     0.02 SEC, REAL TIME:     0.03 SEC
 SORT2 READ     1367021. AND WROTE     1464616. INTEGRALS IN     53 RECORDS. CPU TIME:     0.05 SEC, REAL TIME:     0.06 SEC

 FILE SIZES:   FILE 1:    34.0 MBYTE,  FILE 4:    16.8 MBYTE,   TOTAL:     50.8 MBYTE

 OPERATOR DM      FOR CENTER  0  COORDINATES:    0.000000    0.000000    0.000000


 **********************************************************************************************************************************
 DATASETS  * FILE   NREC   LENGTH (MB)   RECORD NAMES
              1      20       30.97       500      610      700      900      950      970     1000      129      960     1100   
                                          VAR    BASINP    GEOM    SYMINP    ZMAT    AOBASIS   BASIS     P2S    ABASIS      S 
                                         1400     1410     1420     1200     1210     1080     1600     1650     1300     1700   
                                           T        V       ECP      H0       H01     AOSYM     SMH    MOLCAS    ERIS     OPER   

 PROGRAMS   *        TOTAL       INT
 CPU TIMES  *         0.65      0.57
 REAL TIME  *         2.29 SEC
 DISK USED  *        51.14 MB      
 **********************************************************************************************************************************


 PROGRAM * RHF-SCF (OPEN SHELL)       Authors: W. Meyer, H.-J. Werner


 NUMBER OF ELECTRONS:       5+    3-    SPACE SYMMETRY=1    SPIN SYMMETRY: Triplet 
 CONVERGENCE THRESHOLDS:    1.00E-05 (Density)    1.00E-07 (Energy)
 MAX. NUMBER OF ITERATIONS:       60
 INTERPOLATION TYPE:            DIIS
 INTERPOLATION STEPS:              2 (START)      1 (STEP)
 LEVEL SHIFTS:                 -0.60 (CLOSED) -0.30 (OPEN) 



 Orbital guess generated from atomic densities. Full valence occupancy:    4

 Molecular orbital dump at record        2100.2

 Initial alpha occupancy:   5
 Initial beta  occupancy:   3
 Wave function symmetry:    1

 ITERATION    DDIFF          GRAD             ENERGY        2-EL.EN.            DIPOLE MOMENTS         DIIS   ORB.
    1      0.000D+00      0.000D+00        -5.68767593     15.520453    0.27163    0.87603    0.44536    0    start
    2      0.000D+00      0.697D-02        -5.72183616     15.872674    0.12050    0.46889    0.22407    1    diag,B
    3      0.562D-01      0.292D-02        -5.73239344     16.069838    0.07404    0.19105    0.10780    2    diag,B
    4      0.444D-01      0.118D-02        -5.73715974     16.104633    0.05180    0.03982    0.05109    3    diag,B
    5      0.217D-01      0.873D-03        -5.74153360     16.108387   -0.02099   -0.08691   -0.02768    4    diag,B
    6      0.909D-02      0.815D-03        -5.74721880     16.119082   -0.15420   -0.25508   -0.16458    5    diag,B
    7      0.101D-01      0.728D-03        -5.75364553     16.141549   -0.39352   -0.47124   -0.40924    6    fixocc
    8      0.141D-01      0.481D-03        -5.75413067     16.156975   -0.41707   -0.45036   -0.41038    7    diag,B
    9      0.326D-02      0.471D-03        -5.75607350     16.195417   -0.61476   -0.61027   -0.62348    8    diag,B
   10      0.123D-01      0.289D-03        -5.75618354     16.202173   -0.59032   -0.57404   -0.58385    9    orth
   11      0.165D-02      0.158D-03        -5.75647268     16.226766   -0.63275   -0.59992   -0.62505    9    diag,B
   12      0.426D-02      0.106D-03        -5.75662239     16.248789   -0.63427   -0.59763   -0.62532    9    diag,B
   13      0.242D-02      0.822D-04        -5.75675848     16.282142   -0.62801   -0.59176   -0.62084    9    diag,B
   14      0.355D-02      0.597D-04        -5.75679765     16.293146   -0.59955   -0.57122   -0.59239    9    diag,B
   15      0.106D-02      0.477D-04        -5.75683424     16.310453   -0.57094   -0.55093   -0.56567    9    diag,B
   16      0.145D-02      0.383D-04        -5.75685587     16.324979   -0.54117   -0.53009   -0.53896    9    diag,B
   17      0.127D-02      0.283D-04        -5.75687108     16.338678   -0.49450   -0.49369   -0.49419    9    diag,B
   18      0.153D-02      0.119D-04        -5.75687303     16.343762   -0.48204   -0.48257   -0.48229    9    diag,B
   19      0.469D-03      0.645D-05        -5.75687347     16.345911   -0.47565   -0.47619   -0.47599    9    diag,B
   20      0.232D-03      0.367D-05        -5.75687358     16.346171   -0.47529   -0.47468   -0.47529    9    orth
   21      0.601D-04      0.242D-05        -5.75687363     16.346137   -0.47540   -0.47399   -0.47513    9    diag,B
   22      0.411D-04      0.184D-05        -5.75687368     16.346117   -0.47539   -0.47357   -0.47496    9    diag,B
   23      0.325D-04      0.148D-05        -5.75687371     16.346076   -0.47528   -0.47340   -0.47481    9    diag,B
   24      0.277D-04      0.127D-05        -5.75687375     16.345763   -0.47567   -0.47407   -0.47528    9    diag,B
   25      0.433D-04      0.976D-06        -5.75687377     16.345421   -0.47615   -0.47497   -0.47588    9    diag,B
   26      0.406D-04      0.741D-06        -5.75687378     16.345411   -0.47577   -0.47526   -0.47566    9    diag,B
   27      0.357D-04      0.484D-06        -5.75687379     16.345514   -0.47546   -0.47529   -0.47543    9    diag,B
   28      0.190D-04      0.336D-06        -5.75687379     16.345499   -0.47564   -0.47561   -0.47564    9    diag,B
   29      0.120D-04      0.203D-06        -5.75687379     16.345543   -0.47563   -0.47563   -0.47563    9    diag,B
   30      0.524D-05      0.134D-06        -5.75687379     16.345549   -0.47563   -0.47563   -0.47563    0    orth

 Final alpha occupancy:   5
 Final beta  occupancy:   3

 !RHF STATE 1.1 Energy                 -5.756873789782
 Nuclear energy                         7.03521075
 One-electron energy                  -20.96485917
 Two-electron energy                    8.17277462
 Virial quotient                       -1.54780160
 !RHF STATE 1.1 Dipole moment          -0.47562854    -0.47563098    -0.47563006
 Dipole moment /Debye                  -1.20884799    -1.20885419    -1.20885184

 Orbital energies:

         1.1          2.1          3.1          4.1          5.1          6.1          7.1
     -0.787609    -0.540823    -0.540821    -0.745606    -0.135202     0.058162     0.073498

 HOMO      5.1    -0.135202 =      -3.6790eV
 LUMO      6.1     0.058162 =       1.5827eV
 LUMO-HOMO         0.193364 =       5.2617eV


 **********************************************************************************************************************************
 DATASETS  * FILE   NREC   LENGTH (MB)   RECORD NAMES
              1      20       30.97       500      610      700      900      950      970     1000      129      960     1100   
                                          VAR    BASINP    GEOM    SYMINP    ZMAT    AOBASIS   BASIS     P2S    ABASIS      S 
                                         1400     1410     1420     1200     1210     1080     1600     1650     1300     1700   
                                           T        V       ECP      H0       H01     AOSYM     SMH    MOLCAS    ERIS     OPER   

              2       4        2.92       700     1000      520     2100   
                                         GEOM     BASIS   MCVARS     RHF  

 PROGRAMS   *        TOTAL       RHF       INT
 CPU TIMES  *         1.05      0.40      0.57
 REAL TIME  *         2.96 SEC
 DISK USED  *        51.14 MB      
 **********************************************************************************************************************************


 PROGRAM * UHF-SCF       Authors: W. Meyer, H.-J. Werner


 NUMBER OF ELECTRONS:       5+    3-    SPACE SYMMETRY=1    SPIN SYMMETRY: Triplet 
 CONVERGENCE THRESHOLDS:    1.00E-05 (Density)    1.00E-07 (Energy)
 MAX. NUMBER OF ITERATIONS:        0
 INTERPOLATION TYPE:            DIIS
 INTERPOLATION STEPS:              2 (START)      1 (STEP)
 LEVEL SHIFTS:                  0.20 (ALPHA)   0.20 (BETA) 



 Molecular orbitals read from record     2100.2  Type=RHF/CANONICAL (state 1.1)

 Molecular orbital dump at record        2200.2

 Initial alpha occupation   5
 Initial beta  occupation   3

 ITERATION    DDIFF          GRAD             ENERGY        2-EL.EN.            DIPOLE MOMENTS         DIIS
    1      0.000D+00      0.000D+00        -5.75687379     16.345549   -0.47563   -0.47563   -0.47563    0
 
 Final alpha occupancy:   5
 Final beta  occupancy:   3

 !UHF STATE 1.1 Energy                 -5.756873789782
 Nuclear energy                         7.03521075
 One-electron energy                  -20.96485917
 Two-electron energy                    8.17277462
 Virial quotient                       -1.54780160
 !UHF STATE 1.1 Dipole moment          -0.47562854    -0.47563098    -0.47563006
 Dipole moment /Debye                  -1.20884799    -1.20885419    -1.20885184

 Orbital energies for positive spin:

         1.1          2.1          3.1          4.1          5.1          6.1          7.1
     -0.787609    -0.540823    -0.540821    -0.745606    -0.135202     0.058162     0.073498

 Orbital energies for negative spin:

         1.1          2.1          3.1          4.1          5.1          6.1          7.1
     -0.787609    -0.540823    -0.540821    -0.745606    -0.135202     0.058162     0.073498

 HOMO      5.1    -0.135202 =      -3.6790eV
 LUMO     -4.1    -0.745606 =     -20.2890eV
 LUMO-HOMO        -0.610403 =     -16.6099eV

 EXPECTATION VALUE OF S**2:             2.00000000

 Occupation number threshold for canonical orbitals:  1.999000 (occupied),  0.001000 (virtual)

 Number of pseudo-canonical orbitals per symmetry:    3
 Number of active natural orbitals per symmetry:      2

 Natural orbitals saved to record    2200.2 (Orbital set 3)

 Orbital spaces for UNO-CAS (Min. occupation: 0.020  Max. occupation: 1.980):

 Closed:        3
 Active:        2

 No convergence



 **********************************************************************************************************************************
 DATASETS  * FILE   NREC   LENGTH (MB)   RECORD NAMES
              1      20       30.97       500      610      700      900      950      970     1000      129      960     1100   
                                          VAR    BASINP    GEOM    SYMINP    ZMAT    AOBASIS   BASIS     P2S    ABASIS      S 
                                         1400     1410     1420     1200     1210     1080     1600     1650     1300     1700   
                                           T        V       ECP      H0       H01     AOSYM     SMH    MOLCAS    ERIS     OPER   

              2       5        5.59       700     1000      520     2100     2200   
                                         GEOM     BASIS   MCVARS     RHF      UHF  

 PROGRAMS   *        TOTAL       UHF       RHF       INT
 CPU TIMES  *         1.07      0.02      0.40      0.57
 REAL TIME  *         3.13 SEC
 DISK USED  *        51.14 MB      
 **********************************************************************************************************************************
 SETTING SCF            =        -5.75687379  AU                              


 PROGRAM * POP (Mulliken population analysis)

 
 Density matrix read from record         2200.2  Type=UHF/CHARGE (state 1.1)
 
 Population analysis by basis function type

 Unique atom        s        p        d        f        g    Total    Charge
   1  SI      1.09939  3.20334  0.41066  0.00000  0.00000  4.71338  - 0.71338
   2  H       1.07945  0.09747  0.00000  0.00000  0.00000  1.17692  - 0.17692
   3  H       0.71222 -0.00899  0.00000  0.00000  0.00000  0.70323  + 0.29677
   4  H       0.71222 -0.00898  0.00000  0.00000  0.00000  0.70324  + 0.29676
   5  H       0.71221 -0.00899  0.00000  0.00000  0.00000  0.70323  + 0.29677


 **********************************************************************************************************************************
 DATASETS  * FILE   NREC   LENGTH (MB)   RECORD NAMES
              1      20       30.97       500      610      700      900      950      970     1000      129      960     1100   
                                          VAR    BASINP    GEOM    SYMINP    ZMAT    AOBASIS   BASIS     P2S    ABASIS      S 
                                         1400     1410     1420     1200     1210     1080     1600     1650     1300     1700   
                                           T        V       ECP      H0       H01     AOSYM     SMH    MOLCAS    ERIS     OPER   

              2       5        5.59       700     1000      520     2100     2200   
                                         GEOM     BASIS   MCVARS     RHF      UHF  

 PROGRAMS   *        TOTAL       POP       UHF       RHF       INT
 CPU TIMES  *         1.08      0.01      0.02      0.40      0.57
 REAL TIME  *         3.15 SEC
 DISK USED  *        51.14 MB      
 **********************************************************************************************************************************
 SETTING _CC_NORM_MAX   =         2.00000000                                  


 PROGRAM * MRCC (General Multireference Coupled Cluster)    Author: M. Kallay, 2000-2005

 ***  Initialisation ***

   0 Spin projections
 
 Molecular orbitals read from record     2200.2  Type=UHF/ALPHA (state 1.1)

 ?Warning: UHF not converged
 Molecular orbitals read from record     2200.2  Type=UHF/BETA (state 1.1)

 ?Warning: UHF not converged
 
 Frozen orbitals:              0 (  0  0  0  0  0  0  0  0)
 Active orbitals:             58 ( 58  0  0  0  0  0  0  0)
 Active electrons:             8
 Spin quantum number:          1.0

 Transformed integrals will be written to file mrcc_35386/fort.55

 Load integrals                1.2 sec
 Transform integrals           1.4 sec
 Storage for integrals:        8802863
 Remaining memory:           *********

 Core energy:               7.03521075
 
 MRCC Input:
     4     0     0     0     3     0     0     1     0     0     0     1     1     0     0     7     0     0   0.000     0   16000
  ex.lev,nsing,ntrip, rest,method,dens,conver,symm, diag, CS ,spatial, HF, ndoub,nacto,nactv, tol, maxex, sacc, freq,  dboc,   mem
  2  2  2  1  1  0  0  0  0  0  0  0  0  0  0  0  0  0  0  0  0  0  0  0  0  0  0  0  0  0  0  0  0  0  0  0  0  0  0  0  0  0  0  0  0  0  0  0  0  0  0  0  0  0  0  0  0  0
 MRCC Input end
 Variable memory released
 MRCC now being run, temporary output in /global/cscratch1/sd/gwang18/mrcc_35386/mrcc.out
 **********************************************************************
                          MRCC program system
 **********************************************************************

                              Written by
 Mihaly Kallay, Peter R. Nagy, Zoltan Rolik, David Mester, Gyula Samu,
   Jozsef Csontos, Jozsef Csoka, Bernat P. Szabo, Laszlo Gyevi-Nagy,
    Istvan Ladjanszki, Lorant Szegedy, Bence Ladoczki, Klara Petrov,
              Mate Farkas, Pal D. Mezei, and Bence Hegely

        Department of Physical Chemistry and Materials Science
            Budapest University of Technology and Economics
                  Budapest P.O.Box 91, H-1521 Hungary

                              www.mrcc.hu

                     Release date: February 9, 2019

 ************************ 2020-06-10 00:47:14 *************************
 Executing goldstone...

 Generation of CC equations in terms of H and T...
 Generation of antisymmetrized Goldstone diagrams...
 Number of diagrams in T^1 equations:    15
 Number of diagrams in T^2 equations:    38
 Number of diagrams in T^3 equations:    49
 Number of diagrams in T^4 equations:     5
 Translation of diagrams to factorized equations...
 Optimizing intermediate calculation...
 Number of floating-point operations per iteration step:   2.1979E+12
 Probable CPU time per iteration step (hours):     21.98
 Required memory (Mbytes):    3786.7
 Number of intermediates:                                  79
 Number of intermediates to be stored:                     32
 Length of intermediate file (Mbytes):     215.6

 ************************ 2020-06-10 00:47:14 *************************
 Executing xmrcc...

 **********************************************************************
 CC(3)(4) calculation


 Allocation of3786.7 Mbytes of memory...
 Number of spinorbitals:                   116
 Number of alpha electrons:                        5
 Number of beta electrons:                         3
 Spin multiplicity:                     2
 z-component of spin:  1.0
 Spatial symmetry:                      1
 Convergence criterion:  1.0E-07
 Construction of occupation graphs...
 Number of                     0 -fold excitations:                      1
 Number of                     1 -fold excitations:                    430
 Number of                     2 -fold excitations:                  61960
 Number of                     3 -fold excitations:                3714770
 Total number of configurations:                3777161
 Calculation of coupling coefficients...
 Length of intermediate file (Mbytes):     161.4

 ======================================================================

 Spin case  1   Alpha:  1   Beta:  3
 Number of excitations:                6952275
 Spin case  2   Alpha:  2   Beta:  2
 Number of excitations:               61389900
 Spin case  3   Alpha:  3   Beta:  1
 Number of excitations:               38652900
 Spin case  4   Alpha:  4   Beta:  0
 Number of excitations:                1464125
 Number of                     4 -fold excitations:              108459200

 Memory requirements /Mbyte/:
               Minimal        Optimal
 Real*8:        242.0628       242.0628
 Integer:         7.3855
 Total:         249.4484       249.4484


 ************************ 2020-06-10 00:47:15 *************************
 Executing mrcc...

 **********************************************************************
 CCSDT(Q) calculation


 Allocation of  242.1 Mbytes of memory...
 Number of spinorbitals: 116
 Number of alpha electrons:  5
 Number of beta  electrons:  3
 Spin multiplicity: 2
 z-component of spin:  1.0
 Spatial symmetry: 1
 Convergence criterion:  1.0E-07
 Construction of occupation graphs...
 Number of 0-fold excitations: 1
 Number of 1-fold excitations: 430
 Number of 2-fold excitations: 61960
 Number of 3-fold excitations: 3714770
 Total number of determinants: 3777161
 Calculation of coupling coefficients...
 Initial cluster amplitudes are generated.
 Length of intermediate file (Mbytes):     161.4
 Reading integral list from unit 55...
 Sorting integrals...
 Sorting integrals...
 Sorting integrals...
 Sorting integrals...
 Energy of reference determinant [au]:      -5.756873789782
 Calculation of MP denominators...

 Starting CC iteration...
 ======================================================================
 Norm of residual vector:     0.53374075
 CPU time [min]:     0.812                   Wall time [min]:     1.290

 Iteration  1  CC energy:    -5.87074957  Energy decrease:   0.11387578
 ======================================================================
 Norm of residual vector:     0.14785502
 CPU time [min]:     1.476                   Wall time [min]:     2.404

 Iteration  2  CC energy:    -5.89407922  Energy decrease:   0.02332964
 ======================================================================
 Norm of residual vector:     0.05504641
 CPU time [min]:     2.218                   Wall time [min]:     3.629

 Iteration  3  CC energy:    -5.90591465  Energy decrease:   0.01183544
 ======================================================================
 Norm of residual vector:     0.02566504
 CPU time [min]:     2.965                   Wall time [min]:     4.811

 Iteration  4  CC energy:    -5.90914996  Energy decrease:   0.00323530
 ======================================================================
 Norm of residual vector:     0.01576285
 CPU time [min]:     3.714                   Wall time [min]:     6.019

 Iteration  5  CC energy:    -5.91016292  Energy decrease:   0.00101297
 ======================================================================
 Norm of residual vector:     0.01191849
 CPU time [min]:     4.462                   Wall time [min]:     7.207

 Iteration  6  CC energy:    -5.91053485  Energy decrease:   0.00037192
 ======================================================================
 Norm of residual vector:     0.00841711
 CPU time [min]:     5.212                   Wall time [min]:     8.403

 Iteration  7  CC energy:    -5.91083637  Energy decrease:   0.00030152
 ======================================================================
 Norm of residual vector:     0.00654113
 CPU time [min]:     5.971                   Wall time [min]:     9.615

 Iteration  8  CC energy:    -5.91125781  Energy decrease:   0.00042145
 ======================================================================
 Norm of residual vector:     0.00548398
 CPU time [min]:     6.721                   Wall time [min]:    10.783

 Iteration  9  CC energy:    -5.91151069  Energy decrease:   0.00025288
 ======================================================================
 Norm of residual vector:     0.00395540
 CPU time [min]:     7.480                   Wall time [min]:    12.004

 Iteration 10  CC energy:    -5.91158996  Energy decrease:   0.00007927
 ======================================================================
 Norm of residual vector:     0.00308232
 CPU time [min]:     8.237                   Wall time [min]:    13.245

 Iteration 11  CC energy:    -5.91168064  Energy decrease:   0.00009068
 ======================================================================
 Norm of residual vector:     0.00269941
 CPU time [min]:     9.003                   Wall time [min]:    14.524

 Iteration 12  CC energy:    -5.91173314  Energy decrease:   0.00005249
 ======================================================================
 Norm of residual vector:     0.00246133
 CPU time [min]:     9.772                   Wall time [min]:    15.766

 Iteration 13  CC energy:    -5.91180937  Energy decrease:   0.00007623
 ======================================================================
 Norm of residual vector:     0.00212549
 CPU time [min]:    10.544                   Wall time [min]:    17.041

 Iteration 14  CC energy:    -5.91191024  Energy decrease:   0.00010087
 ======================================================================
 Norm of residual vector:     0.00165303
 CPU time [min]:    11.319                   Wall time [min]:    18.285

 Iteration 15  CC energy:    -5.91196095  Energy decrease:   0.00005071
 ======================================================================
 Norm of residual vector:     0.00130031
 CPU time [min]:    12.095                   Wall time [min]:    19.510

 Iteration 16  CC energy:    -5.91200378  Energy decrease:   0.00004283
 ======================================================================
 Norm of residual vector:     0.00107458
 CPU time [min]:    12.874                   Wall time [min]:    20.717

 Iteration 17  CC energy:    -5.91202718  Energy decrease:   0.00002340
 ======================================================================
 Norm of residual vector:     0.00089230
 CPU time [min]:    13.657                   Wall time [min]:    22.883

 Iteration 18  CC energy:    -5.91206069  Energy decrease:   0.00003351
 ======================================================================
 Norm of residual vector:     0.00072125
 CPU time [min]:    14.443                   Wall time [min]:    24.171

 Iteration 19  CC energy:    -5.91210630  Energy decrease:   0.00004561
 ======================================================================
 Norm of residual vector:     0.00047392
 CPU time [min]:    15.233                   Wall time [min]:    25.449

 Iteration 20  CC energy:    -5.91212468  Energy decrease:   0.00001838
 ======================================================================
 Norm of residual vector:     0.00025030
 CPU time [min]:    16.025                   Wall time [min]:    26.734

 Iteration 21  CC energy:    -5.91213975  Energy decrease:   0.00001507
 ======================================================================
 Norm of residual vector:     0.00012092
 CPU time [min]:    16.813                   Wall time [min]:    28.013

 Iteration 22  CC energy:    -5.91214390  Energy decrease:   0.00000416
 ======================================================================
 Norm of residual vector:     0.00005304
 CPU time [min]:    17.610                   Wall time [min]:    29.291

 Iteration 23  CC energy:    -5.91214571  Energy decrease:   0.00000180
 ======================================================================
 Norm of residual vector:     0.00002327
 CPU time [min]:    18.406                   Wall time [min]:    30.557

 Iteration 24  CC energy:    -5.91214662  Energy decrease:   0.00000091
 ======================================================================
 Norm of residual vector:     0.00001003
 CPU time [min]:    19.211                   Wall time [min]:    31.810

 Iteration 25  CC energy:    -5.91214663  Energy decrease:   0.00000001
 ======================================================================
 Norm of residual vector:     0.00000479
 CPU time [min]:    20.018                   Wall time [min]:    33.050

 Iteration 26  CC energy:    -5.91214662  Energy decrease:   0.00000001
 ======================================================================
 Norm of residual vector:     0.00000246
 CPU time [min]:    20.830                   Wall time [min]:    34.299

 Iteration 27  CC energy:    -5.91214666  Energy decrease:   0.00000004
 ======================================================================
 Norm of residual vector:     0.00000142
 CPU time [min]:    21.643                   Wall time [min]:    35.548

 Iteration 28  CC energy:    -5.91214663  Energy decrease:   0.00000002
 ======================================================================
 Norm of residual vector:     0.00000087
 CPU time [min]:    22.457                   Wall time [min]:    36.847

 Iteration 29  CC energy:    -5.91214663  Energy decrease:   4.0326E-09
 ======================================================================
 Norm of residual vector:     0.00000055
 CPU time [min]:    23.328                   Wall time [min]:    38.173

 Iteration 30  CC energy:    -5.91214664  Energy decrease:   0.00000001
 ======================================================================
 Norm of residual vector:     0.00000033
 CPU time [min]:    24.202                   Wall time [min]:    39.498

 Iteration 31  CC energy:    -5.91214664  Energy decrease:   1.9447E-09
 ======================================================================
 Norm of residual vector:     0.00000017
 CPU time [min]:    25.081                   Wall time [min]:    40.816

 Iteration 32  CC energy:    -5.91214664  Energy decrease:   8.8978E-11
 ======================================================================
 Norm of residual vector:     0.00000009
 CPU time [min]:    25.812                   Wall time [min]:    41.966

 Iteration 33  CC energy:    -5.91214664  Energy decrease:   1.4027E-10
 ======================================================================

 Iteration has converged in 33 steps.

 Final results:
 Total CCSDT energy [au]:             -5.912146643230
 Total MP2 energy [au]:               -5.870749571136

 Perturbative corrections are calculated...
 ======================================================================
 Spin case  1   Alpha:  1   Beta:  3
 Number of excitations:        6952275
 CPU time [min]:    32.167                   Wall time [min]:    48.456
 ======================================================================
 Spin case  2   Alpha:  2   Beta:  2
 Number of excitations:        61389900
 CPU time [min]:    47.555                   Wall time [min]:    63.958
 ======================================================================
 Spin case  3   Alpha:  3   Beta:  1
 Number of excitations:        38652900
 CPU time [min]:    56.980                   Wall time [min]:    73.475
 ======================================================================
 Spin case  4   Alpha:  4   Beta:  0
 Number of excitations:        1464125
 CPU time [min]:    57.769                   Wall time [min]:    74.293
 ======================================================================
 Number of 4-fold excitations: 108459200
 CPU time [min]:    57.769                   Wall time [min]:    74.294

 Total CCSDT[Q] energy [au]:          -5.911992930411
 Total CCSDT(Q) energy [au]:          -5.912689263659

 ************************ 2020-06-10 02:01:33 *************************
                      Normal termination of mrcc.
 **********************************************************************
 !CCSDT STATE 1.1 Energy               -5.912146643230
 !MP2 STATE 1.1 Energy                 -5.870749571136
 !CCSDT[Q] STATE 1.1 Energy            -5.911992930411
 !CCSDT(Q) STATE 1.1 Energy            -5.912689263659
 
 CPU-time for MRCC:           3466.1 sec
 Elapsed-time for MRCC:       4459.8 sec

 Variable memory set to 2000000000 words,  buffer space   230000 words



 **********************************************************************************************************************************
 DATASETS  * FILE   NREC   LENGTH (MB)   RECORD NAMES
              1      20       30.97       500      610      700      900      950      970     1000      129      960     1100   
                                          VAR    BASINP    GEOM    SYMINP    ZMAT    AOBASIS   BASIS     P2S    ABASIS      S 
                                         1400     1410     1420     1200     1210     1080     1600     1650     1300     1700   
                                           T        V       ECP      H0       H01     AOSYM     SMH    MOLCAS    ERIS     OPER   

              2       5        5.59       700     1000      520     2100     2200   
                                         GEOM     BASIS   MCVARS     RHF      UHF  

 PROGRAMS   *        TOTAL      MRCC       POP       UHF       RHF       INT
 CPU TIMES  *      3474.63   3473.54      0.01      0.02      0.40      0.57
 REAL TIME  *      4477.10 SEC
 DISK USED  *        51.14 MB      
 **********************************************************************************************************************************
 SETTING CCSD           =        -5.91268926  AU                              
 Output type csv         
                                                                                                                                                                                                                                                                

      SCF,CCSD
   -5.75687379,   -5.91268926
                                                  

 CCSDT(Q)/USERDEF energy=     -5.912689263659

        CCSDT(Q)        UHF-SCF         RHF-SCF 
     -5.91268926     -5.75687379     -5.75687379
 **********************************************************************************************************************************
 Molpro calculation terminated
 Variable memory released
