
Lmod is automatically replacing "xl/16.1.1-5" with "gcc/7.4.0".


Due to MODULEPATH changes, the following have been reloaded:
  1) hdf5/1.10.4     2) spectrum-mpi/10.3.1.2-20200121


The following have been reloaded with a version change:
  1) python/3.7.0-anaconda3-5.3.0 => python/3.6.6-anaconda3-5.3.0

--2020-07-12 19:05:02--  https://pseudopotentiallibrary.org/recipes/Si/ccECP/Si.ccECP.xml
Resolving pseudopotentiallibrary.org (pseudopotentiallibrary.org)... 128.219.165.148
Connecting to pseudopotentiallibrary.org (pseudopotentiallibrary.org)|128.219.165.148|:443... connected.
HTTP request sent, awaiting response... 200 OK
Length: 1502082 (1.4M) [text/xml]
Saving to: 'Si.ccECP.xml'

     0K .......... .......... .......... .......... ..........  3% 10.6M 0s
    50K .......... .......... .......... .......... ..........  6% 70.7M 0s
   100K .......... .......... .......... .......... .......... 10% 66.8M 0s
   150K .......... .......... .......... .......... .......... 13% 69.4M 0s
   200K .......... .......... .......... .......... .......... 17% 61.7M 0s
   250K .......... .......... .......... .......... .......... 20% 70.7M 0s
   300K .......... .......... .......... .......... .......... 23% 70.4M 0s
   350K .......... .......... .......... .......... .......... 27% 70.5M 0s
   400K .......... .......... .......... .......... .......... 30% 59.6M 0s
   450K .......... .......... .......... .......... .......... 34% 66.4M 0s
   500K .......... .......... .......... .......... .......... 37% 69.3M 0s
   550K .......... .......... .......... .......... .......... 40% 69.5M 0s
   600K .......... .......... .......... .......... .......... 44% 61.9M 0s
   650K .......... .......... .......... .......... .......... 47% 71.2M 0s
   700K .......... .......... .......... .......... .......... 51% 67.3M 0s
   750K .......... .......... .......... .......... .......... 54% 71.4M 0s
   800K .......... .......... .......... .......... .......... 57% 60.3M 0s
   850K .......... .......... .......... .......... .......... 61% 71.2M 0s
   900K .......... .......... .......... .......... .......... 64% 70.2M 0s
   950K .......... .......... .......... .......... .......... 68% 71.1M 0s
  1000K .......... .......... .......... .......... .......... 71% 62.7M 0s
  1050K .......... .......... .......... .......... .......... 74% 72.6M 0s
  1100K .......... .......... .......... .......... .......... 78% 73.6M 0s
  1150K .......... .......... .......... .......... .......... 81% 72.0M 0s
  1200K .......... .......... .......... .......... .......... 85% 62.3M 0s
  1250K .......... .......... .......... .......... .......... 88% 72.2M 0s
  1300K .......... .......... .......... .......... .......... 92% 71.1M 0s
  1350K .......... .......... .......... .......... .......... 95% 72.6M 0s
  1400K .......... .......... .......... .......... .......... 98% 65.1M 0s
  1450K .......... ......                                     100% 66.8M=0.02s

2020-07-12 19:05:02 (57.5 MB/s) - 'Si.ccECP.xml' saved [1502082/1502082]

--2020-07-12 19:05:02--  https://pseudopotentiallibrary.org/recipes/H/ccECP/H.ccECP.xml
Resolving pseudopotentiallibrary.org (pseudopotentiallibrary.org)... 128.219.165.148
Connecting to pseudopotentiallibrary.org (pseudopotentiallibrary.org)|128.219.165.148|:443... connected.
HTTP request sent, awaiting response... 200 OK
Length: 1001619 (978K) [text/xml]
Saving to: 'H.ccECP.xml'

     0K .......... .......... .......... .......... ..........  5% 21.3M 0s
    50K .......... .......... .......... .......... .......... 10% 66.3M 0s
   100K .......... .......... .......... .......... .......... 15% 64.9M 0s
   150K .......... .......... .......... .......... .......... 20% 65.7M 0s
   200K .......... .......... .......... .......... .......... 25% 57.6M 0s
   250K .......... .......... .......... .......... .......... 30% 57.7M 0s
   300K .......... .......... .......... .......... .......... 35% 60.6M 0s
   350K .......... .......... .......... .......... .......... 40% 22.8M 0s
   400K .......... .......... .......... .......... .......... 46% 60.3M 0s
   450K .......... .......... .......... .......... .......... 51% 69.2M 0s
   500K .......... .......... .......... .......... .......... 56% 68.2M 0s
   550K .......... .......... .......... .......... .......... 61% 70.5M 0s
   600K .......... .......... .......... .......... .......... 66% 62.6M 0s
   650K .......... .......... .......... .......... .......... 71% 70.5M 0s
   700K .......... .......... .......... .......... .......... 76% 70.4M 0s
   750K .......... .......... .......... .......... .......... 81% 67.6M 0s
   800K .......... .......... .......... .......... .......... 86% 57.2M 0s
   850K .......... .......... .......... .......... .......... 92% 68.4M 0s
   900K .......... .......... .......... .......... .......... 97% 71.2M 0s
   950K .......... .......... ........                        100% 37.0M=0.02s

2020-07-12 19:05:02 (53.1 MB/s) - 'H.ccECP.xml' saved [1001619/1001619]

Rank =    0  Free Memory = 539146 MB
Rank =    1  Free Memory = 539146 MB
Rank =    2  Free Memory = 523022 MB
Rank =    4  Free Memory = 522702 MB
Rank =    3  Free Memory = 523022 MB
Rank =    6  Free Memory = 522195 MB
Rank =    7  Free Memory = 522195 MB
Rank =    5  Free Memory = 522702 MB
Rank =    0  Free Memory = 539135 MB
Rank =    1  Free Memory = 539135 MB
Rank =    2  Free Memory = 522975 MB
Rank =    4  Free Memory = 522689 MB
Rank =    6  Free Memory = 522160 MB
Rank =    3  Free Memory = 522975 MB
Rank =    7  Free Memory = 522160 MB
Rank =    5  Free Memory = 522689 MB
User defined signal 2
ERROR:  One or more process (first noticed rank 0) terminated with signal 12
