Index of ion charge 0
Index of valence charge 1
Using qmc to name output files
Converting Wavefunction from the PySCF Code
Periodic Boundary Comditions: no
usingECP: yes
Multideterminants: no
NUMBER OF AOs: 137
Size of Basis Set: 137
NUMBER OF MOs: 137
Unit in Bohr=1
Number of alpha electrons: 4
Number of beta electrons: 4
Number of electrons: 8
SPIN MULTIPLICITY: 1
NUMBER OF ATOMS: 5
 QMCGaussianParserBase::dump 
Number of alpha electrons 4
Number of beta electrons 4
 Generating Standard Input file containing VMC, standard optmization, and DMC blocks.
 Modify according to the accuracy you would like to achieve. 
Hamiltonian using ECP for Electron Ion=1
 QMCGaussianParserBase::dump 
Number of alpha electrons 4
Number of beta electrons 4
Adding Two-Body and One-Body jastrows with rcut="10" and size="10"
Adding Three-Body jastrows with rcut="5"
 Generating Standard Input file containing VMC, standard optmization, and DMC blocks.
 Modify according to the accuracy you would like to achieve. 
Hamiltonian using ECP for Electron Ion=1

------------------------------------------------------------
Sender: LSF System <lsfadmin@batch5>
Subject: Job 152035: <GS_TZ> in cluster <summit> Exited

Job <GS_TZ> was submitted from host <login3> by user <aannabe> in cluster <summit> at Thu Jun 11 22:16:05 2020
Job was executed on host(s) <1*batch5>, in queue <batch>, as user <aannabe> in cluster <summit> at Thu Jun 11 22:16:26 2020
                            <42*f03n16>
</ccs/home/aannabe> was used as the home directory.
</gpfs/alpine/mat151/proj-shared/aannabe/docs/molecules_Si/SiH4/qmcpack_basis/TZ/gs> was used as the working directory.
Started at Thu Jun 11 22:16:26 2020
Terminated at Thu Jun 11 22:17:25 2020
Results reported at Thu Jun 11 22:17:25 2020

The output (if any) is above this job summary.



PS:

Read file <GS_TZ.err> for stderr output of this job.


------------------------------------------------------------
Sender: LSF System <lsfadmin@batch1>
Subject: Job 152043: <GS_TZ> in cluster <summit> Done

Job <GS_TZ> was submitted from host <login3> by user <aannabe> in cluster <summit> at Thu Jun 11 22:21:37 2020
Job was executed on host(s) <1*batch1>, in queue <batch>, as user <aannabe> in cluster <summit> at Thu Jun 11 22:22:03 2020
                            <42*f03n16>
</ccs/home/aannabe> was used as the home directory.
</gpfs/alpine/mat151/proj-shared/aannabe/docs/molecules_Si/SiH4/qmcpack_basis/TZ/gs> was used as the working directory.
Started at Thu Jun 11 22:22:03 2020
Terminated at Thu Jun 11 22:22:39 2020
Results reported at Thu Jun 11 22:22:39 2020

The output (if any) is above this job summary.



PS:

Read file <GS_TZ.err> for stderr output of this job.

Index of ion charge 0
Index of valence charge 1
Using qmc to name output files
Converting Wavefunction from the PySCF Code
Periodic Boundary Comditions: no
usingECP: yes
Multideterminants: no
NUMBER OF AOs: 137
Size of Basis Set: 137
NUMBER OF MOs: 137
Unit in Bohr=1
Number of alpha electrons: 4
Number of beta electrons: 4
Number of electrons: 8
SPIN MULTIPLICITY: 1
NUMBER OF ATOMS: 5
 QMCGaussianParserBase::dump 
Number of alpha electrons 4
Number of beta electrons 4
 Generating Standard Input file containing VMC, standard optmization, and DMC blocks.
 Modify according to the accuracy you would like to achieve. 
Hamiltonian using ECP for Electron Ion=1
 QMCGaussianParserBase::dump 
Number of alpha electrons 4
Number of beta electrons 4
Adding Two-Body and One-Body jastrows with rcut="10" and size="10"
Adding Three-Body jastrows with rcut="5"
 Generating Standard Input file containing VMC, standard optmization, and DMC blocks.
 Modify according to the accuracy you would like to achieve. 
Hamiltonian using ECP for Electron Ion=1

------------------------------------------------------------
Sender: LSF System <lsfadmin@batch5>
Subject: Job 152047: <GS_TZ> in cluster <summit> Exited

Job <GS_TZ> was submitted from host <login3> by user <aannabe> in cluster <summit> at Thu Jun 11 22:26:27 2020
Job was executed on host(s) <1*batch5>, in queue <batch>, as user <aannabe> in cluster <summit> at Thu Jun 11 22:26:53 2020
                            <42*h27n11>
</ccs/home/aannabe> was used as the home directory.
</gpfs/alpine/mat151/proj-shared/aannabe/docs/molecules_Si/SiH4/qmcpack_basis/TZ/gs> was used as the working directory.
Started at Thu Jun 11 22:26:53 2020
Terminated at Thu Jun 11 22:57:30 2020
Results reported at Thu Jun 11 22:57:30 2020

The output (if any) is above this job summary.



PS:

Read file <GS_TZ.err> for stderr output of this job.

