--2020-06-12 01:46:48--  https://pseudopotentiallibrary.org/recipes/Si/ccECP/Si.ccECP.xml
Resolving pseudopotentiallibrary.org (pseudopotentiallibrary.org)... 128.219.165.148
Connecting to pseudopotentiallibrary.org (pseudopotentiallibrary.org)|128.219.165.148|:443... connected.
HTTP request sent, awaiting response... 200 OK
Length: 1502082 (1.4M) [text/xml]
Saving to: 'Si.ccECP.xml'

     0K .......... .......... .......... .......... ..........  3% 22.8M 0s
    50K .......... .......... .......... .......... ..........  6%  243K 3s
   100K .......... .......... .......... .......... .......... 10% 44.3M 2s
   150K .......... .......... .......... .......... .......... 13% 62.0M 1s
   200K .......... .......... .......... .......... .......... 17% 53.5M 1s
   250K .......... .......... .......... .......... .......... 20% 67.3M 1s
   300K .......... .......... .......... .......... .......... 23% 64.1M 1s
   350K .......... .......... .......... .......... .......... 27% 66.0M 1s
   400K .......... .......... .......... .......... .......... 30% 61.6M 0s
   450K .......... .......... .......... .......... .......... 34% 71.7M 0s
   500K .......... .......... .......... .......... .......... 37% 70.4M 0s
   550K .......... .......... .......... .......... .......... 40% 72.8M 0s
   600K .......... .......... .......... .......... .......... 44% 63.9M 0s
   650K .......... .......... .......... .......... .......... 47% 73.4M 0s
   700K .......... .......... .......... .......... .......... 51% 72.2M 0s
   750K .......... .......... .......... .......... .......... 54% 74.2M 0s
   800K .......... .......... .......... .......... .......... 57% 62.2M 0s
   850K .......... .......... .......... .......... .......... 61% 73.7M 0s
   900K .......... .......... .......... .......... .......... 64% 72.0M 0s
   950K .......... .......... .......... .......... .......... 68% 72.1M 0s
  1000K .......... .......... .......... .......... .......... 71% 63.2M 0s
  1050K .......... .......... .......... .......... .......... 74% 72.7M 0s
  1100K .......... .......... .......... .......... .......... 78% 71.9M 0s
  1150K .......... .......... .......... .......... .......... 81% 71.9M 0s
  1200K .......... .......... .......... .......... .......... 85% 62.3M 0s
  1250K .......... .......... .......... .......... .......... 88% 73.2M 0s
  1300K .......... .......... .......... .......... .......... 92% 72.7M 0s
  1350K .......... .......... .......... .......... .......... 95% 73.7M 0s
  1400K .......... .......... .......... .......... .......... 98% 64.1M 0s
  1450K .......... ......                                     100% 69.2M=0.2s

2020-06-12 01:46:48 (6.29 MB/s) - 'Si.ccECP.xml' saved [1502082/1502082]

--2020-06-12 01:46:48--  https://pseudopotentiallibrary.org/recipes/H/ccECP/H.ccECP.xml
Resolving pseudopotentiallibrary.org (pseudopotentiallibrary.org)... 128.219.165.148
Connecting to pseudopotentiallibrary.org (pseudopotentiallibrary.org)|128.219.165.148|:443... connected.
HTTP request sent, awaiting response... 200 OK
Length: 1001619 (978K) [text/xml]
Saving to: 'H.ccECP.xml'

     0K .......... .......... .......... .......... ..........  5% 19.0M 0s
    50K .......... .......... .......... .......... .......... 10% 58.8M 0s
   100K .......... .......... .......... .......... .......... 15% 64.0M 0s
   150K .......... .......... .......... .......... .......... 20% 63.9M 0s
   200K .......... .......... .......... .......... .......... 25% 60.4M 0s
   250K .......... .......... .......... .......... .......... 30% 43.5M 0s
   300K .......... .......... .......... .......... .......... 35% 70.4M 0s
   350K .......... .......... .......... .......... .......... 40% 64.2M 0s
   400K .......... .......... .......... .......... .......... 46% 57.7M 0s
   450K .......... .......... .......... .......... .......... 51% 65.5M 0s
   500K .......... .......... .......... .......... .......... 56% 65.0M 0s
   550K .......... .......... .......... .......... .......... 61% 24.4M 0s
   600K .......... .......... .......... .......... .......... 66% 64.0M 0s
   650K .......... .......... .......... .......... .......... 71% 71.5M 0s
   700K .......... .......... .......... .......... .......... 76% 70.8M 0s
   750K .......... .......... .......... .......... .......... 81% 71.5M 0s
   800K .......... .......... .......... .......... .......... 86% 62.1M 0s
   850K .......... .......... .......... .......... .......... 92% 71.5M 0s
   900K .......... .......... .......... .......... .......... 97% 72.2M 0s
   950K .......... .......... ........                        100% 61.5M=0.02s

2020-06-12 01:46:48 (52.9 MB/s) - 'H.ccECP.xml' saved [1001619/1001619]

Rank =    0  Free Memory = 547616 MB
Rank =    1  Free Memory = 547616 MB
Rank =    0  Free Memory = 547584 MB
Rank =    1  Free Memory = 547584 MB
Could not read jskill result from pmix server
