
 Primary working directories    : /global/cscratch1/sd/gwang18
 Secondary working directories  : /global/cscratch1/sd/gwang18
 Wavefunction directory         : /global/homes/g/gwang18/wfu/
 Main file repository           : /global/cscratch1/sd/gwang18/

 SHA1      : 19cd028119e0e09f93f0674bd8af7968d9b3eff6
 NAME      : 2015.1.36
 ARCHNAME  : linux/x86_64
 FC        : /opt/cray/pe/craype/2.5.14/bin/ftn
 BLASLIB   : -L/opt/intel/compilers_and_libraries_2018.1.163/linux/mkl/lib/intel64 -Wl,-_start-group -lmkl_intel_ilp64 -lmkl_intel_thread -lmkl_core -Wl,-_end-group -liomp5
 id        : lbl

 Nodes     nprocs
 nid00027     1
 Number of processes for MPI-2 version of Molpro:   nprocs(total)=    2   nprocs(compute)=    1   nprocs(helper)=    1

 Using customized tuning parameters: mindgm=7; mindgv=16; mindgc=1; mindgr=1; noblas=0; minvec=7
 default implementation of scratch files=df  

 ***,SiH4
 memory,8,g
 gthresh,twoint=1.0E-12
 
 
 basis={
 ECP,Si,10,2,0;
 3;                                                                              !Vd
 1,5.168316,    4.000000
 3,8.861690,   20.673264
 2,3.933474,  -14.818174
 2;                                                                              !Vs-Vd
 2,9.447023,   14.832760
 2,2.553812,   26.349664
 2;                                                                              !Vp-Vd
 2,3.660001,    7.621400
 2,1.903653,   10.331583
 
 Including file /global/u2/g/gwang18/projects/si_gap/sih2/ci/cisd/Si.aug-cc-pVDZ.basis
 
 ECP,H,0,1,0
 3;
 2,   21.77696655044365 ,     -10.85192405303825 ;
 1,   21.24359508259891 ,       1.00000000000000;
 3,   21.24359508259891 ,      21.24359508259891;
 1; 2,                   1.,                      0.;
 
 Including file /global/u2/g/gwang18/projects/si_gap/sih2/ci/cisd/H.aug-cc-pVDZ.basis
 }
 
 
 angstrom
 geometry={
  Si
  H1     Si     1.51402
  H2     Si     1.51402      H1     91.9830
 }
 
                                                                                 ! HARTREE-FOCK
 {RHF
    wf,6,1,0                                                                     ! nelec,symm,spin
    print,orbitals=2
 }
 scf = energy
 
  !NOTE: Perturbative MRCC works only with UHF reference. So, here we will trick MRCC by doing zero UHF iteration right after ROHF.
 {uhf
 print,orbitals=2
 wf,6,1,0
 maxit,0
 }
 scf=energy
 pop;
 
 
 {mrcc,method=CISD,NSING=2
 orbital,ignore_error=1                                                          !Ignore the fact that UHF WF is not converged
 maxit,100
 core
 }
 posthf1=energy
 
 
 {mrcc,method=CISD,NSING=2,SYMM=2
 orbital,ignore_error=1                                                          !Ignore the fact that UHF WF is not converged
 maxit,100
 core
 }
 posthf2=energy
 
 
 table,scf,posthf1,posthf2
 save
 type,csv
 
 table,scf,posthf1(i),posthf2(i)
 save
 type,csv

 Variables initialized (889), CPU time= 0.00 sec
 Commands  initialized (702), CPU time= 0.01 sec, 572 directives.
 Default parameters read. Elapsed time= 0.18 sec

 Checking input...
 Passed
1


                                         ***  PROGRAM SYSTEM MOLPRO  ***
                                       Copyright, TTI GmbH Stuttgart, 2015
                                    Version 2015.1 linked Dec 29 2018 15:55:43


 **********************************************************************************************************************************
 LABEL *   SiH4                                                                          
  64 bit serial version                                                                  DATE: 04-May-20          TIME: 11:47:32  
 **********************************************************************************************************************************

 SHA1:             19cd028119e0e09f93f0674bd8af7968d9b3eff6
 **********************************************************************************************************************************

 THRESHOLDS:

 ZERO    =  1.00D-12  ONEINT  =  1.00D-12  TWOINT  =  1.00D-12  PREFAC  =  1.00D-14  LOCALI  =  1.00D-09  EORDER  =  1.00D-04
 ENERGY  =  0.00D+00  ETEST   =  0.00D+00  EDENS   =  0.00D+00  THRDEDEF=  1.00D-06  GRADIENT=  1.00D-02  STEP    =  1.00D-03
 ORBITAL =  1.00D-05  CIVEC   =  1.00D-05  COEFF   =  1.00D-04  PRINTCI =  5.00D-02  PUNCHCI =  9.90D+01  OPTGRAD =  3.00D-04
 OPTENERG=  1.00D-06  OPTSTEP =  3.00D-04  THRGRAD =  1.00D-10  COMPRESS=  1.00D-11  VARMIN  =  1.00D-07  VARMAX  =  1.00D-03
 THRDOUB =  0.00D+00  THRDIV  =  1.00D-05  THRRED  =  1.00D-07  THRPSP  =  1.00D+00  THRDC   =  1.00D-10  THRCS   =  1.00D-10
 THRNRM  =  1.00D-08  THREQ   =  0.00D+00  THRDE   =  1.00D+00  THRREF  =  1.00D-05  SPARFAC =  1.00D+00  THRDLP  =  1.00D-07
 THRDIA  =  1.00D-10  THRDLS  =  1.00D-07  THRGPS  =  0.00D+00  THRKEX  =  0.00D+00  THRDIS  =  2.00D-01  THRVAR  =  1.00D-10
 THRLOC  =  1.00D-06  THRGAP  =  1.00D-06  THRLOCT = -1.00D+00  THRGAPT = -1.00D+00  THRORB  =  1.00D-06  THRMLTP =  0.00D+00
 THRCPQCI=  1.00D-10  KEXTA   =  0.00D+00  THRCOARS=  0.00D+00  SYMTOL  =  1.00D-06  GRADTOL =  1.00D-06  THROVL  =  1.00D-08
 THRORTH =  1.00D-08  GRID    =  1.00D-06  GRIDMAX =  1.00D-03  DTMAX   =  0.00D+00  THROCCDE=  1.00D-01  THROCCDE=  1.00D-01



 Variable memory set to 8000000000 words,  buffer space   230000 words

 SETTING BASIS          =    USERDEF
 ZUNIT=ANG
 


 Recomputing integrals since basis changed


 Using spherical harmonics



 PROGRAM * SEWARD (Integral evaluation for generally contracted gaussian basis sets)     Author: Roland Lindh, 1990

 Geometry written to block  1 of record 700

 Orientation using atomic masses  
 Molecule type: Asymmetric top,     Order of principal axis = 2
 Symmetry elements: X,Y
 Rotational constants:     113.0212983    242.8385172    211.4197542 GHz  (calculated with average atomic masses)

 Point group  C2v 



 ATOMIC COORDINATES

 NR  ATOM    CHARGE       X              Y              Z

   1  SI      4.00    0.000000000    0.000000000   -0.133121049
   2  H1      1.00    0.000000000    2.057796109    1.854659610
   3  H2      1.00    0.000000000   -2.057796109    1.854659610

 Bond lengths in Bohr (Angstrom)

 1-2  2.861083147  1-3  2.861083147
     ( 1.514020000)     ( 1.514020000)

 Bond angles

  2-1-3   91.98300000

 NUCLEAR CHARGE:                    6
 NUMBER OF PRIMITIVE AOS:          92
 NUMBER OF SYMMETRY AOS:           90
 NUMBER OF CONTRACTIONS:           40   (  17A1  +   7B1  +  12B2  +   4A2  )
 NUMBER OF CORE ORBITALS:           0   (   0A1  +   0B1  +   0B2  +   0A2  )
 NUMBER OF VALENCE ORBITALS:        6   (   3A1  +   1B1  +   2B2  +   0A2  )


 NUCLEAR REPULSION ENERGY    3.03912223

 Eigenvalues of metric

         1 0.218E-02 0.117E-01 0.301E-01 0.552E-01 0.660E-01 0.167E+00 0.224E+00 0.245E+00
         2 0.161E-01 0.662E-01 0.260E+00 0.478E+00 0.757E+00 0.197E+01 0.370E+01
         3 0.196E-02 0.480E-02 0.507E-01 0.753E-01 0.107E+00 0.244E+00 0.356E+00 0.371E+00
         4 0.169E+00 0.477E+00 0.806E+00 0.230E+01


 Contracted 2-electron integrals neglected if value below      1.0D-12
 AO integral compression algorithm  1   Integral accuracy      1.0D-12

     1.311 MB (compressed) written to integral file ( 92.5%)


 NUMBER OF SORTED TWO-ELECTRON INTEGRALS:      95435.     BUFFER LENGTH:  32768
 NUMBER OF SEGMENTS:   1  SEGMENT LENGTH:      95435      RECORD LENGTH: 524288

 Memory used in sort:       0.65 MW

 SORT1 READ      157879. AND WROTE       88348. INTEGRALS IN      1 RECORDS. CPU TIME:     0.00 SEC, REAL TIME:     0.03 SEC
 SORT2 READ       88348. AND WROTE       95435. INTEGRALS IN      5 RECORDS. CPU TIME:     0.01 SEC, REAL TIME:     0.01 SEC

 FILE SIZES:   FILE 1:    21.2 MBYTE,  FILE 4:     4.2 MBYTE,   TOTAL:     25.5 MBYTE

 OPERATOR DM      FOR CENTER  0  COORDINATES:    0.000000    0.000000    0.000000


 **********************************************************************************************************************************
 DATASETS  * FILE   NREC   LENGTH (MB)   RECORD NAMES
              1      20       20.58       500      610      700      900      950      970     1000      129      960     1100   
                                          VAR    BASINP    GEOM    SYMINP    ZMAT    AOBASIS   BASIS     P2S    ABASIS      S 
                                         1400     1410     1420     1200     1210     1080     1600     1650     1300     1700   
                                           T        V       ECP      H0       H01     AOSYM     SMH    MOLCAS    ERIS     OPER   

 PROGRAMS   *        TOTAL       INT
 CPU TIMES  *         0.84      0.74
 REAL TIME  *        19.81 SEC
 DISK USED  *        25.75 MB      
 **********************************************************************************************************************************


 PROGRAM * RHF-SCF (CLOSED SHELL)       Authors: W. Meyer, H.-J. Werner


 NUMBER OF ELECTRONS:       3+    3-    SPACE SYMMETRY=1    SPIN SYMMETRY: Singlet 
 CONVERGENCE THRESHOLDS:    1.00E-05 (Density)    1.00E-07 (Energy)
 MAX. NUMBER OF ITERATIONS:       60
 INTERPOLATION TYPE:            DIIS
 INTERPOLATION STEPS:              2 (START)      1 (STEP)
 LEVEL SHIFTS:                  0.00 (CLOSED)  0.00 (OPEN) 



 Orbital guess generated from atomic densities. Full valence occupancy:    3   1   2   0

 Molecular orbital dump at record        2100.2

 Initial occupancy:   2   0   1   0

 ITERATION    DDIFF          GRAD             ENERGY        2-EL.EN.            DIPOLE MOMENTS         DIIS   ORB.
    1      0.000D+00      0.000D+00        -4.83855211      9.729710    0.00000    0.00000    0.03635    0    start
    2      0.000D+00      0.818D-02        -4.84498689      9.856866    0.00000    0.00000    0.10309    1    diag
    3      0.136D-01      0.204D-02        -4.84554393      9.859659    0.00000    0.00000    0.12907    2    diag
    4      0.490D-02      0.449D-03        -4.84558095      9.860627    0.00000    0.00000    0.14162    3    diag
    5      0.112D-02      0.838D-04        -4.84558249      9.860384    0.00000    0.00000    0.14465    4    diag
    6      0.299D-03      0.104D-04        -4.84558251      9.860353    0.00000    0.00000    0.14504    5    diag
    7      0.346D-04      0.917D-06        -4.84558251      9.860350    0.00000    0.00000    0.14505    6    diag
    8      0.296D-05      0.115D-06        -4.84558251      9.860350    0.00000    0.00000    0.14505    0    orth

 Final occupancy:   2   0   1   0

 !RHF STATE 1.1 Energy                 -4.845582506179
 Nuclear energy                         3.03912223
 One-electron energy                  -12.81487956
 Two-electron energy                    4.93017482
 Virial quotient                       -1.92107327
 !RHF STATE 1.1 Dipole moment           0.00000000     0.00000000     0.14504960
 Dipole moment /Debye                   0.00000000     0.00000000     0.36865517

 ELECTRON ORBITALS
 =================


   Orb  Occ    Energy  Couls-En    Coefficients

                                   1 1s      1 1s      1 1s      1 2pz     1 2pz     1 2pz     1 3d0     1 3d2+    1 3d0     1 3d2+ 
                                   2 1s      2 1s      2 1s      2 2pz     2 2py     2 2pz     2 2py  

   1.1   2    -0.6806   -3.0661  0.771786 -0.004293 -0.010640  0.116188  0.038433  0.019165  0.015601 -0.026978  0.017746 -0.011352
                                 0.559120 -0.042293 -0.227837  0.011038  0.026597 -0.019671 -0.021085

   2.1   2    -0.3377   -2.2288 -0.516998 -0.006947 -0.028771  0.705517  0.015812  0.005380  0.029914 -0.039218  0.027978 -0.024781
                                 0.417110 -0.028211 -0.109601  0.010945  0.031541 -0.001267 -0.011603

   3.1   0     0.0730   -0.8907 -0.247849 -0.011928 -1.604791 -1.161280  0.409641  0.184874 -0.002177  0.008982 -0.032183  0.090337
                                -0.037974  1.742958  0.143726 -0.136793 -0.113664  0.020761  0.018221

   4.1   0     0.1954   -1.0386  0.302449 -0.031330 -1.613057  1.006067 -0.193320 -1.161483 -0.051677  0.102263 -0.301244  0.752153
                                -0.317101  0.482516  0.863274 -0.308191 -0.401974  0.016658 -0.000941

                                   1 2px     1 2px     1 2px     1 3d1+    1 3d1+    2 2px     2 2px  

   1.2   0     0.0048   -1.6706  1.670263 -0.376670 -0.361969  0.008541  0.019102 -0.001399  0.016263

   2.2   0     0.2333   -0.9400  0.059256 -0.067289  0.033471  0.034046  1.028196 -0.089379  0.018757

                                   1 2py     1 2py     1 2py     1 3d1-    1 3d1-    2 1s      2 1s      2 1s      2 2py     2 2pz  
                                   2 2py     2 2pz  

   1.3   2    -0.4590   -2.5898  0.520588  0.049331  0.047957  0.119636  0.081704  0.760149 -0.105202 -0.291766  0.042266  0.056096
                                -0.013613 -0.020692

   2.3   0     0.1079   -0.7644 -0.853534  0.322314 -0.030287 -0.059745 -0.163033 -0.158690  2.806304 -0.085672 -0.190794 -0.145028
                                 0.025565  0.015691

   3.3   0     0.1476   -1.2095 -1.538772  0.327220  1.002692  0.169685  0.703295  0.349611  0.686326 -0.880856  0.236756  0.351529
                                -0.004522  0.007493

                                   1 3d2-    1 3d2-    2 2px     2 2px  

   1.4   0     0.2310   -0.9508  0.030551  1.008142 -0.049790  0.018666

   2.4   0     0.5076   -0.4878  0.127726 -1.091640  1.671439 -0.059727

 HOMO      2.1    -0.337736 =      -9.1903eV
 LUMO      1.2     0.004793 =       0.1304eV
 LUMO-HOMO         0.342529 =       9.3207eV


 **********************************************************************************************************************************
 DATASETS  * FILE   NREC   LENGTH (MB)   RECORD NAMES
              1      20       20.58       500      610      700      900      950      970     1000      129      960     1100   
                                          VAR    BASINP    GEOM    SYMINP    ZMAT    AOBASIS   BASIS     P2S    ABASIS      S 
                                         1400     1410     1420     1200     1210     1080     1600     1650     1300     1700   
                                           T        V       ECP      H0       H01     AOSYM     SMH    MOLCAS    ERIS     OPER   

              2       4        2.77       700     1000      520     2100   
                                         GEOM     BASIS   MCVARS     RHF  

 PROGRAMS   *        TOTAL       RHF       INT
 CPU TIMES  *         0.88      0.04      0.74
 REAL TIME  *        22.68 SEC
 DISK USED  *        25.75 MB      
 **********************************************************************************************************************************
 SETTING SCF            =        -4.84558251  AU                              


 PROGRAM * UHF-SCF       Authors: W. Meyer, H.-J. Werner


 NUMBER OF ELECTRONS:       3+    3-    SPACE SYMMETRY=1    SPIN SYMMETRY: Singlet 
 CONVERGENCE THRESHOLDS:    1.00E-05 (Density)    1.00E-07 (Energy)
 MAX. NUMBER OF ITERATIONS:        0
 INTERPOLATION TYPE:            DIIS
 INTERPOLATION STEPS:              2 (START)      1 (STEP)
 LEVEL SHIFTS:                  0.20 (ALPHA)   0.20 (BETA) 



 Molecular orbitals read from record     2100.2  Type=RHF/CANONICAL (state 1.1)

 Molecular orbital dump at record        2200.2

 Initial alpha occupation   2   0   1   0
 Initial beta  occupation   2   0   1   0

 ITERATION    DDIFF          GRAD             ENERGY        2-EL.EN.            DIPOLE MOMENTS         DIIS
    1      0.000D+00      0.000D+00        -4.84558251      9.860350    0.00000    0.00000    0.14505    0
 
 Final alpha occupancy:   2   0   1   0
 Final beta  occupancy:   2   0   1   0

 !UHF STATE 1.1 Energy                 -4.845582506179
 Nuclear energy                         3.03912223
 One-electron energy                  -12.81487956
 Two-electron energy                    4.93017482
 Virial quotient                       -1.92107327
 !UHF STATE 1.1 Dipole moment           0.00000000     0.00000000     0.14504960
 Dipole moment /Debye                   0.00000000     0.00000000     0.36865517

 ELECTRON ORBITALS FOR POSITIVE SPIN
 ===================================


   Orb  Occ    Energy  Couls-En    Coefficients

                                   1 1s      1 1s      1 1s      1 2pz     1 2pz     1 2pz     1 3d0     1 3d2+    1 3d0     1 3d2+ 
                                   2 1s      2 1s      2 1s      2 2pz     2 2py     2 2pz     2 2py  

   1.1   +    -0.6806   -3.0661  0.771786 -0.004293 -0.010640  0.116188  0.038433  0.019165  0.015601 -0.026978  0.017746 -0.011352
                                 0.559120 -0.042293 -0.227837  0.011038  0.026597 -0.019671 -0.021085

   2.1   +    -0.3377   -2.2288 -0.516998 -0.006947 -0.028771  0.705517  0.015812  0.005380  0.029914 -0.039218  0.027978 -0.024781
                                 0.417110 -0.028211 -0.109601  0.010945  0.031541 -0.001267 -0.011603

   3.1   0     0.0730   -0.8907 -0.247849 -0.011928 -1.604791 -1.161280  0.409641  0.184874 -0.002177  0.008982 -0.032183  0.090337
                                -0.037974  1.742958  0.143726 -0.136793 -0.113664  0.020761  0.018221

   4.1   0     0.1954   -1.0386  0.302449 -0.031330 -1.613057  1.006067 -0.193320 -1.161483 -0.051677  0.102263 -0.301244  0.752153
                                -0.317101  0.482516  0.863274 -0.308191 -0.401974  0.016658 -0.000941

                                   1 2px     1 2px     1 2px     1 3d1+    1 3d1+    2 2px     2 2px  

   1.2   0     0.0048   -1.6706  1.670263 -0.376670 -0.361969  0.008541  0.019102 -0.001399  0.016263

   2.2   0     0.2333   -0.9400  0.059256 -0.067289  0.033471  0.034046  1.028196 -0.089379  0.018757

                                   1 2py     1 2py     1 2py     1 3d1-    1 3d1-    2 1s      2 1s      2 1s      2 2py     2 2pz  
                                   2 2py     2 2pz  

   1.3   +    -0.4590   -2.5898  0.520588  0.049331  0.047957  0.119636  0.081704  0.760149 -0.105202 -0.291766  0.042266  0.056096
                                -0.013613 -0.020692

   2.3   0     0.1079   -0.7644 -0.853534  0.322314 -0.030287 -0.059745 -0.163033 -0.158690  2.806304 -0.085672 -0.190794 -0.145028
                                 0.025565  0.015691

   3.3   0     0.1476   -1.2095 -1.538772  0.327220  1.002692  0.169685  0.703295  0.349611  0.686326 -0.880856  0.236756  0.351529
                                -0.004522  0.007493

                                   1 3d2-    1 3d2-    2 2px     2 2px  

   1.4   0     0.2310   -0.9508  0.030551  1.008142 -0.049790  0.018666

   2.4   0     0.5076   -0.4878  0.127726 -1.091640  1.671439 -0.059727

 ELECTRON ORBITALS FOR NEGATIVE SPIN
 ===================================


   Orb  Occ    Energy  Couls-En    Coefficients

                                   1 1s      1 1s      1 1s      1 2pz     1 2pz     1 2pz     1 3d0     1 3d2+    1 3d0     1 3d2+ 
                                   2 1s      2 1s      2 1s      2 2pz     2 2py     2 2pz     2 2py  

   1.1   -    -0.6806   -3.0661  0.771786 -0.004293 -0.010640  0.116188  0.038433  0.019165  0.015601 -0.026978  0.017746 -0.011352
                                 0.559120 -0.042293 -0.227837  0.011038  0.026597 -0.019671 -0.021085

   2.1   -    -0.3377   -2.2288 -0.516998 -0.006947 -0.028771  0.705517  0.015812  0.005380  0.029914 -0.039218  0.027978 -0.024781
                                 0.417110 -0.028211 -0.109601  0.010945  0.031541 -0.001267 -0.011603

   3.1   0     0.0730   -0.8907 -0.247849 -0.011928 -1.604791 -1.161280  0.409641  0.184874 -0.002177  0.008982 -0.032183  0.090337
                                -0.037974  1.742958  0.143726 -0.136793 -0.113664  0.020761  0.018221

   4.1   0     0.1954   -1.0386  0.302449 -0.031330 -1.613057  1.006067 -0.193320 -1.161483 -0.051677  0.102263 -0.301244  0.752153
                                -0.317101  0.482516  0.863274 -0.308191 -0.401974  0.016658 -0.000941

                                   1 2px     1 2px     1 2px     1 3d1+    1 3d1+    2 2px     2 2px  

   1.2   0     0.0048   -1.6706  1.670263 -0.376670 -0.361969  0.008541  0.019102 -0.001399  0.016263

   2.2   0     0.2333   -0.9400  0.059256 -0.067289  0.033471  0.034046  1.028196 -0.089379  0.018757

                                   1 2py     1 2py     1 2py     1 3d1-    1 3d1-    2 1s      2 1s      2 1s      2 2py     2 2pz  
                                   2 2py     2 2pz  

   1.3   -    -0.4590   -2.5898  0.520588  0.049331  0.047957  0.119636  0.081704  0.760149 -0.105202 -0.291766  0.042266  0.056096
                                -0.013613 -0.020692

   2.3   0     0.1079   -0.7644 -0.853534  0.322314 -0.030287 -0.059745 -0.163033 -0.158690  2.806304 -0.085672 -0.190794 -0.145028
                                 0.025565  0.015691

   3.3   0     0.1476   -1.2095 -1.538772  0.327220  1.002692  0.169685  0.703295  0.349611  0.686326 -0.880856  0.236756  0.351529
                                -0.004522  0.007493

                                   1 3d2-    1 3d2-    2 2px     2 2px  

   1.4   0     0.2310   -0.9508  0.030551  1.008142 -0.049790  0.018666

   2.4   0     0.5076   -0.4878  0.127726 -1.091640  1.671439 -0.059727

 HOMO      2.1    -0.337736 =      -9.1903eV
 LUMO      1.2     0.004793 =       0.1304eV
 LUMO-HOMO         0.342529 =       9.3207eV

 EXPECTATION VALUE OF S**2:            -0.00000000

 Natural orbitals saved to record    2200.2 (Orbital set 3)

 Orbital spaces for UNO-CAS (Min. occupation: 0.020  Max. occupation: 1.980):

 Closed:        2   0   1   0
 Active:        0   0   0   0

 No convergence



 **********************************************************************************************************************************
 DATASETS  * FILE   NREC   LENGTH (MB)   RECORD NAMES
              1      20       20.58       500      610      700      900      950      970     1000      129      960     1100   
                                          VAR    BASINP    GEOM    SYMINP    ZMAT    AOBASIS   BASIS     P2S    ABASIS      S 
                                         1400     1410     1420     1200     1210     1080     1600     1650     1300     1700   
                                           T        V       ECP      H0       H01     AOSYM     SMH    MOLCAS    ERIS     OPER   

              2       5        5.30       700     1000      520     2100     2200   
                                         GEOM     BASIS   MCVARS     RHF      UHF  

 PROGRAMS   *        TOTAL       UHF       RHF       INT
 CPU TIMES  *         0.90      0.01      0.04      0.74
 REAL TIME  *        25.27 SEC
 DISK USED  *        25.95 MB      
 **********************************************************************************************************************************
 SETTING SCF            =        -4.84558251  AU                              


 PROGRAM * POP (Mulliken population analysis)

 
 Density matrix read from record         2200.2  Type=UHF/CHARGE (state 1.1)
 
 Population analysis by basis function type

 Unique atom        s        p        d        f        g    Total    Charge
   1  SI      1.80670  2.39499  0.21236  0.00000  0.00000  4.41406  - 0.41406
   2  H1      0.79445 -0.00148  0.00000  0.00000  0.00000  0.79297  + 0.20703


 **********************************************************************************************************************************
 DATASETS  * FILE   NREC   LENGTH (MB)   RECORD NAMES
              1      20       20.58       500      610      700      900      950      970     1000      129      960     1100   
                                          VAR    BASINP    GEOM    SYMINP    ZMAT    AOBASIS   BASIS     P2S    ABASIS      S 
                                         1400     1410     1420     1200     1210     1080     1600     1650     1300     1700   
                                           T        V       ECP      H0       H01     AOSYM     SMH    MOLCAS    ERIS     OPER   

              2       5        5.30       700     1000      520     2100     2200   
                                         GEOM     BASIS   MCVARS     RHF      UHF  

 PROGRAMS   *        TOTAL       POP       UHF       RHF       INT
 CPU TIMES  *         0.90      0.00      0.01      0.04      0.74
 REAL TIME  *        26.92 SEC
 DISK USED  *        25.95 MB      
 **********************************************************************************************************************************


 PROGRAM * MRCC (General Multireference Coupled Cluster)    Author: M. Kallay, 2000-2005

 ***  Initialisation ***

   0 Spin projections
 
 Molecular orbitals read from record     2200.2  Type=UHF/ALPHA (state 1.1)

 ?Warning: UHF not converged
 Molecular orbitals read from record     2200.2  Type=UHF/BETA (state 1.1)

 ?Warning: UHF not converged
 
 Frozen orbitals:              0 (  0  0  0  0  0  0  0  0)
 Active orbitals:             40 ( 17  7 12  4  0  0  0  0)
 Active electrons:             6
 Spin quantum number:          0.0

 Transformed integrals will be written to file mrcc_29318/fort.55

 Load integrals                2.5 sec
 Transform integrals           2.5 sec
 Storage for integrals:         540112
 Remaining memory:           *********

 Core energy:               3.03912223
 
 MRCC Input:
     2     2     0     0     0     0     0     1     0     1     0     1     0     0     0     7     0     0   0.000     0   64000
  ex.lev,nsing,ntrip, rest,method,dens,conver,symm, diag, CS ,spatial, HF, ndoub,nacto,nactv, tol, maxex, sacc, freq,  dboc,   mem
  2  2  0  0  0  0  0  0  0  0  0  0  0  0  0  0  0  0  0  0  0  0  0  0  2  0  0  0  0  0  0  0  0  0  0  0  0  0  0  0
 MRCC Input end
 Variable memory released
 MRCC now being run, temporary output in /global/cscratch1/sd/gwang18/mrcc_29318/mrcc.out
 **********************************************************************
                          MRCC program system
 **********************************************************************

                              Written by
 Mihaly Kallay, Peter R. Nagy, Zoltan Rolik, David Mester, Gyula Samu,
   Jozsef Csontos, Jozsef Csoka, Bernat P. Szabo, Laszlo Gyevi-Nagy,
    Istvan Ladjanszki, Lorant Szegedy, Bence Ladoczki, Klara Petrov,
              Mate Farkas, Pal D. Mezei, and Bence Hegely

        Department of Physical Chemistry and Materials Science
            Budapest University of Technology and Economics
                  Budapest P.O.Box 91, H-1521 Hungary

                              www.mrcc.hu

                     Release date: February 9, 2019

 ************************ 2020-05-04 11:48:14 *************************
 Executing goldstone...

 Generation of CI equations in terms of H and C...
 Generation of antisymmetrized Goldstone diagrams...
 Number of diagrams in T^1 equations:     7
 Number of diagrams in T^2 equations:     8
 Translation of diagrams to factorized equations...
 Optimizing intermediate calculation...
 Number of floating-point operations per iteration step:   6.3525E+06
 Probable CPU time per iteration step (hours):      0.00
 Required memory (Mbytes):     248.4
 Number of intermediates:                                  26
 Number of intermediates to be stored:                     11
 Length of intermediate file (Mbytes):       9.5

 ************************ 2020-05-04 11:48:38 *************************
 Executing xmrcc...

 **********************************************************************
 CI(                     2 ) calculation


 Allocation of 248.4 Mbytes of memory...
 Number of spinorbitals:                    80
 Number of alpha electrons:                        3
 Number of beta electrons:                         3
 z-component of spin:  0.0
 Spatial symmetry:                      1
 Convergence criterion:  1.0E-07
 Construction of occupation graphs...
 Number of                     0 -fold excitations:                      1
 Number of                     1 -fold excitations:                     82
 Number of                     2 -fold excitations:                   4745
 Total number of configurations:                   4828
 Calculation of coupling coefficients...
 Length of intermediate file (Mbytes):       7.6

 ======================================================================

 ======================================================================

 Memory requirements /Mbyte/:
               Minimal        Optimal
 Real*8:          3.7339        19.5596
 Integer:         0.3572
 Total:           4.0911        19.9168


 ************************ 2020-05-04 11:48:56 *************************
 Executing mrcc...

 **********************************************************************
 CISD calculation


 Allocation of   19.6 Mbytes of memory...
 Number of spinorbitals:  80
 Number of alpha electrons:  3
 Number of beta  electrons:  3
 z-component of spin:  0.0
 Spatial symmetry: 1
 Convergence criterion:  1.0E-07
 Construction of occupation graphs...
 Number of 0-fold excitations: 1
 Number of 1-fold excitations: 82
 Number of 2-fold excitations: 4745
 Total number of determinants: 4828
 Calculation of coupling coefficients...
 Initial cluster amplitudes are generated.
 Length of intermediate file (Mbytes):       7.6
 Reading integral list from unit 55...
 Sorting integrals...
 Sorting integrals...
 Sorting integrals...
 Sorting integrals...
 Energy of reference determinant [au]:      -4.845582506179
 Calculation of diagonal elements of Hamiltonian...

 Starting CI iteration for root                      1 ...
 ======================================================================
 Norm of residual vector:     0.46648482      Convergence:   1.00000000
 CPU time [min]:     0.011                   Wall time [min]:     0.183

 Iteration  1  CI energy:    -4.84558251  Energy decrease:   0.0000E+00
 ======================================================================
 Norm of residual vector:     0.07950743      Convergence:   0.28561069
 CPU time [min]:     0.013                   Wall time [min]:     0.203

 Iteration  2  CI energy:    -4.96020006  Energy decrease:   0.11461756
 ======================================================================
 Norm of residual vector:     0.01909176      Convergence:   0.06198586
 CPU time [min]:     0.014                   Wall time [min]:     0.205

 Iteration  3  CI energy:    -4.96436110  Energy decrease:   0.00416103
 ======================================================================
 Norm of residual vector:     0.00498413      Convergence:   0.01447712
 CPU time [min]:     0.016                   Wall time [min]:     0.206

 Iteration  4  CI energy:    -4.96459976  Energy decrease:   0.00023866
 ======================================================================
 Norm of residual vector:     0.00146561      Convergence:   0.00410596
 CPU time [min]:     0.017                   Wall time [min]:     0.208

 Iteration  5  CI energy:    -4.96461795  Energy decrease:   0.00001820
 ======================================================================
 Norm of residual vector:     0.00038201      Convergence:   0.00123397
 CPU time [min]:     0.019                   Wall time [min]:     0.209

 Iteration  6  CI energy:    -4.96461954  Energy decrease:   0.00000159
 ======================================================================
 Norm of residual vector:     0.00009147      Convergence:   0.00026806
 CPU time [min]:     0.020                   Wall time [min]:     0.211

 Iteration  7  CI energy:    -4.96461963  Energy decrease:   0.00000009
 ======================================================================
 Norm of residual vector:     0.00002357      Convergence:   0.00007071
 CPU time [min]:     0.022                   Wall time [min]:     0.212

 Iteration  8  CI energy:    -4.96461964  Energy decrease:   0.00000001
 ======================================================================
 Norm of residual vector:     0.00000599      Convergence:   0.00001768
 CPU time [min]:     0.023                   Wall time [min]:     0.214

 Iteration  9  CI energy:    -4.96461964  Energy decrease:   3.7752E-10
 ======================================================================
 Norm of residual vector:     0.00000143      Convergence:   0.00000481
 CPU time [min]:     0.025                   Wall time [min]:     0.215

 Iteration 10  CI energy:    -4.96461964  Energy decrease:   2.4722E-11
 ======================================================================
 Norm of residual vector:     0.00000035      Convergence:   0.00000110
 CPU time [min]:     0.026                   Wall time [min]:     0.217

 Iteration 11  CI energy:    -4.96461964  Energy decrease:   1.3891E-12
 ======================================================================
 Norm of residual vector:     0.0000E+00      Convergence:   2.5175E-07
 CPU time [min]:     0.028                   Wall time [min]:     0.219

 Iteration 12  CI energy:    -4.96461964  Energy decrease:   7.9048E-14
 ======================================================================

 Iteration has converged in 12 steps.

 Final results:
 Total CISD energy [au]:              -4.964619637857
 Spin multiplicity:                     1



 Starting CI iteration for root                      2 ...
 ======================================================================
 Norm of residual vector:     0.22242563      Convergence:   1.00000000
 CPU time [min]:     0.029                   Wall time [min]:     0.243

 Iteration  1  CI energy:    -4.60164055  Energy decrease:   0.24394196
 ======================================================================
 Norm of residual vector:     0.11560052      Convergence:   0.44255434
 CPU time [min]:     0.031                   Wall time [min]:     0.244

 Iteration  2  CI energy:    -4.66324136  Energy decrease:   0.06160080
 ======================================================================
 Norm of residual vector:     0.04342344      Convergence:   0.19084285
 CPU time [min]:     0.032                   Wall time [min]:     0.246

 Iteration  3  CI energy:    -4.67926535  Energy decrease:   0.01602399
 ======================================================================
 Norm of residual vector:     0.01682583      Convergence:   0.05738235
 CPU time [min]:     0.034                   Wall time [min]:     0.248

 Iteration  4  CI energy:    -4.68133478  Energy decrease:   0.00206943
 ======================================================================
 Norm of residual vector:     0.00955195      Convergence:   0.03413947
 CPU time [min]:     0.035                   Wall time [min]:     0.250

 Iteration  5  CI energy:    -4.68175492  Energy decrease:   0.00042014
 ======================================================================
 Norm of residual vector:     0.00665600      Convergence:   0.01924771
 CPU time [min]:     0.037                   Wall time [min]:     0.251

 Iteration  6  CI energy:    -4.68190355  Energy decrease:   0.00014863
 ======================================================================
 Norm of residual vector:     0.00489149      Convergence:   0.01694942
 CPU time [min]:     0.038                   Wall time [min]:     0.253

 Iteration  7  CI energy:    -4.68199006  Energy decrease:   0.00008651
 ======================================================================
 Norm of residual vector:     0.00259918      Convergence:   0.00733167
 CPU time [min]:     0.040                   Wall time [min]:     0.254

 Iteration  8  CI energy:    -4.68202019  Energy decrease:   0.00003013
 ======================================================================
 Norm of residual vector:     0.00185586      Convergence:   0.00428395
 CPU time [min]:     0.042                   Wall time [min]:     0.256

 Iteration  9  CI energy:    -4.68202873  Energy decrease:   0.00000854
 ======================================================================
 Norm of residual vector:     0.00103262      Convergence:   0.00248675
 CPU time [min]:     0.043                   Wall time [min]:     0.258

 Iteration 10  CI energy:    -4.68203202  Energy decrease:   0.00000330
 ======================================================================
 Norm of residual vector:     0.00041299      Convergence:   0.00121176
 CPU time [min]:     0.045                   Wall time [min]:     0.260

 Iteration 11  CI energy:    -4.68203297  Energy decrease:   0.00000095
 ======================================================================
 Norm of residual vector:     0.00014456      Convergence:   0.00046433
 CPU time [min]:     0.046                   Wall time [min]:     0.262

 Iteration 12  CI energy:    -4.68203312  Energy decrease:   0.00000015
 ======================================================================
 Norm of residual vector:     0.00004424      Convergence:   0.00015308
 CPU time [min]:     0.048                   Wall time [min]:     0.264

 Iteration 13  CI energy:    -4.68203314  Energy decrease:   0.00000002
 ======================================================================
 Norm of residual vector:     0.00001478      Convergence:   0.00005113
 CPU time [min]:     0.049                   Wall time [min]:     0.266

 Iteration 14  CI energy:    -4.68203314  Energy decrease:   1.8792E-09
 ======================================================================
 Norm of residual vector:     0.00000602      Convergence:   0.00001678
 CPU time [min]:     0.051                   Wall time [min]:     0.268

 Iteration 15  CI energy:    -4.68203314  Energy decrease:   2.0709E-10
 ======================================================================
 Norm of residual vector:     0.00000257      Convergence:   0.00000702
 CPU time [min]:     0.052                   Wall time [min]:     0.269

 Iteration 16  CI energy:    -4.68203314  Energy decrease:   3.2779E-11
 ======================================================================
 Norm of residual vector:     0.00000097      Convergence:   0.00000234
 CPU time [min]:     0.054                   Wall time [min]:     0.271

 Iteration 17  CI energy:    -4.68203314  Energy decrease:   4.7624E-12
 ======================================================================
 Norm of residual vector:     0.00000042      Convergence:   0.00000104
 CPU time [min]:     0.056                   Wall time [min]:     0.273

 Iteration 18  CI energy:    -4.68203314  Energy decrease:   7.7627E-13
 ======================================================================
 Norm of residual vector:     0.00000015      Convergence:   0.00000039
 CPU time [min]:     0.057                   Wall time [min]:     0.274

 Iteration 19  CI energy:    -4.68203314  Energy decrease:   1.3678E-13
 ======================================================================
 Norm of residual vector:     0.0000E+00      Convergence:   1.7884E-07
 CPU time [min]:     0.059                   Wall time [min]:     0.276

 Iteration 20  CI energy:    -4.68203314  Energy decrease:   2.0428E-14
 ======================================================================

 Iteration has converged in 20 steps.

 Final results:
 Total CISD energy [au]:              -4.682033143042
 Excitation energy [eV]:           7.6896
 Excitation energy [cm^-1]:    62020.57
 Absorption wavelength [nm]:     161.24
 Spin multiplicity:                     1

 ************************ 2020-05-04 11:49:19 *************************
                      Normal termination of mrcc.
 **********************************************************************
 !CISD STATE 1.1 Energy                -4.964619637857
 !CISD STATE 1.1 Energy                -4.682033143042
 
 CPU-time for MRCC:              3.5 sec
 Elapsed-time for MRCC:         81.0 sec

 Variable memory set to 8000000000 words,  buffer space   230000 words



 **********************************************************************************************************************************
 DATASETS  * FILE   NREC   LENGTH (MB)   RECORD NAMES
              1      20       20.58       500      610      700      900      950      970     1000      129      960     1100   
                                          VAR    BASINP    GEOM    SYMINP    ZMAT    AOBASIS   BASIS     P2S    ABASIS      S 
                                         1400     1410     1420     1200     1210     1080     1600     1650     1300     1700   
                                           T        V       ECP      H0       H01     AOSYM     SMH    MOLCAS    ERIS     OPER   

              2       5        5.30       700     1000      520     2100     2200   
                                         GEOM     BASIS   MCVARS     RHF      UHF  

 PROGRAMS   *        TOTAL      MRCC       POP       UHF       RHF       INT
 CPU TIMES  *         5.03      4.13      0.00      0.01      0.04      0.74
 REAL TIME  *       115.65 SEC
 DISK USED  *        25.95 MB      
 **********************************************************************************************************************************
 SETTING POSTHF1(1)     =        -4.96461964  AU                              
 SETTING POSTHF1(2)     =        -4.68203314  AU                              


 PROGRAM * MRCC (General Multireference Coupled Cluster)    Author: M. Kallay, 2000-2005

 ***  Initialisation ***

   0 Spin projections
 
 Molecular orbitals read from record     2200.2  Type=UHF/ALPHA (state 1.1)

 ?Warning: UHF not converged
 Molecular orbitals read from record     2200.2  Type=UHF/BETA (state 1.1)

 ?Warning: UHF not converged
 
 Frozen orbitals:              0 (  0  0  0  0  0  0  0  0)
 Active orbitals:             40 ( 17  7 12  4  0  0  0  0)
 Active electrons:             6
 Spin quantum number:          0.0

 Transformed integrals will be written to file mrcc_29318/fort.55

 Load integrals                3.0 sec
 Transform integrals           3.1 sec
 Storage for integrals:         540112
 Remaining memory:           *********

 Core energy:               3.03912223
 
 MRCC Input:
     2     2     0     0     0     0     0     2     0     1     0     1     0     0     0     7     0     0   0.000     0   64000
  ex.lev,nsing,ntrip, rest,method,dens,conver,symm, diag, CS ,spatial, HF, ndoub,nacto,nactv, tol, maxex, sacc, freq,  dboc,   mem
  2  2  0  0  0  0  0  0  0  0  0  0  0  0  0  0  0  0  0  0  0  0  0  0  2  0  0  0  0  0  0  0  0  0  0  0  0  0  0  0
 MRCC Input end
 Variable memory released
 MRCC now being run, temporary output in /global/cscratch1/sd/gwang18/mrcc_29318/mrcc.out
 **********************************************************************
                          MRCC program system
 **********************************************************************

                              Written by
 Mihaly Kallay, Peter R. Nagy, Zoltan Rolik, David Mester, Gyula Samu,
   Jozsef Csontos, Jozsef Csoka, Bernat P. Szabo, Laszlo Gyevi-Nagy,
    Istvan Ladjanszki, Lorant Szegedy, Bence Ladoczki, Klara Petrov,
              Mate Farkas, Pal D. Mezei, and Bence Hegely

        Department of Physical Chemistry and Materials Science
            Budapest University of Technology and Economics
                  Budapest P.O.Box 91, H-1521 Hungary

                              www.mrcc.hu

                     Release date: February 9, 2019

 ************************ 2020-05-04 11:52:43 *************************
 Executing goldstone...

 Generation of CI equations in terms of H and C...
 Generation of antisymmetrized Goldstone diagrams...
 Number of diagrams in T^1 equations:     7
 Number of diagrams in T^2 equations:     8
 Translation of diagrams to factorized equations...
 Optimizing intermediate calculation...
 Number of floating-point operations per iteration step:   6.3525E+06
 Probable CPU time per iteration step (hours):      0.00
 Required memory (Mbytes):     248.4
 Number of intermediates:                                  26
 Number of intermediates to be stored:                     11
 Length of intermediate file (Mbytes):       9.5

 ************************ 2020-05-04 11:53:06 *************************
 Executing xmrcc...

 **********************************************************************
 CI(                     2 ) calculation


 Allocation of 248.4 Mbytes of memory...
 Number of spinorbitals:                    80
 Number of alpha electrons:                        3
 Number of beta electrons:                         3
 z-component of spin:  0.0
 Spatial symmetry:                      2
 Convergence criterion:  1.0E-07
 Construction of occupation graphs...
 Number of                     0 -fold excitations:                      0
 Number of                     1 -fold excitations:                     36
 Number of                     2 -fold excitations:                   3432
 Total number of configurations:                   3468
 Calculation of coupling coefficients...
 Length of intermediate file (Mbytes):       7.6

 ======================================================================

 ======================================================================

 Memory requirements /Mbyte/:
               Minimal        Optimal
 Real*8:          3.7176        19.5596
 Integer:         0.3572
 Total:           4.0748        19.9168


 ************************ 2020-05-04 11:53:22 *************************
 Executing mrcc...

 **********************************************************************
 CISD calculation


 Allocation of   19.6 Mbytes of memory...
 Number of spinorbitals:  80
 Number of alpha electrons:  3
 Number of beta  electrons:  3
 z-component of spin:  0.0
 Spatial symmetry: 2
 Convergence criterion:  1.0E-07
 Construction of occupation graphs...
 Number of excitations for irrep 1:
 Number of 0-fold excitations: 1
 Number of 1-fold excitations: 82
 Number of 2-fold excitations: 4745
 Total number of determinants: 4828
 Number of excitations for irrep 2:
 Number of 0-fold excitations: 0
 Number of 1-fold excitations: 36
 Number of 2-fold excitations: 3432
 Total number of determinants: 3468
 Calculation of coupling coefficients...
 Initial cluster amplitudes are generated.
 Length of intermediate file (Mbytes):       7.6
 Reading integral list from unit 55...
 Sorting integrals...
 Sorting integrals...
 Sorting integrals...
 Sorting integrals...
 Energy of reference determinant [au]:      -4.845582506179
 Calculation of diagonal elements of Hamiltonian...

 Starting CI iteration for root                      1 ...
 ======================================================================
 Norm of residual vector:     0.25941464      Convergence:   1.00000000
 CPU time [min]:     0.011                   Wall time [min]:     0.158

 Iteration  1  CI energy:    -4.73773270  Energy decrease:   0.10784981
 ======================================================================
 Norm of residual vector:     0.07370123      Convergence:   0.30429625
 CPU time [min]:     0.012                   Wall time [min]:     0.162

 Iteration  2  CI energy:    -4.80950197  Energy decrease:   0.07176928
 ======================================================================
 Norm of residual vector:     0.02162982      Convergence:   0.07345036
 CPU time [min]:     0.014                   Wall time [min]:     0.166

 Iteration  3  CI energy:    -4.81430450  Energy decrease:   0.00480252
 ======================================================================
 Norm of residual vector:     0.00615194      Convergence:   0.02365377
 CPU time [min]:     0.015                   Wall time [min]:     0.169

 Iteration  4  CI energy:    -4.81476059  Energy decrease:   0.00045609
 ======================================================================
 Norm of residual vector:     0.00166048      Convergence:   0.00568782
 CPU time [min]:     0.017                   Wall time [min]:     0.172

 Iteration  5  CI energy:    -4.81479116  Energy decrease:   0.00003057
 ======================================================================
 Norm of residual vector:     0.00063642      Convergence:   0.00195659
 CPU time [min]:     0.018                   Wall time [min]:     0.180

 Iteration  6  CI energy:    -4.81479395  Energy decrease:   0.00000279
 ======================================================================
 Norm of residual vector:     0.00021712      Convergence:   0.00073470
 CPU time [min]:     0.020                   Wall time [min]:     0.183

 Iteration  7  CI energy:    -4.81479437  Energy decrease:   0.00000042
 ======================================================================
 Norm of residual vector:     0.00006080      Convergence:   0.00021186
 CPU time [min]:     0.021                   Wall time [min]:     0.186

 Iteration  8  CI energy:    -4.81479441  Energy decrease:   0.00000004
 ======================================================================
 Norm of residual vector:     0.00001679      Convergence:   0.00006259
 CPU time [min]:     0.023                   Wall time [min]:     0.190

 Iteration  9  CI energy:    -4.81479441  Energy decrease:   3.3430E-09
 ======================================================================
 Norm of residual vector:     0.00000404      Convergence:   0.00001591
 CPU time [min]:     0.024                   Wall time [min]:     0.193

 Iteration 10  CI energy:    -4.81479442  Energy decrease:   2.3320E-10
 ======================================================================
 Norm of residual vector:     0.00000098      Convergence:   0.00000366
 CPU time [min]:     0.026                   Wall time [min]:     0.201

 Iteration 11  CI energy:    -4.81479442  Energy decrease:   1.3175E-11
 ======================================================================
 Norm of residual vector:     0.00000026      Convergence:   0.00000094
 CPU time [min]:     0.027                   Wall time [min]:     0.208

 Iteration 12  CI energy:    -4.81479442  Energy decrease:   8.0025E-13
 ======================================================================
 Norm of residual vector:     0.0000E+00      Convergence:   3.1086E-07
 CPU time [min]:     0.029                   Wall time [min]:     0.211

 Iteration 13  CI energy:    -4.81479442  Energy decrease:   7.1054E-14
 ======================================================================

 Iteration has converged in 13 steps.

 Final results:
 Total CISD energy [au]:              -4.814794415122
 Spin multiplicity:                     1



 Starting CI iteration for root                      2 ...
 ======================================================================
 Norm of residual vector:     0.21289535      Convergence:   1.00000000
 CPU time [min]:     0.030                   Wall time [min]:     0.237

 Iteration  1  CI energy:    -4.47347879  Energy decrease:   0.37210372
 ======================================================================
 Norm of residual vector:     0.11567303      Convergence:   0.46210948
 CPU time [min]:     0.032                   Wall time [min]:     0.246

 Iteration  2  CI energy:    -4.53402851  Energy decrease:   0.06054972
 ======================================================================
 Norm of residual vector:     0.05507192      Convergence:   0.18894143
 CPU time [min]:     0.033                   Wall time [min]:     0.251

 Iteration  3  CI energy:    -4.55144896  Energy decrease:   0.01742044
 ======================================================================
 Norm of residual vector:     0.05333817      Convergence:   0.19151152
 CPU time [min]:     0.034                   Wall time [min]:     0.254

 Iteration  4  CI energy:    -4.55979027  Energy decrease:   0.00834132
 ======================================================================
 Norm of residual vector:     0.03985121      Convergence:   0.14468033
 CPU time [min]:     0.036                   Wall time [min]:     0.258

 Iteration  5  CI energy:    -4.56603890  Energy decrease:   0.00624863
 ======================================================================
 Norm of residual vector:     0.02374586      Convergence:   0.07966749
 CPU time [min]:     0.037                   Wall time [min]:     0.262

 Iteration  6  CI energy:    -4.56849866  Energy decrease:   0.00245975
 ======================================================================
 Norm of residual vector:     0.01218319      Convergence:   0.04238526
 CPU time [min]:     0.039                   Wall time [min]:     0.266

 Iteration  7  CI energy:    -4.56925714  Energy decrease:   0.00075849
 ======================================================================
 Norm of residual vector:     0.00542854      Convergence:   0.02067567
 CPU time [min]:     0.040                   Wall time [min]:     0.269

 Iteration  8  CI energy:    -4.56944495  Energy decrease:   0.00018781
 ======================================================================
 Norm of residual vector:     0.00249350      Convergence:   0.00896592
 CPU time [min]:     0.042                   Wall time [min]:     0.273

 Iteration  9  CI energy:    -4.56948476  Energy decrease:   0.00003981
 ======================================================================
 Norm of residual vector:     0.00170622      Convergence:   0.00622424
 CPU time [min]:     0.043                   Wall time [min]:     0.277

 Iteration 10  CI energy:    -4.56949609  Energy decrease:   0.00001133
 ======================================================================
 Norm of residual vector:     0.00113923      Convergence:   0.00404476
 CPU time [min]:     0.045                   Wall time [min]:     0.281

 Iteration 11  CI energy:    -4.56950156  Energy decrease:   0.00000547
 ======================================================================
 Norm of residual vector:     0.00079279      Convergence:   0.00264186
 CPU time [min]:     0.046                   Wall time [min]:     0.284

 Iteration 12  CI energy:    -4.56950394  Energy decrease:   0.00000238
 ======================================================================
 Norm of residual vector:     0.00064849      Convergence:   0.00212521
 CPU time [min]:     0.048                   Wall time [min]:     0.288

 Iteration 13  CI energy:    -4.56950527  Energy decrease:   0.00000133
 ======================================================================
 Norm of residual vector:     0.00090797      Convergence:   0.00288731
 CPU time [min]:     0.049                   Wall time [min]:     0.291

 Iteration 14  CI energy:    -4.56950673  Energy decrease:   0.00000146
 ======================================================================
 Norm of residual vector:     0.09794837      Convergence:   0.34332089
 CPU time [min]:     0.051                   Wall time [min]:     0.295

 Iteration 15  CI energy:    -4.57348744  Energy decrease:   0.00398072
 ======================================================================
 Norm of residual vector:     0.05005878      Convergence:   0.17561083
 CPU time [min]:     0.052                   Wall time [min]:     0.298

 Iteration 16  CI energy:    -4.58839870  Energy decrease:   0.01491125
 ======================================================================
 Norm of residual vector:     0.02027601      Convergence:   0.07730377
 CPU time [min]:     0.054                   Wall time [min]:     0.301

 Iteration 17  CI energy:    -4.59159130  Energy decrease:   0.00319260
 ======================================================================
 Norm of residual vector:     0.00653094      Convergence:   0.02232572
 CPU time [min]:     0.056                   Wall time [min]:     0.305

 Iteration 18  CI energy:    -4.59199387  Energy decrease:   0.00040257
 ======================================================================
 Norm of residual vector:     0.00237527      Convergence:   0.00787735
 CPU time [min]:     0.057                   Wall time [min]:     0.309

 Iteration 19  CI energy:    -4.59203694  Energy decrease:   0.00004307
 ======================================================================
 Norm of residual vector:     0.00096800      Convergence:   0.00316118
 CPU time [min]:     0.059                   Wall time [min]:     0.312

 Iteration 20  CI energy:    -4.59204328  Energy decrease:   0.00000634
 ======================================================================
 Norm of residual vector:     0.00040318      Convergence:   0.00138182
 CPU time [min]:     0.060                   Wall time [min]:     0.316

 Iteration 21  CI energy:    -4.59204445  Energy decrease:   0.00000116
 ======================================================================
 Norm of residual vector:     0.00016154      Convergence:   0.00054807
 CPU time [min]:     0.062                   Wall time [min]:     0.320

 Iteration 22  CI energy:    -4.59204463  Energy decrease:   0.00000019
 ======================================================================
 Norm of residual vector:     0.00007243      Convergence:   0.00024544
 CPU time [min]:     0.063                   Wall time [min]:     0.323

 Iteration 23  CI energy:    -4.59204467  Energy decrease:   0.00000003
 ======================================================================
 Norm of residual vector:     0.00003433      Convergence:   0.00011887
 CPU time [min]:     0.065                   Wall time [min]:     0.327

 Iteration 24  CI energy:    -4.59204467  Energy decrease:   0.00000001
 ======================================================================
 Norm of residual vector:     0.00001442      Convergence:   0.00004666
 CPU time [min]:     0.066                   Wall time [min]:     0.331

 Iteration 25  CI energy:    -4.59204467  Energy decrease:   1.3680E-09
 ======================================================================
 Norm of residual vector:     0.00000579      Convergence:   0.00001965
 CPU time [min]:     0.068                   Wall time [min]:     0.335

 Iteration 26  CI energy:    -4.59204467  Energy decrease:   2.4061E-10
 ======================================================================
 Norm of residual vector:     0.00000211      Convergence:   0.00000745
 CPU time [min]:     0.070                   Wall time [min]:     0.339

 Iteration 27  CI energy:    -4.59204467  Energy decrease:   3.7407E-11
 ======================================================================
 Norm of residual vector:     0.00000089      Convergence:   0.00000302
 CPU time [min]:     0.071                   Wall time [min]:     0.342

 Iteration 28  CI energy:    -4.59204467  Energy decrease:   5.2411E-12
 ======================================================================
 Norm of residual vector:     0.00000034      Convergence:   0.00000116
 CPU time [min]:     0.073                   Wall time [min]:     0.351

 Iteration 29  CI energy:    -4.59204467  Energy decrease:   8.8107E-13
 ======================================================================
 Norm of residual vector:     0.00000013      Convergence:   0.00000044
 CPU time [min]:     0.074                   Wall time [min]:     0.355

 Iteration 30  CI energy:    -4.59204467  Energy decrease:   1.2523E-13
 ======================================================================
 Norm of residual vector:     0.00000008      Convergence:   0.00000015
 CPU time [min]:     0.076                   Wall time [min]:     0.358

 Iteration 31  CI energy:    -4.59204467  Energy decrease:   1.4211E-14
 ======================================================================

 Iteration has converged in 31 steps.

 Final results:
 Total CISD energy [au]:              -4.592044674632
 Excitation energy [eV]:           6.0613
 Excitation energy [cm^-1]:    48887.92
 Absorption wavelength [nm]:     204.55
 Spin multiplicity:                     1

 ************************ 2020-05-04 11:53:50 *************************
                      Normal termination of mrcc.
 **********************************************************************
 !CISD STATE 1.1 Energy                -4.814794415122
 !CISD STATE 1.1 Energy                -4.592044674632
 
 CPU-time for MRCC:              4.6 sec
 Elapsed-time for MRCC:        265.8 sec

 Variable memory set to 8000000000 words,  buffer space   230000 words



 **********************************************************************************************************************************
 DATASETS  * FILE   NREC   LENGTH (MB)   RECORD NAMES
              1      20       20.58       500      610      700      900      950      970     1000      129      960     1100   
                                          VAR    BASINP    GEOM    SYMINP    ZMAT    AOBASIS   BASIS     P2S    ABASIS      S 
                                         1400     1410     1420     1200     1210     1080     1600     1650     1300     1700   
                                           T        V       ECP      H0       H01     AOSYM     SMH    MOLCAS    ERIS     OPER   

              2       5        5.30       700     1000      520     2100     2200   
                                         GEOM     BASIS   MCVARS     RHF      UHF  

 PROGRAMS   *        TOTAL      MRCC      MRCC       POP       UHF       RHF       INT
 CPU TIMES  *        10.16      5.12      4.13      0.00      0.01      0.04      0.74
 REAL TIME  *       388.58 SEC
 DISK USED  *        25.95 MB      
 **********************************************************************************************************************************
 SETTING POSTHF2(1)     =        -4.81479442  AU                              
 SETTING POSTHF2(2)     =        -4.59204467  AU                              
 Output type csv         
                                                                                                                                                                                                                                                                

      SCF,POSTHF1,POSTHF2
   -4.84558251,   -4.96461964,   -4.81479442
                                                  
 Output type csv         
                                                                                                                                                                                                                                                                

      SCF,POSTHF1(I),POSTHF2(I)
   -4.84558251,   -4.96461964,   -4.81479442
                                                  

 CISD/USERDEF energy=     -4.592044674632

        CISD            CISD            UHF-SCF         RHF-SCF 
     -4.81479442     -4.96461964     -4.84558251     -4.84558251
 **********************************************************************************************************************************
 Molpro calculation terminated
 Variable memory released
