
 Primary working directories    : /global/cscratch1/sd/gwang18
 Secondary working directories  : /global/cscratch1/sd/gwang18
 Wavefunction directory         : /global/homes/g/gwang18/wfu/
 Main file repository           : /global/cscratch1/sd/gwang18/

 SHA1      : 19cd028119e0e09f93f0674bd8af7968d9b3eff6
 NAME      : 2015.1.36
 ARCHNAME  : linux/x86_64
 FC        : /opt/cray/pe/craype/2.5.14/bin/ftn
 BLASLIB   : -L/opt/intel/compilers_and_libraries_2018.1.163/linux/mkl/lib/intel64 -Wl,-_start-group -lmkl_intel_ilp64 -lmkl_intel_thread -lmkl_core -Wl,-_end-group -liomp5
 id        : lbl

 Nodes     nprocs
 nid01305     1

 Using customized tuning parameters: mindgm=7; mindgv=16; mindgc=1; mindgr=1; noblas=0; minvec=7
 default implementation of scratch files=df  

 ***,SiH4
 memory,4,g
 gthresh,twoint=1.0E-12
 
 basis={
 ECP,Si,10,2,0;
 3;                                                                              !Vd
 1,5.168316,    4.000000
 3,8.861690,   20.673264
 2,3.933474,  -14.818174
 2;                                                                              !Vs-Vd
 2,9.447023,   14.832760
 2,2.553812,   26.349664
 2;                                                                              !Vp-Vd
 2,3.660001,    7.621400
 2,1.903653,   10.331583
 
 Including file /global/u2/g/gwang18/projects/si_gap/sih4/ci/singlet-ex/cisd/Si.aug-cc-pVDZ.basis
 
 ECP,H,0,1,0
 3;
 2,   21.77696655044365 ,     -10.85192405303825 ;
 1,   21.24359508259891 ,       1.00000000000000;
 3,   21.24359508259891 ,      21.24359508259891;
 1; 2,                   1.,                      0.;
 
 Including file /global/u2/g/gwang18/projects/si_gap/sih4/ci/singlet-ex/cisd/H.aug-cc-pVDZ.basis
 }
 
 geometry={
   5
  Silane
  Si          0.0000        0.0000        0.0000
   H          0.8544        0.8544        0.8544
   H         -0.8544       -0.8544        0.8544
   H         -0.8544        0.8544       -0.8544
   H          0.8544       -0.8544       -0.8544
 }
 
                                                                                 ! HARTREE-FOCK
 {RHF
    wf,8,1,0                                                                     ! nelec,symm,spin
 }
 scf=energy
 pop;
 
  !NOTE: Perturbative MRCC works only with UHF reference. So, here we will trick MRCC by doing zero UHF iteration right after ROHF.
 {uhf
 wf,8,1,0
 maxit,0
 }
 scf=energy
 pop;
 
 
 {mrcc,method=CISD,NSING=1,SYMM=2
 orbital,ignore_error=1                                                          !Ignore the fact that UHF WF is not converged
 maxit,100
 core
 }
 posthf=energy
 
 table,scf,posthf
 save
 type,csv
 

 Variables initialized (889), CPU time= 0.00 sec
 Commands  initialized (702), CPU time= 0.00 sec, 572 directives.
 Default parameters read. Elapsed time= 0.33 sec

 Checking input...
 Passed
1


                                         ***  PROGRAM SYSTEM MOLPRO  ***
                                       Copyright, TTI GmbH Stuttgart, 2015
                                    Version 2015.1 linked Dec 29 2018 15:55:43


 **********************************************************************************************************************************
 LABEL *   SiH4                                                                          
  64 bit serial version                                                                  DATE: 09-Jun-20          TIME: 22:44:26  
 **********************************************************************************************************************************

 SHA1:             19cd028119e0e09f93f0674bd8af7968d9b3eff6
 **********************************************************************************************************************************

 THRESHOLDS:

 ZERO    =  1.00D-12  ONEINT  =  1.00D-12  TWOINT  =  1.00D-12  PREFAC  =  1.00D-14  LOCALI  =  1.00D-09  EORDER  =  1.00D-04
 ENERGY  =  0.00D+00  ETEST   =  0.00D+00  EDENS   =  0.00D+00  THRDEDEF=  1.00D-06  GRADIENT=  1.00D-02  STEP    =  1.00D-03
 ORBITAL =  1.00D-05  CIVEC   =  1.00D-05  COEFF   =  1.00D-04  PRINTCI =  5.00D-02  PUNCHCI =  9.90D+01  OPTGRAD =  3.00D-04
 OPTENERG=  1.00D-06  OPTSTEP =  3.00D-04  THRGRAD =  1.00D-10  COMPRESS=  1.00D-11  VARMIN  =  1.00D-07  VARMAX  =  1.00D-03
 THRDOUB =  0.00D+00  THRDIV  =  1.00D-05  THRRED  =  1.00D-07  THRPSP  =  1.00D+00  THRDC   =  1.00D-10  THRCS   =  1.00D-10
 THRNRM  =  1.00D-08  THREQ   =  0.00D+00  THRDE   =  1.00D+00  THRREF  =  1.00D-05  SPARFAC =  1.00D+00  THRDLP  =  1.00D-07
 THRDIA  =  1.00D-10  THRDLS  =  1.00D-07  THRGPS  =  0.00D+00  THRKEX  =  0.00D+00  THRDIS  =  2.00D-01  THRVAR  =  1.00D-10
 THRLOC  =  1.00D-06  THRGAP  =  1.00D-06  THRLOCT = -1.00D+00  THRGAPT = -1.00D+00  THRORB  =  1.00D-06  THRMLTP =  0.00D+00
 THRCPQCI=  1.00D-10  KEXTA   =  0.00D+00  THRCOARS=  0.00D+00  SYMTOL  =  1.00D-06  GRADTOL =  1.00D-06  THROVL  =  1.00D-08
 THRORTH =  1.00D-08  GRID    =  1.00D-06  GRIDMAX =  1.00D-03  DTMAX   =  0.00D+00  THROCCDE=  1.00D-01  THROCCDE=  1.00D-01



 Variable memory set to 4000000000 words,  buffer space   230000 words

 SETTING BASIS          =    USERDEF

Geometry recognized as XYZ



 Recomputing integrals since basis changed


 Using spherical harmonics



 PROGRAM * SEWARD (Integral evaluation for generally contracted gaussian basis sets)     Author: Roland Lindh, 1990

 Geometry written to block  1 of record 700


 Point group  D2  



 ATOMIC COORDINATES

 NR  ATOM    CHARGE       X              Y              Z

   1  SI      4.00    0.000000000    0.000000000    0.000000000
   2  H       1.00    1.614582001    1.614582001    1.614582001
   3  H       1.00   -1.614582001   -1.614582001    1.614582001
   4  H       1.00   -1.614582001    1.614582001   -1.614582001
   5  H       1.00    1.614582001   -1.614582001   -1.614582001

 Bond lengths in Bohr (Angstrom)

 1-2  2.796538058  1-3  2.796538058  1-4  2.796538058  1-5  2.796538058
     ( 1.479864210)     ( 1.479864210)     ( 1.479864210)     ( 1.479864210)

 Bond angles

  2-1-3  109.47122063   2-1-4  109.47122063   2-1-5  109.47122063   3-1-4  109.47122063

  3-1-5  109.47122063   4-1-5  109.47122063

 NUCLEAR CHARGE:                    8
 NUMBER OF PRIMITIVE AOS:         124
 NUMBER OF SYMMETRY AOS:          122
 NUMBER OF CONTRACTIONS:           58   (  16A   +  14B3  +  14B2  +  14B1  )
 NUMBER OF CORE ORBITALS:           0   (   0A   +   0B3  +   0B2  +   0B1  )
 NUMBER OF VALENCE ORBITALS:        8   (   2A   +   2B3  +   2B2  +   2B1  )


 NUCLEAR REPULSION ENERGY    7.03521075


 Eigenvalues of metric

         1 0.364E-02 0.238E-01 0.397E-01 0.397E-01 0.666E-01 0.197E+00 0.361E+00 0.409E+00
         2 0.104E-02 0.372E-02 0.404E-01 0.711E-01 0.998E-01 0.125E+00 0.283E+00 0.376E+00
         3 0.104E-02 0.372E-02 0.404E-01 0.711E-01 0.998E-01 0.125E+00 0.283E+00 0.376E+00
         4 0.104E-02 0.372E-02 0.404E-01 0.711E-01 0.998E-01 0.125E+00 0.283E+00 0.376E+00


 Contracted 2-electron integrals neglected if value below      1.0D-12
 AO integral compression algorithm  1   Integral accuracy      1.0D-12

     5.767 MB (compressed) written to integral file ( 89.8%)


 NUMBER OF SORTED TWO-ELECTRON INTEGRALS:     385468.     BUFFER LENGTH:  32768
 NUMBER OF SEGMENTS:   1  SEGMENT LENGTH:     385468      RECORD LENGTH: 524288

 Memory used in sort:       0.94 MW

 SORT1 READ      831886. AND WROTE      376225. INTEGRALS IN      2 RECORDS. CPU TIME:     0.01 SEC, REAL TIME:     0.08 SEC
 SORT2 READ      376225. AND WROTE      385468. INTEGRALS IN     22 RECORDS. CPU TIME:     0.02 SEC, REAL TIME:     0.03 SEC

 FILE SIZES:   FILE 1:    25.8 MBYTE,  FILE 4:     8.4 MBYTE,   TOTAL:     34.2 MBYTE

 OPERATOR DM      FOR CENTER  0  COORDINATES:    0.000000    0.000000    0.000000


 **********************************************************************************************************************************
 DATASETS  * FILE   NREC   LENGTH (MB)   RECORD NAMES
              1      20       22.71       500      610      700      900      950      970     1000      129      960     1100   
                                          VAR    BASINP    GEOM    SYMINP    ZMAT    AOBASIS   BASIS     P2S    ABASIS      S 
                                         1400     1410     1420     1200     1210     1080     1600     1650     1300     1700   
                                           T        V       ECP      H0       H01     AOSYM     SMH    MOLCAS    ERIS     OPER   

 PROGRAMS   *        TOTAL       INT
 CPU TIMES  *         0.71      0.61
 REAL TIME  *         3.27 SEC
 DISK USED  *        34.56 MB      
 **********************************************************************************************************************************


 PROGRAM * RHF-SCF (CLOSED SHELL)       Authors: W. Meyer, H.-J. Werner


 NUMBER OF ELECTRONS:       4+    4-    SPACE SYMMETRY=1    SPIN SYMMETRY: Singlet 
 CONVERGENCE THRESHOLDS:    1.00E-05 (Density)    1.00E-07 (Energy)
 MAX. NUMBER OF ITERATIONS:       60
 INTERPOLATION TYPE:            DIIS
 INTERPOLATION STEPS:              2 (START)      1 (STEP)
 LEVEL SHIFTS:                  0.00 (CLOSED)  0.00 (OPEN) 



 Orbital guess generated from atomic densities. Full valence occupancy:    2   2   2   2

 Molecular orbital dump at record        2100.2

 Initial occupancy:   1   1   1   1

 ITERATION    DDIFF          GRAD             ENERGY        2-EL.EN.            DIPOLE MOMENTS         DIIS   ORB.
    1      0.000D+00      0.000D+00        -6.05822998     17.319610    0.00000    0.00000    0.00000    0    start
    2      0.000D+00      0.969D-02        -6.07111735     17.432039    0.00000    0.00000    0.00000    1    diag
    3      0.140D-01      0.285D-02        -6.07259731     17.446439    0.00000    0.00000    0.00000    2    diag
    4      0.529D-02      0.346D-03        -6.07262024     17.447639    0.00000    0.00000    0.00000    3    diag
    5      0.828D-03      0.485D-04        -6.07262072     17.446971    0.00000    0.00000    0.00000    4    diag
    6      0.111D-03      0.792D-05        -6.07262073     17.446981    0.00000    0.00000    0.00000    5    diag
    7      0.220D-04      0.522D-06        -6.07262073     17.446980    0.00000    0.00000    0.00000    6    diag
    8      0.260D-05      0.308D-07        -6.07262073     17.446980    0.00000    0.00000    0.00000    0    orth

 Final occupancy:   1   1   1   1

 !RHF STATE 1.1 Energy                 -6.072620727546
 Nuclear energy                         7.03521075
 One-electron energy                  -21.83132127
 Two-electron energy                    8.72348979
 Virial quotient                       -1.60457938
 !RHF STATE 1.1 Dipole moment           0.00000000     0.00000000     0.00000000
 Dipole moment /Debye                   0.00000000     0.00000000     0.00000000

 Orbital energies:

         1.1          2.1          3.1
     -0.736056     0.058949     0.216154

         1.2          2.2          3.2
     -0.485372     0.105514     0.156805

         1.3          2.3          3.3
     -0.485372     0.105514     0.156805

         1.4          2.4          3.4
     -0.485372     0.105514     0.156805

 HOMO      1.2    -0.485372 =     -13.2076eV
 LUMO      2.1     0.058949 =       1.6041eV
 LUMO-HOMO         0.544321 =      14.8117eV


 **********************************************************************************************************************************
 DATASETS  * FILE   NREC   LENGTH (MB)   RECORD NAMES
              1      20       22.71       500      610      700      900      950      970     1000      129      960     1100   
                                          VAR    BASINP    GEOM    SYMINP    ZMAT    AOBASIS   BASIS     P2S    ABASIS      S 
                                         1400     1410     1420     1200     1210     1080     1600     1650     1300     1700   
                                           T        V       ECP      H0       H01     AOSYM     SMH    MOLCAS    ERIS     OPER   

              2       4        2.84       700     1000      520     2100   
                                         GEOM     BASIS   MCVARS     RHF  

 PROGRAMS   *        TOTAL       RHF       INT
 CPU TIMES  *         0.78      0.07      0.61
 REAL TIME  *         3.54 SEC
 DISK USED  *        34.56 MB      
 **********************************************************************************************************************************
 SETTING SCF            =        -6.07262073  AU                              


 PROGRAM * POP (Mulliken population analysis)

 
 Density matrix read from record         2100.2  Type=RHF/CHARGE (state 1.1)
 
 Population analysis by basis function type

 Unique atom        s        p        d        f        g    Total    Charge
   1  SI      1.29934  3.59113  0.42530  0.00000  0.00000  5.31576  - 1.31576
   2  H       0.68164 -0.01058  0.00000  0.00000  0.00000  0.67106  + 0.32894


 **********************************************************************************************************************************
 DATASETS  * FILE   NREC   LENGTH (MB)   RECORD NAMES
              1      20       22.71       500      610      700      900      950      970     1000      129      960     1100   
                                          VAR    BASINP    GEOM    SYMINP    ZMAT    AOBASIS   BASIS     P2S    ABASIS      S 
                                         1400     1410     1420     1200     1210     1080     1600     1650     1300     1700   
                                           T        V       ECP      H0       H01     AOSYM     SMH    MOLCAS    ERIS     OPER   

              2       4        2.84       700     1000      520     2100   
                                         GEOM     BASIS   MCVARS     RHF  

 PROGRAMS   *        TOTAL       POP       RHF       INT
 CPU TIMES  *         0.78      0.00      0.07      0.61
 REAL TIME  *         3.59 SEC
 DISK USED  *        34.56 MB      
 **********************************************************************************************************************************


 PROGRAM * UHF-SCF       Authors: W. Meyer, H.-J. Werner


 NUMBER OF ELECTRONS:       4+    4-    SPACE SYMMETRY=1    SPIN SYMMETRY: Singlet 
 CONVERGENCE THRESHOLDS:    1.00E-05 (Density)    1.00E-07 (Energy)
 MAX. NUMBER OF ITERATIONS:        0
 INTERPOLATION TYPE:            DIIS
 INTERPOLATION STEPS:              2 (START)      1 (STEP)
 LEVEL SHIFTS:                  0.20 (ALPHA)   0.20 (BETA) 



 Molecular orbitals read from record     2100.2  Type=RHF/CANONICAL (state 1.1)

 Molecular orbital dump at record        2200.2

 Initial alpha occupation   1   1   1   1
 Initial beta  occupation   1   1   1   1

 ITERATION    DDIFF          GRAD             ENERGY        2-EL.EN.            DIPOLE MOMENTS         DIIS
    1      0.000D+00      0.000D+00        -6.07262073     17.446980    0.00000    0.00000    0.00000    0
 
 Final alpha occupancy:   1   1   1   1
 Final beta  occupancy:   1   1   1   1

 !UHF STATE 1.1 Energy                 -6.072620727546
 Nuclear energy                         7.03521075
 One-electron energy                  -21.83132127
 Two-electron energy                    8.72348979
 Virial quotient                       -1.60457938
 !UHF STATE 1.1 Dipole moment           0.00000000     0.00000000     0.00000000
 Dipole moment /Debye                   0.00000000     0.00000000     0.00000000

 Orbital energies for positive spin:

         1.1          2.1          3.1
     -0.736056     0.058949     0.216154

         1.2          2.2          3.2
     -0.485372     0.105514     0.156805

         1.3          2.3          3.3
     -0.485372     0.105514     0.156805

         1.4          2.4          3.4
     -0.485372     0.105514     0.156805

 Orbital energies for negative spin:

         1.1          2.1          3.1
     -0.736056     0.058949     0.216154

         1.2          2.2          3.2
     -0.485372     0.105514     0.156805

         1.3          2.3          3.3
     -0.485372     0.105514     0.156805

         1.4          2.4          3.4
     -0.485372     0.105514     0.156805

 HOMO      1.2    -0.485372 =     -13.2076eV
 LUMO      2.1     0.058949 =       1.6041eV
 LUMO-HOMO         0.544321 =      14.8117eV

 EXPECTATION VALUE OF S**2:            -0.00000000

 Natural orbitals saved to record    2200.2 (Orbital set 3)

 Orbital spaces for UNO-CAS (Min. occupation: 0.020  Max. occupation: 1.980):

 Closed:        1   1   1   1
 Active:        0   0   0   0

 No convergence



 **********************************************************************************************************************************
 DATASETS  * FILE   NREC   LENGTH (MB)   RECORD NAMES
              1      20       22.71       500      610      700      900      950      970     1000      129      960     1100   
                                          VAR    BASINP    GEOM    SYMINP    ZMAT    AOBASIS   BASIS     P2S    ABASIS      S 
                                         1400     1410     1420     1200     1210     1080     1600     1650     1300     1700   
                                           T        V       ECP      H0       H01     AOSYM     SMH    MOLCAS    ERIS     OPER   

              2       5        5.39       700     1000      520     2100     2200   
                                         GEOM     BASIS   MCVARS     RHF      UHF  

 PROGRAMS   *        TOTAL       UHF       POP       RHF       INT
 CPU TIMES  *         0.80      0.01      0.00      0.07      0.61
 REAL TIME  *         3.72 SEC
 DISK USED  *        34.56 MB      
 **********************************************************************************************************************************
 SETTING SCF            =        -6.07262073  AU                              


 PROGRAM * POP (Mulliken population analysis)

 
 Density matrix read from record         2200.2  Type=UHF/CHARGE (state 1.1)
 
 Population analysis by basis function type

 Unique atom        s        p        d        f        g    Total    Charge
   1  SI      1.29934  3.59113  0.42530  0.00000  0.00000  5.31576  - 1.31576
   2  H       0.68164 -0.01058  0.00000  0.00000  0.00000  0.67106  + 0.32894


 **********************************************************************************************************************************
 DATASETS  * FILE   NREC   LENGTH (MB)   RECORD NAMES
              1      20       22.71       500      610      700      900      950      970     1000      129      960     1100   
                                          VAR    BASINP    GEOM    SYMINP    ZMAT    AOBASIS   BASIS     P2S    ABASIS      S 
                                         1400     1410     1420     1200     1210     1080     1600     1650     1300     1700   
                                           T        V       ECP      H0       H01     AOSYM     SMH    MOLCAS    ERIS     OPER   

              2       5        5.39       700     1000      520     2100     2200   
                                         GEOM     BASIS   MCVARS     RHF      UHF  

 PROGRAMS   *        TOTAL       POP       UHF       POP       RHF       INT
 CPU TIMES  *         0.80      0.00      0.01      0.00      0.07      0.61
 REAL TIME  *         3.74 SEC
 DISK USED  *        34.56 MB      
 **********************************************************************************************************************************


 PROGRAM * MRCC (General Multireference Coupled Cluster)    Author: M. Kallay, 2000-2005

 ***  Initialisation ***

   0 Spin projections
 
 Molecular orbitals read from record     2200.2  Type=UHF/ALPHA (state 1.1)

 ?Warning: UHF not converged
 Molecular orbitals read from record     2200.2  Type=UHF/BETA (state 1.1)

 ?Warning: UHF not converged
 
 Frozen orbitals:              0 (  0  0  0  0  0  0  0  0)
 Active orbitals:             58 ( 16 14 14 14  0  0  0  0)
 Active electrons:             8
 Spin quantum number:          0.0

 Transformed integrals will be written to file mrcc_54973/fort.55

 Load integrals                1.0 sec
 Transform integrals           1.0 sec
 Storage for integrals:        2215583
 Remaining memory:           *********

 Core energy:               7.03521075
 
 MRCC Input:
     2     1     0     0     0     0     0     2     0     1     0     1     0     0     0     7     0     0   0.000     0   32000
  ex.lev,nsing,ntrip, rest,method,dens,conver,symm, diag, CS ,spatial, HF, ndoub,nacto,nactv, tol, maxex, sacc, freq,  dboc,   mem
  2  0  0  0  0  0  0  0  0  0  0  0  0  0  0  0  2  0  0  0  0  0  0  0  0  0  0  0  0  0  2  0  0  0  0  0  0  0  0  0  0  0  0  0  2  0  0  0  0  0  0  0  0  0  0  0  0  0
 MRCC Input end
 Variable memory released
 MRCC now being run, temporary output in /global/cscratch1/sd/gwang18/mrcc_54973/mrcc.out
 **********************************************************************
                          MRCC program system
 **********************************************************************

                              Written by
 Mihaly Kallay, Peter R. Nagy, Zoltan Rolik, David Mester, Gyula Samu,
   Jozsef Csontos, Jozsef Csoka, Bernat P. Szabo, Laszlo Gyevi-Nagy,
    Istvan Ladjanszki, Lorant Szegedy, Bence Ladoczki, Klara Petrov,
              Mate Farkas, Pal D. Mezei, and Bence Hegely

        Department of Physical Chemistry and Materials Science
            Budapest University of Technology and Economics
                  Budapest P.O.Box 91, H-1521 Hungary

                              www.mrcc.hu

                     Release date: February 9, 2019

 ************************ 2020-06-09 22:44:34 *************************
 Executing goldstone...

 Generation of CI equations in terms of H and C...
 Generation of antisymmetrized Goldstone diagrams...
 Number of diagrams in T^1 equations:     7
 Number of diagrams in T^2 equations:     8
 Translation of diagrams to factorized equations...
 Optimizing intermediate calculation...
 Number of floating-point operations per iteration step:   5.0577E+07
 Probable CPU time per iteration step (hours):      0.00
 Required memory (Mbytes):    1124.4
 Number of intermediates:                                  26
 Number of intermediates to be stored:                     11
 Length of intermediate file (Mbytes):      42.3

 ************************ 2020-06-09 22:44:34 *************************
 Executing xmrcc...

 **********************************************************************
 CI(                     2 ) calculation


 Allocation of1124.4 Mbytes of memory...
 Number of spinorbitals:                   116
 Number of alpha electrons:                        4
 Number of beta electrons:                         4
 Spin multiplicity:                     1
 z-component of spin:  0.0
 Spatial symmetry:                      2
 Convergence criterion:  1.0E-07
 Construction of occupation graphs...
 Number of                     0 -fold excitations:                      0
 Number of                     1 -fold excitations:                    108
 Number of                     2 -fold excitations:                  15932
 Total number of configurations:                  16040
 Calculation of coupling coefficients...
 Length of intermediate file (Mbytes):      32.0

 ======================================================================

 Memory requirements /Mbyte/:
               Minimal        Optimal
 Real*8:         16.4020        86.3932
 Integer:         0.4689
 Total:          16.8708        86.8621


 ************************ 2020-06-09 22:44:34 *************************
 Executing mrcc...

 **********************************************************************
 CISD calculation


 Allocation of   86.4 Mbytes of memory...
 Number of spinorbitals: 116
 Number of alpha electrons:  4
 Number of beta  electrons:  4
 Spin multiplicity: 1
 z-component of spin:  0.0
 Spatial symmetry: 2
 Convergence criterion:  1.0E-07
 Construction of occupation graphs...
 Number of excitations for irrep 1:
 Number of 0-fold excitations: 1
 Number of 1-fold excitations: 108
 Number of 2-fold excitations: 16032
 Total number of determinants: 16141
 Number of excitations for irrep 2:
 Number of 0-fold excitations: 0
 Number of 1-fold excitations: 108
 Number of 2-fold excitations: 15932
 Total number of determinants: 16040
 Calculation of coupling coefficients...
 Initial cluster amplitudes are generated.
 Length of intermediate file (Mbytes):      32.0
 Reading integral list from unit 55...
 Sorting integrals...
 Sorting integrals...
 Sorting integrals...
 Sorting integrals...
 Energy of reference determinant [au]:      -6.072620727546
 Calculation of diagonal elements of Hamiltonian...

 Starting CI iteration for root                      1 ...
 ======================================================================
 Norm of residual vector:     0.25844752      Convergence:   1.00000000
 CPU time [min]:     0.046                   Wall time [min]:     0.053

 Iteration  1  CI energy:    -5.68514303  Energy decrease:   0.38747770
 ======================================================================
 Norm of residual vector:     0.12611392      Convergence:   0.43179241
 CPU time [min]:     0.052                   Wall time [min]:     0.060

 Iteration  2  CI energy:    -5.75720262  Energy decrease:   0.07205959
 ======================================================================
 Norm of residual vector:     0.04334407      Convergence:   0.15564491
 CPU time [min]:     0.059                   Wall time [min]:     0.066

 Iteration  3  CI energy:    -5.77168408  Energy decrease:   0.01448146
 ======================================================================
 Norm of residual vector:     0.01902569      Convergence:   0.05349067
 CPU time [min]:     0.065                   Wall time [min]:     0.072

 Iteration  4  CI energy:    -5.77336191  Energy decrease:   0.00167782
 ======================================================================
 Norm of residual vector:     0.01314758      Convergence:   0.04179924
 CPU time [min]:     0.071                   Wall time [min]:     0.079

 Iteration  5  CI energy:    -5.77391465  Energy decrease:   0.00055274
 ======================================================================
 Norm of residual vector:     0.00637146      Convergence:   0.01659867
 CPU time [min]:     0.078                   Wall time [min]:     0.085

 Iteration  6  CI energy:    -5.77409789  Energy decrease:   0.00018324
 ======================================================================
 Norm of residual vector:     0.00430441      Convergence:   0.01098572
 CPU time [min]:     0.084                   Wall time [min]:     0.092

 Iteration  7  CI energy:    -5.77415496  Energy decrease:   0.00005707
 ======================================================================
 Norm of residual vector:     0.00252251      Convergence:   0.00629629
 CPU time [min]:     0.091                   Wall time [min]:     0.098

 Iteration  8  CI energy:    -5.77417830  Energy decrease:   0.00002334
 ======================================================================
 Norm of residual vector:     0.00121560      Convergence:   0.00344069
 CPU time [min]:     0.097                   Wall time [min]:     0.105

 Iteration  9  CI energy:    -5.77418510  Energy decrease:   0.00000680
 ======================================================================
 Norm of residual vector:     0.00054271      Convergence:   0.00153892
 CPU time [min]:     0.104                   Wall time [min]:     0.111

 Iteration 10  CI energy:    -5.77418669  Energy decrease:   0.00000159
 ======================================================================
 Norm of residual vector:     0.00022735      Convergence:   0.00065266
 CPU time [min]:     0.110                   Wall time [min]:     0.117

 Iteration 11  CI energy:    -5.77418699  Energy decrease:   0.00000030
 ======================================================================
 Norm of residual vector:     0.00007713      Convergence:   0.00021643
 CPU time [min]:     0.117                   Wall time [min]:     0.124

 Iteration 12  CI energy:    -5.77418703  Energy decrease:   0.00000004
 ======================================================================
 Norm of residual vector:     0.00002963      Convergence:   0.00007637
 CPU time [min]:     0.123                   Wall time [min]:     0.130

 Iteration 13  CI energy:    -5.77418704  Energy decrease:   0.00000001
 ======================================================================
 Norm of residual vector:     0.00001381      Convergence:   0.00003511
 CPU time [min]:     0.130                   Wall time [min]:     0.137

 Iteration 14  CI energy:    -5.77418704  Energy decrease:   8.6266E-10
 ======================================================================
 Norm of residual vector:     0.00000614      Convergence:   0.00001570
 CPU time [min]:     0.136                   Wall time [min]:     0.144

 Iteration 15  CI energy:    -5.77418704  Energy decrease:   1.8803E-10
 ======================================================================
 Norm of residual vector:     0.00000315      Convergence:   0.00000827
 CPU time [min]:     0.143                   Wall time [min]:     0.150

 Iteration 16  CI energy:    -5.77418704  Energy decrease:   4.3007E-11
 ======================================================================
 Norm of residual vector:     0.00000176      Convergence:   0.00000468
 CPU time [min]:     0.149                   Wall time [min]:     0.157

 Iteration 17  CI energy:    -5.77418704  Energy decrease:   1.1931E-11
 ======================================================================
 Norm of residual vector:     0.00000081      Convergence:   0.00000217
 CPU time [min]:     0.156                   Wall time [min]:     0.163

 Iteration 18  CI energy:    -5.77418704  Energy decrease:   3.2081E-12
 ======================================================================
 Norm of residual vector:     0.00000033      Convergence:   0.00000096
 CPU time [min]:     0.162                   Wall time [min]:     0.170

 Iteration 19  CI energy:    -5.77418704  Energy decrease:   5.7909E-13
 ======================================================================
 Norm of residual vector:     0.00000013      Convergence:   0.00000035
 CPU time [min]:     0.169                   Wall time [min]:     0.177

 Iteration 20  CI energy:    -5.77418704  Energy decrease:   8.9706E-14
 ======================================================================
 Norm of residual vector:     0.0000E+00      Convergence:   1.5543E-07
 CPU time [min]:     0.176                   Wall time [min]:     0.183

 Iteration 21  CI energy:    -5.77418704  Energy decrease:   1.5987E-14
 ======================================================================

 Iteration has converged in 21 steps.

 Final results:
 Total CISD energy [au]:              -5.774187039839

 ************************ 2020-06-09 22:44:45 *************************
                      Normal termination of mrcc.
 **********************************************************************
 !CISD STATE 1.1 Energy                -5.774187039839
 
 CPU-time for MRCC:             10.6 sec
 Elapsed-time for MRCC:         12.1 sec

 Variable memory set to 4000000000 words,  buffer space   230000 words



 **********************************************************************************************************************************
 DATASETS  * FILE   NREC   LENGTH (MB)   RECORD NAMES
              1      20       22.71       500      610      700      900      950      970     1000      129      960     1100   
                                          VAR    BASINP    GEOM    SYMINP    ZMAT    AOBASIS   BASIS     P2S    ABASIS      S 
                                         1400     1410     1420     1200     1210     1080     1600     1650     1300     1700   
                                           T        V       ECP      H0       H01     AOSYM     SMH    MOLCAS    ERIS     OPER   

              2       5        5.39       700     1000      520     2100     2200   
                                         GEOM     BASIS   MCVARS     RHF      UHF  

 PROGRAMS   *        TOTAL      MRCC       POP       UHF       POP       RHF       INT
 CPU TIMES  *        13.81     13.01      0.00      0.01      0.00      0.07      0.61
 REAL TIME  *        20.39 SEC
 DISK USED  *        34.56 MB      
 **********************************************************************************************************************************
 SETTING POSTHF         =        -5.77418704  AU                              
 Output type csv         
                                                                                                                                                                                                                                                                

      SCF,POSTHF
   -6.07262073,   -5.77418704
                                                  

 CISD/USERDEF energy=     -5.774187039839

        CISD            UHF-SCF         RHF-SCF 
     -5.77418704     -6.07262073     -6.07262073
 **********************************************************************************************************************************
 Molpro calculation terminated
 Variable memory released
