#-------------------------------------------------
#DMC run: timestep 0.001
#-------------------------------------------------


init { 
   label ts_0.001
}
block { 
   label ts_0.001
   totweight 17408000
   nautocorr 0
   total_energy { -4.917864846732999   } 
   total_energyvar { 0.03835502861654341   } 
   weight { 1.002315162917458   } 
   weightvar { 0.005283811729579705   } 
   kinetic_energy { 2.64896828962992   } 
   kinetic_energyvar { 2.795175205768121   } 
   potential_energy { -8.195436766222221   } 
   potential_energyvar { 3.88087407655234   } 
   nonlocal_energy { 0.6286036298593022   } 
   nonlocal_energyvar { 2.235340921091289   } 
   autocorr_energy { } 
} 

block { 
   label ts_0.001
   totweight 17408000
   nautocorr 0
   total_energy { -4.923381350574134   } 
   total_energyvar { 0.03858954279235768   } 
   weight { 1.004976238763189   } 
   weightvar { 0.02442595496976767   } 
   kinetic_energy { 2.638816199471257   } 
   kinetic_energyvar { 2.792305214710472   } 
   potential_energy { -8.190529798999172   } 
   potential_energyvar { 3.956791789208318   } 
   nonlocal_energy { 0.628332248953781   } 
   nonlocal_energyvar { 2.220943828233599   } 
   autocorr_energy { } 
} 

block { 
   label ts_0.001
   totweight 17408000
   nautocorr 0
   total_energy { -4.926400620652021   } 
   total_energyvar { 0.03943460792555459   } 
   weight { 1.005427951510208   } 
   weightvar { 0.0457579421985528   } 
   kinetic_energy { 2.640676470207096   } 
   kinetic_energyvar { 2.824753544343577   } 
   potential_energy { -8.196654285660401   } 
   potential_energyvar { 3.949631678969765   } 
   nonlocal_energy { 0.6295771948012866   } 
   nonlocal_energyvar { 2.255813785878789   } 
   autocorr_energy { } 
} 

block { 
   label ts_0.001
   totweight 17408000
   nautocorr 0
   total_energy { -4.924742577824293   } 
   total_energyvar { 0.03956542343054407   } 
   weight { 1.00409602889305   } 
   weightvar { 0.06268127816509404   } 
   kinetic_energy { 2.654277447940821   } 
   kinetic_energyvar { 2.812139679898314   } 
   potential_energy { -8.205873212272925   } 
   potential_energyvar { 3.88285367735924   } 
   nonlocal_energy { 0.6268531865078126   } 
   nonlocal_energyvar { 2.270874149667488   } 
   autocorr_energy { } 
} 

block { 
   label ts_0.001
   totweight 17408000
   nautocorr 0
   total_energy { -4.924787678995246   } 
   total_energyvar { 0.03922144094527583   } 
   weight { 1.002524647435176   } 
   weightvar { 0.07453358105073671   } 
   kinetic_energy { 2.660828849914251   } 
   kinetic_energyvar { 2.798357079731361   } 
   potential_energy { -8.211232141878229   } 
   potential_energyvar { 3.888785167280775   } 
   nonlocal_energy { 0.6256156129687314   } 
   nonlocal_energyvar { 2.273301211251306   } 
   autocorr_energy { } 
} 

block { 
   label ts_0.001
   totweight 17408000
   nautocorr 0
   total_energy { -4.926851724760974   } 
   total_energyvar { 0.03980462367110939   } 
   weight { 1.002694027133396   } 
   weightvar { 0.0822549223151776   } 
   kinetic_energy { 2.645575803390796   } 
   kinetic_energyvar { 2.782233289543562   } 
   potential_energy { -8.197188201051606   } 
   potential_energyvar { 3.928421298612463   } 
   nonlocal_energy { 0.6247606728998356   } 
   nonlocal_energyvar { 2.296962955775729   } 
   autocorr_energy { } 
} 

block { 
   label ts_0.001
   totweight 17408000
   nautocorr 0
   total_energy { -4.924892973669886   } 
   total_energyvar { 0.03924659230381848   } 
   weight { 1.0014835380845   } 
   weightvar { 0.08845291137250089   } 
   kinetic_energy { 2.657766939474228   } 
   kinetic_energyvar { 2.836662750146591   } 
   potential_energy { -8.198776095620358   } 
   potential_energyvar { 3.953074059452916   } 
   nonlocal_energy { 0.6161161824762462   } 
   nonlocal_energyvar { 2.235129781309022   } 
   autocorr_energy { } 
} 

block { 
   label ts_0.001
   totweight 17408000
   nautocorr 0
   total_energy { -4.925799699874321   } 
   total_energyvar { 0.03979334907151768   } 
   weight { 1.000303983772286   } 
   weightvar { 0.09143617266496311   } 
   kinetic_energy { 2.651912201355425   } 
   kinetic_energyvar { 2.811842719085954   } 
   potential_energy { -8.214184265749706   } 
   potential_energyvar { 3.946221998838644   } 
   nonlocal_energy { 0.6364723645199591   } 
   nonlocal_energyvar { 2.316220263541633   } 
   autocorr_energy { } 
} 

block { 
   label ts_0.001
   totweight 17408000
   nautocorr 0
   total_energy { -4.926779133001987   } 
   total_energyvar { 0.03916001531433113   } 
   weight { 1.000399418054757   } 
   weightvar { 0.09437331092242077   } 
   kinetic_energy { 2.645890576144084   } 
   kinetic_energyvar { 2.735521289163349   } 
   potential_energy { -8.18479191484486   } 
   potential_energyvar { 3.811141470136128   } 
   nonlocal_energy { 0.6121222056987886   } 
   nonlocal_energyvar { 2.126336137068365   } 
   autocorr_energy { } 
} 

block { 
   label ts_0.001
   totweight 17408000
   nautocorr 0
   total_energy { -4.927264439438604   } 
   total_energyvar { 0.04046321793923714   } 
   weight { 1.001148130589895   } 
   weightvar { 0.09616718338389281   } 
   kinetic_energy { 2.663523475901838   } 
   kinetic_energyvar { 2.813036308512106   } 
   potential_energy { -8.208404765819315   } 
   potential_energyvar { 3.994707627331221   } 
   nonlocal_energy { 0.6176168504788762   } 
   nonlocal_energyvar { 2.344914163808148   } 
   autocorr_energy { } 
} 

block { 
   label ts_0.001
   totweight 17408000
   nautocorr 0
   total_energy { -4.92771153869425   } 
   total_energyvar { 0.03931496322903627   } 
   weight { 1.001114209540929   } 
   weightvar { 0.0960302357708272   } 
   kinetic_energy { 2.657311843968272   } 
   kinetic_energyvar { 2.815019794202635   } 
   potential_energy { -8.209119801617158   } 
   potential_energyvar { 3.891609046084498   } 
   nonlocal_energy { 0.6240964189546364   } 
   nonlocal_energyvar { 2.252574334469712   } 
   autocorr_energy { } 
} 

block { 
   label ts_0.001
   totweight 17408000
   nautocorr 0
   total_energy { -4.927272885787607   } 
   total_energyvar { 0.03970393556787008   } 
   weight { 1.001205323956349   } 
   weightvar { 0.09719007764344965   } 
   kinetic_energy { 2.661558473212351   } 
   kinetic_energyvar { 2.797500688340113   } 
   potential_energy { -8.216006696611469   } 
   potential_energyvar { 3.886764112352144   } 
   nonlocal_energy { 0.6271753376115102   } 
   nonlocal_energyvar { 2.282696287472152   } 
   autocorr_energy { } 
} 

block { 
   label ts_0.001
   totweight 17408000
   nautocorr 0
   total_energy { -4.927448905958726   } 
   total_energyvar { 0.04122502045488381   } 
   weight { 1.000879287913619   } 
   weightvar { 0.0978454147375459   } 
   kinetic_energy { 2.653373622215207   } 
   kinetic_energyvar { 2.810617113664262   } 
   potential_energy { -8.211435415827415   } 
   potential_energyvar { 3.892413807229005   } 
   nonlocal_energy { 0.6306128876534806   } 
   nonlocal_energyvar { 2.301297685338835   } 
   autocorr_energy { } 
} 

block { 
   label ts_0.001
   totweight 17408000
   nautocorr 0
   total_energy { -4.928823330378581   } 
   total_energyvar { 0.04110575801406079   } 
   weight { 1.001466944617043   } 
   weightvar { 0.09771053963978367   } 
   kinetic_energy { 2.663709482483621   } 
   kinetic_energyvar { 2.85257649103342   } 
   potential_energy { -8.228558561807352   } 
   potential_energyvar { 3.913693997068873   } 
   nonlocal_energy { 0.6360257489451515   } 
   nonlocal_energyvar { 2.346739695035321   } 
   autocorr_energy { } 
} 

block { 
   label ts_0.001
   totweight 17408000
   nautocorr 0
   total_energy { -4.928000124765335   } 
   total_energyvar { 0.04047238151041436   } 
   weight { 1.001648596184962   } 
   weightvar { 0.09853181742075416   } 
   kinetic_energy { 2.65844920272062   } 
   kinetic_energyvar { 2.825096200182665   } 
   potential_energy { -8.211174608142652   } 
   potential_energyvar { 3.899599312169973   } 
   nonlocal_energy { 0.6247252806566982   } 
   nonlocal_energyvar { 2.28945753116461   } 
   autocorr_energy { } 
} 

block { 
   label ts_0.001
   totweight 17408000
   nautocorr 0
   total_energy { -4.928596592185138   } 
   total_energyvar { 0.04039272046752283   } 
   weight { 1.001354268202663   } 
   weightvar { 0.09809215137721163   } 
   kinetic_energy { 2.652370670023799   } 
   kinetic_energyvar { 2.810907402689984   } 
   potential_energy { -8.210674057963374   } 
   potential_energyvar { 3.938486881704452   } 
   nonlocal_energy { 0.6297067957544382   } 
   nonlocal_energyvar { 2.287421131476204   } 
   autocorr_energy { } 
} 

block { 
   label ts_0.001
   totweight 17408000
   nautocorr 0
   total_energy { -4.928295082770098   } 
   total_energyvar { 0.03940819562173861   } 
   weight { 1.001489435504212   } 
   weightvar { 0.09877307516982015   } 
   kinetic_energy { 2.634646610219744   } 
   kinetic_energyvar { 2.734132879980548   } 
   potential_energy { -8.190083746512201   } 
   potential_energyvar { 3.836165166052125   } 
   nonlocal_energy { 0.62714205352236   } 
   nonlocal_energyvar { 2.259491628974694   } 
   autocorr_energy { } 
} 

block { 
   label ts_0.001
   totweight 17408000
   nautocorr 0
   total_energy { -4.927981613083383   } 
   total_energyvar { 0.03925479140743871   } 
   weight { 1.000993937708676   } 
   weightvar { 0.09974078825487022   } 
   kinetic_energy { 2.642019758352367   } 
   kinetic_energyvar { 2.750892280130868   } 
   potential_energy { -8.196801054112619   } 
   potential_energyvar { 3.852873502573145   } 
   nonlocal_energy { 0.6267996826768694   } 
   nonlocal_energyvar { 2.236289390114124   } 
   autocorr_energy { } 
} 

block { 
   label ts_0.001
   totweight 17408000
   nautocorr 0
   total_energy { -4.927890357611953   } 
   total_energyvar { 0.03951744641838925   } 
   weight { 1.000987154486934   } 
   weightvar { 0.09960864394973344   } 
   kinetic_energy { 2.667781692694914   } 
   kinetic_energyvar { 2.807649721745407   } 
   potential_energy { -8.22280018125406   } 
   potential_energyvar { 3.977288594916389   } 
   nonlocal_energy { 0.6271281309471908   } 
   nonlocal_energyvar { 2.2582145316453   } 
   autocorr_energy { } 
} 

block { 
   label ts_0.001
   totweight 17408000
   nautocorr 0
   total_energy { -4.928272395998585   } 
   total_energyvar { 0.03844984353267095   } 
   weight { 1.000994720451933   } 
   weightvar { 0.09990411743328739   } 
   kinetic_energy { 2.651358666501762   } 
   kinetic_energyvar { 2.807518831789912   } 
   potential_energy { -8.195050630257771   } 
   potential_energyvar { 3.896495533886889   } 
   nonlocal_energy { 0.615419567757426   } 
   nonlocal_energyvar { 2.202291342190774   } 
   autocorr_energy { } 
} 

block { 
   label ts_0.001
   totweight 17408000
   nautocorr 0
   total_energy { -4.927877128762909   } 
   total_energyvar { 0.03948386877931253   } 
   weight { 1.000804155707379   } 
   weightvar { 0.09853730978185787   } 
   kinetic_energy { 2.652090010359905   } 
   kinetic_energyvar { 2.83985900165042   } 
   potential_energy { -8.207389479000904   } 
   potential_energyvar { 3.980289357767859   } 
   nonlocal_energy { 0.6274223398780882   } 
   nonlocal_energyvar { 2.271315108094529   } 
   autocorr_energy { } 
} 

block { 
   label ts_0.001
   totweight 17408000
   nautocorr 0
   total_energy { -4.926968687884818   } 
   total_energyvar { 0.03858660987218693   } 
   weight { 1.000294345024156   } 
   weightvar { 0.0982451153225697   } 
   kinetic_energy { 2.658521388233634   } 
   kinetic_energyvar { 2.842715108739799   } 
   potential_energy { -8.209112358405385   } 
   potential_energyvar { 3.956590323067407   } 
   nonlocal_energy { 0.623622282286931   } 
   nonlocal_energyvar { 2.304576819950809   } 
   autocorr_energy { } 
} 

block { 
   label ts_0.001
   totweight 17408000
   nautocorr 0
   total_energy { -4.926231563531525   } 
   total_energyvar { 0.03981382162686933   } 
   weight { 0.9995189608112429   } 
   weightvar { 0.09859623106347667   } 
   kinetic_energy { 2.657860763204512   } 
   kinetic_energyvar { 2.831014142433076   } 
   potential_energy { -8.207018869804545   } 
   potential_energyvar { 3.825891081896382   } 
   nonlocal_energy { 0.6229265430685091   } 
   nonlocal_energyvar { 2.22106512436012   } 
   autocorr_energy { } 
} 

block { 
   label ts_0.001
   totweight 17408000
   nautocorr 0
   total_energy { -4.926620357009079   } 
   total_energyvar { 0.03901659051305282   } 
   weight { 0.9991881235022212   } 
   weightvar { 0.09934875333054101   } 
   kinetic_energy { 2.651334028880536   } 
   kinetic_energyvar { 2.755436283002686   } 
   potential_energy { -8.198865318613141   } 
   potential_energyvar { 3.855935758050038   } 
   nonlocal_energy { 0.6209109327235256   } 
   nonlocal_energyvar { 2.228067909351829   } 
   autocorr_energy { } 
} 

block { 
   label ts_0.001
   totweight 17408000
   nautocorr 0
   total_energy { -4.926993081752017   } 
   total_energyvar { 0.03967648420920166   } 
   weight { 0.9992569020812948   } 
   weightvar { 0.1005770408070965   } 
   kinetic_energy { 2.658689358148635   } 
   kinetic_energyvar { 2.793841340158731   } 
   potential_energy { -8.208413141727691   } 
   potential_energyvar { 3.889170716479129   } 
   nonlocal_energy { 0.6227307018270386   } 
   nonlocal_energyvar { 2.233300668269633   } 
   autocorr_energy { } 
} 

block { 
   label ts_0.001
   totweight 17408000
   nautocorr 0
   total_energy { -4.927550469368759   } 
   total_energyvar { 0.03978124367334808   } 
   weight { 0.9999081328380185   } 
   weightvar { 0.09977657697244016   } 
   kinetic_energy { 2.662910961702217   } 
   kinetic_energyvar { 2.777024755918105   } 
   potential_energy { -8.221314794732919   } 
   potential_energyvar { 3.961419984471308   } 
   nonlocal_energy { 0.6308533636619424   } 
   nonlocal_energyvar { 2.294700599501812   } 
   autocorr_energy { } 
} 

#-------------------------------------------------
#DMC run: timestep 0.001
#-------------------------------------------------


init { 
   label ts_0.001
}
block { 
   label ts_0.001
   totweight 17408000
   nautocorr 0
   total_energy { -4.928392358855464   } 
   total_energyvar { 0.03914648334972699   } 
   weight { 1.000010926634024   } 
   weightvar { 0.09934409560759866   } 
   kinetic_energy { 2.657085754870182   } 
   kinetic_energyvar { 2.777709696984481   } 
   potential_energy { -8.209973410862661   } 
   potential_energyvar { 3.909070028075499   } 
   nonlocal_energy { 0.6244952971370152   } 
   nonlocal_energyvar { 2.213684342702465   } 
   autocorr_energy { } 
} 

block { 
   label ts_0.001
   totweight 17408000
   nautocorr 0
   total_energy { -4.928326104896619   } 
   total_energyvar { 0.03932751302640843   } 
   weight { 1.000193047253804   } 
   weightvar { 0.09850508875447693   } 
   kinetic_energy { 2.646045124831874   } 
   kinetic_energyvar { 2.789783460705032   } 
   potential_energy { -8.201559371231689   } 
   potential_energyvar { 3.882608365148863   } 
   nonlocal_energy { 0.6271881415031967   } 
   nonlocal_energyvar { 2.216096658290345   } 
   autocorr_energy { } 
} 

block { 
   label ts_0.001
   totweight 17408000
   nautocorr 0
   total_energy { -4.927837266085617   } 
   total_energyvar { 0.0402263245367796   } 
   weight { 0.9995153371663561   } 
   weightvar { 0.09890884195072493   } 
   kinetic_energy { 2.64815219389272   } 
   kinetic_energyvar { 2.795065806407592   } 
   potential_energy { -8.213005847765098   } 
   potential_energyvar { 3.898422466091973   } 
   nonlocal_energy { 0.6370163877867631   } 
   nonlocal_energyvar { 2.343754038654239   } 
   autocorr_energy { } 
} 

block { 
   label ts_0.001
   totweight 17408000
   nautocorr 0
   total_energy { -4.928562272458609   } 
   total_energyvar { 0.03939607124483665   } 
   weight { 0.9997683951436753   } 
   weightvar { 0.09947484194431043   } 
   kinetic_energy { 2.66067154703324   } 
   kinetic_energyvar { 2.800490242506882   } 
   potential_energy { -8.224016981691237   } 
   potential_energyvar { 3.930481758698945   } 
   nonlocal_energy { 0.634783162199388   } 
   nonlocal_energyvar { 2.276195176235175   } 
   autocorr_energy { } 
} 

block { 
   label ts_0.001
   totweight 17408000
   nautocorr 0
   total_energy { -4.929748590910034   } 
   total_energyvar { 0.03937320854941212   } 
   weight { 1.000448283734267   } 
   weightvar { 0.1005088448247178   } 
   kinetic_energy { 2.656134670031529   } 
   kinetic_energyvar { 2.848763074394389   } 
   potential_energy { -8.207836720983421   } 
   potential_energyvar { 3.873613872383908   } 
   nonlocal_energy { 0.6219534600418583   } 
   nonlocal_energyvar { 2.239232229443373   } 
   autocorr_energy { } 
} 

block { 
   label ts_0.001
   totweight 17408000
   nautocorr 0
   total_energy { -4.929098796861936   } 
   total_energyvar { 0.04054835621257641   } 
   weight { 1.000596615927142   } 
   weightvar { 0.1007039396965975   } 
   kinetic_energy { 2.663127236974747   } 
   kinetic_energyvar { 2.810633922637712   } 
   potential_energy { -8.219065614679657   } 
   potential_energyvar { 3.869383032175245   } 
   nonlocal_energy { 0.6268395808429752   } 
   nonlocal_energyvar { 2.265457106818595   } 
   autocorr_energy { } 
} 

block { 
   label ts_0.001
   totweight 17408000
   nautocorr 0
   total_energy { -4.93028607284279   } 
   total_energyvar { 0.0395703049934752   } 
   weight { 1.00094913577505   } 
   weightvar { 0.1003796030119461   } 
   kinetic_energy { 2.655778756507398   } 
   kinetic_energyvar { 2.753283847503078   } 
   potential_energy { -8.212668799397349   } 
   potential_energyvar { 3.918660091626932   } 
   nonlocal_energy { 0.6266039700471594   } 
   nonlocal_energyvar { 2.289722463308119   } 
   autocorr_energy { } 
} 

block { 
   label ts_0.001
   totweight 17408000
   nautocorr 0
   total_energy { -4.928752531938498   } 
   total_energyvar { 0.03903403685793463   } 
   weight { 1.00049204073033   } 
   weightvar { 0.1014401285007734   } 
   kinetic_energy { 2.667679327662072   } 
   kinetic_energyvar { 2.784115300905479   } 
   potential_energy { -8.217746397606968   } 
   potential_energyvar { 3.861820978182595   } 
   nonlocal_energy { 0.6213145380063997   } 
   nonlocal_energyvar { 2.211667934506944   } 
   autocorr_energy { } 
} 

block { 
   label ts_0.001
   totweight 17408000
   nautocorr 0
   total_energy { -4.927579614334904   } 
   total_energyvar { 0.04152261773393376   } 
   weight { 0.999667491021308   } 
   weightvar { 0.1007334490064043   } 
   kinetic_energy { 2.665598679803095   } 
   kinetic_energyvar { 2.78004854670576   } 
   potential_energy { -8.211778430371485   } 
   potential_energyvar { 3.901486380735739   } 
   nonlocal_energy { 0.6186001362334859   } 
   nonlocal_energyvar { 2.199263462906168   } 
   autocorr_energy { } 
} 

block { 
   label ts_0.001
   totweight 17408000
   nautocorr 0
   total_energy { -4.927970523480389   } 
   total_energyvar { 0.03962844028993057   } 
   weight { 0.9987915744350828   } 
   weightvar { 0.1009103505174553   } 
   kinetic_energy { 2.661081606836186   } 
   kinetic_energyvar { 2.820148832187956   } 
   potential_energy { -8.221190301797428   } 
   potential_energyvar { 3.978545497331448   } 
   nonlocal_energy { 0.6321381714808542   } 
   nonlocal_energyvar { 2.368587507238576   } 
   autocorr_energy { } 
} 

block { 
   label ts_0.001
   totweight 17408000
   nautocorr 0
   total_energy { -4.927479148470252   } 
   total_energyvar { 0.0408920474599715   } 
   weight { 0.9989993888432539   } 
   weightvar { 0.1004837130548273   } 
   kinetic_energy { 2.652975624082245   } 
   kinetic_energyvar { 2.78169633639092   } 
   potential_energy { -8.189557063990449   } 
   potential_energyvar { 3.892247115190205   } 
   nonlocal_energy { 0.6091022914379509   } 
   nonlocal_energyvar { 2.187495809814755   } 
   autocorr_energy { } 
} 

block { 
   label ts_0.001
   totweight 17408000
   nautocorr 0
   total_energy { -4.926532265483694   } 
   total_energyvar { 0.04047950387910687   } 
   weight { 0.9982130180116267   } 
   weightvar { 0.09975349136947416   } 
   kinetic_energy { 2.647720393805776   } 
   kinetic_energyvar { 2.814661747689657   } 
   potential_energy { -8.204058214905354   } 
   potential_energyvar { 3.873366799800479   } 
   nonlocal_energy { 0.6298055556158835   } 
   nonlocal_energyvar { 2.302683803226578   } 
   autocorr_energy { } 
} 

block { 
   label ts_0.001
   totweight 17408000
   nautocorr 0
   total_energy { -4.927649247055267   } 
   total_energyvar { 0.04137587309673271   } 
   weight { 0.9986864146247824   } 
   weightvar { 0.09974718038394459   } 
   kinetic_energy { 2.662378123055914   } 
   kinetic_energyvar { 2.812265100624877   } 
   potential_energy { -8.223211670776456   } 
   potential_energyvar { 3.888390869352835   } 
   nonlocal_energy { 0.6331843006652751   } 
   nonlocal_energyvar { 2.259163353126906   } 
   autocorr_energy { } 
} 

block { 
   label ts_0.001
   totweight 17408000
   nautocorr 0
   total_energy { -4.928866371578938   } 
   total_energyvar { 0.03941815664759495   } 
   weight { 0.9991527711947146   } 
   weightvar { 0.1012523367550835   } 
   kinetic_energy { 2.648466119725386   } 
   kinetic_energyvar { 2.764779179067012   } 
   potential_energy { -8.208045301293838   } 
   potential_energyvar { 3.873811266721914   } 
   nonlocal_energy { 0.6307128099895126   } 
   nonlocal_energyvar { 2.265414969029556   } 
   autocorr_energy { } 
} 

block { 
   label ts_0.001
   totweight 17408000
   nautocorr 0
   total_energy { -4.928086287579253   } 
   total_energyvar { 0.04050440101526642   } 
   weight { 0.9998843040905535   } 
   weightvar { 0.1003685444756991   } 
   kinetic_energy { 2.653666748183366   } 
   kinetic_energyvar { 2.835007782283053   } 
   potential_energy { -8.216421693263674   } 
   potential_energyvar { 3.910415242780511   } 
   nonlocal_energy { 0.6346686575010524   } 
   nonlocal_energyvar { 2.300300740293822   } 
   autocorr_energy { } 
} 

block { 
   label ts_0.001
   totweight 17408000
   nautocorr 0
   total_energy { -4.927985805330296   } 
   total_energyvar { 0.03953185024422081   } 
   weight { 0.9993141336069431   } 
   weightvar { 0.0992501366829851   } 
   kinetic_energy { 2.654868411081079   } 
   kinetic_energyvar { 2.790717667698648   } 
   potential_energy { -8.223348612134856   } 
   potential_energyvar { 3.928393770546709   } 
   nonlocal_energy { 0.6404943957234802   } 
   nonlocal_energyvar { 2.319708024030813   } 
   autocorr_energy { } 
} 

block { 
   label ts_0.001
   totweight 17408000
   nautocorr 0
   total_energy { -4.928769423762848   } 
   total_energyvar { 0.03907887726919802   } 
   weight { 0.9997224714682418   } 
   weightvar { 0.09966932084564926   } 
   kinetic_energy { 2.640149950643448   } 
   kinetic_energyvar { 2.79792221225874   } 
   potential_energy { -8.197974639746132   } 
   potential_energyvar { 3.889648472262909   } 
   nonlocal_energy { 0.6290552653398344   } 
   nonlocal_energyvar { 2.254697537724626   } 
   autocorr_energy { } 
} 

block { 
   label ts_0.001
   totweight 17408000
   nautocorr 0
   total_energy { -4.926953590610924   } 
   total_energyvar { 0.03892608175205937   } 
   weight { 0.9995708014673051   } 
   weightvar { 0.1007706648774568   } 
   kinetic_energy { 2.648634241687336   } 
   kinetic_energyvar { 2.766973759005029   } 
   potential_energy { -8.199015901162062   } 
   potential_energyvar { 3.980481724905204   } 
   nonlocal_energy { 0.623428068863803   } 
   nonlocal_energyvar { 2.254957079530971   } 
   autocorr_energy { } 
} 

block { 
   label ts_0.001
   totweight 17408000
   nautocorr 0
   total_energy { -4.925809690492214   } 
   total_energyvar { 0.04044797724917366   } 
   weight { 0.9981723597252676   } 
   weightvar { 0.09970018322549472   } 
   kinetic_energy { 2.657322023024087   } 
   kinetic_energyvar { 2.757940454040395   } 
   potential_energy { -8.204219770339833   } 
   potential_energyvar { 3.894696439147538   } 
   nonlocal_energy { 0.6210880568235313   } 
   nonlocal_energyvar { 2.256371626887815   } 
   autocorr_energy { } 
} 

block { 
   label ts_0.001
   totweight 17408000
   nautocorr 0
   total_energy { -4.927686349790006   } 
   total_energyvar { 0.04100823984009262   } 
   weight { 0.998368762341451   } 
   weightvar { 0.1001140265744895   } 
   kinetic_energy { 2.64963803877177   } 
   kinetic_energyvar { 2.798889154793403   } 
   potential_energy { -8.214336352532374   } 
   potential_energyvar { 3.930564219397956   } 
   nonlocal_energy { 0.6370119639705989   } 
   nonlocal_energyvar { 2.33636350274827   } 
   autocorr_energy { } 
} 

block { 
   label ts_0.001
   totweight 17408000
   nautocorr 0
   total_energy { -4.928924996418004   } 
   total_energyvar { 0.0405929553690901   } 
   weight { 0.9996248448147754   } 
   weightvar { 0.1003783757521954   } 
   kinetic_energy { 2.642045731105473   } 
   kinetic_energyvar { 2.787705298542842   } 
   potential_energy { -8.216695654542633   } 
   potential_energyvar { 3.9480811531916   } 
   nonlocal_energy { 0.6457249270191542   } 
   nonlocal_energyvar { 2.321277648632397   } 
   autocorr_energy { } 
} 

block { 
   label ts_0.001
   totweight 17408000
   nautocorr 0
   total_energy { -4.927817968859703   } 
   total_energyvar { 0.03899786852740777   } 
   weight { 0.999771486479941   } 
   weightvar { 0.09905763110868245   } 
   kinetic_energy { 2.63807956071622   } 
   kinetic_energyvar { 2.791683320626486   } 
   potential_energy { -8.196836301840076   } 
   potential_energyvar { 3.880726626080821   } 
   nonlocal_energy { 0.6309387722641548   } 
   nonlocal_energyvar { 2.282195261519895   } 
   autocorr_energy { } 
} 

block { 
   label ts_0.001
   totweight 17408000
   nautocorr 0
   total_energy { -4.928380089327278   } 
   total_energyvar { 0.04130955332144379   } 
   weight { 0.9995891489360703   } 
   weightvar { 0.09949638895424609   } 
   kinetic_energy { 2.656745302354095   } 
   kinetic_energyvar { 2.858897470906538   } 
   potential_energy { -8.209880942924366   } 
   potential_energyvar { 3.915360272266429   } 
   nonlocal_energy { 0.6247555512429931   } 
   nonlocal_energyvar { 2.283016183133215   } 
   autocorr_energy { } 
} 

block { 
   label ts_0.001
   totweight 17408000
   nautocorr 0
   total_energy { -4.928889605932196   } 
   total_energyvar { 0.03886388659049904   } 
   weight { 1.000293982656229   } 
   weightvar { 0.1004813531395611   } 
   kinetic_energy { 2.658642621435819   } 
   kinetic_energyvar { 2.773658453900502   } 
   potential_energy { -8.204770947382302   } 
   potential_energyvar { 3.897883599543299   } 
   nonlocal_energy { 0.617238720014286   } 
   nonlocal_energyvar { 2.188199235135917   } 
   autocorr_energy { } 
} 

block { 
   label ts_0.001
   totweight 17408000
   nautocorr 0
   total_energy { -4.928541271210443   } 
   total_energyvar { 0.03950054448794375   } 
   weight { 1.000195169594481   } 
   weightvar { 0.09971735241973129   } 
   kinetic_energy { 2.647774495353249   } 
   kinetic_energyvar { 2.814826286638576   } 
   potential_energy { -8.204256105785753   } 
   potential_energyvar { 3.930123055721544   } 
   nonlocal_energy { 0.6279403392220603   } 
   nonlocal_energyvar { 2.332164189668317   } 
   autocorr_energy { } 
} 

block { 
   label ts_0.001
   totweight 17408000
   nautocorr 0
   total_energy { -4.929819503782675   } 
   total_energyvar { 0.03998985111251449   } 
   weight { 1.000500812715104   } 
   weightvar { 0.09894872471280426   } 
   kinetic_energy { 2.650197830379358   } 
   kinetic_energyvar { 2.798241405140834   } 
   potential_energy { -8.201859852796959   } 
   potential_energyvar { 3.887693548176599   } 
   nonlocal_energy { 0.6218425186349267   } 
   nonlocal_energyvar { 2.209857710286543   } 
   autocorr_energy { } 
} 

block { 
   label ts_0.001
   totweight 17408000
   nautocorr 0
   total_energy { -4.928163748078679   } 
   total_energyvar { 0.04068246414143084   } 
   weight { 1.000456292993865   } 
   weightvar { 0.09823001753897799   } 
   kinetic_energy { 2.656403708234149   } 
   kinetic_energyvar { 2.825065158300653   } 
   potential_energy { -8.211992277570927   } 
   potential_energyvar { 3.974205463457929   } 
   nonlocal_energy { 0.6274248212580985   } 
   nonlocal_energyvar { 2.376291020686978   } 
   autocorr_energy { } 
} 

block { 
   label ts_0.001
   totweight 17408000
   nautocorr 0
   total_energy { -4.927671779838036   } 
   total_energyvar { 0.040556934604254   } 
   weight { 0.9999202501670301   } 
   weightvar { 0.09876905621314999   } 
   kinetic_energy { 2.66435998312412   } 
   kinetic_energyvar { 2.835328979644217   } 
   potential_energy { -8.232404446341588   } 
   potential_energyvar { 3.962988891859208   } 
   nonlocal_energy { 0.6403726833794305   } 
   nonlocal_energyvar { 2.345768828833137   } 
   autocorr_energy { } 
} 

block { 
   label ts_0.001
   totweight 17408000
   nautocorr 0
   total_energy { -4.926303823305989   } 
   total_energyvar { 0.03929508504227078   } 
   weight { 0.9988000979057337   } 
   weightvar { 0.1006583093533824   } 
   kinetic_energy { 2.667682795006403   } 
   kinetic_energyvar { 2.772345978814029   } 
   potential_energy { -8.212179780401822   } 
   potential_energyvar { 3.883800852205152   } 
   nonlocal_energy { 0.6181931620894313   } 
   nonlocal_energyvar { 2.154777311838896   } 
   autocorr_energy { } 
} 

block { 
   label ts_0.001
   totweight 17408000
   nautocorr 0
   total_energy { -4.927496022899538   } 
   total_energyvar { 0.04015348073996105   } 
   weight { 0.9985967533378115   } 
   weightvar { 0.1006312754239747   } 
   kinetic_energy { 2.657482799477923   } 
   kinetic_energyvar { 2.81213154381039   } 
   potential_energy { -8.211908756237497   } 
   potential_energyvar { 3.916440064098567   } 
   nonlocal_energy { 0.626929933860036   } 
   nonlocal_energyvar { 2.286786524484111   } 
   autocorr_energy { } 
} 

block { 
   label ts_0.001
   totweight 17408000
   nautocorr 0
   total_energy { -4.928086514319876   } 
   total_energyvar { 0.04090443701068996   } 
   weight { 0.9992307994032102   } 
   weightvar { 0.1017767999818719   } 
   kinetic_energy { 2.662600421259502   } 
   kinetic_energyvar { 2.812348054638213   } 
   potential_energy { -8.215094269434948   } 
   potential_energyvar { 3.90288093432597   } 
   nonlocal_energy { 0.6244073338555691   } 
   nonlocal_energyvar { 2.289688903495514   } 
   autocorr_energy { } 
} 

block { 
   label ts_0.001
   totweight 17408000
   nautocorr 0
   total_energy { -4.926667682798088   } 
   total_energyvar { 0.04040214407786122   } 
   weight { 0.9992705725692065   } 
   weightvar { 0.1002555420857878   } 
   kinetic_energy { 2.654677622768701   } 
   kinetic_energyvar { 2.840114817551519   } 
   potential_energy { -8.214264837445851   } 
   potential_energyvar { 3.944846455976621   } 
   nonlocal_energy { 0.6329195318790622   } 
   nonlocal_energyvar { 2.30470154557639   } 
   autocorr_energy { } 
} 

block { 
   label ts_0.001
   totweight 17408000
   nautocorr 0
   total_energy { -4.928012635341517   } 
   total_energyvar { 0.03994579551690892   } 
   weight { 0.9986901933650898   } 
   weightvar { 0.09938138833278345   } 
   kinetic_energy { 2.651242494446639   } 
   kinetic_energyvar { 2.810016556158171   } 
   potential_energy { -8.206865711658658   } 
   potential_energyvar { 3.929900710795149   } 
   nonlocal_energy { 0.6276105818705017   } 
   nonlocal_energyvar { 2.238471003049732   } 
   autocorr_energy { } 
} 

block { 
   label ts_0.001
   totweight 17408000
   nautocorr 0
   total_energy { -4.92804510354503   } 
   total_energyvar { 0.03939554273395465   } 
   weight { 0.9994301548708887   } 
   weightvar { 0.09941337053361693   } 
   kinetic_energy { 2.653916860615061   } 
   kinetic_energyvar { 2.834999046849292   } 
   potential_energy { -8.210276215843137   } 
   potential_energyvar { 3.926777699754452   } 
   nonlocal_energy { 0.6283142516830472   } 
   nonlocal_energyvar { 2.332621935631607   } 
   autocorr_energy { } 
} 

block { 
   label ts_0.001
   totweight 17408000
   nautocorr 0
   total_energy { -4.928007274540233   } 
   total_energyvar { 0.0398783511570666   } 
   weight { 0.9997169441065147   } 
   weightvar { 0.09938977359240204   } 
   kinetic_energy { 2.665939851015888   } 
   kinetic_energyvar { 2.826066332504439   } 
   potential_energy { -8.220381017860985   } 
   potential_energyvar { 3.96289228021905   } 
   nonlocal_energy { 0.6264338923048649   } 
   nonlocal_energyvar { 2.243902078755509   } 
   autocorr_energy { } 
} 

block { 
   label ts_0.001
   totweight 17408000
   nautocorr 0
   total_energy { -4.9269555451742   } 
   total_energyvar { 0.04109300059567655   } 
   weight { 0.9993025460332702   } 
   weightvar { 0.09950201686137033   } 
   kinetic_energy { 2.66089830964267   } 
   kinetic_energyvar { 2.811966267517868   } 
   potential_energy { -8.211417019472455   } 
   potential_energyvar { 3.907164612650477   } 
   nonlocal_energy { 0.6235631646555828   } 
   nonlocal_energyvar { 2.26280090456748   } 
   autocorr_energy { } 
} 

block { 
   label ts_0.001
   totweight 17408000
   nautocorr 0
   total_energy { -4.927784162621125   } 
   total_energyvar { 0.03894789217312972   } 
   weight { 0.9991236543509185   } 
   weightvar { 0.09783547843223107   } 
   kinetic_energy { 2.662099433922511   } 
   kinetic_energyvar { 2.7832693201715   } 
   potential_energy { -8.215619524364961   } 
   potential_energyvar { 3.915463590951536   } 
   nonlocal_energy { 0.625735927821326   } 
   nonlocal_energyvar { 2.22216440834849   } 
   autocorr_energy { } 
} 

block { 
   label ts_0.001
   totweight 17408000
   nautocorr 0
   total_energy { -4.928817679662787   } 
   total_energyvar { 0.0403194752033011   } 
   weight { 0.9997957030270391   } 
   weightvar { 0.09821994328286747   } 
   kinetic_energy { 2.667192544615272   } 
   kinetic_energyvar { 2.805345262997113   } 
   potential_energy { -8.220561591994114   } 
   potential_energyvar { 3.857991006911089   } 
   nonlocal_energy { 0.6245513677160556   } 
   nonlocal_energyvar { 2.224815122718421   } 
   autocorr_energy { } 
} 

block { 
   label ts_0.001
   totweight 17408000
   nautocorr 0
   total_energy { -4.929135975061262   } 
   total_energyvar { 0.04047377067225347   } 
   weight { 1.00053272640971   } 
   weightvar { 0.09897109711391901   } 
   kinetic_energy { 2.657127584217532   } 
   kinetic_energyvar { 2.845474920342349   } 
   potential_energy { -8.220030141531714   } 
   potential_energyvar { 3.951990665948345   } 
   nonlocal_energy { 0.6337665822529208   } 
   nonlocal_energyvar { 2.351243169941612   } 
   autocorr_energy { } 
} 

block { 
   label ts_0.001
   totweight 17408000
   nautocorr 0
   total_energy { -4.928449776443023   } 
   total_energyvar { 0.03906452329056487   } 
   weight { 1.000417740601357   } 
   weightvar { 0.1002659401078274   } 
   kinetic_energy { 2.642957254648315   } 
   kinetic_energyvar { 2.762014868948231   } 
   potential_energy { -8.187335124783733   } 
   potential_energyvar { 3.889608927578113   } 
   nonlocal_energy { 0.6159280936923952   } 
   nonlocal_energyvar { 2.191935265472996   } 
   autocorr_energy { } 
} 

block { 
   label ts_0.001
   totweight 17408000
   nautocorr 0
   total_energy { -4.9282295747596   } 
   total_energyvar { 0.04077163250524792   } 
   weight { 0.9999046070235079   } 
   weightvar { 0.1001935138774477   } 
   kinetic_energy { 2.636478126873589   } 
   kinetic_energyvar { 2.795698511470486   } 
   potential_energy { -8.192130618264887   } 
   potential_energyvar { 3.917958485184557   } 
   nonlocal_energy { 0.6274229166316996   } 
   nonlocal_energyvar { 2.271819506142398   } 
   autocorr_energy { } 
} 

block { 
   label ts_0.001
   totweight 17408000
   nautocorr 0
   total_energy { -4.927757787022728   } 
   total_energyvar { 0.03925299452241509   } 
   weight { 0.9997944646071414   } 
   weightvar { 0.09985875802605321   } 
   kinetic_energy { 2.657584878041623   } 
   kinetic_energyvar { 2.777258681879758   } 
   potential_energy { -8.208151278109076   } 
   potential_energyvar { 3.931129326903347   } 
   nonlocal_energy { 0.6228086130447273   } 
   nonlocal_energyvar { 2.208163462698814   } 
   autocorr_energy { } 
} 

block { 
   label ts_0.001
   totweight 17408000
   nautocorr 0
   total_energy { -4.927065194302814   } 
   total_energyvar { 0.0386816673560923   } 
   weight { 0.9995242480541762   } 
   weightvar { 0.09971236006597681   } 
   kinetic_energy { 2.647740249602607   } 
   kinetic_energyvar { 2.812505053686337   } 
   potential_energy { -8.207661106637401   } 
   potential_energyvar { 3.973744565548645   } 
   nonlocal_energy { 0.6328556627319801   } 
   nonlocal_energyvar { 2.343782471653808   } 
   autocorr_energy { } 
} 

block { 
   label ts_0.001
   totweight 17408000
   nautocorr 0
   total_energy { -4.926901727409534   } 
   total_energyvar { 0.04185976737002976   } 
   weight { 0.998899788842208   } 
   weightvar { 0.09947185042510104   } 
   kinetic_energy { 2.649447423351505   } 
   kinetic_energyvar { 2.835683031943665   } 
   potential_energy { -8.212294798534687   } 
   potential_energyvar { 3.933122505399108   } 
   nonlocal_energy { 0.6359456477736459   } 
   nonlocal_energyvar { 2.346804829943532   } 
   autocorr_energy { } 
} 

block { 
   label ts_0.001
   totweight 17408000
   nautocorr 0
   total_energy { -4.925583678271741   } 
   total_energyvar { 0.03961857067831953   } 
   weight { 0.9981665444496821   } 
   weightvar { 0.09966198683354639   } 
   kinetic_energy { 2.670728570277712   } 
   kinetic_energyvar { 2.8259439681852   } 
   potential_energy { -8.22345275661797   } 
   potential_energyvar { 3.911699947327153   } 
   nonlocal_energy { 0.627140508068516   } 
   nonlocal_energyvar { 2.277791155520084   } 
   autocorr_energy { } 
} 

block { 
   label ts_0.001
   totweight 17408000
   nautocorr 0
   total_energy { -4.927654590096051   } 
   total_energyvar { 0.04030180196610053   } 
   weight { 0.9982809233114026   } 
   weightvar { 0.09954379884492696   } 
   kinetic_energy { 2.670810853741485   } 
   kinetic_energyvar { 2.795020074865549   } 
   potential_energy { -8.226292125477574   } 
   potential_energyvar { 4.006631434235138   } 
   nonlocal_energy { 0.6278266816400381   } 
   nonlocal_energyvar { 2.354830803688798   } 
   autocorr_energy { } 
} 

block { 
   label ts_0.001
   totweight 17408000
   nautocorr 0
   total_energy { -4.926939493160554   } 
   total_energyvar { 0.0409330459605983   } 
   weight { 0.9989626845759794   } 
   weightvar { 0.1001377544066142   } 
   kinetic_energy { 2.657446490223033   } 
   kinetic_energyvar { 2.813459775228841   } 
   potential_energy { -8.210238629865938   } 
   potential_energyvar { 3.939341712842857   } 
   nonlocal_energy { 0.6258526464823515   } 
   nonlocal_energyvar { 2.289503686396293   } 
   autocorr_energy { } 
} 

block { 
   label ts_0.001
   totweight 17408000
   nautocorr 0
   total_energy { -4.926250173151802   } 
   total_energyvar { 0.03918777727002621   } 
   weight { 0.9985269973898466   } 
   weightvar { 0.09955531724140024   } 
   kinetic_energy { 2.648421976232411   } 
   kinetic_energyvar { 2.818921305417011   } 
   potential_energy { -8.200835308840027   } 
   potential_energyvar { 3.965805519729352   } 
   nonlocal_energy { 0.6261631594558159   } 
   nonlocal_energyvar { 2.265968639112636   } 
   autocorr_energy { } 
} 

block { 
   label ts_0.001
   totweight 17408000
   nautocorr 0
   total_energy { -4.925861504572892   } 
   total_energyvar { 0.04045412969582398   } 
   weight { 0.9978617525600331   } 
   weightvar { 0.09986657800540194   } 
   kinetic_energy { 2.641797157194672   } 
   kinetic_energyvar { 2.815801778142324   } 
   potential_energy { -8.184594241858111   } 
   potential_energyvar { 3.967595288407271   } 
   nonlocal_energy { 0.6169355800905468   } 
   nonlocal_energyvar { 2.224333185012065   } 
   autocorr_energy { } 
} 

block { 
   label ts_0.001
   totweight 17408000
   nautocorr 0
   total_energy { -4.928805242338684   } 
   total_energyvar { 0.03899874806049181   } 
   weight { 0.9988679882318851   } 
   weightvar { 0.09853676690071023   } 
   kinetic_energy { 2.651213239370412   } 
   kinetic_energyvar { 2.813196310393841   } 
   potential_energy { -8.192207065253822   } 
   potential_energyvar { 3.92336291371212   } 
   nonlocal_energy { 0.6121885835447255   } 
   nonlocal_energyvar { 2.201135464192959   } 
   autocorr_energy { } 
} 

block { 
   label ts_0.001
   totweight 17408000
   nautocorr 0
   total_energy { -4.929254883604055   } 
   total_energyvar { 0.03889011572020056   } 
   weight { 1.000304362547121   } 
   weightvar { 0.09906613665426811   } 
   kinetic_energy { 2.641497787169895   } 
   kinetic_energyvar { 2.815765140235252   } 
   potential_energy { -8.191551189057044   } 
   potential_energyvar { 3.870999195343614   } 
   nonlocal_energy { 0.6207985182830951   } 
   nonlocal_energyvar { 2.21480020268163   } 
   autocorr_energy { } 
} 

block { 
   label ts_0.001
   totweight 17408000
   nautocorr 0
   total_energy { -4.929420206195872   } 
   total_energyvar { 0.04079017350536734   } 
   weight { 1.001020378781156   } 
   weightvar { 0.09757152758226685   } 
   kinetic_energy { 2.651362892911487   } 
   kinetic_energyvar { 2.837814155883023   } 
   potential_energy { -8.216357135594741   } 
   potential_energyvar { 3.949815534014252   } 
   nonlocal_energy { 0.6355740364873823   } 
   nonlocal_energyvar { 2.332553716975427   } 
   autocorr_energy { } 
} 

block { 
   label ts_0.001
   totweight 17408000
   nautocorr 0
   total_energy { -4.928568590102095   } 
   total_energyvar { 0.04004777015499426   } 
   weight { 1.00091045929966   } 
   weightvar { 0.09801946174082837   } 
   kinetic_energy { 2.64300219217752   } 
   kinetic_energyvar { 2.777850213767115   } 
   potential_energy { -8.202184267269471   } 
   potential_energyvar { 3.940738067313188   } 
   nonlocal_energy { 0.6306134849898579   } 
   nonlocal_energyvar { 2.320307353988346   } 
   autocorr_energy { } 
} 

block { 
   label ts_0.001
   totweight 17408000
   nautocorr 0
   total_energy { -4.927324173811263   } 
   total_energyvar { 0.03945586569129962   } 
   weight { 0.9998870104599784   } 
   weightvar { 0.0984412384148448   } 
   kinetic_energy { 2.649088956539313   } 
   kinetic_energyvar { 2.80056108866505   } 
   potential_energy { -8.210129881518471   } 
   potential_energyvar { 3.924028141698471   } 
   nonlocal_energy { 0.6337167511678927   } 
   nonlocal_energyvar { 2.355746356796375   } 
   autocorr_energy { } 
} 

block { 
   label ts_0.001
   totweight 17408000
   nautocorr 0
   total_energy { -4.927647611691197   } 
   total_energyvar { 0.03887041724919264   } 
   weight { 0.9995463039297908   } 
   weightvar { 0.09930377842602993   } 
   kinetic_energy { 2.661858278724451   } 
   kinetic_energyvar { 2.80781277028445   } 
   potential_energy { -8.222658163192891   } 
   potential_energyvar { 3.943564411549487   } 
   nonlocal_energy { 0.6331522727772428   } 
   nonlocal_energyvar { 2.274461041527875   } 
   autocorr_energy { } 
} 

block { 
   label ts_0.001
   totweight 17408000
   nautocorr 0
   total_energy { -4.927203916875131   } 
   total_energyvar { 0.04034111545625012   } 
   weight { 0.9993739621663198   } 
   weightvar { 0.09959700089350487   } 
   kinetic_energy { 2.652569665780828   } 
   kinetic_energyvar { 2.836265625019804   } 
   potential_energy { -8.208155767889773   } 
   potential_energyvar { 3.968975094205192   } 
   nonlocal_energy { 0.6283821852338136   } 
   nonlocal_energyvar { 2.326306137693639   } 
   autocorr_energy { } 
} 

block { 
   label ts_0.001
   totweight 17408000
   nautocorr 0
   total_energy { -4.928951141081766   } 
   total_energyvar { 0.04105619271732363   } 
   weight { 0.999877301378891   } 
   weightvar { 0.09958800443491433   } 
   kinetic_energy { 2.645534434584706   } 
   kinetic_energyvar { 2.818845935375394   } 
   potential_energy { -8.197384402684055   } 
   potential_energyvar { 3.927786412945114   } 
   nonlocal_energy { 0.6228988270175804   } 
   nonlocal_energyvar { 2.301800628217174   } 
   autocorr_energy { } 
} 

