SCF finished!
ZMQ_0 finished!
2020-05-08 13:23:11.452803-04:00
===============
Quantum Package
===============

Git Commit: fixed bug in FOBOSCF
Git Date  : Fri Jun 28 00:16:47 2019 +0200
Git SHA1  : edd9add59ff4547c41a99f129d34b52efa79bcf4


Task server running : tcp://127.0.1.1:41279

.. >>>>> [ WALL TIME:        0.000000 s ] [ CPU  TIME:        0.001305 s ] <<<<< ..

 Read  n_states

.. >>>>> [ WALL TIME:        0.000000 s ] [ CPU  TIME:        0.001339 s ] <<<<< ..

 Read  read_wf
* mo_tot_num                                                   171

.. >>>>> [ WALL TIME:        0.004000 s ] [ CPU  TIME:        0.009120 s ] <<<<< ..

 Read  ao_num
 Read  mo_coef
 * mo_label          Canonical
* Number of determinants                                      3662
* Dimension of the psi arrays                               100000
* N_int                                                          3

.. >>>>> [ WALL TIME:        0.022000 s ] [ CPU  TIME:        0.067942 s ] <<<<< ..

 Read  elec_beta_num

.. >>>>> [ WALL TIME:        0.022000 s ] [ CPU  TIME:        0.067964 s ] <<<<< ..

 Read  elec_alpha_num
 Read psi_det
 Read psi_coef        3662           2

.. >>>>> [ WALL TIME:        0.043000 s ] [ CPU  TIME:        0.163144 s ] <<<<< ..

MOs are now **Natural**

Eigenvalues
-----------

======== ================
       1     1.9608195957
       2     1.9460093401
       3     1.0149585587
       4     0.9630509899
       5     0.0235635511
       6     0.0208811047
       7     0.0152440960
       8     0.0100910404
       9     0.0077118314
      10     0.0073416074
      11     0.0064496486
      12     0.0032179362
      13     0.0027975192
      14     0.0020498119
      15     0.0019789170
      16     0.0014257910
      17     0.0011325923
      18     0.0010465859
      19     0.0007837943
      20     0.0006177002
      21     0.0005796713
      22     0.0005713928
      23     0.0005468728
      24     0.0004445350
      25     0.0004251961
      26     0.0004060402
      27     0.0003188244
      28     0.0003030783
      29     0.0003012497
      30     0.0002948166
      31     0.0002832105
      32     0.0002450668
      33     0.0002221403
      34     0.0002191982
      35     0.0001973969
      36     0.0001933527
      37     0.0001851236
      38     0.0001808123
      39     0.0001614368
      40     0.0001541238
      41     0.0001471246
      42     0.0001408206
      43     0.0001344215
      44     0.0001227073
      45     0.0001210172
      46     0.0001155284
      47     0.0001127137
      48     0.0001117781
      49     0.0001092029
      50     0.0001083121
      51     0.0000990998
      52     0.0000929106
      53     0.0000834605
      54     0.0000781653
      55     0.0000779304
      56     0.0000698856
      57     0.0000693430
      58     0.0000626507
      59     0.0000610805
      60     0.0000561948
      61     0.0000510024
      62     0.0000492307
      63     0.0000485844
      64     0.0000413536
      65     0.0000389243
      66     0.0000355962
      67     0.0000325196
      68     0.0000308660
      69     0.0000267323
      70     0.0000260816
      71     0.0000253626
      72     0.0000238317
      73     0.0000204367
      74     0.0000190049
      75     0.0000183808
      76     0.0000163813
      77     0.0000156808
      78     0.0000141796
      79     0.0000107877
      80     0.0000094688
      81     0.0000083549
      82     0.0000071127
      83     0.0000061552
      84     0.0000059857
      85     0.0000046881
      86     0.0000042300
      87     0.0000037873
      88     0.0000036703
      89     0.0000032858
      90     0.0000031871
      91     0.0000031711
      92     0.0000030861
      93     0.0000027286
      94     0.0000019974
      95     0.0000017553
      96     0.0000012103
      97     0.0000008814
      98     0.0000004085
      99     0.0000000000
     100     0.0000000000
     101     0.0000000000
     102     0.0000000000
     103     0.0000000000
     104     0.0000000000
     105     0.0000000000
     106     0.0000000000
     107     0.0000000000
     108     0.0000000000
     109     0.0000000000
     110     0.0000000000
     111     0.0000000000
     112     0.0000000000
     113     0.0000000000
     114     0.0000000000
     115     0.0000000000
     116     0.0000000000
     117     0.0000000000
     118     0.0000000000
     119     0.0000000000
     120     0.0000000000
     121     0.0000000000
     122     0.0000000000
     123     0.0000000000
     124     0.0000000000
     125     0.0000000000
     126     0.0000000000
     127     0.0000000000
     128     0.0000000000
     129     0.0000000000
     130     0.0000000000
     131     0.0000000000
     132     0.0000000000
     133     0.0000000000
     134     0.0000000000
     135     0.0000000000
     136     0.0000000000
     137     0.0000000000
     138     0.0000000000
     139     0.0000000000
     140     0.0000000000
     141     0.0000000000
     142     0.0000000000
     143     0.0000000000
     144     0.0000000000
     145     0.0000000000
     146     0.0000000000
     147     0.0000000000
     148     0.0000000000
     149     0.0000000000
     150     0.0000000000
     151     0.0000000000
     152     0.0000000000
     153     0.0000000000
     154     0.0000000000
     155     0.0000000000
     156     0.0000000000
     157     0.0000000000
     158     0.0000000000
     159     0.0000000000
     160     0.0000000000
     161     0.0000000000
     162     0.0000000000
     163     0.0000000000
     164     0.0000000000
     165     0.0000000000
     166     0.0000000000
     167     0.0000000000
     168     0.0000000000
     169     0.0000000000
     170     0.0000000000
     171     0.0000000000
======== ================


.. >>>>> [ WALL TIME:        0.057000 s ] [ CPU  TIME:        0.200510 s ] <<<<< ..

 Read mo_occ

.. >>>>> [ WALL TIME:        0.059000 s ] [ CPU  TIME:        0.201006 s ] <<<<< ..

 Read  ao_md5
* Saved determinants                                             1
Wall time : 1.30549s

ZMQ_1 finished!
2020-05-08 13:37:59.124432-04:00
===============
Quantum Package
===============

Git Commit: fixed bug in FOBOSCF
Git Date  : Fri Jun 28 00:16:47 2019 +0200
Git SHA1  : edd9add59ff4547c41a99f129d34b52efa79bcf4


Task server running : tcp://127.0.1.1:41279

.. >>>>> [ WALL TIME:        0.000000 s ] [ CPU  TIME:        0.001236 s ] <<<<< ..

 Read  n_states

.. >>>>> [ WALL TIME:        0.000000 s ] [ CPU  TIME:        0.001272 s ] <<<<< ..

 Read  read_wf
* mo_tot_num                                                   171

.. >>>>> [ WALL TIME:        0.003000 s ] [ CPU  TIME:        0.005620 s ] <<<<< ..

 Read  ao_num
 Read  mo_coef
 * mo_label          Natural
* Number of determinants                                      6242
* Dimension of the psi arrays                               100000
* N_int                                                          3

.. >>>>> [ WALL TIME:        0.023000 s ] [ CPU  TIME:        0.083595 s ] <<<<< ..

 Read  elec_beta_num

.. >>>>> [ WALL TIME:        0.023000 s ] [ CPU  TIME:        0.083617 s ] <<<<< ..

 Read  elec_alpha_num
 Read psi_det
 Read psi_coef        6242           2

.. >>>>> [ WALL TIME:        0.053000 s ] [ CPU  TIME:        0.199661 s ] <<<<< ..

MOs are now **Natural**

Eigenvalues
-----------

======== ================
       1     1.9451117908
       2     1.9264460493
       3     1.0096636705
       4     0.9585915996
       5     0.0354165797
       6     0.0298613510
       7     0.0183667664
       8     0.0149100109
       9     0.0127340384
      10     0.0104862898
      11     0.0069155782
      12     0.0068745828
      13     0.0048900547
      14     0.0036630989
      15     0.0035148919
      16     0.0023257808
      17     0.0018235414
      18     0.0014463379
      19     0.0009889238
      20     0.0006470262
      21     0.0005215860
      22     0.0004107896
      23     0.0003210633
      24     0.0003196468
      25     0.0003074695
      26     0.0002696672
      27     0.0002593757
      28     0.0001941090
      29     0.0001554925
      30     0.0001430074
      31     0.0001411403
      32     0.0001135772
      33     0.0000977540
      34     0.0000941572
      35     0.0000935086
      36     0.0000803140
      37     0.0000774496
      38     0.0000760840
      39     0.0000731781
      40     0.0000689604
      41     0.0000613869
      42     0.0000611603
      43     0.0000602615
      44     0.0000550206
      45     0.0000524454
      46     0.0000483278
      47     0.0000441658
      48     0.0000437850
      49     0.0000413019
      50     0.0000405448
      51     0.0000384436
      52     0.0000380623
      53     0.0000372865
      54     0.0000367472
      55     0.0000358583
      56     0.0000305894
      57     0.0000297094
      58     0.0000284075
      59     0.0000280286
      60     0.0000272615
      61     0.0000252190
      62     0.0000233144
      63     0.0000230624
      64     0.0000222080
      65     0.0000221571
      66     0.0000217870
      67     0.0000198236
      68     0.0000198205
      69     0.0000192497
      70     0.0000178258
      71     0.0000176627
      72     0.0000175651
      73     0.0000166004
      74     0.0000165908
      75     0.0000161296
      76     0.0000151027
      77     0.0000150063
      78     0.0000148407
      79     0.0000148062
      80     0.0000139680
      81     0.0000130373
      82     0.0000129468
      83     0.0000126177
      84     0.0000118767
      85     0.0000117990
      86     0.0000100443
      87     0.0000097939
      88     0.0000096984
      89     0.0000094583
      90     0.0000089380
      91     0.0000084608
      92     0.0000083795
      93     0.0000079482
      94     0.0000072754
      95     0.0000069481
      96     0.0000064928
      97     0.0000064588
      98     0.0000063209
      99     0.0000060589
     100     0.0000055696
     101     0.0000054195
     102     0.0000053544
     103     0.0000053054
     104     0.0000048927
     105     0.0000048633
     106     0.0000042009
     107     0.0000039952
     108     0.0000039540
     109     0.0000036360
     110     0.0000036235
     111     0.0000035606
     112     0.0000035461
     113     0.0000035287
     114     0.0000033885
     115     0.0000031882
     116     0.0000029324
     117     0.0000028432
     118     0.0000026953
     119     0.0000025460
     120     0.0000025351
     121     0.0000024785
     122     0.0000024012
     123     0.0000023542
     124     0.0000023301
     125     0.0000017779
     126     0.0000016592
     127     0.0000016443
     128     0.0000015199
     129     0.0000011514
     130     0.0000009224
     131     0.0000008893
     132     0.0000008814
     133     0.0000008582
     134     0.0000008574
     135     0.0000008452
     136     0.0000008428
     137     0.0000008332
     138     0.0000008095
     139     0.0000007898
     140     0.0000007709
     141     0.0000007688
     142     0.0000007497
     143     0.0000007480
     144     0.0000007286
     145     0.0000007233
     146     0.0000007057
     147     0.0000006672
     148     0.0000006167
     149     0.0000005998
     150     0.0000004280
     151     0.0000003950
     152     0.0000003826
     153     0.0000003774
     154     0.0000003642
     155     0.0000003110
     156     0.0000003069
     157     0.0000002917
     158     0.0000002587
     159     0.0000000000
     160     0.0000000000
     161     0.0000000000
     162     0.0000000000
     163     0.0000000000
     164     0.0000000000
     165     0.0000000000
     166     0.0000000000
     167     0.0000000000
     168     0.0000000000
     169     0.0000000000
     170     0.0000000000
     171     0.0000000000
======== ================


.. >>>>> [ WALL TIME:        0.072000 s ] [ CPU  TIME:        0.248014 s ] <<<<< ..

 Read mo_occ

.. >>>>> [ WALL TIME:        0.074000 s ] [ CPU  TIME:        0.248571 s ] <<<<< ..

 Read  ao_md5
* Saved determinants                                             1
Wall time : 1.37274s

CIS finished!
ZMQ_2 finished!
