SCF finished!
ZMQ_0 finished!
2020-05-04 21:12:37.506946-04:00
===============
Quantum Package
===============

Git Commit: fixed bug in FOBOSCF
Git Date  : Fri Jun 28 00:16:47 2019 +0200
Git SHA1  : edd9add59ff4547c41a99f129d34b52efa79bcf4


Task server running : tcp://127.0.1.1:41279

.. >>>>> [ WALL TIME:        0.000000 s ] [ CPU  TIME:        0.001400 s ] <<<<< ..

 Read  n_states

.. >>>>> [ WALL TIME:        0.000000 s ] [ CPU  TIME:        0.001440 s ] <<<<< ..

 Read  read_wf
* mo_tot_num                                                    91

.. >>>>> [ WALL TIME:        0.003000 s ] [ CPU  TIME:        0.008356 s ] <<<<< ..

 Read  ao_num
 Read  mo_coef
 * mo_label          Canonical
* Number of determinants                                     12896
* Dimension of the psi arrays                               100000
* N_int                                                          2

.. >>>>> [ WALL TIME:        0.011000 s ] [ CPU  TIME:        0.025036 s ] <<<<< ..

 Read  elec_beta_num

.. >>>>> [ WALL TIME:        0.011000 s ] [ CPU  TIME:        0.025065 s ] <<<<< ..

 Read  elec_alpha_num
 Read psi_det
 Read psi_coef       12896           1

.. >>>>> [ WALL TIME:        0.059000 s ] [ CPU  TIME:        0.253776 s ] <<<<< ..

MOs are now **Natural**

Eigenvalues
-----------

======== ================
       1     1.9596887575
       2     1.9518542064
       3     0.9924361742
       4     0.9866998112
       5     0.0238845230
       6     0.0167651426
       7     0.0107487098
       8     0.0089884683
       9     0.0088181563
      10     0.0068410069
      11     0.0068223778
      12     0.0039284865
      13     0.0034839187
      14     0.0033740771
      15     0.0021510904
      16     0.0018113481
      17     0.0017229911
      18     0.0013930611
      19     0.0007522837
      20     0.0006367344
      21     0.0005652752
      22     0.0004994057
      23     0.0004334714
      24     0.0004007979
      25     0.0003616252
      26     0.0003080920
      27     0.0002547630
      28     0.0002434691
      29     0.0002251090
      30     0.0002149683
      31     0.0001957459
      32     0.0001882527
      33     0.0001670004
      34     0.0001417660
      35     0.0001377221
      36     0.0001339295
      37     0.0001338794
      38     0.0001107791
      39     0.0001074413
      40     0.0001049081
      41     0.0000997708
      42     0.0000984056
      43     0.0000983870
      44     0.0000904841
      45     0.0000876063
      46     0.0000840497
      47     0.0000822784
      48     0.0000743829
      49     0.0000713903
      50     0.0000702176
      51     0.0000646699
      52     0.0000641594
      53     0.0000641455
      54     0.0000637463
      55     0.0000565722
      56     0.0000564437
      57     0.0000545574
      58     0.0000544559
      59     0.0000532711
      60     0.0000517761
      61     0.0000511852
      62     0.0000473020
      63     0.0000444653
      64     0.0000440487
      65     0.0000414612
      66     0.0000400462
      67     0.0000392372
      68     0.0000385763
      69     0.0000361726
      70     0.0000358889
      71     0.0000335212
      72     0.0000328164
      73     0.0000321482
      74     0.0000290284
      75     0.0000264361
      76     0.0000245635
      77     0.0000237897
      78     0.0000217429
      79     0.0000195438
      80     0.0000191416
      81     0.0000173449
      82     0.0000164146
      83     0.0000161839
      84     0.0000158285
      85     0.0000157847
      86     0.0000155519
      87     0.0000151073
      88     0.0000139488
      89     0.0000138120
      90     0.0000084119
      91     0.0000000000
======== ================


.. >>>>> [ WALL TIME:        0.064000 s ] [ CPU  TIME:        0.290125 s ] <<<<< ..

 Read mo_occ

.. >>>>> [ WALL TIME:        0.066000 s ] [ CPU  TIME:        0.290502 s ] <<<<< ..

 Read  ao_md5
* Saved determinants                                             1
Wall time : 1.15682s

ZMQ_1 finished!
2020-05-04 21:16:01.417906-04:00
===============
Quantum Package
===============

Git Commit: fixed bug in FOBOSCF
Git Date  : Fri Jun 28 00:16:47 2019 +0200
Git SHA1  : edd9add59ff4547c41a99f129d34b52efa79bcf4


Task server running : tcp://127.0.1.1:41279

.. >>>>> [ WALL TIME:        0.000000 s ] [ CPU  TIME:        0.001472 s ] <<<<< ..

 Read  n_states

.. >>>>> [ WALL TIME:        0.001000 s ] [ CPU  TIME:        0.001526 s ] <<<<< ..

 Read  read_wf
* mo_tot_num                                                    91

.. >>>>> [ WALL TIME:        0.004000 s ] [ CPU  TIME:        0.007674 s ] <<<<< ..

 Read  ao_num
 Read  mo_coef
 * mo_label          Natural
* Number of determinants                                     22724
* Dimension of the psi arrays                               100000
* N_int                                                          2

.. >>>>> [ WALL TIME:        0.011000 s ] [ CPU  TIME:        0.025904 s ] <<<<< ..

 Read  elec_beta_num

.. >>>>> [ WALL TIME:        0.011000 s ] [ CPU  TIME:        0.025932 s ] <<<<< ..

 Read  elec_alpha_num
 Read psi_det
 Read psi_coef       22724           1

.. >>>>> [ WALL TIME:        0.095000 s ] [ CPU  TIME:        0.428598 s ] <<<<< ..

MOs are now **Natural**

Eigenvalues
-----------

======== ================
       1     1.9521235704
       2     1.9420737892
       3     0.9902355367
       4     0.9837271621
       5     0.0297411661
       6     0.0215100157
       7     0.0130516497
       8     0.0110507252
       9     0.0110132018
      10     0.0085180711
      11     0.0083950993
      12     0.0044613827
      13     0.0043842137
      14     0.0042461588
      15     0.0026824105
      16     0.0021007125
      17     0.0020639911
      18     0.0017049082
      19     0.0007741967
      20     0.0007266322
      21     0.0006371147
      22     0.0005723062
      23     0.0005045150
      24     0.0004849956
      25     0.0004400788
      26     0.0002530797
      27     0.0002440926
      28     0.0002240768
      29     0.0002016436
      30     0.0001992097
      31     0.0001778501
      32     0.0001413518
      33     0.0001172752
      34     0.0001005753
      35     0.0000915585
      36     0.0000902337
      37     0.0000892050
      38     0.0000625834
      39     0.0000587386
      40     0.0000523238
      41     0.0000496967
      42     0.0000476687
      43     0.0000459989
      44     0.0000394997
      45     0.0000363262
      46     0.0000260467
      47     0.0000240995
      48     0.0000220473
      49     0.0000217951
      50     0.0000215740
      51     0.0000189877
      52     0.0000182255
      53     0.0000163944
      54     0.0000157345
      55     0.0000153828
      56     0.0000144763
      57     0.0000139841
      58     0.0000127222
      59     0.0000123062
      60     0.0000114805
      61     0.0000107803
      62     0.0000106243
      63     0.0000099786
      64     0.0000095115
      65     0.0000093507
      66     0.0000085126
      67     0.0000079794
      68     0.0000079692
      69     0.0000078543
      70     0.0000076180
      71     0.0000073439
      72     0.0000072922
      73     0.0000068861
      74     0.0000066922
      75     0.0000063535
      76     0.0000063308
      77     0.0000063007
      78     0.0000055410
      79     0.0000053994
      80     0.0000051663
      81     0.0000050571
      82     0.0000045419
      83     0.0000039414
      84     0.0000037216
      85     0.0000034465
      86     0.0000033789
      87     0.0000033049
      88     0.0000027216
      89     0.0000023319
      90     0.0000019437
      91     0.0000002762
======== ================


.. >>>>> [ WALL TIME:        0.099000 s ] [ CPU  TIME:        0.459415 s ] <<<<< ..

 Read mo_occ

.. >>>>> [ WALL TIME:        0.101000 s ] [ CPU  TIME:        0.459843 s ] <<<<< ..

 Read  ao_md5
* Saved determinants                                             1
Wall time : 1.19536s

ZMQ_2 finished!
