Index of ion charge 0
Index of valence charge 1
Using qmc.dump to name output files
usingECP: yes
Multideterminant: yes
NUMBER OF AOs: 324
Size of Basis Set: 324
NUMBER OF MOs: 263
Number of alpha electrons: 4
Number of beta electrons: 4
Number of electrons: 8
SPIN MULTIPLICITY: 1
NUMBER OF ATOMS: 5
1 Found ECP for atom 0 with zcore 10
1 Found ECP for atom 1 with zcore 0
1 Found ECP for atom 2 with zcore 0
1 Found ECP for atom 3 with zcore 0
1 Found ECP for atom 4 with zcore 0
Finished reading MO.
Found 360162 Determinants
# core, #active, #external: 0 263 0
 Done reading CIs!!
 QMCGaussianParserBase::dump 
Number of alpha electrons 4
Number of beta electrons 4
Adding Two-Body and One-Body jastrows with rcut="10" and size="10"
Adding Three-Body jastrows with rcut="5"
 Generating production input file designed for large calculations.
 Modify according to the accuracy you would like to achieve. 
Hamiltonian using ECP for Electron Ion=1

------------------------------------------------------------
Sender: LSF System <lsfadmin@batch3>
Subject: Job 224541: <SiH4_gs_fci> in cluster <summit> Exited

Job <SiH4_gs_fci> was submitted from host <login5> by user <aannabe> in cluster <summit> at Wed Jul 15 11:16:58 2020
Job was executed on host(s) <1*batch3>, in queue <batch>, as user <aannabe> in cluster <summit> at Wed Jul 15 11:33:41 2020
                            <42*f18n13>
                            <42*h13n09>
                            <42*h16n08>
                            <42*h16n09>
                            <42*h19n12>
                            <42*h20n07>
                            <42*h26n17>
                            <42*h27n06>
                            <42*h27n07>
                            <42*h27n08>
                            <42*h27n09>
                            <42*h27n10>
                            <42*h27n11>
                            <42*h27n13>
                            <42*h27n14>
                            <42*h27n15>
                            <42*h27n16>
                            <42*h27n17>
                            <42*h27n18>
                            <42*h28n11>
                            <42*h28n12>
                            <42*h28n13>
                            <42*h28n14>
                            <42*h28n15>
                            <42*h28n16>
                            <42*h34n12>
                            <42*h35n17>
                            <42*h36n14>
                            <42*h50n11>
                            <42*h50n13>
                            <42*h50n14>
                            <42*h50n15>
</ccs/home/aannabe> was used as the home directory.
</gpfs/alpine/mat151/proj-shared/aannabe/docs/molecules_Si/SiH4/qp2/fci_natorb/gs_t20> was used as the working directory.
Started at Wed Jul 15 11:33:41 2020
Terminated at Wed Jul 15 13:04:08 2020
Results reported at Wed Jul 15 13:04:08 2020

The output (if any) is above this job summary.



PS:

Read file <SiH4_gs_fci.err> for stderr output of this job.

