
Lmod is automatically replacing "xl/16.1.1-5" with "gcc/7.4.0".


Due to MODULEPATH changes, the following have been reloaded:
  1) hdf5/1.10.4     2) spectrum-mpi/10.3.1.2-20200121

Rank =    0  Free Memory = 561688 MB
--2020-07-15 11:34:27--  https://pseudopotentiallibrary.org/recipes/Si/ccECP/Si.ccECP.xml
Resolving pseudopotentiallibrary.org (pseudopotentiallibrary.org)... 128.219.165.148
Connecting to pseudopotentiallibrary.org (pseudopotentiallibrary.org)|128.219.165.148|:443... connected.
HTTP request sent, awaiting response... 200 OK
Length: 1502082 (1.4M) [text/xml]
Saving to: 'Si.ccECP.xml'

     0K .......... .......... .......... .......... ..........  3% 5.05M 0s
    50K .......... .......... .......... .......... ..........  6% 43.1M 0s
   100K .......... .......... .......... .......... .......... 10% 41.7M 0s
   150K .......... .......... .......... .......... .......... 13% 42.4M 0s
   200K .......... .......... .......... .......... .......... 17% 37.5M 0s
   250K .......... .......... .......... .......... .......... 20% 43.5M 0s
   300K .......... .......... .......... .......... .......... 23% 42.0M 0s
   350K .......... .......... .......... .......... .......... 27% 39.4M 0s
   400K .......... .......... .......... .......... .......... 30% 35.1M 0s
   450K .......... .......... .......... .......... .......... 34% 41.4M 0s
   500K .......... .......... .......... .......... .......... 37% 41.9M 0s
   550K .......... .......... .......... .......... .......... 40% 42.3M 0s
   600K .......... .......... .......... .......... .......... 44% 37.4M 0s
   650K .......... .......... .......... .......... .......... 47% 40.8M 0s
   700K .......... .......... .......... .......... .......... 51% 43.6M 0s
   750K .......... .......... .......... .......... .......... 54% 44.1M 0s
   800K .......... .......... .......... .......... .......... 57% 57.7M 0s
   850K .......... .......... .......... .......... .......... 61% 66.3M 0s
   900K .......... .......... .......... .......... .......... 64% 70.7M 0s
   950K .......... .......... .......... .......... .......... 68% 67.0M 0s
  1000K .......... .......... .......... .......... .......... 71% 61.3M 0s
  1050K .......... .......... .......... .......... .......... 74% 70.2M 0s
  1100K .......... .......... .......... .......... .......... 78% 72.0M 0s
  1150K .......... .......... .......... .......... .......... 81% 71.9M 0s
  1200K .......... .......... .......... .......... .......... 85% 62.9M 0s
  1250K .......... .......... .......... .......... .......... 88% 70.2M 0s
  1300K .......... .......... .......... .......... .......... 92% 71.0M 0s
  1350K .......... .......... .......... .......... .......... 95% 71.7M 0s
  1400K .......... .......... .......... .......... .......... 98% 56.5M 0s
  1450K .......... ......                                     100% 62.8M=0.04s

2020-07-15 11:34:27 (38.3 MB/s) - 'Si.ccECP.xml' saved [1502082/1502082]

--2020-07-15 11:34:27--  https://pseudopotentiallibrary.org/recipes/H/ccECP/H.ccECP.xml
Resolving pseudopotentiallibrary.org (pseudopotentiallibrary.org)... 128.219.165.148
Connecting to pseudopotentiallibrary.org (pseudopotentiallibrary.org)|128.219.165.148|:443... connected.
HTTP request sent, awaiting response... 200 OK
Length: 1001619 (978K) [text/xml]
Saving to: 'H.ccECP.xml'

     0K .......... .......... .......... .......... ..........  5% 33.5M 0s
    50K .......... .......... .......... .......... .......... 10% 62.2M 0s
   100K .......... .......... .......... .......... .......... 15% 52.0M 0s
   150K .......... .......... .......... .......... .......... 20% 63.2M 0s
   200K .......... .......... .......... .......... .......... 25% 59.5M 0s
   250K .......... .......... .......... .......... .......... 30% 67.7M 0s
   300K .......... .......... .......... .......... .......... 35% 66.8M 0s
   350K .......... .......... .......... .......... .......... 40% 67.3M 0s
   400K .......... .......... .......... .......... .......... 46% 21.0M 0s
   450K .......... .......... .......... .......... .......... 51% 61.6M 0s
   500K .......... .......... .......... .......... .......... 56% 66.3M 0s
   550K .......... .......... .......... .......... .......... 61% 66.8M 0s
   600K .......... .......... .......... .......... .......... 66% 59.6M 0s
   650K .......... .......... .......... .......... .......... 71% 68.0M 0s
   700K .......... .......... .......... .......... .......... 76% 68.6M 0s
   750K .......... .......... .......... .......... .......... 81% 66.9M 0s
   800K .......... .......... .......... .......... .......... 86% 59.0M 0s
   850K .......... .......... .......... .......... .......... 92% 68.1M 0s
   900K .......... .......... .......... .......... .......... 97% 68.4M 0s
   950K .......... .......... ........                        100% 56.7M=0.02s

2020-07-15 11:34:27 (55.4 MB/s) - 'H.ccECP.xml' saved [1001619/1001619]

Rank =    2  Free Memory = 561090 MB
Rank =    3  Free Memory = 561090 MB
Rank =    6  Free Memory = 558532 MB
Rank =    7  Free Memory = 558532 MB
Rank =   10  Free Memory = 559123 MB
Rank =   11  Free Memory = 559123 MB
Rank =   22  Free Memory = 551485 MB
Rank =   23  Free Memory = 551485 MB
Rank =   30  Free Memory = 565350 MB
Rank =   31  Free Memory = 565350 MB
Rank =   26  Free Memory = 565057 MB
Rank =   27  Free Memory = 565057 MB
Rank =   34  Free Memory = 565530 MB
Rank =   35  Free Memory = 565530 MB
Rank =   38  Free Memory = 566838 MB
Rank =   39  Free Memory = 566838 MB
Rank =   62  Free Memory = 539528 MB
Rank =   63  Free Memory = 539528 MB
Rank =   58  Free Memory = 556043 MB
Rank =   59  Free Memory = 556043 MB
Rank =   16  Free Memory = 551713 MB
Rank =   32  Free Memory = 565355 MB
Rank =   54  Free Memory = 560639 MB
Rank =   55  Free Memory = 560639 MB
Rank =    0  Free Memory = 561500 MB
Rank =   48  Free Memory = 564779 MB
Rank =   33  Free Memory = 565355 MB
Rank =   24  Free Memory = 551279 MB
Rank =   20  Free Memory = 550748 MB
Rank =   40  Free Memory = 565513 MB
Rank =   49  Free Memory = 564779 MB
Rank =   36  Free Memory = 563781 MB
Rank =    8  Free Memory = 544535 MB
Rank =   12  Free Memory = 564136 MB
Rank =   17  Free Memory = 551713 MB
Rank =    4  Free Memory = 557828 MB
Rank =   25  Free Memory = 551279 MB
Rank =   41  Free Memory = 565513 MB
Rank =    9  Free Memory = 544535 MB
Rank =   21  Free Memory = 550748 MB
Rank =   37  Free Memory = 563781 MB
Rank =   56  Free Memory = 515500 MB
Rank =   13  Free Memory = 564136 MB
Rank =    5  Free Memory = 557828 MB
Rank =   57  Free Memory = 515500 MB
Rank =   52  Free Memory = 565168 MB
Rank =   28  Free Memory = 564478 MB
Rank =   53  Free Memory = 565168 MB
Rank =   29  Free Memory = 564478 MB
Rank =   44  Free Memory = 551177 MB
Rank =   45  Free Memory = 551177 MB
Rank =   60  Free Memory = 517673 MB
Rank =   46  Free Memory = 564191 MB
Rank =   61  Free Memory = 517673 MB
Rank =   14  Free Memory = 551837 MB
Rank =   47  Free Memory = 564191 MB
Rank =   15  Free Memory = 551837 MB
Rank =   50  Free Memory = 558275 MB
Rank =   18  Free Memory = 550440 MB
Rank =   51  Free Memory = 558275 MB
Rank =   19  Free Memory = 550440 MB
Rank =   42  Free Memory = 551943 MB
Rank =   43  Free Memory = 551943 MB
Rank =    1  Free Memory = 561500 MB
ERROR CostFunction-> Number of Effective Walkers is too small! 
  Number of effective walkers (samples) / total number of samples = 7.7505e-06
  User specified threshold minwalkers = 0.1
  If this message appears frequently. You might have to be cautious. 
  Find info about parameter "minwalkers" in the user manual!
Rank =    0  Free Memory = 561477 MB
Rank =    1  Free Memory = 561477 MB
Rank =    4  Free Memory = 557817 MB
Rank =    6  Free Memory = 558524 MB
Rank =    5  Free Memory = 557817 MB
Rank =    7  Free Memory = 558524 MB
Rank =    8  Free Memory = 544508 MB
Rank =    9  Free Memory = 544508 MB
Rank =   12  Free Memory = 564121 MB
Rank =   16  Free Memory = 551710 MB
Rank =   13  Free Memory = 564121 MB
Rank =   17  Free Memory = 551710 MB
Rank =   20  Free Memory = 550730 MB
Rank =   22  Free Memory = 551469 MB
Rank =   23  Free Memory = 551469 MB
Rank =   25  Free Memory = 551245 MB
Rank =   30  Free Memory = 565336 MB
Rank =   31  Free Memory = 565336 MB
Rank =   24  Free Memory = 551245 MB
Rank =   28  Free Memory = 564464 MB
Rank =   14  Free Memory = 551818 MB
Rank =   32  Free Memory = 565340 MB
Rank =   33  Free Memory = 565340 MB
Rank =   29  Free Memory = 564464 MB
Rank =   36  Free Memory = 563748 MB
Rank =   37  Free Memory = 563748 MB
Rank =   40  Free Memory = 565496 MB
Rank =   41  Free Memory = 565496 MB
Rank =   44  Free Memory = 551156 MB
Rank =   48  Free Memory = 564766 MB
Rank =   49  Free Memory = 564766 MB
Rank =   54  Free Memory = 560614 MB
Rank =   45  Free Memory = 551156 MB
Rank =   55  Free Memory = 560614 MB
Rank =   62  Free Memory = 539484 MB
Rank =   52  Free Memory = 565139 MB
Rank =   63  Free Memory = 539484 MB
Rank =   53  Free Memory = 565139 MB
Rank =   56  Free Memory = 515479 MB
Rank =   57  Free Memory = 515479 MB
Rank =   60  Free Memory = 517646 MB
Rank =   61  Free Memory = 517646 MB
Rank =   46  Free Memory = 564175 MB
Rank =   38  Free Memory = 566820 MB
Rank =   15  Free Memory = 551818 MB
Rank =   21  Free Memory = 550730 MB
Rank =   39  Free Memory = 566820 MB
Rank =   47  Free Memory = 564175 MB
Rank =   10  Free Memory = 559081 MB
Rank =   18  Free Memory = 550402 MB
Rank =   34  Free Memory = 565517 MB
Rank =    2  Free Memory = 561077 MB
Rank =   11  Free Memory = 559081 MB
Rank =   19  Free Memory = 550402 MB
Rank =   35  Free Memory = 565517 MB
Rank =    3  Free Memory = 561077 MB
Rank =   26  Free Memory = 565040 MB
Rank =   50  Free Memory = 558250 MB
Rank =   27  Free Memory = 565040 MB
Rank =   51  Free Memory = 558250 MB
Rank =   58  Free Memory = 556019 MB
Rank =   59  Free Memory = 556019 MB
Rank =   42  Free Memory = 551925 MB
Rank =   43  Free Memory = 551925 MB
ERROR CostFunction-> Number of Effective Walkers is too small! 
  Number of effective walkers (samples) / total number of samples = 3.25788e-06
  User specified threshold minwalkers = 0.2
  If this message appears frequently. You might have to be cautious. 
  Find info about parameter "minwalkers" in the user manual!
Could not read jskill result from pmix server
