
Due to MODULEPATH changes, the following have been reloaded:
  1) hdf5/1.10.4     2) netlib-lapack/3.8.0     3) spectrum-mpi/10.3.1.2-20200121

The following have been reloaded with a version change:
  1) gcc/6.4.0 => gcc/7.4.0

Rank =    0  Free Memory = 561452 MB
--2020-07-09 06:32:53--  https://pseudopotentiallibrary.org/recipes/Si/ccECP/Si.ccECP.xml
Resolving pseudopotentiallibrary.org (pseudopotentiallibrary.org)... 128.219.165.148
Connecting to pseudopotentiallibrary.org (pseudopotentiallibrary.org)|128.219.165.148|:443... connected.
HTTP request sent, awaiting response... 200 OK
Length: 1502082 (1.4M) [text/xml]
Saving to: 'Si.ccECP.xml'

     0K .......... .......... .......... .......... ..........  3% 49.0M 0s
    50K .......... .......... .......... .......... ..........  6% 69.0M 0s
   100K .......... .......... .......... .......... .......... 10% 69.8M 0s
   150K .......... .......... .......... .......... .......... 13% 71.7M 0s
   200K .......... .......... .......... .......... .......... 17% 62.9M 0s
   250K .......... .......... .......... .......... .......... 20% 71.1M 0s
   300K .......... .......... .......... .......... .......... 23% 71.5M 0s
   350K .......... .......... .......... .......... .......... 27% 70.6M 0s
   400K .......... .......... .......... .......... .......... 30% 60.2M 0s
   450K .......... .......... .......... .......... .......... 34% 71.5M 0s
   500K .......... .......... .......... .......... .......... 37% 69.3M 0s
   550K .......... .......... .......... .......... .......... 40% 72.4M 0s
   600K .......... .......... .......... .......... .......... 44% 54.7M 0s
   650K .......... .......... .......... .......... .......... 47% 71.9M 0s
   700K .......... .......... .......... .......... .......... 51% 58.6M 0s
   750K .......... .......... .......... .......... .......... 54% 71.6M 0s
   800K .......... .......... .......... .......... .......... 57% 61.1M 0s
   850K .......... .......... .......... .......... .......... 61% 71.7M 0s
   900K .......... .......... .......... .......... .......... 64% 68.8M 0s
   950K .......... .......... .......... .......... .......... 68% 72.0M 0s
  1000K .......... .......... .......... .......... .......... 71% 61.8M 0s
  1050K .......... .......... .......... .......... .......... 74% 72.1M 0s
  1100K .......... .......... .......... .......... .......... 78% 72.6M 0s
  1150K .......... .......... .......... .......... .......... 81% 72.3M 0s
  1200K .......... .......... .......... .......... .......... 85% 61.9M 0s
  1250K .......... .......... .......... .......... .......... 88% 70.5M 0s
  1300K .......... .......... .......... .......... .......... 92% 68.7M 0s
  1350K .......... .......... .......... .......... .......... 95% 71.7M 0s
  1400K .......... .......... .......... .......... .......... 98% 65.6M 0s
  1450K .......... ......                                     100% 64.0M=0.02s

2020-07-09 06:32:53 (66.8 MB/s) - 'Si.ccECP.xml' saved [1502082/1502082]

--2020-07-09 06:32:53--  https://pseudopotentiallibrary.org/recipes/H/ccECP/H.ccECP.xml
Resolving pseudopotentiallibrary.org (pseudopotentiallibrary.org)... 128.219.165.148
Connecting to pseudopotentiallibrary.org (pseudopotentiallibrary.org)|128.219.165.148|:443... connected.
HTTP request sent, awaiting response... 200 OK
Length: 1001619 (978K) [text/xml]
Saving to: 'H.ccECP.xml'

     0K .......... .......... .......... .......... ..........  5% 30.4M 0s
    50K .......... .......... .......... .......... .......... 10% 58.3M 0s
   100K .......... .......... .......... .......... .......... 15% 64.9M 0s
   150K .......... .......... .......... .......... .......... 20% 66.4M 0s
   200K .......... .......... .......... .......... .......... 25% 62.6M 0s
   250K .......... .......... .......... .......... .......... 30% 56.4M 0s
   300K .......... .......... .......... .......... .......... 35% 69.1M 0s
   350K .......... .......... .......... .......... .......... 40% 23.1M 0s
   400K .......... .......... .......... .......... .......... 46% 53.6M 0s
   450K .......... .......... .......... .......... .......... 51% 61.2M 0s
   500K .......... .......... .......... .......... .......... 56% 55.5M 0s
   550K .......... .......... .......... .......... .......... 61% 71.7M 0s
   600K .......... .......... .......... .......... .......... 66% 62.8M 0s
   650K .......... .......... .......... .......... .......... 71% 65.2M 0s
   700K .......... .......... .......... .......... .......... 76% 71.0M 0s
   750K .......... .......... .......... .......... .......... 81% 71.4M 0s
   800K .......... .......... .......... .......... .......... 86% 61.0M 0s
   850K .......... .......... .......... .......... .......... 92% 71.9M 0s
   900K .......... .......... .......... .......... .......... 97% 71.4M 0s
   950K .......... .......... ........                        100% 59.1M=0.02s

2020-07-09 06:32:53 (55.6 MB/s) - 'H.ccECP.xml' saved [1001619/1001619]

Rank =    0  Free Memory = 561290 MB
Rank =    1  Free Memory = 561290 MB
Rank =    2  Free Memory = 561655 MB
Rank =    4  Free Memory = 563432 MB
Rank =    6  Free Memory = 564276 MB
Rank =    3  Free Memory = 561655 MB
Rank =    5  Free Memory = 563432 MB
Rank =    7  Free Memory = 564276 MB
Rank =   10  Free Memory = 562545 MB
Rank =    8  Free Memory = 563750 MB
Rank =   11  Free Memory = 562545 MB
Rank =   14  Free Memory = 561984 MB
Rank =    9  Free Memory = 563750 MB
Rank =   18  Free Memory = 561205 MB
Rank =   15  Free Memory = 561984 MB
Rank =   22  Free Memory = 563745 MB
Rank =   12  Free Memory = 562622 MB
Rank =   19  Free Memory = 561205 MB
Rank =   23  Free Memory = 563745 MB
Rank =   30  Free Memory = 564294 MB
Rank =   26  Free Memory = 563562 MB
Rank =   13  Free Memory = 562622 MB
Rank =   16  Free Memory = 562157 MB
Rank =   31  Free Memory = 564294 MB
Rank =   27  Free Memory = 563562 MB
Rank =   17  Free Memory = 562157 MB
Rank =   34  Free Memory = 563945 MB
Rank =   38  Free Memory = 562119 MB
Rank =   24  Free Memory = 564063 MB
Rank =   35  Free Memory = 563945 MB
Rank =   39  Free Memory = 562119 MB
Rank =   46  Free Memory = 560683 MB
Rank =   25  Free Memory = 564063 MB
Rank =   42  Free Memory = 560560 MB
Rank =   47  Free Memory = 560683 MB
Rank =   43  Free Memory = 560560 MB
Rank =   54  Free Memory = 575940 MB
Rank =   28  Free Memory = 563608 MB
Rank =   62  Free Memory = 545199 MB
Rank =   32  Free Memory = 563834 MB
Rank =   50  Free Memory = 558542 MB
Rank =   55  Free Memory = 575940 MB
Rank =   63  Free Memory = 545199 MB
Rank =   33  Free Memory = 563834 MB
Rank =   51  Free Memory = 558542 MB
Rank =   29  Free Memory = 563608 MB
Rank =   58  Free Memory = 546576 MB
Rank =   36  Free Memory = 561683 MB
Rank =   59  Free Memory = 546576 MB
Rank =   37  Free Memory = 561683 MB
Rank =   40  Free Memory = 561014 MB
Rank =   41  Free Memory = 561014 MB
Rank =   44  Free Memory = 560732 MB
Rank =   48  Free Memory = 561672 MB
Rank =   45  Free Memory = 560732 MB
Rank =   49  Free Memory = 561672 MB
Rank =   56  Free Memory = 546474 MB
Rank =   57  Free Memory = 546474 MB
Rank =   60  Free Memory = 544294 MB
Rank =   61  Free Memory = 544294 MB
Rank =   52  Free Memory = 558962 MB
Rank =   20  Free Memory = 562287 MB
Rank =   53  Free Memory = 558962 MB
Rank =   21  Free Memory = 562287 MB
Rank =    0  Free Memory = 561253 MB
Rank =    1  Free Memory = 561253 MB
Rank =    2  Free Memory = 561628 MB
Rank =    3  Free Memory = 561628 MB
Rank =    4  Free Memory = 563406 MB
Rank =    6  Free Memory = 564245 MB
Rank =   10  Free Memory = 562513 MB
Rank =    7  Free Memory = 564245 MB
Rank =    5  Free Memory = 563406 MB
Rank =    8  Free Memory = 563723 MB
Rank =   11  Free Memory = 562513 MB
Rank =   14  Free Memory = 561954 MB
Rank =    9  Free Memory = 563723 MB
Rank =   18  Free Memory = 561177 MB
Rank =   15  Free Memory = 561954 MB
Rank =   22  Free Memory = 563716 MB
Rank =   30  Free Memory = 564261 MB
Rank =   19  Free Memory = 561177 MB
Rank =   12  Free Memory = 562596 MB
Rank =   23  Free Memory = 563716 MB
Rank =   26  Free Memory = 563532 MB
Rank =   13  Free Memory = 562596 MB
Rank =   38  Free Memory = 562086 MB
Rank =   16  Free Memory = 562132 MB
Rank =   27  Free Memory = 563532 MB
Rank =   39  Free Memory = 562086 MB
Rank =   34  Free Memory = 563913 MB
Rank =   46  Free Memory = 560643 MB
Rank =   17  Free Memory = 562132 MB
Rank =   20  Free Memory = 562250 MB
Rank =   35  Free Memory = 563913 MB
Rank =   47  Free Memory = 560643 MB
Rank =   54  Free Memory = 575900 MB
Rank =   62  Free Memory = 545170 MB
Rank =   42  Free Memory = 560529 MB
Rank =   55  Free Memory = 575900 MB
Rank =   21  Free Memory = 562250 MB
Rank =   63  Free Memory = 545170 MB
Rank =   24  Free Memory = 564046 MB
Rank =   43  Free Memory = 560529 MB
Rank =   25  Free Memory = 564046 MB
Rank =   50  Free Memory = 558515 MB
Rank =   51  Free Memory = 558515 MB
Rank =   32  Free Memory = 563797 MB
Rank =   58  Free Memory = 546545 MB
Rank =   28  Free Memory = 563578 MB
Rank =   31  Free Memory = 564261 MB
Rank =   33  Free Memory = 563797 MB
Rank =   59  Free Memory = 546545 MB
Rank =   29  Free Memory = 563578 MB
Rank =   36  Free Memory = 561652 MB
Rank =   37  Free Memory = 561652 MB
Rank =   40  Free Memory = 560984 MB
Rank =   41  Free Memory = 560984 MB
Rank =   44  Free Memory = 560700 MB
Rank =   45  Free Memory = 560700 MB
Rank =   48  Free Memory = 561641 MB
Rank =   49  Free Memory = 561641 MB
Rank =   52  Free Memory = 558934 MB
Rank =   60  Free Memory = 544262 MB
Rank =   61  Free Memory = 544262 MB
Rank =   53  Free Memory = 558934 MB
Rank =   56  Free Memory = 546443 MB
Rank =   57  Free Memory = 546443 MB
User defined signal 2
ERROR:  One or more process (first noticed rank 1) terminated with signal 12
