Index of ion charge 0
Index of valence charge 1
Using qmc.dump to name output files
usingECP: yes
Multideterminant: yes
NUMBER OF AOs: 324
Size of Basis Set: 324
NUMBER OF MOs: 263
Number of alpha electrons: 4
Number of beta electrons: 4
Number of electrons: 8
SPIN MULTIPLICITY: 1
NUMBER OF ATOMS: 5
1 Found ECP for atom 0 with zcore 10
1 Found ECP for atom 1 with zcore 0
1 Found ECP for atom 2 with zcore 0
1 Found ECP for atom 3 with zcore 0
1 Found ECP for atom 4 with zcore 0
Finished reading MO.
Found 2073 Determinants
# core, #active, #external: 0 263 0
 Done reading CIs!!
 QMCGaussianParserBase::dump 
Number of alpha electrons 4
Number of beta electrons 4
Adding Two-Body and One-Body jastrows with rcut="10" and size="10"
Adding Three-Body jastrows with rcut="5"
 Generating production input file designed for large calculations.
 Modify according to the accuracy you would like to achieve. 
Hamiltonian using ECP for Electron Ion=1

------------------------------------------------------------
Sender: LSF System <lsfadmin@batch2>
Subject: Job 211221: <SiH4_gs_cis> in cluster <summit> Exited

Job <SiH4_gs_cis> was submitted from host <login4> by user <aannabe> in cluster <summit> at Thu Jul  9 06:02:26 2020
Job was executed on host(s) <1*batch2>, in queue <batch>, as user <aannabe> in cluster <summit> at Thu Jul  9 06:32:15 2020
                            <42*f06n09>
                            <42*f06n10>
                            <42*f10n01>
                            <42*f10n02>
                            <42*f10n03>
                            <42*f10n04>
                            <42*f10n05>
                            <42*f10n06>
                            <42*f10n07>
                            <42*f10n08>
                            <42*f10n09>
                            <42*f10n10>
                            <42*f10n11>
                            <42*f10n12>
                            <42*g29n09>
                            <42*g29n10>
                            <42*g29n11>
                            <42*g29n12>
                            <42*g32n02>
                            <42*g32n04>
                            <42*g32n05>
                            <42*g32n06>
                            <42*g32n08>
                            <42*g32n09>
                            <42*g32n10>
                            <42*h29n18>
                            <42*h30n01>
                            <42*h30n02>
                            <42*h30n03>
                            <42*h30n04>
                            <42*h30n05>
                            <42*h30n06>
</ccs/home/aannabe> was used as the home directory.
</gpfs/alpine/mat151/proj-shared/aannabe/docs/molecules_Si/SiH4/qp2/cis/gs> was used as the working directory.
Started at Thu Jul  9 06:32:15 2020
Terminated at Thu Jul  9 08:32:57 2020
Results reported at Thu Jul  9 08:32:57 2020

The output (if any) is above this job summary.



PS:

Read file <SiH4_gs_cis.err> for stderr output of this job.

