#-------------------------------------------------
#VMC run: timestep 1 nconfig 544 steps 25
#-------------------------------------------------


init { 
   label vmc
}
block { 
   label vmc
   totweight 13600
   nautocorr 0
   total_energy { -4.918828988546356   } 
   total_energyvar { 0.0314083655666286   } 
   weight { 1   } 
   weightvar { 0   } 
   kinetic_energy { 2.632185153384552   } 
   kinetic_energyvar { 2.552237028176976   } 
   potential_energy { -8.166417860991167   } 
   potential_energyvar { 3.640998933013141   } 
   nonlocal_energy { 0.6154037190602601   } 
   nonlocal_energyvar { 2.147757572799122   } 
   autocorr_energy { } 
} 

block { 
   label vmc
   totweight 13600
   nautocorr 0
   total_energy { -4.921005377017464   } 
   total_energyvar { 0.03082352959101074   } 
   weight { 1   } 
   weightvar { 0   } 
   kinetic_energy { 2.666311360557791   } 
   kinetic_energyvar { 2.998881422878874   } 
   potential_energy { -8.217312055641044   } 
   potential_energyvar { 3.781942278101589   } 
   nonlocal_energy { 0.6299953180657888   } 
   nonlocal_energyvar { 2.703629442042657   } 
   autocorr_energy { } 
} 

block { 
   label vmc
   totweight 13600
   nautocorr 0
   total_energy { -4.921355208526023   } 
   total_energyvar { 0.03334564907680715   } 
   weight { 1   } 
   weightvar { 0   } 
   kinetic_energy { 2.655965438186453   } 
   kinetic_energyvar { 2.91208711079224   } 
   potential_energy { -8.239559415257911   } 
   potential_energyvar { 4.478868151238885   } 
   nonlocal_energy { 0.6622387685454341   } 
   nonlocal_energyvar { 2.927808221940668   } 
   autocorr_energy { } 
} 

block { 
   label vmc
   totweight 13600
   nautocorr 0
   total_energy { -4.921802353375208   } 
   total_energyvar { 0.03203780025752205   } 
   weight { 1   } 
   weightvar { 0   } 
   kinetic_energy { 2.659720161337447   } 
   kinetic_energyvar { 2.828972572133809   } 
   potential_energy { -8.198341562239545   } 
   potential_energyvar { 3.827587378511499   } 
   nonlocal_energy { 0.6168190475268891   } 
   nonlocal_energyvar { 2.047395137737171   } 
   autocorr_energy { } 
} 

block { 
   label vmc
   totweight 13600
   nautocorr 0
   total_energy { -4.918328844269757   } 
   total_energyvar { 0.03430073575122258   } 
   weight { 1   } 
   weightvar { 0   } 
   kinetic_energy { 2.646752017424905   } 
   kinetic_energyvar { 2.643621167891396   } 
   potential_energy { -8.212785050367987   } 
   potential_energyvar { 3.591192261534133   } 
   nonlocal_energy { 0.6477041886733245   } 
   nonlocal_energyvar { 2.210923737194227   } 
   autocorr_energy { } 
} 

block { 
   label vmc
   totweight 13600
   nautocorr 0
   total_energy { -4.918265101945241   } 
   total_energyvar { 0.0300011718780694   } 
   weight { 1   } 
   weightvar { 0   } 
   kinetic_energy { 2.638561165272346   } 
   kinetic_energyvar { 2.548394554532305   } 
   potential_energy { -8.180327598163004   } 
   potential_energyvar { 3.724330733540992   } 
   nonlocal_energy { 0.623501330945417   } 
   nonlocal_energyvar { 1.92819058483585   } 
   autocorr_energy { } 
} 

block { 
   label vmc
   totweight 13600
   nautocorr 0
   total_energy { -4.918419879364179   } 
   total_energyvar { 0.03323375296449566   } 
   weight { 1   } 
   weightvar { 0   } 
   kinetic_energy { 2.668148000469427   } 
   kinetic_energyvar { 2.872806643563912   } 
   potential_energy { -8.214300968620364   } 
   potential_energyvar { 3.670753881888995   } 
   nonlocal_energy { 0.6277330887867586   } 
   nonlocal_energyvar { 2.061328976588174   } 
   autocorr_energy { } 
} 

block { 
   label vmc
   totweight 13600
   nautocorr 0
   total_energy { -4.921203210023336   } 
   total_energyvar { 0.03424092250492237   } 
   weight { 1   } 
   weightvar { 0   } 
   kinetic_energy { 2.633434366076639   } 
   kinetic_energyvar { 2.834600964254641   } 
   potential_energy { -8.190590008050506   } 
   potential_energyvar { 3.923407526689699   } 
   nonlocal_energy { 0.635952431950532   } 
   nonlocal_energyvar { 2.409482744049064   } 
   autocorr_energy { } 
} 

block { 
   label vmc
   totweight 13600
   nautocorr 0
   total_energy { -4.919321076541288   } 
   total_energyvar { 0.03243270570961558   } 
   weight { 1   } 
   weightvar { 0   } 
   kinetic_energy { 2.633775910224616   } 
   kinetic_energyvar { 2.575430037323494   } 
   potential_energy { -8.196047700518886   } 
   potential_energyvar { 3.475299940522884   } 
   nonlocal_energy { 0.6429507137529822   } 
   nonlocal_energyvar { 2.017375574929857   } 
   autocorr_energy { } 
} 

block { 
   label vmc
   totweight 13600
   nautocorr 0
   total_energy { -4.920807905183031   } 
   total_energyvar { 0.03047747913616234   } 
   weight { 1   } 
   weightvar { 0   } 
   kinetic_energy { 2.675749030391108   } 
   kinetic_energyvar { 2.949507397531022   } 
   potential_energy { -8.211561288452817   } 
   potential_energyvar { 3.9889321194007   } 
   nonlocal_energy { 0.6150043528786797   } 
   nonlocal_energyvar { 2.318491323167428   } 
   autocorr_energy { } 
} 

block { 
   label vmc
   totweight 13600
   nautocorr 0
   total_energy { -4.922485625173239   } 
   total_energyvar { 0.02893066359629008   } 
   weight { 1   } 
   weightvar { 0   } 
   kinetic_energy { 2.680737998011247   } 
   kinetic_energyvar { 2.699368095220713   } 
   potential_energy { -8.207222386179268   } 
   potential_energyvar { 3.774244023537714   } 
   nonlocal_energy { 0.6039987629947821   } 
   nonlocal_energyvar { 2.059072274929969   } 
   autocorr_energy { } 
} 

block { 
   label vmc
   totweight 13600
   nautocorr 0
   total_energy { -4.922807251166243   } 
   total_energyvar { 0.03141786584579109   } 
   weight { 1   } 
   weightvar { 0   } 
   kinetic_energy { 2.626345919594612   } 
   kinetic_energyvar { 2.871549066282745   } 
   potential_energy { -8.186820939562653   } 
   potential_energyvar { 3.893726752773289   } 
   nonlocal_energy { 0.6376677688017975   } 
   nonlocal_energyvar { 2.544566168962512   } 
   autocorr_energy { } 
} 

block { 
   label vmc
   totweight 13600
   nautocorr 0
   total_energy { -4.920575824256757   } 
   total_energyvar { 0.03532207956574016   } 
   weight { 1   } 
   weightvar { 0   } 
   kinetic_energy { 2.623756291709195   } 
   kinetic_energyvar { 2.922833323085301   } 
   potential_energy { -8.188110202028334   } 
   potential_energyvar { 3.975414730577322   } 
   nonlocal_energy { 0.6437780860623824   } 
   nonlocal_energyvar { 2.339588663454842   } 
   autocorr_energy { } 
} 

block { 
   label vmc
   totweight 13600
   nautocorr 0
   total_energy { -4.919891863110024   } 
   total_energyvar { 0.03047723084058048   } 
   weight { 1   } 
   weightvar { 0   } 
   kinetic_energy { 2.660451910059537   } 
   kinetic_energyvar { 2.83944510470888   } 
   potential_energy { -8.199868711457695   } 
   potential_energyvar { 3.744292932426697   } 
   nonlocal_energy { 0.6195249382881333   } 
   nonlocal_energyvar { 2.189492371073827   } 
   autocorr_energy { } 
} 

block { 
   label vmc
   totweight 13600
   nautocorr 0
   total_energy { -4.920290701974199   } 
   total_energyvar { 0.03433464845453648   } 
   weight { 1   } 
   weightvar { 0   } 
   kinetic_energy { 2.648288556966111   } 
   kinetic_energyvar { 2.696880479540704   } 
   potential_energy { -8.185205739983173   } 
   potential_energyvar { 3.880161022726428   } 
   nonlocal_energy { 0.6166264810428642   } 
   nonlocal_energyvar { 2.104433797129706   } 
   autocorr_energy { } 
} 

block { 
   label vmc
   totweight 13600
   nautocorr 0
   total_energy { -4.922385519126471   } 
   total_energyvar { 0.02969298834350697   } 
   weight { 1   } 
   weightvar { 0   } 
   kinetic_energy { 2.671383100542686   } 
   kinetic_energyvar { 2.760347032688189   } 
   potential_energy { -8.221351948277272   } 
   potential_energyvar { 4.142595861378879   } 
   nonlocal_energy { 0.6275833286081155   } 
   nonlocal_energyvar { 2.288813745295395   } 
   autocorr_energy { } 
} 

block { 
   label vmc
   totweight 13600
   nautocorr 0
   total_energy { -4.920675056486685   } 
   total_energyvar { 0.03345290478811198   } 
   weight { 1   } 
   weightvar { 0   } 
   kinetic_energy { 2.657543063531053   } 
   kinetic_energyvar { 2.76844629443865   } 
   potential_energy { -8.189465835421652   } 
   potential_energyvar { 3.684204359982615   } 
   nonlocal_energy { 0.611247715403912   } 
   nonlocal_energyvar { 1.967973279549213   } 
   autocorr_energy { } 
} 

block { 
   label vmc
   totweight 13600
   nautocorr 0
   total_energy { -4.921848808530228   } 
   total_energyvar { 0.03123627778227917   } 
   weight { 1   } 
   weightvar { 0   } 
   kinetic_energy { 2.644395219959357   } 
   kinetic_energyvar { 2.858148629490213   } 
   potential_energy { -8.226867295591362   } 
   potential_energyvar { 4.113050977940699   } 
   nonlocal_energy { 0.6606232671017758   } 
   nonlocal_energyvar { 2.344542125939551   } 
   autocorr_energy { } 
} 

block { 
   label vmc
   totweight 13600
   nautocorr 0
   total_energy { -4.920287542576679   } 
   total_energyvar { 0.03306346800922856   } 
   weight { 1   } 
   weightvar { 0   } 
   kinetic_energy { 2.64475093544675   } 
   kinetic_energyvar { 2.632788910439755   } 
   potential_energy { -8.185856711357971   } 
   potential_energyvar { 3.528422544467755   } 
   nonlocal_energy { 0.6208182333345429   } 
   nonlocal_energyvar { 1.97670991355045   } 
   autocorr_energy { } 
} 

block { 
   label vmc
   totweight 13600
   nautocorr 0
   total_energy { -4.920376629285339   } 
   total_energyvar { 0.03045128289927047   } 
   weight { 1   } 
   weightvar { 0   } 
   kinetic_energy { 2.696130839363503   } 
   kinetic_energyvar { 2.771270908932388   } 
   potential_energy { -8.236018014864147   } 
   potential_energyvar { 3.739506777470108   } 
   nonlocal_energy { 0.6195105462153043   } 
   nonlocal_energyvar { 1.980230734015672   } 
   autocorr_energy { } 
} 

block { 
   label vmc
   totweight 13600
   nautocorr 0
   total_energy { -4.920946697948063   } 
   total_energyvar { 0.03121729651312352   } 
   weight { 1   } 
   weightvar { 0   } 
   kinetic_energy { 2.646164298558904   } 
   kinetic_energyvar { 2.715149540586883   } 
   potential_energy { -8.211109586840568   } 
   potential_energyvar { 4.079261381839249   } 
   nonlocal_energy { 0.6439985903335994   } 
   nonlocal_energyvar { 2.106738769346288   } 
   autocorr_energy { } 
} 

block { 
   label vmc
   totweight 13600
   nautocorr 0
   total_energy { -4.919202960353439   } 
   total_energyvar { 0.03022262403089161   } 
   weight { 1   } 
   weightvar { 0   } 
   kinetic_energy { 2.634590964608574   } 
   kinetic_energyvar { 2.762184384738736   } 
   potential_energy { -8.184326314782814   } 
   potential_energyvar { 3.523596693829018   } 
   nonlocal_energy { 0.630532389820802   } 
   nonlocal_energyvar { 1.985194549021627   } 
   autocorr_energy { } 
} 

block { 
   label vmc
   totweight 13600
   nautocorr 0
   total_energy { -4.921570464714111   } 
   total_energyvar { 0.02882371480173739   } 
   weight { 1   } 
   weightvar { 0   } 
   kinetic_energy { 2.638835295520352   } 
   kinetic_energyvar { 2.503294199703908   } 
   potential_energy { -8.153113677101324   } 
   potential_energyvar { 3.405887979766453   } 
   nonlocal_energy { 0.5927079168668602   } 
   nonlocal_energyvar { 1.575388831139519   } 
   autocorr_energy { } 
} 

block { 
   label vmc
   totweight 13600
   nautocorr 0
   total_energy { -4.920958996527621   } 
   total_energyvar { 0.03080764399117387   } 
   weight { 1   } 
   weightvar { 0   } 
   kinetic_energy { 2.616758399839475   } 
   kinetic_energyvar { 2.525494353399734   } 
   potential_energy { -8.162936420839531   } 
   potential_energyvar { 3.556604638262236   } 
   nonlocal_energy { 0.6252190244724339   } 
   nonlocal_energyvar { 2.012080856645377   } 
   autocorr_energy { } 
} 

block { 
   label vmc
   totweight 13600
   nautocorr 0
   total_energy { -4.918501914566547   } 
   total_energyvar { 0.02983536185140962   } 
   weight { 1   } 
   weightvar { 0   } 
   kinetic_energy { 2.645202124331316   } 
   kinetic_energyvar { 2.568027072626172   } 
   potential_energy { -8.167472225584818   } 
   potential_energyvar { 3.325877229723143   } 
   nonlocal_energy { 0.6037681866869558   } 
   nonlocal_energyvar { 1.843275248891683   } 
   autocorr_energy { } 
} 

block { 
   label vmc
   totweight 13600
   nautocorr 0
   total_energy { -4.921755408793026   } 
   total_energyvar { 0.02817711302150805   } 
   weight { 1   } 
   weightvar { 0   } 
   kinetic_energy { 2.654761800218955   } 
   kinetic_energyvar { 2.575151023901241   } 
   potential_energy { -8.193505407190601   } 
   potential_energyvar { 3.534820037080712   } 
   nonlocal_energy { 0.6169881981786196   } 
   nonlocal_energyvar { 1.930327942758311   } 
   autocorr_energy { } 
} 

block { 
   label vmc
   totweight 13600
   nautocorr 0
   total_energy { -4.918781350813436   } 
   total_energyvar { 0.03373934721150838   } 
   weight { 1   } 
   weightvar { 0   } 
   kinetic_energy { 2.680046571508592   } 
   kinetic_energyvar { 2.948856073456605   } 
   potential_energy { -8.281776708967913   } 
   potential_energyvar { 5.375670512231641   } 
   nonlocal_energy { 0.6829487866458837   } 
   nonlocal_energyvar { 3.140250770366661   } 
   autocorr_energy { } 
} 

block { 
   label vmc
   totweight 13600
   nautocorr 0
   total_energy { -4.919841131436984   } 
   total_energyvar { 0.03261070978023585   } 
   weight { 1   } 
   weightvar { 0   } 
   kinetic_energy { 2.657173411822817   } 
   kinetic_energyvar { 2.932257550861299   } 
   potential_energy { -8.213089896121012   } 
   potential_energyvar { 3.892142611199549   } 
   nonlocal_energy { 0.6360753528612122   } 
   nonlocal_energyvar { 2.423779509816321   } 
   autocorr_energy { } 
} 

block { 
   label vmc
   totweight 13600
   nautocorr 0
   total_energy { -4.92119365058299   } 
   total_energyvar { 0.03043095474715378   } 
   weight { 1   } 
   weightvar { 0   } 
   kinetic_energy { 2.653993643529919   } 
   kinetic_energyvar { 2.798010484445297   } 
   potential_energy { -8.206801336263215   } 
   potential_energyvar { 3.891797460877316   } 
   nonlocal_energy { 0.6316140421503061   } 
   nonlocal_energyvar { 1.884874510502629   } 
   autocorr_energy { } 
} 

block { 
   label vmc
   totweight 13600
   nautocorr 0
   total_energy { -4.919755007151069   } 
   total_energyvar { 0.02665035810756159   } 
   weight { 1   } 
   weightvar { 0   } 
   kinetic_energy { 2.630803321325684   } 
   kinetic_energyvar { 2.604714550557454   } 
   potential_energy { -8.162857894829076   } 
   potential_energyvar { 3.757352451141462   } 
   nonlocal_energy { 0.6122995663523226   } 
   nonlocal_energyvar { 1.981884636936739   } 
   autocorr_energy { } 
} 

block { 
   label vmc
   totweight 13600
   nautocorr 0
   total_energy { -4.919296375990718   } 
   total_energyvar { 0.03738979153381108   } 
   weight { 1   } 
   weightvar { 0   } 
   kinetic_energy { 2.647344549930065   } 
   kinetic_energyvar { 2.839995863835334   } 
   potential_energy { -8.212615173577852   } 
   potential_energyvar { 3.844725129301523   } 
   nonlocal_energy { 0.64597424765707   } 
   nonlocal_energyvar { 2.182445813465249   } 
   autocorr_energy { } 
} 

block { 
   label vmc
   totweight 13600
   nautocorr 0
   total_energy { -4.921615642593858   } 
   total_energyvar { 0.03239111976913649   } 
   weight { 1   } 
   weightvar { 0   } 
   kinetic_energy { 2.64683130781167   } 
   kinetic_energyvar { 2.754030772080772   } 
   potential_energy { -8.184656000408777   } 
   potential_energyvar { 3.451082425328072   } 
   nonlocal_energy { 0.6162090500032493   } 
   nonlocal_energyvar { 2.068612926603485   } 
   autocorr_energy { } 
} 

block { 
   label vmc
   totweight 13600
   nautocorr 0
   total_energy { -4.921761411013878   } 
   total_energyvar { 0.03424365370546606   } 
   weight { 1   } 
   weightvar { 0   } 
   kinetic_energy { 2.641485940024567   } 
   kinetic_energyvar { 2.679411689937857   } 
   potential_energy { -8.198273937872781   } 
   potential_energyvar { 3.472449889953349   } 
   nonlocal_energy { 0.6350265868343352   } 
   nonlocal_energyvar { 2.126396729181235   } 
   autocorr_energy { } 
} 

block { 
   label vmc
   totweight 13600
   nautocorr 0
   total_energy { -4.921704561641799   } 
   total_energyvar { 0.03191485221335506   } 
   weight { 1   } 
   weightvar { 0   } 
   kinetic_energy { 2.696697699504001   } 
   kinetic_energyvar { 2.962899645432235   } 
   potential_energy { -8.232993664219917   } 
   potential_energyvar { 3.850987088515422   } 
   nonlocal_energy { 0.6145914030741155   } 
   nonlocal_energyvar { 2.166266593026322   } 
   autocorr_energy { } 
} 

block { 
   label vmc
   totweight 13600
   nautocorr 0
   total_energy { -4.91929111273564   } 
   total_energyvar { 0.03293152956671236   } 
   weight { 1   } 
   weightvar { 0   } 
   kinetic_energy { 2.65776349294226   } 
   kinetic_energyvar { 2.767555602069192   } 
   potential_energy { -8.217277052663398   } 
   potential_energyvar { 4.141023175066207   } 
   nonlocal_energy { 0.640222446985498   } 
   nonlocal_energyvar { 2.117165410968183   } 
   autocorr_energy { } 
} 

block { 
   label vmc
   totweight 13600
   nautocorr 0
   total_energy { -4.921528624983543   } 
   total_energyvar { 0.03224579033826025   } 
   weight { 1   } 
   weightvar { 0   } 
   kinetic_energy { 2.670251547738852   } 
   kinetic_energyvar { 3.046713532794561   } 
   potential_energy { -8.243036442271263   } 
   potential_energyvar { 4.795106093336654   } 
   nonlocal_energy { 0.6512562695488681   } 
   nonlocal_energyvar { 2.735919541766181   } 
   autocorr_energy { } 
} 

block { 
   label vmc
   totweight 13600
   nautocorr 0
   total_energy { -4.920029295933786   } 
   total_energyvar { 0.031569113779473   } 
   weight { 1   } 
   weightvar { 0   } 
   kinetic_energy { 2.662998402060792   } 
   kinetic_energyvar { 2.794610086567308   } 
   potential_energy { -8.195861085539686   } 
   potential_energyvar { 3.792286413923185   } 
   nonlocal_energy { 0.6128333875451065   } 
   nonlocal_energyvar { 2.155282947660846   } 
   autocorr_energy { } 
} 

block { 
   label vmc
   totweight 13600
   nautocorr 0
   total_energy { -4.919180717855764   } 
   total_energyvar { 0.03331446655019221   } 
   weight { 1   } 
   weightvar { 0   } 
   kinetic_energy { 2.595080845050144   } 
   kinetic_energyvar { 2.532664004788313   } 
   potential_energy { -8.140796714505305   } 
   potential_energyvar { 3.519065443633707   } 
   nonlocal_energy { 0.6265351515993959   } 
   nonlocal_energyvar { 2.048383440698871   } 
   autocorr_energy { } 
} 

block { 
   label vmc
   totweight 13600
   nautocorr 0
   total_energy { -4.922417938127334   } 
   total_energyvar { 0.03286195021066086   } 
   weight { 1   } 
   weightvar { 0   } 
   kinetic_energy { 2.647360419526638   } 
   kinetic_energyvar { 2.804551684050898   } 
   potential_energy { -8.224342218191392   } 
   potential_energyvar { 3.64342648820283   } 
   nonlocal_energy { 0.6545638605374212   } 
   nonlocal_energyvar { 2.497810745942214   } 
   autocorr_energy { } 
} 

block { 
   label vmc
   totweight 13600
   nautocorr 0
   total_energy { -4.92214403898834   } 
   total_energyvar { 0.03221674508205771   } 
   weight { 1   } 
   weightvar { 0   } 
   kinetic_energy { 2.688726942730657   } 
   kinetic_energyvar { 2.82590334113988   } 
   potential_energy { -8.257200834689868   } 
   potential_energyvar { 4.408045286516608   } 
   nonlocal_energy { 0.646329852970872   } 
   nonlocal_energyvar { 2.277292424647899   } 
   autocorr_energy { } 
} 

block { 
   label vmc
   totweight 13600
   nautocorr 0
   total_energy { -4.922532537743519   } 
   total_energyvar { 0.03135417707190635   } 
   weight { 1   } 
   weightvar { 0   } 
   kinetic_energy { 2.676262213512714   } 
   kinetic_energyvar { 2.792097706140368   } 
   potential_energy { -8.24210069072684   } 
   potential_energyvar { 4.21363519863104   } 
   nonlocal_energy { 0.6433059394706071   } 
   nonlocal_energyvar { 2.348427310491989   } 
   autocorr_energy { } 
} 

block { 
   label vmc
   totweight 13600
   nautocorr 0
   total_energy { -4.921819549106491   } 
   total_energyvar { 0.03082190395016209   } 
   weight { 1   } 
   weightvar { 0   } 
   kinetic_energy { 2.655895019563551   } 
   kinetic_energyvar { 2.7737474128096   } 
   potential_energy { -8.200720569600033   } 
   potential_energyvar { 3.741625232489337   } 
   nonlocal_energy { 0.6230060009299913   } 
   nonlocal_energyvar { 2.136404956454622   } 
   autocorr_energy { } 
} 

block { 
   label vmc
   totweight 13600
   nautocorr 0
   total_energy { -4.921203565829515   } 
   total_energyvar { 0.03276153636636277   } 
   weight { 1   } 
   weightvar { 0   } 
   kinetic_energy { 2.658830740466006   } 
   kinetic_energyvar { 2.676511980807907   } 
   potential_energy { -8.232313983665   } 
   potential_energyvar { 3.939138882806184   } 
   nonlocal_energy { 0.6522796773694782   } 
   nonlocal_energyvar { 2.308663991114492   } 
   autocorr_energy { } 
} 

block { 
   label vmc
   totweight 13600
   nautocorr 0
   total_energy { -4.921748047308662   } 
   total_energyvar { 0.03033207998927764   } 
   weight { 1   } 
   weightvar { 0   } 
   kinetic_energy { 2.650597998010228   } 
   kinetic_energyvar { 2.905339527567768   } 
   potential_energy { -8.191428817319167   } 
   potential_energyvar { 3.739997420467438   } 
   nonlocal_energy { 0.6190827720002765   } 
   nonlocal_energyvar { 2.08785943450883   } 
   autocorr_energy { } 
} 

block { 
   label vmc
   totweight 13600
   nautocorr 0
   total_energy { -4.919697766211849   } 
   total_energyvar { 0.02769918078576718   } 
   weight { 1   } 
   weightvar { 0   } 
   kinetic_energy { 2.675424603585365   } 
   kinetic_energyvar { 2.672545814772702   } 
   potential_energy { -8.200680446525002   } 
   potential_energyvar { 3.759539772066308   } 
   nonlocal_energy { 0.6055580767277886   } 
   nonlocal_energyvar { 1.800579755420868   } 
   autocorr_energy { } 
} 

block { 
   label vmc
   totweight 13600
   nautocorr 0
   total_energy { -4.921614406930941   } 
   total_energyvar { 0.0327780045662958   } 
   weight { 1   } 
   weightvar { 0   } 
   kinetic_energy { 2.605577103458024   } 
   kinetic_energyvar { 2.423300828947372   } 
   potential_energy { -8.171047035445701   } 
   potential_energyvar { 5.060441264169055   } 
   nonlocal_energy { 0.6438555250567363   } 
   nonlocal_energyvar { 3.612378694001186   } 
   autocorr_energy { } 
} 

block { 
   label vmc
   totweight 13600
   nautocorr 0
   total_energy { -4.921949957827825   } 
   total_energyvar { 0.0334381158458195   } 
   weight { 1   } 
   weightvar { 0   } 
   kinetic_energy { 2.662330436793408   } 
   kinetic_energyvar { 2.736549820043576   } 
   potential_energy { -8.202750043776462   } 
   potential_energyvar { 3.519798564524443   } 
   nonlocal_energy { 0.6184696491552294   } 
   nonlocal_energyvar { 1.87341025844075   } 
   autocorr_energy { } 
} 

block { 
   label vmc
   totweight 13600
   nautocorr 0
   total_energy { -4.920046542635347   } 
   total_energyvar { 0.03266047428504857   } 
   weight { 1   } 
   weightvar { 0   } 
   kinetic_energy { 2.63091945434737   } 
   kinetic_energyvar { 2.651617229431265   } 
   potential_energy { -8.181356771470854   } 
   potential_energyvar { 4.326685604108841   } 
   nonlocal_energy { 0.6303907744881382   } 
   nonlocal_energyvar { 2.504004738528966   } 
   autocorr_energy { } 
} 

block { 
   label vmc
   totweight 13600
   nautocorr 0
   total_energy { -4.920975042983268   } 
   total_energyvar { 0.03380015201054665   } 
   weight { 1   } 
   weightvar { 0   } 
   kinetic_energy { 2.645234788832986   } 
   kinetic_energyvar { 3.025962062871578   } 
   potential_energy { -8.212757956689309   } 
   potential_energyvar { 3.610147399993255   } 
   nonlocal_energy { 0.6465481248730556   } 
   nonlocal_energyvar { 2.863771547658412   } 
   autocorr_energy { } 
} 

block { 
   label vmc
   totweight 13600
   nautocorr 0
   total_energy { -4.924401528943378   } 
   total_energyvar { 0.03380553220885713   } 
   weight { 1   } 
   weightvar { 0   } 
   kinetic_energy { 2.651059126368801   } 
   kinetic_energyvar { 2.552877494796974   } 
   potential_energy { -8.194013798740231   } 
   potential_energyvar { 3.427730307846752   } 
   nonlocal_energy { 0.6185531434280516   } 
   nonlocal_energyvar { 1.775161192696566   } 
   autocorr_energy { } 
} 

