#-------------------------------------------------
#DMC run: timestep 0.001
#-------------------------------------------------


init { 
   label 0.001
}
#-------------------------------------------------
#DMC run: timestep 0.001
#-------------------------------------------------


init { 
   label 0.001
}
block { 
   label 0.001
   totweight 2176000
   nautocorr 0
   total_energy { -4.926459768972387   } 
   total_energyvar { 0.03414651827780246   } 
   weight { 1.002466211731472   } 
   weightvar { 0.0043742224445636   } 
   kinetic_energy { 2.621092667445315   } 
   kinetic_energyvar { 2.681830551977102   } 
   potential_energy { -8.182603730756112   } 
   potential_energyvar { 3.89303272016917   } 
   nonlocal_energy { 0.635051294338408   } 
   nonlocal_energyvar { 2.308554572815409   } 
   autocorr_energy { } 
} 

block { 
   label 0.001
   totweight 2176000
   nautocorr 0
   total_energy { -4.932021772404926   } 
   total_energyvar { 0.03361790151521523   } 
   weight { 1.005845030448326   } 
   weightvar { 0.01978835464072113   } 
   kinetic_energy { 2.604762876643222   } 
   kinetic_energyvar { 2.718423466918251   } 
   potential_energy { -8.178058471803581   } 
   potential_energyvar { 3.904975953884312   } 
   nonlocal_energy { 0.6412738227554351   } 
   nonlocal_energyvar { 2.34273488776567   } 
   autocorr_energy { } 
} 

block { 
   label 0.001
   totweight 2176000
   nautocorr 0
   total_energy { -4.928067975817145   } 
   total_energyvar { 0.03158467342264334   } 
   weight { 1.003132087524547   } 
   weightvar { 0.03449104263463808   } 
   kinetic_energy { 2.632114320098077   } 
   kinetic_energyvar { 2.661303058054779   } 
   potential_energy { -8.202144662070214   } 
   potential_energyvar { 3.809533570266449   } 
   nonlocal_energy { 0.6419623661549927   } 
   nonlocal_energyvar { 2.220690749347946   } 
   autocorr_energy { } 
} 

block { 
   label 0.001
   totweight 2176000
   nautocorr 0
   total_energy { -4.928852106245686   } 
   total_energyvar { 0.03264615420693674   } 
   weight { 1.00089664574663   } 
   weightvar { 0.05015056836779305   } 
   kinetic_energy { 2.666942962760642   } 
   kinetic_energyvar { 2.734166285185572   } 
   potential_energy { -8.249378876346496   } 
   potential_energyvar { 3.937435196124712   } 
   nonlocal_energy { 0.6535838073401694   } 
   nonlocal_energyvar { 2.365815331014356   } 
   autocorr_energy { } 
} 

block { 
   label 0.001
   totweight 2176000
   nautocorr 0
   total_energy { -4.926272085847475   } 
   total_energyvar { 0.03092476467294273   } 
   weight { 0.9989719080853209   } 
   weightvar { 0.06425964737058798   } 
   kinetic_energy { 2.65083199386501   } 
   kinetic_energyvar { 2.65919784419228   } 
   potential_energy { -8.181736381369078   } 
   potential_energyvar { 3.721945292331684   } 
   nonlocal_energy { 0.6046323016565931   } 
   nonlocal_energyvar { 2.049540624408973   } 
   autocorr_energy { } 
} 

block { 
   label 0.001
   totweight 2176000
   nautocorr 0
   total_energy { -4.928792457778237   } 
   total_energyvar { 0.03482159372726107   } 
   weight { 0.9992357115325337   } 
   weightvar { 0.0744560599974589   } 
   kinetic_energy { 2.626532442150427   } 
   kinetic_energyvar { 2.767405379271552   } 
   potential_energy { -8.191108562716661   } 
   potential_energyvar { 3.806482003144684   } 
   nonlocal_energy { 0.6357836627879943   } 
   nonlocal_energyvar { 2.292928784698221   } 
   autocorr_energy { } 
} 

block { 
   label 0.001
   totweight 2176000
   nautocorr 0
   total_energy { -4.928666511466113   } 
   total_energyvar { 0.03310480531102435   } 
   weight { 0.999688635407345   } 
   weightvar { 0.07899363856459121   } 
   kinetic_energy { 2.645496828885777   } 
   kinetic_energyvar { 2.717180954015086   } 
   potential_energy { -8.195332809862755   } 
   potential_energyvar { 4.001273634286466   } 
   nonlocal_energy { 0.6211694695108643   } 
   nonlocal_energyvar { 2.365458901879816   } 
   autocorr_energy { } 
} 

block { 
   label 0.001
   totweight 2176000
   nautocorr 0
   total_energy { -4.932569262779668   } 
   total_energyvar { 0.03169094018001608   } 
   weight { 1.001614661256947   } 
   weightvar { 0.08408120360728485   } 
   kinetic_energy { 2.646257312851999   } 
   kinetic_energyvar { 2.720927663486703   } 
   potential_energy { -8.22190102713571   } 
   potential_energyvar { 3.922370628554239   } 
   nonlocal_energy { 0.6430744515040439   } 
   nonlocal_energyvar { 2.413012017483513   } 
   autocorr_energy { } 
} 

block { 
   label 0.001
   totweight 2176000
   nautocorr 0
   total_energy { -4.930490383065742   } 
   total_energyvar { 0.03114393950620915   } 
   weight { 1.002355672206027   } 
   weightvar { 0.08478261431263204   } 
   kinetic_energy { 2.68197526289913   } 
   kinetic_energyvar { 2.691463207665454   } 
   potential_energy { -8.237881508493036   } 
   potential_energyvar { 3.897526584389987   } 
   nonlocal_energy { 0.6254158625281639   } 
   nonlocal_energyvar { 2.227360859968314   } 
   autocorr_energy { } 
} 

block { 
   label 0.001
   totweight 2176000
   nautocorr 0
   total_energy { -4.928767966580701   } 
   total_energyvar { 0.0296952099222297   } 
   weight { 1.000794325602717   } 
   weightvar { 0.08685197236985767   } 
   kinetic_energy { 2.695421994267641   } 
   kinetic_energyvar { 2.713207210122942   } 
   potential_energy { -8.260804523680189   } 
   potential_energyvar { 3.927969639716772   } 
   nonlocal_energy { 0.6366145628318489   } 
   nonlocal_energyvar { 2.091851227888342   } 
   autocorr_energy { } 
} 

block { 
   label 0.001
   totweight 2176000
   nautocorr 0
   total_energy { -4.935130781265545   } 
   total_energyvar { 0.03192883309566525   } 
   weight { 1.002464655302457   } 
   weightvar { 0.09118586918262753   } 
   kinetic_energy { 2.68188314347929   } 
   kinetic_energyvar { 2.949310235200599   } 
   potential_energy { -8.25353118100894   } 
   potential_energyvar { 4.026946673449138   } 
   nonlocal_energy { 0.6365172562641044   } 
   nonlocal_energyvar { 2.282527399382994   } 
   autocorr_energy { } 
} 

block { 
   label 0.001
   totweight 2176000
   nautocorr 0
   total_energy { -4.934868361613542   } 
   total_energyvar { 0.03179499286662499   } 
   weight { 1.003926567546984   } 
   weightvar { 0.09405115687030925   } 
   kinetic_energy { 2.651350390615365   } 
   kinetic_energyvar { 2.623659366134163   } 
   potential_energy { -8.197397266637749   } 
   potential_energyvar { 3.693472056035149   } 
   nonlocal_energy { 0.6111785144088423   } 
   nonlocal_energyvar { 2.195218652640391   } 
   autocorr_energy { } 
} 

block { 
   label 0.001
   totweight 2176000
   nautocorr 0
   total_energy { -4.932256650664519   } 
   total_energyvar { 0.03273403214633818   } 
   weight { 1.003625455895058   } 
   weightvar { 0.09373916435464605   } 
   kinetic_energy { 2.60313748385831   } 
   kinetic_energyvar { 2.761424929372553   } 
   potential_energy { -8.151750224159608   } 
   potential_energyvar { 3.915187832890064   } 
   nonlocal_energy { 0.6163560896367771   } 
   nonlocal_energyvar { 2.233464105587928   } 
   autocorr_energy { } 
} 

block { 
   label 0.001
   totweight 2176000
   nautocorr 0
   total_energy { -4.929743852350724   } 
   total_energyvar { 0.03198832245005803   } 
   weight { 1.001257110513574   } 
   weightvar { 0.09050121337068577   } 
   kinetic_energy { 2.624873416978731   } 
   kinetic_energyvar { 2.835244905909068   } 
   potential_energy { -8.171550747171596   } 
   potential_energyvar { 3.910815718764078   } 
   nonlocal_energy { 0.6169334778421411   } 
   nonlocal_energyvar { 2.425940179570553   } 
   autocorr_energy { } 
} 

block { 
   label 0.001
   totweight 2176000
   nautocorr 0
   total_energy { -4.93136188543403   } 
   total_energyvar { 0.02951539528142849   } 
   weight { 1.000636103695366   } 
   weightvar { 0.09200490872274694   } 
   kinetic_energy { 2.667631125508211   } 
   kinetic_energyvar { 2.77551072073632   } 
   potential_energy { -8.221677516025679   } 
   potential_energyvar { 4.032039141028051   } 
   nonlocal_energy { 0.6226845050834393   } 
   nonlocal_energyvar { 2.233880663762506   } 
   autocorr_energy { } 
} 

block { 
   label 0.001
   totweight 2176000
   nautocorr 0
   total_energy { -4.929835326122477   } 
   total_energyvar { 0.03099150700991837   } 
   weight { 0.9998799206588583   } 
   weightvar { 0.0941696058290258   } 
   kinetic_energy { 2.671243732204725   } 
   kinetic_energyvar { 2.693630108680901   } 
   potential_energy { -8.22709575614256   } 
   potential_energyvar { 3.93511860067981   } 
   nonlocal_energy { 0.6260166978153586   } 
   nonlocal_energyvar { 2.196725328373706   } 
   autocorr_energy { } 
} 

block { 
   label 0.001
   totweight 2176000
   nautocorr 0
   total_energy { -4.932895777209915   } 
   total_energyvar { 0.03025897764744102   } 
   weight { 1.000463062172627   } 
   weightvar { 0.09442981690364294   } 
   kinetic_energy { 2.658512438991572   } 
   kinetic_energyvar { 2.826237348730952   } 
   potential_energy { -8.212621235925855   } 
   potential_energyvar { 3.955668696067711   } 
   nonlocal_energy { 0.6212130197243679   } 
   nonlocal_energyvar { 2.374972864717409   } 
   autocorr_energy { } 
} 

block { 
   label 0.001
   totweight 2176000
   nautocorr 0
   total_energy { -4.930527659573225   } 
   total_energyvar { 0.03227445169902188   } 
   weight { 1.000713338844958   } 
   weightvar { 0.09567295326909665   } 
   kinetic_energy { 2.6866136820764   } 
   kinetic_energyvar { 2.926985700180251   } 
   potential_energy { -8.210004921103433   } 
   potential_energyvar { 4.037740046526119   } 
   nonlocal_energy { 0.5928635794538074   } 
   nonlocal_energyvar { 2.307369056252514   } 
   autocorr_energy { } 
} 

block { 
   label 0.001
   totweight 2176000
   nautocorr 0
   total_energy { -4.931723723349541   } 
   total_energyvar { 0.03135463559897634   } 
   weight { 1.000618100366753   } 
   weightvar { 0.09287019427185775   } 
   kinetic_energy { 2.663179251584643   } 
   kinetic_energyvar { 2.802854718186627   } 
   potential_energy { -8.212470593090666   } 
   potential_energyvar { 4.20529224981214   } 
   nonlocal_energy { 0.6175676181564793   } 
   nonlocal_energyvar { 2.394479071868599   } 
   autocorr_energy { } 
} 

block { 
   label 0.001
   totweight 2176000
   nautocorr 0
   total_energy { -4.933624275192564   } 
   total_energyvar { 0.03437319480406448   } 
   weight { 1.000572340858587   } 
   weightvar { 0.09248144256239402   } 
   kinetic_energy { 2.642601656654271   } 
   kinetic_energyvar { 2.864737564367582   } 
   potential_energy { -8.217685419110436   } 
   potential_energyvar { 3.945446086736196   } 
   nonlocal_energy { 0.6414594872636012   } 
   nonlocal_energyvar { 2.499359369770953   } 
   autocorr_energy { } 
} 

block { 
   label 0.001
   totweight 2176000
   nautocorr 0
   total_energy { -4.930164848754669   } 
   total_energyvar { 0.03162842003549546   } 
   weight { 1.00051920986171   } 
   weightvar { 0.09354913236108914   } 
   kinetic_energy { 2.667379358400605   } 
   kinetic_energyvar { 2.772954463976122   } 
   potential_energy { -8.24668931721633   } 
   potential_energyvar { 3.94321091827814   } 
   nonlocal_energy { 0.6491451100610548   } 
   nonlocal_energyvar { 2.428743075111498   } 
   autocorr_energy { } 
} 

block { 
   label 0.001
   totweight 2176000
   nautocorr 0
   total_energy { -4.931674047274667   } 
   total_energyvar { 0.03148649380796861   } 
   weight { 1.000624621684413   } 
   weightvar { 0.09506571200996437   } 
   kinetic_energy { 2.643181474565365   } 
   kinetic_energyvar { 2.742919223730707   } 
   potential_energy { -8.194015744349096   } 
   potential_energyvar { 3.917880738619419   } 
   nonlocal_energy { 0.6191602225090655   } 
   nonlocal_energyvar { 2.144091545410953   } 
   autocorr_energy { } 
} 

block { 
   label 0.001
   totweight 2176000
   nautocorr 0
   total_energy { -4.930463232577662   } 
   total_energyvar { 0.02996506608569942   } 
   weight { 0.9998301312911168   } 
   weightvar { 0.09305131733335742   } 
   kinetic_energy { 2.668783996728245   } 
   kinetic_energyvar { 2.72181699661318   } 
   potential_energy { -8.225001803336919   } 
   potential_energyvar { 3.934557040842393   } 
   nonlocal_energy { 0.6257545740310126   } 
   nonlocal_energyvar { 2.200660509400535   } 
   autocorr_energy { } 
} 

block { 
   label 0.001
   totweight 2176000
   nautocorr 0
   total_energy { -4.932454062690567   } 
   total_energyvar { 0.03290044826432979   } 
   weight { 0.999864555023103   } 
   weightvar { 0.09331011265118053   } 
   kinetic_energy { 2.609608145988912   } 
   kinetic_energyvar { 2.767136067319083   } 
   potential_energy { -8.187105294104834   } 
   potential_energyvar { 3.918449691048054   } 
   nonlocal_energy { 0.645043085425354   } 
   nonlocal_energyvar { 2.449285711427743   } 
   autocorr_energy { } 
} 

block { 
   label 0.001
   totweight 2176000
   nautocorr 0
   total_energy { -4.933702500939474   } 
   total_energyvar { 0.02876871392673632   } 
   weight { 1.002250948339489   } 
   weightvar { 0.09349397079050292   } 
   kinetic_energy { 2.631180590093968   } 
   kinetic_energyvar { 2.603839509550933   } 
   potential_energy { -8.198723772383682   } 
   potential_energyvar { 3.8226581379337   } 
   nonlocal_energy { 0.6338406813502392   } 
   nonlocal_energyvar { 2.210099503249491   } 
   autocorr_energy { } 
} 

block { 
   label 0.001
   totweight 2176000
   nautocorr 0
   total_energy { -4.935477627268217   } 
   total_energyvar { 0.03129190299680973   } 
   weight { 1.002868211992698   } 
   weightvar { 0.09402698175304716   } 
   kinetic_energy { 2.63910792688622   } 
   kinetic_energyvar { 2.725884621856278   } 
   potential_energy { -8.20363178827863   } 
   potential_energyvar { 3.86037741700692   } 
   nonlocal_energy { 0.6290462341241905   } 
   nonlocal_energyvar { 2.132207902774357   } 
   autocorr_energy { } 
} 

block { 
   label 0.001
   totweight 2176000
   nautocorr 0
   total_energy { -4.930960228870235   } 
   total_energyvar { 0.03218089112210509   } 
   weight { 1.001523430422602   } 
   weightvar { 0.09602047761470192   } 
   kinetic_energy { 2.59211437809471   } 
   kinetic_energyvar { 2.73908285522601   } 
   potential_energy { -8.14930904094801   } 
   potential_energyvar { 3.765905486346568   } 
   nonlocal_energy { 0.6262344339830657   } 
   nonlocal_energyvar { 2.355365449442063   } 
   autocorr_energy { } 
} 

block { 
   label 0.001
   totweight 2176000
   nautocorr 0
   total_energy { -4.93219244978759   } 
   total_energyvar { 0.03067058209482377   } 
   weight { 1.000799183773805   } 
   weightvar { 0.09565662454198312   } 
   kinetic_energy { 2.633592289353044   } 
   kinetic_energyvar { 2.730837060852951   } 
   potential_energy { -8.192593572946329   } 
   potential_energyvar { 3.919748411670164   } 
   nonlocal_energy { 0.6268088338056953   } 
   nonlocal_energyvar { 2.232104165063627   } 
   autocorr_energy { } 
} 

block { 
   label 0.001
   totweight 2176000
   nautocorr 0
   total_energy { -4.932373729255966   } 
   total_energyvar { 0.03298428904240417   } 
   weight { 1.001257808886306   } 
   weightvar { 0.09568563579516785   } 
   kinetic_energy { 2.655198180288173   } 
   kinetic_energyvar { 2.957104083598795   } 
   potential_energy { -8.245802026355134   } 
   potential_energyvar { 4.235477206388084   } 
   nonlocal_energy { 0.658230116810997   } 
   nonlocal_energyvar { 2.735777713702738   } 
   autocorr_energy { } 
} 

block { 
   label 0.001
   totweight 2176000
   nautocorr 0
   total_energy { -4.929881870431547   } 
   total_energyvar { 0.0340753489602572   } 
   weight { 1.000093987529804   } 
   weightvar { 0.09575417797118661   } 
   kinetic_energy { 2.66009857150922   } 
   kinetic_energyvar { 2.807823490778235   } 
   potential_energy { -8.210603651000442   } 
   potential_energyvar { 3.859091263508803   } 
   nonlocal_energy { 0.6206232090596761   } 
   nonlocal_energyvar { 2.257720794329309   } 
   autocorr_energy { } 
} 

block { 
   label 0.001
   totweight 2176000
   nautocorr 0
   total_energy { -4.932315377369407   } 
   total_energyvar { 0.03019095901621581   } 
   weight { 0.9990973121314018   } 
   weightvar { 0.09632013654597865   } 
   kinetic_energy { 2.633813700530119   } 
   kinetic_energyvar { 2.68022547743034   } 
   potential_energy { -8.201278196054915   } 
   potential_energyvar { 3.756868843947252   } 
   nonlocal_energy { 0.6351491181553897   } 
   nonlocal_energyvar { 2.221458059238436   } 
   autocorr_energy { } 
} 

block { 
   label 0.001
   totweight 2176000
   nautocorr 0
   total_energy { -4.932430372681538   } 
   total_energyvar { 0.03234033786419008   } 
   weight { 1.001354048876126   } 
   weightvar { 0.09499565057559464   } 
   kinetic_energy { 2.665930573657104   } 
   kinetic_energyvar { 2.752408532556047   } 
   potential_energy { -8.247907309190087   } 
   potential_energyvar { 3.814245809952912   } 
   nonlocal_energy { 0.649546362851446   } 
   nonlocal_energyvar { 2.265172371084623   } 
   autocorr_energy { } 
} 

block { 
   label 0.001
   totweight 2176000
   nautocorr 0
   total_energy { -4.927494085230885   } 
   total_energyvar { 0.03133802147018108   } 
   weight { 0.9985833135826842   } 
   weightvar { 0.09299705738787931   } 
   kinetic_energy { 2.628622664045432   } 
   kinetic_energyvar { 2.793879483000653   } 
   potential_energy { -8.176976882141004   } 
   potential_energyvar { 3.869704512949481   } 
   nonlocal_energy { 0.6208601328646881   } 
   nonlocal_energyvar { 2.311423186391846   } 
   autocorr_energy { } 
} 

block { 
   label 0.001
   totweight 2176000
   nautocorr 0
   total_energy { -4.926506465036195   } 
   total_energyvar { 0.0307311547894393   } 
   weight { 0.9972380237532319   } 
   weightvar { 0.09452378609320775   } 
   kinetic_energy { 2.684228686616526   } 
   kinetic_energyvar { 2.73118969334773   } 
   potential_energy { -8.232420129616393   } 
   potential_energyvar { 3.983153754005892   } 
   nonlocal_energy { 0.6216849779636748   } 
   nonlocal_energyvar { 2.143298599722888   } 
   autocorr_energy { } 
} 

block { 
   label 0.001
   totweight 2176000
   nautocorr 0
   total_energy { -4.925579233074024   } 
   total_energyvar { 0.03343847124564261   } 
   weight { 0.9952109856083454   } 
   weightvar { 0.09661136819785081   } 
   kinetic_energy { 2.667175897915782   } 
   kinetic_energyvar { 2.731511026574668   } 
   potential_energy { -8.227318583523818   } 
   potential_energyvar { 3.804236426302081   } 
   nonlocal_energy { 0.6345634525340118   } 
   nonlocal_energyvar { 2.247671670722029   } 
   autocorr_energy { } 
} 

block { 
   label 0.001
   totweight 2176000
   nautocorr 0
   total_energy { -4.93561790397608   } 
   total_energyvar { 0.03299952249856441   } 
   weight { 0.9979938698061913   } 
   weightvar { 0.09862943712630153   } 
   kinetic_energy { 2.606261190083444   } 
   kinetic_energyvar { 2.653158021286   } 
   potential_energy { -8.172580991157831   } 
   potential_energyvar { 3.730052697359602   } 
   nonlocal_energy { 0.6307018970983067   } 
   nonlocal_energyvar { 2.190231205356739   } 
   autocorr_energy { } 
} 

block { 
   label 0.001
   totweight 2176000
   nautocorr 0
   total_energy { -4.928413179419636   } 
   total_energyvar { 0.03029950440629097   } 
   weight { 1.000062300963744   } 
   weightvar { 0.09704018120735958   } 
   kinetic_energy { 2.626899272423338   } 
   kinetic_energyvar { 2.642549397214936   } 
   potential_energy { -8.160349344939259   } 
   potential_energyvar { 3.853200912805932   } 
   nonlocal_energy { 0.6050368930962846   } 
   nonlocal_energyvar { 2.017693848082805   } 
   autocorr_energy { } 
} 

block { 
   label 0.001
   totweight 2176000
   nautocorr 0
   total_energy { -4.932547987795306   } 
   total_energyvar { 0.02883290392888014   } 
   weight { 0.9994883384470116   } 
   weightvar { 0.09625869408032067   } 
   kinetic_energy { 2.653194867031944   } 
   kinetic_energyvar { 2.637207228379708   } 
   potential_energy { -8.181129596464514   } 
   potential_energyvar { 3.75240692441575   } 
   nonlocal_energy { 0.5953867416372645   } 
   nonlocal_energyvar { 1.979798499792439   } 
   autocorr_energy { } 
} 

block { 
   label 0.001
   totweight 2176000
   nautocorr 0
   total_energy { -4.929325147712087   } 
   total_energyvar { 0.03354723914651219   } 
   weight { 0.9996256415580566   } 
   weightvar { 0.09746575382949811   } 
   kinetic_energy { 2.608923640267578   } 
   kinetic_energyvar { 2.771685252845675   } 
   potential_energy { -8.170351496155448   } 
   potential_energyvar { 3.709088489240128   } 
   nonlocal_energy { 0.6321027081757831   } 
   nonlocal_energyvar { 2.159383527477809   } 
   autocorr_energy { } 
} 

block { 
   label 0.001
   totweight 2176000
   nautocorr 0
   total_energy { -4.932561717908809   } 
   total_energyvar { 0.0296210024728103   } 
   weight { 0.9998090389573815   } 
   weightvar { 0.09811861638877716   } 
   kinetic_energy { 2.629198677490835   } 
   kinetic_energyvar { 2.813167517421653   } 
   potential_energy { -8.18504479565104   } 
   potential_energyvar { 3.776678024915221   } 
   nonlocal_energy { 0.6232844002513974   } 
   nonlocal_energyvar { 2.20288495423671   } 
   autocorr_energy { } 
} 

block { 
   label 0.001
   totweight 2176000
   nautocorr 0
   total_energy { -4.929176076254477   } 
   total_energyvar { 0.03141124201550831   } 
   weight { 0.9996762802520448   } 
   weightvar { 0.1005331317902641   } 
   kinetic_energy { 2.657003391674562   } 
   kinetic_energyvar { 2.67170441798815   } 
   potential_energy { -8.201446800238772   } 
   potential_energyvar { 3.819904970233767   } 
   nonlocal_energy { 0.6152673323097333   } 
   nonlocal_energyvar { 2.073795270897199   } 
   autocorr_energy { } 
} 

block { 
   label 0.001
   totweight 2176000
   nautocorr 0
   total_energy { -4.932541220061993   } 
   total_energyvar { 0.03116502583543682   } 
   weight { 0.9995711735313769   } 
   weightvar { 0.1000320273098718   } 
   kinetic_energy { 2.622738230344924   } 
   kinetic_energyvar { 2.731905607375542   } 
   potential_energy { -8.19321737832097   } 
   potential_energyvar { 3.844362028562376   } 
   nonlocal_energy { 0.6379379279140517   } 
   nonlocal_energyvar { 2.158825173133764   } 
   autocorr_energy { } 
} 

block { 
   label 0.001
   totweight 2176000
   nautocorr 0
   total_energy { -4.931929106651176   } 
   total_energyvar { 0.0328479175595663   } 
   weight { 1.000545751414638   } 
   weightvar { 0.09806020530292976   } 
   kinetic_energy { 2.624843074002278   } 
   kinetic_energyvar { 2.651798664888661   } 
   potential_energy { -8.17640878712905   } 
   potential_energyvar { 3.846404696780018   } 
   nonlocal_energy { 0.6196366064755954   } 
   nonlocal_energyvar { 2.085007175321774   } 
   autocorr_energy { } 
} 

block { 
   label 0.001
   totweight 2176000
   nautocorr 0
   total_energy { -4.933340411738421   } 
   total_energyvar { 0.03077854966819159   } 
   weight { 1.001013857769955   } 
   weightvar { 0.09709681606749568   } 
   kinetic_energy { 2.645757330381221   } 
   kinetic_energyvar { 2.724735526009735   } 
   potential_energy { -8.198136649850886   } 
   potential_energyvar { 3.90776724226813   } 
   nonlocal_energy { 0.6190389077312434   } 
   nonlocal_energyvar { 2.129759965779427   } 
   autocorr_energy { } 
} 

block { 
   label 0.001
   totweight 2176000
   nautocorr 0
   total_energy { -4.93195025900074   } 
   total_energyvar { 0.03365218698893996   } 
   weight { 1.00133972993113   } 
   weightvar { 0.1013157601817812   } 
   kinetic_energy { 2.661786289263884   } 
   kinetic_energyvar { 2.876048147654036   } 
   potential_energy { -8.269047146023272   } 
   potential_energyvar { 4.065513634539038   } 
   nonlocal_energy { 0.6753105977586487   } 
   nonlocal_energyvar { 2.510211536019146   } 
   autocorr_energy { } 
} 

block { 
   label 0.001
   totweight 2176000
   nautocorr 0
   total_energy { -4.928005430711455   } 
   total_energyvar { 0.03132945364885547   } 
   weight { 0.999905220051224   } 
   weightvar { 0.09943093819118455   } 
   kinetic_energy { 2.63017402164393   } 
   kinetic_energyvar { 2.716917401893689   } 
   potential_energy { -8.202372819004742   } 
   potential_energyvar { 3.883405680374244   } 
   nonlocal_energy { 0.6441933666493586   } 
   nonlocal_energyvar { 2.315744289556811   } 
   autocorr_energy { } 
} 

block { 
   label 0.001
   totweight 2176000
   nautocorr 0
   total_energy { -4.930254350595538   } 
   total_energyvar { 0.0307131424280388   } 
   weight { 0.9979559165512375   } 
   weightvar { 0.09905579238352256   } 
   kinetic_energy { 2.663957980487419   } 
   kinetic_energyvar { 2.656998470491915   } 
   potential_energy { -8.212896462579101   } 
   potential_energyvar { 3.81532643971448   } 
   nonlocal_energy { 0.618684131496145   } 
   nonlocal_energyvar { 2.142546819542767   } 
   autocorr_energy { } 
} 

block { 
   label 0.001
   totweight 2176000
   nautocorr 0
   total_energy { -4.931790628689917   } 
   total_energyvar { 0.03160818528196231   } 
   weight { 0.9998450032483193   } 
   weightvar { 0.09814640740925971   } 
   kinetic_energy { 2.649654351983499   } 
   kinetic_energyvar { 2.655329589836695   } 
   potential_energy { -8.196104307479587   } 
   potential_energyvar { 3.795882631058802   } 
   nonlocal_energy { 0.6146593268061712   } 
   nonlocal_energyvar { 2.168943344266769   } 
   autocorr_energy { } 
} 

block { 
   label 0.001
   totweight 2176000
   nautocorr 0
   total_energy { -4.93021203860173   } 
   total_energyvar { 0.03101873721442398   } 
   weight { 0.9995347369216012   } 
   weightvar { 0.0953940749336495   } 
   kinetic_energy { 2.6268395450791   } 
   kinetic_energyvar { 2.78359625540735   } 
   potential_energy { -8.178568576858186   } 
   potential_energyvar { 4.123144017097667   } 
   nonlocal_energy { 0.6215169931773561   } 
   nonlocal_energyvar { 2.313214433104439   } 
   autocorr_energy { } 
} 

block { 
   label 0.001
   totweight 2176000
   nautocorr 0
   total_energy { -4.93317501327772   } 
   total_energyvar { 0.03343996772768319   } 
   weight { 0.9994794548698877   } 
   weightvar { 0.09485287618529309   } 
   kinetic_energy { 2.624541060028398   } 
   kinetic_energyvar { 2.830242212611909   } 
   potential_energy { -8.185220643386174   } 
   potential_energyvar { 4.003018425161944   } 
   nonlocal_energy { 0.6275045700800559   } 
   nonlocal_energyvar { 2.226187555429578   } 
   autocorr_energy { } 
} 

block { 
   label 0.001
   totweight 2176000
   nautocorr 0
   total_energy { -4.935302922206299   } 
   total_energyvar { 0.03103977356480215   } 
   weight { 1.002664089530083   } 
   weightvar { 0.09369044759690502   } 
   kinetic_energy { 2.65934923837659   } 
   kinetic_energyvar { 2.689295189903924   } 
   potential_energy { -8.203700609707653   } 
   potential_energyvar { 3.770313227621358   } 
   nonlocal_energy { 0.6090484491247646   } 
   nonlocal_energyvar { 2.05830619923631   } 
   autocorr_energy { } 
} 

block { 
   label 0.001
   totweight 2176000
   nautocorr 0
   total_energy { -4.936438517713931   } 
   total_energyvar { 0.03199020804494626   } 
   weight { 1.003332869145797   } 
   weightvar { 0.09334505375398669   } 
   kinetic_energy { 2.651864779944857   } 
   kinetic_energyvar { 2.750499573623675   } 
   potential_energy { -8.196831159631898   } 
   potential_energyvar { 3.895958841940805   } 
   nonlocal_energy { 0.608527861973111   } 
   nonlocal_energyvar { 2.056844001984324   } 
   autocorr_energy { } 
} 

block { 
   label 0.001
   totweight 2176000
   nautocorr 0
   total_energy { -4.933766505157948   } 
   total_energyvar { 0.02982722307788139   } 
   weight { 1.003672612566981   } 
   weightvar { 0.0937592419585733   } 
   kinetic_energy { 2.641198219087999   } 
   kinetic_energyvar { 2.657537706620184   } 
   potential_energy { -8.180590819221356   } 
   potential_energyvar { 3.822578314302751   } 
   nonlocal_energy { 0.6056260949754089   } 
   nonlocal_energyvar { 2.065810117816511   } 
   autocorr_energy { } 
} 

block { 
   label 0.001
   totweight 2176000
   nautocorr 0
   total_energy { -4.932382534708795   } 
   total_energyvar { 0.03087592830300157   } 
   weight { 1.002457951370983   } 
   weightvar { 0.09298071780079507   } 
   kinetic_energy { 2.628215058733103   } 
   kinetic_energyvar { 2.607653871911744   } 
   potential_energy { -8.209215223683774   } 
   potential_energyvar { 3.823087551575325   } 
   nonlocal_energy { 0.6486176302418758   } 
   nonlocal_energyvar { 2.174594087240213   } 
   autocorr_energy { } 
} 

block { 
   label 0.001
   totweight 2176000
   nautocorr 0
   total_energy { -4.93070842998466   } 
   total_energyvar { 0.03102565589731431   } 
   weight { 1.000480750854218   } 
   weightvar { 0.09281247777232535   } 
   kinetic_energy { 2.653307028677987   } 
   kinetic_energyvar { 2.666659256772322   } 
   potential_energy { -8.221568182672577   } 
   potential_energyvar { 3.810537414359673   } 
   nonlocal_energy { 0.6375527240099289   } 
   nonlocal_energyvar { 2.229625050360594   } 
   autocorr_energy { } 
} 

block { 
   label 0.001
   totweight 2176000
   nautocorr 0
   total_energy { -4.929909332502753   } 
   total_energyvar { 0.03085789160945121   } 
   weight { 0.9997283588521605   } 
   weightvar { 0.09294398354449274   } 
   kinetic_energy { 2.641662626349447   } 
   kinetic_energyvar { 2.778494604080491   } 
   potential_energy { -8.186937791910388   } 
   potential_energyvar { 4.00838353428296   } 
   nonlocal_energy { 0.6153658330581896   } 
   nonlocal_energyvar { 2.330260699651079   } 
   autocorr_energy { } 
} 

block { 
   label 0.001
   totweight 2176000
   nautocorr 0
   total_energy { -4.928568182191092   } 
   total_energyvar { 0.03112196969147342   } 
   weight { 0.9979052026446268   } 
   weightvar { 0.09720767682996931   } 
   kinetic_energy { 2.671249447355451   } 
   kinetic_energyvar { 2.862837873691325   } 
   potential_energy { -8.215717485642344   } 
   potential_energyvar { 3.941501960101651   } 
   nonlocal_energy { 0.6158998560958037   } 
   nonlocal_energyvar { 2.081004348836825   } 
   autocorr_energy { } 
} 

block { 
   label 0.001
   totweight 2176000
   nautocorr 0
   total_energy { -4.932822699012931   } 
   total_energyvar { 0.03107697257938031   } 
   weight { 0.998992394747284   } 
   weightvar { 0.09517443436656291   } 
   kinetic_energy { 2.658367004252207   } 
   kinetic_energyvar { 2.738750603759999   } 
   potential_energy { -8.210113593827611   } 
   potential_energyvar { 3.989627813031253   } 
   nonlocal_energy { 0.6189238905624743   } 
   nonlocal_energyvar { 2.196013629544133   } 
   autocorr_energy { } 
} 

block { 
   label 0.001
   totweight 2176000
   nautocorr 0
   total_energy { -4.931292761100158   } 
   total_energyvar { 0.0317955230270962   } 
   weight { 1.000535804038915   } 
   weightvar { 0.09672343670468141   } 
   kinetic_energy { 2.668686371376201   } 
   kinetic_energyvar { 2.769292217648038   } 
   potential_energy { -8.234140245168915   } 
   potential_energyvar { 4.059289348904467   } 
   nonlocal_energy { 0.634161112692555   } 
   nonlocal_energyvar { 2.419618105101173   } 
   autocorr_energy { } 
} 

block { 
   label 0.001
   totweight 2176000
   nautocorr 0
   total_energy { -4.927819419046111   } 
   total_energyvar { 0.03437653047971795   } 
   weight { 0.9979759799250663   } 
   weightvar { 0.09579025292008593   } 
   kinetic_energy { 2.660160631033268   } 
   kinetic_energyvar { 2.808975902379146   } 
   potential_energy { -8.245369294909397   } 
   potential_energyvar { 4.044366872540363   } 
   nonlocal_energy { 0.6573892448300187   } 
   nonlocal_energyvar { 2.420805857637988   } 
   autocorr_energy { } 
} 

block { 
   label 0.001
   totweight 2176000
   nautocorr 0
   total_energy { -4.930317566165671   } 
   total_energyvar { 0.03362711470100132   } 
   weight { 0.9984120797358508   } 
   weightvar { 0.09755771194161134   } 
   kinetic_energy { 2.647158129192272   } 
   kinetic_energyvar { 2.719165643392453   } 
   potential_energy { -8.215856575910196   } 
   potential_energyvar { 3.955865606765728   } 
   nonlocal_energy { 0.6383808805522528   } 
   nonlocal_energyvar { 2.237982067999502   } 
   autocorr_energy { } 
} 

block { 
   label 0.001
   totweight 2176000
   nautocorr 0
   total_energy { -4.929766669953572   } 
   total_energyvar { 0.03084768098497674   } 
   weight { 0.9986510491315652   } 
   weightvar { 0.09833032721886228   } 
   kinetic_energy { 2.658695395206076   } 
   kinetic_energyvar { 2.653966341510172   } 
   potential_energy { -8.223893363568106   } 
   potential_energyvar { 3.783728388119563   } 
   nonlocal_energy { 0.6354312984084554   } 
   nonlocal_energyvar { 2.050181534594996   } 
   autocorr_energy { } 
} 

