
 Primary working directories    : /global/cscratch1/sd/aannabe
 Secondary working directories  : /global/cscratch1/sd/aannabe
 Wavefunction directory         : /global/homes/a/aannabe/wfu/
 Main file repository           : /global/cscratch1/sd/aannabe/

 SHA1      : 19cd028119e0e09f93f0674bd8af7968d9b3eff6
 NAME      : 2015.1.36
 ARCHNAME  : linux/x86_64
 FC        : /opt/cray/pe/craype/2.5.14/bin/ftn
 BLASLIB   : -L/opt/intel/compilers_and_libraries_2018.1.163/linux/mkl/lib/intel64 -Wl,-_start-group -lmkl_intel_ilp64 -lmkl_intel_thread -lmkl_core -Wl,-_end-group -liomp5
 id        : lbl

 Nodes     nprocs
 nid00724     1

 Using customized tuning parameters: mindgm=7; mindgv=16; mindgc=1; mindgr=1; noblas=0; minvec=7
 default implementation of scratch files=df  

 ***,SiH4
 memory,8,g
 gthresh,twoint=1.0E-12
 
 basis={
 ECP,Si,10,2,0;
 3;                                                                              !Vd
 1,5.168316,    4.000000
 3,8.861690,   20.673264
 2,3.933474,  -14.818174
 2;                                                                              !Vs-Vd
 2,9.447023,   14.832760
 2,2.553812,   26.349664
 2;                                                                              !Vp-Vd
 2,3.660001,    7.621400
 2,1.903653,   10.331583
 
 Including file /global/u1/a/aannabe/docs/Si_bulk/SiH4/cisdt/Si.aug-cc-pVDZ.basis
 
 ECP,H,0,1,0
 3;
 2,   21.77696655044365 ,     -10.85192405303825 ;
 1,   21.24359508259891 ,       1.00000000000000;
 3,   21.24359508259891 ,      21.24359508259891;
 1; 2,                   1.,                      0.;
 
 Including file /global/u1/a/aannabe/docs/Si_bulk/SiH4/cisdt/H.aug-cc-pVDZ.basis
 }
 
 geometry={
   5
  Silane
  Si          0.0000        0.0000        0.0000
   H          0.8544        0.8544        0.8544
   H         -0.8544       -0.8544        0.8544
   H         -0.8544        0.8544       -0.8544
   H          0.8544       -0.8544       -0.8544
 }
 
                                                                                 ! HARTREE-FOCK
 {RHF
    wf,8,1,0                                                                     ! nelec,symm,spin
 }
 scf=energy
 pop;
 
  !NOTE: Perturbative MRCC works only with UHF reference. So, here we will trick MRCC by doing zero UHF iteration right after ROHF.
 {uhf
 wf,8,1,0
 maxit,0
 }
 scf=energy
 pop;
 
 
 {mrcc,method=CISDT,NSING=2,TOL=1.0E-7
 orbital,ignore_error=1                                                          !Ignore the fact that UHF WF is not converged
 maxit,100
 core
 }
 posthf=energy
 
 table,scf,posthf
 save,2.csv,new
 

 Variables initialized (889), CPU time= 0.00 sec
 Commands  initialized (702), CPU time= 0.01 sec, 572 directives.
 Default parameters read. Elapsed time= 0.12 sec

 Checking input...
 Passed
1


                                         ***  PROGRAM SYSTEM MOLPRO  ***
                                       Copyright, TTI GmbH Stuttgart, 2015
                                    Version 2015.1 linked Dec 29 2018 15:55:43


 **********************************************************************************************************************************
 LABEL *   SiH4                                                                          
  64 bit serial version                                                                  DATE: 27-Apr-20          TIME: 20:04:31  
 **********************************************************************************************************************************

 SHA1:             19cd028119e0e09f93f0674bd8af7968d9b3eff6
 **********************************************************************************************************************************

 THRESHOLDS:

 ZERO    =  1.00D-12  ONEINT  =  1.00D-12  TWOINT  =  1.00D-12  PREFAC  =  1.00D-14  LOCALI  =  1.00D-09  EORDER  =  1.00D-04
 ENERGY  =  0.00D+00  ETEST   =  0.00D+00  EDENS   =  0.00D+00  THRDEDEF=  1.00D-06  GRADIENT=  1.00D-02  STEP    =  1.00D-03
 ORBITAL =  1.00D-05  CIVEC   =  1.00D-05  COEFF   =  1.00D-04  PRINTCI =  5.00D-02  PUNCHCI =  9.90D+01  OPTGRAD =  3.00D-04
 OPTENERG=  1.00D-06  OPTSTEP =  3.00D-04  THRGRAD =  1.00D-10  COMPRESS=  1.00D-11  VARMIN  =  1.00D-07  VARMAX  =  1.00D-03
 THRDOUB =  0.00D+00  THRDIV  =  1.00D-05  THRRED  =  1.00D-07  THRPSP  =  1.00D+00  THRDC   =  1.00D-10  THRCS   =  1.00D-10
 THRNRM  =  1.00D-08  THREQ   =  0.00D+00  THRDE   =  1.00D+00  THRREF  =  1.00D-05  SPARFAC =  1.00D+00  THRDLP  =  1.00D-07
 THRDIA  =  1.00D-10  THRDLS  =  1.00D-07  THRGPS  =  0.00D+00  THRKEX  =  0.00D+00  THRDIS  =  2.00D-01  THRVAR  =  1.00D-10
 THRLOC  =  1.00D-06  THRGAP  =  1.00D-06  THRLOCT = -1.00D+00  THRGAPT = -1.00D+00  THRORB  =  1.00D-06  THRMLTP =  0.00D+00
 THRCPQCI=  1.00D-10  KEXTA   =  0.00D+00  THRCOARS=  0.00D+00  SYMTOL  =  1.00D-06  GRADTOL =  1.00D-06  THROVL  =  1.00D-08
 THRORTH =  1.00D-08  GRID    =  1.00D-06  GRIDMAX =  1.00D-03  DTMAX   =  0.00D+00  THROCCDE=  1.00D-01  THROCCDE=  1.00D-01



 Variable memory set to 8000000000 words,  buffer space   230000 words

 SETTING BASIS          =    USERDEF

Geometry recognized as XYZ



 Recomputing integrals since basis changed


 Using spherical harmonics



 PROGRAM * SEWARD (Integral evaluation for generally contracted gaussian basis sets)     Author: Roland Lindh, 1990

 Geometry written to block  1 of record 700


 Point group  D2  



 ATOMIC COORDINATES

 NR  ATOM    CHARGE       X              Y              Z

   1  SI      4.00    0.000000000    0.000000000    0.000000000
   2  H       1.00    1.614582001    1.614582001    1.614582001
   3  H       1.00   -1.614582001   -1.614582001    1.614582001
   4  H       1.00   -1.614582001    1.614582001   -1.614582001
   5  H       1.00    1.614582001   -1.614582001   -1.614582001

 Bond lengths in Bohr (Angstrom)

 1-2  2.796538058  1-3  2.796538058  1-4  2.796538058  1-5  2.796538058
     ( 1.479864210)     ( 1.479864210)     ( 1.479864210)     ( 1.479864210)

 Bond angles

  2-1-3  109.47122063   2-1-4  109.47122063   2-1-5  109.47122063   3-1-4  109.47122063

  3-1-5  109.47122063   4-1-5  109.47122063

 NUCLEAR CHARGE:                    8
 NUMBER OF PRIMITIVE AOS:         124
 NUMBER OF SYMMETRY AOS:          122
 NUMBER OF CONTRACTIONS:           58   (  16A   +  14B3  +  14B2  +  14B1  )
 NUMBER OF CORE ORBITALS:           0   (   0A   +   0B3  +   0B2  +   0B1  )
 NUMBER OF VALENCE ORBITALS:        8   (   2A   +   2B3  +   2B2  +   2B1  )


 NUCLEAR REPULSION ENERGY    7.03521075


 Eigenvalues of metric

         1 0.364E-02 0.238E-01 0.397E-01 0.397E-01 0.666E-01 0.197E+00 0.361E+00 0.409E+00
         2 0.104E-02 0.372E-02 0.404E-01 0.711E-01 0.998E-01 0.125E+00 0.283E+00 0.376E+00
         3 0.104E-02 0.372E-02 0.404E-01 0.711E-01 0.998E-01 0.125E+00 0.283E+00 0.376E+00
         4 0.104E-02 0.372E-02 0.404E-01 0.711E-01 0.998E-01 0.125E+00 0.283E+00 0.376E+00


 Contracted 2-electron integrals neglected if value below      1.0D-12
 AO integral compression algorithm  1   Integral accuracy      1.0D-12

     5.767 MB (compressed) written to integral file ( 89.8%)


 NUMBER OF SORTED TWO-ELECTRON INTEGRALS:     385468.     BUFFER LENGTH:  32768
 NUMBER OF SEGMENTS:   1  SEGMENT LENGTH:     385468      RECORD LENGTH: 524288

 Memory used in sort:       0.94 MW

 SORT1 READ      831886. AND WROTE      376225. INTEGRALS IN      2 RECORDS. CPU TIME:     0.02 SEC, REAL TIME:     0.02 SEC
 SORT2 READ      376225. AND WROTE      385468. INTEGRALS IN     22 RECORDS. CPU TIME:     0.02 SEC, REAL TIME:     0.08 SEC

 FILE SIZES:   FILE 1:    25.8 MBYTE,  FILE 4:     8.4 MBYTE,   TOTAL:     34.2 MBYTE

 OPERATOR DM      FOR CENTER  0  COORDINATES:    0.000000    0.000000    0.000000


 **********************************************************************************************************************************
 DATASETS  * FILE   NREC   LENGTH (MB)   RECORD NAMES
              1      20       22.71       500      610      700      900      950      970     1000      129      960     1100   
                                          VAR    BASINP    GEOM    SYMINP    ZMAT    AOBASIS   BASIS     P2S    ABASIS      S 
                                         1400     1410     1420     1200     1210     1080     1600     1650     1300     1700   
                                           T        V       ECP      H0       H01     AOSYM     SMH    MOLCAS    ERIS     OPER   

 PROGRAMS   *        TOTAL       INT
 CPU TIMES  *         0.92      0.81
 REAL TIME  *         4.90 SEC
 DISK USED  *        34.56 MB      
 **********************************************************************************************************************************


 PROGRAM * RHF-SCF (CLOSED SHELL)       Authors: W. Meyer, H.-J. Werner


 NUMBER OF ELECTRONS:       4+    4-    SPACE SYMMETRY=1    SPIN SYMMETRY: Singlet 
 CONVERGENCE THRESHOLDS:    1.00E-05 (Density)    1.00E-07 (Energy)
 MAX. NUMBER OF ITERATIONS:       60
 INTERPOLATION TYPE:            DIIS
 INTERPOLATION STEPS:              2 (START)      1 (STEP)
 LEVEL SHIFTS:                  0.00 (CLOSED)  0.00 (OPEN) 



 Orbital guess generated from atomic densities. Full valence occupancy:    2   2   2   2

 Molecular orbital dump at record        2100.2

 Initial occupancy:   1   1   1   1

 ITERATION    DDIFF          GRAD             ENERGY        2-EL.EN.            DIPOLE MOMENTS         DIIS   ORB.
    1      0.000D+00      0.000D+00        -6.05822998     17.319610    0.00000    0.00000    0.00000    0    start
    2      0.000D+00      0.969D-02        -6.07111735     17.432039    0.00000    0.00000    0.00000    1    diag
    3      0.140D-01      0.285D-02        -6.07259731     17.446439    0.00000    0.00000    0.00000    2    diag
    4      0.529D-02      0.346D-03        -6.07262024     17.447639    0.00000    0.00000    0.00000    3    diag
    5      0.828D-03      0.485D-04        -6.07262072     17.446971    0.00000    0.00000    0.00000    4    diag
    6      0.111D-03      0.792D-05        -6.07262073     17.446981    0.00000    0.00000    0.00000    5    diag
    7      0.220D-04      0.522D-06        -6.07262073     17.446980    0.00000    0.00000    0.00000    6    diag
    8      0.260D-05      0.308D-07        -6.07262073     17.446980    0.00000    0.00000    0.00000    0    orth

 Final occupancy:   1   1   1   1

 !RHF STATE 1.1 Energy                 -6.072620727546
 Nuclear energy                         7.03521075
 One-electron energy                  -21.83132127
 Two-electron energy                    8.72348979
 Virial quotient                       -1.60457938
 !RHF STATE 1.1 Dipole moment           0.00000000     0.00000000     0.00000000
 Dipole moment /Debye                   0.00000000     0.00000000     0.00000000

 Orbital energies:

         1.1          2.1          3.1
     -0.736056     0.058949     0.216154

         1.2          2.2          3.2
     -0.485372     0.105514     0.156805

         1.3          2.3          3.3
     -0.485372     0.105514     0.156805

         1.4          2.4          3.4
     -0.485372     0.105514     0.156805

 HOMO      1.2    -0.485372 =     -13.2076eV
 LUMO      2.1     0.058949 =       1.6041eV
 LUMO-HOMO         0.544321 =      14.8117eV


 **********************************************************************************************************************************
 DATASETS  * FILE   NREC   LENGTH (MB)   RECORD NAMES
              1      20       22.71       500      610      700      900      950      970     1000      129      960     1100   
                                          VAR    BASINP    GEOM    SYMINP    ZMAT    AOBASIS   BASIS     P2S    ABASIS      S 
                                         1400     1410     1420     1200     1210     1080     1600     1650     1300     1700   
                                           T        V       ECP      H0       H01     AOSYM     SMH    MOLCAS    ERIS     OPER   

              2       4        2.84       700     1000      520     2100   
                                         GEOM     BASIS   MCVARS     RHF  

 PROGRAMS   *        TOTAL       RHF       INT
 CPU TIMES  *         1.01      0.08      0.81
 REAL TIME  *         5.10 SEC
 DISK USED  *        34.56 MB      
 **********************************************************************************************************************************
 SETTING SCF            =        -6.07262073  AU                              


 PROGRAM * POP (Mulliken population analysis)

 
 Density matrix read from record         2100.2  Type=RHF/CHARGE (state 1.1)
 
 Population analysis by basis function type

 Unique atom        s        p        d        f        g    Total    Charge
   1  SI      1.29934  3.59113  0.42530  0.00000  0.00000  5.31576  - 1.31576
   2  H       0.68164 -0.01058  0.00000  0.00000  0.00000  0.67106  + 0.32894


 **********************************************************************************************************************************
 DATASETS  * FILE   NREC   LENGTH (MB)   RECORD NAMES
              1      20       22.71       500      610      700      900      950      970     1000      129      960     1100   
                                          VAR    BASINP    GEOM    SYMINP    ZMAT    AOBASIS   BASIS     P2S    ABASIS      S 
                                         1400     1410     1420     1200     1210     1080     1600     1650     1300     1700   
                                           T        V       ECP      H0       H01     AOSYM     SMH    MOLCAS    ERIS     OPER   

              2       4        2.84       700     1000      520     2100   
                                         GEOM     BASIS   MCVARS     RHF  

 PROGRAMS   *        TOTAL       POP       RHF       INT
 CPU TIMES  *         1.01      0.00      0.08      0.81
 REAL TIME  *         5.12 SEC
 DISK USED  *        34.56 MB      
 **********************************************************************************************************************************


 PROGRAM * UHF-SCF       Authors: W. Meyer, H.-J. Werner


 NUMBER OF ELECTRONS:       4+    4-    SPACE SYMMETRY=1    SPIN SYMMETRY: Singlet 
 CONVERGENCE THRESHOLDS:    1.00E-05 (Density)    1.00E-07 (Energy)
 MAX. NUMBER OF ITERATIONS:        0
 INTERPOLATION TYPE:            DIIS
 INTERPOLATION STEPS:              2 (START)      1 (STEP)
 LEVEL SHIFTS:                  0.20 (ALPHA)   0.20 (BETA) 



 Molecular orbitals read from record     2100.2  Type=RHF/CANONICAL (state 1.1)

 Molecular orbital dump at record        2200.2

 Initial alpha occupation   1   1   1   1
 Initial beta  occupation   1   1   1   1

 ITERATION    DDIFF          GRAD             ENERGY        2-EL.EN.            DIPOLE MOMENTS         DIIS
    1      0.000D+00      0.000D+00        -6.07262073     17.446980    0.00000    0.00000    0.00000    0
 
 Final alpha occupancy:   1   1   1   1
 Final beta  occupancy:   1   1   1   1

 !UHF STATE 1.1 Energy                 -6.072620727546
 Nuclear energy                         7.03521075
 One-electron energy                  -21.83132127
 Two-electron energy                    8.72348979
 Virial quotient                       -1.60457938
 !UHF STATE 1.1 Dipole moment           0.00000000     0.00000000     0.00000000
 Dipole moment /Debye                   0.00000000     0.00000000     0.00000000

 Orbital energies for positive spin:

         1.1          2.1          3.1
     -0.736056     0.058949     0.216154

         1.2          2.2          3.2
     -0.485372     0.105514     0.156805

         1.3          2.3          3.3
     -0.485372     0.105514     0.156805

         1.4          2.4          3.4
     -0.485372     0.105514     0.156805

 Orbital energies for negative spin:

         1.1          2.1          3.1
     -0.736056     0.058949     0.216154

         1.2          2.2          3.2
     -0.485372     0.105514     0.156805

         1.3          2.3          3.3
     -0.485372     0.105514     0.156805

         1.4          2.4          3.4
     -0.485372     0.105514     0.156805

 HOMO      1.2    -0.485372 =     -13.2076eV
 LUMO      2.1     0.058949 =       1.6041eV
 LUMO-HOMO         0.544321 =      14.8117eV

 EXPECTATION VALUE OF S**2:            -0.00000000

 Natural orbitals saved to record    2200.2 (Orbital set 3)

 Orbital spaces for UNO-CAS (Min. occupation: 0.020  Max. occupation: 1.980):

 Closed:        1   1   1   1
 Active:        0   0   0   0

 No convergence



 **********************************************************************************************************************************
 DATASETS  * FILE   NREC   LENGTH (MB)   RECORD NAMES
              1      20       22.71       500      610      700      900      950      970     1000      129      960     1100   
                                          VAR    BASINP    GEOM    SYMINP    ZMAT    AOBASIS   BASIS     P2S    ABASIS      S 
                                         1400     1410     1420     1200     1210     1080     1600     1650     1300     1700   
                                           T        V       ECP      H0       H01     AOSYM     SMH    MOLCAS    ERIS     OPER   

              2       5        5.39       700     1000      520     2100     2200   
                                         GEOM     BASIS   MCVARS     RHF      UHF  

 PROGRAMS   *        TOTAL       UHF       POP       RHF       INT
 CPU TIMES  *         1.02      0.01      0.00      0.08      0.81
 REAL TIME  *         5.18 SEC
 DISK USED  *        34.56 MB      
 **********************************************************************************************************************************
 SETTING SCF            =        -6.07262073  AU                              


 PROGRAM * POP (Mulliken population analysis)

 
 Density matrix read from record         2200.2  Type=UHF/CHARGE (state 1.1)
 
 Population analysis by basis function type

 Unique atom        s        p        d        f        g    Total    Charge
   1  SI      1.29934  3.59113  0.42530  0.00000  0.00000  5.31576  - 1.31576
   2  H       0.68164 -0.01058  0.00000  0.00000  0.00000  0.67106  + 0.32894


 **********************************************************************************************************************************
 DATASETS  * FILE   NREC   LENGTH (MB)   RECORD NAMES
              1      20       22.71       500      610      700      900      950      970     1000      129      960     1100   
                                          VAR    BASINP    GEOM    SYMINP    ZMAT    AOBASIS   BASIS     P2S    ABASIS      S 
                                         1400     1410     1420     1200     1210     1080     1600     1650     1300     1700   
                                           T        V       ECP      H0       H01     AOSYM     SMH    MOLCAS    ERIS     OPER   

              2       5        5.39       700     1000      520     2100     2200   
                                         GEOM     BASIS   MCVARS     RHF      UHF  

 PROGRAMS   *        TOTAL       POP       UHF       POP       RHF       INT
 CPU TIMES  *         1.02      0.00      0.01      0.00      0.08      0.81
 REAL TIME  *         5.20 SEC
 DISK USED  *        34.56 MB      
 **********************************************************************************************************************************


 PROGRAM * MRCC (General Multireference Coupled Cluster)    Author: M. Kallay, 2000-2005

 ***  Initialisation ***

   0 Spin projections
 
 Molecular orbitals read from record     2200.2  Type=UHF/ALPHA (state 1.1)

 ?Warning: UHF not converged
 Molecular orbitals read from record     2200.2  Type=UHF/BETA (state 1.1)

 ?Warning: UHF not converged
 
 Frozen orbitals:              0 (  0  0  0  0  0  0  0  0)
 Active orbitals:             58 ( 16 14 14 14  0  0  0  0)
 Active electrons:             8
 Spin quantum number:          0.0

 Transformed integrals will be written to file mrcc_25108/fort.55

 Load integrals                1.2 sec
 Transform integrals           1.3 sec
 Storage for integrals:        2215583
 Remaining memory:           *********

 Core energy:               7.03521075
 
 MRCC Input:
     3     2     0     0     0     0     0     1     0     1     0     1     0     0     0     7     0     0   0.000     0   64000
  ex.lev,nsing,ntrip, rest,method,dens,conver,symm, diag, CS ,spatial, HF, ndoub,nacto,nactv, tol, maxex, sacc, freq,  dboc,   mem
  2  0  0  0  0  0  0  0  0  0  0  0  0  0  0  0  2  0  0  0  0  0  0  0  0  0  0  0  0  0  2  0  0  0  0  0  0  0  0  0  0  0  0  0  2  0  0  0  0  0  0  0  0  0  0  0  0  0
 MRCC Input end
 Variable memory released
 MRCC now being run, temporary output in /global/cscratch1/sd/aannabe/mrcc_25108/mrcc.out
 **********************************************************************
                          MRCC program system
 **********************************************************************

                              Written by
 Mihaly Kallay, Peter R. Nagy, Zoltan Rolik, David Mester, Gyula Samu,
   Jozsef Csontos, Jozsef Csoka, Bernat P. Szabo, Laszlo Gyevi-Nagy,
    Istvan Ladjanszki, Lorant Szegedy, Bence Ladoczki, Klara Petrov,
              Mate Farkas, Pal D. Mezei, and Bence Hegely

        Department of Physical Chemistry and Materials Science
            Budapest University of Technology and Economics
                  Budapest P.O.Box 91, H-1521 Hungary

                              www.mrcc.hu

                     Release date: February 9, 2019

 ************************ 2020-04-27 20:04:42 *************************
 Executing goldstone...

 Generation of CI equations in terms of H and C...
 Generation of antisymmetrized Goldstone diagrams...
 Number of diagrams in T^1 equations:     8
 Number of diagrams in T^2 equations:    11
 Number of diagrams in T^3 equations:     8
 Translation of diagrams to factorized equations...
 Optimizing intermediate calculation...
 Number of floating-point operations per iteration step:   1.0061E+10
 Probable CPU time per iteration step (hours):      0.10
 Required memory (Mbytes):    1124.4
 Number of intermediates:                                  38
 Number of intermediates to be stored:                     11
 Length of intermediate file (Mbytes):      42.3

 ************************ 2020-04-27 20:04:42 *************************
 Executing xmrcc...

 **********************************************************************
 CI(                     3 ) calculation


 Allocation of1124.4 Mbytes of memory...
 Number of spinorbitals:                   116
 Number of alpha electrons:                        4
 Number of beta electrons:                         4
 z-component of spin:  0.0
 Spatial symmetry:                      1
 Convergence criterion:  1.0E-07
 Construction of occupation graphs...
 Number of                     0 -fold excitations:                      1
 Number of                     1 -fold excitations:                    108
 Number of                     2 -fold excitations:                  16032
 Number of                     3 -fold excitations:                 976896
 Total number of configurations:                 993037
 Calculation of coupling coefficients...
 Length of intermediate file (Mbytes):      32.0

 ======================================================================

 ======================================================================

 Memory requirements /Mbyte/:
               Minimal        Optimal
 Real*8:         23.2986        86.3932
 Integer:         4.7513
 Total:          28.0499        91.1445


 ************************ 2020-04-27 20:04:42 *************************
 Executing mrcc...

 **********************************************************************
 CISDT calculation


 Allocation of   86.4 Mbytes of memory...
 Number of spinorbitals: 116
 Number of alpha electrons:  4
 Number of beta  electrons:  4
 z-component of spin:  0.0
 Spatial symmetry: 1
 Convergence criterion:  1.0E-07
 Construction of occupation graphs...
 Number of 0-fold excitations: 1
 Number of 1-fold excitations: 108
 Number of 2-fold excitations: 16032
 Number of 3-fold excitations: 976896
 Total number of determinants: 993037
 Calculation of coupling coefficients...
 Initial cluster amplitudes are generated.
 Length of intermediate file (Mbytes):      32.0
 Reading integral list from unit 55...
 Sorting integrals...
 Sorting integrals...
 Sorting integrals...
 Sorting integrals...
 Energy of reference determinant [au]:      -6.072620727546
 Calculation of diagonal elements of Hamiltonian...

 Starting CI iteration for root                      1 ...
 ======================================================================
 Norm of residual vector:     0.58079979      Convergence:   1.00000000
 CPU time [min]:     0.125                   Wall time [min]:     0.179

 Iteration  1  CI energy:    -6.07262073  Energy decrease:   0.0000E+00
 ======================================================================
 Norm of residual vector:     0.12892333      Convergence:   0.26751613
 CPU time [min]:     0.204                   Wall time [min]:     0.301

 Iteration  2  CI energy:    -6.21772066  Energy decrease:   0.14509994
 ======================================================================
 Norm of residual vector:     0.03658969      Convergence:   0.05446075
 CPU time [min]:     0.284                   Wall time [min]:     0.419

 Iteration  3  CI energy:    -6.22382391  Energy decrease:   0.00610325
 ======================================================================
 Norm of residual vector:     0.01103021      Convergence:   0.01592248
 CPU time [min]:     0.365                   Wall time [min]:     0.542

 Iteration  4  CI energy:    -6.22434550  Energy decrease:   0.00052159
 ======================================================================
 Norm of residual vector:     0.00427139      Convergence:   0.00728095
 CPU time [min]:     0.446                   Wall time [min]:     0.670

 Iteration  5  CI energy:    -6.22441256  Energy decrease:   0.00006706
 ======================================================================
 Norm of residual vector:     0.00168174      Convergence:   0.00242113
 CPU time [min]:     0.529                   Wall time [min]:     0.797

 Iteration  6  CI energy:    -6.22442151  Energy decrease:   0.00000894
 ======================================================================
 Norm of residual vector:     0.00051073      Convergence:   0.00076353
 CPU time [min]:     0.613                   Wall time [min]:     0.935

 Iteration  7  CI energy:    -6.22442267  Energy decrease:   0.00000117
 ======================================================================
 Norm of residual vector:     0.00016908      Convergence:   0.00025672
 CPU time [min]:     0.698                   Wall time [min]:     1.071

 Iteration  8  CI energy:    -6.22442279  Energy decrease:   0.00000011
 ======================================================================
 Norm of residual vector:     0.00004802      Convergence:   0.00007788
 CPU time [min]:     0.783                   Wall time [min]:     1.215

 Iteration  9  CI energy:    -6.22442280  Energy decrease:   0.00000001
 ======================================================================
 Norm of residual vector:     0.00001475      Convergence:   0.00002277
 CPU time [min]:     0.870                   Wall time [min]:     1.372

 Iteration 10  CI energy:    -6.22442280  Energy decrease:   9.8334E-10
 ======================================================================
 Norm of residual vector:     0.00000413      Convergence:   0.00000650
 CPU time [min]:     0.958                   Wall time [min]:     1.528

 Iteration 11  CI energy:    -6.22442280  Energy decrease:   8.7259E-11
 ======================================================================
 Norm of residual vector:     0.00000121      Convergence:   0.00000182
 CPU time [min]:     1.048                   Wall time [min]:     1.677

 Iteration 12  CI energy:    -6.22442280  Energy decrease:   6.5699E-12
 ======================================================================
 Norm of residual vector:     0.00000036      Convergence:   0.00000055
 CPU time [min]:     1.138                   Wall time [min]:     1.835

 Iteration 13  CI energy:    -6.22442280  Energy decrease:   5.9774E-13
 ======================================================================
 Norm of residual vector:     0.0000E+00      Convergence:   1.6655E-07
 CPU time [min]:     1.229                   Wall time [min]:     1.998

 Iteration 14  CI energy:    -6.22442280  Energy decrease:   5.4179E-14
 ======================================================================

 Iteration has converged in 14 steps.

 Final results:
 Total CISDT energy [au]:             -6.224422799229
 Spin multiplicity:                     1



 Starting CI iteration for root                      2 ...
 ======================================================================
 Norm of residual vector:     0.57849102      Convergence:   1.00000000
 CPU time [min]:     1.310                   Wall time [min]:     2.132

 Iteration  1  CI energy:    -5.65580198  Energy decrease:   0.41681875
 ======================================================================
 Norm of residual vector:     0.40637252      Convergence:   0.55756394
 CPU time [min]:     1.391                   Wall time [min]:     2.261

 Iteration  2  CI energy:    -5.74794790  Energy decrease:   0.09214592
 ======================================================================
 Norm of residual vector:     0.15511476      Convergence:   0.27767875
 CPU time [min]:     1.471                   Wall time [min]:     2.388

 Iteration  3  CI energy:    -5.83162456  Energy decrease:   0.08367666
 ======================================================================
 Norm of residual vector:     0.06096201      Convergence:   0.09028730
 CPU time [min]:     1.553                   Wall time [min]:     2.519

 Iteration  4  CI energy:    -5.84270356  Energy decrease:   0.01107900
 ======================================================================
 Norm of residual vector:     0.04060840      Convergence:   0.06047948
 CPU time [min]:     1.635                   Wall time [min]:     2.648

 Iteration  5  CI energy:    -5.84540231  Energy decrease:   0.00269875
 ======================================================================
 Norm of residual vector:     0.03995348      Convergence:   0.05479620
 CPU time [min]:     1.719                   Wall time [min]:     2.788

 Iteration  6  CI energy:    -5.84719079  Energy decrease:   0.00178847
 ======================================================================
 Norm of residual vector:     0.04566859      Convergence:   0.06557541
 CPU time [min]:     1.804                   Wall time [min]:     2.926

 Iteration  7  CI energy:    -5.84940349  Energy decrease:   0.00221271
 ======================================================================
 Norm of residual vector:     0.04246095      Convergence:   0.06105399
 CPU time [min]:     1.889                   Wall time [min]:     3.079

 Iteration  8  CI energy:    -5.85170418  Energy decrease:   0.00230069
 ======================================================================
 Norm of residual vector:     0.03180785      Convergence:   0.04727483
 CPU time [min]:     1.976                   Wall time [min]:     3.231

 Iteration  9  CI energy:    -5.85313430  Energy decrease:   0.00143012
 ======================================================================
 Norm of residual vector:     0.02287491      Convergence:   0.03340384
 CPU time [min]:     2.064                   Wall time [min]:     3.383

 Iteration 10  CI energy:    -5.85395937  Energy decrease:   0.00082507
 ======================================================================
 Norm of residual vector:     0.02156183      Convergence:   0.03350660
 CPU time [min]:     2.153                   Wall time [min]:     3.534

 Iteration 11  CI energy:    -5.85455517  Energy decrease:   0.00059580
 ======================================================================
 Norm of residual vector:     0.01699791      Convergence:   0.02346087
 CPU time [min]:     2.243                   Wall time [min]:     3.693

 Iteration 12  CI energy:    -5.85498185  Energy decrease:   0.00042668
 ======================================================================
 Norm of residual vector:     0.00936087      Convergence:   0.01268705
 CPU time [min]:     2.334                   Wall time [min]:     3.867

 Iteration 13  CI energy:    -5.85516077  Energy decrease:   0.00017892
 ======================================================================
 Norm of residual vector:     0.00461758      Convergence:   0.00554596
 CPU time [min]:     2.426                   Wall time [min]:     4.049

 Iteration 14  CI energy:    -5.85520308  Energy decrease:   0.00004231
 ======================================================================
 Norm of residual vector:     0.00215002      Convergence:   0.00256010
 CPU time [min]:     2.519                   Wall time [min]:     4.247

 Iteration 15  CI energy:    -5.85521278  Energy decrease:   0.00000970
 ======================================================================
 Norm of residual vector:     0.00092417      Convergence:   0.00125653
 CPU time [min]:     2.613                   Wall time [min]:     4.422

 Iteration 16  CI energy:    -5.85521500  Energy decrease:   0.00000221
 ======================================================================
 Norm of residual vector:     0.00039108      Convergence:   0.00055097
 CPU time [min]:     2.708                   Wall time [min]:     4.601

 Iteration 17  CI energy:    -5.85521543  Energy decrease:   0.00000043
 ======================================================================
 Norm of residual vector:     0.00015962      Convergence:   0.00023670
 CPU time [min]:     2.805                   Wall time [min]:     4.785

 Iteration 18  CI energy:    -5.85521551  Energy decrease:   0.00000008
 ======================================================================
 Norm of residual vector:     0.00006616      Convergence:   0.00009913
 CPU time [min]:     2.902                   Wall time [min]:     4.974

 Iteration 19  CI energy:    -5.85521552  Energy decrease:   0.00000001
 ======================================================================
 Norm of residual vector:     0.00003427      Convergence:   0.00004992
 CPU time [min]:     3.000                   Wall time [min]:     5.161

 Iteration 20  CI energy:    -5.85521552  Energy decrease:   2.7719E-09
 ======================================================================
 Norm of residual vector:     0.00002439      Convergence:   0.00003280
 CPU time [min]:     3.100                   Wall time [min]:     5.360

 Iteration 21  CI energy:    -5.85521552  Energy decrease:   9.4795E-10
 ======================================================================
 Norm of residual vector:     0.00001973      Convergence:   0.00002832
 CPU time [min]:     3.200                   Wall time [min]:     5.565

 Iteration 22  CI energy:    -5.85521552  Energy decrease:   5.7095E-10
 ======================================================================
 Norm of residual vector:     0.00001225      Convergence:   0.00001899
 CPU time [min]:     3.302                   Wall time [min]:     5.771

 Iteration 23  CI energy:    -5.85521552  Energy decrease:   2.9454E-10
 ======================================================================
 Norm of residual vector:     0.00000645      Convergence:   0.00000983
 CPU time [min]:     3.405                   Wall time [min]:     5.980

 Iteration 24  CI energy:    -5.85521552  Energy decrease:   8.8673E-11
 ======================================================================
 Norm of residual vector:     0.00000313      Convergence:   0.00000466
 CPU time [min]:     3.509                   Wall time [min]:     6.201

 Iteration 25  CI energy:    -5.85521552  Energy decrease:   2.3716E-11
 ======================================================================
 Norm of residual vector:     0.00000159      Convergence:   0.00000217
 CPU time [min]:     3.613                   Wall time [min]:     6.418

 Iteration 26  CI energy:    -5.85521552  Energy decrease:   5.6986E-12
 ======================================================================
 Norm of residual vector:     0.00000083      Convergence:   0.00000116
 CPU time [min]:     3.719                   Wall time [min]:     6.674

 Iteration 27  CI energy:    -5.85521552  Energy decrease:   1.5827E-12
 ======================================================================
 Norm of residual vector:     0.00000037      Convergence:   0.00000056
 CPU time [min]:     3.826                   Wall time [min]:     6.900

 Iteration 28  CI energy:    -5.85521552  Energy decrease:   3.9790E-13
 ======================================================================
 Norm of residual vector:     0.0000E+00      Convergence:   2.1104E-07
 CPU time [min]:     3.932                   Wall time [min]:     7.128

 Iteration 29  CI energy:    -5.85521552  Energy decrease:   7.0166E-14
 ======================================================================

 Iteration has converged in 29 steps.

 Final results:
 Total CISDT energy [au]:             -5.855215523370
 Excitation energy [eV]:          10.0466
 Excitation energy [cm^-1]:    81031.64
 Absorption wavelength [nm]:     123.41
 Spin multiplicity:                     1

 ************************ 2020-04-27 20:11:51 *************************
                      Normal termination of mrcc.
 **********************************************************************
 !CISDT STATE 1.1 Energy               -6.224422799229
 !CISDT STATE 1.1 Energy               -5.855215523370
 
 CPU-time for MRCC:            235.9 sec
 Elapsed-time for MRCC:        429.1 sec

 Variable memory set to 8000000000 words,  buffer space   230000 words



 **********************************************************************************************************************************
 DATASETS  * FILE   NREC   LENGTH (MB)   RECORD NAMES
              1      20       22.71       500      610      700      900      950      970     1000      129      960     1100   
                                          VAR    BASINP    GEOM    SYMINP    ZMAT    AOBASIS   BASIS     P2S    ABASIS      S 
                                         1400     1410     1420     1200     1210     1080     1600     1650     1300     1700   
                                           T        V       ECP      H0       H01     AOSYM     SMH    MOLCAS    ERIS     OPER   

              2       5        5.39       700     1000      520     2100     2200   
                                         GEOM     BASIS   MCVARS     RHF      UHF  

 PROGRAMS   *        TOTAL      MRCC       POP       UHF       POP       RHF       INT
 CPU TIMES  *       239.38    238.37      0.00      0.01      0.00      0.08      0.81
 REAL TIME  *       439.61 SEC
 DISK USED  *        34.56 MB      
 **********************************************************************************************************************************
 SETTING POSTHF(1)      =        -6.22442280  AU                              
 SETTING POSTHF(2)      =        -5.85521552  AU                              
                                                                                                                                                                                                                                                                

       SCF           POSTHF
    -6.07262073   -6.22442280
                                                  

 CISDT/USERDEF energy=     -5.855215523370

        CISDT           UHF-SCF         RHF-SCF 
     -6.22442280     -6.07262073     -6.07262073
 **********************************************************************************************************************************
 Molpro calculation terminated
 Variable memory released
