0: output to qw.linear.o
Could not open qw.linear.config. Generating configurations from scratch
0: Timestep is 1.79063
24: Timestep is 1.79063
56: Timestep is 1.79063
48: Timestep is 1.79063
32: Timestep is 1.79063
40: Timestep is 1.79063
8: Timestep is 1.79063
16: Timestep is 1.79063
2: Timestep is 1.79063
25: Timestep is 1.79063
57: Timestep is 1.79063
49: Timestep is 1.79063
33: Timestep is 1.79063
41: Timestep is 1.79063
9: Timestep is 1.79063
17: Timestep is 1.79063
1: Timestep is 1.79063
26: Timestep is 1.79063
58: Timestep is 1.79063
50: Timestep is 1.79063
34: Timestep is 1.79063
42: Timestep is 1.79063
10: Timestep is 1.79063
18: Timestep is 1.79063
3: Timestep is 1.79063
27: Timestep is 1.79063
59: Timestep is 1.79063
51: Timestep is 1.79063
35: Timestep is 1.79063
43: Timestep is 1.79063
11: Timestep is 1.79063
19: Timestep is 1.79063
4: Timestep is 1.79063
28: Timestep is 1.79063
60: Timestep is 1.79063
52: Timestep is 1.79063
36: Timestep is 1.79063
44: Timestep is 1.79063
12: Timestep is 1.79063
20: Timestep is 1.79063
5: Timestep is 1.79063
29: Timestep is 1.79063
61: Timestep is 1.79063
53: Timestep is 1.79063
37: Timestep is 1.79063
45: Timestep is 1.79063
13: Timestep is 1.79063
21: Timestep is 1.79063
6: Timestep is 1.79063
30: Timestep is 1.79063
62: Timestep is 1.79063
54: Timestep is 1.79063
38: Timestep is 1.79063
46: Timestep is 1.79063
14: Timestep is 1.79063
22: Timestep is 1.79063
7: Timestep is 1.79063
31: Timestep is 1.79063
63: Timestep is 1.79063
55: Timestep is 1.79063
39: Timestep is 1.79063
47: Timestep is 1.79063
15: Timestep is 1.79063
23: Timestep is 1.79063
1: Write took 0 seconds
1: Write took 0 seconds
1: Write took 0 seconds
1: Write took 0 seconds
1: Write took 0 seconds
1: Write took 0 seconds
1: Write took 0 seconds
1: Write took 0 seconds
1: Write took 0 seconds
1: Write took 0 seconds
1: Write took 0 seconds
1: Write took 0 seconds
1: Write took 0 seconds
1: Write took 0 seconds
1: Write took 0 seconds
1: Write took 0 seconds
1: Write took 0 seconds
1: Write took 0 seconds
1: Write took 0 seconds
1: Write took 0 seconds
energy derivative -0.04877657591 +/- 0.0003500956077
energy derivative -0.08713946053 +/- 0.000691792717
energy derivative -0.06381936021 +/- 0.0009150510445
energy derivative -0.02305588573 +/- 0.0007793682015
energy derivative -0.005169119182 +/- 0.0005447025733
energy derivative -0.1862923392 +/- 0.001385507117
energy derivative -0.09472226358 +/- 0.002216194615
energy derivative -0.04617627637 +/- 0.004595641734
energy derivative -0.01580090704 +/- 0.01356273362
energy derivative 0.01243838688 +/- 0.02457548847
energy derivative -0.2878830793 +/- 0.002083211307
energy derivative -0.3242014638 +/- 0.002117269686
energy derivative -0.2232251068 +/- 0.001884480245
energy derivative -0.1152938015 +/- 0.001839878097
energy derivative -0.04867702689 +/- 0.002755642434
energy derivative -0.5926570793 +/- 0.004480068216
energy derivative -0.5384477343 +/- 0.003684675242
energy derivative -0.435151879 +/- 0.003127835595
energy derivative -0.1623909028 +/- 0.002067828767
energy derivative -0.2871581833 +/- 0.002962639724
energy derivative -0.150333549 +/- 0.001342680214
energy derivative -0.05747885535 +/- 0.0006763782476
energy derivative -0.01581260365 +/- 0.0004487891287
energy derivative -0.04652056706 +/- 0.0007670903797
energy derivative -0.005545024295 +/- 0.000149192817
energy derivative -0.1156133424 +/- 0.001061823461
energy derivative -0.01779345622 +/- 0.0003246281744
energy derivative -0.2323492112 +/- 0.003501146916
energy derivative -0.3797162254 +/- 0.003934275842
energy derivative -0.2050575139 +/- 0.00281590716
energy derivative -0.05199373493 +/- 0.002074615229
energy derivative -0.1604645077 +/- 0.005004415135
energy derivative -0.1134531661 +/- 0.002532518
energy derivative -0.04198208997 +/- 0.001565143958
energy derivative -0.0106730084 +/- 0.001902096144
energy derivative -0.04050722427 +/- 0.005660030265
energy derivative -0.009597742437 +/- 0.001412895682
energy derivative -0.07648206757 +/- 0.001790033177
energy derivative -0.01837375723 +/- 0.002026565791
eigenvals (145.4879239,0) (139.62135,0) (75.42310949,0) (40.27957537,0) (36.78837582,0) (35.87471815,0) (28.98218738,0) (22.40484858,0) (21.24244116,0) (19.63194541,0) (12.26962615,0) (9.801225025,0) (8.936307431,0) (5.933698306,0) (5.271599038,0) (4.260483439,0) (4.959299552,0) (2.414255055,0) (-0.0003162811509,0) (-0.4009051832,0.03186391494) (-0.4009051832,-0.03186391494) (-0.7992146286,0) (-0.9100804088,0) (-5.883995718,0) (-5.731491084,0) (-1.418671911,0) (-1.747675944,0) (-2.320836786,0) (-2.589060764,0) (-5.414462524,0) (-3.135987041,0) (-3.537626928,0) (-3.723552483,0) (-4.980919634,0) (-4.888980521,0) (-4.038658883,0) (-4.339619434,0) (-4.422048725,0) (-4.528906525,0) (-4.61335573,0) 
i 23 stab 5.844249689e-06 p0 0.1514443407 eigenval (-5.883995718,0)
chose 23 eigenval -5.883995718
eigenvals (674.0008081,0) (139.8917483,0) (77.6851106,0) (64.60233737,0) (56.16567307,0) (51.3328221,0) (38.1132104,0) (31.6838976,0) (24.28776884,0) (20.85153039,0) (19.80833249,0) (12.49812359,0) (11.26636291,0) (10.36049205,0) (8.723801041,0) (7.07115487,0) (5.379679055,0) (2.777183005,0) (1.154028209,0) (0.1221100461,0) (-0.2214547026,0) (-0.421438126,0) (-0.6589333778,0) (-1.230339209,0) (-1.436878716,0) (-1.869572493,0) (-5.883254822,0) (-5.730795669,0) (-2.446958596,0) (-5.397939726,0) (-3.071074401,0) (-3.458429061,0) (-4.960396475,0) (-4.862751258,0) (-3.685774204,0) (-3.951610757,0) (-4.595366598,0) (-4.490567225,0) (-4.404660547,0) (-4.292795281,0) 
i 26 stab 2.922124845e-05 p0 0.1892101936 eigenval (-5.883254822,0)
chose 26 eigenval -5.883254822
eigenvals (3317.615198,0) (283.0456653,0) (165.880149,0) (140.7129615,0) (122.7995714,0) (89.59177113,0) (74.78117039,0) (54.34185488,0) (48.88233071,0) (35.16765282,0) (27.2574311,0) (21.06154103,0) (18.53806804,0) (16.5201225,0) (12.92106616,0) (11.94488602,0) (6.719285753,0) (4.582005236,0) (3.385269398,0) (1.354722218,0) (0.8377337953,0) (0.02052924709,0) (-0.07981696441,0) (-0.6227176134,0) (-0.9581280715,0) (-1.063184192,0) (-2.172928377,0) (-5.881486121,0) (-5.728811477,0) (-5.358418528,0) (-2.912092736,0) (-3.28998584,0) (-3.618209473,0) (-3.707944367,0) (-4.91647986,0) (-4.760157551,0) (-4.150695741,0) (-4.562203532,0) (-4.325635788,0) (-4.399476686,0) 
i 27 stab 0.0001461062422 p0 0.2774733849 eigenval (-5.881486121,0)
i 28 stab 0.0001461062422 p0 0.1151897803 eigenval (-5.728811477,0)
chose 27 eigenval -5.881486121
eigenvals (16535.8959,0) (1378.617984,0) (695.5739589,0) (492.016722,0) (428.0062717,0) (184.4750988,0) (164.8214923,0) (138.6655627,0) (124.1849694,0) (83.48287576,0) (60.63171838,0) (56.76502467,0) (26.80651859,0) (21.67808472,0) (20.33098045,0) (18.69095433,0) (13.97135543,0) (10.34682678,0) (8.706267264,0) (5.157984271,0) (2.873341407,0) (2.522695244,0) (1.047723879,0) (0.573869057,0) (-0.3313821491,0) (-0.4886887444,0) (-1.521399234,0) (-5.878740279,0) (-5.722971658,0) (-5.290027183,0) (-2.469609978,0) (-2.73871115,0) (-4.86414902,0) (-3.13252526,0) (-4.539023962,0) (-4.496860628,0) (-4.207370622,0) (-3.455130188,0) (-3.720772382,0) (-3.797054681,0) 
i 27 stab 0.0007305312111 p0 0.4555034953 eigenval (-5.878740279,0)
i 28 stab 0.0007305312111 p0 0.1669514655 eigenval (-5.722971658,0)
chose 27 eigenval -5.878740279
eigenvals (82627.34132,0) (6857.669119,0) (3353.79851,0) (2334.284271,0) (2117.997736,0) (856.3768998,0) (784.2937959,0) (521.0972791,0) (273.4248218,0) (236.5209976,0) (149.4738168,0) (121.8273704,0) (89.18365085,0) (57.91460758,0) (52.39005563,0) (36.9628767,0) (24.34109958,0) (23.11155111,0) (22.27532263,0) (13.10529184,0) (11.15417393,0) (7.125559677,0) (4.411915967,0) (4.183608148,0) (1.639376808,0) (0.941081096,0) (0.5073395791,0) (-0.1417665669,0) (-5.875456308,0) (-5.709589495,0) (-1.059680923,0) (-5.188880806,0) (-2.027704641,0) (-2.439754461,0) (-2.587995101,0) (-3.174935473,0) (-4.790579324,0) (-3.820906889,0) (-4.348799055,0) (-4.311904912,0) 
i 28 stab 0.003652656056 p0 0.7175281735 eigenval (-5.875456308,0)
i 29 stab 0.003652656056 p0 0.2562723849 eigenval (-5.709589495,0)
chose 28 eigenval -5.875456308
eigenvals (413084.5769,0) (34253.13837,0) (16646.03578,0) (11549.15852,0) (10565.60265,0) (4235.17681,0) (3885.396987,0) (2498.87914,0) (1336.190285,0) (1122.791932,0) (467.4864303,0) (322.5667685,0) (263.4099946,0) (245.7014554,0) (189.475263,0) (118.0436906,0) (98.23912738,0) (63.50662415,0) (47.15548686,0) (43.1094345,0) (30.31434404,0) (26.2264586,0) (20.59110521,0) (16.20180255,0) (13.69941534,0) (10.947224,0) (6.425829644,0) (3.860734549,0) (1.865953924,0) (1.266140643,0) (-0.2076423981,0) (-1.316731072,0) (-2.034617572,0) (-5.871867492,0) (-5.68236929,0) (-3.094533505,0) (-3.714605248,0) (-4.081166169,0) (-5.07465202,0) (-4.658227813,0) 
i 33 stab 0.01826328028 p0 0.9109206861 eigenval (-5.871867492,0)
i 34 stab 0.01826328028 p0 0.3835680792 eigenval (-5.68236929,0)
i 38 stab 0.01826328028 p0 0.1207987895 eigenval (-5.07465202,0)
chose 33 eigenval -5.871867492
eigenvals (2065370.756,0) (171230.5268,0) (83107.4368,0) (57624.55322,0) (52802.82789,0) (21131.08244,0) (19391.23084,0) (12388.92282,0) (6650.324849,0) (5557.292868,0) (2315.731907,0) (1423.178773,0) (1287.968328,0) (1120.180898,0) (621.322034,0) (529.8862585,0) (340.5345625,0) (276.5548253,0) (224.1144247,0) (159.3554664,0) (121.023649,0) (115.7345176,0) (79.91488762,0) (71.2496097,0) (53.91324189,0) (40.1157045,0) (33.44644125,0) (23.53943496,0) (14.29949068,0) (12.06417394,0) (5.105697471,0) (1.401985318,0) (0.8736690862,0) (-1.258656238,0) (-2.407144629,0) (-3.426522761,0) (-5.867440387,0) (-5.625815115,0) (-4.455542797,0) (-4.975900987,0) 
i 36 stab 0.09131640139 p0 0.9732196701 eigenval (-5.867440387,0)
i 37 stab 0.09131640139 p0 0.482752772 eigenval (-5.625815115,0)
i 39 stab 0.09131640139 p0 0.2533249519 eigenval (-4.975900987,0)
chose 36 eigenval -5.867440387
eigenvals (10326801.65,0) (856117.4772,0) (415414.4846,0) (288001.7519,0) (263988.7735,0) (105610.9673,0) (96920.454,0) (61839.3909,0) (33220.97213,0) (27730.29448,0) (11562.07956,0) (6989.658472,0) (6358.595015,0) (5521.838247,0) (3035.969961,0) (2500.97843,0) (1469.722374,0) (1302.431481,0) (1111.770237,0) (719.4356754,0) (593.4283669,0) (573.5203971,0) (387.5206223,0) (333.5642024,0) (242.33948,0) (177.1201135,0) (129.0589506,0) (106.4938645,0) (71.60829436,0) (62.95862349,0) (31.5695989,0) (12.97506631,0) (8.246972213,0) (5.870339755,0) (0.697214528,0) (-1.273327425,0) (-5.861405417,0) (-5.472740704,0) (-4.102125594,0) (-4.796105031,0) 
i 36 stab 0.456582007 p0 0.9937162823 eigenval (-5.861405417,0)
i 37 stab 0.456582007 p0 0.5408103733 eigenval (-5.472740704,0)
i 39 stab 0.456582007 p0 0.2883219464 eigenval (-4.796105031,0)
chose 36 eigenval -5.861405417
eigenvals (51633956.14,0) (4280552.231,0) (2076949.732,0) (1439887.791,0) (1319918.464,0) (528010.462,0) (484566.5802,0) (309091.7822,0) (166074.2013,0) (138595.3986,0) (57794.56465,0) (34843.65143,0) (31693.68698,0) (27530.65898,0) (15137.31317,0) (12367.83459,0) (7195.981378,0) (6353.402533,0) (5550.223394,0) (3509.381138,0) (2955.930476,0) (2860.464264,0) (1931.541734,0) (1643.573849,0) (1191.279883,0) (881.9982704,0) (627.3551256,0) (468.4603534,0) (357.3073775,0) (300.6397314,0) (161.5703902,0) (70.0258941,0) (43.54754515,0) (35.31210036,0) (14.12541742,0) (8.116566834,0) (-5.856114387,0) (-5.161557607,0) (-2.981305314,0) (-3.977689586,0) 
i 36 stab 2.282910035 p0 0.9992825469 eigenval (-5.856114387,0)
i 37 stab 2.282910035 p0 0.7421656799 eigenval (-5.161557607,0)
chose 36 eigenval -5.856114387
eigenvals (258169728.6,0) (21402726,0) (10384625.97,0) (7199317.996,0) (6599566.912,0) (2640007.95,0) (2422797.213,0) (1545353.749,0) (830340.3454,0) (692920.9381,0) (288957.1313,0) (174117.9925,0) (158365.5546,0) (137574.7526,0) (75647.57193,0) (61705.22834,0) (35851.63224,0) (31588.13578,0) (27742.47339,0) (17457.07792,0) (14768.77271,0) (14293.67284,0) (9652.060282,0) (8193.91199,0) (5936.985176,0) (4407.400049,0) (3126.961204,0) (2280.463091,0) (1785.364912,0) (1477.434137,0) (808.2679592,0) (354.719599,0) (225.5247693,0) (174.908527,0) (79.61221528,0) (54.0866229,0) (-5.851437855,0) (-4.686248478,0) (2.647022318,0) (0.2402948788,0) 
i 36 stab 11.41455017 p0 0.9999495872 eigenval (-5.851437855,0)
i 37 stab 11.41455017 p0 0.7497118506 eigenval (-4.686248478,0)
chose 36 eigenval -5.851437855
eigenvals (1290848591,0) (107013594.8,0) (51923007.17,0) (35996469.02,0) (32997809.15,0) (13199995.39,0) (12113950.38,0) (7726663.586,0) (4151671.066,0) (3464548.64,0) (1444769.993,0) (870490.5688,0) (791724.1818,0) (687795.2142,0) (378199.5171,0) (308392.8264,0) (179134.4758,0) (157758.2273,0) (138703.7157,0) (87195.19213,0) (73833.07039,0) (71459.33013,0) (48254.71347,0) (40945.67312,0) (29665.6988,0) (22034.56916,0) (15625.89628,0) (11343.06568,0) (8925.502514,0) (7358.591329,0) (4040.678586,0) (1778.080277,0) (1136.01886,0) (872.0566437,0) (406.4733305,0) (283.4771092,0) (-5.8469554,0) (-2.781667432,0) (31.98623612,0) (20.25075959,0) 
i 36 stab 57.07275087 p0 0.9999965893 eigenval (-5.8469554,0)
i 37 stab 57.07275087 p0 0.4098778193 eigenval (-2.781667432,0)
chose 36 eigenval -5.8469554
eigenvals (6454242896,0) (535067939.1,0) (259614913.1,0) (179982224.2,0) (164989020.3,0) (65999932.59,0) (60569716.21,0) (38633212.77,0) (20758324.67,0) (17322687.15,0) (7223834.304,0) (4352353.624,0) (3958517.176,0) (3438897.521,0) (1890959.371,0) (1541830.943,0) (895549.5942,0) (788607.9936,0) (693509.9252,0) (435885.6912,0) (369154.5771,0) (357287.5356,0) (241267.9906,0) (204704.4933,0) (148309.3038,0) (110170.4455,0) (78120.73337,0) (56656.67094,0) (44626.15754,0) (36763.81216,0) (20202.49261,0) (8894.862673,0) (5688.574559,0) (4357.693586,0) (2040.658206,0) (1430.305303,0) (-5.844911384,0) (179.1892931,0) (6.661259399,0) (119.8051003,0) 
i 36 stab 285.3637544 p0 0.9999998266 eigenval (-5.844911384,0)
i 38 stab 285.3637544 p0 0.1098227793 eigenval (6.661259399,0)
chose 36 eigenval -5.844911384
eigenvals (3.227121444e+10,0) (2675339660,0) (1298074443,0) (899910999.8,0) (824945076.2,0) (329999618.6,0) (302848545.3,0) (193165958.7,0) (103791592.7,0) (86613379.69,0) (36119155.86,0) (21761668.94,0) (19792482.12,0) (17194409.05,0) (9454758.666,0) (7709021.549,0) (4477625.366,0) (3942856.688,0) (3467540.972,0) (2179338.173,0) (1845762.114,0) (1786428.547,0) (1206334.379,0) (1023498.597,0) (741527.3363,0) (550849.8331,0) (390594.9504,0) (283224.8185,0) (223129.4259,0) (183789.8035,0) (101011.5139,0) (44478.77048,0) (28451.36888,0) (21785.86016,0) (10211.5585,0) (7164.419634,0) (-5.844388231,0) (915.3083704,0) (53.86572909,0) (617.4737469,0) 
i 36 stab 1426.818772 p0 0.9999999926 eigenval (-5.844388231,0)
chose 36 eigenval -5.844388231
eigenvals (1.613560722e+11,0) (1.337669827e+10,0) (6490372092,0) (4499554878,0) (4124725356,0) (1649998049,0) (1514242691,0) (965829688.3,0) (518957932.7,0) (433066842.4,0) (180595763.7,0) (108808245.5,0) (98962306.84,0) (85971966.71,0) (47273755.14,0) (38544974.59,0) (22388004.26,0) (19714100.13,0) (17337696.21,0) (10896600.58,0) (9228799.8,0) (8932133.598,0) (6031666.32,0) (5117469.116,0) (3707617.5,0) (2754246.773,0) (1952966.042,0) (1416065.58,0) (1115645.767,0) (918919.7376,0) (505056.6105,0) (222398.3087,0) (142265.3436,0) (108926.6895,0) (51066.05515,0) (35834.98588,0) (-5.84427766,0) (4595.924386,0) (289.8866209,0) (3105.796451,0) 
i 36 stab 7134.093859 p0 0.9999999997 eigenval (-5.84427766,0)
chose 36 eigenval -5.84427766
eigenvals (8.06780361e+11,0) (6.68834913e+10,0) (3.245186034e+10,0) (2.249777427e+10,0) (2.062362675e+10,0) (8249990199,0) (7571213419,0) (4829148336,0) (2594789633,0) (2165334156,0) (902978802.7,0) (544041128.3,0) (494811430.4,0) (429859755,0) (236368737.5,0) (192724739.8,0) (111939898.7,0) (98570317.35,0) (86688472.39,0) (54482912.59,0) (46143988.23,0) (44660658.86,0) (30158326.03,0) (25587321.71,0) (18538068.32,0) (13771231.47,0) (9764821.501,0) (7080269.395,0) (5578227.47,0) (4594569.404,0) (2525282.092,0) (1111996,0) (711335.2179,0) (544630.8354,0) (255338.5375,0) (179187.816,0) (-5.844255294,0) (22999.00858,0) (1469.990819,0) (15547.40587,0) 
i 36 stab 35670.46929 p0 1 eigenval (-5.844255294,0)
chose 36 eigenval -5.844255294
eigenvals (413084.5769,0) (34253.13837,0) (16646.03578,0) (11549.15852,0) (10565.60265,0) (4235.17681,0) (3885.396987,0) (2498.87914,0) (1336.190285,0) (1122.791932,0) (467.4864303,0) (322.5667685,0) (263.4099946,0) (245.7014554,0) (189.475263,0) (118.0436906,0) (98.23912738,0) (63.50662415,0) (47.15548686,0) (43.1094345,0) (30.31434404,0) (26.2264586,0) (20.59110521,0) (16.20180255,0) (13.69941534,0) (10.947224,0) (6.425829644,0) (3.860734549,0) (1.865953924,0) (1.266140643,0) (-0.2076423981,0) (-1.316731072,0) (-2.034617572,0) (-5.871867492,0) (-5.68236929,0) (-3.094533505,0) (-3.714605248,0) (-4.081166169,0) (-5.07465202,0) (-4.658227813,0) 
i 33 stab 0.01826328028 p0 0.9109206861 eigenval (-5.871867492,0)
i 34 stab 0.01826328028 p0 0.3835680792 eigenval (-5.68236929,0)
i 38 stab 0.01826328028 p0 0.1207987895 eigenval (-5.07465202,0)
chose 33 eigenval -5.871867492
eigenvals (2065370.756,0) (171230.5268,0) (83107.4368,0) (57624.55322,0) (52802.82789,0) (21131.08244,0) (19391.23084,0) (12388.92282,0) (6650.324849,0) (5557.292868,0) (2315.731907,0) (1423.178773,0) (1287.968328,0) (1120.180898,0) (621.322034,0) (529.8862585,0) (340.5345625,0) (276.5548253,0) (224.1144247,0) (159.3554664,0) (121.023649,0) (115.7345176,0) (79.91488762,0) (71.2496097,0) (53.91324189,0) (40.1157045,0) (33.44644125,0) (23.53943496,0) (14.29949068,0) (12.06417394,0) (5.105697471,0) (1.401985318,0) (0.8736690862,0) (-1.258656238,0) (-2.407144629,0) (-3.426522761,0) (-5.867440387,0) (-5.625815115,0) (-4.455542797,0) (-4.975900987,0) 
i 36 stab 0.09131640139 p0 0.9732196701 eigenval (-5.867440387,0)
i 37 stab 0.09131640139 p0 0.482752772 eigenval (-5.625815115,0)
i 39 stab 0.09131640139 p0 0.2533249519 eigenval (-4.975900987,0)
chose 36 eigenval -5.867440387
eigenvals (10326801.65,0) (856117.4772,0) (415414.4846,0) (288001.7519,0) (263988.7735,0) (105610.9673,0) (96920.454,0) (61839.3909,0) (33220.97213,0) (27730.29448,0) (11562.07956,0) (6989.658472,0) (6358.595015,0) (5521.838247,0) (3035.969961,0) (2500.97843,0) (1469.722374,0) (1302.431481,0) (1111.770237,0) (719.4356754,0) (593.4283669,0) (573.5203971,0) (387.5206223,0) (333.5642024,0) (242.33948,0) (177.1201135,0) (129.0589506,0) (106.4938645,0) (71.60829436,0) (62.95862349,0) (31.5695989,0) (12.97506631,0) (8.246972213,0) (5.870339755,0) (0.697214528,0) (-1.273327425,0) (-5.861405417,0) (-5.472740704,0) (-4.102125594,0) (-4.796105031,0) 
i 36 stab 0.456582007 p0 0.9937162823 eigenval (-5.861405417,0)
i 37 stab 0.456582007 p0 0.5408103733 eigenval (-5.472740704,0)
i 39 stab 0.456582007 p0 0.2883219464 eigenval (-4.796105031,0)
chose 36 eigenval -5.861405417
eigenvals (51633956.14,0) (4280552.231,0) (2076949.732,0) (1439887.791,0) (1319918.464,0) (528010.462,0) (484566.5802,0) (309091.7822,0) (166074.2013,0) (138595.3986,0) (57794.56465,0) (34843.65143,0) (31693.68698,0) (27530.65898,0) (15137.31317,0) (12367.83459,0) (7195.981378,0) (6353.402533,0) (5550.223394,0) (3509.381138,0) (2955.930476,0) (2860.464264,0) (1931.541734,0) (1643.573849,0) (1191.279883,0) (881.9982704,0) (627.3551256,0) (468.4603534,0) (357.3073775,0) (300.6397314,0) (161.5703902,0) (70.0258941,0) (43.54754515,0) (35.31210036,0) (14.12541742,0) (8.116566834,0) (-5.856114387,0) (-5.161557607,0) (-2.981305314,0) (-3.977689586,0) 
i 36 stab 2.282910035 p0 0.9992825469 eigenval (-5.856114387,0)
i 37 stab 2.282910035 p0 0.7421656799 eigenval (-5.161557607,0)
chose 36 eigenval -5.856114387
eigenvals (258169728.6,0) (21402726,0) (10384625.97,0) (7199317.996,0) (6599566.912,0) (2640007.95,0) (2422797.213,0) (1545353.749,0) (830340.3454,0) (692920.9381,0) (288957.1313,0) (174117.9925,0) (158365.5546,0) (137574.7526,0) (75647.57193,0) (61705.22834,0) (35851.63224,0) (31588.13578,0) (27742.47339,0) (17457.07792,0) (14768.77271,0) (14293.67284,0) (9652.060282,0) (8193.91199,0) (5936.985176,0) (4407.400049,0) (3126.961204,0) (2280.463091,0) (1785.364912,0) (1477.434137,0) (808.2679592,0) (354.719599,0) (225.5247693,0) (174.908527,0) (79.61221528,0) (54.0866229,0) (-5.851437855,0) (-4.686248478,0) (2.647022318,0) (0.2402948788,0) 
i 36 stab 11.41455017 p0 0.9999495872 eigenval (-5.851437855,0)
i 37 stab 11.41455017 p0 0.7497118506 eigenval (-4.686248478,0)
chose 36 eigenval -5.851437855
eigenvals (1290848591,0) (107013594.8,0) (51923007.17,0) (35996469.02,0) (32997809.15,0) (13199995.39,0) (12113950.38,0) (7726663.586,0) (4151671.066,0) (3464548.64,0) (1444769.993,0) (870490.5688,0) (791724.1818,0) (687795.2142,0) (378199.5171,0) (308392.8264,0) (179134.4758,0) (157758.2273,0) (138703.7157,0) (87195.19213,0) (73833.07039,0) (71459.33013,0) (48254.71347,0) (40945.67312,0) (29665.6988,0) (22034.56916,0) (15625.89628,0) (11343.06568,0) (8925.502514,0) (7358.591329,0) (4040.678586,0) (1778.080277,0) (1136.01886,0) (872.0566437,0) (406.4733305,0) (283.4771092,0) (-5.8469554,0) (-2.781667432,0) (31.98623612,0) (20.25075959,0) 
i 36 stab 57.07275087 p0 0.9999965893 eigenval (-5.8469554,0)
i 37 stab 57.07275087 p0 0.4098778193 eigenval (-2.781667432,0)
chose 36 eigenval -5.8469554
eigenvals (6454242896,0) (535067939.1,0) (259614913.1,0) (179982224.2,0) (164989020.3,0) (65999932.59,0) (60569716.21,0) (38633212.77,0) (20758324.67,0) (17322687.15,0) (7223834.304,0) (4352353.624,0) (3958517.176,0) (3438897.521,0) (1890959.371,0) (1541830.943,0) (895549.5942,0) (788607.9936,0) (693509.9252,0) (435885.6912,0) (369154.5771,0) (357287.5356,0) (241267.9906,0) (204704.4933,0) (148309.3038,0) (110170.4455,0) (78120.73337,0) (56656.67094,0) (44626.15754,0) (36763.81216,0) (20202.49261,0) (8894.862673,0) (5688.574559,0) (4357.693586,0) (2040.658206,0) (1430.305303,0) (-5.844911384,0) (179.1892931,0) (6.661259399,0) (119.8051003,0) 
i 36 stab 285.3637544 p0 0.9999998266 eigenval (-5.844911384,0)
i 38 stab 285.3637544 p0 0.1098227793 eigenval (6.661259399,0)
chose 36 eigenval -5.844911384
eigenvals (3.227121444e+10,0) (2675339660,0) (1298074443,0) (899910999.8,0) (824945076.2,0) (329999618.6,0) (302848545.3,0) (193165958.7,0) (103791592.7,0) (86613379.69,0) (36119155.86,0) (21761668.94,0) (19792482.12,0) (17194409.05,0) (9454758.666,0) (7709021.549,0) (4477625.366,0) (3942856.688,0) (3467540.972,0) (2179338.173,0) (1845762.114,0) (1786428.547,0) (1206334.379,0) (1023498.597,0) (741527.3363,0) (550849.8331,0) (390594.9504,0) (283224.8185,0) (223129.4259,0) (183789.8035,0) (101011.5139,0) (44478.77048,0) (28451.36888,0) (21785.86016,0) (10211.5585,0) (7164.419634,0) (-5.844388231,0) (915.3083704,0) (53.86572909,0) (617.4737469,0) 
i 36 stab 1426.818772 p0 0.9999999926 eigenval (-5.844388231,0)
chose 36 eigenval -5.844388231
eigenvals (1.613560722e+11,0) (1.337669827e+10,0) (6490372092,0) (4499554878,0) (4124725356,0) (1649998049,0) (1514242691,0) (965829688.3,0) (518957932.7,0) (433066842.4,0) (180595763.7,0) (108808245.5,0) (98962306.84,0) (85971966.71,0) (47273755.14,0) (38544974.59,0) (22388004.26,0) (19714100.13,0) (17337696.21,0) (10896600.58,0) (9228799.8,0) (8932133.598,0) (6031666.32,0) (5117469.116,0) (3707617.5,0) (2754246.773,0) (1952966.042,0) (1416065.58,0) (1115645.767,0) (918919.7376,0) (505056.6105,0) (222398.3087,0) (142265.3436,0) (108926.6895,0) (51066.05515,0) (35834.98588,0) (-5.84427766,0) (4595.924386,0) (289.8866209,0) (3105.796451,0) 
i 36 stab 7134.093859 p0 0.9999999997 eigenval (-5.84427766,0)
chose 36 eigenval -5.84427766
eigenvals (8.06780361e+11,0) (6.68834913e+10,0) (3.245186034e+10,0) (2.249777427e+10,0) (2.062362675e+10,0) (8249990199,0) (7571213419,0) (4829148336,0) (2594789633,0) (2165334156,0) (902978802.7,0) (544041128.3,0) (494811430.4,0) (429859755,0) (236368737.5,0) (192724739.8,0) (111939898.7,0) (98570317.35,0) (86688472.39,0) (54482912.59,0) (46143988.23,0) (44660658.86,0) (30158326.03,0) (25587321.71,0) (18538068.32,0) (13771231.47,0) (9764821.501,0) (7080269.395,0) (5578227.47,0) (4594569.404,0) (2525282.092,0) (1111996,0) (711335.2179,0) (544630.8354,0) (255338.5375,0) (179187.816,0) (-5.844255294,0) (22999.00858,0) (1469.990819,0) (15547.40587,0) 
i 36 stab 35670.46929 p0 1 eigenval (-5.844255294,0)
chose 36 eigenval -5.844255294
16: Timestep is 1.2928125
0: Timestep is 1.2928125
40: Timestep is 1.2928125
8: Timestep is 1.2928125
1: Timestep is 1.2928125
24: Timestep is 1.2928125
56: Timestep is 1.2928125
48: Timestep is 1.2928125
32: Timestep is 1.2928125
41: Timestep is 1.2928125
9: Timestep is 1.2928125
17: Timestep is 1.2928125
2: Timestep is 1.2928125
25: Timestep is 1.2928125
57: Timestep is 1.2928125
49: Timestep is 1.2928125
33: Timestep is 1.2928125
42: Timestep is 1.2928125
10: Timestep is 1.2928125
18: Timestep is 1.2928125
3: Timestep is 1.2928125
26: Timestep is 1.2928125
58: Timestep is 1.2928125
50: Timestep is 1.2928125
34: Timestep is 1.2928125
43: Timestep is 1.2928125
11: Timestep is 1.2928125
19: Timestep is 1.2928125
4: Timestep is 1.2928125
27: Timestep is 1.2928125
59: Timestep is 1.2928125
51: Timestep is 1.2928125
35: Timestep is 1.2928125
44: Timestep is 1.2928125
12: Timestep is 1.2928125
20: Timestep is 1.2928125
5: Timestep is 1.2928125
28: Timestep is 1.2928125
60: Timestep is 1.2928125
52: Timestep is 1.2928125
36: Timestep is 1.2928125
45: Timestep is 1.2928125
13: Timestep is 1.2928125
21: Timestep is 1.2928125
6: Timestep is 1.2928125
29: Timestep is 1.2928125
61: Timestep is 1.2928125
53: Timestep is 1.2928125
37: Timestep is 1.2928125
46: Timestep is 1.2928125
14: Timestep is 1.2928125
22: Timestep is 1.2928125
7: Timestep is 1.2928125
30: Timestep is 1.2928125
62: Timestep is 1.2928125
54: Timestep is 1.2928125
38: Timestep is 1.2928125
47: Timestep is 1.2928125
15: Timestep is 1.2928125
23: Timestep is 1.2928125
31: Timestep is 1.2928125
63: Timestep is 1.2928125
55: Timestep is 1.2928125
39: Timestep is 1.2928125
fitting to -0.008920800827 0.01826328028
fitting to -0.007823234498 0.456582007
fitting to -0.006048659626 2.282910035
fitting to -0.005495444246 0.09131640139
fitting to -0.002833447658 11.41455017
fit r2 0.715769336 curvature -2.250731387e-05
eigenvals (413084.5769,0) (34253.13837,0) (16646.03578,0) (11549.15852,0) (10565.60265,0) (4235.17681,0) (3885.396987,0) (2498.87914,0) (1336.190285,0) (1122.791932,0) (467.4864303,0) (322.5667685,0) (263.4099946,0) (245.7014554,0) (189.475263,0) (118.0436906,0) (98.23912738,0) (63.50662415,0) (47.15548686,0) (43.1094345,0) (30.31434404,0) (26.2264586,0) (20.59110521,0) (16.20180255,0) (13.69941534,0) (10.947224,0) (6.425829644,0) (3.860734549,0) (1.865953924,0) (1.266140643,0) (-0.2076423981,0) (-1.316731072,0) (-2.034617572,0) (-5.871867492,0) (-5.68236929,0) (-3.094533505,0) (-3.714605248,0) (-4.081166169,0) (-5.07465202,0) (-4.658227813,0) 
i 33 stab 0.01826328028 p0 0.9109206861 eigenval (-5.871867492,0)
i 34 stab 0.01826328028 p0 0.3835680792 eigenval (-5.68236929,0)
i 38 stab 0.01826328028 p0 0.1207987895 eigenval (-5.07465202,0)
chose 33 eigenval -5.871867492
48: Timestep is 1.2990625
40: Timestep is 1.2990625
16: Timestep is 1.2990625
0: Timestep is 1.2990625
24: Timestep is 1.2990625
49: Timestep is 1.2990625
32: Timestep is 1.2990625
41: Timestep is 1.2990625
8: Timestep is 1.2990625
1: Timestep is 1.2990625
25: Timestep is 1.2990625
56: Timestep is 1.2990625
50: Timestep is 1.2990625
33: Timestep is 1.2990625
42: Timestep is 1.2990625
9: Timestep is 1.2990625
17: Timestep is 1.2990625
2: Timestep is 1.2990625
26: Timestep is 1.2990625
57: Timestep is 1.2990625
51: Timestep is 1.2990625
34: Timestep is 1.2990625
43: Timestep is 1.2990625
10: Timestep is 1.2990625
18: Timestep is 1.2990625
3: Timestep is 1.2990625
27: Timestep is 1.2990625
58: Timestep is 1.2990625
52: Timestep is 1.2990625
35: Timestep is 1.2990625
44: Timestep is 1.2990625
11: Timestep is 1.2990625
19: Timestep is 1.2990625
4: Timestep is 1.2990625
28: Timestep is 1.2990625
59: Timestep is 1.2990625
53: Timestep is 1.2990625
36: Timestep is 1.2990625
45: Timestep is 1.2990625
12: Timestep is 1.2990625
20: Timestep is 1.2990625
5: Timestep is 1.2990625
29: Timestep is 1.2990625
60: Timestep is 1.2990625
54: Timestep is 1.2990625
37: Timestep is 1.2990625
46: Timestep is 1.2990625
13: Timestep is 1.2990625
21: Timestep is 1.2990625
6: Timestep is 1.2990625
30: Timestep is 1.2990625
61: Timestep is 1.2990625
55: Timestep is 1.2990625
38: Timestep is 1.2990625
47: Timestep is 1.2990625
14: Timestep is 1.2990625
22: Timestep is 1.2990625
7: Timestep is 1.2990625
31: Timestep is 1.2990625
62: Timestep is 1.2990625
39: Timestep is 1.2990625
15: Timestep is 1.2990625
23: Timestep is 1.2990625
63: Timestep is 1.2990625
Read took 0 seconds
