#-------------------------------------------------
#VMC run: timestep 1 nconfig 640 steps 100
#-------------------------------------------------


init { 
   label vmc
}
block { 
   label vmc
   totweight 64000
   nautocorr 0
   total_energy { -5.660323608596538   } 
   total_energyvar { 0.8089652662485808   } 
   weight { 1   } 
   weightvar { 0   } 
   kinetic_energy { 3.570287639382675   } 
   kinetic_energyvar { 4.0254172205787   } 
   potential_energy { -9.807106249151429   } 
   potential_energyvar { 7.001257121099957   } 
   nonlocal_energy { 0.5764950011722151   } 
   nonlocal_energyvar { 2.877357052004821   } 
   autocorr_energy { } 
} 

block { 
   label vmc
   totweight 64000
   nautocorr 0
   total_energy { -5.661336124999229   } 
   total_energyvar { 0.6652327899357646   } 
   weight { 1   } 
   weightvar { 0   } 
   kinetic_energy { 3.538286548784864   } 
   kinetic_energyvar { 4.007294357216248   } 
   potential_energy { -9.783873219728276   } 
   potential_energyvar { 6.112011597064381   } 
   nonlocal_energy { 0.584250545944182   } 
   nonlocal_energyvar { 2.282325003179475   } 
   autocorr_energy { } 
} 

block { 
   label vmc
   totweight 64000
   nautocorr 0
   total_energy { -5.651612106489839   } 
   total_energyvar { 0.7295036888427351   } 
   weight { 1   } 
   weightvar { 0   } 
   kinetic_energy { 3.553590335634844   } 
   kinetic_energyvar { 3.91708666187482   } 
   potential_energy { -9.772029433231076   } 
   potential_energyvar { 6.27794076939294   } 
   nonlocal_energy { 0.5668269911063916   } 
   nonlocal_energyvar { 2.145117867729943   } 
   autocorr_energy { } 
} 

block { 
   label vmc
   totweight 64000
   nautocorr 0
   total_energy { -5.66045196847939   } 
   total_energyvar { 0.6760190409631391   } 
   weight { 1   } 
   weightvar { 0   } 
   kinetic_energy { 3.551547259409587   } 
   kinetic_energyvar { 3.875608109376284   } 
   potential_energy { -9.801930033020938   } 
   potential_energyvar { 7.24139290768463   } 
   nonlocal_energy { 0.5899308051319578   } 
   nonlocal_energyvar { 2.943499035518167   } 
   autocorr_energy { } 
} 

block { 
   label vmc
   totweight 64000
   nautocorr 0
   total_energy { -5.651007928364627   } 
   total_energyvar { 0.698567571686951   } 
   weight { 1   } 
   weightvar { 0   } 
   kinetic_energy { 3.544714166168458   } 
   kinetic_energyvar { 3.928342426487695   } 
   potential_energy { -9.756859822758775   } 
   potential_energyvar { 6.463838179703245   } 
   nonlocal_energy { 0.5611377282256902   } 
   nonlocal_energyvar { 2.34439285097852   } 
   autocorr_energy { } 
} 

block { 
   label vmc
   totweight 64000
   nautocorr 0
   total_energy { -5.652406960173253   } 
   total_energyvar { 0.7363418440995972   } 
   weight { 1   } 
   weightvar { 0   } 
   kinetic_energy { 3.552133359938907   } 
   kinetic_energyvar { 4.052626024735139   } 
   potential_energy { -9.788324501295207   } 
   potential_energyvar { 6.757249915049326   } 
   nonlocal_energy { 0.5837841811830493   } 
   nonlocal_energyvar { 2.646705597578003   } 
   autocorr_energy { } 
} 

