#-------------------------------------------------
#DMC run: timestep 0.001
#-------------------------------------------------


init { 
   label ts_0.001
}
block { 
   label ts_0.001
   totweight 5120000
   nautocorr 0
   total_energy { -5.918257742300015   } 
   total_energyvar { 0.04226330649625809   } 
   weight { 1.001584547060328   } 
   weightvar { 0.005080528915230483   } 
   kinetic_energy { 3.770679041568733   } 
   kinetic_energyvar { 4.570926777059479   } 
   potential_energy { -10.34961384633345   } 
   potential_energyvar { 6.043661911405171   } 
   nonlocal_energy { 0.6606770624647046   } 
   nonlocal_energyvar { 2.757265587022568   } 
   autocorr_energy { } 
} 

block { 
   label ts_0.001
   totweight 5120000
   nautocorr 0
   total_energy { -5.92300656393212   } 
   total_energyvar { 0.03768858758036192   } 
   weight { 1.004319409956634   } 
   weightvar { 0.02158636013912598   } 
   kinetic_energy { 3.783131850624777   } 
   kinetic_energyvar { 4.484486414662226   } 
   potential_energy { -10.34854667473891   } 
   potential_energyvar { 5.853186360239961   } 
   nonlocal_energy { 0.6424082601820144   } 
   nonlocal_energyvar { 2.38775943926502   } 
   autocorr_energy { } 
} 

block { 
   label ts_0.001
   totweight 5120000
   nautocorr 0
   total_energy { -5.923154764257537   } 
   total_energyvar { 0.04053879941679942   } 
   weight { 1.003492986412839   } 
   weightvar { 0.04036111743829885   } 
   kinetic_energy { 3.795507809673998   } 
   kinetic_energyvar { 4.604509507830069   } 
   potential_energy { -10.40195817519896   } 
   potential_energyvar { 6.059878768495193   } 
   nonlocal_energy { 0.6832956012674211   } 
   nonlocal_energyvar { 2.764737316342906   } 
   autocorr_energy { } 
} 

block { 
   label ts_0.001
   totweight 5120000
   nautocorr 0
   total_energy { -5.928342513628523   } 
   total_energyvar { 0.03964990542612737   } 
   weight { 1.004665064405367   } 
   weightvar { 0.05486359453407458   } 
   kinetic_energy { 3.799128008953597   } 
   kinetic_energyvar { 4.533404698609176   } 
   potential_energy { -10.40723346435608   } 
   potential_energyvar { 5.87894296437147   } 
   nonlocal_energy { 0.6797629417739585   } 
   nonlocal_energyvar { 2.621183418949534   } 
   autocorr_energy { } 
} 

block { 
   label ts_0.001
   totweight 5120000
   nautocorr 0
   total_energy { -5.927705665737824   } 
   total_energyvar { 0.0390164479083691   } 
   weight { 1.005143997374254   } 
   weightvar { 0.06681123558880335   } 
   kinetic_energy { 3.789641401045691   } 
   kinetic_energyvar { 4.58768227850489   } 
   potential_energy { -10.39420755894631   } 
   potential_energyvar { 5.935440641338796   } 
   nonlocal_energy { 0.6768604921627948   } 
   nonlocal_energyvar { 2.577518979466167   } 
   autocorr_energy { } 
} 

block { 
   label ts_0.001
   totweight 5120000
   nautocorr 0
   total_energy { -5.925008294200975   } 
   total_energyvar { 0.04122697597648954   } 
   weight { 1.00331483637497   } 
   weightvar { 0.07617916186087249   } 
   kinetic_energy { 3.786014891545921   } 
   kinetic_energyvar { 4.712237966633956   } 
   potential_energy { -10.39335611551378   } 
   potential_energyvar { 5.975833095156123   } 
   nonlocal_energy { 0.6823329297668798   } 
   nonlocal_energyvar { 2.892934287972297   } 
   autocorr_energy { } 
} 

block { 
   label ts_0.001
   totweight 5120000
   nautocorr 0
   total_energy { -5.925600202930256   } 
   total_energyvar { 0.03933041191338956   } 
   weight { 1.0009916192762   } 
   weightvar { 0.08372458203881562   } 
   kinetic_energy { 3.773665858881364   } 
   kinetic_energyvar { 4.655145633753548   } 
   potential_energy { -10.34963480377321   } 
   potential_energyvar { 6.212407921774484   } 
   nonlocal_energy { 0.6503687419615917   } 
   nonlocal_energyvar { 2.694584416259809   } 
   autocorr_energy { } 
} 

block { 
   label ts_0.001
   totweight 5120000
   nautocorr 0
   total_energy { -5.925595683075421   } 
   total_energyvar { 0.03855558006421573   } 
   weight { 1.000927253696387   } 
   weightvar { 0.08632332507823379   } 
   kinetic_energy { 3.795981209004607   } 
   kinetic_energyvar { 4.588149504749817   } 
   potential_energy { -10.37044559492493   } 
   potential_energyvar { 5.982181857604027   } 
   nonlocal_energy { 0.6488687028449064   } 
   nonlocal_energyvar { 2.38427867816763   } 
   autocorr_energy { } 
} 

block { 
   label ts_0.001
   totweight 5120000
   nautocorr 0
   total_energy { -5.925110108071809   } 
   total_energyvar { 0.03697666068566147   } 
   weight { 0.9997156311626931   } 
   weightvar { 0.08834060067943639   } 
   kinetic_energy { 3.776821115122266   } 
   kinetic_energyvar { 4.513520352451205   } 
   potential_energy { -10.35178357615942   } 
   potential_energyvar { 5.930338027613453   } 
   nonlocal_energy { 0.6498523529653469   } 
   nonlocal_energyvar { 2.411536456474312   } 
   autocorr_energy { } 
} 

block { 
   label ts_0.001
   totweight 5120000
   nautocorr 0
   total_energy { -5.928593333337933   } 
   total_energyvar { 0.03867516876624774   } 
   weight { 1.001192665809693   } 
   weightvar { 0.08985397623305093   } 
   kinetic_energy { 3.767583351334218   } 
   kinetic_energyvar { 4.462018605903268   } 
   potential_energy { -10.35724954473117   } 
   potential_energyvar { 5.707779739025096   } 
   nonlocal_energy { 0.6610728600590189   } 
   nonlocal_energyvar { 2.484915975436202   } 
   autocorr_energy { } 
} 

block { 
   label ts_0.001
   totweight 5120000
   nautocorr 0
   total_energy { -5.923051285537339   } 
   total_energyvar { 0.0403051589403965   } 
   weight { 0.9998469857454328   } 
   weightvar { 0.09266022035918246   } 
   kinetic_energy { 3.764642018976848   } 
   kinetic_energyvar { 4.651383886997613   } 
   potential_energy { -10.36468507292304   } 
   potential_energyvar { 6.442423326904986   } 
   nonlocal_energy { 0.6769917684088522   } 
   nonlocal_energyvar { 3.161660183146918   } 
   autocorr_energy { } 
} 

block { 
   label ts_0.001
   totweight 5120000
   nautocorr 0
   total_energy { -5.926004315461048   } 
   total_energyvar { 0.0412579713896197   } 
   weight { 0.9991231328668726   } 
   weightvar { 0.09606831220461527   } 
   kinetic_energy { 3.768814784469996   } 
   kinetic_energyvar { 4.543228028349202   } 
   potential_energy { -10.34036440848738   } 
   potential_energyvar { 5.981904698588138   } 
   nonlocal_energy { 0.6455453085563387   } 
   nonlocal_energyvar { 2.596986950734072   } 
   autocorr_energy { } 
} 

block { 
   label ts_0.001
   totweight 5120000
   nautocorr 0
   total_energy { -5.926895133460762   } 
   total_energyvar { 0.03904806693023545   } 
   weight { 0.9998663412999762   } 
   weightvar { 0.0976271059645003   } 
   kinetic_energy { 3.756452070226942   } 
   kinetic_energyvar { 4.513308665657092   } 
   potential_energy { -10.34386009655071   } 
   potential_energyvar { 5.912839729932206   } 
   nonlocal_energy { 0.6605128928630059   } 
   nonlocal_energyvar { 2.472198049094826   } 
   autocorr_energy { } 
} 

block { 
   label ts_0.001
   totweight 5120000
   nautocorr 0
   total_energy { -5.927919257505215   } 
   total_energyvar { 0.03934831016167618   } 
   weight { 1.00082622121735   } 
   weightvar { 0.0988909598315395   } 
   kinetic_energy { 3.768784363722717   } 
   kinetic_energyvar { 4.61742006654323   } 
   potential_energy { -10.3641040706489   } 
   potential_energyvar { 5.937958602830016   } 
   nonlocal_energy { 0.6674004494209695   } 
   nonlocal_energyvar { 2.566252353275307   } 
   autocorr_energy { } 
} 

block { 
   label ts_0.001
   totweight 5120000
   nautocorr 0
   total_energy { -5.927737024669135   } 
   total_energyvar { 0.04081289368093578   } 
   weight { 1.001093961278371   } 
   weightvar { 0.09866534911951724   } 
   kinetic_energy { 3.791570902282406   } 
   kinetic_energyvar { 4.618318232302567   } 
   potential_energy { -10.37744415676241   } 
   potential_energyvar { 5.997585925743308   } 
   nonlocal_energy { 0.6581362298108647   } 
   nonlocal_energyvar { 2.61254215913024   } 
   autocorr_energy { } 
} 

block { 
   label ts_0.001
   totweight 5120000
   nautocorr 0
   total_energy { -5.930801095571082   } 
   total_energyvar { 0.04105913999111457   } 
   weight { 1.002283445923764   } 
   weightvar { 0.09982769740744268   } 
   kinetic_energy { 3.776677559743038   } 
   kinetic_energyvar { 4.579059006541376   } 
   potential_energy { -10.36798918856486   } 
   potential_energyvar { 5.837657429316066   } 
   nonlocal_energy { 0.6605105332507381   } 
   nonlocal_energyvar { 2.584383280419501   } 
   autocorr_energy { } 
} 

block { 
   label ts_0.001
   totweight 5120000
   nautocorr 0
   total_energy { -5.927782018579356   } 
   total_energyvar { 0.039272737981362   } 
   weight { 1.002213790373456   } 
   weightvar { 0.09908870015149525   } 
   kinetic_energy { 3.756779066894405   } 
   kinetic_energyvar { 4.508490422303549   } 
   potential_energy { -10.35657812073116   } 
   potential_energyvar { 5.962118398031157   } 
   nonlocal_energy { 0.6720170352574034   } 
   nonlocal_energyvar { 2.7194258873617   } 
   autocorr_energy { } 
} 

block { 
   label ts_0.001
   totweight 5120000
   nautocorr 0
   total_energy { -5.928702087523709   } 
   total_energyvar { 0.03879211556300417   } 
   weight { 1.001582325341951   } 
   weightvar { 0.09822588567003429   } 
   kinetic_energy { 3.80857336468255   } 
   kinetic_energyvar { 4.563775647916036   } 
   potential_energy { -10.39621788163715   } 
   potential_energyvar { 5.814679919840339   } 
   nonlocal_energy { 0.658942429430895   } 
   nonlocal_energyvar { 2.511063598378059   } 
   autocorr_energy { } 
} 

block { 
   label ts_0.001
   totweight 5120000
   nautocorr 0
   total_energy { -5.928393478966397   } 
   total_energyvar { 0.04151364597663593   } 
   weight { 1.001404764343746   } 
   weightvar { 0.09855551439639464   } 
   kinetic_energy { 3.76835194624498   } 
   kinetic_energyvar { 4.535377819115555   } 
   potential_energy { -10.37378906349008   } 
   potential_energyvar { 5.899446506826727   } 
   nonlocal_energy { 0.677043638278703   } 
   nonlocal_energyvar { 2.850230574667462   } 
   autocorr_energy { } 
} 

block { 
   label ts_0.001
   totweight 5120000
   nautocorr 0
   total_energy { -5.929065953122906   } 
   total_energyvar { 0.04079759754872678   } 
   weight { 1.001698157684907   } 
   weightvar { 0.09924723178300679   } 
   kinetic_energy { 3.77436604366327   } 
   kinetic_energyvar { 4.596035595227283   } 
   potential_energy { -10.37623616302699   } 
   potential_energyvar { 5.929340789578667   } 
   nonlocal_energy { 0.6728041662408097   } 
   nonlocal_energyvar { 2.635016907019305   } 
   autocorr_energy { } 
} 

block { 
   label ts_0.001
   totweight 5120000
   nautocorr 0
   total_energy { -5.925175153603022   } 
   total_energyvar { 0.04070342042867198   } 
   weight { 0.9999436575486865   } 
   weightvar { 0.09741317030837668   } 
   kinetic_energy { 3.773995216796659   } 
   kinetic_energyvar { 4.510805992383564   } 
   potential_energy { -10.36785950637162   } 
   potential_energyvar { 5.893406955834181   } 
   nonlocal_energy { 0.6686891359719441   } 
   nonlocal_energyvar { 2.627880660453194   } 
   autocorr_energy { } 
} 

block { 
   label ts_0.001
   totweight 5120000
   nautocorr 0
   total_energy { -5.92614154144259   } 
   total_energyvar { 0.04298943952496375   } 
   weight { 0.9988366102461187   } 
   weightvar { 0.09842573370373538   } 
   kinetic_energy { 3.751448040256997   } 
   kinetic_energyvar { 4.63329950736155   } 
   potential_energy { -10.36029783799614   } 
   potential_energyvar { 6.054311487787674   } 
   nonlocal_energy { 0.6827082562965501   } 
   nonlocal_energyvar { 2.766695833682824   } 
   autocorr_energy { } 
} 

block { 
   label ts_0.001
   totweight 5120000
   nautocorr 0
   total_energy { -5.9243801431877   } 
   total_energyvar { 0.03963356237830818   } 
   weight { 0.9981990669180643   } 
   weightvar { 0.09734822231817551   } 
   kinetic_energy { 3.726495573405272   } 
   kinetic_energyvar { 4.618673241415532   } 
   potential_energy { -10.32581722885139   } 
   potential_energyvar { 5.832210705080411   } 
   nonlocal_energy { 0.6749415122584137   } 
   nonlocal_energyvar { 2.692788792931008   } 
   autocorr_energy { } 
} 

block { 
   label ts_0.001
   totweight 5120000
   nautocorr 0
   total_energy { -5.927711725386152   } 
   total_energyvar { 0.04113916809507046   } 
   weight { 0.9988092743827507   } 
   weightvar { 0.09508668251089142   } 
   kinetic_energy { 3.757231791835797   } 
   kinetic_energyvar { 4.589013927630716   } 
   potential_energy { -10.35664914172738   } 
   potential_energyvar { 5.990175063649515   } 
   nonlocal_energy { 0.6717056245054315   } 
   nonlocal_energyvar { 2.712905956809347   } 
   autocorr_energy { } 
} 

block { 
   label ts_0.001
   totweight 5120000
   nautocorr 0
   total_energy { -5.926477163128575   } 
   total_energyvar { 0.03901170824232958   } 
   weight { 0.999560012038306   } 
   weightvar { 0.09690513799906249   } 
   kinetic_energy { 3.763947107528846   } 
   kinetic_energyvar { 4.532370182628574   } 
   potential_energy { -10.34986921669052   } 
   potential_energyvar { 5.80749436875489   } 
   nonlocal_energy { 0.6594449460330994   } 
   nonlocal_energyvar { 2.474950684108724   } 
   autocorr_energy { } 
} 

block { 
   label ts_0.001
   totweight 5120000
   nautocorr 0
   total_energy { -5.924329848238278   } 
   total_energyvar { 0.03809551789121774   } 
   weight { 0.9985569146365159   } 
   weightvar { 0.09665403032467819   } 
   kinetic_energy { 3.789246699937012   } 
   kinetic_energyvar { 4.638922690438647   } 
   potential_energy { -10.35322773407031   } 
   potential_energyvar { 6.056156508210802   } 
   nonlocal_energy { 0.639651185895022   } 
   nonlocal_energyvar { 2.600649679941271   } 
   autocorr_energy { } 
} 

block { 
   label ts_0.001
   totweight 5120000
   nautocorr 0
   total_energy { -5.926162073878351   } 
   total_energyvar { 0.04072050991571174   } 
   weight { 0.9982018011924141   } 
   weightvar { 0.0964828301127053   } 
   kinetic_energy { 3.783597435093647   } 
   kinetic_energyvar { 4.631716606092828   } 
   potential_energy { -10.37706146777672   } 
   potential_energyvar { 5.968240253108446   } 
   nonlocal_energy { 0.6673019588047204   } 
   nonlocal_energyvar { 2.740136232912482   } 
   autocorr_energy { } 
} 

block { 
   label ts_0.001
   totweight 5120000
   nautocorr 0
   total_energy { -5.926497524749546   } 
   total_energyvar { 0.03745308194986352   } 
   weight { 0.9993185758215469   } 
   weightvar { 0.09630609088481291   } 
   kinetic_energy { 3.813845283312031   } 
   kinetic_energyvar { 4.592932281145552   } 
   potential_energy { -10.39491084225724   } 
   potential_energyvar { 5.987982299796681   } 
   nonlocal_energy { 0.6545680341956581   } 
   nonlocal_energyvar { 2.528997398240817   } 
   autocorr_energy { } 
} 

block { 
   label ts_0.001
   totweight 5120000
   nautocorr 0
   total_energy { -5.926073296219679   } 
   total_energyvar { 0.04007980509752488   } 
   weight { 0.9989334945642401   } 
   weightvar { 0.09687998400755665   } 
   kinetic_energy { 3.807061711075639   } 
   kinetic_energyvar { 4.549144987871627   } 
   potential_energy { -10.38371198690995   } 
   potential_energyvar { 6.160317843687888   } 
   nonlocal_energy { 0.650576979614636   } 
   nonlocal_energyvar { 2.526300219134074   } 
   autocorr_energy { } 
} 

block { 
   label ts_0.001
   totweight 5120000
   nautocorr 0
   total_energy { -5.92491086519605   } 
   total_energyvar { 0.04061850642984424   } 
   weight { 0.9982755029850823   } 
   weightvar { 0.09700722298349246   } 
   kinetic_energy { 3.795800852919806   } 
   kinetic_energyvar { 4.646841868637558   } 
   potential_energy { -10.368167189483   } 
   potential_energyvar { 5.915474159725609   } 
   nonlocal_energy { 0.6474554713671479   } 
   nonlocal_energyvar { 2.600826343774678   } 
   autocorr_energy { } 
} 

block { 
   label ts_0.001
   totweight 5120000
   nautocorr 0
   total_energy { -5.926548380462163   } 
   total_energyvar { 0.03975882016352086   } 
   weight { 0.9988777995039126   } 
   weightvar { 0.09815114202616662   } 
   kinetic_energy { 3.756931924715549   } 
   kinetic_energyvar { 4.665053658421761   } 
   potential_energy { -10.34926422962853   } 
   potential_energyvar { 6.012094900939199   } 
   nonlocal_energy { 0.6657839244508202   } 
   nonlocal_energyvar { 2.799959068898342   } 
   autocorr_energy { } 
} 

block { 
   label ts_0.001
   totweight 5120000
   nautocorr 0
   total_energy { -5.923903707542418   } 
   total_energyvar { 0.04019138872201117   } 
   weight { 0.9981300157012259   } 
   weightvar { 0.09851629707683983   } 
   kinetic_energy { 3.730602881968883   } 
   kinetic_energyvar { 4.625149765411521   } 
   potential_energy { -10.30672073963397   } 
   potential_energyvar { 5.88060087149134   } 
   nonlocal_energy { 0.6522141501226665   } 
   nonlocal_energyvar { 2.597467664329481   } 
   autocorr_energy { } 
} 

block { 
   label ts_0.001
   totweight 5120000
   nautocorr 0
   total_energy { -5.926604316898118   } 
   total_energyvar { 0.03871310190578808   } 
   weight { 0.9983866598738714   } 
   weightvar { 0.09750305710493033   } 
   kinetic_energy { 3.754902553703447   } 
   kinetic_energyvar { 4.576156050453958   } 
   potential_energy { -10.32846042943353   } 
   potential_energyvar { 5.806432696611972   } 
   nonlocal_energy { 0.6469535588319616   } 
   nonlocal_energyvar { 2.539074215067538   } 
   autocorr_energy { } 
} 

block { 
   label ts_0.001
   totweight 5120000
   nautocorr 0
   total_energy { -5.929211471968149   } 
   total_energyvar { 0.03926648861878308   } 
   weight { 1.000807873488845   } 
   weightvar { 0.0977646883722549   } 
   kinetic_energy { 3.742298012966392   } 
   kinetic_energyvar { 4.611881064091035   } 
   potential_energy { -10.33207574655376   } 
   potential_energyvar { 5.903401600923988   } 
   nonlocal_energy { 0.6605662616192171   } 
   nonlocal_energyvar { 2.623300619237461   } 
   autocorr_energy { } 
} 

block { 
   label ts_0.001
   totweight 5120000
   nautocorr 0
   total_energy { -5.926289151444284   } 
   total_energyvar { 0.03828549013520406   } 
   weight { 1.000217168755652   } 
   weightvar { 0.09947809273101559   } 
   kinetic_energy { 3.742328552446638   } 
   kinetic_energyvar { 4.512210456379016   } 
   potential_energy { -10.3120909152373   } 
   potential_energyvar { 5.846702711595193   } 
   nonlocal_energy { 0.6434732113463811   } 
   nonlocal_energyvar { 2.432757596098753   } 
   autocorr_energy { } 
} 

block { 
   label ts_0.001
   totweight 5120000
   nautocorr 0
   total_energy { -5.928364800720144   } 
   total_energyvar { 0.04096374328317615   } 
   weight { 1.000426456696355   } 
   weightvar { 0.0999086583141589   } 
   kinetic_energy { 3.71284016880699   } 
   kinetic_energyvar { 4.531854260317512   } 
   potential_energy { -10.31215155008653   } 
   potential_energyvar { 6.028550005434931   } 
   nonlocal_energy { 0.6709465805594015   } 
   nonlocal_energyvar { 2.695926184147354   } 
   autocorr_energy { } 
} 

block { 
   label ts_0.001
   totweight 5120000
   nautocorr 0
   total_energy { -5.928573199031916   } 
   total_energyvar { 0.04026146308024479   } 
   weight { 1.001806167963207   } 
   weightvar { 0.1000003660324313   } 
   kinetic_energy { 3.742925782595795   } 
   kinetic_energyvar { 4.474344695312353   } 
   potential_energy { -10.33728768345763   } 
   potential_energyvar { 5.914005569384615   } 
   nonlocal_energy { 0.6657887018299158   } 
   nonlocal_energyvar { 2.606195546638856   } 
   autocorr_energy { } 
} 

block { 
   label ts_0.001
   totweight 5120000
   nautocorr 0
   total_energy { -5.925653745742547   } 
   total_energyvar { 0.03898506696101803   } 
   weight { 1.000023236240707   } 
   weightvar { 0.09706946513164361   } 
   kinetic_energy { 3.763430166491909   } 
   kinetic_energyvar { 4.53207791676197   } 
   potential_energy { -10.34780953968683   } 
   potential_energyvar { 5.91063098552043   } 
   nonlocal_energy { 0.6587256274523693   } 
   nonlocal_energyvar { 2.497051974150513   } 
   autocorr_energy { } 
} 

block { 
   label ts_0.001
   totweight 5120000
   nautocorr 0
   total_energy { -5.927295366325263   } 
   total_energyvar { 0.0400199193527943   } 
   weight { 1.000087855698438   } 
   weightvar { 0.09875634152451294   } 
   kinetic_energy { 3.776692021627019   } 
   kinetic_energyvar { 4.61051536673221   } 
   potential_energy { -10.36630990023409   } 
   potential_energyvar { 6.031866747192494   } 
   nonlocal_energy { 0.6623225122818112   } 
   nonlocal_energyvar { 2.681515467572091   } 
   autocorr_energy { } 
} 

block { 
   label ts_0.001
   totweight 5120000
   nautocorr 0
   total_energy { -5.924485994627776   } 
   total_energyvar { 0.03959832498802525   } 
   weight { 0.9991959520425928   } 
   weightvar { 0.09759546696453369   } 
   kinetic_energy { 3.786551921143575   } 
   kinetic_energyvar { 4.629938082509832   } 
   potential_energy { -10.36800594471032   } 
   potential_energyvar { 6.000139017071579   } 
   nonlocal_energy { 0.6569680289389684   } 
   nonlocal_energyvar { 2.534070907403409   } 
   autocorr_energy { } 
} 

block { 
   label ts_0.001
   totweight 5120000
   nautocorr 0
   total_energy { -5.923382841837031   } 
   total_energyvar { 0.04157484582333668   } 
   weight { 0.9975456489307959   } 
   weightvar { 0.0973657790784609   } 
   kinetic_energy { 3.788173861912502   } 
   kinetic_energyvar { 4.710533663602944   } 
   potential_energy { -10.39392422138971   } 
   potential_energyvar { 5.944655762720393   } 
   nonlocal_energy { 0.682367517640178   } 
   nonlocal_energyvar { 2.698668689956535   } 
   autocorr_energy { } 
} 

block { 
   label ts_0.001
   totweight 5120000
   nautocorr 0
   total_energy { -5.925797333354216   } 
   total_energyvar { 0.0418595382526227   } 
   weight { 0.9975916429622859   } 
   weightvar { 0.1006979902407615   } 
   kinetic_energy { 3.76607112212834   } 
   kinetic_energyvar { 4.637754133098323   } 
   potential_energy { -10.37303813836402   } 
   potential_energyvar { 5.954641032547038   } 
   nonlocal_energy { 0.6811696828814671   } 
   nonlocal_energyvar { 2.762636290560466   } 
   autocorr_energy { } 
} 

block { 
   label ts_0.001
   totweight 5120000
   nautocorr 0
   total_energy { -5.925570070941323   } 
   total_energyvar { 0.03829225116898897   } 
   weight { 0.9986900616563069   } 
   weightvar { 0.09935760546587329   } 
   kinetic_energy { 3.775592912308479   } 
   kinetic_energyvar { 4.603771480976984   } 
   potential_energy { -10.37853075898481   } 
   potential_energyvar { 5.920604096236125   } 
   nonlocal_energy { 0.6773677757350042   } 
   nonlocal_energyvar { 2.650899808588964   } 
   autocorr_energy { } 
} 

block { 
   label ts_0.001
   totweight 5120000
   nautocorr 0
   total_energy { -5.925694141847162   } 
   total_energyvar { 0.04508062461719379   } 
   weight { 0.9981101012159627   } 
   weightvar { 0.09727708192078259   } 
   kinetic_energy { 3.753620248895069   } 
   kinetic_energyvar { 4.706409175754468   } 
   potential_energy { -10.33381645320975   } 
   potential_energyvar { 6.005935623004809   } 
   nonlocal_energy { 0.6545020624675254   } 
   nonlocal_energyvar { 2.788407137513851   } 
   autocorr_energy { } 
} 

block { 
   label ts_0.001
   totweight 5120000
   nautocorr 0
   total_energy { -5.927881468951488   } 
   total_energyvar { 0.03852816065564867   } 
   weight { 0.9999083072316843   } 
   weightvar { 0.09639301919292187   } 
   kinetic_energy { 3.738245795971725   } 
   kinetic_energyvar { 4.604567980300418   } 
   potential_energy { -10.33691783782489   } 
   potential_energyvar { 5.922722237164657   } 
   nonlocal_energy { 0.6707905729016749   } 
   nonlocal_energyvar { 2.549609594527022   } 
   autocorr_energy { } 
} 

block { 
   label ts_0.001
   totweight 5120000
   nautocorr 0
   total_energy { -5.926106336430615   } 
   total_energyvar { 0.03922997471122899   } 
   weight { 0.9999246931343859   } 
   weightvar { 0.09606002909222244   } 
   kinetic_energy { 3.747806767477065   } 
   kinetic_energyvar { 4.580137091931693   } 
   potential_energy { -10.34670598970556   } 
   potential_energyvar { 5.876899073014274   } 
   nonlocal_energy { 0.6727928857978753   } 
   nonlocal_energyvar { 2.676718349983348   } 
   autocorr_energy { } 
} 

block { 
   label ts_0.001
   totweight 5120000
   nautocorr 0
   total_energy { -5.927105841105606   } 
   total_energyvar { 0.03925178370454634   } 
   weight { 0.9999816264127509   } 
   weightvar { 0.09592824384023393   } 
   kinetic_energy { 3.715970002757348   } 
   kinetic_energyvar { 4.539778110361762   } 
   potential_energy { -10.30689849821573   } 
   potential_energyvar { 5.904344167748847   } 
   nonlocal_energy { 0.6638226543527744   } 
   nonlocal_energyvar { 2.57796156432304   } 
   autocorr_energy { } 
} 

block { 
   label ts_0.001
   totweight 5120000
   nautocorr 0
   total_energy { -5.924661145622658   } 
   total_energyvar { 0.0398421862087964   } 
   weight { 0.9991403630088982   } 
   weightvar { 0.09525357635945519   } 
   kinetic_energy { 3.717395921994005   } 
   kinetic_energyvar { 4.496127905765031   } 
   potential_energy { -10.30451908157703   } 
   potential_energyvar { 5.972459200559824   } 
   nonlocal_energy { 0.6624620139603632   } 
   nonlocal_energyvar { 2.691846645745413   } 
   autocorr_energy { } 
} 

block { 
   label ts_0.001
   totweight 5120000
   nautocorr 0
   total_energy { -5.924720105907169   } 
   total_energyvar { 0.03858641890785213   } 
   weight { 0.9985420094922898   } 
   weightvar { 0.09788617332549315   } 
   kinetic_energy { 3.776354856969038   } 
   kinetic_energyvar { 4.677946029556979   } 
   potential_energy { -10.35016118310182   } 
   potential_energyvar { 6.111237272527231   } 
   nonlocal_energy { 0.6490862202256155   } 
   nonlocal_energyvar { 2.641699081098429   } 
   autocorr_energy { } 
} 

block { 
   label ts_0.001
   totweight 5120000
   nautocorr 0
   total_energy { -5.926824742157939   } 
   total_energyvar { 0.03979250660550159   } 
   weight { 0.9985216416461506   } 
   weightvar { 0.09955924493580766   } 
   kinetic_energy { 3.795950040205412   } 
   kinetic_energyvar { 4.665532478129776   } 
   potential_energy { -10.39241731364181   } 
   potential_energyvar { 6.0500906744326   } 
   nonlocal_energy { 0.6696425312784544   } 
   nonlocal_energyvar { 2.914670462944237   } 
   autocorr_energy { } 
} 

#-------------------------------------------------
#DMC run: timestep 0.001
#-------------------------------------------------


init { 
   label ts_0.001
}
block { 
   label ts_0.001
   totweight 5120000
   nautocorr 0
   total_energy { -5.926097845214323   } 
   total_energyvar { 0.04005747387696926   } 
   weight { 0.9985984086091169   } 
   weightvar { 0.1002253000316827   } 
   kinetic_energy { 3.77776149719637   } 
   kinetic_energyvar { 4.620632495399732   } 
   potential_energy { -10.36822537371998   } 
   potential_energyvar { 6.118144751640965   } 
   nonlocal_energy { 0.6643660313092836   } 
   nonlocal_energyvar { 2.696674819144395   } 
   autocorr_energy { } 
} 

block { 
   label ts_0.001
   totweight 5120000
   nautocorr 0
   total_energy { -5.924017940197873   } 
   total_energyvar { 0.03937835078639183   } 
   weight { 0.9976722629502317   } 
   weightvar { 0.10091847480389   } 
   kinetic_energy { 3.778212423025093   } 
   kinetic_energyvar { 4.677987502460597   } 
   potential_energy { -10.35149391709287   } 
   potential_energyvar { 6.02165970353228   } 
   nonlocal_energy { 0.6492635538699063   } 
   nonlocal_energyvar { 2.830575565458647   } 
   autocorr_energy { } 
} 

block { 
   label ts_0.001
   totweight 5120000
   nautocorr 0
   total_energy { -5.928080838296227   } 
   total_energyvar { 0.03911611775973978   } 
   weight { 0.9990946666198676   } 
   weightvar { 0.09947957767264567   } 
   kinetic_energy { 3.778178211525266   } 
   kinetic_energyvar { 4.779480112347275   } 
   potential_energy { -10.36139964232365   } 
   potential_energyvar { 5.949399707754343   } 
   nonlocal_energy { 0.6551405925021555   } 
   nonlocal_energyvar { 2.664986321366428   } 
   autocorr_energy { } 
} 

block { 
   label ts_0.001
   totweight 5120000
   nautocorr 0
   total_energy { -5.924019318443532   } 
   total_energyvar { 0.042140834368931   } 
   weight { 0.9996772597308103   } 
   weightvar { 0.09938942295100997   } 
   kinetic_energy { 3.795016666272859   } 
   kinetic_energyvar { 4.669265061446854   } 
   potential_energy { -10.39863975299738   } 
   potential_energyvar { 6.091978170589632   } 
   nonlocal_energy { 0.6796037682809823   } 
   nonlocal_energyvar { 2.892504827835312   } 
   autocorr_energy { } 
} 

block { 
   label ts_0.001
   totweight 5120000
   nautocorr 0
   total_energy { -5.924719747576392   } 
   total_energyvar { 0.03908249810032871   } 
   weight { 0.9989778192066445   } 
   weightvar { 0.09894208847015576   } 
   kinetic_energy { 3.775938867027997   } 
   kinetic_energyvar { 4.601790536888814   } 
   potential_energy { -10.36256088213721   } 
   potential_energyvar { 6.009135790620545   } 
   nonlocal_energy { 0.661902267532824   } 
   nonlocal_energyvar { 2.683931207291623   } 
   autocorr_energy { } 
} 

block { 
   label ts_0.001
   totweight 5120000
   nautocorr 0
   total_energy { -5.925513752148659   } 
   total_energyvar { 0.04102883543420854   } 
   weight { 0.99930942425234   } 
   weightvar { 0.09849304091463885   } 
   kinetic_energy { 3.740906901317136   } 
   kinetic_energyvar { 4.590277263939935   } 
   potential_energy { -10.33484861669915   } 
   potential_energyvar { 5.817975725769384   } 
   nonlocal_energy { 0.668427963233351   } 
   nonlocal_energyvar { 2.663426132792741   } 
   autocorr_energy { } 
} 

block { 
   label ts_0.001
   totweight 5120000
   nautocorr 0
   total_energy { -5.925982772013575   } 
   total_energyvar { 0.03919461768489816   } 
   weight { 0.9996836729572711   } 
   weightvar { 0.09715630140644968   } 
   kinetic_energy { 3.769932656795758   } 
   kinetic_energyvar { 4.489913208051414   } 
   potential_energy { -10.35541814215752   } 
   potential_energyvar { 5.888928964312469   } 
   nonlocal_energy { 0.6595027133481843   } 
   nonlocal_energyvar { 2.635653048558749   } 
   autocorr_energy { } 
} 

block { 
   label ts_0.001
   totweight 5120000
   nautocorr 0
   total_energy { -5.927838958366952   } 
   total_energyvar { 0.0410776183175377   } 
   weight { 1.001179236434795   } 
   weightvar { 0.09621138733439864   } 
   kinetic_energy { 3.786654751207479   } 
   kinetic_energyvar { 4.584737499151896   } 
   potential_energy { -10.38375081622295   } 
   potential_energyvar { 6.1245643458176   } 
   nonlocal_energy { 0.6692571066485211   } 
   nonlocal_energyvar { 2.76662380066466   } 
   autocorr_energy { } 
} 

block { 
   label ts_0.001
   totweight 5120000
   nautocorr 0
   total_energy { -5.924498001393436   } 
   total_energyvar { 0.03880719562308733   } 
   weight { 1.000001416763861   } 
   weightvar { 0.09660600011948046   } 
   kinetic_energy { 3.76954454168547   } 
   kinetic_energyvar { 4.641514138343178   } 
   potential_energy { -10.34787592674882   } 
   potential_energyvar { 5.99287432282097   } 
   nonlocal_energy { 0.6538333836699158   } 
   nonlocal_energyvar { 2.631221072864736   } 
   autocorr_energy { } 
} 

block { 
   label ts_0.001
   totweight 5120000
   nautocorr 0
   total_energy { -5.927999611486697   } 
   total_energyvar { 0.04045937044492062   } 
   weight { 1.000172453064774   } 
   weightvar { 0.09868925170980988   } 
   kinetic_energy { 3.763029949195558   } 
   kinetic_energyvar { 4.522299449617946   } 
   potential_energy { -10.35402254608569   } 
   potential_energyvar { 5.983781790140386   } 
   nonlocal_energy { 0.6629929854034379   } 
   nonlocal_energyvar { 2.74377300710124   } 
   autocorr_energy { } 
} 

block { 
   label ts_0.001
   totweight 5120000
   nautocorr 0
   total_energy { -5.927228160499681   } 
   total_energyvar { 0.03874551239883305   } 
   weight { 1.001513295387817   } 
   weightvar { 0.09848662762397736   } 
   kinetic_energy { 3.765884771109338   } 
   kinetic_energyvar { 4.480938020895075   } 
   potential_energy { -10.35821580958888   } 
   potential_energyvar { 5.845247551685412   } 
   nonlocal_energy { 0.6651028779798629   } 
   nonlocal_energyvar { 2.415678113580257   } 
   autocorr_energy { } 
} 

block { 
   label ts_0.001
   totweight 5120000
   nautocorr 0
   total_energy { -5.926823913888564   } 
   total_energyvar { 0.0426865355017971   } 
   weight { 1.000448839382894   } 
   weightvar { 0.09669474343436196   } 
   kinetic_energy { 3.769174855570618   } 
   kinetic_energyvar { 4.624796147665581   } 
   potential_energy { -10.37040559481351   } 
   potential_energyvar { 5.898598431676595   } 
   nonlocal_energy { 0.6744068253543253   } 
   nonlocal_energyvar { 2.681973434912565   } 
   autocorr_energy { } 
} 

block { 
   label ts_0.001
   totweight 5120000
   nautocorr 0
   total_energy { -5.926155415160565   } 
   total_energyvar { 0.04044180450690799   } 
   weight { 1.000508010669068   } 
   weightvar { 0.09919827185898128   } 
   kinetic_energy { 3.771340883167294   } 
   kinetic_energyvar { 4.531540889543629   } 
   potential_energy { -10.35684905827664   } 
   potential_energyvar { 5.837512424603381   } 
   nonlocal_energy { 0.6593527599487865   } 
   nonlocal_energyvar { 2.573292551797207   } 
   autocorr_energy { } 
} 

block { 
   label ts_0.001
   totweight 5120000
   nautocorr 0
   total_energy { -5.925016677909902   } 
   total_energyvar { 0.04142036529020647   } 
   weight { 0.9996490344101542   } 
   weightvar { 0.09942496848775098   } 
   kinetic_energy { 3.754545399190057   } 
   kinetic_energyvar { 4.603111261847108   } 
   potential_energy { -10.35221299274265   } 
   potential_energyvar { 6.007206726080812   } 
   nonlocal_energy { 0.6726509156426895   } 
   nonlocal_energyvar { 2.804982504865304   } 
   autocorr_energy { } 
} 

block { 
   label ts_0.001
   totweight 5120000
   nautocorr 0
   total_energy { -5.925333334522867   } 
   total_energyvar { 0.0409090240110442   } 
   weight { 0.999127689612792   } 
   weightvar { 0.1015054266614683   } 
   kinetic_energy { 3.762426743122157   } 
   kinetic_energyvar { 4.560467631833293   } 
   potential_energy { -10.36931233417983   } 
   potential_energyvar { 5.94852043182594   } 
   nonlocal_energy { 0.6815522565348101   } 
   nonlocal_energyvar { 2.714712270294197   } 
   autocorr_energy { } 
} 

block { 
   label ts_0.001
   totweight 5120000
   nautocorr 0
   total_energy { -5.924564429841376   } 
   total_energyvar { 0.03903541951796768   } 
   weight { 0.9989212674838199   } 
   weightvar { 0.09884194868496214   } 
   kinetic_energy { 3.748367902436156   } 
   kinetic_energyvar { 4.550721265274776   } 
   potential_energy { -10.33403363887345   } 
   potential_energyvar { 5.947364145046584   } 
   nonlocal_energy { 0.6611013065959178   } 
   nonlocal_energyvar { 2.653038944890779   } 
   autocorr_energy { } 
} 

block { 
   label ts_0.001
   totweight 5120000
   nautocorr 0
   total_energy { -5.923708239660995   } 
   total_energyvar { 0.03737387389515469   } 
   weight { 0.9981714032147844   } 
   weightvar { 0.09547022996993806   } 
   kinetic_energy { 3.785864501763589   } 
   kinetic_energyvar { 4.656135542846333   } 
   potential_energy { -10.36568309195545   } 
   potential_energyvar { 6.053317375488328   } 
   nonlocal_energy { 0.656110350530863   } 
   nonlocal_energyvar { 2.7068256791225   } 
   autocorr_energy { } 
} 

block { 
   label ts_0.001
   totweight 5120000
   nautocorr 0
   total_energy { -5.923573550999684   } 
   total_energyvar { 0.04104774824278259   } 
   weight { 0.9975151885242405   } 
   weightvar { 0.0963260491295018   } 
   kinetic_energy { 3.751644857553329   } 
   kinetic_energyvar { 4.628040177784356   } 
   potential_energy { -10.34452613484251   } 
   potential_energyvar { 5.97402956854752   } 
   nonlocal_energy { 0.6693077262894912   } 
   nonlocal_energyvar { 2.63627541444037   } 
   autocorr_energy { } 
} 

block { 
   label ts_0.001
   totweight 5120000
   nautocorr 0
   total_energy { -5.926744920679915   } 
   total_energyvar { 0.04014600290175439   } 
   weight { 0.9987557348811966   } 
   weightvar { 0.09800071127486953   } 
   kinetic_energy { 3.768693641388608   } 
   kinetic_energyvar { 4.655909305101487   } 
   potential_energy { -10.35879126481667   } 
   potential_energyvar { 6.056668550931555   } 
   nonlocal_energy { 0.6633527027481475   } 
   nonlocal_energyvar { 2.571130837561561   } 
   autocorr_energy { } 
} 

block { 
   label ts_0.001
   totweight 5120000
   nautocorr 0
   total_energy { -5.926334671193236   } 
   total_energyvar { 0.0385225431715978   } 
   weight { 0.9997538825463347   } 
   weightvar { 0.09756114009959801   } 
   kinetic_energy { 3.786706647870981   } 
   kinetic_energyvar { 4.604070881225319   } 
   potential_energy { -10.36441931245495   } 
   potential_energyvar { 6.077164759400217   } 
   nonlocal_energy { 0.6513779933907284   } 
   nonlocal_energyvar { 2.505997519027074   } 
   autocorr_energy { } 
} 

block { 
   label ts_0.001
   totweight 5120000
   nautocorr 0
   total_energy { -5.924866844380229   } 
   total_energyvar { 0.0395867101137159   } 
   weight { 1.000075235482121   } 
   weightvar { 0.09852642193744017   } 
   kinetic_energy { 3.735576884076344   } 
   kinetic_energyvar { 4.564174295833586   } 
   potential_energy { -10.32508347368093   } 
   potential_energyvar { 5.884445652733985   } 
   nonlocal_energy { 0.6646397452243527   } 
   nonlocal_energyvar { 2.668974638784193   } 
   autocorr_energy { } 
} 

block { 
   label ts_0.001
   totweight 5120000
   nautocorr 0
   total_energy { -5.928607196960339   } 
   total_energyvar { 0.03983956395421044   } 
   weight { 1.00031524639727   } 
   weightvar { 0.0974377146662927   } 
   kinetic_energy { 3.736685484663518   } 
   kinetic_energyvar { 4.510793042244641   } 
   potential_energy { -10.33970554045048   } 
   potential_energyvar { 5.819204206768516   } 
   nonlocal_energy { 0.6744128588266245   } 
   nonlocal_energyvar { 2.588159395585762   } 
   autocorr_energy { } 
} 

block { 
   label ts_0.001
   totweight 5120000
   nautocorr 0
   total_energy { -5.92624631153149   } 
   total_energyvar { 0.04067204141315719   } 
   weight { 1.000865950432208   } 
   weightvar { 0.09660245458230325   } 
   kinetic_energy { 3.755188082286491   } 
   kinetic_energyvar { 4.598217914313161   } 
   potential_energy { -10.35441174809235   } 
   potential_energyvar { 5.977534053924014   } 
   nonlocal_energy { 0.6729773542743743   } 
   nonlocal_energyvar { 2.621681506151861   } 
   autocorr_energy { } 
} 

block { 
   label ts_0.001
   totweight 5120000
   nautocorr 0
   total_energy { -5.93027428431744   } 
   total_energyvar { 0.04228183127477132   } 
   weight { 1.002093072307203   } 
   weightvar { 0.09722102928677148   } 
   kinetic_energy { 3.752770027259821   } 
   kinetic_energyvar { 4.602420253434834   } 
   potential_energy { -10.34409795267129   } 
   potential_energyvar { 5.950806463396479   } 
   nonlocal_energy { 0.6610536410940322   } 
   nonlocal_energyvar { 2.651239488477039   } 
   autocorr_energy { } 
} 

block { 
   label ts_0.001
   totweight 5120000
   nautocorr 0
   total_energy { -5.929233921050987   } 
   total_energyvar { 0.03883874664170332   } 
   weight { 1.002877373832791   } 
   weightvar { 0.09806347531635587   } 
   kinetic_energy { 3.758649736666084   } 
   kinetic_energyvar { 4.572483779204714   } 
   potential_energy { -10.33404657703   } 
   potential_energyvar { 5.997331365404654   } 
   nonlocal_energy { 0.6461629193129289   } 
   nonlocal_energyvar { 2.606543226069174   } 
   autocorr_energy { } 
} 

block { 
   label ts_0.001
   totweight 5120000
   nautocorr 0
   total_energy { -5.92697567837668   } 
   total_energyvar { 0.04196749696693731   } 
   weight { 1.002021633657475   } 
   weightvar { 0.09528244682747483   } 
   kinetic_energy { 3.738591039488678   } 
   kinetic_energyvar { 4.587759891134507   } 
   potential_energy { -10.34328695511472   } 
   potential_energyvar { 5.891253021771958   } 
   nonlocal_energy { 0.6777202372493637   } 
   nonlocal_energyvar { 2.766309308278526   } 
   autocorr_energy { } 
} 

block { 
   label ts_0.001
   totweight 5120000
   nautocorr 0
   total_energy { -5.92328029732932   } 
   total_energyvar { 0.03949943678015566   } 
   weight { 0.9995497849435327   } 
   weightvar { 0.09542666108602321   } 
   kinetic_energy { 3.744176477651396   } 
   kinetic_energyvar { 4.606798762259337   } 
   potential_energy { -10.33945477497815   } 
   potential_energyvar { 5.894611794396709   } 
   nonlocal_energy { 0.6719979999974296   } 
   nonlocal_energyvar { 2.64160577787303   } 
   autocorr_energy { } 
} 

block { 
   label ts_0.001
   totweight 5120000
   nautocorr 0
   total_energy { -5.924397129668232   } 
   total_energyvar { 0.03994561512514664   } 
   weight { 0.9978982841457052   } 
   weightvar { 0.09725302604090365   } 
   kinetic_energy { 3.735793327501973   } 
   kinetic_energyvar { 4.741747689047442   } 
   potential_energy { -10.32555622721346   } 
   potential_energyvar { 5.917245700669905   } 
   nonlocal_energy { 0.6653657700432585   } 
   nonlocal_energyvar { 2.828387739914148   } 
   autocorr_energy { } 
} 

block { 
   label ts_0.001
   totweight 5120000
   nautocorr 0
   total_energy { -5.924504161167453   } 
   total_energyvar { 0.03998084955128638   } 
   weight { 0.9985576522437568   } 
   weightvar { 0.09854676099313478   } 
   kinetic_energy { 3.742429309252098   } 
   kinetic_energyvar { 4.521109830841744   } 
   potential_energy { -10.32165450864444   } 
   potential_energyvar { 5.953065943658197   } 
   nonlocal_energy { 0.6547210382248916   } 
   nonlocal_energyvar { 2.604733742546606   } 
   autocorr_energy { } 
} 

block { 
   label ts_0.001
   totweight 5120000
   nautocorr 0
   total_energy { -5.924807991629006   } 
   total_energyvar { 0.03836166771545934   } 
   weight { 0.9978303357682918   } 
   weightvar { 0.1002491047209444   } 
   kinetic_energy { 3.73792518498528   } 
   kinetic_energyvar { 4.458010190237113   } 
   potential_energy { -10.30279056972226   } 
   potential_energyvar { 5.692604414972928   } 
   nonlocal_energy { 0.6400573931079684   } 
   nonlocal_energyvar { 2.448149502692039   } 
   autocorr_energy { } 
} 

block { 
   label ts_0.001
   totweight 5120000
   nautocorr 0
   total_energy { -5.926160043705639   } 
   total_energyvar { 0.03952503351270657   } 
   weight { 0.9993362541821386   } 
   weightvar { 0.09927945026333101   } 
   kinetic_energy { 3.741550496368939   } 
   kinetic_energyvar { 4.425600154685084   } 
   potential_energy { -10.32035838506314   } 
   potential_energyvar { 5.908249869955124   } 
   nonlocal_energy { 0.6526478449885637   } 
   nonlocal_energyvar { 2.565886140519883   } 
   autocorr_energy { } 
} 

block { 
   label ts_0.001
   totweight 5120000
   nautocorr 0
   total_energy { -5.925287589854929   } 
   total_energyvar { 0.03865165620515392   } 
   weight { 0.9991670559457112   } 
   weightvar { 0.09949673002115057   } 
   kinetic_energy { 3.726995553451207   } 
   kinetic_energyvar { 4.506595621861866   } 
   potential_energy { -10.32652287814973   } 
   potential_energyvar { 5.976959073329237   } 
   nonlocal_energy { 0.6742397348435962   } 
   nonlocal_energyvar { 2.700888670368032   } 
   autocorr_energy { } 
} 

block { 
   label ts_0.001
   totweight 5120000
   nautocorr 0
   total_energy { -5.927614505027353   } 
   total_energyvar { 0.03960930196558898   } 
   weight { 1.000146622497619   } 
   weightvar { 0.09905250463748838   } 
   kinetic_energy { 3.710746699151522   } 
   kinetic_energyvar { 4.538805429083071   } 
   potential_energy { -10.27952364540672   } 
   potential_energyvar { 5.949075504938694   } 
   nonlocal_energy { 0.6411624412278408   } 
   nonlocal_energyvar { 2.572563423040701   } 
   autocorr_energy { } 
} 

block { 
   label ts_0.001
   totweight 5120000
   nautocorr 0
   total_energy { -5.927820383515544   } 
   total_energyvar { 0.03690229707447205   } 
   weight { 1.001273587563188   } 
   weightvar { 0.09767776318678388   } 
   kinetic_energy { 3.730706066712804   } 
   kinetic_energyvar { 4.495291603183269   } 
   potential_energy { -10.29862251282854   } 
   potential_energyvar { 5.882648963754906   } 
   nonlocal_energy { 0.6400960626001982   } 
   nonlocal_energyvar { 2.406951218472799   } 
   autocorr_energy { } 
} 

block { 
   label ts_0.001
   totweight 5120000
   nautocorr 0
   total_energy { -5.924645987201418   } 
   total_energyvar { 0.03870166197229094   } 
   weight { 0.9998981924607142   } 
   weightvar { 0.09642675198697524   } 
   kinetic_energy { 3.743054519833359   } 
   kinetic_energyvar { 4.563945472515183   } 
   potential_energy { -10.33743725029973   } 
   potential_energyvar { 5.99361404249915   } 
   nonlocal_energy { 0.6697367432649554   } 
   nonlocal_energyvar { 2.778617627957209   } 
   autocorr_energy { } 
} 

block { 
   label ts_0.001
   totweight 5120000
   nautocorr 0
   total_energy { -5.928563912357544   } 
   total_energyvar { 0.03867811775186234   } 
   weight { 1.000459296702981   } 
   weightvar { 0.09577509454953725   } 
   kinetic_energy { 3.74917475002453   } 
   kinetic_energyvar { 4.589308495818105   } 
   potential_energy { -10.3325270402277   } 
   potential_energyvar { 5.929269013519675   } 
   nonlocal_energy { 0.6547883778456223   } 
   nonlocal_energyvar { 2.475521457689422   } 
   autocorr_energy { } 
} 

block { 
   label ts_0.001
   totweight 5120000
   nautocorr 0
   total_energy { -5.925483138916868   } 
   total_energyvar { 0.04207021198620964   } 
   weight { 1.00076922744349   } 
   weightvar { 0.09625055244594698   } 
   kinetic_energy { 3.722636844550838   } 
   kinetic_energyvar { 4.663198401164292   } 
   potential_energy { -10.33063943688646   } 
   potential_energyvar { 6.033306154823968   } 
   nonlocal_energy { 0.6825194534187597   } 
   nonlocal_energyvar { 2.813972997502281   } 
   autocorr_energy { } 
} 

block { 
   label ts_0.001
   totweight 5120000
   nautocorr 0
   total_energy { -5.926235898590142   } 
   total_energyvar { 0.03994958263969244   } 
   weight { 0.9998485946480241   } 
   weightvar { 0.0937019425680856   } 
   kinetic_energy { 3.743634301675095   } 
   kinetic_energyvar { 4.634939945033058   } 
   potential_energy { -10.32351912442796   } 
   potential_energyvar { 5.942220046975113   } 
   nonlocal_energy { 0.653648924162723   } 
   nonlocal_energyvar { 2.728857525706663   } 
   autocorr_energy { } 
} 

block { 
   label ts_0.001
   totweight 5120000
   nautocorr 0
   total_energy { -5.924373478234131   } 
   total_energyvar { 0.03787297913396172   } 
   weight { 0.9994523661259489   } 
   weightvar { 0.09627887420724567   } 
   kinetic_energy { 3.774040869262588   } 
   kinetic_energyvar { 4.545860536218601   } 
   potential_energy { -10.34353799781029   } 
   potential_energyvar { 5.903341259470684   } 
   nonlocal_energy { 0.6451236503135735   } 
   nonlocal_energyvar { 2.464457879168259   } 
   autocorr_energy { } 
} 

block { 
   label ts_0.001
   totweight 5120000
   nautocorr 0
   total_energy { -5.924611538010454   } 
   total_energyvar { 0.04134658488075016   } 
   weight { 0.9983756649390245   } 
   weightvar { 0.09657555248536685   } 
   kinetic_energy { 3.763701658866706   } 
   kinetic_energyvar { 4.617461386559909   } 
   potential_energy { -10.35411844723497   } 
   potential_energyvar { 6.024493060848816   } 
   nonlocal_energy { 0.6658052503578056   } 
   nonlocal_energyvar { 2.736487710518001   } 
   autocorr_energy { } 
} 

block { 
   label ts_0.001
   totweight 5120000
   nautocorr 0
   total_energy { -5.926578422399653   } 
   total_energyvar { 0.03916529757055875   } 
   weight { 0.9989421390581354   } 
   weightvar { 0.09640270745303411   } 
   kinetic_energy { 3.788525714299629   } 
   kinetic_energyvar { 4.666588496421285   } 
   potential_energy { -10.37274103977937   } 
   potential_energyvar { 5.995124216312792   } 
   nonlocal_energy { 0.657636903080092   } 
   nonlocal_energyvar { 2.741078512433516   } 
   autocorr_energy { } 
} 

block { 
   label ts_0.001
   totweight 5120000
   nautocorr 0
   total_energy { -5.926683288901278   } 
   total_energyvar { 0.03886365155717661   } 
   weight { 1.000044560658264   } 
   weightvar { 0.09873261092910539   } 
   kinetic_energy { 3.797111841455598   } 
   kinetic_energyvar { 4.651179035052031   } 
   potential_energy { -10.3722338487677   } 
   potential_energyvar { 6.070147326958565   } 
   nonlocal_energy { 0.6484387184108297   } 
   nonlocal_energyvar { 2.605373935625146   } 
   autocorr_energy { } 
} 

block { 
   label ts_0.001
   totweight 5120000
   nautocorr 0
   total_energy { -5.925608571324039   } 
   total_energyvar { 0.03909576623929344   } 
   weight { 0.9996779451693654   } 
   weightvar { 0.1022874764094216   } 
   kinetic_energy { 3.795644305672432   } 
   kinetic_energyvar { 4.798878577448017   } 
   potential_energy { -10.36651425488684   } 
   potential_energyvar { 6.350944717083885   } 
   nonlocal_energy { 0.645261377890373   } 
   nonlocal_energyvar { 2.656607190901915   } 
   autocorr_energy { } 
} 

block { 
   label ts_0.001
   totweight 5120000
   nautocorr 0
   total_energy { -5.927014596250534   } 
   total_energyvar { 0.03948758177529471   } 
   weight { 1.000321572097876   } 
   weightvar { 0.1007191409023393   } 
   kinetic_energy { 3.756098269383986   } 
   kinetic_energyvar { 4.627101423054328   } 
   potential_energy { -10.37529117876958   } 
   potential_energyvar { 5.945583597565888   } 
   nonlocal_energy { 0.6921783131350583   } 
   nonlocal_energyvar { 2.86433278420884   } 
   autocorr_energy { } 
} 

block { 
   label ts_0.001
   totweight 5120000
   nautocorr 0
   total_energy { -5.925096785418573   } 
   total_energyvar { 0.03842384363963266   } 
   weight { 0.9996875906278441   } 
   weightvar { 0.0997724641606387   } 
   kinetic_energy { 3.780267407334081   } 
   kinetic_energyvar { 4.592392225580253   } 
   potential_energy { -10.35391211467432   } 
   potential_energyvar { 5.864139053049849   } 
   nonlocal_energy { 0.6485479219216619   } 
   nonlocal_energyvar { 2.433235976210849   } 
   autocorr_energy { } 
} 

block { 
   label ts_0.001
   totweight 5120000
   nautocorr 0
   total_energy { -5.92541905904742   } 
   total_energyvar { 0.04150050777101939   } 
   weight { 0.9991880138570403   } 
   weightvar { 0.09729831582038743   } 
   kinetic_energy { 3.797315657433519   } 
   kinetic_energyvar { 4.597005401797104   } 
   potential_energy { -10.37343867068177   } 
   potential_energyvar { 5.908093648607935   } 
   nonlocal_energy { 0.6507039542008356   } 
   nonlocal_energyvar { 2.455354186001928   } 
   autocorr_energy { } 
} 

block { 
   label ts_0.001
   totweight 5120000
   nautocorr 0
   total_energy { -5.925166148014084   } 
   total_energyvar { 0.04077066521445787   } 
   weight { 0.9992836238032338   } 
   weightvar { 0.09715192275533567   } 
   kinetic_energy { 3.80083009441543   } 
   kinetic_energyvar { 4.695455310157703   } 
   potential_energy { -10.39890065623835   } 
   potential_energyvar { 5.903079738682602   } 
   nonlocal_energy { 0.6729044138088357   } 
   nonlocal_energyvar { 2.633026098181889   } 
   autocorr_energy { } 
} 

block { 
   label ts_0.001
   totweight 5120000
   nautocorr 0
   total_energy { -5.926720798218486   } 
   total_energyvar { 0.04056433700370199   } 
   weight { 0.9993014078613963   } 
   weightvar { 0.09733911996987983   } 
   kinetic_energy { 3.7847075385992   } 
   kinetic_energyvar { 4.642053370169967   } 
   potential_energy { -10.38070346721048   } 
   potential_energyvar { 6.28498828163303   } 
   nonlocal_energy { 0.669275130392788   } 
   nonlocal_energyvar { 2.925578834325878   } 
   autocorr_energy { } 
} 

block { 
   label ts_0.001
   totweight 5120000
   nautocorr 0
   total_energy { -5.927887369936786   } 
   total_energyvar { 0.04053911310982981   } 
   weight { 1.000536201976916   } 
   weightvar { 0.09822159770197418   } 
   kinetic_energy { 3.765636844790908   } 
   kinetic_energyvar { 4.696244086165885   } 
   potential_energy { -10.3629180982541   } 
   potential_energyvar { 5.941466674514636   } 
   nonlocal_energy { 0.6693938835264049   } 
   nonlocal_energyvar { 2.74549380715212   } 
   autocorr_energy { } 
} 

block { 
   label ts_0.001
   totweight 5120000
   nautocorr 0
   total_energy { -5.929334805785674   } 
   total_energyvar { 0.03972637784229768   } 
   weight { 1.001585454685837   } 
   weightvar { 0.09985507940665067   } 
   kinetic_energy { 3.749317330900216   } 
   kinetic_energyvar { 4.606005414115865   } 
   potential_energy { -10.33592406436845   } 
   potential_energyvar { 5.930946480210253   } 
   nonlocal_energy { 0.6572719276825608   } 
   nonlocal_energyvar { 2.603519050497396   } 
   autocorr_energy { } 
} 

