#-------------------------------------------------
#DMC run: timestep 0.001
#-------------------------------------------------


init { 
   label ts_0.001
}
block { 
   label ts_0.001
   totweight 5120000
   nautocorr 0
   total_energy { -6.279090341976381   } 
   total_energyvar { 0.03245645379515153   } 
   weight { 1.000505419889637   } 
   weightvar { 0.09039238814644036   } 
   kinetic_energy { 4.004853741809904   } 
   kinetic_energyvar { 4.880724623449149   } 
   potential_energy { -10.91502038594409   } 
   potential_energyvar { 6.32125603512105   } 
   nonlocal_energy { 0.6310763021578063   } 
   nonlocal_energyvar { 2.508118252597584   } 
   autocorr_energy { } 
} 

block { 
   label ts_0.001
   totweight 5120000
   nautocorr 0
   total_energy { -6.276531198762969   } 
   total_energyvar { 0.03131433206935099   } 
   weight { 0.9992175187599812   } 
   weightvar { 0.0899929628955609   } 
   kinetic_energy { 4.016462302731203   } 
   kinetic_energyvar { 5.098876162827279   } 
   potential_energy { -10.92523245953039   } 
   potential_energyvar { 6.570440905526826   } 
   nonlocal_energy { 0.6322389580362167   } 
   nonlocal_energyvar { 2.832311476675688   } 
   autocorr_energy { } 
} 

block { 
   label ts_0.001
   totweight 5120000
   nautocorr 0
   total_energy { -6.275290378380572   } 
   total_energyvar { 0.03004912085008766   } 
   weight { 0.9979475389747582   } 
   weightvar { 0.08925860995126657   } 
   kinetic_energy { 3.985238213939667   } 
   kinetic_energyvar { 4.902230858102638   } 
   potential_energy { -10.88106807863442   } 
   potential_energyvar { 6.452452861757383   } 
   nonlocal_energy { 0.6205394863141807   } 
   nonlocal_energyvar { 2.626694649659083   } 
   autocorr_energy { } 
} 

block { 
   label ts_0.001
   totweight 5120000
   nautocorr 0
   total_energy { -6.276056414461578   } 
   total_energyvar { 0.03296135411125346   } 
   weight { 0.9976083212949883   } 
   weightvar { 0.08961169469512469   } 
   kinetic_energy { 3.995910676234834   } 
   kinetic_energyvar { 5.048420756060758   } 
   potential_energy { -10.89348687763271   } 
   potential_energyvar { 6.420712856741634   } 
   nonlocal_energy { 0.6215197869363022   } 
   nonlocal_energyvar { 2.570105825863902   } 
   autocorr_energy { } 
} 

block { 
   label ts_0.001
   totweight 5120000
   nautocorr 0
   total_energy { -6.278256604358405   } 
   total_energyvar { 0.03085912348350281   } 
   weight { 0.9990139983246367   } 
   weightvar { 0.09101898992311365   } 
   kinetic_energy { 4.008021934128221   } 
   kinetic_energyvar { 5.019217775222045   } 
   potential_energy { -10.90712399269187   } 
   potential_energyvar { 6.435506688890971   } 
   nonlocal_energy { 0.6208454542052378   } 
   nonlocal_energyvar { 2.472747505690784   } 
   autocorr_energy { } 
} 

block { 
   label ts_0.001
   totweight 5120000
   nautocorr 0
   total_energy { -6.278484443762975   } 
   total_energyvar { 0.02987993114643491   } 
   weight { 1.00098104699781   } 
   weightvar { 0.09019545234337556   } 
   kinetic_energy { 3.983535560674543   } 
   kinetic_energyvar { 4.886514274220579   } 
   potential_energy { -10.88156705744266   } 
   potential_energyvar { 6.34342182782048   } 
   nonlocal_energy { 0.6195470530051495   } 
   nonlocal_energyvar { 2.500575475153455   } 
   autocorr_energy { } 
} 

block { 
   label ts_0.001
   totweight 5120000
   nautocorr 0
   total_energy { -6.277055307651982   } 
   total_energyvar { 0.03047994627165568   } 
   weight { 1.000280728160402   } 
   weightvar { 0.08861302258845856   } 
   kinetic_energy { 3.990740337921345   } 
   kinetic_energyvar { 4.945187123705102   } 
   potential_energy { -10.88574679748866   } 
   potential_energyvar { 6.356462590754604   } 
   nonlocal_energy { 0.6179511519153302   } 
   nonlocal_energyvar { 2.480857036212234   } 
   autocorr_energy { } 
} 

block { 
   label ts_0.001
   totweight 5120000
   nautocorr 0
   total_energy { -6.277321265996699   } 
   total_energyvar { 0.03068939776409881   } 
   weight { 1.000423431052409   } 
   weightvar { 0.08847755145397668   } 
   kinetic_energy { 3.988975670890297   } 
   kinetic_energyvar { 4.918511273986516   } 
   potential_energy { -10.89062385658485   } 
   potential_energyvar { 6.34284019811637   } 
   nonlocal_energy { 0.6243269196978524   } 
   nonlocal_energyvar { 2.473387466963616   } 
   autocorr_energy { } 
} 

block { 
   label ts_0.001
   totweight 5120000
   nautocorr 0
   total_energy { -6.276869849075222   } 
   total_energyvar { 0.03121046981115109   } 
   weight { 0.9994903226110786   } 
   weightvar { 0.08874941671878268   } 
   kinetic_energy { 3.972683325637591   } 
   kinetic_energyvar { 4.812194239234712   } 
   potential_energy { -10.8756912494349   } 
   potential_energyvar { 6.152013107098801   } 
   nonlocal_energy { 0.6261380747220888   } 
   nonlocal_energyvar { 2.41093976507027   } 
   autocorr_energy { } 
} 

block { 
   label ts_0.001
   totweight 5120000
   nautocorr 0
   total_energy { -6.280977911840924   } 
   total_energyvar { 0.02933048708243341   } 
   weight { 1.001135137272356   } 
   weightvar { 0.0903817536903487   } 
   kinetic_energy { 3.953122014879062   } 
   kinetic_energyvar { 4.823020521990366   } 
   potential_energy { -10.85235776943766   } 
   potential_energyvar { 6.24517503703585   } 
   nonlocal_energy { 0.6182578427176766   } 
   nonlocal_energyvar { 2.291470418697198   } 
   autocorr_energy { } 
} 

block { 
   label ts_0.001
   totweight 5120000
   nautocorr 0
   total_energy { -6.279396341619795   } 
   total_energyvar { 0.02823640842984853   } 
   weight { 1.002553462370106   } 
   weightvar { 0.09109764051666844   } 
   kinetic_energy { 3.96604553182278   } 
   kinetic_energyvar { 4.775739084698811   } 
   potential_energy { -10.85288230074229   } 
   potential_energyvar { 6.236563087677221   } 
   nonlocal_energy { 0.6074404272997116   } 
   nonlocal_energyvar { 2.300624038578428   } 
   autocorr_energy { } 
} 

block { 
   label ts_0.001
   totweight 5120000
   nautocorr 0
   total_energy { -6.277007409309459   } 
   total_energyvar { 0.02988704243563798   } 
   weight { 1.001037779204413   } 
   weightvar { 0.08991545365973905   } 
   kinetic_energy { 3.988541291851047   } 
   kinetic_energyvar { 4.850129290056485   } 
   potential_energy { -10.87765240408771   } 
   potential_energyvar { 6.281201716986762   } 
   nonlocal_energy { 0.6121037029272036   } 
   nonlocal_energyvar { 2.342581578877947   } 
   autocorr_energy { } 
} 

block { 
   label ts_0.001
   totweight 5120000
   nautocorr 0
   total_energy { -6.276447566051498   } 
   total_energyvar { 0.03379243359064774   } 
   weight { 0.9990320339855332   } 
   weightvar { 0.09067344773622907   } 
   kinetic_energy { 3.969115026457134   } 
   kinetic_energyvar { 4.830681820448909   } 
   potential_energy { -10.86921015199427   } 
   potential_energyvar { 6.278708665473093   } 
   nonlocal_energy { 0.623647559485641   } 
   nonlocal_energyvar { 2.645953499243896   } 
   autocorr_energy { } 
} 

block { 
   label ts_0.001
   totweight 5120000
   nautocorr 0
   total_energy { -6.275269560987778   } 
   total_energyvar { 0.0300898586524839   } 
   weight { 0.9984910429752687   } 
   weightvar { 0.09139670971520943   } 
   kinetic_energy { 3.974474298713011   } 
   kinetic_energyvar { 4.757849610737187   } 
   potential_energy { -10.86476874615125   } 
   potential_energyvar { 6.071951738015381   } 
   nonlocal_energy { 0.6150248864504667   } 
   nonlocal_energyvar { 2.363645405109561   } 
   autocorr_energy { } 
} 

block { 
   label ts_0.001
   totweight 5120000
   nautocorr 0
   total_energy { -6.276826296124819   } 
   total_energyvar { 0.02890969398733644   } 
   weight { 0.9984910740903546   } 
   weightvar { 0.09120908541710419   } 
   kinetic_energy { 3.978451872463218   } 
   kinetic_energyvar { 4.784130412844426   } 
   potential_energy { -10.856144457526   } 
   potential_energyvar { 6.248240830269707   } 
   nonlocal_energy { 0.6008662889379639   } 
   nonlocal_energyvar { 2.245310603817098   } 
   autocorr_energy { } 
} 

block { 
   label ts_0.001
   totweight 5120000
   nautocorr 0
   total_energy { -6.274728728727594   } 
   total_energyvar { 0.03051667070811282   } 
   weight { 0.997971263712323   } 
   weightvar { 0.09118607909488799   } 
   kinetic_energy { 3.960889152871052   } 
   kinetic_energyvar { 4.869978817933781   } 
   potential_energy { -10.8776997518935   } 
   potential_energyvar { 6.357098616836566   } 
   nonlocal_energy { 0.6420818702948596   } 
   nonlocal_energyvar { 2.554918223246755   } 
   autocorr_energy { } 
} 

block { 
   label ts_0.001
   totweight 5120000
   nautocorr 0
   total_energy { -6.278649738154944   } 
   total_energyvar { 0.03122966162068336   } 
   weight { 0.9992891479836069   } 
   weightvar { 0.09115477773566466   } 
   kinetic_energy { 3.996809562476654   } 
   kinetic_energyvar { 4.945443470674066   } 
   potential_energy { -10.91742800006022   } 
   potential_energyvar { 6.571030750941269   } 
   nonlocal_energy { 0.6419686994286239   } 
   nonlocal_energyvar { 2.865464801655528   } 
   autocorr_energy { } 
} 

block { 
   label ts_0.001
   totweight 5120000
   nautocorr 0
   total_energy { -6.277323541690924   } 
   total_energyvar { 0.03416193135032862   } 
   weight { 1.000148165875893   } 
   weightvar { 0.0934655520412596   } 
   kinetic_energy { 3.966421860376945   } 
   kinetic_energyvar { 4.982862962538985   } 
   potential_energy { -10.86782772020672   } 
   potential_energyvar { 6.438810184235752   } 
   nonlocal_energy { 0.6240823181388491   } 
   nonlocal_energyvar { 2.676007650580269   } 
   autocorr_energy { } 
} 

block { 
   label ts_0.001
   totweight 5120000
   nautocorr 0
   total_energy { -6.277162132952999   } 
   total_energyvar { 0.03015146728121306   } 
   weight { 0.9992677125771617   } 
   weightvar { 0.09408625087187181   } 
   kinetic_energy { 3.971638001567015   } 
   kinetic_energyvar { 4.875509461664167   } 
   potential_energy { -10.8633171360736   } 
   potential_energyvar { 6.271919818537335   } 
   nonlocal_energy { 0.6145170015535839   } 
   nonlocal_energyvar { 2.380786709087569   } 
   autocorr_energy { } 
} 

block { 
   label ts_0.001
   totweight 5120000
   nautocorr 0
   total_energy { -6.276553384262738   } 
   total_energyvar { 0.03049110390886589   } 
   weight { 0.9994063458721603   } 
   weightvar { 0.0930714813653794   } 
   kinetic_energy { 3.97551673463452   } 
   kinetic_energyvar { 4.922865078823108   } 
   potential_energy { -10.87244231205416   } 
   potential_energyvar { 6.343081856872151   } 
   nonlocal_energy { 0.6203721931569014   } 
   nonlocal_energyvar { 2.482944515770876   } 
   autocorr_energy { } 
} 

block { 
   label ts_0.001
   totweight 5120000
   nautocorr 0
   total_energy { -6.276715522523337   } 
   total_energyvar { 0.02858974136382399   } 
   weight { 0.9994800730123776   } 
   weightvar { 0.09144192308159083   } 
   kinetic_energy { 3.99592116010233   } 
   kinetic_energyvar { 4.964243383614889   } 
   potential_energy { -10.89792217768097   } 
   potential_energyvar { 6.473946043900352   } 
   nonlocal_energy { 0.6252854950553013   } 
   nonlocal_energyvar { 2.418521369931471   } 
   autocorr_energy { } 
} 

block { 
   label ts_0.001
   totweight 5120000
   nautocorr 0
   total_energy { -6.276364173169706   } 
   total_energyvar { 0.03109260259429875   } 
   weight { 0.9990968760530006   } 
   weightvar { 0.09023232219603067   } 
   kinetic_energy { 3.967842998080346   } 
   kinetic_energyvar { 4.849245671984244   } 
   potential_energy { -10.86769658655601   } 
   potential_energyvar { 6.333079999178195   } 
   nonlocal_energy { 0.6234894153059599   } 
   nonlocal_energyvar { 2.428068379464928   } 
   autocorr_energy { } 
} 

block { 
   label ts_0.001
   totweight 5120000
   nautocorr 0
   total_energy { -6.277912618485199   } 
   total_energyvar { 0.02958425539352868   } 
   weight { 0.9996173977667013   } 
   weightvar { 0.09107341479998173   } 
   kinetic_energy { 3.986831028006417   } 
   kinetic_energyvar { 4.79330396539901   } 
   potential_energy { -10.89263257762308   } 
   potential_energyvar { 6.34798002023713   } 
   nonlocal_energy { 0.627888931131469   } 
   nonlocal_energyvar { 2.322939609443027   } 
   autocorr_energy { } 
} 

block { 
   label ts_0.001
   totweight 5120000
   nautocorr 0
   total_energy { -6.278238219670609   } 
   total_energyvar { 0.03082835497753795   } 
   weight { 1.000184372494996   } 
   weightvar { 0.09267238371443365   } 
   kinetic_energy { 3.965864526902022   } 
   kinetic_energyvar { 4.863981835447263   } 
   potential_energy { -10.86917418763811   } 
   potential_energyvar { 6.444315976906891   } 
   nonlocal_energy { 0.6250714410654791   } 
   nonlocal_energyvar { 2.500182377601048   } 
   autocorr_energy { } 
} 

block { 
   label ts_0.001
   totweight 5120000
   nautocorr 0
   total_energy { -6.277204569079585   } 
   total_energyvar { 0.0298223272701404   } 
   weight { 1.000440858943377   } 
   weightvar { 0.09130459827796385   } 
   kinetic_energy { 3.942598923721245   } 
   kinetic_energyvar { 4.766235136460145   } 
   potential_energy { -10.82509618189514   } 
   potential_energyvar { 6.172893204898943   } 
   nonlocal_energy { 0.6052926890943139   } 
   nonlocal_energyvar { 2.216913599867084   } 
   autocorr_energy { } 
} 

block { 
   label ts_0.001
   totweight 5120000
   nautocorr 0
   total_energy { -6.277482596913766   } 
   total_energyvar { 0.0315689595578528   } 
   weight { 0.9998501741195585   } 
   weightvar { 0.09077202688384151   } 
   kinetic_energy { 3.952274275647783   } 
   kinetic_energyvar { 4.887263420368068   } 
   potential_energy { -10.85388039952555   } 
   potential_energyvar { 6.290782760312474   } 
   nonlocal_energy { 0.6241235269639981   } 
   nonlocal_energyvar { 2.39266577811664   } 
   autocorr_energy { } 
} 

block { 
   label ts_0.001
   totweight 5120000
   nautocorr 0
   total_energy { -6.27781974152808   } 
   total_energyvar { 0.03115344799089223   } 
   weight { 1.000438529079976   } 
   weightvar { 0.09071929690423826   } 
   kinetic_energy { 3.960553207652627   } 
   kinetic_energyvar { 4.892842216166787   } 
   potential_energy { -10.86558642463059   } 
   potential_energyvar { 6.336489033996683   } 
   nonlocal_energy { 0.627213475449886   } 
   nonlocal_energyvar { 2.550622464409409   } 
   autocorr_energy { } 
} 

block { 
   label ts_0.001
   totweight 5120000
   nautocorr 0
   total_energy { -6.277856699832841   } 
   total_energyvar { 0.03016806380813394   } 
   weight { 0.9997334880683358   } 
   weightvar { 0.09154932458498538   } 
   kinetic_energy { 3.968993621657764   } 
   kinetic_energyvar { 4.787963251937625   } 
   potential_energy { -10.8738767316147   } 
   potential_energyvar { 6.272726495751949   } 
   nonlocal_energy { 0.6270264101240964   } 
   nonlocal_energyvar { 2.449701467434204   } 
   autocorr_energy { } 
} 

block { 
   label ts_0.001
   totweight 5120000
   nautocorr 0
   total_energy { -6.275571329087344   } 
   total_energyvar { 0.03052346538816963   } 
   weight { 0.9997044114046919   } 
   weightvar { 0.09223160229786322   } 
   kinetic_energy { 4.003873199977795   } 
   kinetic_energyvar { 4.931693779778314   } 
   potential_energy { -10.89898217894869   } 
   potential_energyvar { 6.332059257150871   } 
   nonlocal_energy { 0.6195376498835494   } 
   nonlocal_energyvar { 2.452996158000953   } 
   autocorr_energy { } 
} 

block { 
   label ts_0.001
   totweight 5120000
   nautocorr 0
   total_energy { -6.277849405786156   } 
   total_energyvar { 0.03147743633944348   } 
   weight { 0.9997408452050232   } 
   weightvar { 0.09268635020402977   } 
   kinetic_energy { 3.989296475524047   } 
   kinetic_energyvar { 4.932234412945756   } 
   potential_energy { -10.89472476119776   } 
   potential_energyvar { 6.496920621458191   } 
   nonlocal_energy { 0.6275788798875565   } 
   nonlocal_energyvar { 2.595179526187563   } 
   autocorr_energy { } 
} 

block { 
   label ts_0.001
   totweight 5120000
   nautocorr 0
   total_energy { -6.278970762928649   } 
   total_energyvar { 0.03015267789003612   } 
   weight { 1.000190258560289   } 
   weightvar { 0.09279018350437132   } 
   kinetic_energy { 3.986266025015039   } 
   kinetic_energyvar { 4.862048764456515   } 
   potential_energy { -10.89734494189323   } 
   potential_energyvar { 6.422630211732942   } 
   nonlocal_energy { 0.6321081539495438   } 
   nonlocal_energyvar { 2.497987774965666   } 
   autocorr_energy { } 
} 

block { 
   label ts_0.001
   totweight 5120000
   nautocorr 0
   total_energy { -6.278579872161354   } 
   total_energyvar { 0.03104947117833043   } 
   weight { 1.000878385825939   } 
   weightvar { 0.09340952915016378   } 
   kinetic_energy { 4.003127835609975   } 
   kinetic_energyvar { 4.939091890465655   } 
   potential_energy { -10.90586643300274   } 
   potential_energyvar { 6.466921636007183   } 
   nonlocal_energy { 0.6241587252314124   } 
   nonlocal_energyvar { 2.601095985791936   } 
   autocorr_energy { } 
} 

block { 
   label ts_0.001
   totweight 5120000
   nautocorr 0
   total_energy { -6.278452424015164   } 
   total_energyvar { 0.02875600856023286   } 
   weight { 1.001156969500869   } 
   weightvar { 0.09443170421958451   } 
   kinetic_energy { 4.004999515989391   } 
   kinetic_energyvar { 4.71148388173993   } 
   potential_energy { -10.89573612102853   } 
   potential_energyvar { 6.166105083071525   } 
   nonlocal_energy { 0.6122841810239787   } 
   nonlocal_energyvar { 2.266899659335026   } 
   autocorr_energy { } 
} 

block { 
   label ts_0.001
   totweight 5120000
   nautocorr 0
   total_energy { -6.2796069717531   } 
   total_energyvar { 0.0290306671635279   } 
   weight { 1.001061963661485   } 
   weightvar { 0.09565683652479945   } 
   kinetic_energy { 4.000775295130619   } 
   kinetic_energyvar { 4.836414278245609   } 
   potential_energy { -10.87465147959722   } 
   potential_energyvar { 6.384344382960971   } 
   nonlocal_energy { 0.5942692127135031   } 
   nonlocal_energyvar { 2.369251943607926   } 
   autocorr_energy { } 
} 

block { 
   label ts_0.001
   totweight 5120000
   nautocorr 0
   total_energy { -6.279662709940721   } 
   total_energyvar { 0.02852067075860871   } 
   weight { 1.001797041767976   } 
   weightvar { 0.09407549260642604   } 
   kinetic_energy { 3.981517488389227   } 
   kinetic_energyvar { 4.806500581051607   } 
   potential_energy { -10.85702899356244   } 
   potential_energyvar { 6.344518453945707   } 
   nonlocal_energy { 0.5958487952324955   } 
   nonlocal_energyvar { 2.22616093758548   } 
   autocorr_energy { } 
} 

block { 
   label ts_0.001
   totweight 5120000
   nautocorr 0
   total_energy { -6.277782366509522   } 
   total_energyvar { 0.02960378282438684   } 
   weight { 1.001414822379911   } 
   weightvar { 0.09190521607741281   } 
   kinetic_energy { 3.961368679294676   } 
   kinetic_energyvar { 4.877024077373783   } 
   potential_energy { -10.8565725578641   } 
   potential_energyvar { 6.289176266533429   } 
   nonlocal_energy { 0.6174215120598978   } 
   nonlocal_energyvar { 2.376070277667574   } 
   autocorr_energy { } 
} 

block { 
   label ts_0.001
   totweight 5120000
   nautocorr 0
   total_energy { -6.278487802666469   } 
   total_energyvar { 0.03077879129226282   } 
   weight { 1.0001245661193   } 
   weightvar { 0.09158868223073841   } 
   kinetic_energy { 3.962102757760069   } 
   kinetic_energyvar { 4.883929158150233   } 
   potential_energy { -10.86672562245159   } 
   potential_energyvar { 6.242642901779251   } 
   nonlocal_energy { 0.6261350620250514   } 
   nonlocal_energyvar { 2.399803264651497   } 
   autocorr_energy { } 
} 

block { 
   label ts_0.001
   totweight 5120000
   nautocorr 0
   total_energy { -6.281581867282248   } 
   total_energyvar { 0.02903147471245668   } 
   weight { 1.002589731396177   } 
   weightvar { 0.09286472022895569   } 
   kinetic_energy { 3.976031371179948   } 
   kinetic_energyvar { 4.770156912713631   } 
   potential_energy { -10.88605921608727   } 
   potential_energyvar { 6.24308885749367   } 
   nonlocal_energy { 0.6284459776250767   } 
   nonlocal_energyvar { 2.29388940433005   } 
   autocorr_energy { } 
} 

block { 
   label ts_0.001
   totweight 5120000
   nautocorr 0
   total_energy { -6.278476984611772   } 
   total_energyvar { 0.03017347324266077   } 
   weight { 1.001737042987743   } 
   weightvar { 0.09315734056629857   } 
   kinetic_energy { 3.993962436465237   } 
   kinetic_energyvar { 4.821129800628388   } 
   potential_energy { -10.87439286191543   } 
   potential_energyvar { 6.2548600538715   } 
   nonlocal_energy { 0.6019534408384188   } 
   nonlocal_energyvar { 2.282034885955248   } 
   autocorr_energy { } 
} 

block { 
   label ts_0.001
   totweight 5120000
   nautocorr 0
   total_energy { -6.278693864726567   } 
   total_energyvar { 0.02976087867717854   } 
   weight { 1.001024538194319   } 
   weightvar { 0.09236082970042907   } 
   kinetic_energy { 3.97647001266076   } 
   kinetic_energyvar { 4.813297236794828   } 
   potential_energy { -10.86426636272127   } 
   potential_energyvar { 6.277857254529146   } 
   nonlocal_energy { 0.6091024853339411   } 
   nonlocal_energyvar { 2.320156349395821   } 
   autocorr_energy { } 
} 

block { 
   label ts_0.001
   totweight 5120000
   nautocorr 0
   total_energy { -6.277784990723852   } 
   total_energyvar { 0.03066932863061709   } 
   weight { 1.000289196942582   } 
   weightvar { 0.09267694267629377   } 
   kinetic_energy { 3.972618298069037   } 
   kinetic_energyvar { 4.849133022318958   } 
   potential_energy { -10.87080182899832   } 
   potential_energyvar { 6.398981595156845   } 
   nonlocal_energy { 0.6203985402054339   } 
   nonlocal_energyvar { 2.453703571519734   } 
   autocorr_energy { } 
} 

block { 
   label ts_0.001
   totweight 5120000
   nautocorr 0
   total_energy { -6.273794409892737   } 
   total_energyvar { 0.03086880730616987   } 
   weight { 0.9988267357089382   } 
   weightvar { 0.09134960708313614   } 
   kinetic_energy { 3.97864198337512   } 
   kinetic_energyvar { 4.856226565324968   } 
   potential_energy { -10.87457264404778   } 
   potential_energyvar { 6.494344664054958   } 
   nonlocal_energy { 0.6221362507799277   } 
   nonlocal_energyvar { 2.618416112938508   } 
   autocorr_energy { } 
} 

block { 
   label ts_0.001
   totweight 5120000
   nautocorr 0
   total_energy { -6.276237616620175   } 
   total_energyvar { 0.03303604301149047   } 
   weight { 0.9975896688072112   } 
   weightvar { 0.09035705688923588   } 
   kinetic_energy { 3.993335223991863   } 
   kinetic_energyvar { 5.010641772654269   } 
   potential_energy { -10.88795113066579   } 
   potential_energyvar { 6.48508382036244   } 
   nonlocal_energy { 0.6183782900537512   } 
   nonlocal_energyvar { 2.530650396494222   } 
   autocorr_energy { } 
} 

block { 
   label ts_0.001
   totweight 5120000
   nautocorr 0
   total_energy { -6.278024264251538   } 
   total_energyvar { 0.03755285488926365   } 
   weight { 0.9985321059518421   } 
   weightvar { 0.09080348198773004   } 
   kinetic_energy { 3.97080736817299   } 
   kinetic_energyvar { 4.950094169393519   } 
   potential_energy { -10.86516271168228   } 
   potential_energyvar { 6.354092287762309   } 
   nonlocal_energy { 0.6163310792577517   } 
   nonlocal_energyvar { 2.462479933122671   } 
   autocorr_energy { } 
} 

block { 
   label ts_0.001
   totweight 5120000
   nautocorr 0
   total_energy { -6.278804243390881   } 
   total_energyvar { 0.03091565339032652   } 
   weight { 1.000576072960091   } 
   weightvar { 0.09303029530802495   } 
   kinetic_energy { 3.956626429339734   } 
   kinetic_energyvar { 4.887981806608476   } 
   potential_energy { -10.86095717589563   } 
   potential_energyvar { 6.293096769469428   } 
   nonlocal_energy { 0.6255265031650162   } 
   nonlocal_energyvar { 2.446248115022244   } 
   autocorr_energy { } 
} 

block { 
   label ts_0.001
   totweight 5120000
   nautocorr 0
   total_energy { -6.278009574475176   } 
   total_energyvar { 0.02957124711094533   } 
   weight { 0.9998936533041857   } 
   weightvar { 0.09314645299281629   } 
   kinetic_energy { 3.960791262989747   } 
   kinetic_energyvar { 4.851004570043835   } 
   potential_energy { -10.8565918450267   } 
   potential_energyvar { 6.225899279647047   } 
   nonlocal_energy { 0.6177910075617786   } 
   nonlocal_energyvar { 2.299037505845494   } 
   autocorr_energy { } 
} 

block { 
   label ts_0.001
   totweight 5120000
   nautocorr 0
   total_energy { -6.278596074972469   } 
   total_energyvar { 0.03011800718189763   } 
   weight { 1.000762141842828   } 
   weightvar { 0.09147011457491441   } 
   kinetic_energy { 3.954703261478065   } 
   kinetic_energyvar { 4.79230557175761   } 
   potential_energy { -10.85238945959316   } 
   potential_energyvar { 6.351857210757471   } 
   nonlocal_energy { 0.6190901231426237   } 
   nonlocal_energyvar { 2.454947920473957   } 
   autocorr_energy { } 
} 

block { 
   label ts_0.001
   totweight 5120000
   nautocorr 0
   total_energy { -6.280548954134594   } 
   total_energyvar { 0.03253275662990017   } 
   weight { 1.001363916447013   } 
   weightvar { 0.09169638220062364   } 
   kinetic_energy { 3.97361568648278   } 
   kinetic_energyvar { 4.996010711334169   } 
   potential_energy { -10.87682257523552   } 
   potential_energyvar { 6.436502910444224   } 
   nonlocal_energy { 0.6226579346181492   } 
   nonlocal_energyvar { 2.438851771223545   } 
   autocorr_energy { } 
} 

block { 
   label ts_0.001
   totweight 5120000
   nautocorr 0
   total_energy { -6.279019370297215   } 
   total_energyvar { 0.03116493410040124   } 
   weight { 1.001058011521926   } 
   weightvar { 0.09094073838560414   } 
   kinetic_energy { 3.982511014479965   } 
   kinetic_energyvar { 4.829521831814616   } 
   potential_energy { -10.87276689233175   } 
   potential_energyvar { 6.315085891868425   } 
   nonlocal_energy { 0.6112365075545697   } 
   nonlocal_energyvar { 2.364580780457552   } 
   autocorr_energy { } 
} 

block { 
   label ts_0.001
   totweight 5120000
   nautocorr 0
   total_energy { -6.279273786176153   } 
   total_energyvar { 0.03184970196497824   } 
   weight { 1.001567336947248   } 
   weightvar { 0.09174462053685374   } 
   kinetic_energy { 3.993056470348187   } 
   kinetic_energyvar { 4.896804894386764   } 
   potential_energy { -10.89849199301002   } 
   potential_energyvar { 6.382791003176989   } 
   nonlocal_energy { 0.626161736485677   } 
   nonlocal_energyvar { 2.428548711807591   } 
   autocorr_energy { } 
} 

#-------------------------------------------------
#DMC run: timestep 0.001
#-------------------------------------------------


init { 
   label ts_0.001
}
block { 
   label ts_0.001
   totweight 5120000
   nautocorr 0
   total_energy { -6.279193215016853   } 
   total_energyvar { 0.0293778465589018   } 
   weight { 1.001926197701301   } 
   weightvar { 0.09407324646640114   } 
   kinetic_energy { 3.996947114983338   } 
   kinetic_energyvar { 4.989544794489011   } 
   potential_energy { -10.89461229991466   } 
   potential_energyvar { 6.431918069435067   } 
   nonlocal_energy { 0.618471969914471   } 
   nonlocal_energyvar { 2.360756580825099   } 
   autocorr_energy { } 
} 

block { 
   label ts_0.001
   totweight 5120000
   nautocorr 0
   total_energy { -6.278367568121138   } 
   total_energyvar { 0.03186503925470242   } 
   weight { 1.000826862198073   } 
   weightvar { 0.09163503382232954   } 
   kinetic_energy { 4.024762728247915   } 
   kinetic_energyvar { 4.911296908579529   } 
   potential_energy { -10.9117926813965   } 
   potential_energyvar { 6.369074289380166   } 
   nonlocal_energy { 0.6086623850274423   } 
   nonlocal_energyvar { 2.505408162536051   } 
   autocorr_energy { } 
} 

block { 
   label ts_0.001
   totweight 5120000
   nautocorr 0
   total_energy { -6.278581353607184   } 
   total_energyvar { 0.02838358674958125   } 
   weight { 1.00053416668899   } 
   weightvar { 0.0913167431166949   } 
   kinetic_energy { 3.983162411830068   } 
   kinetic_energyvar { 4.789100629290043   } 
   potential_energy { -10.87204702099512   } 
   potential_energyvar { 6.162221398656497   } 
   nonlocal_energy { 0.6103032555578684   } 
   nonlocal_energyvar { 2.346956174255592   } 
   autocorr_energy { } 
} 

block { 
   label ts_0.001
   totweight 5120000
   nautocorr 0
   total_energy { -6.277088418096614   } 
   total_energyvar { 0.02918319015161126   } 
   weight { 0.9992412859879554   } 
   weightvar { 0.09221904962272712   } 
   kinetic_energy { 3.994792050132951   } 
   kinetic_energyvar { 4.805722213475918   } 
   potential_energy { -10.88108370221666   } 
   potential_energyvar { 6.482713070986566   } 
   nonlocal_energy { 0.6092032339871001   } 
   nonlocal_energyvar { 2.598935588059139   } 
   autocorr_energy { } 
} 

block { 
   label ts_0.001
   totweight 5120000
   nautocorr 0
   total_energy { -6.27727196581394   } 
   total_energyvar { 0.02935989866333078   } 
   weight { 0.9984492555770667   } 
   weightvar { 0.09228239843095924   } 
   kinetic_energy { 4.007651815279533   } 
   kinetic_energyvar { 4.866626658156817   } 
   potential_energy { -10.89882330042334   } 
   potential_energyvar { 6.457648885604415   } 
   nonlocal_energy { 0.6138995193298687   } 
   nonlocal_energyvar { 2.330896281117577   } 
   autocorr_energy { } 
} 

block { 
   label ts_0.001
   totweight 5120000
   nautocorr 0
   total_energy { -6.276980978354927   } 
   total_energyvar { 0.02965483103654159   } 
   weight { 0.9988586568538094   } 
   weightvar { 0.09106441446042562   } 
   kinetic_energy { 3.980858802264923   } 
   kinetic_energyvar { 4.810098509160307   } 
   potential_energy { -10.87890051953188   } 
   potential_energyvar { 6.237093020905958   } 
   nonlocal_energy { 0.621060738912028   } 
   nonlocal_energyvar { 2.288545824329653   } 
   autocorr_energy { } 
} 

block { 
   label ts_0.001
   totweight 5120000
   nautocorr 0
   total_energy { -6.27819492108743   } 
   total_energyvar { 0.03252428743704069   } 
   weight { 0.9994424964069542   } 
   weightvar { 0.09217123721030845   } 
   kinetic_energy { 3.985887629833944   } 
   kinetic_energyvar { 4.906808104492977   } 
   potential_energy { -10.8907726055407   } 
   potential_energyvar { 6.511273470362431   } 
   nonlocal_energy { 0.6266900546193229   } 
   nonlocal_energyvar { 2.599858529534288   } 
   autocorr_energy { } 
} 

block { 
   label ts_0.001
   totweight 5120000
   nautocorr 0
   total_energy { -6.278109032502357   } 
   total_energyvar { 0.03108442006566001   } 
   weight { 1.000464620713643   } 
   weightvar { 0.09297273287590353   } 
   kinetic_energy { 3.971325457962401   } 
   kinetic_energyvar { 4.937894687271231   } 
   potential_energy { -10.88379148248822   } 
   potential_energyvar { 6.355370865359816   } 
   nonlocal_energy { 0.634356992023461   } 
   nonlocal_energyvar { 2.451926034685948   } 
   autocorr_energy { } 
} 

block { 
   label ts_0.001
   totweight 5120000
   nautocorr 0
   total_energy { -6.274337937906029   } 
   total_energyvar { 0.03018514452451825   } 
   weight { 0.9986608054132539   } 
   weightvar { 0.09094221938327747   } 
   kinetic_energy { 4.00189949156188   } 
   kinetic_energyvar { 4.852683596271848   } 
   potential_energy { -10.91414080638475   } 
   potential_energyvar { 6.355884376212044   } 
   nonlocal_energy { 0.6379033769168376   } 
   nonlocal_energyvar { 2.533704478101053   } 
   autocorr_energy { } 
} 

block { 
   label ts_0.001
   totweight 5120000
   nautocorr 0
   total_energy { -6.27598287520626   } 
   total_energyvar { 0.03092242149624559   } 
   weight { 0.9977233691334948   } 
   weightvar { 0.09036429839380639   } 
   kinetic_energy { 3.947929060806323   } 
   kinetic_energyvar { 4.831239045872421   } 
   potential_energy { -10.84352829663004   } 
   potential_energyvar { 6.181574455526404   } 
   nonlocal_energy { 0.6196163606174501   } 
   nonlocal_energyvar { 2.407290894700555   } 
   autocorr_energy { } 
} 

block { 
   label ts_0.001
   totweight 5120000
   nautocorr 0
   total_energy { -6.279891652170102   } 
   total_energyvar { 0.03146971492243945   } 
   weight { 0.9995461025137662   } 
   weightvar { 0.09032054438111219   } 
   kinetic_energy { 3.951858684844133   } 
   kinetic_energyvar { 4.872855443961574   } 
   potential_energy { -10.86372919572285   } 
   potential_energyvar { 6.451517891813866   } 
   nonlocal_energy { 0.6319788587086139   } 
   nonlocal_energyvar { 2.562055649263982   } 
   autocorr_energy { } 
} 

block { 
   label ts_0.001
   totweight 5120000
   nautocorr 0
   total_energy { -6.278777712733079   } 
   total_energyvar { 0.03126984137486737   } 
   weight { 1.001100131245003   } 
   weightvar { 0.09000256757989976   } 
   kinetic_energy { 3.98539805742165   } 
   kinetic_energyvar { 4.932398913511012   } 
   potential_energy { -10.87854710577071   } 
   potential_energyvar { 6.345383260633548   } 
   nonlocal_energy { 0.6143713356159748   } 
   nonlocal_energyvar { 2.334033384725259   } 
   autocorr_energy { } 
} 

block { 
   label ts_0.001
   totweight 5120000
   nautocorr 0
   total_energy { -6.27862203990402   } 
   total_energyvar { 0.0299235792888406   } 
   weight { 1.00105673445062   } 
   weightvar { 0.0905969113291701   } 
   kinetic_energy { 3.9804964931787   } 
   kinetic_energyvar { 4.836362532517094   } 
   potential_energy { -10.88049959295245   } 
   potential_energyvar { 6.479368315195166   } 
   nonlocal_energy { 0.6213810598697302   } 
   nonlocal_energyvar { 2.603345692192746   } 
   autocorr_energy { } 
} 

block { 
   label ts_0.001
   totweight 5120000
   nautocorr 0
   total_energy { -6.275695352075212   } 
   total_energyvar { 0.02926766989475793   } 
   weight { 0.9994229280465519   } 
   weightvar { 0.09095672585821828   } 
   kinetic_energy { 3.977493025306231   } 
   kinetic_energyvar { 4.826443586233848   } 
   potential_energy { -10.8700864507689   } 
   potential_energyvar { 6.442590898851483   } 
   nonlocal_energy { 0.6168980733874532   } 
   nonlocal_energyvar { 2.455659945835523   } 
   autocorr_energy { } 
} 

block { 
   label ts_0.001
   totweight 5120000
   nautocorr 0
   total_energy { -6.27738560323563   } 
   total_energyvar { 0.02996037330079507   } 
   weight { 0.9994327132631262   } 
   weightvar { 0.09038412394555814   } 
   kinetic_energy { 3.989408229479585   } 
   kinetic_energyvar { 4.954650376173483   } 
   potential_energy { -10.89456462980019   } 
   potential_energyvar { 6.428663780433507   } 
   nonlocal_energy { 0.6277707970849791   } 
   nonlocal_energyvar { 2.442309884408344   } 
   autocorr_energy { } 
} 

block { 
   label ts_0.001
   totweight 5120000
   nautocorr 0
   total_energy { -6.275779032850243   } 
   total_energyvar { 0.03051358262719533   } 
   weight { 0.9986467270316969   } 
   weightvar { 0.09088826172470205   } 
   kinetic_energy { 3.972822750475101   } 
   kinetic_energyvar { 4.929605960742159   } 
   potential_energy { -10.86273319672715   } 
   potential_energyvar { 6.310974048292374   } 
   nonlocal_energy { 0.6141314134018061   } 
   nonlocal_energyvar { 2.479662091989747   } 
   autocorr_energy { } 
} 

block { 
   label ts_0.001
   totweight 5120000
   nautocorr 0
   total_energy { -6.277789113233473   } 
   total_energyvar { 0.0302607347180183   } 
   weight { 0.9993371700056274   } 
   weightvar { 0.09203242359184755   } 
   kinetic_energy { 3.968421447195256   } 
   kinetic_energyvar { 4.889781582101063   } 
   potential_energy { -10.86545851290969   } 
   potential_energyvar { 6.484330594374984   } 
   nonlocal_energy { 0.6192479524809672   } 
   nonlocal_energyvar { 2.543177906263948   } 
   autocorr_energy { } 
} 

block { 
   label ts_0.001
   totweight 5120000
   nautocorr 0
   total_energy { -6.280170454121752   } 
   total_energyvar { 0.0299806177716897   } 
   weight { 1.00081718567704   } 
   weightvar { 0.09090390238580286   } 
   kinetic_energy { 3.962352078669251   } 
   kinetic_energyvar { 4.798270337929025   } 
   potential_energy { -10.83931445889376   } 
   potential_energyvar { 6.374890024475937   } 
   nonlocal_energy { 0.5967919261027601   } 
   nonlocal_energyvar { 2.446523718484506   } 
   autocorr_energy { } 
} 

block { 
   label ts_0.001
   totweight 5120000
   nautocorr 0
   total_energy { -6.277466399367624   } 
   total_energyvar { 0.03092501190774742   } 
   weight { 1.000687185100959   } 
   weightvar { 0.09119813704392198   } 
   kinetic_energy { 3.95980050142746   } 
   kinetic_energyvar { 4.866615661740361   } 
   potential_energy { -10.8813874556906   } 
   potential_energyvar { 6.284341348444792   } 
   nonlocal_energy { 0.6441205548955151   } 
   nonlocal_energyvar { 2.612067876101014   } 
   autocorr_energy { } 
} 

block { 
   label ts_0.001
   totweight 5120000
   nautocorr 0
   total_energy { -6.277662438130389   } 
   total_energyvar { 0.03073372435491233   } 
   weight { 1.000023827623295   } 
   weightvar { 0.09121120700430495   } 
   kinetic_energy { 3.962194518447918   } 
   kinetic_energyvar { 4.779418318482138   } 
   potential_energy { -10.87007081756133   } 
   potential_energyvar { 6.335440122366447   } 
   nonlocal_energy { 0.6302138609830181   } 
   nonlocal_energyvar { 2.472059126098933   } 
   autocorr_energy { } 
} 

block { 
   label ts_0.001
   totweight 5120000
   nautocorr 0
   total_energy { -6.278892504374589   } 
   total_energyvar { 0.02993111490796525   } 
   weight { 1.000287474286884   } 
   weightvar { 0.09018374273649871   } 
   kinetic_energy { 3.946276614257039   } 
   kinetic_energyvar { 4.800005983543782   } 
   potential_energy { -10.86200661982346   } 
   potential_energyvar { 6.229913321454375   } 
   nonlocal_energy { 0.6368375011918336   } 
   nonlocal_energyvar { 2.498103851312297   } 
   autocorr_energy { } 
} 

block { 
   label ts_0.001
   totweight 5120000
   nautocorr 0
   total_energy { -6.277595212374614   } 
   total_energyvar { 0.03033425326163536   } 
   weight { 1.000681746259964   } 
   weightvar { 0.09065078293855836   } 
   kinetic_energy { 3.982025312793653   } 
   kinetic_energyvar { 4.963419873008249   } 
   potential_energy { -10.88027912439209   } 
   potential_energyvar { 6.485783626586679   } 
   nonlocal_energy { 0.6206585992238284   } 
   nonlocal_energyvar { 2.575225685627516   } 
   autocorr_energy { } 
} 

block { 
   label ts_0.001
   totweight 5120000
   nautocorr 0
   total_energy { -6.280510293888637   } 
   total_energyvar { 0.03136454128488986   } 
   weight { 1.000765251817107   } 
   weightvar { 0.09148062371260864   } 
   kinetic_energy { 3.978770865301241   } 
   kinetic_energyvar { 4.903583165812714   } 
   potential_energy { -10.87159348327269   } 
   potential_energyvar { 6.406239288436691   } 
   nonlocal_energy { 0.6123123240828069   } 
   nonlocal_energyvar { 2.478091313301798   } 
   autocorr_energy { } 
} 

block { 
   label ts_0.001
   totweight 5120000
   nautocorr 0
   total_energy { -6.277797154247637   } 
   total_energyvar { 0.03046524886947815   } 
   weight { 1.001107111082033   } 
   weightvar { 0.09008670438933389   } 
   kinetic_energy { 3.996989949830304   } 
   kinetic_energyvar { 4.924836831698955   } 
   potential_energy { -10.89323202102574   } 
   potential_energyvar { 6.387787046136713   } 
   nonlocal_energy { 0.6184449169477971   } 
   nonlocal_energyvar { 2.455539283828583   } 
   autocorr_energy { } 
} 

block { 
   label ts_0.001
   totweight 5120000
   nautocorr 0
   total_energy { -6.275947627053276   } 
   total_energyvar { 0.03204428576483037   } 
   weight { 0.9995783422616016   } 
   weightvar { 0.09138543594972365   } 
   kinetic_energy { 4.014381438853969   } 
   kinetic_energyvar { 4.888107203013904   } 
   potential_energy { -10.90719570970481   } 
   potential_energyvar { 6.531942660150247   } 
   nonlocal_energy { 0.6168666437975674   } 
   nonlocal_energyvar { 2.56742352935517   } 
   autocorr_energy { } 
} 

block { 
   label ts_0.001
   totweight 5120000
   nautocorr 0
   total_energy { -6.278334220379132   } 
   total_energyvar { 0.03206760141382718   } 
   weight { 0.998851068602184   } 
   weightvar { 0.0903814358858281   } 
   kinetic_energy { 3.988774023444746   } 
   kinetic_energyvar { 4.911085563502149   } 
   potential_energy { -10.89199742678514   } 
   potential_energyvar { 6.392078603312928   } 
   nonlocal_energy { 0.6248891829612629   } 
   nonlocal_energyvar { 2.447348936532916   } 
   autocorr_energy { } 
} 

block { 
   label ts_0.001
   totweight 5120000
   nautocorr 0
   total_energy { -6.280239480262964   } 
   total_energyvar { 0.03144374788543054   } 
   weight { 1.001039223529992   } 
   weightvar { 0.09054369333076211   } 
   kinetic_energy { 3.964724375762242   } 
   kinetic_energyvar { 4.911445491781073   } 
   potential_energy { -10.86311600139934   } 
   potential_energyvar { 6.325873816695176   } 
   nonlocal_energy { 0.6181521453741322   } 
   nonlocal_energyvar { 2.408793923766679   } 
   autocorr_energy { } 
} 

block { 
   label ts_0.001
   totweight 5120000
   nautocorr 0
   total_energy { -6.278143162571769   } 
   total_energyvar { 0.03217455642923178   } 
   weight { 1.000735658291401   } 
   weightvar { 0.09014433357117663   } 
   kinetic_energy { 3.961151652364706   } 
   kinetic_energyvar { 4.978868400061349   } 
   potential_energy { -10.84517690126374   } 
   potential_energyvar { 6.465233996046107   } 
   nonlocal_energy { 0.605882086327267   } 
   nonlocal_energyvar { 2.526214263555897   } 
   autocorr_energy { } 
} 

block { 
   label ts_0.001
   totweight 5120000
   nautocorr 0
   total_energy { -6.278838176871235   } 
   total_energyvar { 0.02899449544367633   } 
   weight { 1.000301418310042   } 
   weightvar { 0.09025047122322011   } 
   kinetic_energy { 3.950438297123112   } 
   kinetic_energyvar { 4.787037787548345   } 
   potential_energy { -10.83946876639934   } 
   potential_energyvar { 6.177625279046524   } 
   nonlocal_energy { 0.6101922924049966   } 
   nonlocal_energyvar { 2.253532107448862   } 
   autocorr_energy { } 
} 

block { 
   label ts_0.001
   totweight 5120000
   nautocorr 0
   total_energy { -6.277058160651565   } 
   total_energyvar { 0.03086412253258038   } 
   weight { 1.000221346585497   } 
   weightvar { 0.09200334488636033   } 
   kinetic_energy { 3.970690487668565   } 
   kinetic_energyvar { 4.78427059738506   } 
   potential_energy { -10.86489702462768   } 
   potential_energyvar { 6.189054939393987   } 
   nonlocal_energy { 0.6171483763075504   } 
   nonlocal_energyvar { 2.347113040787542   } 
   autocorr_energy { } 
} 

block { 
   label ts_0.001
   totweight 5120000
   nautocorr 0
   total_energy { -6.275351015189057   } 
   total_energyvar { 0.03080378787178684   } 
   weight { 0.9988884324716677   } 
   weightvar { 0.09309806107081957   } 
   kinetic_energy { 3.980820670144781   } 
   kinetic_energyvar { 4.963702749611564   } 
   potential_energy { -10.86743850187886   } 
   potential_energyvar { 6.357093827387263   } 
   nonlocal_energy { 0.6112668165450237   } 
   nonlocal_energyvar { 2.491417784414235   } 
   autocorr_energy { } 
} 

block { 
   label ts_0.001
   totweight 5120000
   nautocorr 0
   total_energy { -6.276895221245806   } 
   total_energyvar { 0.02919461580269137   } 
   weight { 0.9981406628563682   } 
   weightvar { 0.09437304574673688   } 
   kinetic_energy { 3.956923510085231   } 
   kinetic_energyvar { 4.864476299281129   } 
   potential_energy { -10.82232461606875   } 
   potential_energyvar { 6.388854650523701   } 
   nonlocal_energy { 0.5885058847377156   } 
   nonlocal_energyvar { 2.41624497994285   } 
   autocorr_energy { } 
} 

block { 
   label ts_0.001
   totweight 5120000
   nautocorr 0
   total_energy { -6.279592902981522   } 
   total_energyvar { 0.03202054311171577   } 
   weight { 0.9993791131383468   } 
   weightvar { 0.09451162254476275   } 
   kinetic_energy { 3.977953528095061   } 
   kinetic_energyvar { 4.929543999978341   } 
   potential_energy { -10.87768525058151   } 
   potential_energyvar { 6.331440438642096   } 
   nonlocal_energy { 0.6201388195049315   } 
   nonlocal_energyvar { 2.415066007289927   } 
   autocorr_energy { } 
} 

block { 
   label ts_0.001
   totweight 5120000
   nautocorr 0
   total_energy { -6.277735453703406   } 
   total_energyvar { 0.03033806648960929   } 
   weight { 1.000217019915119   } 
   weightvar { 0.09458563862904423   } 
   kinetic_energy { 3.956442812645926   } 
   kinetic_energyvar { 4.775525244652278   } 
   potential_energy { -10.85624599373356   } 
   potential_energyvar { 6.301552363982587   } 
   nonlocal_energy { 0.6220677273842234   } 
   nonlocal_energyvar { 2.367143166665061   } 
   autocorr_energy { } 
} 

block { 
   label ts_0.001
   totweight 5120000
   nautocorr 0
   total_energy { -6.2769071521326   } 
   total_energyvar { 0.03064709079966997   } 
   weight { 0.9993801319229977   } 
   weightvar { 0.09254671224105149   } 
   kinetic_energy { 3.998036567267648   } 
   kinetic_energyvar { 4.958243126734689   } 
   potential_energy { -10.89727035153208   } 
   potential_energyvar { 6.477123729442841   } 
   nonlocal_energy { 0.6223266321318345   } 
   nonlocal_energyvar { 2.435538570708207   } 
   autocorr_energy { } 
} 

block { 
   label ts_0.001
   totweight 5120000
   nautocorr 0
   total_energy { -6.278302790869417   } 
   total_energyvar { 0.03072251118284976   } 
   weight { 0.9994914862674523   } 
   weightvar { 0.0911722149960337   } 
   kinetic_energy { 3.98085394899972   } 
   kinetic_energyvar { 4.84143130992335   } 
   potential_energy { -10.88705695255141   } 
   potential_energyvar { 6.245048046993447   } 
   nonlocal_energy { 0.6279002126822748   } 
   nonlocal_energyvar { 2.468448484154539   } 
   autocorr_energy { } 
} 

block { 
   label ts_0.001
   totweight 5120000
   nautocorr 0
   total_energy { -6.279403910569427   } 
   total_energyvar { 0.03100845512693804   } 
   weight { 1.000636628603744   } 
   weightvar { 0.0921409283441651   } 
   kinetic_energy { 3.977105120880773   } 
   kinetic_energyvar { 4.949690915096115   } 
   potential_energy { -10.89007965219433   } 
   potential_energyvar { 6.470224156817322   } 
   nonlocal_energy { 0.6335706207441237   } 
   nonlocal_energyvar { 2.608842658423609   } 
   autocorr_energy { } 
} 

block { 
   label ts_0.001
   totweight 5120000
   nautocorr 0
   total_energy { -6.276937641171075   } 
   total_energyvar { 0.03001119333779894   } 
   weight { 0.9997811349072606   } 
   weightvar { 0.09317151557317942   } 
   kinetic_energy { 3.999858056592676   } 
   kinetic_energyvar { 4.936409279639878   } 
   potential_energy { -10.88430192594173   } 
   potential_energyvar { 6.458048444111586   } 
   nonlocal_energy { 0.6075062281779806   } 
   nonlocal_energyvar { 2.503641104738414   } 
   autocorr_energy { } 
} 

block { 
   label ts_0.001
   totweight 5120000
   nautocorr 0
   total_energy { -6.277095177112613   } 
   total_energyvar { 0.02861292333126977   } 
   weight { 0.999491048458147   } 
   weightvar { 0.09269839648437432   } 
   kinetic_energy { 3.968779339415689   } 
   kinetic_energyvar { 4.817178857617687   } 
   potential_energy { -10.84064516059624   } 
   potential_energyvar { 6.26947103416575   } 
   nonlocal_energy { 0.5947706440679332   } 
   nonlocal_energyvar { 2.235833655043945   } 
   autocorr_energy { } 
} 

block { 
   label ts_0.001
   totweight 5120000
   nautocorr 0
   total_energy { -6.277257965058423   } 
   total_energyvar { 0.02909639441989893   } 
   weight { 0.9990376385805885   } 
   weightvar { 0.09308458404786464   } 
   kinetic_energy { 3.970132745154414   } 
   kinetic_energyvar { 4.695068203534551   } 
   potential_energy { -10.85805029090024   } 
   potential_energyvar { 6.24349879683599   } 
   nonlocal_energy { 0.6106595806874021   } 
   nonlocal_energyvar { 2.270034663893532   } 
   autocorr_energy { } 
} 

block { 
   label ts_0.001
   totweight 5120000
   nautocorr 0
   total_energy { -6.279616757313749   } 
   total_energyvar { 0.0309459629637503   } 
   weight { 1.000230615996536   } 
   weightvar { 0.09293914356500332   } 
   kinetic_energy { 3.974954192282381   } 
   kinetic_energyvar { 4.967053674823015   } 
   potential_energy { -10.8702700021714   } 
   potential_energyvar { 6.343596168070657   } 
   nonlocal_energy { 0.6156990525752702   } 
   nonlocal_energyvar { 2.468290564530473   } 
   autocorr_energy { } 
} 

block { 
   label ts_0.001
   totweight 5120000
   nautocorr 0
   total_energy { -6.278110115235005   } 
   total_energyvar { 0.03107116254065593   } 
   weight { 1.000473105004697   } 
   weightvar { 0.09358716107056314   } 
   kinetic_energy { 3.979406976069946   } 
   kinetic_energyvar { 4.827783456967754   } 
   potential_energy { -10.86854483682627   } 
   potential_energyvar { 6.353237103076721   } 
   nonlocal_energy { 0.6110277455213236   } 
   nonlocal_energyvar { 2.634584106036223   } 
   autocorr_energy { } 
} 

block { 
   label ts_0.001
   totweight 5120000
   nautocorr 0
   total_energy { -6.277605524337737   } 
   total_energyvar { 0.03336806474022381   } 
   weight { 0.9998393655772525   } 
   weightvar { 0.09294961090106375   } 
   kinetic_energy { 3.984992664888498   } 
   kinetic_energyvar { 4.885874903808761   } 
   potential_energy { -10.89379404048284   } 
   potential_energyvar { 6.221696320961609   } 
   nonlocal_energy { 0.6311958512566048   } 
   nonlocal_energyvar { 2.458687969670211   } 
   autocorr_energy { } 
} 

block { 
   label ts_0.001
   totweight 5120000
   nautocorr 0
   total_energy { -6.278629587646963   } 
   total_energyvar { 0.0342874786843453   } 
   weight { 0.9998832612236788   } 
   weightvar { 0.0929609444522581   } 
   kinetic_energy { 3.980317434628006   } 
   kinetic_energyvar { 4.901937616429679   } 
   potential_energy { -10.87701936358767   } 
   potential_energyvar { 6.349302351033571   } 
   nonlocal_energy { 0.6180723413127046   } 
   nonlocal_energyvar { 2.435113467175426   } 
   autocorr_energy { } 
} 

block { 
   label ts_0.001
   totweight 5120000
   nautocorr 0
   total_energy { -6.278782778971193   } 
   total_energyvar { 0.0293815442490346   } 
   weight { 1.000418088842806   } 
   weightvar { 0.09408825182336038   } 
   kinetic_energy { 4.001290089791201   } 
   kinetic_energyvar { 4.864251771097845   } 
   potential_energy { -10.90706513119709   } 
   potential_energyvar { 6.357552944224456   } 
   nonlocal_energy { 0.6269922624346927   } 
   nonlocal_energyvar { 2.415317158353882   } 
   autocorr_energy { } 
} 

block { 
   label ts_0.001
   totweight 5120000
   nautocorr 0
   total_energy { -6.277983497069684   } 
   total_energyvar { 0.02932987744369859   } 
   weight { 1.000354759089946   } 
   weightvar { 0.09502520791443357   } 
   kinetic_energy { 4.004500309973289   } 
   kinetic_energyvar { 4.83070717102277   } 
   potential_energy { -10.89535098017964   } 
   potential_energyvar { 6.234201236477282   } 
   nonlocal_energy { 0.6128671731366618   } 
   nonlocal_energyvar { 2.280181870030804   } 
   autocorr_energy { } 
} 

block { 
   label ts_0.001
   totweight 5120000
   nautocorr 0
   total_energy { -6.27621044235099   } 
   total_energyvar { 0.03132816089364267   } 
   weight { 0.9992014187262703   } 
   weightvar { 0.09190109651640396   } 
   kinetic_energy { 3.962186434741489   } 
   kinetic_energyvar { 4.970036506741583   } 
   potential_energy { -10.86683400522365   } 
   potential_energyvar { 6.526714784987523   } 
   nonlocal_energy { 0.6284371281311708   } 
   nonlocal_energyvar { 2.648641526655081   } 
   autocorr_energy { } 
} 

block { 
   label ts_0.001
   totweight 5120000
   nautocorr 0
   total_energy { -6.276834009834202   } 
   total_energyvar { 0.0287966335360323   } 
   weight { 0.9987914406030129   } 
   weightvar { 0.0924059271361404   } 
   kinetic_energy { 3.951185249398319   } 
   kinetic_energyvar { 4.772619268569022   } 
   potential_energy { -10.82952145695957   } 
   potential_energyvar { 6.244624524514963   } 
   nonlocal_energy { 0.6015021977270509   } 
   nonlocal_energyvar { 2.283660286642169   } 
   autocorr_energy { } 
} 

block { 
   label ts_0.001
   totweight 5120000
   nautocorr 0
   total_energy { -6.278572246925729   } 
   total_energyvar { 0.02923673145543126   } 
   weight { 0.9991651745855287   } 
   weightvar { 0.09241947890200748   } 
   kinetic_energy { 3.994969065791282   } 
   kinetic_energyvar { 4.936385533775386   } 
   potential_energy { -10.8863741555601   } 
   potential_energyvar { 6.355007268558796   } 
   nonlocal_energy { 0.6128328428430844   } 
   nonlocal_energyvar { 2.37140695347072   } 
   autocorr_energy { } 
} 

block { 
   label ts_0.001
   totweight 5120000
   nautocorr 0
   total_energy { -6.281079820325807   } 
   total_energyvar { 0.03021355935345688   } 
   weight { 1.000938293174684   } 
   weightvar { 0.09222943852754481   } 
   kinetic_energy { 3.957628645744614   } 
   kinetic_energyvar { 4.721298956832078   } 
   potential_energy { -10.8552767804289   } 
   potential_energyvar { 6.166779097645856   } 
   nonlocal_energy { 0.6165683143584798   } 
   nonlocal_energyvar { 2.419618443319576   } 
   autocorr_energy { } 
} 

