#-------------------------------------------------
#VMC run: timestep 1 nconfig 3200 steps 20
#-------------------------------------------------


init { 
   label vmc
}
block { 
   label vmc
   totweight 64000
   nautocorr 0
   total_energy { -6.079491601330049   } 
   total_energyvar { 1.484873150376395   } 
   weight { 1   } 
   weightvar { 0   } 
   kinetic_energy { 3.812045355930701   } 
   kinetic_energyvar { 4.867594421483277   } 
   potential_energy { -10.53152808783725   } 
   potential_energyvar { 7.247600510448903   } 
   nonlocal_energy { 0.6399911305764997   } 
   nonlocal_energyvar { 2.434655129311401   } 
   autocorr_energy { } 
} 

block { 
   label vmc
   totweight 64000
   nautocorr 0
   total_energy { -6.079227122662717   } 
   total_energyvar { 0.8254003351672918   } 
   weight { 1   } 
   weightvar { 0   } 
   kinetic_energy { 3.794177461460806   } 
   kinetic_energyvar { 4.689203597826139   } 
   potential_energy { -10.49342456087131   } 
   potential_energyvar { 6.35637462546028   } 
   nonlocal_energy { 0.620019976747784   } 
   nonlocal_energyvar { 2.134651331924719   } 
   autocorr_energy { } 
} 

block { 
   label vmc
   totweight 64000
   nautocorr 0
   total_energy { -6.079353168653942   } 
   total_energyvar { 0.7748024015999124   } 
   weight { 1   } 
   weightvar { 0   } 
   kinetic_energy { 3.786837212102043   } 
   kinetic_energyvar { 4.75752816095419   } 
   potential_energy { -10.50530610469818   } 
   potential_energyvar { 6.901607542559367   } 
   nonlocal_energy { 0.6391157239421921   } 
   nonlocal_energyvar { 2.819283136154945   } 
   autocorr_energy { } 
} 

block { 
   label vmc
   totweight 64000
   nautocorr 0
   total_energy { -6.073137788903693   } 
   total_energyvar { 1.752611157351352   } 
   weight { 1   } 
   weightvar { 0   } 
   kinetic_energy { 3.806466181098201   } 
   kinetic_energyvar { 4.651834489922666   } 
   potential_energy { -10.51037968891395   } 
   potential_energyvar { 7.281780103402016   } 
   nonlocal_energy { 0.6307757189120602   } 
   nonlocal_energyvar { 2.480355795639114   } 
   autocorr_energy { } 
} 

block { 
   label vmc
   totweight 64000
   nautocorr 0
   total_energy { -6.07748050210479   } 
   total_energyvar { 0.7835108683750951   } 
   weight { 1   } 
   weightvar { 0   } 
   kinetic_energy { 3.837121663690097   } 
   kinetic_energyvar { 4.760228525074195   } 
   potential_energy { -10.55444429735329   } 
   potential_energyvar { 7.179187498863735   } 
   nonlocal_energy { 0.6398421315583992   } 
   nonlocal_energyvar { 2.713527547427023   } 
   autocorr_energy { } 
} 

block { 
   label vmc
   totweight 64000
   nautocorr 0
   total_energy { -6.08242552847204   } 
   total_energyvar { 0.8097899493371483   } 
   weight { 1   } 
   weightvar { 0   } 
   kinetic_energy { 3.803784082665988   } 
   kinetic_energyvar { 4.621367880862616   } 
   potential_energy { -10.52062364706849   } 
   potential_energyvar { 7.282405801386513   } 
   nonlocal_energy { 0.6344140359304645   } 
   nonlocal_energyvar { 2.961934187174145   } 
   autocorr_energy { } 
} 

block { 
   label vmc
   totweight 64000
   nautocorr 0
   total_energy { -6.07966260978425   } 
   total_energyvar { 0.8163642107061916   } 
   weight { 1   } 
   weightvar { 0   } 
   kinetic_energy { 3.812554214579916   } 
   kinetic_energyvar { 4.704338476650162   } 
   potential_energy { -10.51772732538429   } 
   potential_energyvar { 6.433922218076148   } 
   nonlocal_energy { 0.6255105010201274   } 
   nonlocal_energyvar { 2.121537739001537   } 
   autocorr_energy { } 
} 

block { 
   label vmc
   totweight 64000
   nautocorr 0
   total_energy { -6.078727717280111   } 
   total_energyvar { 0.8577912280591092   } 
   weight { 1   } 
   weightvar { 0   } 
   kinetic_energy { 3.80715574772793   } 
   kinetic_energyvar { 4.706826781976122   } 
   potential_energy { -10.51750872627287   } 
   potential_energyvar { 6.648043901888166   } 
   nonlocal_energy { 0.6316252612648251   } 
   nonlocal_energyvar { 2.281334062489082   } 
   autocorr_energy { } 
} 

block { 
   label vmc
   totweight 64000
   nautocorr 0
   total_energy { -6.076477838889112   } 
   total_energyvar { 0.8250474896052097   } 
   weight { 1   } 
   weightvar { 0   } 
   kinetic_energy { 3.824307531283031   } 
   kinetic_energyvar { 4.708721166166592   } 
   potential_energy { -10.53898444918876   } 
   potential_energyvar { 6.932289942834186   } 
   nonlocal_energy { 0.6381990790166155   } 
   nonlocal_energyvar { 2.367380834427033   } 
   autocorr_energy { } 
} 

block { 
   label vmc
   totweight 64000
   nautocorr 0
   total_energy { -6.078826582752103   } 
   total_energyvar { 0.8304531240068824   } 
   weight { 1   } 
   weightvar { 0   } 
   kinetic_energy { 3.82652611209433   } 
   kinetic_energyvar { 4.933709315953153   } 
   potential_energy { -10.54219650996104   } 
   potential_energyvar { 7.012016465168226   } 
   nonlocal_energy { 0.6368438151146092   } 
   nonlocal_energyvar { 2.542810665045046   } 
   autocorr_energy { } 
} 

block { 
   label vmc
   totweight 64000
   nautocorr 0
   total_energy { -6.079334134082956   } 
   total_energyvar { 0.7655143189798208   } 
   weight { 1   } 
   weightvar { 0   } 
   kinetic_energy { 3.796539736167521   } 
   kinetic_energyvar { 4.705473393372499   } 
   potential_energy { -10.51228353315904   } 
   potential_energyvar { 6.975758243257236   } 
   nonlocal_energy { 0.6364096629085678   } 
   nonlocal_energyvar { 2.603760922824046   } 
   autocorr_energy { } 
} 

block { 
   label vmc
   totweight 64000
   nautocorr 0
   total_energy { -6.078538715265495   } 
   total_energyvar { 0.8016096734185565   } 
   weight { 1   } 
   weightvar { 0   } 
   kinetic_energy { 3.80367723009305   } 
   kinetic_energyvar { 4.73344224005131   } 
   potential_energy { -10.51378898088162   } 
   potential_energyvar { 6.410718968224971   } 
   nonlocal_energy { 0.6315730355230796   } 
   nonlocal_energyvar { 2.255802190396606   } 
   autocorr_energy { } 
} 

block { 
   label vmc
   totweight 64000
   nautocorr 0
   total_energy { -6.080168972762659   } 
   total_energyvar { 0.8116345307157878   } 
   weight { 1   } 
   weightvar { 0   } 
   kinetic_energy { 3.81477206812262   } 
   kinetic_energyvar { 4.963840128631341   } 
   potential_energy { -10.53256098378455   } 
   potential_energyvar { 7.910587348483074   } 
   nonlocal_energy { 0.637619942899273   } 
   nonlocal_energyvar { 3.464991504878428   } 
   autocorr_energy { } 
} 

block { 
   label vmc
   totweight 64000
   nautocorr 0
   total_energy { -6.073290334218855   } 
   total_energyvar { 0.8913725875994783   } 
   weight { 1   } 
   weightvar { 0   } 
   kinetic_energy { 3.845271296625016   } 
   kinetic_energyvar { 4.867518964708784   } 
   potential_energy { -10.54663153332154   } 
   potential_energyvar { 7.209610083418991   } 
   nonlocal_energy { 0.6280699024776722   } 
   nonlocal_energyvar { 2.333726651398609   } 
   autocorr_energy { } 
} 

block { 
   label vmc
   totweight 64000
   nautocorr 0
   total_energy { -6.077102783832291   } 
   total_energyvar { 0.7956700243096659   } 
   weight { 1   } 
   weightvar { 0   } 
   kinetic_energy { 3.84097641525954   } 
   kinetic_energyvar { 4.854175734927654   } 
   potential_energy { -10.54744126092508   } 
   potential_energyvar { 6.680975089365005   } 
   nonlocal_energy { 0.6293620618332531   } 
   nonlocal_energyvar { 2.296253308843133   } 
   autocorr_energy { } 
} 

block { 
   label vmc
   totweight 64000
   nautocorr 0
   total_energy { -6.078888222184796   } 
   total_energyvar { 0.7857543132851341   } 
   weight { 1   } 
   weightvar { 0   } 
   kinetic_energy { 3.832650271969115   } 
   kinetic_energyvar { 4.782533788153332   } 
   potential_energy { -10.53752871730481   } 
   potential_energyvar { 6.594070386010959   } 
   nonlocal_energy { 0.6259902231508949   } 
   nonlocal_energyvar { 2.164039729984075   } 
   autocorr_energy { } 
} 

block { 
   label vmc
   totweight 64000
   nautocorr 0
   total_energy { -6.081631407195469   } 
   total_energyvar { 0.7987635738680521   } 
   weight { 1   } 
   weightvar { 0   } 
   kinetic_energy { 3.820420031580804   } 
   kinetic_energyvar { 4.743102651648806   } 
   potential_energy { -10.52992630672337   } 
   potential_energyvar { 6.678618270035043   } 
   nonlocal_energy { 0.6278748679470956   } 
   nonlocal_energyvar { 2.212350666539498   } 
   autocorr_energy { } 
} 

block { 
   label vmc
   totweight 64000
   nautocorr 0
   total_energy { -6.076382839760369   } 
   total_energyvar { 0.8406663003992145   } 
   weight { 1   } 
   weightvar { 0   } 
   kinetic_energy { 3.831373844495457   } 
   kinetic_energyvar { 4.865505987909367   } 
   potential_energy { -10.53893187503347   } 
   potential_energyvar { 7.253500082362724   } 
   nonlocal_energy { 0.6311751907776388   } 
   nonlocal_energyvar { 2.479049354109956   } 
   autocorr_energy { } 
} 

block { 
   label vmc
   totweight 64000
   nautocorr 0
   total_energy { -6.080139545120915   } 
   total_energyvar { 0.8127385612269643   } 
   weight { 1   } 
   weightvar { 0   } 
   kinetic_energy { 3.800743301268446   } 
   kinetic_energyvar { 4.692405559434699   } 
   potential_energy { -10.50785454009594   } 
   potential_energyvar { 6.802686391721204   } 
   nonlocal_energy { 0.6269716937065805   } 
   nonlocal_energyvar { 2.35034244934804   } 
   autocorr_energy { } 
} 

block { 
   label vmc
   totweight 64000
   nautocorr 0
   total_energy { -6.079123937685266   } 
   total_energyvar { 0.9291209652004208   } 
   weight { 1   } 
   weightvar { 0   } 
   kinetic_energy { 3.818147664285368   } 
   kinetic_energyvar { 4.795149881924917   } 
   potential_energy { -10.53541739771722   } 
   potential_energyvar { 7.197668552188786   } 
   nonlocal_energy { 0.6381457957465819   } 
   nonlocal_energyvar { 2.690248337167892   } 
   autocorr_energy { } 
} 

block { 
   label vmc
   totweight 64000
   nautocorr 0
   total_energy { -6.082920755672784   } 
   total_energyvar { 0.7960440006441747   } 
   weight { 1   } 
   weightvar { 0   } 
   kinetic_energy { 3.807196113235726   } 
   kinetic_energyvar { 4.765215665287546   } 
   potential_energy { -10.5189155021869   } 
   potential_energyvar { 6.478434950135767   } 
   nonlocal_energy { 0.6287986332783934   } 
   nonlocal_energyvar { 2.358383008764287   } 
   autocorr_energy { } 
} 

block { 
   label vmc
   totweight 64000
   nautocorr 0
   total_energy { -6.08033226893892   } 
   total_energyvar { 0.8768676532674142   } 
   weight { 1   } 
   weightvar { 0   } 
   kinetic_energy { 3.771507935354153   } 
   kinetic_energyvar { 4.658876443659524   } 
   potential_energy { -10.47895667124036   } 
   potential_energyvar { 6.552920568629554   } 
   nonlocal_energy { 0.6271164669472855   } 
   nonlocal_energyvar { 2.378303633747193   } 
   autocorr_energy { } 
} 

block { 
   label vmc
   totweight 64000
   nautocorr 0
   total_energy { -6.065813766961922   } 
   total_energyvar { 0.9761496222595234   } 
   weight { 1   } 
   weightvar { 0   } 
   kinetic_energy { 3.793518833493005   } 
   kinetic_energyvar { 4.691418374122342   } 
   potential_energy { -10.49015272452007   } 
   potential_energyvar { 6.54622788881553   } 
   nonlocal_energy { 0.6308201240651427   } 
   nonlocal_energyvar { 2.1609069985487   } 
   autocorr_energy { } 
} 

block { 
   label vmc
   totweight 64000
   nautocorr 0
   total_energy { -6.079144773137108   } 
   total_energyvar { 0.8258058397958186   } 
   weight { 1   } 
   weightvar { 0   } 
   kinetic_energy { 3.832440805419308   } 
   kinetic_energyvar { 4.688361017662958   } 
   potential_energy { -10.53139670589968   } 
   potential_energyvar { 6.503857811287989   } 
   nonlocal_energy { 0.6198111273432637   } 
   nonlocal_energyvar { 2.02353632952271   } 
   autocorr_energy { } 
} 

block { 
   label vmc
   totweight 64000
   nautocorr 0
   total_energy { -6.079847202086397   } 
   total_energyvar { 0.7952235390272266   } 
   weight { 1   } 
   weightvar { 0   } 
   kinetic_energy { 3.811223025944281   } 
   kinetic_energyvar { 4.812885324529304   } 
   potential_energy { -10.5228810155092   } 
   potential_energyvar { 6.635941424796512   } 
   nonlocal_energy { 0.6318107874785172   } 
   nonlocal_energyvar { 2.208263463776719   } 
   autocorr_energy { } 
} 

block { 
   label vmc
   totweight 64000
   nautocorr 0
   total_energy { -6.082772534726409   } 
   total_energyvar { 0.7681989533902094   } 
   weight { 1   } 
   weightvar { 0   } 
   kinetic_energy { 3.812152088125784   } 
   kinetic_energyvar { 4.804919631702528   } 
   potential_energy { -10.53594685375119   } 
   potential_energyvar { 6.781596752033081   } 
   nonlocal_energy { 0.6410222308989937   } 
   nonlocal_energyvar { 2.210788112338332   } 
   autocorr_energy { } 
} 

block { 
   label vmc
   totweight 64000
   nautocorr 0
   total_energy { -6.076715628412012   } 
   total_energyvar { 0.7719030953983778   } 
   weight { 1   } 
   weightvar { 0   } 
   kinetic_energy { 3.816660980619444   } 
   kinetic_energyvar { 4.7662157884084   } 
   potential_energy { -10.53097747670853   } 
   potential_energyvar { 7.092176343329767   } 
   nonlocal_energy { 0.6376008676770717   } 
   nonlocal_energyvar { 2.455983908539815   } 
   autocorr_energy { } 
} 

block { 
   label vmc
   totweight 64000
   nautocorr 0
   total_energy { -6.083174964606231   } 
   total_energyvar { 0.8105819642274189   } 
   weight { 1   } 
   weightvar { 0   } 
   kinetic_energy { 3.818237047343961   } 
   kinetic_energyvar { 4.783786545596907   } 
   potential_energy { -10.55016391467642   } 
   potential_energyvar { 8.499705978581668   } 
   nonlocal_energy { 0.6487519027262323   } 
   nonlocal_energyvar { 3.968195893152064   } 
   autocorr_energy { } 
} 

block { 
   label vmc
   totweight 64000
   nautocorr 0
   total_energy { -6.074190437606093   } 
   total_energyvar { 0.775065239920699   } 
   weight { 1   } 
   weightvar { 0   } 
   kinetic_energy { 3.810456099133041   } 
   kinetic_energyvar { 4.765539667167772   } 
   potential_energy { -10.50913905617793   } 
   potential_energyvar { 6.596303612552747   } 
   nonlocal_energy { 0.6244925194388039   } 
   nonlocal_energyvar { 2.156085057661494   } 
   autocorr_energy { } 
} 

block { 
   label vmc
   totweight 64000
   nautocorr 0
   total_energy { -6.084998162235365   } 
   total_energyvar { 0.7551655337336695   } 
   weight { 1   } 
   weightvar { 0   } 
   kinetic_energy { 3.817343853897923   } 
   kinetic_energyvar { 4.710080617540588   } 
   potential_energy { -10.52739121274399   } 
   potential_energyvar { 6.789371596195042   } 
   nonlocal_energy { 0.6250491966107017   } 
   nonlocal_energyvar { 2.39696285366036   } 
   autocorr_energy { } 
} 

block { 
   label vmc
   totweight 64000
   nautocorr 0
   total_energy { -6.08536410350453   } 
   total_energyvar { 0.7421147042617867   } 
   weight { 1   } 
   weightvar { 0   } 
   kinetic_energy { 3.812801489409439   } 
   kinetic_energyvar { 4.8135239921205   } 
   potential_energy { -10.53533625358472   } 
   potential_energyvar { 6.588150919674121   } 
   nonlocal_energy { 0.6371706606707565   } 
   nonlocal_energyvar { 2.308875787115423   } 
   autocorr_energy { } 
} 

block { 
   label vmc
   totweight 64000
   nautocorr 0
   total_energy { -6.072904402171225   } 
   total_energyvar { 0.8925977221896004   } 
   weight { 1   } 
   weightvar { 0   } 
   kinetic_energy { 3.838984679237821   } 
   kinetic_energyvar { 4.939357535900326   } 
   potential_energy { -10.542647429408   } 
   potential_energyvar { 7.049391074913963   } 
   nonlocal_energy { 0.6307583479989544   } 
   nonlocal_energyvar { 2.309420957405844   } 
   autocorr_energy { } 
} 

block { 
   label vmc
   totweight 64000
   nautocorr 0
   total_energy { -6.083652233462688   } 
   total_energyvar { 0.7862230555086287   } 
   weight { 1   } 
   weightvar { 0   } 
   kinetic_energy { 3.819094100376062   } 
   kinetic_energyvar { 4.731626181133898   } 
   potential_energy { -10.53920255855554   } 
   potential_energyvar { 7.352039995659818   } 
   nonlocal_energy { 0.6364562247167929   } 
   nonlocal_energyvar { 2.68107934135088   } 
   autocorr_energy { } 
} 

block { 
   label vmc
   totweight 64000
   nautocorr 0
   total_energy { -6.078101840357174   } 
   total_energyvar { 0.7668582244065503   } 
   weight { 1   } 
   weightvar { 0   } 
   kinetic_energy { 3.839832352396118   } 
   kinetic_energyvar { 4.838908740856954   } 
   potential_energy { -10.56663429701538   } 
   potential_energyvar { 7.85000832296485   } 
   nonlocal_energy { 0.6487001042620897   } 
   nonlocal_energyvar { 3.072890996661561   } 
   autocorr_energy { } 
} 

block { 
   label vmc
   totweight 64000
   nautocorr 0
   total_energy { -6.075611492157901   } 
   total_energyvar { 0.9467280201954333   } 
   weight { 1   } 
   weightvar { 0   } 
   kinetic_energy { 3.828341880688626   } 
   kinetic_energyvar { 4.733686269779396   } 
   potential_energy { -10.53414804383125   } 
   potential_energyvar { 6.818745494063555   } 
   nonlocal_energy { 0.6301946709847285   } 
   nonlocal_energyvar { 2.036105845288676   } 
   autocorr_energy { } 
} 

block { 
   label vmc
   totweight 64000
   nautocorr 0
   total_energy { -6.081777528498024   } 
   total_energyvar { 0.815542356522665   } 
   weight { 1   } 
   weightvar { 0   } 
   kinetic_energy { 3.785885693781394   } 
   kinetic_energyvar { 4.629012593845951   } 
   potential_energy { -10.50382562183808   } 
   potential_energyvar { 6.351517324775144   } 
   nonlocal_energy { 0.6361623995586602   } 
   nonlocal_energyvar { 2.239716013260502   } 
   autocorr_energy { } 
} 

block { 
   label vmc
   totweight 64000
   nautocorr 0
   total_energy { -6.084737531447937   } 
   total_energyvar { 0.8319381982295929   } 
   weight { 1   } 
   weightvar { 0   } 
   kinetic_energy { 3.82453118996536   } 
   kinetic_energyvar { 4.801516687093732   } 
   potential_energy { -10.54544612136566   } 
   potential_energyvar { 6.84867197241007   } 
   nonlocal_energy { 0.6361773999523621   } 
   nonlocal_energyvar { 2.302479750848454   } 
   autocorr_energy { } 
} 

block { 
   label vmc
   totweight 64000
   nautocorr 0
   total_energy { -6.076844133187244   } 
   total_energyvar { 0.8959738325790902   } 
   weight { 1   } 
   weightvar { 0   } 
   kinetic_energy { 3.812911313199829   } 
   kinetic_energyvar { 4.797353285264995   } 
   potential_energy { -10.50905998026749   } 
   potential_energyvar { 6.470271395285285   } 
   nonlocal_energy { 0.619304533880412   } 
   nonlocal_energyvar { 2.048073644326439   } 
   autocorr_energy { } 
} 

block { 
   label vmc
   totweight 64000
   nautocorr 0
   total_energy { -6.07698974862882   } 
   total_energyvar { 0.9069484315456563   } 
   weight { 1   } 
   weightvar { 0   } 
   kinetic_energy { 3.806033630437874   } 
   kinetic_energyvar { 4.529390060195819   } 
   potential_energy { -10.50998769337774   } 
   potential_energyvar { 6.376604047231417   } 
   nonlocal_energy { 0.6269643143110485   } 
   nonlocal_energyvar { 2.190499319874804   } 
   autocorr_energy { } 
} 

block { 
   label vmc
   totweight 64000
   nautocorr 0
   total_energy { -6.076792186619791   } 
   total_energyvar { 0.9279043498836145   } 
   weight { 1   } 
   weightvar { 0   } 
   kinetic_energy { 3.816929086809953   } 
   kinetic_energyvar { 4.790270537000146   } 
   potential_energy { -10.53459919220254   } 
   potential_energyvar { 6.954492597926338   } 
   nonlocal_energy { 0.6408779187727963   } 
   nonlocal_energyvar { 2.470817965223203   } 
   autocorr_energy { } 
} 

block { 
   label vmc
   totweight 64000
   nautocorr 0
   total_energy { -6.07805762307648   } 
   total_energyvar { 0.8027662202203251   } 
   weight { 1   } 
   weightvar { 0   } 
   kinetic_energy { 3.835921882761482   } 
   kinetic_energyvar { 4.878722801127648   } 
   potential_energy { -10.53599325376152   } 
   potential_energyvar { 6.803855702660378   } 
   nonlocal_energy { 0.6220137479235558   } 
   nonlocal_energyvar { 2.239256337559306   } 
   autocorr_energy { } 
} 

block { 
   label vmc
   totweight 64000
   nautocorr 0
   total_energy { -6.075805840070617   } 
   total_energyvar { 0.8621100717837963   } 
   weight { 1   } 
   weightvar { 0   } 
   kinetic_energy { 3.800328968238663   } 
   kinetic_energyvar { 4.65070255441121   } 
   potential_energy { -10.5137302336099   } 
   potential_energyvar { 6.798517948044837   } 
   nonlocal_energy { 0.6375954253006157   } 
   nonlocal_energyvar { 2.305034899981151   } 
   autocorr_energy { } 
} 

block { 
   label vmc
   totweight 64000
   nautocorr 0
   total_energy { -6.076688139450727   } 
   total_energyvar { 0.8067969532458542   } 
   weight { 1   } 
   weightvar { 0   } 
   kinetic_energy { 3.827196071464104   } 
   kinetic_energyvar { 4.66306859579394   } 
   potential_energy { -10.52970354249822   } 
   potential_energyvar { 7.265626522184851   } 
   nonlocal_energy { 0.6258193315833857   } 
   nonlocal_energyvar { 2.740879356001169   } 
   autocorr_energy { } 
} 

block { 
   label vmc
   totweight 64000
   nautocorr 0
   total_energy { -6.07971932506646   } 
   total_energyvar { 0.8715127681133709   } 
   weight { 1   } 
   weightvar { 0   } 
   kinetic_energy { 3.813429027803362   } 
   kinetic_energyvar { 4.722319347118989   } 
   potential_energy { -10.52338714224892   } 
   potential_energyvar { 6.606647640947251   } 
   nonlocal_energy { 0.6302387893790943   } 
   nonlocal_energyvar { 2.235260291728128   } 
   autocorr_energy { } 
} 

block { 
   label vmc
   totweight 64000
   nautocorr 0
   total_energy { -6.081648055867177   } 
   total_energyvar { 0.7881319094779199   } 
   weight { 1   } 
   weightvar { 0   } 
   kinetic_energy { 3.803020939834851   } 
   kinetic_energyvar { 4.705714041521996   } 
   potential_energy { -10.51955159271978   } 
   potential_energyvar { 6.456769508785313   } 
   nonlocal_energy { 0.6348825970177535   } 
   nonlocal_energyvar { 2.252268798555948   } 
   autocorr_energy { } 
} 

block { 
   label vmc
   totweight 64000
   nautocorr 0
   total_energy { -6.075049763635476   } 
   total_energyvar { 0.8509006317777507   } 
   weight { 1   } 
   weightvar { 0   } 
   kinetic_energy { 3.823126271448746   } 
   kinetic_energyvar { 4.778455499773016   } 
   potential_energy { -10.52792510693864   } 
   potential_energyvar { 7.056118775441292   } 
   nonlocal_energy { 0.629749071854419   } 
   nonlocal_energyvar { 2.400322668290849   } 
   autocorr_energy { } 
} 

block { 
   label vmc
   totweight 64000
   nautocorr 0
   total_energy { -6.076013842175891   } 
   total_energyvar { 0.7928404039348614   } 
   weight { 1   } 
   weightvar { 0   } 
   kinetic_energy { 3.852674691910386   } 
   kinetic_energyvar { 4.951176457414096   } 
   potential_energy { -10.55586683342525   } 
   potential_energyvar { 6.889003566855144   } 
   nonlocal_energy { 0.6271782993389738   } 
   nonlocal_energyvar { 2.238942103347873   } 
   autocorr_energy { } 
} 

block { 
   label vmc
   totweight 64000
   nautocorr 0
   total_energy { -6.078765678259265   } 
   total_energyvar { 0.8212438798452212   } 
   weight { 1   } 
   weightvar { 0   } 
   kinetic_energy { 3.815238014186352   } 
   kinetic_energyvar { 4.803175260377297   } 
   potential_energy { -10.54344830641885   } 
   potential_energyvar { 7.772838132499262   } 
   nonlocal_energy { 0.6494446139732274   } 
   nonlocal_energyvar { 3.032750890542121   } 
   autocorr_energy { } 
} 

block { 
   label vmc
   totweight 64000
   nautocorr 0
   total_energy { -6.076055688477924   } 
   total_energyvar { 0.8545733756803356   } 
   weight { 1   } 
   weightvar { 0   } 
   kinetic_energy { 3.816138414956172   } 
   kinetic_energyvar { 4.723355791601063   } 
   potential_energy { -10.53251705591173   } 
   potential_energyvar { 8.354551237198153   } 
   nonlocal_energy { 0.6403229524776355   } 
   nonlocal_energyvar { 3.531721825806654   } 
   autocorr_energy { } 
} 

block { 
   label vmc
   totweight 64000
   nautocorr 0
   total_energy { -6.080292540480174   } 
   total_energyvar { 0.7940832147889068   } 
   weight { 1   } 
   weightvar { 0   } 
   kinetic_energy { 3.804174322222298   } 
   kinetic_energyvar { 4.720909938780391   } 
   potential_energy { -10.52266753274615   } 
   potential_energyvar { 6.391542725405099   } 
   nonlocal_energy { 0.6382006700436744   } 
   nonlocal_energyvar { 2.117390030906994   } 
   autocorr_energy { } 
} 

block { 
   label vmc
   totweight 64000
   nautocorr 0
   total_energy { -6.079025083273089   } 
   total_energyvar { 0.839518201125429   } 
   weight { 1   } 
   weightvar { 0   } 
   kinetic_energy { 3.821075664346661   } 
   kinetic_energyvar { 4.947004322097495   } 
   potential_energy { -10.52304142246384   } 
   potential_energyvar { 6.762114196519741   } 
   nonlocal_energy { 0.6229406748440848   } 
   nonlocal_energyvar { 2.366744556305675   } 
   autocorr_energy { } 
} 

block { 
   label vmc
   totweight 64000
   nautocorr 0
   total_energy { -6.075494090811182   } 
   total_energyvar { 0.828335029113024   } 
   weight { 1   } 
   weightvar { 0   } 
   kinetic_energy { 3.810549112209753   } 
   kinetic_energyvar { 4.713089658948702   } 
   potential_energy { -10.50815119325594   } 
   potential_energyvar { 6.502769758820148   } 
   nonlocal_energy { 0.6221079902350056   } 
   nonlocal_energyvar { 2.098614622015108   } 
   autocorr_energy { } 
} 

block { 
   label vmc
   totweight 64000
   nautocorr 0
   total_energy { -6.080651554933096   } 
   total_energyvar { 0.7895278604862573   } 
   weight { 1   } 
   weightvar { 0   } 
   kinetic_energy { 3.849011317059735   } 
   kinetic_energyvar { 4.979730356086897   } 
   potential_energy { -10.56375451179646   } 
   potential_energyvar { 6.924889366999873   } 
   nonlocal_energy { 0.6340916398036278   } 
   nonlocal_energyvar { 2.387185257158425   } 
   autocorr_energy { } 
} 

block { 
   label vmc
   totweight 64000
   nautocorr 0
   total_energy { -6.077797748449195   } 
   total_energyvar { 0.8041017425793781   } 
   weight { 1   } 
   weightvar { 0   } 
   kinetic_energy { 3.813368983484467   } 
   kinetic_energyvar { 4.690881129266444   } 
   potential_energy { -10.52705992963155   } 
   potential_energyvar { 6.706348228386764   } 
   nonlocal_energy { 0.6358931976978901   } 
   nonlocal_energyvar { 2.254552632794581   } 
   autocorr_energy { } 
} 

block { 
   label vmc
   totweight 64000
   nautocorr 0
   total_energy { -6.074249681262546   } 
   total_energyvar { 0.841908829889111   } 
   weight { 1   } 
   weightvar { 0   } 
   kinetic_energy { 3.812709757326706   } 
   kinetic_energyvar { 4.752745223944435   } 
   potential_energy { -10.52536159391348   } 
   potential_energyvar { 7.244337482313848   } 
   nonlocal_energy { 0.6384021553242309   } 
   nonlocal_energyvar { 2.577645716203956   } 
   autocorr_energy { } 
} 

block { 
   label vmc
   totweight 64000
   nautocorr 0
   total_energy { -6.07483792605344   } 
   total_energyvar { 0.7960251836782394   } 
   weight { 1   } 
   weightvar { 0   } 
   kinetic_energy { 3.841385826695423   } 
   kinetic_energyvar { 4.842592923510801   } 
   potential_energy { -10.54885243808544   } 
   potential_energyvar { 7.578415158553948   } 
   nonlocal_energy { 0.632628685336578   } 
   nonlocal_energyvar { 3.089883683505311   } 
   autocorr_energy { } 
} 

block { 
   label vmc
   totweight 64000
   nautocorr 0
   total_energy { -6.077444895183265   } 
   total_energyvar { 0.7955616496299256   } 
   weight { 1   } 
   weightvar { 0   } 
   kinetic_energy { 3.823947764933295   } 
   kinetic_energyvar { 4.851523712113322   } 
   potential_energy { -10.53520356111799   } 
   potential_energyvar { 6.801747608798465   } 
   nonlocal_energy { 0.6338109010014281   } 
   nonlocal_energyvar { 2.275358799410652   } 
   autocorr_energy { } 
} 

block { 
   label vmc
   totweight 64000
   nautocorr 0
   total_energy { -6.082733854902949   } 
   total_energyvar { 1.012019537069206   } 
   weight { 1   } 
   weightvar { 0   } 
   kinetic_energy { 3.806152079452297   } 
   kinetic_energyvar { 4.714205100627667   } 
   potential_energy { -10.51675001523313   } 
   potential_energyvar { 6.782333324070034   } 
   nonlocal_energy { 0.6278640808778853   } 
   nonlocal_energyvar { 2.145068268050277   } 
   autocorr_energy { } 
} 

block { 
   label vmc
   totweight 64000
   nautocorr 0
   total_energy { -6.076169840818795   } 
   total_energyvar { 0.8272225577087863   } 
   weight { 1   } 
   weightvar { 0   } 
   kinetic_energy { 3.822614716493391   } 
   kinetic_energyvar { 4.669754609068779   } 
   potential_energy { -10.53172354816222   } 
   potential_energyvar { 6.910158900135063   } 
   nonlocal_energy { 0.6329389908500354   } 
   nonlocal_energyvar { 2.318489692403642   } 
   autocorr_energy { } 
} 

block { 
   label vmc
   totweight 64000
   nautocorr 0
   total_energy { -6.07921630975725   } 
   total_energyvar { 0.7683488568110126   } 
   weight { 1   } 
   weightvar { 0   } 
   kinetic_energy { 3.816258901649044   } 
   kinetic_energyvar { 4.797408156204892   } 
   potential_energy { -10.53216541774901   } 
   potential_energyvar { 6.702226023634632   } 
   nonlocal_energy { 0.6366902063427161   } 
   nonlocal_energyvar { 2.297495008181052   } 
   autocorr_energy { } 
} 

block { 
   label vmc
   totweight 64000
   nautocorr 0
   total_energy { -6.075805339474526   } 
   total_energyvar { 0.8217038776522783   } 
   weight { 1   } 
   weightvar { 0   } 
   kinetic_energy { 3.824458396633958   } 
   kinetic_energyvar { 4.857205474842467   } 
   potential_energy { -10.52640578292378   } 
   potential_energyvar { 6.660168056252294   } 
   nonlocal_energy { 0.6261420468152955   } 
   nonlocal_energyvar { 2.136201219161356   } 
   autocorr_energy { } 
} 

block { 
   label vmc
   totweight 64000
   nautocorr 0
   total_energy { -6.078662270846632   } 
   total_energyvar { 0.7556219442133535   } 
   weight { 1   } 
   weightvar { 0   } 
   kinetic_energy { 3.792765892645629   } 
   kinetic_energyvar { 4.592806421961405   } 
   potential_energy { -10.49741683155616   } 
   potential_energyvar { 6.807591810427791   } 
   nonlocal_energy { 0.6259886680638976   } 
   nonlocal_energyvar { 2.494724859525109   } 
   autocorr_energy { } 
} 

block { 
   label vmc
   totweight 64000
   nautocorr 0
   total_energy { -6.075899803093525   } 
   total_energyvar { 0.8348806112954393   } 
   weight { 1   } 
   weightvar { 0   } 
   kinetic_energy { 3.819205555474309   } 
   kinetic_energyvar { 7.69869071821339   } 
   potential_energy { -10.52424700561582   } 
   potential_energyvar { 7.197659530582027   } 
   nonlocal_energy { 0.6291416470479844   } 
   nonlocal_energyvar { 5.477635628835966   } 
   autocorr_energy { } 
} 

block { 
   label vmc
   totweight 64000
   nautocorr 0
   total_energy { -6.080305251791713   } 
   total_energyvar { 0.7860855041078221   } 
   weight { 1   } 
   weightvar { 0   } 
   kinetic_energy { 3.811631275176286   } 
   kinetic_energyvar { 4.759104905835116   } 
   potential_energy { -10.51281096676328   } 
   potential_energyvar { 7.202936939806358   } 
   nonlocal_energy { 0.620874439795285   } 
   nonlocal_energyvar { 3.228127862959863   } 
   autocorr_energy { } 
} 

block { 
   label vmc
   totweight 64000
   nautocorr 0
   total_energy { -6.080757517844541   } 
   total_energyvar { 0.8658990671054748   } 
   weight { 1   } 
   weightvar { 0   } 
   kinetic_energy { 3.790428320037537   } 
   kinetic_energyvar { 4.641692627703554   } 
   potential_energy { -10.50135190319798   } 
   potential_energyvar { 6.733585197679637   } 
   nonlocal_energy { 0.6301660653159034   } 
   nonlocal_energyvar { 2.234086055226207   } 
   autocorr_energy { } 
} 

block { 
   label vmc
   totweight 64000
   nautocorr 0
   total_energy { -6.077291819602931   } 
   total_energyvar { 0.8186166543601849   } 
   weight { 1   } 
   weightvar { 0   } 
   kinetic_energy { 3.82622169564261   } 
   kinetic_energyvar { 4.87989846016266   } 
   potential_energy { -10.53778402582867   } 
   potential_energyvar { 6.668706568436789   } 
   nonlocal_energy { 0.634270510583133   } 
   nonlocal_energyvar { 2.200188288867581   } 
   autocorr_energy { } 
} 

block { 
   label vmc
   totweight 64000
   nautocorr 0
   total_energy { -6.075053682775369   } 
   total_energyvar { 0.8494917426864798   } 
   weight { 1   } 
   weightvar { 0   } 
   kinetic_energy { 3.8146515899055   } 
   kinetic_energyvar { 4.751617427713291   } 
   potential_energy { -10.52025439453308   } 
   potential_energyvar { 6.84064393003863   } 
   nonlocal_energy { 0.6305491218522074   } 
   nonlocal_energyvar { 2.49251661603404   } 
   autocorr_energy { } 
} 

block { 
   label vmc
   totweight 64000
   nautocorr 0
   total_energy { -6.074960531025953   } 
   total_energyvar { 0.7871696432326528   } 
   weight { 1   } 
   weightvar { 0   } 
   kinetic_energy { 3.816717936682042   } 
   kinetic_energyvar { 4.781950738758389   } 
   potential_energy { -10.51525113726723   } 
   potential_energyvar { 6.73692066694921   } 
   nonlocal_energy { 0.623572669559232   } 
   nonlocal_energyvar { 2.189933434852205   } 
   autocorr_energy { } 
} 

block { 
   label vmc
   totweight 64000
   nautocorr 0
   total_energy { -6.068436201491091   } 
   total_energyvar { 4.943666085100904   } 
   weight { 1   } 
   weightvar { 0   } 
   kinetic_energy { 3.827304183289422   } 
   kinetic_energyvar { 4.774218251762048   } 
   potential_energy { -10.52803256722412   } 
   potential_energyvar { 11.22222208088532   } 
   nonlocal_energy { 0.6322921824436064   } 
   nonlocal_energyvar { 2.5771372957915   } 
   autocorr_energy { } 
} 

block { 
   label vmc
   totweight 64000
   nautocorr 0
   total_energy { -6.080094845635577   } 
   total_energyvar { 0.7939892077176353   } 
   weight { 1   } 
   weightvar { 0   } 
   kinetic_energy { 3.802394358712706   } 
   kinetic_energyvar { 4.685714448840625   } 
   potential_energy { -10.51028236947378   } 
   potential_energyvar { 6.62313953431057   } 
   nonlocal_energy { 0.6277931651254952   } 
   nonlocal_energyvar { 2.207774627460025   } 
   autocorr_energy { } 
} 

block { 
   label vmc
   totweight 64000
   nautocorr 0
   total_energy { -6.07448962209351   } 
   total_energyvar { 0.8443560459762824   } 
   weight { 1   } 
   weightvar { 0   } 
   kinetic_energy { 3.843608744995101   } 
   kinetic_energyvar { 4.685377933944434   } 
   potential_energy { -10.54421069420013   } 
   potential_energyvar { 6.92470196693926   } 
   nonlocal_energy { 0.6261123271115188   } 
   nonlocal_energyvar { 2.340715579361703   } 
   autocorr_energy { } 
} 

block { 
   label vmc
   totweight 64000
   nautocorr 0
   total_energy { -6.081823252440335   } 
   total_energyvar { 0.8029159193945437   } 
   weight { 1   } 
   weightvar { 0   } 
   kinetic_energy { 3.803875807853862   } 
   kinetic_energyvar { 4.651077141523035   } 
   potential_energy { -10.50978164953232   } 
   potential_energyvar { 6.451200934181641   } 
   nonlocal_energy { 0.6240825892381209   } 
   nonlocal_energyvar { 2.022574434331456   } 
   autocorr_energy { } 
} 

block { 
   label vmc
   totweight 64000
   nautocorr 0
   total_energy { -6.076554350179232   } 
   total_energyvar { 0.8407246357539295   } 
   weight { 1   } 
   weightvar { 0   } 
   kinetic_energy { 3.814121104913721   } 
   kinetic_energyvar { 4.793115066152484   } 
   potential_energy { -10.51568617187366   } 
   potential_energyvar { 6.377271891250264   } 
   nonlocal_energy { 0.6250107167807056   } 
   nonlocal_energyvar { 2.081198606648394   } 
   autocorr_energy { } 
} 

block { 
   label vmc
   totweight 64000
   nautocorr 0
   total_energy { -6.081156630000252   } 
   total_energyvar { 0.7877590713256839   } 
   weight { 1   } 
   weightvar { 0   } 
   kinetic_energy { 3.862694680124346   } 
   kinetic_energyvar { 4.992055756464868   } 
   potential_energy { -10.57078455082211   } 
   potential_energyvar { 6.90820236829725   } 
   nonlocal_energy { 0.6269332406975089   } 
   nonlocal_energyvar { 2.248248424588874   } 
   autocorr_energy { } 
} 

block { 
   label vmc
   totweight 64000
   nautocorr 0
   total_energy { -6.081167673634445   } 
   total_energyvar { 0.7843931796352137   } 
   weight { 1   } 
   weightvar { 0   } 
   kinetic_energy { 3.830152332987607   } 
   kinetic_energyvar { 4.711984598275357   } 
   potential_energy { -10.53963636956294   } 
   potential_energyvar { 6.687551947028342   } 
   nonlocal_energy { 0.6283163629408902   } 
   nonlocal_energyvar { 2.178280621674302   } 
   autocorr_energy { } 
} 

block { 
   label vmc
   totweight 64000
   nautocorr 0
   total_energy { -6.082048815673003   } 
   total_energyvar { 0.7866082334401556   } 
   weight { 1   } 
   weightvar { 0   } 
   kinetic_energy { 3.803836177049937   } 
   kinetic_energyvar { 4.712105752284257   } 
   potential_energy { -10.52198096430231   } 
   potential_energyvar { 6.785958847840548   } 
   nonlocal_energy { 0.6360959715793735   } 
   nonlocal_energyvar { 2.377325810089507   } 
   autocorr_energy { } 
} 

block { 
   label vmc
   totweight 64000
   nautocorr 0
   total_energy { -6.076563902249267   } 
   total_energyvar { 0.8705419539935969   } 
   weight { 1   } 
   weightvar { 0   } 
   kinetic_energy { 3.800786380132169   } 
   kinetic_energyvar { 4.680563119815035   } 
   potential_energy { -10.49942934012594   } 
   potential_energyvar { 6.786382709396507   } 
   nonlocal_energy { 0.6220790577445048   } 
   nonlocal_energyvar { 2.314929836877494   } 
   autocorr_energy { } 
} 

block { 
   label vmc
   totweight 64000
   nautocorr 0
   total_energy { -6.072776179629479   } 
   total_energyvar { 0.9771065509431749   } 
   weight { 1   } 
   weightvar { 0   } 
   kinetic_energy { 3.828633341289077   } 
   kinetic_energyvar { 4.710993400461233   } 
   potential_energy { -10.52282637965109   } 
   potential_energyvar { 6.665511714860289   } 
   nonlocal_energy { 0.6214168587325311   } 
   nonlocal_energyvar { 2.078316808844111   } 
   autocorr_energy { } 
} 

block { 
   label vmc
   totweight 64000
   nautocorr 0
   total_energy { -6.078638914955691   } 
   total_energyvar { 0.9273761245968625   } 
   weight { 1   } 
   weightvar { 0   } 
   kinetic_energy { 3.817507698615525   } 
   kinetic_energyvar { 4.810171598357365   } 
   potential_energy { -10.52766646532003   } 
   potential_energyvar { 6.724032879432207   } 
   nonlocal_energy { 0.6315198517488116   } 
   nonlocal_energyvar { 2.182625384761896   } 
   autocorr_energy { } 
} 

block { 
   label vmc
   totweight 64000
   nautocorr 0
   total_energy { -6.077336287225783   } 
   total_energyvar { 0.8394601035830623   } 
   weight { 1   } 
   weightvar { 0   } 
   kinetic_energy { 3.805294732911583   } 
   kinetic_energyvar { 4.799216347412976   } 
   potential_energy { -10.51274138046015   } 
   potential_energyvar { 7.202154650481506   } 
   nonlocal_energy { 0.6301103603227789   } 
   nonlocal_energyvar { 2.622711042802391   } 
   autocorr_energy { } 
} 

block { 
   label vmc
   totweight 64000
   nautocorr 0
   total_energy { -6.076410785996719   } 
   total_energyvar { 0.8579313872710075   } 
   weight { 1   } 
   weightvar { 0   } 
   kinetic_energy { 3.824332973550388   } 
   kinetic_energyvar { 4.798334874515423   } 
   potential_energy { -10.53403207693982   } 
   potential_energyvar { 7.304359723267998   } 
   nonlocal_energy { 0.6332883173927162   } 
   nonlocal_energyvar { 2.626513020434017   } 
   autocorr_energy { } 
} 

block { 
   label vmc
   totweight 64000
   nautocorr 0
   total_energy { -6.081414263764701   } 
   total_energyvar { 0.7923873994081309   } 
   weight { 1   } 
   weightvar { 0   } 
   kinetic_energy { 3.805138153945932   } 
   kinetic_energyvar { 4.722731095045752   } 
   potential_energy { -10.52620416757769   } 
   potential_energyvar { 7.298041329044437   } 
   nonlocal_energy { 0.6396517498670531   } 
   nonlocal_energyvar { 2.960572696175205   } 
   autocorr_energy { } 
} 

block { 
   label vmc
   totweight 64000
   nautocorr 0
   total_energy { -6.070796555876362   } 
   total_energyvar { 0.8525237038646106   } 
   weight { 1   } 
   weightvar { 0   } 
   kinetic_energy { 3.824481786827828   } 
   kinetic_energyvar { 4.830876287711174   } 
   potential_energy { -10.53132781695325   } 
   potential_energyvar { 8.367455733433584   } 
   nonlocal_energy { 0.6360494742490549   } 
   nonlocal_energyvar { 3.622277874932629   } 
   autocorr_energy { } 
} 

block { 
   label vmc
   totweight 64000
   nautocorr 0
   total_energy { -6.078789095139895   } 
   total_energyvar { 0.7630924085834409   } 
   weight { 1   } 
   weightvar { 0   } 
   kinetic_energy { 3.807546396904046   } 
   kinetic_energyvar { 4.661457968112232   } 
   potential_energy { -10.50767113779601   } 
   potential_energyvar { 6.501492121981067   } 
   nonlocal_energy { 0.621335645752069   } 
   nonlocal_energyvar { 2.195570773389697   } 
   autocorr_energy { } 
} 

block { 
   label vmc
   totweight 64000
   nautocorr 0
   total_energy { -6.070923856184668   } 
   total_energyvar { 0.8710272667757559   } 
   weight { 1   } 
   weightvar { 0   } 
   kinetic_energy { 3.81996689904265   } 
   kinetic_energyvar { 4.806867344865183   } 
   potential_energy { -10.5297566613988   } 
   potential_energyvar { 7.171081508612412   } 
   nonlocal_energy { 0.638865906171489   } 
   nonlocal_energyvar { 2.33072893940981   } 
   autocorr_energy { } 
} 

block { 
   label vmc
   totweight 64000
   nautocorr 0
   total_energy { -6.077516757370829   } 
   total_energyvar { 0.8455654891729599   } 
   weight { 1   } 
   weightvar { 0   } 
   kinetic_energy { 3.820043441646032   } 
   kinetic_energyvar { 4.839782159870461   } 
   potential_energy { -10.53177358851415   } 
   potential_energyvar { 6.825854922930503   } 
   nonlocal_energy { 0.6342133894972878   } 
   nonlocal_energyvar { 2.309787669123263   } 
   autocorr_energy { } 
} 

block { 
   label vmc
   totweight 64000
   nautocorr 0
   total_energy { -6.075818274412057   } 
   total_energyvar { 0.9324383505127319   } 
   weight { 1   } 
   weightvar { 0   } 
   kinetic_energy { 3.815996253155444   } 
   kinetic_energyvar { 4.865845883563929   } 
   potential_energy { -10.53154243243986   } 
   potential_energyvar { 7.061923252108164   } 
   nonlocal_energy { 0.6397279048723581   } 
   nonlocal_energyvar { 2.473047822302545   } 
   autocorr_energy { } 
} 

block { 
   label vmc
   totweight 64000
   nautocorr 0
   total_energy { -6.077653811134558   } 
   total_energyvar { 0.8281627047692959   } 
   weight { 1   } 
   weightvar { 0   } 
   kinetic_energy { 3.818695354918065   } 
   kinetic_energyvar { 4.646122000883868   } 
   potential_energy { -10.53262784802917   } 
   potential_energyvar { 6.693247327236096   } 
   nonlocal_energy { 0.6362786819765477   } 
   nonlocal_energyvar { 2.401806634022332   } 
   autocorr_energy { } 
} 

block { 
   label vmc
   totweight 64000
   nautocorr 0
   total_energy { -6.075138001845402   } 
   total_energyvar { 1.196914114215714   } 
   weight { 1   } 
   weightvar { 0   } 
   kinetic_energy { 3.833323986979302   } 
   kinetic_energyvar { 4.675527549971686   } 
   potential_energy { -10.5223993963908   } 
   potential_energyvar { 6.833052403674722   } 
   nonlocal_energy { 0.6139374075660966   } 
   nonlocal_energyvar { 2.051635311917617   } 
   autocorr_energy { } 
} 

block { 
   label vmc
   totweight 64000
   nautocorr 0
   total_energy { -6.074567027906277   } 
   total_energyvar { 0.9921916910358427   } 
   weight { 1   } 
   weightvar { 0   } 
   kinetic_energy { 3.830942194670073   } 
   kinetic_energyvar { 4.761472578282294   } 
   potential_energy { -10.5423624569512   } 
   potential_energyvar { 7.638847976018067   } 
   nonlocal_energy { 0.6368532343748501   } 
   nonlocal_energyvar { 2.852041758357658   } 
   autocorr_energy { } 
} 

block { 
   label vmc
   totweight 64000
   nautocorr 0
   total_energy { -6.074590344257692   } 
   total_energyvar { 0.8806749140516579   } 
   weight { 1   } 
   weightvar { 0   } 
   kinetic_energy { 3.825348398866462   } 
   kinetic_energyvar { 4.91733358779408   } 
   potential_energy { -10.54195526147924   } 
   potential_energyvar { 6.639120725545527   } 
   nonlocal_energy { 0.6420165183550869   } 
   nonlocal_energyvar { 2.28721440731616   } 
   autocorr_energy { } 
} 

block { 
   label vmc
   totweight 64000
   nautocorr 0
   total_energy { -6.072850400202519   } 
   total_energyvar { 0.9063762615809867   } 
   weight { 1   } 
   weightvar { 0   } 
   kinetic_energy { 3.815497879771867   } 
   kinetic_energyvar { 4.690370902620423   } 
   potential_energy { -10.52832741658685   } 
   potential_energyvar { 6.672183910446076   } 
   nonlocal_energy { 0.6399791366124657   } 
   nonlocal_energyvar { 2.260014756154897   } 
   autocorr_energy { } 
} 

block { 
   label vmc
   totweight 64000
   nautocorr 0
   total_energy { -6.075544865903676   } 
   total_energyvar { 0.7841470906665122   } 
   weight { 1   } 
   weightvar { 0   } 
   kinetic_energy { 3.807953085153193   } 
   kinetic_energyvar { 4.797726650280967   } 
   potential_energy { -10.53011417855118   } 
   potential_energyvar { 6.935058759466524   } 
   nonlocal_energy { 0.6466162274943157   } 
   nonlocal_energyvar { 2.536296460218822   } 
   autocorr_energy { } 
} 

block { 
   label vmc
   totweight 64000
   nautocorr 0
   total_energy { -6.082518840317987   } 
   total_energyvar { 0.9358952896187793   } 
   weight { 1   } 
   weightvar { 0   } 
   kinetic_energy { 3.842727942541933   } 
   kinetic_energyvar { 4.820171057263841   } 
   potential_energy { -10.56429301213904   } 
   potential_energyvar { 6.832179582346989   } 
   nonlocal_energy { 0.6390462292791257   } 
   nonlocal_energyvar { 2.322029829427616   } 
   autocorr_energy { } 
} 

block { 
   label vmc
   totweight 64000
   nautocorr 0
   total_energy { -6.079925242798737   } 
   total_energyvar { 0.7996094050544627   } 
   weight { 1   } 
   weightvar { 0   } 
   kinetic_energy { 3.814115235733659   } 
   kinetic_energyvar { 4.640169445764824   } 
   potential_energy { -10.52490041453656   } 
   potential_energyvar { 7.18701862762421   } 
   nonlocal_energy { 0.6308599360041637   } 
   nonlocal_energyvar { 2.724383558855045   } 
   autocorr_energy { } 
} 

block { 
   label vmc
   totweight 64000
   nautocorr 0
   total_energy { -6.068227864635221   } 
   total_energyvar { 0.8154206972946968   } 
   weight { 1   } 
   weightvar { 0   } 
   kinetic_energy { 3.825052530464156   } 
   kinetic_energyvar { 4.742580213494625   } 
   potential_energy { -10.52507732320527   } 
   potential_energyvar { 6.414402585528227   } 
   nonlocal_energy { 0.6317969281058888   } 
   nonlocal_energyvar { 2.236678661337077   } 
   autocorr_energy { } 
} 

block { 
   label vmc
   totweight 64000
   nautocorr 0
   total_energy { -6.07465023141267   } 
   total_energyvar { 0.8492982115092422   } 
   weight { 1   } 
   weightvar { 0   } 
   kinetic_energy { 3.820914183455545   } 
   kinetic_energyvar { 4.921912309590582   } 
   potential_energy { -10.51556769117889   } 
   potential_energyvar { 6.569135376484356   } 
   nonlocal_energy { 0.6200032763106713   } 
   nonlocal_energyvar { 2.29628235134918   } 
   autocorr_energy { } 
} 

block { 
   label vmc
   totweight 64000
   nautocorr 0
   total_energy { -6.07808736017452   } 
   total_energyvar { 0.819292780521013   } 
   weight { 1   } 
   weightvar { 0   } 
   kinetic_energy { 3.821985477113519   } 
   kinetic_energyvar { 4.794921949949305   } 
   potential_energy { -10.53372767034206   } 
   potential_energyvar { 6.972705383035509   } 
   nonlocal_energy { 0.6336548330540165   } 
   nonlocal_energyvar { 2.389718870345928   } 
   autocorr_energy { } 
} 

block { 
   label vmc
   totweight 64000
   nautocorr 0
   total_energy { -6.076293717245684   } 
   total_energyvar { 0.8362523198064427   } 
   weight { 1   } 
   weightvar { 0   } 
   kinetic_energy { 3.811853433595159   } 
   kinetic_energyvar { 4.717340033487556   } 
   potential_energy { -10.51367322409892   } 
   potential_energyvar { 6.579813005301826   } 
   nonlocal_energy { 0.625526073258081   } 
   nonlocal_energyvar { 2.216627427994976   } 
   autocorr_energy { } 
} 

block { 
   label vmc
   totweight 64000
   nautocorr 0
   total_energy { -6.075634512977645   } 
   total_energyvar { 0.833800795862451   } 
   weight { 1   } 
   weightvar { 0   } 
   kinetic_energy { 3.816705546144468   } 
   kinetic_energyvar { 4.75980970310273   } 
   potential_energy { -10.52766215253646   } 
   potential_energyvar { 6.776543913313578   } 
   nonlocal_energy { 0.6353220934143463   } 
   nonlocal_energyvar { 2.2549455381553   } 
   autocorr_energy { } 
} 

