
------------------------------------------------------------
Sender: LSF System <lsfadmin@batch1>
Subject: Job 211201: <pbe> in cluster <summit> Exited

Job <pbe> was submitted from host <login4> by user <aannabe> in cluster <summit> at Thu Jul  9 05:31:21 2020
Job was executed on host(s) <1*batch1>, in queue <batch>, as user <aannabe> in cluster <summit> at Thu Jul  9 05:39:21 2020
                            <42*d21n13>
                            <42*d21n14>
                            <42*d21n15>
                            <42*d21n16>
                            <42*d21n17>
                            <42*d21n18>
                            <42*d22n01>
                            <42*d22n02>
                            <42*d22n03>
                            <42*d22n04>
                            <42*d22n05>
                            <42*d22n06>
                            <42*d22n07>
                            <42*d22n08>
                            <42*d22n09>
                            <42*d22n10>
                            <42*d22n11>
                            <42*d22n12>
                            <42*d22n13>
                            <42*d22n14>
                            <42*d22n15>
                            <42*d22n16>
                            <42*d22n17>
                            <42*d22n18>
                            <42*d23n01>
                            <42*d23n02>
                            <42*d23n03>
                            <42*d23n04>
                            <42*d23n05>
                            <42*d23n06>
                            <42*d23n07>
                            <42*d23n08>
</ccs/home/aannabe> was used as the home directory.
</gpfs/alpine/mat151/proj-shared/aannabe/docs/molecules_Si/Si2H6/qmc/pbe_triplet> was used as the working directory.
Started at Thu Jul  9 05:39:21 2020
Terminated at Thu Jul  9 05:48:43 2020
Results reported at Thu Jul  9 05:48:43 2020

The output (if any) is above this job summary.



PS:

Read file <pbe.err> for stderr output of this job.


------------------------------------------------------------
Sender: LSF System <lsfadmin@batch4>
Subject: Job 219933: <pbe> in cluster <summit> Exited

Job <pbe> was submitted from host <login3> by user <aannabe> in cluster <summit> at Mon Jul 13 14:41:50 2020
Job was executed on host(s) <1*batch4>, in queue <batch>, as user <aannabe> in cluster <summit> at Mon Jul 13 14:45:48 2020
                            <42*f09n08>
                            <42*f09n13>
                            <42*f15n15>
                            <42*f15n16>
                            <42*f22n01>
                            <42*f22n02>
                            <42*f22n03>
                            <42*f22n04>
                            <42*f22n05>
                            <42*f22n06>
                            <42*f22n07>
                            <42*f22n08>
                            <42*f22n09>
                            <42*f22n10>
                            <42*f22n11>
                            <42*f22n12>
                            <42*f22n13>
                            <42*f22n14>
                            <42*f22n15>
                            <42*f22n16>
                            <42*f31n01>
                            <42*f32n13>
                            <42*h23n04>
                            <42*h23n15>
                            <42*h27n17>
                            <42*h31n03>
                            <42*h31n04>
                            <42*h31n05>
                            <42*h31n06>
                            <42*h31n09>
                            <42*h31n12>
                            <42*h32n10>
</ccs/home/aannabe> was used as the home directory.
</gpfs/alpine/mat151/proj-shared/aannabe/docs/molecules_Si/Si2H6/qmc/pbe_triplet> was used as the working directory.
Started at Mon Jul 13 14:45:48 2020
Terminated at Mon Jul 13 15:16:48 2020
Results reported at Mon Jul 13 15:16:48 2020

The output (if any) is above this job summary.



PS:

Read file <pbe.err> for stderr output of this job.

