#-------------------------------------------------
#DMC run: timestep 0.001
#-------------------------------------------------


init { 
   label ts_0.001
}
block { 
   label ts_0.001
   totweight 17408000
   nautocorr 0
   total_energy { -5.921104109067588   } 
   total_energyvar { 0.06700738790443629   } 
   weight { 1.002901024466182   } 
   weightvar { 0.006530622974421342   } 
   kinetic_energy { 3.97387975319142   } 
   kinetic_energyvar { 4.684012386633616   } 
   potential_energy { -10.50982639683899   } 
   potential_energyvar { 6.023530100921851   } 
   nonlocal_energy { 0.6148425345799791   } 
   nonlocal_energyvar { 2.413497348346973   } 
   autocorr_energy { } 
} 

block { 
   label ts_0.001
   totweight 17408000
   nautocorr 0
   total_energy { -5.926563907440154   } 
   total_energyvar { 0.07146815354992192   } 
   weight { 1.005543797868703   } 
   weightvar { 0.02805599762896456   } 
   kinetic_energy { 3.966951799820504   } 
   kinetic_energyvar { 4.656423677791039   } 
   potential_energy { -10.50057889676823   } 
   potential_energyvar { 5.945448075483554   } 
   nonlocal_energy { 0.6070631895075698   } 
   nonlocal_energyvar { 2.419254468171833   } 
   autocorr_energy { } 
} 

block { 
   label ts_0.001
   totweight 17408000
   nautocorr 0
   total_energy { -5.92680117656626   } 
   total_energyvar { 0.0645396992310147   } 
   weight { 1.004049248174002   } 
   weightvar { 0.04866658527406221   } 
   kinetic_energy { 3.972329225293348   } 
   kinetic_energyvar { 4.690203277961415   } 
   potential_energy { -10.50273762645817   } 
   potential_energyvar { 5.984603291779504   } 
   nonlocal_energy { 0.6036072245985655   } 
   nonlocal_energyvar { 2.41531364517414   } 
   autocorr_energy { } 
} 

block { 
   label ts_0.001
   totweight 17408000
   nautocorr 0
   total_energy { -5.927794174714152   } 
   total_energyvar { 0.06956075773579694   } 
   weight { 1.003083425757353   } 
   weightvar { 0.06382839890183022   } 
   kinetic_energy { 3.975325794344168   } 
   kinetic_energyvar { 4.672992079827012   } 
   potential_energy { -10.50769822263736   } 
   potential_energyvar { 6.060463455363511   } 
   nonlocal_energy { 0.6045782535790363   } 
   nonlocal_energyvar { 2.430578150675488   } 
   autocorr_energy { } 
} 

block { 
   label ts_0.001
   totweight 17408000
   nautocorr 0
   total_energy { -5.928067082395597   } 
   total_energyvar { 0.0667562180324988   } 
   weight { 1.001981674631376   } 
   weightvar { 0.07497156942055856   } 
   kinetic_energy { 3.976237272860815   } 
   kinetic_energyvar { 4.695244842357024   } 
   potential_energy { -10.50265971231169   } 
   potential_energyvar { 6.091026594742419   } 
   nonlocal_energy { 0.5983553570552761   } 
   nonlocal_energyvar { 2.432743295534405   } 
   autocorr_energy { } 
} 

block { 
   label ts_0.001
   totweight 17408000
   nautocorr 0
   total_energy { -5.930154962171277   } 
   total_energyvar { 0.06923459460928254   } 
   weight { 1.002382382669782   } 
   weightvar { 0.08299412774581312   } 
   kinetic_energy { 3.973593374686525   } 
   kinetic_energyvar { 4.682522416875236   } 
   potential_energy { -10.51483615656702   } 
   potential_energyvar { 6.194841877033294   } 
   nonlocal_energy { 0.611087819709225   } 
   nonlocal_energyvar { 2.577496359494564   } 
   autocorr_energy { } 
} 

block { 
   label ts_0.001
   totweight 17408000
   nautocorr 0
   total_energy { -5.928432416234302   } 
   total_energyvar { 0.06726633479096997   } 
   weight { 1.001532328748964   } 
   weightvar { 0.08735216510426388   } 
   kinetic_energy { 3.977485135588052   } 
   kinetic_energyvar { 4.724095684676544   } 
   potential_energy { -10.52021836534119   } 
   potential_energyvar { 6.233906947622292   } 
   nonlocal_energy { 0.6143008135188361   } 
   nonlocal_energyvar { 2.508772765094482   } 
   autocorr_energy { } 
} 

block { 
   label ts_0.001
   totweight 17408000
   nautocorr 0
   total_energy { -5.92921047919291   } 
   total_energyvar { 0.06682420867497071   } 
   weight { 1.000360268009665   } 
   weightvar { 0.08999732300621918   } 
   kinetic_energy { 3.989170317454243   } 
   kinetic_energyvar { 4.760405388726102   } 
   potential_energy { -10.5337372259936   } 
   potential_energyvar { 6.087905991728435   } 
   nonlocal_energy { 0.6153564293464455   } 
   nonlocal_energyvar { 2.438752655715826   } 
   autocorr_energy { } 
} 

block { 
   label ts_0.001
   totweight 17408000
   nautocorr 0
   total_energy { -5.928896515933971   } 
   total_energyvar { 0.0662974084391291   } 
   weight { 0.9996678961315162   } 
   weightvar { 0.09208861284627963   } 
   kinetic_energy { 3.989880570871614   } 
   kinetic_energyvar { 4.715620024648342   } 
   potential_energy { -10.53291167546475   } 
   potential_energyvar { 6.075198521507244   } 
   nonlocal_energy { 0.6141345886591636   } 
   nonlocal_energyvar { 2.479901992973137   } 
   autocorr_energy { } 
} 

block { 
   label ts_0.001
   totweight 17408000
   nautocorr 0
   total_energy { -5.928217216973998   } 
   total_energyvar { 0.06669806476709256   } 
   weight { 0.9993317821864675   } 
   weightvar { 0.09524146677837225   } 
   kinetic_energy { 3.997583965992923   } 
   kinetic_energyvar { 4.684531674383767   } 
   potential_energy { -10.53395323704577   } 
   potential_energyvar { 6.07167886787892   } 
   nonlocal_energy { 0.608152054078849   } 
   nonlocal_energyvar { 2.388070767833584   } 
   autocorr_energy { } 
} 

block { 
   label ts_0.001
   totweight 17408000
   nautocorr 0
   total_energy { -5.927393059017054   } 
   total_energyvar { 0.0665439627808182   } 
   weight { 0.9986495910370338   } 
   weightvar { 0.09560506518453285   } 
   kinetic_energy { 3.988209877186137   } 
   kinetic_energyvar { 4.685481791178542   } 
   potential_energy { -10.52870988077312   } 
   potential_energyvar { 6.156119720375465   } 
   nonlocal_energy { 0.6131069445699311   } 
   nonlocal_energyvar { 2.544964467720755   } 
   autocorr_energy { } 
} 

block { 
   label ts_0.001
   totweight 17408000
   nautocorr 0
   total_energy { -5.92756735608187   } 
   total_energyvar { 0.06897033363596818   } 
   weight { 0.9980066894716902   } 
   weightvar { 0.09636928313083107   } 
   kinetic_energy { 3.983731104568893   } 
   kinetic_energyvar { 4.701408290621672   } 
   potential_energy { -10.52123751600958   } 
   potential_energyvar { 6.030527538300527   } 
   nonlocal_energy { 0.6099390553588233   } 
   nonlocal_energyvar { 2.368909094772644   } 
   autocorr_energy { } 
} 

block { 
   label ts_0.001
   totweight 17408000
   nautocorr 0
   total_energy { -5.929556502755917   } 
   total_energyvar { 0.0701545563582872   } 
   weight { 0.9988086310551921   } 
   weightvar { 0.0967085507721295   } 
   kinetic_energy { 3.997926149907772   } 
   kinetic_energyvar { 4.760622108166301   } 
   potential_energy { -10.53413413353544   } 
   potential_energyvar { 6.099973550524222   } 
   nonlocal_energy { 0.6066514808717459   } 
   nonlocal_energyvar { 2.463025053028391   } 
   autocorr_energy { } 
} 

block { 
   label ts_0.001
   totweight 17408000
   nautocorr 0
   total_energy { -5.928193605945785   } 
   total_energyvar { 0.06787933971703697   } 
   weight { 0.9993091423406466   } 
   weightvar { 0.09758668596192803   } 
   kinetic_energy { 3.978209612759028   } 
   kinetic_energyvar { 4.711580529097283   } 
   potential_energy { -10.519107639528   } 
   potential_energyvar { 6.023858049249225   } 
   nonlocal_energy { 0.6127044208231911   } 
   nonlocal_energyvar { 2.420250571965155   } 
   autocorr_energy { } 
} 

