#-------------------------------------------------
#VMC run: timestep 1 nconfig 640 steps 100
#-------------------------------------------------


init { 
   label vmc
}
block { 
   label vmc
   totweight 64000
   nautocorr 0
   total_energy { -5.700002058851437   } 
   total_energyvar { 0.7504697485857648   } 
   weight { 1   } 
   weightvar { 0   } 
   kinetic_energy { 3.710305323556877   } 
   kinetic_energyvar { 4.20935616396252   } 
   potential_energy { -9.99901833155233   } 
   potential_energyvar { 5.972751738844889   } 
   nonlocal_energy { 0.5887109491440159   } 
   nonlocal_energyvar { 2.072370241878193   } 
   autocorr_energy { } 
} 

block { 
   label vmc
   totweight 64000
   nautocorr 0
   total_energy { -5.702627075661085   } 
   total_energyvar { 0.7266705760320871   } 
   weight { 1   } 
   weightvar { 0   } 
   kinetic_energy { 3.71215060310824   } 
   kinetic_energyvar { 4.210288711577247   } 
   potential_energy { -10.01069504247197   } 
   potential_energyvar { 6.075025566946659   } 
   nonlocal_energy { 0.595917363702649   } 
   nonlocal_energyvar { 1.980583938097681   } 
   autocorr_energy { } 
} 

block { 
   label vmc
   totweight 64000
   nautocorr 0
   total_energy { -5.699817276522361   } 
   total_energyvar { 0.7657172849135609   } 
   weight { 1   } 
   weightvar { 0   } 
   kinetic_energy { 3.715771518534023   } 
   kinetic_energyvar { 4.295789333803227   } 
   potential_energy { -10.00691158560336   } 
   potential_energyvar { 6.070167346807554   } 
   nonlocal_energy { 0.5913227905469789   } 
   nonlocal_energyvar { 2.004900960655481   } 
   autocorr_energy { } 
} 

block { 
   label vmc
   totweight 64000
   nautocorr 0
   total_energy { -5.691671716351102   } 
   total_energyvar { 0.8155307476021401   } 
   weight { 1   } 
   weightvar { 0   } 
   kinetic_energy { 3.746375021493442   } 
   kinetic_energyvar { 4.415331895511419   } 
   potential_energy { -10.0415760070375   } 
   potential_energyvar { 6.566818964797574   } 
   nonlocal_energy { 0.6035292691929587   } 
   nonlocal_energyvar { 2.235770799288685   } 
   autocorr_energy { } 
} 

block { 
   label vmc
   totweight 64000
   nautocorr 0
   total_energy { -5.703623241173174   } 
   total_energyvar { 0.7406623899715842   } 
   weight { 1   } 
   weightvar { 0   } 
   kinetic_energy { 3.725400606394067   } 
   kinetic_energyvar { 4.297815569438652   } 
   potential_energy { -10.01547089756901   } 
   potential_energyvar { 6.109922285904198   } 
   nonlocal_energy { 0.5864470500017668   } 
   nonlocal_energyvar { 1.884978036444313   } 
   autocorr_energy { } 
} 

block { 
   label vmc
   totweight 64000
   nautocorr 0
   total_energy { -5.702223577562811   } 
   total_energyvar { 0.738127511089232   } 
   weight { 1   } 
   weightvar { 0   } 
   kinetic_energy { 3.717101165844277   } 
   kinetic_energyvar { 4.443613404345148   } 
   potential_energy { -10.02296649519962   } 
   potential_energyvar { 9.213261726664442   } 
   nonlocal_energy { 0.6036417517925347   } 
   nonlocal_energyvar { 4.968778306202241   } 
   autocorr_energy { } 
} 

block { 
   label vmc
   totweight 64000
   nautocorr 0
   total_energy { -5.705989019043369   } 
   total_energyvar { 0.74485771748755   } 
   weight { 1   } 
   weightvar { 0   } 
   kinetic_energy { 3.725500814335578   } 
   kinetic_energyvar { 4.292133187374771   } 
   potential_energy { -10.02525809416638   } 
   potential_energyvar { 6.391153022390762   } 
   nonlocal_energy { 0.5937682607874342   } 
   nonlocal_energyvar { 2.18723827516278   } 
   autocorr_energy { } 
} 

block { 
   label vmc
   totweight 64000
   nautocorr 0
   total_energy { -5.700899027368711   } 
   total_energyvar { 0.8538181988444625   } 
   weight { 1   } 
   weightvar { 0   } 
   kinetic_energy { 3.734341939801056   } 
   kinetic_energyvar { 4.591055379165479   } 
   potential_energy { -10.03030987240424   } 
   potential_energyvar { 6.336173414691842   } 
   nonlocal_energy { 0.5950689052344709   } 
   nonlocal_energyvar { 2.252173836021305   } 
   autocorr_energy { } 
} 

block { 
   label vmc
   totweight 64000
   nautocorr 0
   total_energy { -5.70436285415192   } 
   total_energyvar { 0.7845710941069112   } 
   weight { 1   } 
   weightvar { 0   } 
   kinetic_energy { 3.744445053310522   } 
   kinetic_energyvar { 4.390974182294833   } 
   potential_energy { -10.03912580006851   } 
   potential_energyvar { 6.234943345637443   } 
   nonlocal_energy { 0.5903178926060715   } 
   nonlocal_energyvar { 1.998857419876668   } 
   autocorr_energy { } 
} 

block { 
   label vmc
   totweight 64000
   nautocorr 0
   total_energy { -5.698327100364094   } 
   total_energyvar { 0.7496120493078069   } 
   weight { 1   } 
   weightvar { 0   } 
   kinetic_energy { 3.743030960552585   } 
   kinetic_energyvar { 4.447120184981784   } 
   potential_energy { -10.03665895806402   } 
   potential_energyvar { 6.817489802609385   } 
   nonlocal_energy { 0.5953008971473432   } 
   nonlocal_energyvar { 2.409315352684946   } 
   autocorr_energy { } 
} 

block { 
   label vmc
   totweight 64000
   nautocorr 0
   total_energy { -5.699859727637454   } 
   total_energyvar { 0.7873053688689042   } 
   weight { 1   } 
   weightvar { 0   } 
   kinetic_energy { 3.73663004488949   } 
   kinetic_energyvar { 4.430533533487052   } 
   potential_energy { -10.03024775463125   } 
   potential_energyvar { 6.745988968470631   } 
   nonlocal_energy { 0.5937579821043073   } 
   nonlocal_energyvar { 2.539731834168799   } 
   autocorr_energy { } 
} 

block { 
   label vmc
   totweight 64000
   nautocorr 0
   total_energy { -5.699112843084921   } 
   total_energyvar { 0.7961797830492247   } 
   weight { 1   } 
   weightvar { 0   } 
   kinetic_energy { 3.727412652868929   } 
   kinetic_energyvar { 4.444903132577281   } 
   potential_energy { -10.02305687163262   } 
   potential_energyvar { 6.44351812306284   } 
   nonlocal_energy { 0.5965313756787683   } 
   nonlocal_energyvar { 2.174250616265836   } 
   autocorr_energy { } 
} 

block { 
   label vmc
   totweight 64000
   nautocorr 0
   total_energy { -5.695778789029969   } 
   total_energyvar { 0.7938863081669574   } 
   weight { 1   } 
   weightvar { 0   } 
   kinetic_energy { 3.717612206126161   } 
   kinetic_energyvar { 4.552412113848897   } 
   potential_energy { -10.02538656015072   } 
   potential_energyvar { 6.558438851354875   } 
   nonlocal_energy { 0.6119955649945877   } 
   nonlocal_energyvar { 2.475618020997623   } 
   autocorr_energy { } 
} 

block { 
   label vmc
   totweight 64000
   nautocorr 0
   total_energy { -5.702248432603485   } 
   total_energyvar { 0.8158884025510356   } 
   weight { 1   } 
   weightvar { 0   } 
   kinetic_energy { 3.749130183284022   } 
   kinetic_energyvar { 4.441962194309155   } 
   potential_energy { -10.04837339359027   } 
   potential_energyvar { 6.699973822404853   } 
   nonlocal_energy { 0.5969947777027672   } 
   nonlocal_energyvar { 2.456756153348862   } 
   autocorr_energy { } 
} 

block { 
   label vmc
   totweight 64000
   nautocorr 0
   total_energy { -5.696048364357096   } 
   total_energyvar { 0.7821359130193644   } 
   weight { 1   } 
   weightvar { 0   } 
   kinetic_energy { 3.707318831338892   } 
   kinetic_energyvar { 4.343860533899218   } 
   potential_energy { -10.00581461189345   } 
   potential_energyvar { 6.259183734439457   } 
   nonlocal_energy { 0.6024474161974652   } 
   nonlocal_energyvar { 2.248023732639218   } 
   autocorr_energy { } 
} 

block { 
   label vmc
   totweight 64000
   nautocorr 0
   total_energy { -5.695993155803298   } 
   total_energyvar { 0.7671920295678114   } 
   weight { 1   } 
   weightvar { 0   } 
   kinetic_energy { 3.730209498919553   } 
   kinetic_energyvar { 4.380965637972137   } 
   potential_energy { -10.01027221366917   } 
   potential_energyvar { 6.35659378006104   } 
   nonlocal_energy { 0.5840695589463156   } 
   nonlocal_energyvar { 2.041458515187768   } 
   autocorr_energy { } 
} 

block { 
   label vmc
   totweight 64000
   nautocorr 0
   total_energy { -5.703175145538167   } 
   total_energyvar { 0.7988990645862729   } 
   weight { 1   } 
   weightvar { 0   } 
   kinetic_energy { 3.710781341194249   } 
   kinetic_energyvar { 4.236343196040762   } 
   potential_energy { -10.00995833306738   } 
   potential_energyvar { 6.455104644552963   } 
   nonlocal_energy { 0.5960018463349681   } 
   nonlocal_energyvar { 2.386558054291983   } 
   autocorr_energy { } 
} 

block { 
   label vmc
   totweight 64000
   nautocorr 0
   total_energy { -5.701136108680455   } 
   total_energyvar { 0.7480850470442235   } 
   weight { 1   } 
   weightvar { 0   } 
   kinetic_energy { 3.742975279334885   } 
   kinetic_energyvar { 4.368870093902631   } 
   potential_energy { -10.03671496323442   } 
   potential_energyvar { 6.326311932725671   } 
   nonlocal_energy { 0.5926035752190852   } 
   nonlocal_energyvar { 2.091899942794079   } 
   autocorr_energy { } 
} 

block { 
   label vmc
   totweight 64000
   nautocorr 0
   total_energy { -5.694700863910976   } 
   total_energyvar { 0.8040704463110512   } 
   weight { 1   } 
   weightvar { 0   } 
   kinetic_energy { 3.70447413338462   } 
   kinetic_energyvar { 4.457807017022734   } 
   potential_energy { -9.993281152604981   } 
   potential_energyvar { 6.12050463160304   } 
   nonlocal_energy { 0.594106155309385   } 
   nonlocal_energyvar { 2.175751534785228   } 
   autocorr_energy { } 
} 

block { 
   label vmc
   totweight 64000
   nautocorr 0
   total_energy { -5.706120104372649   } 
   total_energyvar { 0.7237696287767761   } 
   weight { 1   } 
   weightvar { 0   } 
   kinetic_energy { 3.714298845947014   } 
   kinetic_energyvar { 4.251987676586241   } 
   potential_energy { -10.01999786453357   } 
   potential_energyvar { 6.511969407661335   } 
   nonlocal_energy { 0.5995789142139076   } 
   nonlocal_energyvar { 2.223994976968641   } 
   autocorr_energy { } 
} 

