
 Primary working directories    : /global/cscratch1/sd/aannabe
 Secondary working directories  : /global/cscratch1/sd/aannabe
 Wavefunction directory         : /global/homes/a/aannabe/wfu/
 Main file repository           : /global/cscratch1/sd/aannabe/

 SHA1      : 19cd028119e0e09f93f0674bd8af7968d9b3eff6
 NAME      : 2015.1.36
 ARCHNAME  : linux/x86_64
 FC        : /opt/cray/pe/craype/2.5.14/bin/ftn
 BLASLIB   : -L/opt/intel/compilers_and_libraries_2018.1.163/linux/mkl/lib/intel64 -Wl,-_start-group -lmkl_intel_ilp64 -lmkl_intel_thread -lmkl_core -Wl,-_end-group -liomp5
 id        : lbl

 Nodes     nprocs
 nid01511     1

 Using customized tuning parameters: mindgm=7; mindgv=16; mindgc=1; mindgr=1; noblas=0; minvec=7
 default implementation of scratch files=df  

 ***,SiH4
 memory,8,g
 gthresh,twoint=1.0E-12
 
 basis={
 ECP,Si,10,2,0;
 3;                                                                              !Vd
 1,5.168316,    4.000000
 3,8.861690,   20.673264
 2,3.933474,  -14.818174
 2;                                                                              !Vs-Vd
 2,9.447023,   14.832760
 2,2.553812,   26.349664
 2;                                                                              !Vp-Vd
 2,3.660001,    7.621400
 2,1.903653,   10.331583
 
 Including file /global/u1/a/aannabe/docs/Si_bulk/SiH4/cisdtq/Si.aug-cc-pVDZ.basis
 
 ECP,H,0,1,0
 3;
 2,   21.77696655044365 ,     -10.85192405303825 ;
 1,   21.24359508259891 ,       1.00000000000000;
 3,   21.24359508259891 ,      21.24359508259891;
 1; 2,                   1.,                      0.;
 
 Including file /global/u1/a/aannabe/docs/Si_bulk/SiH4/cisdtq/H.aug-cc-pVDZ.basis
 }
 
 geometry={
   5
  Silane
  Si          0.0000        0.0000        0.0000
   H          0.8544        0.8544        0.8544
   H         -0.8544       -0.8544        0.8544
   H         -0.8544        0.8544       -0.8544
   H          0.8544       -0.8544       -0.8544
 }
 
                                                                                 ! HARTREE-FOCK
 {RHF
    wf,8,1,0                                                                     ! nelec,symm,spin
 }
 scf=energy
 pop;
 
  !NOTE: Perturbative MRCC works only with UHF reference. So, here we will trick MRCC by doing zero UHF iteration right after ROHF.
 {uhf
 wf,8,1,0
 maxit,0
 }
 scf=energy
 pop;
 
 
 {mrcc,method=CISDTQ,NSING=2,TOL=1.0E-7
 orbital,ignore_error=1                                                          !Ignore the fact that UHF WF is not converged
 maxit,20
 core
 }
 posthf=energy
 
 table,scf,posthf
 save,2.csv,new
 

 Variables initialized (889), CPU time= 0.00 sec
 Commands  initialized (702), CPU time= 0.00 sec, 572 directives.
 Default parameters read. Elapsed time= 0.94 sec

 Checking input...
 Passed
1


                                         ***  PROGRAM SYSTEM MOLPRO  ***
                                       Copyright, TTI GmbH Stuttgart, 2015
                                    Version 2015.1 linked Dec 29 2018 15:55:43


 **********************************************************************************************************************************
 LABEL *   SiH4                                                                          
  64 bit serial version                                                                  DATE: 28-Apr-20          TIME: 09:33:24  
 **********************************************************************************************************************************

 SHA1:             19cd028119e0e09f93f0674bd8af7968d9b3eff6
 **********************************************************************************************************************************

 THRESHOLDS:

 ZERO    =  1.00D-12  ONEINT  =  1.00D-12  TWOINT  =  1.00D-12  PREFAC  =  1.00D-14  LOCALI  =  1.00D-09  EORDER  =  1.00D-04
 ENERGY  =  0.00D+00  ETEST   =  0.00D+00  EDENS   =  0.00D+00  THRDEDEF=  1.00D-06  GRADIENT=  1.00D-02  STEP    =  1.00D-03
 ORBITAL =  1.00D-05  CIVEC   =  1.00D-05  COEFF   =  1.00D-04  PRINTCI =  5.00D-02  PUNCHCI =  9.90D+01  OPTGRAD =  3.00D-04
 OPTENERG=  1.00D-06  OPTSTEP =  3.00D-04  THRGRAD =  1.00D-10  COMPRESS=  1.00D-11  VARMIN  =  1.00D-07  VARMAX  =  1.00D-03
 THRDOUB =  0.00D+00  THRDIV  =  1.00D-05  THRRED  =  1.00D-07  THRPSP  =  1.00D+00  THRDC   =  1.00D-10  THRCS   =  1.00D-10
 THRNRM  =  1.00D-08  THREQ   =  0.00D+00  THRDE   =  1.00D+00  THRREF  =  1.00D-05  SPARFAC =  1.00D+00  THRDLP  =  1.00D-07
 THRDIA  =  1.00D-10  THRDLS  =  1.00D-07  THRGPS  =  0.00D+00  THRKEX  =  0.00D+00  THRDIS  =  2.00D-01  THRVAR  =  1.00D-10
 THRLOC  =  1.00D-06  THRGAP  =  1.00D-06  THRLOCT = -1.00D+00  THRGAPT = -1.00D+00  THRORB  =  1.00D-06  THRMLTP =  0.00D+00
 THRCPQCI=  1.00D-10  KEXTA   =  0.00D+00  THRCOARS=  0.00D+00  SYMTOL  =  1.00D-06  GRADTOL =  1.00D-06  THROVL  =  1.00D-08
 THRORTH =  1.00D-08  GRID    =  1.00D-06  GRIDMAX =  1.00D-03  DTMAX   =  0.00D+00  THROCCDE=  1.00D-01  THROCCDE=  1.00D-01



 Variable memory set to 8000000000 words,  buffer space   230000 words

 SETTING BASIS          =    USERDEF

Geometry recognized as XYZ



 Recomputing integrals since basis changed


 Using spherical harmonics



 PROGRAM * SEWARD (Integral evaluation for generally contracted gaussian basis sets)     Author: Roland Lindh, 1990

 Geometry written to block  1 of record 700


 Point group  D2  



 ATOMIC COORDINATES

 NR  ATOM    CHARGE       X              Y              Z

   1  SI      4.00    0.000000000    0.000000000    0.000000000
   2  H       1.00    1.614582001    1.614582001    1.614582001
   3  H       1.00   -1.614582001   -1.614582001    1.614582001
   4  H       1.00   -1.614582001    1.614582001   -1.614582001
   5  H       1.00    1.614582001   -1.614582001   -1.614582001

 Bond lengths in Bohr (Angstrom)

 1-2  2.796538058  1-3  2.796538058  1-4  2.796538058  1-5  2.796538058
     ( 1.479864210)     ( 1.479864210)     ( 1.479864210)     ( 1.479864210)

 Bond angles

  2-1-3  109.47122063   2-1-4  109.47122063   2-1-5  109.47122063   3-1-4  109.47122063

  3-1-5  109.47122063   4-1-5  109.47122063

 NUCLEAR CHARGE:                    8
 NUMBER OF PRIMITIVE AOS:         124
 NUMBER OF SYMMETRY AOS:          122
 NUMBER OF CONTRACTIONS:           58   (  16A   +  14B3  +  14B2  +  14B1  )
 NUMBER OF CORE ORBITALS:           0   (   0A   +   0B3  +   0B2  +   0B1  )
 NUMBER OF VALENCE ORBITALS:        8   (   2A   +   2B3  +   2B2  +   2B1  )


 NUCLEAR REPULSION ENERGY    7.03521075


 Eigenvalues of metric

         1 0.364E-02 0.238E-01 0.397E-01 0.397E-01 0.666E-01 0.197E+00 0.361E+00 0.409E+00
         2 0.104E-02 0.372E-02 0.404E-01 0.711E-01 0.998E-01 0.125E+00 0.283E+00 0.376E+00
         3 0.104E-02 0.372E-02 0.404E-01 0.711E-01 0.998E-01 0.125E+00 0.283E+00 0.376E+00
         4 0.104E-02 0.372E-02 0.404E-01 0.711E-01 0.998E-01 0.125E+00 0.283E+00 0.376E+00


 Contracted 2-electron integrals neglected if value below      1.0D-12
 AO integral compression algorithm  1   Integral accuracy      1.0D-12

     5.767 MB (compressed) written to integral file ( 89.8%)


 NUMBER OF SORTED TWO-ELECTRON INTEGRALS:     385468.     BUFFER LENGTH:  32768
 NUMBER OF SEGMENTS:   1  SEGMENT LENGTH:     385468      RECORD LENGTH: 524288

 Memory used in sort:       0.94 MW

 SORT1 READ      831886. AND WROTE      376225. INTEGRALS IN      2 RECORDS. CPU TIME:     0.01 SEC, REAL TIME:     0.02 SEC
 SORT2 READ      376225. AND WROTE      385468. INTEGRALS IN     22 RECORDS. CPU TIME:     0.03 SEC, REAL TIME:     0.03 SEC

 FILE SIZES:   FILE 1:    25.8 MBYTE,  FILE 4:     8.4 MBYTE,   TOTAL:     34.2 MBYTE

 OPERATOR DM      FOR CENTER  0  COORDINATES:    0.000000    0.000000    0.000000


 **********************************************************************************************************************************
 DATASETS  * FILE   NREC   LENGTH (MB)   RECORD NAMES
              1      20       22.71       500      610      700      900      950      970     1000      129      960     1100   
                                          VAR    BASINP    GEOM    SYMINP    ZMAT    AOBASIS   BASIS     P2S    ABASIS      S 
                                         1400     1410     1420     1200     1210     1080     1600     1650     1300     1700   
                                           T        V       ECP      H0       H01     AOSYM     SMH    MOLCAS    ERIS     OPER   

 PROGRAMS   *        TOTAL       INT
 CPU TIMES  *         0.86      0.77
 REAL TIME  *         5.97 SEC
 DISK USED  *        34.56 MB      
 **********************************************************************************************************************************


 PROGRAM * RHF-SCF (CLOSED SHELL)       Authors: W. Meyer, H.-J. Werner


 NUMBER OF ELECTRONS:       4+    4-    SPACE SYMMETRY=1    SPIN SYMMETRY: Singlet 
 CONVERGENCE THRESHOLDS:    1.00E-05 (Density)    1.00E-07 (Energy)
 MAX. NUMBER OF ITERATIONS:       60
 INTERPOLATION TYPE:            DIIS
 INTERPOLATION STEPS:              2 (START)      1 (STEP)
 LEVEL SHIFTS:                  0.00 (CLOSED)  0.00 (OPEN) 



 Orbital guess generated from atomic densities. Full valence occupancy:    2   2   2   2

 Molecular orbital dump at record        2100.2

 Initial occupancy:   1   1   1   1

 ITERATION    DDIFF          GRAD             ENERGY        2-EL.EN.            DIPOLE MOMENTS         DIIS   ORB.
    1      0.000D+00      0.000D+00        -6.05822998     17.319610    0.00000    0.00000    0.00000    0    start
    2      0.000D+00      0.969D-02        -6.07111735     17.432039    0.00000    0.00000    0.00000    1    diag
    3      0.140D-01      0.285D-02        -6.07259731     17.446439    0.00000    0.00000    0.00000    2    diag
    4      0.529D-02      0.346D-03        -6.07262024     17.447639    0.00000    0.00000    0.00000    3    diag
    5      0.828D-03      0.485D-04        -6.07262072     17.446971    0.00000    0.00000    0.00000    4    diag
    6      0.111D-03      0.792D-05        -6.07262073     17.446981    0.00000    0.00000    0.00000    5    diag
    7      0.220D-04      0.522D-06        -6.07262073     17.446980    0.00000    0.00000    0.00000    6    diag
    8      0.260D-05      0.308D-07        -6.07262073     17.446980    0.00000    0.00000    0.00000    0    orth

 Final occupancy:   1   1   1   1

 !RHF STATE 1.1 Energy                 -6.072620727546
 Nuclear energy                         7.03521075
 One-electron energy                  -21.83132127
 Two-electron energy                    8.72348979
 Virial quotient                       -1.60457938
 !RHF STATE 1.1 Dipole moment           0.00000000     0.00000000     0.00000000
 Dipole moment /Debye                   0.00000000     0.00000000     0.00000000

 Orbital energies:

         1.1          2.1          3.1
     -0.736056     0.058949     0.216154

         1.2          2.2          3.2
     -0.485372     0.105514     0.156805

         1.3          2.3          3.3
     -0.485372     0.105514     0.156805

         1.4          2.4          3.4
     -0.485372     0.105514     0.156805

 HOMO      1.2    -0.485372 =     -13.2076eV
 LUMO      2.1     0.058949 =       1.6041eV
 LUMO-HOMO         0.544321 =      14.8117eV


 **********************************************************************************************************************************
 DATASETS  * FILE   NREC   LENGTH (MB)   RECORD NAMES
              1      20       22.71       500      610      700      900      950      970     1000      129      960     1100   
                                          VAR    BASINP    GEOM    SYMINP    ZMAT    AOBASIS   BASIS     P2S    ABASIS      S 
                                         1400     1410     1420     1200     1210     1080     1600     1650     1300     1700   
                                           T        V       ECP      H0       H01     AOSYM     SMH    MOLCAS    ERIS     OPER   

              2       4        2.84       700     1000      520     2100   
                                         GEOM     BASIS   MCVARS     RHF  

 PROGRAMS   *        TOTAL       RHF       INT
 CPU TIMES  *         0.93      0.07      0.77
 REAL TIME  *         6.23 SEC
 DISK USED  *        34.56 MB      
 **********************************************************************************************************************************
 SETTING SCF            =        -6.07262073  AU                              


 PROGRAM * POP (Mulliken population analysis)

 
 Density matrix read from record         2100.2  Type=RHF/CHARGE (state 1.1)
 
 Population analysis by basis function type

 Unique atom        s        p        d        f        g    Total    Charge
   1  SI      1.29934  3.59113  0.42530  0.00000  0.00000  5.31576  - 1.31576
   2  H       0.68164 -0.01058  0.00000  0.00000  0.00000  0.67106  + 0.32894


 **********************************************************************************************************************************
 DATASETS  * FILE   NREC   LENGTH (MB)   RECORD NAMES
              1      20       22.71       500      610      700      900      950      970     1000      129      960     1100   
                                          VAR    BASINP    GEOM    SYMINP    ZMAT    AOBASIS   BASIS     P2S    ABASIS      S 
                                         1400     1410     1420     1200     1210     1080     1600     1650     1300     1700   
                                           T        V       ECP      H0       H01     AOSYM     SMH    MOLCAS    ERIS     OPER   

              2       4        2.84       700     1000      520     2100   
                                         GEOM     BASIS   MCVARS     RHF  

 PROGRAMS   *        TOTAL       POP       RHF       INT
 CPU TIMES  *         0.93      0.00      0.07      0.77
 REAL TIME  *         6.24 SEC
 DISK USED  *        34.56 MB      
 **********************************************************************************************************************************


 PROGRAM * UHF-SCF       Authors: W. Meyer, H.-J. Werner


 NUMBER OF ELECTRONS:       4+    4-    SPACE SYMMETRY=1    SPIN SYMMETRY: Singlet 
 CONVERGENCE THRESHOLDS:    1.00E-05 (Density)    1.00E-07 (Energy)
 MAX. NUMBER OF ITERATIONS:        0
 INTERPOLATION TYPE:            DIIS
 INTERPOLATION STEPS:              2 (START)      1 (STEP)
 LEVEL SHIFTS:                  0.20 (ALPHA)   0.20 (BETA) 



 Molecular orbitals read from record     2100.2  Type=RHF/CANONICAL (state 1.1)

 Molecular orbital dump at record        2200.2

 Initial alpha occupation   1   1   1   1
 Initial beta  occupation   1   1   1   1

 ITERATION    DDIFF          GRAD             ENERGY        2-EL.EN.            DIPOLE MOMENTS         DIIS
    1      0.000D+00      0.000D+00        -6.07262073     17.446980    0.00000    0.00000    0.00000    0
 
 Final alpha occupancy:   1   1   1   1
 Final beta  occupancy:   1   1   1   1

 !UHF STATE 1.1 Energy                 -6.072620727546
 Nuclear energy                         7.03521075
 One-electron energy                  -21.83132127
 Two-electron energy                    8.72348979
 Virial quotient                       -1.60457938
 !UHF STATE 1.1 Dipole moment           0.00000000     0.00000000     0.00000000
 Dipole moment /Debye                   0.00000000     0.00000000     0.00000000

 Orbital energies for positive spin:

         1.1          2.1          3.1
     -0.736056     0.058949     0.216154

         1.2          2.2          3.2
     -0.485372     0.105514     0.156805

         1.3          2.3          3.3
     -0.485372     0.105514     0.156805

         1.4          2.4          3.4
     -0.485372     0.105514     0.156805

 Orbital energies for negative spin:

         1.1          2.1          3.1
     -0.736056     0.058949     0.216154

         1.2          2.2          3.2
     -0.485372     0.105514     0.156805

         1.3          2.3          3.3
     -0.485372     0.105514     0.156805

         1.4          2.4          3.4
     -0.485372     0.105514     0.156805

 HOMO      1.2    -0.485372 =     -13.2076eV
 LUMO      2.1     0.058949 =       1.6041eV
 LUMO-HOMO         0.544321 =      14.8117eV

 EXPECTATION VALUE OF S**2:            -0.00000000

 Natural orbitals saved to record    2200.2 (Orbital set 3)

 Orbital spaces for UNO-CAS (Min. occupation: 0.020  Max. occupation: 1.980):

 Closed:        1   1   1   1
 Active:        0   0   0   0

 No convergence



 **********************************************************************************************************************************
 DATASETS  * FILE   NREC   LENGTH (MB)   RECORD NAMES
              1      20       22.71       500      610      700      900      950      970     1000      129      960     1100   
                                          VAR    BASINP    GEOM    SYMINP    ZMAT    AOBASIS   BASIS     P2S    ABASIS      S 
                                         1400     1410     1420     1200     1210     1080     1600     1650     1300     1700   
                                           T        V       ECP      H0       H01     AOSYM     SMH    MOLCAS    ERIS     OPER   

              2       5        5.39       700     1000      520     2100     2200   
                                         GEOM     BASIS   MCVARS     RHF      UHF  

 PROGRAMS   *        TOTAL       UHF       POP       RHF       INT
 CPU TIMES  *         0.95      0.02      0.00      0.07      0.77
 REAL TIME  *         6.53 SEC
 DISK USED  *        34.56 MB      
 **********************************************************************************************************************************
 SETTING SCF            =        -6.07262073  AU                              


 PROGRAM * POP (Mulliken population analysis)

 
 Density matrix read from record         2200.2  Type=UHF/CHARGE (state 1.1)
 
 Population analysis by basis function type

 Unique atom        s        p        d        f        g    Total    Charge
   1  SI      1.29934  3.59113  0.42530  0.00000  0.00000  5.31576  - 1.31576
   2  H       0.68164 -0.01058  0.00000  0.00000  0.00000  0.67106  + 0.32894


 **********************************************************************************************************************************
 DATASETS  * FILE   NREC   LENGTH (MB)   RECORD NAMES
              1      20       22.71       500      610      700      900      950      970     1000      129      960     1100   
                                          VAR    BASINP    GEOM    SYMINP    ZMAT    AOBASIS   BASIS     P2S    ABASIS      S 
                                         1400     1410     1420     1200     1210     1080     1600     1650     1300     1700   
                                           T        V       ECP      H0       H01     AOSYM     SMH    MOLCAS    ERIS     OPER   

              2       5        5.39       700     1000      520     2100     2200   
                                         GEOM     BASIS   MCVARS     RHF      UHF  

 PROGRAMS   *        TOTAL       POP       UHF       POP       RHF       INT
 CPU TIMES  *         0.96      0.01      0.02      0.00      0.07      0.77
 REAL TIME  *         6.64 SEC
 DISK USED  *        34.56 MB      
 **********************************************************************************************************************************


 PROGRAM * MRCC (General Multireference Coupled Cluster)    Author: M. Kallay, 2000-2005

 ***  Initialisation ***

   0 Spin projections
 
 Molecular orbitals read from record     2200.2  Type=UHF/ALPHA (state 1.1)

 ?Warning: UHF not converged
 Molecular orbitals read from record     2200.2  Type=UHF/BETA (state 1.1)

 ?Warning: UHF not converged
 
 Frozen orbitals:              0 (  0  0  0  0  0  0  0  0)
 Active orbitals:             58 ( 16 14 14 14  0  0  0  0)
 Active electrons:             8
 Spin quantum number:          0.0

 Transformed integrals will be written to file mrcc_16091/fort.55

 Load integrals                1.1 sec
 Transform integrals           1.2 sec
 Storage for integrals:        2215583
 Remaining memory:           *********

 Core energy:               7.03521075
 
 MRCC Input:
     4     2     0     0     0     0     0     1     0     1     0     1     0     0     0     7     0     0   0.000     0   64000
  ex.lev,nsing,ntrip, rest,method,dens,conver,symm, diag, CS ,spatial, HF, ndoub,nacto,nactv, tol, maxex, sacc, freq,  dboc,   mem
  2  0  0  0  0  0  0  0  0  0  0  0  0  0  0  0  2  0  0  0  0  0  0  0  0  0  0  0  0  0  2  0  0  0  0  0  0  0  0  0  0  0  0  0  2  0  0  0  0  0  0  0  0  0  0  0  0  0
 MRCC Input end
 Variable memory released
 MRCC now being run, temporary output in /global/cscratch1/sd/aannabe/mrcc_16091/mrcc.out

 **********************************************************************
                          MRCC program system
 **********************************************************************
 
                              Written by
 Mihaly Kallay, Peter R. Nagy, Zoltan Rolik, David Mester, Gyula Samu,
   Jozsef Csontos, Jozsef Csoka, Bernat P. Szabo, Laszlo Gyevi-Nagy,
    Istvan Ladjanszki, Lorant Szegedy, Bence Ladoczki, Klara Petrov,
              Mate Farkas, Pal D. Mezei, and Bence Hegely
 
        Department of Physical Chemistry and Materials Science
            Budapest University of Technology and Economics
                  Budapest P.O.Box 91, H-1521 Hungary
 
                              www.mrcc.hu
 
                     Release date: February 9, 2019

 ************************ 2020-04-28 09:33:35 *************************
 Executing goldstone...

 Generation of CI equations in terms of H and C...
 Generation of antisymmetrized Goldstone diagrams...
 Number of diagrams in T^1 equations:     8
 Number of diagrams in T^2 equations:    12
 Number of diagrams in T^3 equations:    11
 Number of diagrams in T^4 equations:     8
 Translation of diagrams to factorized equations...
 Optimizing intermediate calculation...
 Number of floating-point operations per iteration step:   6.7297E+11
 Probable CPU time per iteration step (hours):      6.73
 Required memory (Mbytes):    1124.4
 Number of intermediates:                                  50
 Number of intermediates to be stored:                     11
 Length of intermediate file (Mbytes):      42.3

 ************************ 2020-04-28 09:33:36 *************************
 Executing xmrcc...

 **********************************************************************
 CI(                     4 ) calculation 
 
 
 Allocation of1124.4 Mbytes of memory...
 Number of spinorbitals:                   116
 Number of alpha electrons:                        4
 Number of beta electrons:                         4
 z-component of spin:  0.0
 Spatial symmetry:                      1
 Convergence criterion:  1.0E-07
 Construction of occupation graphs...
 Number of                     0 -fold excitations:                      1
 Number of                     1 -fold excitations:                    108
 Number of                     2 -fold excitations:                  16032
 Number of                     3 -fold excitations:                 976896
 Number of                     4 -fold excitations:               29305626
 Total number of configurations:               30298663
 Calculation of coupling coefficients...
 Length of intermediate file (Mbytes):      32.0
 
 ======================================================================
 
 ======================================================================
 
 Memory requirements /Mbyte/: 
               Minimal        Optimal
 Real*8:        297.4698       297.4698
 Integer:        78.7680
 Total:         376.2378       376.2378
 

 ************************ 2020-04-28 09:33:37 *************************
 Executing mrcc...

 **********************************************************************
 CISDTQ calculation                                                     
 
 
 Allocation of  297.5 Mbytes of memory...
 Number of spinorbitals: 116
 Number of alpha electrons:  4
 Number of beta  electrons:  4
 z-component of spin:  0.0
 Spatial symmetry: 1
 Convergence criterion:  1.0E-07
 Construction of occupation graphs...
 Number of 0-fold excitations: 1
 Number of 1-fold excitations: 108
 Number of 2-fold excitations: 16032
 Number of 3-fold excitations: 976896
 Number of 4-fold excitations: 29305626
 Total number of determinants: 30298663
 Calculation of coupling coefficients...
 Initial cluster amplitudes are generated.
 Length of intermediate file (Mbytes):      32.0
 Reading integral list from unit 55...
 Sorting integrals...
 Sorting integrals...
 Sorting integrals...
 Sorting integrals...
 Energy of reference determinant [au]:      -6.072620727546
 Calculation of diagonal elements of Hamiltonian...
 
 Starting CI iteration for root                      1 ...
 ======================================================================
 Norm of residual vector:     0.58079979      Convergence:   1.00000000
 CPU time [min]:     3.669                   Wall time [min]:     4.582
 
 Iteration  1  CI energy:    -6.07262073  Energy decrease:   0.0000E+00
 ======================================================================
 Norm of residual vector:     0.21263033      Convergence:   0.26751613
 CPU time [min]:     7.167                   Wall time [min]:     9.039
 
 Iteration  2  CI energy:    -6.21772066  Energy decrease:   0.14509994
 ======================================================================
 Norm of residual vector:     0.06588270      Convergence:   0.07246014
 CPU time [min]:    10.652                   Wall time [min]:    14.161
 
 Iteration  3  CI energy:    -6.23101508  Energy decrease:   0.01329442
 ======================================================================
 Norm of residual vector:     0.02125248      Convergence:   0.02212054
 CPU time [min]:    14.168                   Wall time [min]:    18.556
 
 Iteration  4  CI energy:    -6.23230207  Energy decrease:   0.00128699
 ======================================================================
 Norm of residual vector:     0.00861483      Convergence:   0.00967196
 CPU time [min]:    17.735                   Wall time [min]:    22.999
 
 Iteration  5  CI energy:    -6.23246728  Energy decrease:   0.00016521
 ======================================================================
 Norm of residual vector:     0.00349269      Convergence:   0.00370800
 CPU time [min]:    21.341                   Wall time [min]:    27.487
 
 Iteration  6  CI energy:    -6.23249410  Energy decrease:   0.00002683
 ======================================================================
 Norm of residual vector:     0.00131700      Convergence:   0.00133895
 CPU time [min]:    25.000                   Wall time [min]:    32.108
 
 Iteration  7  CI energy:    -6.23249826  Energy decrease:   0.00000415
 ======================================================================
 Norm of residual vector:     0.00045776      Convergence:   0.00053546
 CPU time [min]:    28.694                   Wall time [min]:    36.710
 
 Iteration  8  CI energy:    -6.23249886  Energy decrease:   0.00000060
 ======================================================================
 Norm of residual vector:     0.00016136      Convergence:   0.00017324
 CPU time [min]:    32.420                   Wall time [min]:    41.312
 
 Iteration  9  CI energy:    -6.23249893  Energy decrease:   0.00000007
 ======================================================================
 Norm of residual vector:     0.00005325      Convergence:   0.00005929
 CPU time [min]:    36.177                   Wall time [min]:    45.933
 
 Iteration 10  CI energy:    -6.23249893  Energy decrease:   0.00000001
 ======================================================================
 Norm of residual vector:     0.00001733      Convergence:   0.00001871
 CPU time [min]:    39.969                   Wall time [min]:    50.658
 
 Iteration 11  CI energy:    -6.23249893  Energy decrease:   8.8428E-10
 ======================================================================
 Norm of residual vector:     0.00000600      Convergence:   0.00000646
 CPU time [min]:    43.793                   Wall time [min]:    55.386
 
 Iteration 12  CI energy:    -6.23249893  Energy decrease:   9.8487E-11
 ======================================================================
 Norm of residual vector:     0.00000187      Convergence:   0.00000207
 CPU time [min]:    47.651                   Wall time [min]:    60.101
 
 Iteration 13  CI energy:    -6.23249893  Energy decrease:   1.1022E-11
 ======================================================================
 Norm of residual vector:     0.00000064      Convergence:   0.00000067
 CPU time [min]:    51.551                   Wall time [min]:    65.055
 
 Iteration 14  CI energy:    -6.23249893  Energy decrease:   1.1244E-12
 ======================================================================
 Norm of residual vector:     0.0000E+00      Convergence:   2.1754E-07
 CPU time [min]:    55.461                   Wall time [min]:    70.823
 
 Iteration 15  CI energy:    -6.23249893  Energy decrease:   1.2346E-13
 ======================================================================
 
 Iteration has converged in 15 steps.
 
 Final results:
 Total CISDTQ energy [au]:            -6.232498934878
 Spin multiplicity:                     1
 
 
 
 Starting CI iteration for root                      2 ...
 ======================================================================
 Norm of residual vector:     0.57848891      Convergence:   1.00000000
 CPU time [min]:    59.028                   Wall time [min]:    75.315
 
 Iteration  1  CI energy:    -5.65576552  Energy decrease:   0.41685521
 ======================================================================
 Norm of residual vector:     0.41537379      Convergence:   0.55721079
 CPU time [min]:    62.545                   Wall time [min]:    79.697
 
 Iteration  2  CI energy:    -5.74769773  Energy decrease:   0.09193221
 ======================================================================
 Norm of residual vector:     0.20623973      Convergence:   0.28750743
 CPU time [min]:    66.093                   Wall time [min]:    84.100
 
 Iteration  3  CI energy:    -5.83585369  Energy decrease:   0.08815596
 ======================================================================
 Norm of residual vector:     0.09057598      Convergence:   0.10491836
 CPU time [min]:    69.679                   Wall time [min]:    88.601
 
 Iteration  4  CI energy:    -5.85262086  Energy decrease:   0.01676717
 ======================================================================
 Norm of residual vector:     0.05013801      Convergence:   0.05636755
 CPU time [min]:    73.294                   Wall time [min]:    93.072
 
 Iteration  5  CI energy:    -5.85647466  Energy decrease:   0.00385380
 ======================================================================
 Norm of residual vector:     0.03972809      Convergence:   0.04172945
 CPU time [min]:    76.947                   Wall time [min]:    97.620
 
 Iteration  6  CI energy:    -5.85807075  Energy decrease:   0.00159608
 ======================================================================
 Norm of residual vector:     0.03769978      Convergence:   0.03903128
 CPU time [min]:    80.633                   Wall time [min]:   103.206
 
 Iteration  7  CI energy:    -5.85936840  Energy decrease:   0.00129765
 ======================================================================
 Norm of residual vector:     0.04254471      Convergence:   0.04878700
 CPU time [min]:    84.347                   Wall time [min]:   107.762
 
 Iteration  8  CI energy:    -5.86079941  Energy decrease:   0.00143101
 ======================================================================
 Norm of residual vector:     0.04087148      Convergence:   0.03997560
 CPU time [min]:    88.092                   Wall time [min]:   112.387
 
 Iteration  9  CI energy:    -5.86216155  Energy decrease:   0.00136214
 ======================================================================
 Norm of residual vector:     0.03760466      Convergence:   0.03684527
 CPU time [min]:    91.867                   Wall time [min]:   117.053
 
 Iteration 10  CI energy:    -5.86319155  Energy decrease:   0.00103000
 ======================================================================
 Norm of residual vector:     0.03340565      Convergence:   0.03337836
 CPU time [min]:    95.674                   Wall time [min]:   122.505
 
 Iteration 11  CI energy:    -5.86405558  Energy decrease:   0.00086403
 ======================================================================
 Norm of residual vector:     0.02772230      Convergence:   0.03132980
 CPU time [min]:    99.513                   Wall time [min]:   127.221
 
 Iteration 12  CI energy:    -5.86482579  Energy decrease:   0.00077021
 ======================================================================
 Norm of residual vector:     0.01945155      Convergence:   0.02234758
 CPU time [min]:   103.383                   Wall time [min]:   131.984
 
 Iteration 13  CI energy:    -5.86532815  Energy decrease:   0.00050237
 ======================================================================
 Norm of residual vector:     0.01178833      Convergence:   0.01250993
 CPU time [min]:   107.290                   Wall time [min]:   136.775
 
 Iteration 14  CI energy:    -5.86553664  Energy decrease:   0.00020849
 ======================================================================
 Norm of residual vector:     0.00713424      Convergence:   0.00649401
 CPU time [min]:   111.231                   Wall time [min]:   141.601
 
 Iteration 15  CI energy:    -5.86559953  Energy decrease:   0.00006289
 ======================================================================
 Norm of residual vector:     0.00457860      Convergence:   0.00352538
 CPU time [min]:   115.214                   Wall time [min]:   146.527
 
 Iteration 16  CI energy:    -5.86561941  Energy decrease:   0.00001988
 ======================================================================
 Norm of residual vector:     0.00302506      Convergence:   0.00228026
 CPU time [min]:   119.272                   Wall time [min]:   151.936
 
 Iteration 17  CI energy:    -5.86562743  Energy decrease:   0.00000803
 ======================================================================
 Norm of residual vector:     0.00192136      Convergence:   0.00157805
 CPU time [min]:   123.330                   Wall time [min]:   156.956
 
 Iteration 18  CI energy:    -5.86563126  Energy decrease:   0.00000383
 ======================================================================
 Norm of residual vector:     0.00104849      Convergence:   0.00099399
 CPU time [min]:   127.413                   Wall time [min]:   162.022
 
 Iteration 19  CI energy:    -5.86563285  Energy decrease:   0.00000159
 ======================================================================
 Norm of residual vector:     0.00053785      Convergence:   0.00054385
 CPU time [min]:   131.529                   Wall time [min]:   167.853
 
 Iteration 20  CI energy:    -5.86563334  Energy decrease:   0.00000049
 ======================================================================
 Norm of residual vector:     0.00028648      Convergence:   0.00031362
 CPU time [min]:   135.678                   Wall time [min]:   172.957
 
 Iteration 21  CI energy:    -5.86563348  Energy decrease:   0.00000014
 ======================================================================
 Norm of residual vector:     0.00015660      Convergence:   0.00017364
 CPU time [min]:   139.854                   Wall time [min]:   178.109
 
 Iteration 22  CI energy:    -5.86563352  Energy decrease:   0.00000004
 ======================================================================
 Norm of residual vector:     0.00008294      Convergence:   0.00009399
 CPU time [min]:   144.068                   Wall time [min]:   183.198
 
 Iteration 23  CI energy:    -5.86563353  Energy decrease:   0.00000001
 ======================================================================
 Norm of residual vector:     0.00004460      Convergence:   0.00005006
 CPU time [min]:   148.368                   Wall time [min]:   188.402
 
 Iteration 24  CI energy:    -5.86563353  Energy decrease:   3.3339E-09
 ======================================================================
 Norm of residual vector:     0.00002736      Convergence:   0.00003028
 CPU time [min]:   153.457                   Wall time [min]:   202.002
 
 Iteration 25  CI energy:    -5.86563353  Energy decrease:   1.0636E-09
 ======================================================================
 Norm of residual vector:     0.00001920      Convergence:   0.00002100
 CPU time [min]:   158.055                   Wall time [min]:   211.507
 
 Iteration 26  CI energy:    -5.86563354  Energy decrease:   4.4295E-10
 ======================================================================
 Norm of residual vector:     0.00001421      Convergence:   0.00001573
 CPU time [min]:   162.364                   Wall time [min]:   216.691
 
 Iteration 27  CI energy:    -5.86563354  Energy decrease:   2.2818E-10
 ======================================================================

