
 Primary working directories    : /global/cscratch1/sd/gwang18
 Secondary working directories  : /global/cscratch1/sd/gwang18
 Wavefunction directory         : /global/homes/g/gwang18/wfu/
 Main file repository           : /global/cscratch1/sd/gwang18/

 SHA1      : 19cd028119e0e09f93f0674bd8af7968d9b3eff6
 NAME      : 2015.1.36
 ARCHNAME  : linux/x86_64
 FC        : /opt/cray/pe/craype/2.5.14/bin/ftn
 BLASLIB   : -L/opt/intel/compilers_and_libraries_2018.1.163/linux/mkl/lib/intel64 -Wl,-_start-group -lmkl_intel_ilp64 -lmkl_intel_thread -lmkl_core -Wl,-_end-group -liomp5
 id        : lbl

 Nodes     nprocs
 nid00285     7
 Number of processes for MPI-2 version of Molpro:   nprocs(total)=    8   nprocs(compute)=    7   nprocs(helper)=    1

 Using customized tuning parameters: mindgm=7; mindgv=16; mindgc=1; mindgr=1; noblas=0; minvec=7
 default implementation of scratch files=sf  

 ***,SiH4
 memory,1000,m
 gthresh,twoint=1.0E-12
 
 basis={
 ECP,Si,10,2,0;
 3;                                                                              !Vd
 1,5.168316,    4.000000
 3,8.861690,   20.673264
 2,3.933474,  -14.818174
 2;                                                                              !Vs-Vd
 2,9.447023,   14.832760
 2,2.553812,   26.349664
 2;                                                                              !Vp-Vd
 2,3.660001,    7.621400
 2,1.903653,   10.331583
 
 Including file /global/u2/g/gwang18/projects/si_gap/sih2/geo-excitation/ccsdt/triplet/Si.aug-cc-pVQZ.basis
 
 ECP,H,0,1,0
 3;
 2,   21.77696655044365 ,     -10.85192405303825 ;
 1,   21.24359508259891 ,       1.00000000000000;
 3,   21.24359508259891 ,      21.24359508259891;
 1; 2,                   1.,                      0.;
 
 Including file /global/u2/g/gwang18/projects/si_gap/sih2/geo-excitation/ccsdt/triplet/H.aug-cc-pVQZ.basis
 }
 
 angstrom
 geometry={
  Si
  H1     Si     1.4768
  H2     Si     1.4768      H1     118.3
 }
 
                                                                                 ! HARTREE-FOCK
 {RHF
    wf,6,2,2                                                                     ! nelec,symm,spin
 }
 scf = energy
 
 pop;
 
                                                                                 ! UCCSD(T)
 {rccsd(t);
    maxit,100;
    core
 }
 ccsd = energy
 
 table, scf, ccsd
 save
 type,csv

 Variables initialized (889), CPU time= 0.01 sec
 Commands  initialized (702), CPU time= 0.01 sec, 572 directives.
 Default parameters read. Elapsed time= 0.16 sec

 Checking input...
 Passed
1


                                         ***  PROGRAM SYSTEM MOLPRO  ***
                                       Copyright, TTI GmbH Stuttgart, 2015
                                    Version 2015.1 linked Dec 29 2018 15:55:43


 **********************************************************************************************************************************
 LABEL *   SiH4                                                                          
  64 bit mpp version                                                                     DATE: 04-May-20          TIME: 20:10:48  
 **********************************************************************************************************************************

 SHA1:             19cd028119e0e09f93f0674bd8af7968d9b3eff6
 **********************************************************************************************************************************

 THRESHOLDS:

 ZERO    =  1.00D-12  ONEINT  =  1.00D-12  TWOINT  =  1.00D-12  PREFAC  =  1.00D-14  LOCALI  =  1.00D-09  EORDER  =  1.00D-04
 ENERGY  =  0.00D+00  ETEST   =  0.00D+00  EDENS   =  0.00D+00  THRDEDEF=  1.00D-06  GRADIENT=  1.00D-02  STEP    =  1.00D-03
 ORBITAL =  1.00D-05  CIVEC   =  1.00D-05  COEFF   =  1.00D-04  PRINTCI =  5.00D-02  PUNCHCI =  9.90D+01  OPTGRAD =  3.00D-04
 OPTENERG=  1.00D-06  OPTSTEP =  3.00D-04  THRGRAD =  1.00D-10  COMPRESS=  1.00D-11  VARMIN  =  1.00D-07  VARMAX  =  1.00D-03
 THRDOUB =  0.00D+00  THRDIV  =  1.00D-05  THRRED  =  1.00D-07  THRPSP  =  1.00D+00  THRDC   =  1.00D-10  THRCS   =  1.00D-10
 THRNRM  =  1.00D-08  THREQ   =  0.00D+00  THRDE   =  1.00D+00  THRREF  =  1.00D-05  SPARFAC =  1.00D+00  THRDLP  =  1.00D-07
 THRDIA  =  1.00D-10  THRDLS  =  1.00D-07  THRGPS  =  0.00D+00  THRKEX  =  0.00D+00  THRDIS  =  2.00D-01  THRVAR  =  1.00D-10
 THRLOC  =  1.00D-06  THRGAP  =  1.00D-06  THRLOCT = -1.00D+00  THRGAPT = -1.00D+00  THRORB  =  1.00D-06  THRMLTP =  0.00D+00
 THRCPQCI=  1.00D-10  KEXTA   =  0.00D+00  THRCOARS=  0.00D+00  SYMTOL  =  1.00D-06  GRADTOL =  1.00D-06  THROVL  =  1.00D-08
 THRORTH =  1.00D-08  GRID    =  1.00D-06  GRIDMAX =  1.00D-03  DTMAX   =  0.00D+00  THROCCDE=  1.00D-01  THROCCDE=  1.00D-01



 Variable memory set to 1000000000 words,  buffer space   230000 words

 SETTING BASIS          =    USERDEF
 ZUNIT=ANG
 


 Recomputing integrals since basis changed


 Using spherical harmonics



 PROGRAM * SEWARD (Integral evaluation for generally contracted gaussian basis sets)     Author: Roland Lindh, 1990

 Geometry written to block  1 of record 700

 Orientation using atomic masses  
 Molecule type: Asymmetric top,     Order of principal axis = 2
 Symmetry elements: X,Y
 Rotational constants:     117.0106105    468.5225301    155.9608771 GHz  (calculated with average atomic masses)

 Point group  C2v 



 ATOMIC COORDINATES

 NR  ATOM    CHARGE       X              Y              Z

   1  SI      4.00    0.000000000    0.000000000   -0.095838559
   2  H1      1.00    0.000000000    2.395892285    1.335235162
   3  H2      1.00    0.000000000   -2.395892285    1.335235162

 Bond lengths in Bohr (Angstrom)

 1-2  2.790747541  1-3  2.790747541
     ( 1.476800000)     ( 1.476800000)

 Bond angles

  2-1-3  118.30000000

 NUCLEAR CHARGE:                    6
 NUMBER OF PRIMITIVE AOS:         264
 NUMBER OF SYMMETRY AOS:          221
 NUMBER OF CONTRACTIONS:          171   (  60A1  +  35B1  +  49B2  +  27A2  )
 NUMBER OF CORE ORBITALS:           0   (   0A1  +   0B1  +   0B2  +   0A2  )
 NUMBER OF VALENCE ORBITALS:        6   (   3A1  +   1B1  +   2B2  +   0A2  )


 NUCLEAR REPULSION ENERGY    3.07530596

 Eigenvalues of metric

         1 0.197E-04 0.186E-03 0.102E-02 0.113E-02 0.150E-02 0.239E-02 0.292E-02 0.503E-02
         2 0.737E-03 0.342E-02 0.285E-01 0.345E-01 0.397E-01 0.826E-01 0.113E+00 0.126E+00
         3 0.216E-04 0.271E-03 0.119E-02 0.159E-02 0.171E-02 0.241E-02 0.548E-02 0.116E-01
         4 0.217E-02 0.126E-01 0.283E-01 0.315E-01 0.942E-01 0.115E+00 0.146E+00 0.187E+00


 Contracted 2-electron integrals neglected if value below      1.0D-12
 AO integral compression algorithm  1   Integral accuracy      1.0D-12

     201.064 MB (compressed) written to integral file ( 63.0%)

     Node minimum: 23.593 MB, node maximum: 34.603 MB


 NUMBER OF SORTED TWO-ELECTRON INTEGRALS:    3959467.     BUFFER LENGTH:  32768
 NUMBER OF SEGMENTS:   1  SEGMENT LENGTH:    3959467      RECORD LENGTH: 524288

 Memory used in sort:       4.52 MW

 SORT1 READ    39863371. AND WROTE     3660890. INTEGRALS IN     11 RECORDS. CPU TIME:     0.70 SEC, REAL TIME:     0.76 SEC
 SORT2 READ    25719479. AND WROTE    27709576. INTEGRALS IN    679 RECORDS. CPU TIME:     0.38 SEC, REAL TIME:     0.62 SEC

 Node minimum:     3957727.  Node maximum:     3959467. integrals

 OPERATOR DM      FOR CENTER  0  COORDINATES:    0.000000    0.000000    0.000000


 **********************************************************************************************************************************
 DATASETS  * FILE   NREC   LENGTH (MB)   RECORD NAMES
              1      19       20.26       500      610      700      900      950      970     1000      129      960     1100   
                                          VAR    BASINP    GEOM    SYMINP    ZMAT    AOBASIS   BASIS     P2S    ABASIS      S 
                                         1400     1410     1420     1200     1210     1080     1600     1650     1700   
                                           T        V       ECP      H0       H01     AOSYM     SMH    MOLCAS    OPER   

 PROGRAMS   *        TOTAL       INT
 CPU TIMES  *         2.29      2.11
 REAL TIME  *         4.19 SEC
 DISK USED  *       498.68 MB      
 GA USED    *         0.00 MB       (max)       0.00 MB       (current)
 **********************************************************************************************************************************


 PROGRAM * RHF-SCF (OPEN SHELL)       Authors: W. Meyer, H.-J. Werner


 NUMBER OF ELECTRONS:       4+    2-    SPACE SYMMETRY=2    SPIN SYMMETRY: Triplet 
 CONVERGENCE THRESHOLDS:    1.00E-05 (Density)    1.00E-07 (Energy)
 MAX. NUMBER OF ITERATIONS:       60
 INTERPOLATION TYPE:            DIIS
 INTERPOLATION STEPS:              2 (START)      1 (STEP)
 LEVEL SHIFTS:                 -0.60 (CLOSED) -0.30 (OPEN) 



 Orbital guess generated from atomic densities. Full valence occupancy:    3   1   2   0

 Molecular orbital dump at record        2100.2

 Initial alpha occupancy:   2   1   1   0
 Initial beta  occupancy:   1   0   1   0
 Wave function symmetry:    2

 ITERATION    DDIFF          GRAD             ENERGY        2-EL.EN.            DIPOLE MOMENTS         DIIS   ORB.
    1      0.000D+00      0.000D+00        -4.82331958      9.507144    0.00000    0.00000   -0.16698    0    start
    2      0.000D+00      0.426D-02        -4.83652115      9.632120    0.00000    0.00000   -0.07779    1    diag,B
    3      0.303D-02      0.233D-02        -4.84383884      9.719130    0.00000    0.00000   -0.02202    2    diag,B
    4      0.277D-02      0.917D-03        -4.84545535      9.725238    0.00000    0.00000   -0.02080    3    diag,B
    5      0.145D-02      0.314D-03        -4.84564789      9.721915    0.00000    0.00000   -0.02417    4    diag,B
    6      0.478D-03      0.108D-03        -4.84567217      9.722051    0.00000    0.00000   -0.02448    5    diag,B
    7      0.185D-03      0.353D-04        -4.84567483      9.721964    0.00000    0.00000   -0.02448    6    fixocc
    8      0.739D-04      0.118D-04        -4.84567515      9.721969    0.00000    0.00000   -0.02422    7    diag,B
    9      0.268D-04      0.372D-05        -4.84567517      9.721936    0.00000    0.00000   -0.02407    8    diag,B
   10      0.926D-05      0.982D-06        -4.84567518      9.721930    0.00000    0.00000   -0.02403    0    orth

 Final alpha occupancy:   2   1   1   0
 Final beta  occupancy:   1   0   1   0

 !RHF STATE 1.2 Energy                 -4.845675175511
 Nuclear energy                         3.07530596
 One-electron energy                  -12.78194605
 Two-electron energy                    4.86096492
 Virial quotient                       -1.85528178
 !RHF STATE 1.2 Dipole moment           0.00000000     0.00000000    -0.02403224
 Dipole moment /Debye                   0.00000000     0.00000000    -0.06107985

 Orbital energies:

         1.1          2.1          3.1          4.1
     -0.670376    -0.414315     0.033986     0.063324

         1.2          2.2          3.2
     -0.304107     0.072750     0.124838

         1.3          2.3          3.3
     -0.500420     0.056718     0.076511

         1.4          2.4
      0.119409     0.273569

 HOMO      1.2    -0.304107 =      -8.2752eV
 LUMO      3.1     0.033986 =       0.9248eV
 LUMO-HOMO         0.338093 =       9.2000eV


 **********************************************************************************************************************************
 DATASETS  * FILE   NREC   LENGTH (MB)   RECORD NAMES
              1      19       20.26       500      610      700      900      950      970     1000      129      960     1100   
                                          VAR    BASINP    GEOM    SYMINP    ZMAT    AOBASIS   BASIS     P2S    ABASIS      S 
                                         1400     1410     1420     1200     1210     1080     1600     1650     1700   
                                           T        V       ECP      H0       H01     AOSYM     SMH    MOLCAS    OPER   

              2       4        3.01       700     1000      520     2100   
                                         GEOM     BASIS   MCVARS     RHF  

 PROGRAMS   *        TOTAL       RHF       INT
 CPU TIMES  *         2.67      0.38      2.11
 REAL TIME  *         4.71 SEC
 DISK USED  *       669.81 MB      
 SF USED    *         0.03 MB      
 GA USED    *         0.00 MB       (max)       0.00 MB       (current)
 **********************************************************************************************************************************
 SETTING SCF            =        -4.84567518  AU                              


 PROGRAM * POP (Mulliken population analysis)

 
 Density matrix read from record         2100.2  Type=RHF/CHARGE (state 1.2)
 
 Population analysis by basis function type

 Unique atom        s        p        d        f        g    Total    Charge
   1  SI      1.34848  2.46599  0.12767  0.01114  0.00182  3.95510  + 0.04490
   2  H1      0.99445  0.02934 -0.00117 -0.00017  0.00000  1.02245  - 0.02245


 **********************************************************************************************************************************
 DATASETS  * FILE   NREC   LENGTH (MB)   RECORD NAMES
              1      19       20.26       500      610      700      900      950      970     1000      129      960     1100   
                                          VAR    BASINP    GEOM    SYMINP    ZMAT    AOBASIS   BASIS     P2S    ABASIS      S 
                                         1400     1410     1420     1200     1210     1080     1600     1650     1700   
                                           T        V       ECP      H0       H01     AOSYM     SMH    MOLCAS    OPER   

              2       4        3.01       700     1000      520     2100   
                                         GEOM     BASIS   MCVARS     RHF  

 PROGRAMS   *        TOTAL       POP       RHF       INT
 CPU TIMES  *         2.67      0.00      0.38      2.11
 REAL TIME  *         4.75 SEC
 DISK USED  *       669.81 MB      
 SF USED    *         0.03 MB      
 GA USED    *         0.00 MB       (max)       0.00 MB       (current)
 **********************************************************************************************************************************


 PROGRAM * CCSD (Restricted open-shell coupled cluster)     Authors: C. Hampel, H.-J. Werner, 1991, M. Deegan, P.J. Knowles, 1992


 Convergence thresholds:  THRVAR = 1.00D-08  THRDEN = 1.00D-06

 CCSD(T)     terms to be evaluated (factor= 1.000)


 Number of closed-shell orbitals:   2 (   1   0   1   0 )
 Number of active  orbitals:        2 (   1   1   0   0 )
 Number of external orbitals:     167 (  58  34  48  27 )

 Memory could be reduced to 12.93 Mwords without degradation in triples

 Number of N-1 electron functions:               6
 Number of N-2 electron functions:              15
 Number of singly external CSFs:               308
 Number of doubly external CSFs:             84258
 Total number of CSFs:                       84566

 Molecular orbitals read from record     2100.2  Type=RHF/CANONICAL (state 1.2)

 Integral transformation finished. Total CPU:   0.19 sec, npass=  1  Memory used:   1.03 MW

 Starting RMP2 calculation

 Wavefunction is spin-projected

 ITER.      SQ.NORM     CORR.ENERGY   TOTAL ENERGY   ENERGY CHANGE        DEN1      VAR(S)    VAR(P)  DIIS     TIME
   1      1.04352088    -0.09959241    -4.94526758    -0.09959241    -0.00073637  0.13D-04  0.37D-03  1  1     0.20
   2      1.04451184    -0.10042013    -4.94609530    -0.00082772    -0.00000205  0.26D-06  0.10D-05  2  2     0.26
   3      1.04454367    -0.10043456    -4.94610974    -0.00001443    -0.00000001  0.53D-08  0.38D-08  3  3     0.33
   4      1.04454428    -0.10043464    -4.94610982    -0.00000008    -0.00000000  0.10D-09  0.16D-10  4  4     0.41

 Norm of t1 vector:      0.02898745      S-energy:    -0.00107804      T1 diagnostic:  0.00092210
 Norm of t2 vector:      0.20905504      P-energy:    -0.09935661
                                         Alpha-Beta:  -0.08319631
                                         Alpha-Alpha: -0.01496245
                                         Beta-Beta:   -0.00119785

 Spin contamination <S**2-Sz**2-Sz>     0.00000000
  Reference energy                     -4.845675175511
  RHF-RMP2 correlation energy          -0.100434643455
 !RHF-RMP2 energy                      -4.946109818966
 (NB above energy spin projected)

 Starting RCCSD calculation

 ITER.      SQ.NORM     CORR.ENERGY   TOTAL ENERGY   ENERGY CHANGE        DEN1      VAR(S)    VAR(P)  DIIS     TIME
   1      1.05773583    -0.11088467    -4.95655985    -0.11088467    -0.00634513  0.65D-03  0.27D-02  1  1     0.50
   2      1.07200827    -0.11924823    -4.96492341    -0.00836356    -0.00037306  0.20D-03  0.98D-04  2  2     0.69
   3      1.07626196    -0.12041218    -4.96608735    -0.00116395    -0.00005936  0.43D-04  0.13D-04  3  3     0.86
   4      1.07848225    -0.12081415    -4.96648932    -0.00040197    -0.00000931  0.60D-05  0.23D-05  4  4     0.95
   5      1.07938098    -0.12093306    -4.96660824    -0.00011892    -0.00000116  0.62D-06  0.34D-06  5  5     1.13
   6      1.07960451    -0.12095070    -4.96662588    -0.00001764    -0.00000013  0.56D-07  0.45D-07  6  6     1.35
   7      1.07964509    -0.12095484    -4.96663001    -0.00000414    -0.00000002  0.62D-08  0.52D-08  6  1     1.45
   8      1.07964816    -0.12095533    -4.96663050    -0.00000049    -0.00000000  0.66D-09  0.47D-09  6  2     1.54

 Norm of t1 vector:      0.08444007      S-energy:    -0.00143588      T1 diagnostic:  0.02154543
                                                                       D1 diagnostic:  0.03388329
 Norm of t2 vector:      0.26929173      P-energy:    -0.11951945
                                         Alpha-Beta:  -0.10018248
                                         Alpha-Alpha: -0.01803996
                                         Beta-Beta:   -0.00129701

 Spin contamination <S**2-Sz**2-Sz>     0.00000000

 Memory could be reduced to 13.27 Mwords without degradation in triples
 

 RESULTS
 =======

  Reference energy                     -4.845675175511
  RCCSD singles energy                 -0.001435876508
  RCCSD pair energy                    -0.119519451244
  RCCSD correlation energy             -0.120955327752
  Triples (T) contribution             -0.003885156826
  Total correlation energy             -0.124840484578
 
  RHF-RCCSD energy                     -4.966630503263
  RHF-RCCSD[T] energy                  -4.970600601993
  RHF-RCCSD-T energy                   -4.970468878599
 !RHF-RCCSD(T) energy                  -4.970515660089

 Program statistics:

 Available memory in ccsd:               999999732
 Min. memory needed in ccsd:                451459
 Max. memory used in ccsd:                  530669
 Max. memory used in cckext:                577002 ( 8 integral passes)
 Max. memory used in cckint:               1034922 ( 1 integral passes)



 **********************************************************************************************************************************
 DATASETS  * FILE   NREC   LENGTH (MB)   RECORD NAMES
              1      19       20.26       500      610      700      900      950      970     1000      129      960     1100   
                                          VAR    BASINP    GEOM    SYMINP    ZMAT    AOBASIS   BASIS     P2S    ABASIS      S 
                                         1400     1410     1420     1200     1210     1080     1600     1650     1700   
                                           T        V       ECP      H0       H01     AOSYM     SMH    MOLCAS    OPER   

              2       4        3.01       700     1000      520     2100   
                                         GEOM     BASIS   MCVARS     RHF  

 PROGRAMS   *        TOTAL  RCCSD(T)       POP       RHF       INT
 CPU TIMES  *         4.71      2.04      0.00      0.38      2.11
 REAL TIME  *         8.30 SEC
 DISK USED  *       735.95 MB      
 SF USED    *       129.73 MB      
 GA USED    *         0.00 MB       (max)       0.00 MB       (current)
 **********************************************************************************************************************************
 SETTING CCSD           =        -4.97051566  AU                              
 Output type csv         
                                                                                                                                                                                                                                                                

      SCF,CCSD
   -4.84567518,   -4.97051566
                                                  

 RCCSD(T)/USERDEF energy=     -4.970515660089

        RCCSD(T)        RHF-SCF 
     -4.97051566     -4.84567518
 **********************************************************************************************************************************
 Molpro calculation terminated
 Variable memory released
