
Due to MODULEPATH changes, the following have been reloaded:
  1) hdf5/1.10.4     2) netlib-lapack/3.8.0     3) spectrum-mpi/10.3.1.2-20200121

The following have been reloaded with a version change:
  1) gcc/6.4.0 => gcc/7.4.0

Rank =    0  Free Memory = 557843 MB
--2020-07-13 15:14:32--  https://pseudopotentiallibrary.org/recipes/Si/ccECP/Si.ccECP.xml
Resolving pseudopotentiallibrary.org (pseudopotentiallibrary.org)... 128.219.165.148
Connecting to pseudopotentiallibrary.org (pseudopotentiallibrary.org)|128.219.165.148|:443... connected.
HTTP request sent, awaiting response... 200 OK
Length: 1502082 (1.4M) [text/xml]
Saving to: 'Si.ccECP.xml'

     0K .......... .......... .......... .......... ..........  3% 52.4M 0s
    50K .......... .......... .......... .......... ..........  6% 69.3M 0s
   100K .......... .......... .......... .......... .......... 10% 58.2M 0s
   150K .......... .......... .......... .......... .......... 13% 62.9M 0s
   200K .......... .......... .......... .......... .......... 17% 61.7M 0s
   250K .......... .......... .......... .......... .......... 20% 69.9M 0s
   300K .......... .......... .......... .......... .......... 23% 69.6M 0s
   350K .......... .......... .......... .......... .......... 27% 69.7M 0s
   400K .......... .......... .......... .......... .......... 30% 55.2M 0s
   450K .......... .......... .......... .......... .......... 34% 47.2M 0s
   500K .......... .......... .......... .......... .......... 37% 69.3M 0s
   550K .......... .......... .......... .......... .......... 40% 70.8M 0s
   600K .......... .......... .......... .......... .......... 44% 54.8M 0s
   650K .......... .......... .......... .......... .......... 47% 55.3M 0s
   700K .......... .......... .......... .......... .......... 51% 70.4M 0s
   750K .......... .......... .......... .......... .......... 54% 71.8M 0s
   800K .......... .......... .......... .......... .......... 57% 60.6M 0s
   850K .......... .......... .......... .......... .......... 61% 71.0M 0s
   900K .......... .......... .......... .......... .......... 64% 70.7M 0s
   950K .......... .......... .......... .......... .......... 68% 69.2M 0s
  1000K .......... .......... .......... .......... .......... 71% 62.0M 0s
  1050K .......... .......... .......... .......... .......... 74% 68.9M 0s
  1100K .......... .......... .......... .......... .......... 78% 69.7M 0s
  1150K .......... .......... .......... .......... .......... 81% 68.3M 0s
  1200K .......... .......... .......... .......... .......... 85% 59.6M 0s
  1250K .......... .......... .......... .......... .......... 88% 69.0M 0s
  1300K .......... .......... .......... .......... .......... 92% 70.9M 0s
  1350K .......... .......... .......... .......... .......... 95% 71.9M 0s
  1400K .......... .......... .......... .......... .......... 98% 63.8M 0s
  1450K .......... ......                                     100% 64.4M=0.02s

2020-07-13 15:14:32 (64.2 MB/s) - 'Si.ccECP.xml' saved [1502082/1502082]

--2020-07-13 15:14:32--  https://pseudopotentiallibrary.org/recipes/H/ccECP/H.ccECP.xml
Resolving pseudopotentiallibrary.org (pseudopotentiallibrary.org)... 128.219.165.148
Connecting to pseudopotentiallibrary.org (pseudopotentiallibrary.org)|128.219.165.148|:443... connected.
HTTP request sent, awaiting response... 200 OK
Length: 1001619 (978K) [text/xml]
Saving to: 'H.ccECP.xml'

     0K .......... .......... .......... .......... ..........  5% 23.0M 0s
    50K .......... .......... .......... .......... .......... 10% 67.8M 0s
   100K .......... .......... .......... .......... .......... 15% 58.1M 0s
   150K .......... .......... .......... .......... .......... 20% 68.2M 0s
   200K .......... .......... .......... .......... .......... 25% 61.5M 0s
   250K .......... .......... .......... .......... .......... 30% 68.6M 0s
   300K .......... .......... .......... .......... .......... 35% 67.5M 0s
   350K .......... .......... .......... .......... .......... 40% 23.1M 0s
   400K .......... .......... .......... .......... .......... 46% 57.7M 0s
   450K .......... .......... .......... .......... .......... 51% 66.0M 0s
   500K .......... .......... .......... .......... .......... 56% 66.6M 0s
   550K .......... .......... .......... .......... .......... 61% 68.2M 0s
   600K .......... .......... .......... .......... .......... 66% 61.2M 0s
   650K .......... .......... .......... .......... .......... 71% 67.6M 0s
   700K .......... .......... .......... .......... .......... 76% 68.3M 0s
   750K .......... .......... .......... .......... .......... 81% 67.4M 0s
   800K .......... .......... .......... .......... .......... 86% 58.3M 0s
   850K .......... .......... .......... .......... .......... 92% 66.6M 0s
   900K .......... .......... .......... .......... .......... 97% 67.5M 0s
   950K .......... .......... ........                        100% 57.4M=0.02s

2020-07-13 15:14:32 (54.6 MB/s) - 'H.ccECP.xml' saved [1001619/1001619]

Rank =    2  Free Memory = 558198 MB
Rank =    3  Free Memory = 558198 MB
Rank =    6  Free Memory = 557410 MB
Rank =    7  Free Memory = 557410 MB
Rank =   10  Free Memory = 558823 MB
Rank =   11  Free Memory = 558823 MB
Rank =   14  Free Memory = 558087 MB
Rank =   15  Free Memory = 558087 MB
Rank =   22  Free Memory = 556524 MB
Rank =   23  Free Memory = 556524 MB
Rank =   26  Free Memory = 557975 MB
Rank =   30  Free Memory = 558635 MB
Rank =   27  Free Memory = 557975 MB
Rank =   31  Free Memory = 558635 MB
Rank =   34  Free Memory = 557792 MB
Rank =   35  Free Memory = 557792 MB
Rank =   39  Free Memory = 565231 MB
Rank =   38  Free Memory = 565231 MB
Rank =   42  Free Memory = 565372 MB
Rank =   43  Free Memory = 565372 MB
Rank =   46  Free Memory = 560959 MB
Rank =   47  Free Memory = 560959 MB
Rank =   54  Free Memory = 563103 MB
Rank =   55  Free Memory = 563103 MB
Rank =   58  Free Memory = 546222 MB
Rank =   62  Free Memory = 552752 MB
Rank =   63  Free Memory = 552752 MB
Rank =   59  Free Memory = 546222 MB
Rank =   33  Free Memory = 556804 MB
Rank =   16  Free Memory = 557936 MB
Rank =    8  Free Memory = 571942 MB
Rank =    5  Free Memory = 557370 MB
Rank =    0  Free Memory = 557670 MB
Rank =   50  Free Memory = 561200 MB
Rank =   32  Free Memory = 556804 MB
Rank =   18  Free Memory = 557664 MB
Rank =   17  Free Memory = 557936 MB
Rank =    9  Free Memory = 571942 MB
Rank =    4  Free Memory = 557370 MB
Rank =   51  Free Memory = 561200 MB
Rank =   19  Free Memory = 557664 MB
Rank =   48  Free Memory = 562090 MB
Rank =   24  Free Memory = 556893 MB
Rank =   12  Free Memory = 558877 MB
Rank =    1  Free Memory = 557670 MB
Rank =   49  Free Memory = 562090 MB
Rank =   25  Free Memory = 556893 MB
Rank =   13  Free Memory = 558877 MB
Rank =   40  Free Memory = 565509 MB
Rank =   20  Free Memory = 558231 MB
Rank =   41  Free Memory = 565509 MB
Rank =   21  Free Memory = 558231 MB
Rank =   56  Free Memory = 561075 MB
Rank =   28  Free Memory = 557451 MB
Rank =   57  Free Memory = 561075 MB
Rank =   29  Free Memory = 557451 MB
Rank =   36  Free Memory = 561936 MB
Rank =   37  Free Memory = 561936 MB
Rank =   44  Free Memory = 568597 MB
Rank =   45  Free Memory = 568597 MB
Rank =   52  Free Memory = 562551 MB
Rank =   53  Free Memory = 562551 MB
Rank =   60  Free Memory = 545373 MB
Rank =   61  Free Memory = 545373 MB
Rank =    0  Free Memory = 557656 MB
Rank =    1  Free Memory = 557656 MB
Rank =    2  Free Memory = 558196 MB
Rank =    4  Free Memory = 557354 MB
Rank =    6  Free Memory = 557395 MB
Rank =    3  Free Memory = 558196 MB
Rank =    7  Free Memory = 557395 MB
Rank =    5  Free Memory = 557354 MB
Rank =   10  Free Memory = 558805 MB
Rank =   14  Free Memory = 558077 MB
Rank =    8  Free Memory = 571937 MB
Rank =   11  Free Memory = 558805 MB
Rank =   22  Free Memory = 556503 MB
Rank =   15  Free Memory = 558077 MB
Rank =    9  Free Memory = 571937 MB
Rank =   18  Free Memory = 557648 MB
Rank =   23  Free Memory = 556503 MB
Rank =   30  Free Memory = 558619 MB
Rank =   12  Free Memory = 558867 MB
Rank =   19  Free Memory = 557648 MB
Rank =   38  Free Memory = 565204 MB
Rank =   16  Free Memory = 557922 MB
Rank =   26  Free Memory = 557958 MB
Rank =   39  Free Memory = 565204 MB
Rank =   46  Free Memory = 560921 MB
Rank =   13  Free Memory = 558867 MB
Rank =   27  Free Memory = 557958 MB
Rank =   17  Free Memory = 557922 MB
Rank =   54  Free Memory = 563103 MB
Rank =   47  Free Memory = 560921 MB
Rank =   34  Free Memory = 557779 MB
Rank =   62  Free Memory = 552726 MB
Rank =   20  Free Memory = 558218 MB
Rank =   55  Free Memory = 563103 MB
Rank =   42  Free Memory = 565349 MB
Rank =   21  Free Memory = 558218 MB
Rank =   43  Free Memory = 565349 MB
Rank =   24  Free Memory = 556868 MB
Rank =   50  Free Memory = 561173 MB
Rank =   25  Free Memory = 556868 MB
Rank =   51  Free Memory = 561173 MB
Rank =   32  Free Memory = 556776 MB
Rank =   58  Free Memory = 546188 MB
Rank =   31  Free Memory = 558619 MB
Rank =   63  Free Memory = 552726 MB
Rank =   28  Free Memory = 557439 MB
Rank =   35  Free Memory = 557779 MB
Rank =   33  Free Memory = 556776 MB
Rank =   59  Free Memory = 546188 MB
Rank =   29  Free Memory = 557439 MB
Rank =   36  Free Memory = 561904 MB
Rank =   37  Free Memory = 561904 MB
Rank =   40  Free Memory = 565481 MB
Rank =   41  Free Memory = 565481 MB
Rank =   44  Free Memory = 568564 MB
Rank =   48  Free Memory = 562048 MB
Rank =   49  Free Memory = 562048 MB
Rank =   45  Free Memory = 568564 MB
Rank =   52  Free Memory = 562511 MB
Rank =   53  Free Memory = 562511 MB
Rank =   56  Free Memory = 561066 MB
Rank =   57  Free Memory = 561066 MB
Rank =   60  Free Memory = 545389 MB
Rank =   61  Free Memory = 545389 MB
Could not read jskill result from pmix server

Lmod is automatically replacing "xl/16.1.1-5" with "gcc/7.4.0".


Due to MODULEPATH changes, the following have been reloaded:
  1) hdf5/1.10.4     2) spectrum-mpi/10.3.1.2-20200121

Rank =    0  Free Memory = 560123 MB
Rank =    2  Free Memory = 560394 MB
Rank =    1  Free Memory = 560123 MB
Rank =    4  Free Memory = 558995 MB
Rank =    5  Free Memory = 558995 MB
Rank =    6  Free Memory = 560620 MB
Rank =    7  Free Memory = 560620 MB
Rank =    8  Free Memory = 560613 MB
Rank =   10  Free Memory = 559204 MB
Rank =   11  Free Memory = 559204 MB
Rank =    9  Free Memory = 560613 MB
Rank =   14  Free Memory = 559285 MB
Rank =   15  Free Memory = 559285 MB
Rank =   18  Free Memory = 561074 MB
Rank =   12  Free Memory = 559052 MB
Rank =   19  Free Memory = 561074 MB
Rank =   16  Free Memory = 560360 MB
Rank =   22  Free Memory = 560232 MB
Rank =   13  Free Memory = 559052 MB
Rank =   23  Free Memory = 560232 MB
Rank =   17  Free Memory = 560360 MB
Rank =   26  Free Memory = 559982 MB
Rank =   30  Free Memory = 559799 MB
Rank =   20  Free Memory = 560727 MB
Rank =   27  Free Memory = 559982 MB
Rank =   31  Free Memory = 559799 MB
Rank =   21  Free Memory = 560727 MB
Rank =   34  Free Memory = 559617 MB
Rank =   24  Free Memory = 560626 MB
Rank =   35  Free Memory = 559617 MB
Rank =   25  Free Memory = 560626 MB
Rank =   38  Free Memory = 546731 MB
Rank =   39  Free Memory = 546731 MB
Rank =   42  Free Memory = 547036 MB
Rank =   28  Free Memory = 558958 MB
Rank =   32  Free Memory = 565163 MB
Rank =   46  Free Memory = 559756 MB
Rank =   43  Free Memory = 547036 MB
Rank =   33  Free Memory = 565163 MB
Rank =   47  Free Memory = 559756 MB
Rank =   50  Free Memory = 560048 MB
Rank =   51  Free Memory = 560048 MB
Rank =   29  Free Memory = 558958 MB
Rank =   54  Free Memory = 560439 MB
Rank =   62  Free Memory = 560060 MB
Rank =   36  Free Memory = 545522 MB
Rank =   58  Free Memory = 561082 MB
Rank =   55  Free Memory = 560439 MB
Rank =   63  Free Memory = 560060 MB
Rank =   59  Free Memory = 561082 MB
Rank =   37  Free Memory = 545522 MB
Rank =   40  Free Memory = 546917 MB
Rank =   41  Free Memory = 546917 MB
Rank =   44  Free Memory = 559640 MB
Rank =   48  Free Memory = 560094 MB
Rank =   45  Free Memory = 559640 MB
Rank =   49  Free Memory = 560094 MB
Rank =   52  Free Memory = 560893 MB
Rank =   53  Free Memory = 560893 MB
Rank =   56  Free Memory = 560994 MB
Rank =   57  Free Memory = 560994 MB
Rank =    3  Free Memory = 560394 MB
Rank =   60  Free Memory = 560360 MB
Rank =   61  Free Memory = 560360 MB
Could not read jskill result from pmix server
