Index of ion charge 0
Index of valence charge 1
Using qmc.dump to name output files
usingECP: yes
Multideterminant: yes
NUMBER OF AOs: 324
Size of Basis Set: 324
NUMBER OF MOs: 263
Number of alpha electrons: 4
Number of beta electrons: 4
Number of electrons: 8
SPIN MULTIPLICITY: 1
NUMBER OF ATOMS: 5
1 Found ECP for atom 0 with zcore 10
1 Found ECP for atom 1 with zcore 0
1 Found ECP for atom 2 with zcore 0
1 Found ECP for atom 3 with zcore 0
1 Found ECP for atom 4 with zcore 0
Finished reading MO.
Found 350419 Determinants
# core, #active, #external: 0 263 0
 Done reading CIs!!
 QMCGaussianParserBase::dump 
Number of alpha electrons 4
Number of beta electrons 4
Adding Two-Body and One-Body jastrows with rcut="10" and size="10"
Adding Three-Body jastrows with rcut="5"
 Generating production input file designed for large calculations.
 Modify according to the accuracy you would like to achieve. 
Hamiltonian using ECP for Electron Ion=1

------------------------------------------------------------
Sender: LSF System <lsfadmin@batch1>
Subject: Job 219968: <SiH4_ex_fci> in cluster <summit> Exited

Job <SiH4_ex_fci> was submitted from host <login3> by user <aannabe> in cluster <summit> at Mon Jul 13 15:00:23 2020
Job was executed on host(s) <1*batch1>, in queue <batch>, as user <aannabe> in cluster <summit> at Mon Jul 13 15:13:46 2020
                            <42*d02n06>
                            <42*f06n01>
                            <42*f06n02>
                            <42*f06n03>
                            <42*f06n04>
                            <42*f06n05>
                            <42*f06n06>
                            <42*f06n07>
                            <42*f06n08>
                            <42*f06n09>
                            <42*f06n10>
                            <42*f06n11>
                            <42*f06n12>
                            <42*f06n13>
                            <42*f06n14>
                            <42*f06n15>
                            <42*f06n16>
                            <42*f06n17>
                            <42*f15n11>
                            <42*f29n09>
                            <42*f30n04>
                            <42*f30n11>
                            <42*f31n07>
                            <42*f31n09>
                            <42*f31n15>
                            <42*f32n01>
                            <42*f32n06>
                            <42*f33n08>
                            <42*f33n10>
                            <42*h22n09>
                            <42*h22n10>
                            <42*h27n02>
</ccs/home/aannabe> was used as the home directory.
</gpfs/alpine/mat151/proj-shared/aannabe/docs/molecules_Si/SiH4/qp2/fci_pbe/ex_t20> was used as the working directory.
Started at Mon Jul 13 15:13:46 2020
Terminated at Mon Jul 13 15:56:30 2020
Results reported at Mon Jul 13 15:56:30 2020

The output (if any) is above this job summary.



PS:

Read file <SiH4_ex_fci.err> for stderr output of this job.


------------------------------------------------------------
Sender: LSF System <lsfadmin@batch5>
Subject: Job 220126: <SiH4_ex_fci> in cluster <summit> Exited

Job <SiH4_ex_fci> was submitted from host <login3> by user <aannabe> in cluster <summit> at Mon Jul 13 16:08:01 2020
Job was executed on host(s) <1*batch5>, in queue <batch>, as user <aannabe> in cluster <summit> at Mon Jul 13 16:23:58 2020
                            <42*e03n07>
                            <42*e03n08>
                            <42*e03n09>
                            <42*e03n10>
                            <42*e03n11>
                            <42*e03n12>
                            <42*e03n13>
                            <42*e03n14>
                            <42*e03n15>
                            <42*e03n16>
                            <42*e03n17>
                            <42*e03n18>
                            <42*e04n01>
                            <42*e04n02>
                            <42*e04n03>
                            <42*e04n04>
                            <42*e04n05>
                            <42*e04n06>
                            <42*e04n07>
                            <42*e04n08>
                            <42*e04n09>
                            <42*e04n10>
                            <42*e04n11>
                            <42*e04n12>
                            <42*e04n13>
                            <42*e04n14>
                            <42*e04n15>
                            <42*e04n16>
                            <42*e04n17>
                            <42*e04n18>
                            <42*e05n01>
                            <42*e05n02>
</ccs/home/aannabe> was used as the home directory.
</gpfs/alpine/mat151/proj-shared/aannabe/docs/molecules_Si/SiH4/qp2/fci_pbe/ex_t20> was used as the working directory.
Started at Mon Jul 13 16:23:58 2020
Terminated at Mon Jul 13 17:15:34 2020
Results reported at Mon Jul 13 17:15:34 2020

The output (if any) is above this job summary.



PS:

Read file <SiH4_ex_fci.err> for stderr output of this job.

