
 Primary working directories    : /global/cscratch1/sd/gwang18
 Secondary working directories  : /global/cscratch1/sd/gwang18
 Wavefunction directory         : /global/homes/g/gwang18/wfu/
 Main file repository           : /global/cscratch1/sd/gwang18/

 SHA1      : 19cd028119e0e09f93f0674bd8af7968d9b3eff6
 NAME      : 2015.1.36
 ARCHNAME  : linux/x86_64
 FC        : /opt/cray/pe/craype/2.5.14/bin/ftn
 BLASLIB   : -L/opt/intel/compilers_and_libraries_2018.1.163/linux/mkl/lib/intel64 -Wl,-_start-group -lmkl_intel_ilp64 -lmkl_intel_thread -lmkl_core -Wl,-_end-group -liomp5
 id        : lbl

 Nodes     nprocs
 nid13005     1

 Using customized tuning parameters: mindgm=7; mindgv=16; mindgc=1; mindgr=1; noblas=0; minvec=7
 default implementation of scratch files=df  

 ***,SiH4
 memory,8,g
 gthresh,twoint=1.0E-12
 
 basis={
 ECP,Si,10,2,0;
 3;                                                                              !Vd
 1,5.168316,    4.000000
 3,8.861690,   20.673264
 2,3.933474,  -14.818174
 2;                                                                              !Vs-Vd
 2,9.447023,   14.832760
 2,2.553812,   26.349664
 2;                                                                              !Vp-Vd
 2,3.660001,    7.621400
 2,1.903653,   10.331583
 
 Including file /global/u2/g/gwang18/projects/si_gap/sih2/vertical/ci/triplet-ex/cisd/Si.aug-cc-pVDZ.basis
 
 ECP,H,0,1,0
 3;
 2,   21.77696655044365 ,     -10.85192405303825 ;
 1,   21.24359508259891 ,       1.00000000000000;
 3,   21.24359508259891 ,      21.24359508259891;
 1; 2,                   1.,                      0.;
 
 Including file /global/u2/g/gwang18/projects/si_gap/sih2/vertical/ci/triplet-ex/cisd/H.aug-cc-pVDZ.basis
 }
 
 angstrom
 geometry={
  Si
  H1     Si     1.51402
  H2     Si     1.51402      H1     91.9830
 }
 
                                                                                 ! HARTREE-FOCK
 {RHF
    wf,6,2,2                                                                     ! nelec,symm,spin
    print,orbitals=2
 }
 scf = energy
 
 !!NOTE: Perturbative MRCC works only with UHF reference. So, here we will trick MRCC by doing zero UHF iteration right after ROHF.
                                                                                 !{uhf
                                                                                 !print,orbitals=2
                                                                                 !wf,6,2,2
                                                                                 !maxit,0
                                                                                 !}
                                                                                 !scf=energy
                                                                                 !pop;
 
 {mrcc,method=CISD
 orbital,ignore_error=1                                                          !Ignore the fact that UHF WF is not converged
 maxit,100
 core
 }
 posthf1=energy
 
 table,scf,posthf1
 save
 type,csv
 

 Variables initialized (889), CPU time= 0.01 sec
 Commands  initialized (702), CPU time= 0.00 sec, 572 directives.
 Default parameters read. Elapsed time= 0.19 sec

 Checking input...
 Passed
1


                                         ***  PROGRAM SYSTEM MOLPRO  ***
                                       Copyright, TTI GmbH Stuttgart, 2015
                                    Version 2015.1 linked Dec 29 2018 15:55:43


 **********************************************************************************************************************************
 LABEL *   SiH4                                                                          
  64 bit serial version                                                                  DATE: 07-Jun-20          TIME: 03:43:54  
 **********************************************************************************************************************************

 SHA1:             19cd028119e0e09f93f0674bd8af7968d9b3eff6
 **********************************************************************************************************************************

 THRESHOLDS:

 ZERO    =  1.00D-12  ONEINT  =  1.00D-12  TWOINT  =  1.00D-12  PREFAC  =  1.00D-14  LOCALI  =  1.00D-09  EORDER  =  1.00D-04
 ENERGY  =  0.00D+00  ETEST   =  0.00D+00  EDENS   =  0.00D+00  THRDEDEF=  1.00D-06  GRADIENT=  1.00D-02  STEP    =  1.00D-03
 ORBITAL =  1.00D-05  CIVEC   =  1.00D-05  COEFF   =  1.00D-04  PRINTCI =  5.00D-02  PUNCHCI =  9.90D+01  OPTGRAD =  3.00D-04
 OPTENERG=  1.00D-06  OPTSTEP =  3.00D-04  THRGRAD =  1.00D-10  COMPRESS=  1.00D-11  VARMIN  =  1.00D-07  VARMAX  =  1.00D-03
 THRDOUB =  0.00D+00  THRDIV  =  1.00D-05  THRRED  =  1.00D-07  THRPSP  =  1.00D+00  THRDC   =  1.00D-10  THRCS   =  1.00D-10
 THRNRM  =  1.00D-08  THREQ   =  0.00D+00  THRDE   =  1.00D+00  THRREF  =  1.00D-05  SPARFAC =  1.00D+00  THRDLP  =  1.00D-07
 THRDIA  =  1.00D-10  THRDLS  =  1.00D-07  THRGPS  =  0.00D+00  THRKEX  =  0.00D+00  THRDIS  =  2.00D-01  THRVAR  =  1.00D-10
 THRLOC  =  1.00D-06  THRGAP  =  1.00D-06  THRLOCT = -1.00D+00  THRGAPT = -1.00D+00  THRORB  =  1.00D-06  THRMLTP =  0.00D+00
 THRCPQCI=  1.00D-10  KEXTA   =  0.00D+00  THRCOARS=  0.00D+00  SYMTOL  =  1.00D-06  GRADTOL =  1.00D-06  THROVL  =  1.00D-08
 THRORTH =  1.00D-08  GRID    =  1.00D-06  GRIDMAX =  1.00D-03  DTMAX   =  0.00D+00  THROCCDE=  1.00D-01  THROCCDE=  1.00D-01



 Variable memory set to 8000000000 words,  buffer space   230000 words

 SETTING BASIS          =    USERDEF
 ZUNIT=ANG
 


 Recomputing integrals since basis changed


 Using spherical harmonics



 PROGRAM * SEWARD (Integral evaluation for generally contracted gaussian basis sets)     Author: Roland Lindh, 1990

 Geometry written to block  1 of record 700

 Orientation using atomic masses  
 Molecule type: Asymmetric top,     Order of principal axis = 2
 Symmetry elements: X,Y
 Rotational constants:     113.0212983    242.8385172    211.4197542 GHz  (calculated with average atomic masses)

 Point group  C2v 



 ATOMIC COORDINATES

 NR  ATOM    CHARGE       X              Y              Z

   1  SI      4.00    0.000000000    0.000000000   -0.133121049
   2  H1      1.00    0.000000000    2.057796109    1.854659610
   3  H2      1.00    0.000000000   -2.057796109    1.854659610

 Bond lengths in Bohr (Angstrom)

 1-2  2.861083147  1-3  2.861083147
     ( 1.514020000)     ( 1.514020000)

 Bond angles

  2-1-3   91.98300000

 NUCLEAR CHARGE:                    6
 NUMBER OF PRIMITIVE AOS:          92
 NUMBER OF SYMMETRY AOS:           90
 NUMBER OF CONTRACTIONS:           40   (  17A1  +   7B1  +  12B2  +   4A2  )
 NUMBER OF CORE ORBITALS:           0   (   0A1  +   0B1  +   0B2  +   0A2  )
 NUMBER OF VALENCE ORBITALS:        6   (   3A1  +   1B1  +   2B2  +   0A2  )


 NUCLEAR REPULSION ENERGY    3.03912223

 Eigenvalues of metric

         1 0.218E-02 0.117E-01 0.301E-01 0.552E-01 0.660E-01 0.167E+00 0.224E+00 0.245E+00
         2 0.161E-01 0.662E-01 0.260E+00 0.478E+00 0.757E+00 0.197E+01 0.370E+01
         3 0.196E-02 0.480E-02 0.507E-01 0.753E-01 0.107E+00 0.244E+00 0.356E+00 0.371E+00
         4 0.169E+00 0.477E+00 0.806E+00 0.230E+01


 Contracted 2-electron integrals neglected if value below      1.0D-12
 AO integral compression algorithm  1   Integral accuracy      1.0D-12

     1.311 MB (compressed) written to integral file ( 92.5%)


 NUMBER OF SORTED TWO-ELECTRON INTEGRALS:      95435.     BUFFER LENGTH:  32768
 NUMBER OF SEGMENTS:   1  SEGMENT LENGTH:      95435      RECORD LENGTH: 524288

 Memory used in sort:       0.65 MW

 SORT1 READ      157879. AND WROTE       88348. INTEGRALS IN      1 RECORDS. CPU TIME:     0.01 SEC, REAL TIME:     0.01 SEC
 SORT2 READ       88348. AND WROTE       95435. INTEGRALS IN      5 RECORDS. CPU TIME:     0.01 SEC, REAL TIME:     0.02 SEC

 FILE SIZES:   FILE 1:    21.2 MBYTE,  FILE 4:     4.2 MBYTE,   TOTAL:     25.5 MBYTE

 OPERATOR DM      FOR CENTER  0  COORDINATES:    0.000000    0.000000    0.000000


 **********************************************************************************************************************************
 DATASETS  * FILE   NREC   LENGTH (MB)   RECORD NAMES
              1      20       20.58       500      610      700      900      950      970     1000      129      960     1100   
                                          VAR    BASINP    GEOM    SYMINP    ZMAT    AOBASIS   BASIS     P2S    ABASIS      S 
                                         1400     1410     1420     1200     1210     1080     1600     1650     1300     1700   
                                           T        V       ECP      H0       H01     AOSYM     SMH    MOLCAS    ERIS     OPER   

 PROGRAMS   *        TOTAL       INT
 CPU TIMES  *         0.89      0.79
 REAL TIME  *         5.57 SEC
 DISK USED  *        25.75 MB      
 **********************************************************************************************************************************


 PROGRAM * RHF-SCF (OPEN SHELL)       Authors: W. Meyer, H.-J. Werner


 NUMBER OF ELECTRONS:       4+    2-    SPACE SYMMETRY=2    SPIN SYMMETRY: Triplet 
 CONVERGENCE THRESHOLDS:    1.00E-05 (Density)    1.00E-07 (Energy)
 MAX. NUMBER OF ITERATIONS:       60
 INTERPOLATION TYPE:            DIIS
 INTERPOLATION STEPS:              2 (START)      1 (STEP)
 LEVEL SHIFTS:                 -0.60 (CLOSED) -0.30 (OPEN) 



 Orbital guess generated from atomic densities. Full valence occupancy:    3   1   2   0

 Molecular orbital dump at record        2100.2

 Initial alpha occupancy:   2   1   1   0
 Initial beta  occupancy:   1   0   1   0
 Wave function symmetry:    2

 ITERATION    DDIFF          GRAD             ENERGY        2-EL.EN.            DIPOLE MOMENTS         DIIS   ORB.
    1      0.000D+00      0.000D+00        -4.80258920      9.570701    0.00000    0.00000   -0.56760    0    start
    2      0.000D+00      0.819D-02        -4.81538290      9.664458    0.00000    0.00000   -0.36814    1    diag,B
    3      0.226D-01      0.429D-02        -4.82137416      9.723315    0.00000    0.00000   -0.26652    2    diag,B
    4      0.193D-01      0.180D-02        -4.82292353      9.724386    0.00000    0.00000   -0.27033    3    diag,B
    5      0.914D-02      0.570D-03        -4.82307706      9.718600    0.00000    0.00000   -0.27539    4    diag,B
    6      0.142D-02      0.139D-03        -4.82308470      9.718333    0.00000    0.00000   -0.27453    5    diag,B
    7      0.382D-03      0.472D-04        -4.82308555      9.718052    0.00000    0.00000   -0.27485    6    fixocc
    8      0.230D-03      0.138D-04        -4.82308564      9.718036    0.00000    0.00000   -0.27466    7    diag,B
    9      0.690D-04      0.491D-05        -4.82308565      9.718009    0.00000    0.00000   -0.27461    8    diag,B
   10      0.170D-04      0.138D-05        -4.82308565      9.717998    0.00000    0.00000   -0.27460    9    orth
   11      0.592D-05      0.325D-06        -4.82308565      9.717998    0.00000    0.00000   -0.27459    0    orth

 Final alpha occupancy:   2   1   1   0
 Final beta  occupancy:   1   0   1   0

 !RHF STATE 1.2 Energy                 -4.823085650626
 Nuclear energy                         3.03912223
 One-electron energy                  -12.72120705
 Two-electron energy                    4.85899917
 Virial quotient                       -1.88863881
 !RHF STATE 1.2 Dipole moment           0.00000000     0.00000000    -0.27459375
 Dipole moment /Debye                   0.00000000     0.00000000    -0.69790197

 ELECTRON ORBITALS
 =================


   Orb  Occ    Energy  Couls-En    Coefficients

                                   1 1s      1 1s      1 1s      1 2pz     1 2pz     1 2pz     1 3d0     1 3d2+    1 3d0     1 3d2+ 
                                   2 1s      2 1s      2 1s      2 2pz     2 2py     2 2pz     2 2py  

   1.1   2    -0.6659   -3.0531  0.699381 -0.007704 -0.007587  0.190391  0.040483  0.023248  0.009930 -0.033369  0.010534 -0.012370
                                 0.610096 -0.046350 -0.239208  0.012474  0.029650 -0.019859 -0.022345

   2.1   +    -0.4517   -2.3517 -0.609558 -0.005453  0.148090  0.631351  0.069958  0.090594 -0.013517 -0.070425  0.016114 -0.057928
                                 0.347145 -0.058604 -0.204621  0.032535  0.044907  0.003218 -0.008274

   3.1   0     0.0731   -0.9001 -0.279695 -0.016420 -1.483936 -1.203882  0.436146  0.244321  0.000892  0.009553  0.001105  0.072861
                                -0.026898  1.707873  0.094480 -0.119499 -0.091050  0.020120  0.018369

   4.1   0     0.1628   -1.0611  0.278033 -0.021345 -1.725471  0.754669 -0.101425 -1.082155 -0.103464  0.139417 -0.578318  0.605014
                                -0.325807  0.541652  0.961279 -0.240135 -0.435433  0.006033  0.001262

                                   1 2px     1 2px     1 2px     1 3d1+    1 3d1+    2 2px     2 2px  

   1.2   +    -0.3097   -2.0992  0.947262  0.025758  0.017754 -0.054408 -0.037605  0.007957  0.015684

   2.2   0     0.2061   -1.0152  0.352619 -0.140080 -0.110498  0.097876  0.979979 -0.081614  0.022293

   3.2   0     0.2941   -0.6919 -4.312738  1.792930  2.768115 -0.040555  0.090879 -0.019902 -0.001343

                                   1 2py     1 2py     1 2py     1 3d1-    1 3d1-    2 1s      2 1s      2 1s      2 2py     2 2pz  
                                   2 2py     2 2pz  

   1.3   2    -0.4551   -2.5837  0.517168  0.055017  0.037002  0.105957  0.072335  0.768783 -0.105329 -0.281189  0.045243  0.050318
                                -0.014407 -0.020830

   2.3   0     0.1055   -0.9088  0.248025 -0.202038  0.391466  0.141327  0.468296  0.299821 -2.275491 -0.337035  0.266414  0.250655
                                -0.023317 -0.007326

   3.3   0     0.1181   -1.1275 -1.614337  0.374876  0.787056  0.175329  0.549946  0.253775  1.767723 -0.816456  0.131996  0.216339
                                 0.011063  0.019617

                                   1 3d2-    1 3d2-    2 2px     2 2px  

   1.4   0     0.2141   -0.9884  0.082484  0.990639 -0.074987  0.021952

   2.4   0     0.5067   -0.4911  0.128499 -1.088342  1.667694 -0.055658

 HOMO      1.2    -0.309662 =      -8.4263eV
 LUMO      3.1     0.073129 =       1.9899eV
 LUMO-HOMO         0.382791 =      10.4163eV


 **********************************************************************************************************************************
 DATASETS  * FILE   NREC   LENGTH (MB)   RECORD NAMES
              1      20       20.58       500      610      700      900      950      970     1000      129      960     1100   
                                          VAR    BASINP    GEOM    SYMINP    ZMAT    AOBASIS   BASIS     P2S    ABASIS      S 
                                         1400     1410     1420     1200     1210     1080     1600     1650     1300     1700   
                                           T        V       ECP      H0       H01     AOSYM     SMH    MOLCAS    ERIS     OPER   

              2       4        2.78       700     1000      520     2100   
                                         GEOM     BASIS   MCVARS     RHF  

 PROGRAMS   *        TOTAL       RHF       INT
 CPU TIMES  *         0.95      0.06      0.79
 REAL TIME  *         5.77 SEC
 DISK USED  *        25.75 MB      
 **********************************************************************************************************************************
 SETTING SCF            =        -4.82308565  AU                              


 PROGRAM * MRCC (General Multireference Coupled Cluster)    Author: M. Kallay, 2000-2005

 ***  Initialisation ***
 
 Molecular orbitals read from record     2100.2  Type=RHF/CANONICAL (state 1.2)
 
 Frozen orbitals:              0 (  0  0  0  0  0  0  0  0)
 Active orbitals:             40 ( 17  7 12  4  0  0  0  0)
 Active electrons:             6
 Spin quantum number:          1.0

 Transformed integrals will be written to file mrcc_39685/fort.55

 Load integrals                1.1 sec
 Transform integrals           1.1 sec
 Storage for integrals:         180418
 Remaining memory:           *********

 Core energy:               3.03912223
 
 MRCC Input:
     2     0     0     0     0     0     0     2     0     0     1     0     1     0     0     7     0     0   0.000     0   64000
  ex.lev,nsing,ntrip, rest,method,dens,conver,symm, diag, CS ,spatial, HF, ndoub,nacto,nactv, tol, maxex, sacc, freq,  dboc,   mem
  2  1  0  0  0  0  0  0  0  0  0  0  0  0  0  0  0  1  0  0  0  0  0  0  2  0  0  0  0  0  0  0  0  0  0  0  0  0  0  0
 MRCC Input end
 Variable memory released
 MRCC now being run, temporary output in /global/cscratch1/sd/gwang18/mrcc_39685/mrcc.out
 **********************************************************************
                          MRCC program system
 **********************************************************************

                              Written by
 Mihaly Kallay, Peter R. Nagy, Zoltan Rolik, David Mester, Gyula Samu,
   Jozsef Csontos, Jozsef Csoka, Bernat P. Szabo, Laszlo Gyevi-Nagy,
    Istvan Ladjanszki, Lorant Szegedy, Bence Ladoczki, Klara Petrov,
              Mate Farkas, Pal D. Mezei, and Bence Hegely

        Department of Physical Chemistry and Materials Science
            Budapest University of Technology and Economics
                  Budapest P.O.Box 91, H-1521 Hungary

                              www.mrcc.hu

                     Release date: February 9, 2019

 ************************ 2020-06-07 03:44:01 *************************
 Executing goldstone...

 Generation of CI equations in terms of H and C...
 Generation of antisymmetrized Goldstone diagrams...
 Number of diagrams in T^1 equations:     7
 Number of diagrams in T^2 equations:     9
 Translation of diagrams to factorized equations...
 Optimizing intermediate calculation...
 Number of floating-point operations per iteration step:   6.3582E+06
 Probable CPU time per iteration step (hours):      0.00
 Required memory (Mbytes):     248.4
 Number of intermediates:                                  27
 Number of intermediates to be stored:                     11
 Length of intermediate file (Mbytes):       9.5

 ************************ 2020-06-07 03:44:01 *************************
 Executing xmrcc...

 **********************************************************************
 CI(                     2 ) calculation


 Allocation of 248.4 Mbytes of memory...
 Number of spinorbitals:                    80
 Number of alpha electrons:                        4
 Number of beta electrons:                         2
 Spin multiplicity:                     2
 z-component of spin:  1.0
 Spatial symmetry:                      2
 Convergence criterion:  1.0E-07
 Construction of occupation graphs...
 Number of                     0 -fold excitations:                      1
 Number of                     1 -fold excitations:                     74
 Number of                     2 -fold excitations:                   4149
 Total number of configurations:                   4224
 Calculation of coupling coefficients...
 Length of intermediate file (Mbytes):       7.5

 ======================================================================

 Memory requirements /Mbyte/:
               Minimal        Optimal
 Real*8:          3.7477        19.5474
 Integer:         0.4594
 Total:           4.2071        20.0067


 ************************ 2020-06-07 03:44:01 *************************
 Executing mrcc...

 **********************************************************************
 CISD calculation


 Allocation of   19.5 Mbytes of memory...
 Number of spinorbitals:  80
 Number of alpha electrons:  4
 Number of beta  electrons:  2
 Spin multiplicity: 2
 z-component of spin:  1.0
 Spatial symmetry: 2
 Convergence criterion:  1.0E-07
 Construction of occupation graphs...
 Number of 0-fold excitations: 1
 Number of 1-fold excitations: 74
 Number of 2-fold excitations: 4149
 Total number of determinants: 4224
 Calculation of coupling coefficients...
 Initial cluster amplitudes are generated.
 Length of intermediate file (Mbytes):       7.5
 Reading integral list from unit 55...
 Sorting integrals...
 Energy of reference determinant [au]:      -4.823085650626
 Calculation of diagonal elements of Hamiltonian...

 Starting CI iteration for root                      1 ...
 ======================================================================
 Norm of residual vector:     0.43483466      Convergence:   1.00000000
 CPU time [min]:     0.004                   Wall time [min]:     0.004

 Iteration  1  CI energy:    -4.82308565  Energy decrease:   0.0000E+00
 ======================================================================
 Norm of residual vector:     0.07071257      Convergence:   0.24544750
 CPU time [min]:     0.005                   Wall time [min]:     0.006

 Iteration  2  CI energy:    -4.91983508  Energy decrease:   0.09674943
 ======================================================================
 Norm of residual vector:     0.02276232      Convergence:   0.06095927
 CPU time [min]:     0.007                   Wall time [min]:     0.008

 Iteration  3  CI energy:    -4.92337042  Energy decrease:   0.00353534
 ======================================================================
 Norm of residual vector:     0.00597569      Convergence:   0.01632460
 CPU time [min]:     0.008                   Wall time [min]:     0.010

 Iteration  4  CI energy:    -4.92369143  Energy decrease:   0.00032101
 ======================================================================
 Norm of residual vector:     0.00218647      Convergence:   0.00606476
 CPU time [min]:     0.010                   Wall time [min]:     0.012

 Iteration  5  CI energy:    -4.92372199  Energy decrease:   0.00003056
 ======================================================================
 Norm of residual vector:     0.00061404      Convergence:   0.00183368
 CPU time [min]:     0.011                   Wall time [min]:     0.014

 Iteration  6  CI energy:    -4.92372550  Energy decrease:   0.00000352
 ======================================================================
 Norm of residual vector:     0.00019983      Convergence:   0.00060920
 CPU time [min]:     0.013                   Wall time [min]:     0.016

 Iteration  7  CI energy:    -4.92372582  Energy decrease:   0.00000032
 ======================================================================
 Norm of residual vector:     0.00005001      Convergence:   0.00015468
 CPU time [min]:     0.014                   Wall time [min]:     0.017

 Iteration  8  CI energy:    -4.92372585  Energy decrease:   0.00000003
 ======================================================================
 Norm of residual vector:     0.00001298      Convergence:   0.00004306
 CPU time [min]:     0.016                   Wall time [min]:     0.019

 Iteration  9  CI energy:    -4.92372585  Energy decrease:   1.8678E-09
 ======================================================================
 Norm of residual vector:     0.00000345      Convergence:   0.00001026
 CPU time [min]:     0.017                   Wall time [min]:     0.021

 Iteration 10  CI energy:    -4.92372585  Energy decrease:   1.1646E-10
 ======================================================================
 Norm of residual vector:     0.00000085      Convergence:   0.00000263
 CPU time [min]:     0.019                   Wall time [min]:     0.022

 Iteration 11  CI energy:    -4.92372585  Energy decrease:   7.9758E-12
 ======================================================================
 Norm of residual vector:     0.00000024      Convergence:   0.00000075
 CPU time [min]:     0.020                   Wall time [min]:     0.024

 Iteration 12  CI energy:    -4.92372585  Energy decrease:   5.5067E-13
 ======================================================================
 Norm of residual vector:     0.0000E+00      Convergence:   2.1946E-07
 CPU time [min]:     0.022                   Wall time [min]:     0.025

 Iteration 13  CI energy:    -4.92372585  Energy decrease:   4.7962E-14
 ======================================================================

 Iteration has converged in 13 steps.

 Final results:
 Total CISD energy [au]:              -4.923725851760

 ************************ 2020-06-07 03:44:03 *************************
                      Normal termination of mrcc.
 **********************************************************************
 !CISD STATE 1.2 Energy                -4.923725851760
 
 CPU-time for MRCC:              1.3 sec
 Elapsed-time for MRCC:          3.3 sec

 Variable memory set to 8000000000 words,  buffer space   230000 words



 **********************************************************************************************************************************
 DATASETS  * FILE   NREC   LENGTH (MB)   RECORD NAMES
              1      20       20.58       500      610      700      900      950      970     1000      129      960     1100   
                                          VAR    BASINP    GEOM    SYMINP    ZMAT    AOBASIS   BASIS     P2S    ABASIS      S 
                                         1400     1410     1420     1200     1210     1080     1600     1650     1300     1700   
                                           T        V       ECP      H0       H01     AOSYM     SMH    MOLCAS    ERIS     OPER   

              2       4        2.78       700     1000      520     2100   
                                         GEOM     BASIS   MCVARS     RHF  

 PROGRAMS   *        TOTAL      MRCC       RHF       INT
 CPU TIMES  *         2.43      1.48      0.06      0.79
 REAL TIME  *         9.48 SEC
 DISK USED  *        25.75 MB      
 **********************************************************************************************************************************
 SETTING POSTHF1        =        -4.92372585  AU                              
 Output type csv         
                                                                                                                                                                                                                                                                

      SCF,POSTHF1
   -4.82308565,   -4.92372585
                                                  

 CISD/USERDEF energy=     -4.923725851760

        CISD            RHF-SCF 
     -4.92372585     -4.82308565
 **********************************************************************************************************************************
 Molpro calculation terminated
 Variable memory released
