#-------------------------------------------------
#VMC run: timestep 1 nconfig 3200 steps 20
#-------------------------------------------------


init { 
   label vmc
}
block { 
   label vmc
   totweight 64000
   nautocorr 0
   total_energy { -5.71849871852709   } 
   total_energyvar { 0.6723268547464047   } 
   weight { 1   } 
   weightvar { 0   } 
   kinetic_energy { 3.429720461749537   } 
   kinetic_energyvar { 4.273078434564778   } 
   potential_energy { -9.764458616831924   } 
   potential_energyvar { 6.375591750445241   } 
   nonlocal_energy { 0.6162394365552994   } 
   nonlocal_energyvar { 2.374381721504863   } 
   autocorr_energy { } 
} 

block { 
   label vmc
   totweight 64000
   nautocorr 0
   total_energy { -5.711132702402699   } 
   total_energyvar { 0.6792793755868872   } 
   weight { 1   } 
   weightvar { 0   } 
   kinetic_energy { 3.436350554352131   } 
   kinetic_energyvar { 4.313828195328755   } 
   potential_energy { -9.76145508524854   } 
   potential_energyvar { 6.247694864613377   } 
   nonlocal_energy { 0.6139718284937126   } 
   nonlocal_energyvar { 2.273774840974707   } 
   autocorr_energy { } 
} 

block { 
   label vmc
   totweight 64000
   nautocorr 0
   total_energy { -5.712629591290287   } 
   total_energyvar { 0.6794092584905034   } 
   weight { 1   } 
   weightvar { 0   } 
   kinetic_energy { 3.426047532083424   } 
   kinetic_energyvar { 4.297023374518403   } 
   potential_energy { -9.753231097767607   } 
   potential_energyvar { 5.950159858678226   } 
   nonlocal_energy { 0.6145539743938921   } 
   nonlocal_energyvar { 2.155933326504204   } 
   autocorr_energy { } 
} 

block { 
   label vmc
   totweight 64000
   nautocorr 0
   total_energy { -5.713809501569744   } 
   total_energyvar { 0.6969683048484344   } 
   weight { 1   } 
   weightvar { 0   } 
   kinetic_energy { 3.438557588571161   } 
   kinetic_energyvar { 4.399217754040763   } 
   potential_energy { -9.79013164165459   } 
   potential_energyvar { 6.886980373067416   } 
   nonlocal_energy { 0.6377645515136846   } 
   nonlocal_energyvar { 2.76357927192891   } 
   autocorr_energy { } 
} 

block { 
   label vmc
   totweight 64000
   nautocorr 0
   total_energy { -5.720982258603914   } 
   total_energyvar { 0.6420320878271883   } 
   weight { 1   } 
   weightvar { 0   } 
   kinetic_energy { 3.431530139179413   } 
   kinetic_energyvar { 4.234564916797429   } 
   potential_energy { -9.76044599304621   } 
   potential_energyvar { 5.94922977019549   } 
   nonlocal_energy { 0.6079335952628815   } 
   nonlocal_energyvar { 2.086083154844088   } 
   autocorr_energy { } 
} 

block { 
   label vmc
   totweight 64000
   nautocorr 0
   total_energy { -5.713886666241907   } 
   total_energyvar { 0.6822316760213543   } 
   weight { 1   } 
   weightvar { 0   } 
   kinetic_energy { 3.408740389493227   } 
   kinetic_energyvar { 4.169399316828553   } 
   potential_energy { -9.747177202933349   } 
   potential_energyvar { 6.459155399360973   } 
   nonlocal_energy { 0.6245501471982151   } 
   nonlocal_energyvar { 2.821044400826633   } 
   autocorr_energy { } 
} 

block { 
   label vmc
   totweight 64000
   nautocorr 0
   total_energy { -5.722161921140902   } 
   total_energyvar { 0.6713164201347078   } 
   weight { 1   } 
   weightvar { 0   } 
   kinetic_energy { 3.418444616180826   } 
   kinetic_energyvar { 4.172893635669819   } 
   potential_energy { -9.75733061425383   } 
   potential_energyvar { 6.070163881006749   } 
   nonlocal_energy { 0.6167240769321031   } 
   nonlocal_energyvar { 2.131193380392516   } 
   autocorr_energy { } 
} 

block { 
   label vmc
   totweight 64000
   nautocorr 0
   total_energy { -5.712970709375586   } 
   total_energyvar { 0.6929932803232353   } 
   weight { 1   } 
   weightvar { 0   } 
   kinetic_energy { 3.4278265847679   } 
   kinetic_energyvar { 4.309454640022614   } 
   potential_energy { -9.764885938999431   } 
   potential_energyvar { 6.310302353169472   } 
   nonlocal_energy { 0.6240886448559441   } 
   nonlocal_energyvar { 2.294753643705334   } 
   autocorr_energy { } 
} 

block { 
   label vmc
   totweight 64000
   nautocorr 0
   total_energy { -5.712034198911131   } 
   total_energyvar { 0.7149845393484325   } 
   weight { 1   } 
   weightvar { 0   } 
   kinetic_energy { 3.442820566748958   } 
   kinetic_energyvar { 4.323068976770103   } 
   potential_energy { -9.76653086057294   } 
   potential_energyvar { 6.40181994165129   } 
   nonlocal_energy { 0.6116760949128492   } 
   nonlocal_energyvar { 2.282607174901637   } 
   autocorr_energy { } 
} 

block { 
   label vmc
   totweight 64000
   nautocorr 0
   total_energy { -5.71342401763907   } 
   total_energyvar { 0.7273358780393022   } 
   weight { 1   } 
   weightvar { 0   } 
   kinetic_energy { 3.452537593527989   } 
   kinetic_energyvar { 4.288392974431606   } 
   potential_energy { -9.790991377411174   } 
   potential_energyvar { 6.090584607014679   } 
   nonlocal_energy { 0.6250297662441159   } 
   nonlocal_energyvar { 2.155023380865007   } 
   autocorr_energy { } 
} 

block { 
   label vmc
   totweight 64000
   nautocorr 0
   total_energy { -5.715132842905702   } 
   total_energyvar { 0.7435379641333618   } 
   weight { 1   } 
   weightvar { 0   } 
   kinetic_energy { 3.418084000073088   } 
   kinetic_energyvar { 4.217996172491394   } 
   potential_energy { -9.748118741702413   } 
   potential_energyvar { 6.240577406492665   } 
   nonlocal_energy { 0.6149018987236263   } 
   nonlocal_energyvar { 2.236844463206471   } 
   autocorr_energy { } 
} 

block { 
   label vmc
   totweight 64000
   nautocorr 0
   total_energy { -5.714646464644115   } 
   total_energyvar { 0.6664176380804994   } 
   weight { 1   } 
   weightvar { 0   } 
   kinetic_energy { 3.416004717719575   } 
   kinetic_energyvar { 4.2431145632288   } 
   potential_energy { -9.754947398340667   } 
   potential_energyvar { 6.68653401668788   } 
   nonlocal_energy { 0.6242962159769745   } 
   nonlocal_energyvar { 2.52690255826002   } 
   autocorr_energy { } 
} 

block { 
   label vmc
   totweight 64000
   nautocorr 0
   total_energy { -5.715080771201012   } 
   total_energyvar { 0.6473305956643479   } 
   weight { 1   } 
   weightvar { 0   } 
   kinetic_energy { 3.425445002871129   } 
   kinetic_energyvar { 4.350181484522786   } 
   potential_energy { -9.77262389492593   } 
   potential_energyvar { 6.422813285955019   } 
   nonlocal_energy { 0.6320981208537915   } 
   nonlocal_energyvar { 2.550319851620049   } 
   autocorr_energy { } 
} 

block { 
   label vmc
   totweight 64000
   nautocorr 0
   total_energy { -5.714571397934948   } 
   total_energyvar { 0.6638768939363049   } 
   weight { 1   } 
   weightvar { 0   } 
   kinetic_energy { 3.44025529653354   } 
   kinetic_energyvar { 4.356459284809095   } 
   potential_energy { -9.767557241904779   } 
   potential_energyvar { 6.33836562190818   } 
   nonlocal_energy { 0.6127305474362907   } 
   nonlocal_energyvar { 2.334065032107379   } 
   autocorr_energy { } 
} 

block { 
   label vmc
   totweight 64000
   nautocorr 0
   total_energy { -5.710980676363686   } 
   total_energyvar { 0.7335724091549048   } 
   weight { 1   } 
   weightvar { 0   } 
   kinetic_energy { 3.409133228468647   } 
   kinetic_energyvar { 4.136381937058255   } 
   potential_energy { -9.740240850133695   } 
   potential_energyvar { 6.32449481907556   } 
   nonlocal_energy { 0.620126945301364   } 
   nonlocal_energyvar { 2.315737507096743   } 
   autocorr_energy { } 
} 

block { 
   label vmc
   totweight 64000
   nautocorr 0
   total_energy { -5.711241602716191   } 
   total_energyvar { 0.7070213779634913   } 
   weight { 1   } 
   weightvar { 0   } 
   kinetic_energy { 3.444764828527171   } 
   kinetic_energyvar { 4.316933878216712   } 
   potential_energy { -9.775921338328088   } 
   potential_energyvar { 6.160915525346716   } 
   nonlocal_energy { 0.6199149070847279   } 
   nonlocal_energyvar { 2.100901854895483   } 
   autocorr_energy { } 
} 

block { 
   label vmc
   totweight 64000
   nautocorr 0
   total_energy { -5.71420990764072   } 
   total_energyvar { 0.7266501025855582   } 
   weight { 1   } 
   weightvar { 0   } 
   kinetic_energy { 3.418996362061319   } 
   kinetic_energyvar { 4.194032365730291   } 
   potential_energy { -9.748612335114311   } 
   potential_energyvar { 6.381240264385979   } 
   nonlocal_energy { 0.6154060654122721   } 
   nonlocal_energyvar { 2.428717080096126   } 
   autocorr_energy { } 
} 

block { 
   label vmc
   totweight 64000
   nautocorr 0
   total_energy { -5.714435745361728   } 
   total_energyvar { 0.7260876933658312   } 
   weight { 1   } 
   weightvar { 0   } 
   kinetic_energy { 3.421830888691874   } 
   kinetic_energyvar { 4.444996358857929   } 
   potential_energy { -9.763350122422924   } 
   potential_energyvar { 6.786188028562828   } 
   nonlocal_energy { 0.627083488369321   } 
   nonlocal_energyvar { 2.664364125796965   } 
   autocorr_energy { } 
} 

block { 
   label vmc
   totweight 64000
   nautocorr 0
   total_energy { -5.714785895602277   } 
   total_energyvar { 0.6696754613932216   } 
   weight { 1   } 
   weightvar { 0   } 
   kinetic_energy { 3.450286971300914   } 
   kinetic_energyvar { 4.459000272399501   } 
   potential_energy { -9.795481447451431   } 
   potential_energyvar { 6.659380293636876   } 
   nonlocal_energy { 0.6304085805482428   } 
   nonlocal_energyvar { 2.493963865151528   } 
   autocorr_energy { } 
} 

block { 
   label vmc
   totweight 64000
   nautocorr 0
   total_energy { -5.71615716933487   } 
   total_energyvar { 0.7098112688260716   } 
   weight { 1   } 
   weightvar { 0   } 
   kinetic_energy { 3.416081635399513   } 
   kinetic_energyvar { 4.145299381290368   } 
   potential_energy { -9.75297949565446   } 
   potential_energyvar { 6.967765966349543   } 
   nonlocal_energy { 0.6207406909200768   } 
   nonlocal_energyvar { 2.708435978371067   } 
   autocorr_energy { } 
} 

block { 
   label vmc
   totweight 64000
   nautocorr 0
   total_energy { -5.715804682476336   } 
   total_energyvar { 0.6637023871444249   } 
   weight { 1   } 
   weightvar { 0   } 
   kinetic_energy { 3.418056141454094   } 
   kinetic_energyvar { 4.317634110312166   } 
   potential_energy { -9.760281695304137   } 
   potential_energyvar { 6.416968646973449   } 
   nonlocal_energy { 0.6264208713737068   } 
   nonlocal_energyvar { 2.602665520411659   } 
   autocorr_energy { } 
} 

block { 
   label vmc
   totweight 64000
   nautocorr 0
   total_energy { -5.715406114698903   } 
   total_energyvar { 0.6708498837604235   } 
   weight { 1   } 
   weightvar { 0   } 
   kinetic_energy { 3.431815518334438   } 
   kinetic_energyvar { 4.191575008638496   } 
   potential_energy { -9.757061947480045   } 
   potential_energyvar { 6.247933723211188   } 
   nonlocal_energy { 0.6098403144467016   } 
   nonlocal_energyvar { 2.207603214678599   } 
   autocorr_energy { } 
} 

block { 
   label vmc
   totweight 64000
   nautocorr 0
   total_energy { -5.709560413861124   } 
   total_energyvar { 0.7364379007571435   } 
   weight { 1   } 
   weightvar { 0   } 
   kinetic_energy { 3.395902093431748   } 
   kinetic_energyvar { 4.12471971731404   } 
   potential_energy { -9.731663824062961   } 
   potential_energyvar { 6.090160140636468   } 
   nonlocal_energy { 0.6262013167700915   } 
   nonlocal_energyvar { 2.373005978204493   } 
   autocorr_energy { } 
} 

block { 
   label vmc
   totweight 64000
   nautocorr 0
   total_energy { -5.717309180590719   } 
   total_energyvar { 0.6643089491108888   } 
   weight { 1   } 
   weightvar { 0   } 
   kinetic_energy { 3.419547993582832   } 
   kinetic_energyvar { 4.195610980402268   } 
   potential_energy { -9.755961245963212   } 
   potential_energyvar { 6.356284921326884   } 
   nonlocal_energy { 0.6191040717896634   } 
   nonlocal_energyvar { 2.438569959572815   } 
   autocorr_energy { } 
} 

block { 
   label vmc
   totweight 64000
   nautocorr 0
   total_energy { -5.711703731962992   } 
   total_energyvar { 0.6778644630765636   } 
   weight { 1   } 
   weightvar { 0   } 
   kinetic_energy { 3.4413509189578   } 
   kinetic_energyvar { 4.179524607238942   } 
   potential_energy { -9.770189990253533   } 
   potential_energyvar { 7.465852422172159   } 
   nonlocal_energy { 0.6171353393327424   } 
   nonlocal_energyvar { 3.381024536376789   } 
   autocorr_energy { } 
} 

block { 
   label vmc
   totweight 64000
   nautocorr 0
   total_energy { -5.710814002116557   } 
   total_energyvar { 0.6813516369737376   } 
   weight { 1   } 
   weightvar { 0   } 
   kinetic_energy { 3.421704355384933   } 
   kinetic_energyvar { 4.247123246899201   } 
   potential_energy { -9.748417260404549   } 
   potential_energyvar { 5.982537026953525   } 
   nonlocal_energy { 0.6158989029030625   } 
   nonlocal_energyvar { 2.15310796917727   } 
   autocorr_energy { } 
} 

block { 
   label vmc
   totweight 64000
   nautocorr 0
   total_energy { -5.709979253459132   } 
   total_energyvar { 0.672838253174761   } 
   weight { 1   } 
   weightvar { 0   } 
   kinetic_energy { 3.418031550382155   } 
   kinetic_energyvar { 4.217305173543431   } 
   potential_energy { -9.739653893427491   } 
   potential_energyvar { 5.988574024693333   } 
   nonlocal_energy { 0.6116430895862031   } 
   nonlocal_energyvar { 2.070920506837584   } 
   autocorr_energy { } 
} 

block { 
   label vmc
   totweight 64000
   nautocorr 0
   total_energy { -5.711885667692345   } 
   total_energyvar { 0.6759862285118509   } 
   weight { 1   } 
   weightvar { 0   } 
   kinetic_energy { 3.439500814676703   } 
   kinetic_energyvar { 4.257216337557947   } 
   potential_energy { -9.761700067008556   } 
   potential_energyvar { 6.24200266901369   } 
   nonlocal_energy { 0.6103135846395086   } 
   nonlocal_energyvar { 2.236358216651686   } 
   autocorr_energy { } 
} 

block { 
   label vmc
   totweight 64000
   nautocorr 0
   total_energy { -5.708222793115934   } 
   total_energyvar { 0.707478773335228   } 
   weight { 1   } 
   weightvar { 0   } 
   kinetic_energy { 3.418572953258931   } 
   kinetic_energyvar { 4.182758069555495   } 
   potential_energy { -9.734237250335152   } 
   potential_energyvar { 5.992096626554465   } 
   nonlocal_energy { 0.6074415039602871   } 
   nonlocal_energyvar { 2.028848589616808   } 
   autocorr_energy { } 
} 

block { 
   label vmc
   totweight 64000
   nautocorr 0
   total_energy { -5.711585531498243   } 
   total_energyvar { 0.6766950501264919   } 
   weight { 1   } 
   weightvar { 0   } 
   kinetic_energy { 3.430347241042884   } 
   kinetic_energyvar { 4.278029604188722   } 
   potential_energy { -9.765666932144526   } 
   potential_energyvar { 6.122161979667793   } 
   nonlocal_energy { 0.6237341596034001   } 
   nonlocal_energyvar { 2.290807050425468   } 
   autocorr_energy { } 
} 

block { 
   label vmc
   totweight 64000
   nautocorr 0
   total_energy { -5.70951958735751   } 
   total_energyvar { 0.6885829514750291   } 
   weight { 1   } 
   weightvar { 0   } 
   kinetic_energy { 3.416177865359266   } 
   kinetic_energyvar { 4.183139648990815   } 
   potential_energy { -9.740379679943244   } 
   potential_energyvar { 6.246344533010258   } 
   nonlocal_energy { 0.6146822272264678   } 
   nonlocal_energyvar { 2.359191019223139   } 
   autocorr_energy { } 
} 

block { 
   label vmc
   totweight 64000
   nautocorr 0
   total_energy { -5.72049535054196   } 
   total_energyvar { 0.7420259473462126   } 
   weight { 1   } 
   weightvar { 0   } 
   kinetic_energy { 3.390074268054311   } 
   kinetic_energyvar { 4.0707495605879   } 
   potential_energy { -9.742515160138632   } 
   potential_energyvar { 6.587817052180734   } 
   nonlocal_energy { 0.6319455415423573   } 
   nonlocal_energyvar { 2.449728318101205   } 
   autocorr_energy { } 
} 

block { 
   label vmc
   totweight 64000
   nautocorr 0
   total_energy { -5.714594025766742   } 
   total_energyvar { 0.719256930820491   } 
   weight { 1   } 
   weightvar { 0   } 
   kinetic_energy { 3.409840396149996   } 
   kinetic_energyvar { 4.228996988599603   } 
   potential_energy { -9.740763166368199   } 
   potential_energyvar { 6.155789606180474   } 
   nonlocal_energy { 0.6163287444514601   } 
   nonlocal_energyvar { 2.410660311190467   } 
   autocorr_energy { } 
} 

block { 
   label vmc
   totweight 64000
   nautocorr 0
   total_energy { -5.711626078839316   } 
   total_energyvar { 0.7184907761589594   } 
   weight { 1   } 
   weightvar { 0   } 
   kinetic_energy { 3.424452699037381   } 
   kinetic_energyvar { 4.288112433639173   } 
   potential_energy { -9.748331682510848   } 
   potential_energyvar { 6.131256764900623   } 
   nonlocal_energy { 0.6122529046341531   } 
   nonlocal_energyvar { 2.275609274567507   } 
   autocorr_energy { } 
} 

block { 
   label vmc
   totweight 64000
   nautocorr 0
   total_energy { -5.718082073992525   } 
   total_energyvar { 0.6451532656812077   } 
   weight { 1   } 
   weightvar { 0   } 
   kinetic_energy { 3.440553187406052   } 
   kinetic_energyvar { 4.215680289297762   } 
   potential_energy { -9.770895525125585   } 
   potential_energyvar { 6.062819391564407   } 
   nonlocal_energy { 0.6122602637270075   } 
   nonlocal_energyvar { 2.171213921114828   } 
   autocorr_energy { } 
} 

block { 
   label vmc
   totweight 64000
   nautocorr 0
   total_energy { -5.713634827545511   } 
   total_energyvar { 0.7033349533098892   } 
   weight { 1   } 
   weightvar { 0   } 
   kinetic_energy { 3.400366471151415   } 
   kinetic_energyvar { 4.075875854287156   } 
   potential_energy { -9.723145238398654   } 
   potential_energyvar { 5.883383662104639   } 
   nonlocal_energy { 0.6091439397017285   } 
   nonlocal_energyvar { 2.176209697930315   } 
   autocorr_energy { } 
} 

block { 
   label vmc
   totweight 64000
   nautocorr 0
   total_energy { -5.71013753051943   } 
   total_energyvar { 0.705357143252283   } 
   weight { 1   } 
   weightvar { 0   } 
   kinetic_energy { 3.423691821523228   } 
   kinetic_energyvar { 4.145203582637348   } 
   potential_energy { -9.759507631925706   } 
   potential_energyvar { 6.656612341636088   } 
   nonlocal_energy { 0.6256782798830456   } 
   nonlocal_energyvar { 2.529483566475427   } 
   autocorr_energy { } 
} 

block { 
   label vmc
   totweight 64000
   nautocorr 0
   total_energy { -5.726916740458361   } 
   total_energyvar { 0.6514629449132323   } 
   weight { 1   } 
   weightvar { 0   } 
   kinetic_energy { 3.418332299240106   } 
   kinetic_energyvar { 4.129451008226339   } 
   potential_energy { -9.766417729576675   } 
   potential_energyvar { 6.166145551105345   } 
   nonlocal_energy { 0.6211686898782086   } 
   nonlocal_energyvar { 2.365551104860385   } 
   autocorr_energy { } 
} 

block { 
   label vmc
   totweight 64000
   nautocorr 0
   total_energy { -5.713672193445118   } 
   total_energyvar { 0.6954415343918421   } 
   weight { 1   } 
   weightvar { 0   } 
   kinetic_energy { 3.411938906463754   } 
   kinetic_energyvar { 4.282189614081824   } 
   potential_energy { -9.745737452480201   } 
   potential_energyvar { 6.236743110306337   } 
   nonlocal_energy { 0.620126352571331   } 
   nonlocal_energyvar { 2.251243114838366   } 
   autocorr_energy { } 
} 

block { 
   label vmc
   totweight 64000
   nautocorr 0
   total_energy { -5.712889579261523   } 
   total_energyvar { 0.7098648022973491   } 
   weight { 1   } 
   weightvar { 0   } 
   kinetic_energy { 3.41684827480463   } 
   kinetic_energyvar { 4.184837190246387   } 
   potential_energy { -9.75759865979658   } 
   potential_energyvar { 6.144266741324714   } 
   nonlocal_energy { 0.6278608057304276   } 
   nonlocal_energyvar { 2.251037425730147   } 
   autocorr_energy { } 
} 

block { 
   label vmc
   totweight 64000
   nautocorr 0
   total_energy { -5.714304941320146   } 
   total_energyvar { 0.6827734758561647   } 
   weight { 1   } 
   weightvar { 0   } 
   kinetic_energy { 3.413952685268177   } 
   kinetic_energyvar { 4.272743957445359   } 
   potential_energy { -9.751646611000998   } 
   potential_energyvar { 6.222453849570017   } 
   nonlocal_energy { 0.6233889844126752   } 
   nonlocal_energyvar { 2.324516198657459   } 
   autocorr_energy { } 
} 

block { 
   label vmc
   totweight 64000
   nautocorr 0
   total_energy { -5.711877879126192   } 
   total_energyvar { 0.6766967473104589   } 
   weight { 1   } 
   weightvar { 0   } 
   kinetic_energy { 3.415625541773654   } 
   kinetic_energyvar { 4.134653005850867   } 
   potential_energy { -9.740132506677362   } 
   potential_energyvar { 6.100385340755365   } 
   nonlocal_energy { 0.6126290857775187   } 
   nonlocal_energyvar { 2.405296747183977   } 
   autocorr_energy { } 
} 

block { 
   label vmc
   totweight 64000
   nautocorr 0
   total_energy { -5.715327324671187   } 
   total_energyvar { 0.711417234188829   } 
   weight { 1   } 
   weightvar { 0   } 
   kinetic_energy { 3.427905143346937   } 
   kinetic_energyvar { 4.281453877903234   } 
   potential_energy { -9.771143947344965   } 
   potential_energyvar { 6.618047867257776   } 
   nonlocal_energy { 0.627911479326842   } 
   nonlocal_energyvar { 2.51416385832965   } 
   autocorr_energy { } 
} 

block { 
   label vmc
   totweight 64000
   nautocorr 0
   total_energy { -5.705267735042269   } 
   total_energyvar { 0.7712548073005778   } 
   weight { 1   } 
   weightvar { 0   } 
   kinetic_energy { 3.439748410911609   } 
   kinetic_energyvar { 4.350507900907427   } 
   potential_energy { -9.783465176703288   } 
   potential_energyvar { 7.007004328742974   } 
   nonlocal_energy { 0.6384490307494102   } 
   nonlocal_energyvar { 2.701720982599749   } 
   autocorr_energy { } 
} 

block { 
   label vmc
   totweight 64000
   nautocorr 0
   total_energy { -5.713537508255754   } 
   total_energyvar { 0.6710779503122555   } 
   weight { 1   } 
   weightvar { 0   } 
   kinetic_energy { 3.424907416308098   } 
   kinetic_energyvar { 4.314401207560891   } 
   potential_energy { -9.76134782706065   } 
   potential_energyvar { 6.389830616622791   } 
   nonlocal_energy { 0.6229029024967973   } 
   nonlocal_energyvar { 2.355184556357308   } 
   autocorr_energy { } 
} 

block { 
   label vmc
   totweight 64000
   nautocorr 0
   total_energy { -5.710436491026108   } 
   total_energyvar { 0.7677225173954633   } 
   weight { 1   } 
   weightvar { 0   } 
   kinetic_energy { 3.42344916966861   } 
   kinetic_energyvar { 4.290733583159108   } 
   potential_energy { -9.764833683054672   } 
   potential_energyvar { 6.507258139019305   } 
   nonlocal_energy { 0.630948022359953   } 
   nonlocal_energyvar { 2.439692028775378   } 
   autocorr_energy { } 
} 

block { 
   label vmc
   totweight 64000
   nautocorr 0
   total_energy { -5.713201269665842   } 
   total_energyvar { 0.6658664195522532   } 
   weight { 1   } 
   weightvar { 0   } 
   kinetic_energy { 3.437427420522249   } 
   kinetic_energyvar { 4.209481632929271   } 
   potential_energy { -9.750219082222888   } 
   potential_energyvar { 5.798774698741668   } 
   nonlocal_energy { 0.5995903920347965   } 
   nonlocal_energyvar { 2.009868577551806   } 
   autocorr_energy { } 
} 

block { 
   label vmc
   totweight 64000
   nautocorr 0
   total_energy { -5.714750673047769   } 
   total_energyvar { 0.6803259885233095   } 
   weight { 1   } 
   weightvar { 0   } 
   kinetic_energy { 3.417013817028827   } 
   kinetic_energyvar { 4.352708974226171   } 
   potential_energy { -9.744839387828986   } 
   potential_energyvar { 5.742318158691372   } 
   nonlocal_energy { 0.6130748977523915   } 
   nonlocal_energyvar { 2.233629848620405   } 
   autocorr_energy { } 
} 

block { 
   label vmc
   totweight 64000
   nautocorr 0
   total_energy { -5.716693480471776   } 
   total_energyvar { 0.6641589282796736   } 
   weight { 1   } 
   weightvar { 0   } 
   kinetic_energy { 3.413528404157139   } 
   kinetic_energyvar { 4.185383747865569   } 
   potential_energy { -9.747753468545271   } 
   potential_energyvar { 6.319473989701796   } 
   nonlocal_energy { 0.6175315839163571   } 
   nonlocal_energyvar { 2.384206958700024   } 
   autocorr_energy { } 
} 

block { 
   label vmc
   totweight 64000
   nautocorr 0
   total_energy { -5.709618308097713   } 
   total_energyvar { 0.805354864357729   } 
   weight { 1   } 
   weightvar { 0   } 
   kinetic_energy { 3.419443691483933   } 
   kinetic_energyvar { 4.22127580745949   } 
   potential_energy { -9.748172549826274   } 
   potential_energyvar { 6.079110166027749   } 
   nonlocal_energy { 0.6191105502446282   } 
   nonlocal_energyvar { 2.158348050135293   } 
   autocorr_energy { } 
} 

block { 
   label vmc
   totweight 64000
   nautocorr 0
   total_energy { -5.716410537335332   } 
   total_energyvar { 0.6592486261372508   } 
   weight { 1   } 
   weightvar { 0   } 
   kinetic_energy { 3.405801331770983   } 
   kinetic_energyvar { 4.204018323752989   } 
   potential_energy { -9.746907113935841   } 
   potential_energyvar { 6.010375854646504   } 
   nonlocal_energy { 0.6246952448295228   } 
   nonlocal_energyvar { 2.36003858614949   } 
   autocorr_energy { } 
} 

block { 
   label vmc
   totweight 64000
   nautocorr 0
   total_energy { -5.719205988368094   } 
   total_energyvar { 0.6860112134642136   } 
   weight { 1   } 
   weightvar { 0   } 
   kinetic_energy { 3.412530074343169   } 
   kinetic_energyvar { 4.278947001819214   } 
   potential_energy { -9.754899772342501   } 
   potential_energyvar { 6.252028438944067   } 
   nonlocal_energy { 0.6231637096312387   } 
   nonlocal_energyvar { 2.440294296324211   } 
   autocorr_energy { } 
} 

block { 
   label vmc
   totweight 64000
   nautocorr 0
   total_energy { -5.715136670487166   } 
   total_energyvar { 0.7420204042453813   } 
   weight { 1   } 
   weightvar { 0   } 
   kinetic_energy { 3.423773872692827   } 
   kinetic_energyvar { 4.268178157759545   } 
   potential_energy { -9.758021863765073   } 
   potential_energyvar { 6.028188313075486   } 
   nonlocal_energy { 0.6191113205850791   } 
   nonlocal_energyvar { 2.176125210154002   } 
   autocorr_energy { } 
} 

block { 
   label vmc
   totweight 64000
   nautocorr 0
   total_energy { -5.719051814785696   } 
   total_energyvar { 0.6871417452410783   } 
   weight { 1   } 
   weightvar { 0   } 
   kinetic_energy { 3.409407771772729   } 
   kinetic_energyvar { 4.268888882935035   } 
   potential_energy { -9.739696672391496   } 
   potential_energyvar { 6.512647801983166   } 
   nonlocal_energy { 0.6112370858330677   } 
   nonlocal_energyvar { 2.380696839514163   } 
   autocorr_energy { } 
} 

block { 
   label vmc
   totweight 64000
   nautocorr 0
   total_energy { -5.715329328502384   } 
   total_energyvar { 0.6531774413001703   } 
   weight { 1   } 
   weightvar { 0   } 
   kinetic_energy { 3.453483220065485   } 
   kinetic_energyvar { 4.413793190677268   } 
   potential_energy { -9.793698395597648   } 
   potential_energyvar { 6.483023927001675   } 
   nonlocal_energy { 0.6248858470297802   } 
   nonlocal_energyvar { 2.511623684221164   } 
   autocorr_energy { } 
} 

block { 
   label vmc
   totweight 64000
   nautocorr 0
   total_energy { -5.718386797358613   } 
   total_energyvar { 0.6697745220972976   } 
   weight { 1   } 
   weightvar { 0   } 
   kinetic_energy { 3.413221032756208   } 
   kinetic_energyvar { 4.245839619132695   } 
   potential_energy { -9.744174057947854   } 
   potential_energyvar { 5.874506516268696   } 
   nonlocal_energy { 0.6125662278330347   } 
   nonlocal_energyvar { 2.221219365207865   } 
   autocorr_energy { } 
} 

block { 
   label vmc
   totweight 64000
   nautocorr 0
   total_energy { -5.715966632444433   } 
   total_energyvar { 0.6665280737099354   } 
   weight { 1   } 
   weightvar { 0   } 
   kinetic_energy { 3.426544766629679   } 
   kinetic_energyvar { 4.296344393756955   } 
   potential_energy { -9.766506226216249   } 
   potential_energyvar { 6.553109900811783   } 
   nonlocal_energy { 0.6239948271421372   } 
   nonlocal_energyvar { 2.487881386447402   } 
   autocorr_energy { } 
} 

block { 
   label vmc
   totweight 64000
   nautocorr 0
   total_energy { -5.706348328542874   } 
   total_energyvar { 0.6868296756740311   } 
   weight { 1   } 
   weightvar { 0   } 
   kinetic_energy { 3.414356153317095   } 
   kinetic_energyvar { 4.213760814037337   } 
   potential_energy { -9.73121436054338   } 
   potential_energyvar { 5.958379188691689   } 
   nonlocal_energy { 0.6105098786834106   } 
   nonlocal_energyvar { 2.162028116390446   } 
   autocorr_energy { } 
} 

block { 
   label vmc
   totweight 64000
   nautocorr 0
   total_energy { -5.714876115689257   } 
   total_energyvar { 0.681307604553291   } 
   weight { 1   } 
   weightvar { 0   } 
   kinetic_energy { 3.435060315013891   } 
   kinetic_energyvar { 4.356668930055823   } 
   potential_energy { -9.766261897218401   } 
   potential_energyvar { 6.259312790546008   } 
   nonlocal_energy { 0.6163254665152542   } 
   nonlocal_energyvar { 2.234694145485167   } 
   autocorr_energy { } 
} 

block { 
   label vmc
   totweight 64000
   nautocorr 0
   total_energy { -5.713141068692837   } 
   total_energyvar { 0.7983007330164835   } 
   weight { 1   } 
   weightvar { 0   } 
   kinetic_energy { 3.408841082395871   } 
   kinetic_energyvar { 4.177362754913789   } 
   potential_energy { -9.753686147759883   } 
   potential_energyvar { 6.298714839422886   } 
   nonlocal_energy { 0.6317039966711743   } 
   nonlocal_energyvar { 2.253345832039751   } 
   autocorr_energy { } 
} 

block { 
   label vmc
   totweight 64000
   nautocorr 0
   total_energy { -5.712696662874942   } 
   total_energyvar { 0.6557878928196638   } 
   weight { 1   } 
   weightvar { 0   } 
   kinetic_energy { 3.401328166520025   } 
   kinetic_energyvar { 4.093480815531274   } 
   potential_energy { -9.723534964171035   } 
   potential_energyvar { 5.980198994670249   } 
   nonlocal_energy { 0.6095101347760695   } 
   nonlocal_energyvar { 2.0936223207075   } 
   autocorr_energy { } 
} 

block { 
   label vmc
   totweight 64000
   nautocorr 0
   total_energy { -5.711841063986006   } 
   total_energyvar { 0.6712825272563182   } 
   weight { 1   } 
   weightvar { 0   } 
   kinetic_energy { 3.406036378323356   } 
   kinetic_energyvar { 4.155256880726757   } 
   potential_energy { -9.749598006267297   } 
   potential_energyvar { 6.993792033213002   } 
   nonlocal_energy { 0.631720563957934   } 
   nonlocal_energyvar { 2.964762684830688   } 
   autocorr_energy { } 
} 

block { 
   label vmc
   totweight 64000
   nautocorr 0
   total_energy { -5.712525468636513   } 
   total_energyvar { 0.8055683228485354   } 
   weight { 1   } 
   weightvar { 0   } 
   kinetic_energy { 3.402459185737612   } 
   kinetic_energyvar { 4.237603551990961   } 
   potential_energy { -9.726923865911088   } 
   potential_energyvar { 6.020099044233898   } 
   nonlocal_energy { 0.6119392115369617   } 
   nonlocal_energyvar { 2.114148313572182   } 
   autocorr_energy { } 
} 

block { 
   label vmc
   totweight 64000
   nautocorr 0
   total_energy { -5.711836600627413   } 
   total_energyvar { 0.7416454085287774   } 
   weight { 1   } 
   weightvar { 0   } 
   kinetic_energy { 3.413650117638684   } 
   kinetic_energyvar { 4.177057674563152   } 
   potential_energy { -9.748221295289541   } 
   potential_energyvar { 6.971376543970074   } 
   nonlocal_energy { 0.6227345770234419   } 
   nonlocal_energyvar { 2.79027399274461   } 
   autocorr_energy { } 
} 

block { 
   label vmc
   totweight 64000
   nautocorr 0
   total_energy { -5.717350284431403   } 
   total_energyvar { 0.6847287387779328   } 
   weight { 1   } 
   weightvar { 0   } 
   kinetic_energy { 3.404044570307907   } 
   kinetic_energyvar { 4.011558801392654   } 
   potential_energy { -9.733649330601809   } 
   potential_energyvar { 5.858404034970173   } 
   nonlocal_energy { 0.6122544758625001   } 
   nonlocal_energyvar { 2.023450188786946   } 
   autocorr_energy { } 
} 

block { 
   label vmc
   totweight 64000
   nautocorr 0
   total_energy { -5.715439759476742   } 
   total_energyvar { 0.6646266616509154   } 
   weight { 1   } 
   weightvar { 0   } 
   kinetic_energy { 3.438766290476457   } 
   kinetic_energyvar { 4.423934156141729   } 
   potential_energy { -9.770385327671949   } 
   potential_energyvar { 6.246942385510528   } 
   nonlocal_energy { 0.6161792777187491   } 
   nonlocal_energyvar { 2.360733256545335   } 
   autocorr_energy { } 
} 

block { 
   label vmc
   totweight 64000
   nautocorr 0
   total_energy { -5.712193416286004   } 
   total_energyvar { 0.6640825479620768   } 
   weight { 1   } 
   weightvar { 0   } 
   kinetic_energy { 3.40229613616113   } 
   kinetic_energyvar { 4.206077957071941   } 
   potential_energy { -9.734569998369041   } 
   potential_energyvar { 6.058641707702849   } 
   nonlocal_energy { 0.6200804459219085   } 
   nonlocal_energyvar { 2.2613686880968   } 
   autocorr_energy { } 
} 

block { 
   label vmc
   totweight 64000
   nautocorr 0
   total_energy { -5.71129172630539   } 
   total_energyvar { 0.6909996473780555   } 
   weight { 1   } 
   weightvar { 0   } 
   kinetic_energy { 3.431214055071954   } 
   kinetic_energyvar { 4.215127345341743   } 
   potential_energy { -9.752946417615119   } 
   potential_energyvar { 6.053960340089382   } 
   nonlocal_energy { 0.6104406362377747   } 
   nonlocal_energyvar { 1.966478980315835   } 
   autocorr_energy { } 
} 

block { 
   label vmc
   totweight 64000
   nautocorr 0
   total_energy { -5.717038582998643   } 
   total_energyvar { 0.6701386526066824   } 
   weight { 1   } 
   weightvar { 0   } 
   kinetic_energy { 3.422207566201707   } 
   kinetic_energyvar { 4.181210608259422   } 
   potential_energy { -9.755289614630389   } 
   potential_energyvar { 6.294873772617827   } 
   nonlocal_energy { 0.6160434654300383   } 
   nonlocal_energyvar { 2.268060380943823   } 
   autocorr_energy { } 
} 

block { 
   label vmc
   totweight 64000
   nautocorr 0
   total_energy { -5.721179576627107   } 
   total_energyvar { 0.6382882237522739   } 
   weight { 1   } 
   weightvar { 0   } 
   kinetic_energy { 3.432854208231404   } 
   kinetic_energyvar { 4.348995468128499   } 
   potential_energy { -9.783337417752321   } 
   potential_energyvar { 6.257256641960536   } 
   nonlocal_energy { 0.6293036328938092   } 
   nonlocal_energyvar { 2.417661274945897   } 
   autocorr_energy { } 
} 

block { 
   label vmc
   totweight 64000
   nautocorr 0
   total_energy { -5.714031233451948   } 
   total_energyvar { 0.6740574562638099   } 
   weight { 1   } 
   weightvar { 0   } 
   kinetic_energy { 3.418075244898333   } 
   kinetic_energyvar { 4.156762667290066   } 
   potential_energy { -9.7421930016774   } 
   potential_energyvar { 5.826558880853839   } 
   nonlocal_energy { 0.6100865233271181   } 
   nonlocal_energyvar { 2.106983217829137   } 
   autocorr_energy { } 
} 

block { 
   label vmc
   totweight 64000
   nautocorr 0
   total_energy { -5.716598689703469   } 
   total_energyvar { 0.6509524434588586   } 
   weight { 1   } 
   weightvar { 0   } 
   kinetic_energy { 3.424971455951436   } 
   kinetic_energyvar { 4.201072142496423   } 
   potential_energy { -9.764798852855602   } 
   potential_energyvar { 6.2646529095956   } 
   nonlocal_energy { 0.6232287072006958   } 
   nonlocal_energyvar { 2.448971259778565   } 
   autocorr_energy { } 
} 

block { 
   label vmc
   totweight 64000
   nautocorr 0
   total_energy { -5.705806799341333   } 
   total_energyvar { 0.7713583520758932   } 
   weight { 1   } 
   weightvar { 0   } 
   kinetic_energy { 3.425274757587143   } 
   kinetic_energyvar { 4.172567751713869   } 
   potential_energy { -9.740419613231541   } 
   potential_energyvar { 5.907557572374357   } 
   nonlocal_energy { 0.6093380563030618   } 
   nonlocal_energyvar { 2.151017259247515   } 
   autocorr_energy { } 
} 

block { 
   label vmc
   totweight 64000
   nautocorr 0
   total_energy { -5.716257822449149   } 
   total_energyvar { 0.6896361015033569   } 
   weight { 1   } 
   weightvar { 0   } 
   kinetic_energy { 3.449334709785276   } 
   kinetic_energyvar { 4.369349015557175   } 
   potential_energy { -9.799748677455058   } 
   potential_energyvar { 7.24046475028802   } 
   nonlocal_energy { 0.634156145220633   } 
   nonlocal_energyvar { 3.076590045357167   } 
   autocorr_energy { } 
} 

block { 
   label vmc
   totweight 64000
   nautocorr 0
   total_energy { -5.713791676626181   } 
   total_energyvar { 0.7036599747285556   } 
   weight { 1   } 
   weightvar { 0   } 
   kinetic_energy { 3.431679273793025   } 
   kinetic_energyvar { 4.196972961092667   } 
   potential_energy { -9.762997502717939   } 
   potential_energyvar { 6.067531723152121   } 
   nonlocal_energy { 0.6175265522987333   } 
   nonlocal_energyvar { 2.170833804057096   } 
   autocorr_energy { } 
} 

block { 
   label vmc
   totweight 64000
   nautocorr 0
   total_energy { -5.711958233854088   } 
   total_energyvar { 0.7570054817796689   } 
   weight { 1   } 
   weightvar { 0   } 
   kinetic_energy { 3.43104770824325   } 
   kinetic_energyvar { 4.169285098037816   } 
   potential_energy { -9.766742146535233   } 
   potential_energyvar { 7.666498070279909   } 
   nonlocal_energy { 0.6237362044378941   } 
   nonlocal_energyvar { 3.410900533036779   } 
   autocorr_energy { } 
} 

block { 
   label vmc
   totweight 64000
   nautocorr 0
   total_energy { -5.714907636636454   } 
   total_energyvar { 0.678435927275039   } 
   weight { 1   } 
   weightvar { 0   } 
   kinetic_energy { 3.407345312508822   } 
   kinetic_energyvar { 4.186474929870108   } 
   potential_energy { -9.758747232311569   } 
   potential_energyvar { 11.77901295287639   } 
   nonlocal_energy { 0.6364942831662931   } 
   nonlocal_energyvar { 7.599139331239049   } 
   autocorr_energy { } 
} 

block { 
   label vmc
   totweight 64000
   nautocorr 0
   total_energy { -5.711204581529769   } 
   total_energyvar { 0.6733605948811754   } 
   weight { 1   } 
   weightvar { 0   } 
   kinetic_energy { 3.447429695442815   } 
   kinetic_energyvar { 4.365719474939115   } 
   potential_energy { -9.77169130356576   } 
   potential_energyvar { 6.501980785482337   } 
   nonlocal_energy { 0.6130570265931791   } 
   nonlocal_energyvar { 2.479313027761432   } 
   autocorr_energy { } 
} 

block { 
   label vmc
   totweight 64000
   nautocorr 0
   total_energy { -5.712822621075069   } 
   total_energyvar { 0.7096289691416622   } 
   weight { 1   } 
   weightvar { 0   } 
   kinetic_energy { 3.418086688708535   } 
   kinetic_energyvar { 4.257127278691639   } 
   potential_energy { -9.752634357141735   } 
   potential_energyvar { 6.217872009878826   } 
   nonlocal_energy { 0.6217250473581295   } 
   nonlocal_energyvar { 2.28642156379994   } 
   autocorr_energy { } 
} 

block { 
   label vmc
   totweight 64000
   nautocorr 0
   total_energy { -5.711663766636923   } 
   total_energyvar { 0.6610813567825081   } 
   weight { 1   } 
   weightvar { 0   } 
   kinetic_energy { 3.415348201060928   } 
   kinetic_energyvar { 4.17067914462912   } 
   potential_energy { -9.760422419401138   } 
   potential_energyvar { 7.187666595885186   } 
   nonlocal_energy { 0.6334104517032887   } 
   nonlocal_energyvar { 3.203903258853253   } 
   autocorr_energy { } 
} 

block { 
   label vmc
   totweight 64000
   nautocorr 0
   total_energy { -5.715457220135959   } 
   total_energyvar { 0.6577789629291392   } 
   weight { 1   } 
   weightvar { 0   } 
   kinetic_energy { 3.439940437531987   } 
   kinetic_energyvar { 4.27358054257707   } 
   potential_energy { -9.770669606298725   } 
   potential_energyvar { 6.294289478446816   } 
   nonlocal_energy { 0.6152719486307808   } 
   nonlocal_energyvar { 2.36418925205033   } 
   autocorr_energy { } 
} 

block { 
   label vmc
   totweight 64000
   nautocorr 0
   total_energy { -5.711752548022564   } 
   total_energyvar { 0.7287239816314346   } 
   weight { 1   } 
   weightvar { 0   } 
   kinetic_energy { 3.399943223815679   } 
   kinetic_energyvar { 4.136262214473882   } 
   potential_energy { -9.726577251048383   } 
   potential_energyvar { 6.403078615220334   } 
   nonlocal_energy { 0.6148814792101409   } 
   nonlocal_energyvar { 2.317848127668983   } 
   autocorr_energy { } 
} 

block { 
   label vmc
   totweight 64000
   nautocorr 0
   total_energy { -5.716849550194728   } 
   total_energyvar { 0.6871223065496723   } 
   weight { 1   } 
   weightvar { 0   } 
   kinetic_energy { 3.429763292445261   } 
   kinetic_energyvar { 4.227115347180529   } 
   potential_energy { -9.77451918613168   } 
   potential_energyvar { 6.16621823671653   } 
   nonlocal_energy { 0.6279063434916912   } 
   nonlocal_energyvar { 2.340869214651191   } 
   autocorr_energy { } 
} 

block { 
   label vmc
   totweight 64000
   nautocorr 0
   total_energy { -5.708848351939269   } 
   total_energyvar { 0.7509500793422452   } 
   weight { 1   } 
   weightvar { 0   } 
   kinetic_energy { 3.435888122832017   } 
   kinetic_energyvar { 4.270985722507477   } 
   potential_energy { -9.761665222758925   } 
   potential_energyvar { 7.204504991207179   } 
   nonlocal_energy { 0.6169287479876425   } 
   nonlocal_energyvar { 2.995115790108173   } 
   autocorr_energy { } 
} 

block { 
   label vmc
   totweight 64000
   nautocorr 0
   total_energy { -5.714381688515951   } 
   total_energyvar { 0.6979593431431895   } 
   weight { 1   } 
   weightvar { 0   } 
   kinetic_energy { 3.423625083851471   } 
   kinetic_energyvar { 4.141874052641628   } 
   potential_energy { -9.763680716109324   } 
   potential_energyvar { 6.671939403950196   } 
   nonlocal_energy { 0.6256739437419017   } 
   nonlocal_energyvar { 2.71764739276369   } 
   autocorr_energy { } 
} 

block { 
   label vmc
   totweight 64000
   nautocorr 0
   total_energy { -5.715599817163509   } 
   total_energyvar { 0.6537281054566734   } 
   weight { 1   } 
   weightvar { 0   } 
   kinetic_energy { 3.391943291070329   } 
   kinetic_energyvar { 4.03854725618987   } 
   potential_energy { -9.709125386426823   } 
   potential_energyvar { 5.815851187238144   } 
   nonlocal_energy { 0.6015822781929863   } 
   nonlocal_energyvar { 2.168211415221965   } 
   autocorr_energy { } 
} 

block { 
   label vmc
   totweight 64000
   nautocorr 0
   total_energy { -5.711557832724686   } 
   total_energyvar { 0.7099260884589128   } 
   weight { 1   } 
   weightvar { 0   } 
   kinetic_energy { 3.406377887718658   } 
   kinetic_energyvar { 4.136484392387317   } 
   potential_energy { -9.736139957421816   } 
   potential_energyvar { 6.177844228555558   } 
   nonlocal_energy { 0.6182042369784759   } 
   nonlocal_energyvar { 2.28238738955411   } 
   autocorr_energy { } 
} 

block { 
   label vmc
   totweight 64000
   nautocorr 0
   total_energy { -5.711535380781241   } 
   total_energyvar { 0.6754806149432879   } 
   weight { 1   } 
   weightvar { 0   } 
   kinetic_energy { 3.414929226644243   } 
   kinetic_energyvar { 4.174639313898822   } 
   potential_energy { -9.749925639438182   } 
   potential_energyvar { 6.243469544132818   } 
   nonlocal_energy { 0.6234610320126978   } 
   nonlocal_energyvar { 2.403587338305343   } 
   autocorr_energy { } 
} 

block { 
   label vmc
   totweight 64000
   nautocorr 0
   total_energy { -5.715601660193295   } 
   total_energyvar { 0.6509904143656318   } 
   weight { 1   } 
   weightvar { 0   } 
   kinetic_energy { 3.45009716662499   } 
   kinetic_energyvar { 5.503325234463857   } 
   potential_energy { -9.772143296426091   } 
   potential_energyvar { 6.188090031252036   } 
   nonlocal_energy { 0.6064444696078063   } 
   nonlocal_energyvar { 3.065716502519107   } 
   autocorr_energy { } 
} 

block { 
   label vmc
   totweight 64000
   nautocorr 0
   total_energy { -5.717084461639907   } 
   total_energyvar { 0.6554022340595551   } 
   weight { 1   } 
   weightvar { 0   } 
   kinetic_energy { 3.417723442821314   } 
   kinetic_energyvar { 4.158507885417542   } 
   potential_energy { -9.752282640353341   } 
   potential_energyvar { 6.128491573946453   } 
   nonlocal_energy { 0.6174747358921213   } 
   nonlocal_energyvar { 2.189424586410696   } 
   autocorr_energy { } 
} 

block { 
   label vmc
   totweight 64000
   nautocorr 0
   total_energy { -5.713174350175459   } 
   total_energyvar { 0.6902114617076606   } 
   weight { 1   } 
   weightvar { 0   } 
   kinetic_energy { 3.421196148211372   } 
   kinetic_energyvar { 4.274278055968381   } 
   potential_energy { -9.76088732862393   } 
   potential_energyvar { 6.487555026828974   } 
   nonlocal_energy { 0.6265168302371006   } 
   nonlocal_energyvar { 2.447131733377743   } 
   autocorr_energy { } 
} 

block { 
   label vmc
   totweight 64000
   nautocorr 0
   total_energy { -5.715298725911264   } 
   total_energyvar { 0.6888124424961498   } 
   weight { 1   } 
   weightvar { 0   } 
   kinetic_energy { 3.422480417870569   } 
   kinetic_energyvar { 4.177659682584857   } 
   potential_energy { -9.749063898307918   } 
   potential_energyvar { 6.140799837658726   } 
   nonlocal_energy { 0.6112847545260854   } 
   nonlocal_energyvar { 2.188877840328191   } 
   autocorr_energy { } 
} 

block { 
   label vmc
   totweight 64000
   nautocorr 0
   total_energy { -5.717244362548293   } 
   total_energyvar { 0.7839529348475169   } 
   weight { 1   } 
   weightvar { 0   } 
   kinetic_energy { 3.424375978623771   } 
   kinetic_energyvar { 4.201882491984277   } 
   potential_energy { -9.753613003053236   } 
   potential_energyvar { 6.434528306503798   } 
   nonlocal_energy { 0.6119926618811717   } 
   nonlocal_energyvar { 2.363811377962556   } 
   autocorr_energy { } 
} 

block { 
   label vmc
   totweight 64000
   nautocorr 0
   total_energy { -5.710819572137368   } 
   total_energyvar { 0.6911636349172982   } 
   weight { 1   } 
   weightvar { 0   } 
   kinetic_energy { 3.422474026669615   } 
   kinetic_energyvar { 4.325507108865676   } 
   potential_energy { -9.754425732223826   } 
   potential_energyvar { 6.21110730026648   } 
   nonlocal_energy { 0.6211321334168411   } 
   nonlocal_energyvar { 2.210995154725407   } 
   autocorr_energy { } 
} 

block { 
   label vmc
   totweight 64000
   nautocorr 0
   total_energy { -5.71846551965487   } 
   total_energyvar { 0.7186178617758457   } 
   weight { 1   } 
   weightvar { 0   } 
   kinetic_energy { 3.428063479529995   } 
   kinetic_energyvar { 4.154499826254736   } 
   potential_energy { -9.752406033603188   } 
   potential_energyvar { 5.933995726793408   } 
   nonlocal_energy { 0.6058770344183229   } 
   nonlocal_energyvar { 1.977150622676903   } 
   autocorr_energy { } 
} 

block { 
   label vmc
   totweight 64000
   nautocorr 0
   total_energy { -5.705981672664621   } 
   total_energyvar { 0.720663700364753   } 
   weight { 1   } 
   weightvar { 0   } 
   kinetic_energy { 3.457760741389887   } 
   kinetic_energyvar { 4.379186642061773   } 
   potential_energy { -9.786719422441886   } 
   potential_energyvar { 7.705456670063439   } 
   nonlocal_energy { 0.6229770083873764   } 
   nonlocal_energyvar { 3.385056751556584   } 
   autocorr_energy { } 
} 

block { 
   label vmc
   totweight 64000
   nautocorr 0
   total_energy { -5.717089166861003   } 
   total_energyvar { 0.6575597062421591   } 
   weight { 1   } 
   weightvar { 0   } 
   kinetic_energy { 3.415233065601206   } 
   kinetic_energyvar { 4.23074814709565   } 
   potential_energy { -9.757244079519058   } 
   potential_energyvar { 6.103525785229284   } 
   nonlocal_energy { 0.6249218470568454   } 
   nonlocal_energyvar { 2.263194361891677   } 
   autocorr_energy { } 
} 

block { 
   label vmc
   totweight 64000
   nautocorr 0
   total_energy { -5.710165795444235   } 
   total_energyvar { 0.7125578669384376   } 
   weight { 1   } 
   weightvar { 0   } 
   kinetic_energy { 3.438390083309931   } 
   kinetic_energyvar { 4.228537851919201   } 
   potential_energy { -9.761399332030884   } 
   potential_energyvar { 6.199394045262379   } 
   nonlocal_energy { 0.612843453276716   } 
   nonlocal_energyvar { 2.143566973493336   } 
   autocorr_energy { } 
} 

block { 
   label vmc
   totweight 64000
   nautocorr 0
   total_energy { -5.712826485608351   } 
   total_energyvar { 0.6754943698226836   } 
   weight { 1   } 
   weightvar { 0   } 
   kinetic_energy { 3.437464142431067   } 
   kinetic_energyvar { 4.279048400487008   } 
   potential_energy { -9.779181292378087   } 
   potential_energyvar { 6.806821534562505   } 
   nonlocal_energy { 0.6288906643386661   } 
   nonlocal_energyvar { 2.632651615503212   } 
   autocorr_energy { } 
} 

block { 
   label vmc
   totweight 64000
   nautocorr 0
   total_energy { -5.715264299235574   } 
   total_energyvar { 0.6809686493608386   } 
   weight { 1   } 
   weightvar { 0   } 
   kinetic_energy { 3.41202008320257   } 
   kinetic_energyvar { 4.491975226817789   } 
   potential_energy { -9.756297017181431   } 
   potential_energyvar { 6.799801974977206   } 
   nonlocal_energy { 0.6290126347432865   } 
   nonlocal_energyvar { 2.937893402422744   } 
   autocorr_energy { } 
} 

