0: output to qw.hf.o
76: System
76: Wave function
112: System
112: Wave function
474: System
474: Wave function
88: System
88: Wave function
478: System
478: Wave function
468: System
468: Wave function
366: System
366: Wave function
247: System
247: Wave function
498: System
498: Wave function
41: System
41: Wave function
494: System
494: Wave function
245: System
245: Wave function
376: System
376: Wave function
70: System
70: Wave function
215: System
215: Wave function
66: System
66: Wave function
480: System
480: Wave function
332: System
332: Wave function
214: System
214: Wave function
122: System
122: Wave function
176: System
176: Wave function
71: System
71: Wave function
150: System
150: Wave function
304: System
304: Wave function
256: System
256: Wave function
163: System
163: Wave function
166: System
166: Wave function
180: System
180: Wave function
435: System
435: Wave function
448: System
448: Wave function
226: System
226: Wave function
362: System
362: Wave function
502: System
502: Wave function
451: System
451: Wave function
23: System
455: System
455: Wave function
23: Wave function
288: System
288: Wave function
377: System
377: Wave function
337: System
337: Wave function
286: System
286: Wave function
316: System
316: Wave function
94: System
94: Wave function
373: System
373: Wave function
497: System
497: Wave function
141: System
141: Wave function
218: System
218: Wave function
220: System
251: System
251: Wave function
220: Wave function
1: System
1: Wave function
467: System
467: Wave function
405: System
31: System
31: Wave function
136: System
136: Wave function
405: Wave function
356: System
356: Wave function
96: System
96: Wave function
86: System
86: Wave function
489: System
489: Wave function
77: System
77: Wave function
387: System
387: Wave function
420: System
420: Wave function
74: System
74: Wave function
454: System
454: Wave function
194: System
194: Wave function
27: System
27: Wave function
115: System
115: Wave function
294: System
229: System
229: Wave function
2: System
254: System
254: Wave function
294: Wave function
2: Wave function
206: System
206: Wave function
103: System
103: Wave function
351: System
351: Wave function
477: System
477: Wave function
331: System
331: Wave function
9: System
9: Wave function
62: System
62: Wave function
268: System
268: Wave function
328: System
328: Wave function
36: System
36: Wave function
82: System
82: Wave function
244: System
244: Wave function
383: System
383: Wave function
385: System
385: Wave function
485: System
485: Wave function
20: System
153: System
153: Wave function
20: Wave function
200: System
200: Wave function
156: System
156: Wave function
410: System
410: Wave function
24: System
24: Wave function
67: System
67: Wave function
26: System
26: Wave function
350: System
350: Wave function
280: System
280: Wave function
309: System
309: Wave function
476: System
476: Wave function
335: System
335: Wave function
334: System
334: Wave function
361: System
361: Wave function
344: System
344: Wave function
301: System
301: Wave function
213: System
213: Wave function
269: System
179: System
179: Wave function
269: Wave function
395: System
395: Wave function
212: System
212: Wave function
148: System
148: Wave function
322: System
322: Wave function
326: System
326: Wave function
503: System
503: Wave function
175: System
175: Wave function
237: System
237: Wave function
235: System
235: Wave function
472: System
472: Wave function
133: System
133: Wave function
137: System
137: Wave function
470: System
470: Wave function
5: System
5: Wave function
230: System
230: Wave function
506: System
506: Wave function
205: System
205: Wave function
379: System
379: Wave function
367: System
367: Wave function
139: System
263: System
263: Wave function
139: Wave function
434: System
434: Wave function
403: System
403: Wave function
431: System
431: Wave function
290: System
290: Wave function
348: System
253: System
253: Wave function
348: Wave function
278: System
510: System
510: Wave function
278: Wave function
45: System
45: Wave function
172: System
172: Wave function
459: System
459: Wave function
466: System
466: Wave function
202: System
202: Wave function
482: System
482: Wave function
184: System
184: Wave function
399: System
399: Wave function
84: System
84: Wave function
203: System
203: Wave function
422: System
422: Wave function
201: System
201: Wave function
429: System
429: Wave function
47: System
138: System
47: Wave function
138: Wave function
329: System
329: Wave function
0: System
0: Wave function
145: System
145: Wave function
298: System
169: System
169: Wave function
298: Wave function
242: System
242: Wave function
57: System
57: Wave function
449: System
277: System
277: Wave function
39: System
160: System
160: Wave function
39: Wave function
449: Wave function
29: System
29: Wave function
390: System
390: Wave function
126: System
126: Wave function
262: System
262: Wave function
100: System
433: System
433: Wave function
333: System
3: System
100: Wave function
3: Wave function
319: System
319: Wave function
327: System
327: Wave function
22: System
22: Wave function
333: Wave function
321: System
321: Wave function
415: System
415: Wave function
8: System
187: System
187: Wave function
91: System
91: Wave function
8: Wave function
293: System
293: Wave function
7: System
7: Wave function
192: System
197: System
197: Wave function
192: Wave function
501: System
195: System
195: Wave function
501: Wave function
181: System
118: System
118: Wave function
165: System
165: Wave function
181: Wave function
404: System
404: Wave function
225: System
490: System
490: Wave function
300: System
300: Wave function
225: Wave function
310: System
25: System
310: Wave function
25: Wave function
346: System
346: Wave function
355: System
355: Wave function
267: System
267: Wave function
378: System
486: System
486: Wave function
378: Wave function
168: System
168: Wave function
416: System
416: Wave function
493: System
493: Wave function
152: System
508: System
299: System
152: Wave function
508: Wave function
299: Wave function
151: System
151: Wave function
134: System
282: System
391: System
391: Wave function
109: System
109: Wave function
48: System
48: Wave function
134: Wave function
453: System
282: Wave function
72: System
374: System
374: Wave function
61: System
61: Wave function
447: System
447: Wave function
266: System
72: Wave function
371: System
371: Wave function
453: Wave function
437: System
266: Wave function
437: Wave function
259: System
259: Wave function
402: System
402: Wave function
354: System
354: Wave function
243: System
243: Wave function
123: System
123: Wave function
73: System
443: System
73: Wave function
443: Wave function
21: System
21: Wave function
216: System
216: Wave function
33: System
33: Wave function
130: System
130: Wave function
167: System
425: System
167: Wave function
425: Wave function
423: System
64: System
423: Wave function
186: System
186: Wave function
500: System
64: Wave function
95: System
95: Wave function
500: Wave function
273: System
340: System
340: Wave function
273: Wave function
258: System
258: Wave function
496: System
15: System
496: Wave function
15: Wave function
336: System
336: Wave function
158: System
158: Wave function
465: System
465: Wave function
292: System
292: Wave function
113: System
411: System
113: Wave function
411: Wave function
409: System
409: Wave function
198: System
16: System
198: Wave function
16: Wave function
217: System
217: Wave function
289: System
289: Wave function
90: System
51: System
51: Wave function
349: System
349: Wave function
90: Wave function
233: System
157: System
157: Wave function
37: System
441: System
473: System
233: Wave function
37: Wave function
53: System
441: Wave function
473: Wave function
53: Wave function
188: System
188: Wave function
240: System
240: Wave function
445: System
445: Wave function
364: System
364: Wave function
284: System
284: Wave function
104: System
412: System
412: Wave function
305: System
305: Wave function
104: Wave function
42: System
42: Wave function
417: System
417: Wave function
307: System
396: System
396: Wave function
232: System
307: Wave function
232: Wave function
330: System
191: System
191: Wave function
318: System
330: Wave function
173: System
325: System
463: System
318: Wave function
173: Wave function
439: System
439: Wave function
325: Wave function
463: Wave function
183: System
183: Wave function
279: System
279: Wave function
370: System
60: System
296: System
296: Wave function
370: Wave function
60: Wave function
287: System
295: System
484: System
484: Wave function
287: Wave function
147: System
147: Wave function
460: System
460: Wave function
295: Wave function
149: System
426: System
149: Wave function
426: Wave function
368: System
75: System
388: System
368: Wave function
388: Wave function
75: Wave function
261: System
44: System
261: Wave function
44: Wave function
117: System
117: Wave function
413: System
413: Wave function
127: System
236: System
99: System
236: Wave function
140: System
140: Wave function
275: System
99: Wave function
342: System
59: System
59: Wave function
306: System
306: Wave function
127: Wave function
342: Wave function
210: System
132: System
352: System
210: Wave function
275: Wave function
352: Wave function
132: Wave function
108: System
108: Wave function
30: System
339: System
30: Wave function
65: System
339: Wave function
155: System
155: Wave function
456: System
456: Wave function
204: System
98: System
98: Wave function
488: System
488: Wave function
65: Wave function
204: Wave function
492: System
492: Wave function
401: System
401: Wave function
234: System
341: System
341: Wave function
234: Wave function
190: System
190: Wave function
255: System
255: Wave function
182: System
69: System
69: Wave function
50: System
182: Wave function
397: System
397: Wave function
120: System
120: Wave function
50: Wave function
174: System
174: Wave function
274: System
274: Wave function
314: System
314: Wave function
265: System
265: Wave function
125: System
125: Wave function
14: System
14: Wave function
458: System
458: Wave function
428: System
428: Wave function
438: System
438: Wave function
393: System
393: Wave function
283: System
283: Wave function
357: System
219: System
43: System
317: System
317: Wave function
343: System
343: Wave function
219: Wave function
46: System
499: System
499: Wave function
303: System
303: Wave function
358: System
43: Wave function
358: Wave function
46: Wave function
495: System
102: System
102: Wave function
357: Wave function
28: System
495: Wave function
320: System
252: System
252: Wave function
38: System
315: System
315: Wave function
97: System
320: Wave function
28: Wave function
507: System
121: System
372: System
372: Wave function
222: System
38: Wave function
507: Wave function
97: Wave function
222: Wave function
6: System
450: System
450: Wave function
121: Wave function
238: System
238: Wave function
6: Wave function
249: System
18: System
475: System
249: Wave function
18: Wave function
475: Wave function
193: System
80: System
80: Wave function
193: Wave function
85: System
85: Wave function
246: System
142: System
142: Wave function
92: System
92: Wave function
246: Wave function
452: System
452: Wave function
313: System
313: Wave function
110: System
110: Wave function
324: System
324: Wave function
154: System
154: Wave function
83: System
83: Wave function
345: System
345: Wave function
164: System
164: Wave function
469: System
469: Wave function
107: System
107: Wave function
381: System
381: Wave function
177: System
78: System
78: Wave function
177: Wave function
111: System
111: Wave function
10: System
10: Wave function
161: System
89: System
55: System
55: Wave function
161: Wave function
264: System
264: Wave function
89: Wave function
49: System
49: Wave function
159: System
159: Wave function
392: System
392: Wave function
461: System
461: Wave function
271: System
271: Wave function
87: System
87: Wave function
323: System
323: Wave function
196: System
196: Wave function
40: System
276: System
276: Wave function
93: System
93: Wave function
40: Wave function
162: System
162: Wave function
419: System
419: Wave function
479: System
479: Wave function
297: System
297: Wave function
124: System
124: Wave function
338: System
338: Wave function
199: System
199: Wave function
52: System
52: Wave function
185: System
185: Wave function
444: System
444: Wave function
491: System
491: Wave function
312: System
312: Wave function
68: System
68: Wave function
347: System
347: Wave function
207: System
207: Wave function
11: System
11: Wave function
189: System
442: System
457: System
457: Wave function
257: System
257: Wave function
79: System
79: Wave function
353: System
353: Wave function
208: System
208: Wave function
12: System
12: Wave function
189: Wave function
442: Wave function
462: System
462: Wave function
260: System
260: Wave function
105: System
105: Wave function
359: System
359: Wave function
209: System
209: Wave function
13: System
13: Wave function
144: System
421: System
464: System
464: Wave function
270: System
270: Wave function
114: System
114: Wave function
360: System
360: Wave function
211: System
211: Wave function
34: System
34: Wave function
144: Wave function
421: Wave function
471: System
471: Wave function
272: System
272: Wave function
116: System
116: Wave function
363: System
363: Wave function
221: System
221: Wave function
54: System
54: Wave function
128: System
446: System
481: System
481: Wave function
281: System
281: Wave function
101: System
101: Wave function
365: System
365: Wave function
223: System
223: Wave function
56: System
56: Wave function
128: Wave function
398: System
483: System
483: Wave function
285: System
285: Wave function
369: System
369: Wave function
224: System
224: Wave function
4: System
143: System
446: Wave function
487: System
487: Wave function
291: System
291: Wave function
375: System
375: Wave function
227: System
227: Wave function
4: Wave function
143: Wave function
398: Wave function
504: System
504: Wave function
302: System
302: Wave function
380: System
380: Wave function
228: System
228: Wave function
35: System
129: System
129: Wave function
418: System
418: Wave function
505: System
505: Wave function
308: System
308: Wave function
382: System
382: Wave function
231: System
231: Wave function
35: Wave function
131: System
131: Wave function
394: System
394: Wave function
509: System
509: Wave function
311: System
311: Wave function
239: System
239: Wave function
19: System
19: Wave function
146: System
146: Wave function
432: System
511: System
511: Wave function
241: System
241: Wave function
58: System
178: System
178: Wave function
432: Wave function
248: System
248: Wave function
58: Wave function
135: System
135: Wave function
440: System
250: System
250: Wave function
17: System
170: System
170: Wave function
440: Wave function
17: Wave function
171: System
171: Wave function
384: System
384: Wave function
32: System
32: Wave function
63: System
63: Wave function
386: System
386: Wave function
389: System
389: Wave function
81: System
81: Wave function
400: System
400: Wave function
406: System
406: Wave function
106: System
106: Wave function
407: System
407: Wave function
119: System
119: Wave function
408: System
408: Wave function
414: System
414: Wave function
424: System
424: Wave function
427: System
427: Wave function
430: System
430: Wave function
436: System
436: Wave function
333: Pseudopotential
141: Pseudopotential
77: Pseudopotential
13: Pseudopotential
332: Pseudopotential
130: Pseudopotential
269: Pseudopotential
257: Pseudopotential
135: Pseudopotential
397: Pseudopotential
76: Pseudopotential
461: Pseudopotential
325: Pseudopotential
205: Pseudopotential
2: Pseudopotential
71: Pseudopotential
131: Pseudopotential
196: Pseudopotential
393: Pseudopotential
65: Pseudopotential
326: Pseudopotential
199: Pseudopotential
129: Pseudopotential
451: Pseudopotential
72: Pseudopotential
73: Pseudopotential
322: Pseudopotential
194: Pseudopotential
140: Pseudopotential
261: Pseudopotential
197: Pseudopotential
3: Pseudopotential
67: Pseudopotential
328: Pseudopotential
202: Pseudopotential
1: Pseudopotential
137: Pseudopotential
323: Pseudopotential
195: Pseudopotential
330: Pseudopotential
200: Pseudopotential
7: Pseudopotential
136: Pseudopotential
66: Pseudopotential
331: Pseudopotential
193: Pseudopotential
5: Pseudopotential
394: Pseudopotential
207: Pseudopotential
9: Pseudopotential
133: Pseudopotential
69: Pseudopotential
327: Pseudopotential
201: Pseudopotential
34: Pseudopotential
75: Pseudopotential
324: Pseudopotential
198: Pseudopotential
6: Pseudopotential
138: Pseudopotential
74: Pseudopotential
321: Pseudopotential
203: Pseudopotential
4: Pseudopotential
139: Pseudopotential
389: Pseudopotential
114: Pseudopotential
329: Pseudopotential
204: Pseudopotential
11: Pseudopotential
146: Pseudopotential
455: Pseudopotential
265: Pseudopotential
68: Pseudopotential
370: Pseudopotential
206: Pseudopotential
8: Pseudopotential
391: Pseudopotential
70: Pseudopotential
10: Pseudopotential
132: Pseudopotential
453: Pseudopotential
267: Pseudopotential
98: Pseudopotential
363: Pseudopotential
248: Pseudopotential
18: Pseudopotential
134: Pseudopotential
210: Pseudopotential
47: Pseudopotential
178: Pseudopotential
64: Pseudopotential
350: Pseudopotential
192: Pseudopotential
39: Pseudopotential
90: Pseudopotential
334: Pseudopotential
148: Pseudopotential
263: Pseudopotential
84: Pseudopotential
221: Pseudopotential
27: Pseudopotential
395: Pseudopotential
449: Pseudopotential
303: Pseudopotential
118: Pseudopotential
349: Pseudopotential
239: Pseudopotential
21: Pseudopotential
167: Pseudopotential
308: Pseudopotential
107: Pseudopotential
383: Pseudopotential
46: Pseudopotential
142: Pseudopotential
421: Pseudopotential
465: Pseudopotential
285: Pseudopotential
123: Pseudopotential
373: Pseudopotential
242: Pseudopotential
38: Pseudopotential
162: Pseudopotential
434: Pseudopotential
491: Pseudopotential
309: Pseudopotential
82: Pseudopotential
374: Pseudopotential
255: Pseudopotential
63: Pseudopotential
164: Pseudopotential
422: Pseudopotential
498: Pseudopotential
277: Pseudopotential
78: Pseudopotential
365: Pseudopotential
15: Pseudopotential
143: Pseudopotential
425: Pseudopotential
456: Pseudopotential
300: Pseudopotential
79: Pseudopotential
335: Pseudopotential
225: Pseudopotential
22: Pseudopotential
169: Pseudopotential
470: Pseudopotential
305: Pseudopotential
99: Pseudopotential
338: Pseudopotential
29: Pseudopotential
187: Pseudopotential
401: Pseudopotential
495: Pseudopotential
293: Pseudopotential
102: Pseudopotential
347: Pseudopotential
228: Pseudopotential
56: Pseudopotential
188: Pseudopotential
411: Pseudopotential
481: Pseudopotential
316: Pseudopotential
120: Pseudopotential
345: Pseudopotential
219: Pseudopotential
12: Pseudopotential
145: Pseudopotential
435: Pseudopotential
274: Pseudopotential
80: Pseudopotential
320: Pseudopotential
227: Pseudopotential
14: Pseudopotential
475: Pseudopotential
259: Pseudopotential
226: Pseudopotential
30: Pseudopotential
128: Pseudopotential
399: Pseudopotential
482: Pseudopotential
271: Pseudopotential
89: Pseudopotential
231: Pseudopotential
17: Pseudopotential
147: Pseudopotential
396: Pseudopotential
488: Pseudopotential
266: Pseudopotential
81: Pseudopotential
230: Pseudopotential
19: Pseudopotential
170: Pseudopotential
385: Pseudopotential
497: Pseudopotential
260: Pseudopotential
83: Pseudopotential
232: Pseudopotential
26: Pseudopotential
387: Pseudopotential
459: Pseudopotential
262: Pseudopotential
93: Pseudopotential
224: Pseudopotential
150: Pseudopotential
388: Pseudopotential
450: Pseudopotential
91: Pseudopotential
234: Pseudopotential
144: Pseudopotential
386: Pseudopotential
463: Pseudopotential
291: Pseudopotential
101: Pseudopotential
229: Pseudopotential
452: Pseudopotential
270: Pseudopotential
24: Pseudopotential
149: Pseudopotential
407: Pseudopotential
258: Pseudopotential
85: Pseudopotential
233: Pseudopotential
33: Pseudopotential
151: Pseudopotential
398: Pseudopotential
454: Pseudopotential
289: Pseudopotential
87: Pseudopotential
336: Pseudopotential
236: Pseudopotential
35: Pseudopotential
152: Pseudopotential
390: Pseudopotential
462: Pseudopotential
264: Pseudopotential
92: Pseudopotential
337: Pseudopotential
235: Pseudopotential
42: Pseudopotential
402: Pseudopotential
460: Pseudopotential
288: Pseudopotential
95: Pseudopotential
339: Pseudopotential
241: Pseudopotential
40: Pseudopotential
154: Pseudopotential
400: Pseudopotential
458: Pseudopotential
268: Pseudopotential
94: Pseudopotential
340: Pseudopotential
212: Pseudopotential
0: Pseudopotential
155: Pseudopotential
405: Pseudopotential
457: Pseudopotential
290: Pseudopotential
103: Pseudopotential
341: Pseudopotential
238: Pseudopotential
156: Pseudopotential
413: Pseudopotential
471: Pseudopotential
297: Pseudopotential
108: Pseudopotential
342: Pseudopotential
214: Pseudopotential
157: Pseudopotential
469: Pseudopotential
299: Pseudopotential
110: Pseudopotential
343: Pseudopotential
243: Pseudopotential
158: Pseudopotential
415: Pseudopotential
464: Pseudopotential
312: Pseudopotential
344: Pseudopotential
153: Pseudopotential
408: Pseudopotential
314: Pseudopotential
86: Pseudopotential
346: Pseudopotential
250: Pseudopotential
32: Pseudopotential
159: Pseudopotential
410: Pseudopotential
466: Pseudopotential
256: Pseudopotential
116: Pseudopotential
354: Pseudopotential
223: Pseudopotential
44: Pseudopotential
163: Pseudopotential
478: Pseudopotential
282: Pseudopotential
357: Pseudopotential
237: Pseudopotential
161: Pseudopotential
384: Pseudopotential
476: Pseudopotential
100: Pseudopotential
359: Pseudopotential
253: Pseudopotential
414: Pseudopotential
448: Pseudopotential
272: Pseudopotential
360: Pseudopotential
211: Pseudopotential
58: Pseudopotential
186: Pseudopotential
392: Pseudopotential
295: Pseudopotential
119: Pseudopotential
362: Pseudopotential
31: Pseudopotential
404: Pseudopotential
507: Pseudopotential
298: Pseudopotential
121: Pseudopotential
369: Pseudopotential
240: Pseudopotential
36: Pseudopotential
173: Pseudopotential
444: Pseudopotential
483: Pseudopotential
319: Pseudopotential
109: Pseudopotential
352: Pseudopotential
251: Pseudopotential
45: Pseudopotential
189: Pseudopotential
403: Pseudopotential
506: Pseudopotential
307: Pseudopotential
122: Pseudopotential
371: Pseudopotential
244: Pseudopotential
37: Pseudopotential
176: Pseudopotential
480: Pseudopotential
310: Pseudopotential
105: Pseudopotential
361: Pseudopotential
208: Pseudopotential
48: Pseudopotential
431: Pseudopotential
489: Pseudopotential
276: Pseudopotential
125: Pseudopotential
348: Pseudopotential
249: Pseudopotential
60: Pseudopotential
165: Pseudopotential
409: Pseudopotential
493: Pseudopotential
292: Pseudopotential
88: Pseudopotential
351: Pseudopotential
217: Pseudopotential
25: Pseudopotential
171: Pseudopotential
420: Pseudopotential
467: Pseudopotential
302: Pseudopotential
127: Pseudopotential
368: Pseudopotential
215: Pseudopotential
20: Pseudopotential
166: Pseudopotential
439: Pseudopotential
490: Pseudopotential
275: Pseudopotential
96: Pseudopotential
375: Pseudopotential
209: Pseudopotential
16: Pseudopotential
185: Pseudopotential
419: Pseudopotential
499: Pseudopotential
279: Pseudopotential
97: Pseudopotential
28: Pseudopotential
430: Pseudopotential
494: Pseudopotential
287: Pseudopotential
112: Pseudopotential
381: Pseudopotential
252: Pseudopotential
61: Pseudopotential
168: Pseudopotential
440: Pseudopotential
306: Pseudopotential
111: Pseudopotential
379: Pseudopotential
254: Pseudopotential
23: Pseudopotential
175: Pseudopotential
433: Pseudopotential
473: Pseudopotential
311: Pseudopotential
104: Pseudopotential
372: Pseudopotential
218: Pseudopotential
54: Pseudopotential
160: Pseudopotential
423: Pseudopotential
496: Pseudopotential
273: Pseudopotential
113: Pseudopotential
367: Pseudopotential
246: Pseudopotential
52: Pseudopotential
190: Pseudopotential
432: Pseudopotential
502: Pseudopotential
294: Pseudopotential
115: Pseudopotential
364: Pseudopotential
213: Pseudopotential
62: Pseudopotential
183: Pseudopotential
424: Pseudopotential
468: Pseudopotential
304: Pseudopotential
117: Pseudopotential
377: Pseudopotential
216: Pseudopotential
57: Pseudopotential
191: Pseudopotential
427: Pseudopotential
484: Pseudopotential
301: Pseudopotential
106: Pseudopotential
378: Pseudopotential
59: Pseudopotential
184: Pseudopotential
442: Pseudopotential
486: Pseudopotential
318: Pseudopotential
124: Pseudopotential
376: Pseudopotential
222: Pseudopotential
50: Pseudopotential
416: Pseudopotential
510: Pseudopotential
126: Pseudopotential
355: Pseudopotential
220: Pseudopotential
41: Pseudopotential
174: Pseudopotential
437: Pseudopotential
492: Pseudopotential
283: Pseudopotential
358: Pseudopotential
245: Pseudopotential
43: Pseudopotential
181: Pseudopotential
485: Pseudopotential
278: Pseudopotential
247: Pseudopotential
53: Pseudopotential
172: Pseudopotential
426: Pseudopotential
500: Pseudopotential
317: Pseudopotential
382: Pseudopotential
49: Pseudopotential
177: Pseudopotential
445: Pseudopotential
505: Pseudopotential
315: Pseudopotential
353: Pseudopotential
51: Pseudopotential
179: Pseudopotential
443: Pseudopotential
477: Pseudopotential
313: Pseudopotential
356: Pseudopotential
55: Pseudopotential
182: Pseudopotential
441: Pseudopotential
487: Pseudopotential
296: Pseudopotential
366: Pseudopotential
180: Pseudopotential
438: Pseudopotential
479: Pseudopotential
280: Pseudopotential
380: Pseudopotential
412: Pseudopotential
504: Pseudopotential
284: Pseudopotential
417: Pseudopotential
472: Pseudopotential
286: Pseudopotential
418: Pseudopotential
511: Pseudopotential
281: Pseudopotential
436: Pseudopotential
501: Pseudopotential
446: Pseudopotential
406: Pseudopotential
508: Pseudopotential
447: Pseudopotential
509: Pseudopotential
429: Pseudopotential
503: Pseudopotential
428: Pseudopotential
474: Pseudopotential
Could not open qw.hf.config. Generating configurations from scratch
448: Timestep is 1.93984
329: Timestep is 1.93984
279: Timestep is 1.93984
76: Timestep is 1.93984
340: Timestep is 1.93984
198: Timestep is 1.93984
0: Timestep is 1.93984
409: Timestep is 1.93984
77: Timestep is 1.93984
354: Timestep is 1.93984
205: Timestep is 1.93984
129: Timestep is 1.93984
470: Timestep is 1.93984
288: Timestep is 1.93984
78: Timestep is 1.93984
370: Timestep is 1.93984
212: Timestep is 1.93984
132: Timestep is 1.93984
440: Timestep is 1.93984
471: Timestep is 1.93984
306: Timestep is 1.93984
104: Timestep is 1.93984
321: Timestep is 1.93984
218: Timestep is 1.93984
161: Timestep is 1.93984
442: Timestep is 1.93984
488: Timestep is 1.93984
307: Timestep is 1.93984
113: Timestep is 1.93984
323: Timestep is 1.93984
220: Timestep is 1.93984
163: Timestep is 1.93984
384: Timestep is 1.93984
490: Timestep is 1.93984
308: Timestep is 1.93984
117: Timestep is 1.93984
324: Timestep is 1.93984
229: Timestep is 1.93984
164: Timestep is 1.93984
385: Timestep is 1.93984
449: Timestep is 1.93984
312: Timestep is 1.93984
122: Timestep is 1.93984
325: Timestep is 1.93984
242: Timestep is 1.93984
185: Timestep is 1.93984
386: Timestep is 1.93984
451: Timestep is 1.93984
314: Timestep is 1.93984
126: Timestep is 1.93984
326: Timestep is 1.93984
248: Timestep is 1.93984
187: Timestep is 1.93984
387: Timestep is 1.93984
453: Timestep is 1.93984
316: Timestep is 1.93984
64: Timestep is 1.93984
327: Timestep is 1.93984
255: Timestep is 1.93984
128: Timestep is 1.93984
388: Timestep is 1.93984
455: Timestep is 1.93984
319: Timestep is 1.93984
65: Timestep is 1.93984
328: Timestep is 1.93984
192: Timestep is 1.93984
130: Timestep is 1.93984
389: Timestep is 1.93984
457: Timestep is 1.93984
256: Timestep is 1.93984
66: Timestep is 1.93984
330: Timestep is 1.93984
193: Timestep is 1.93984
27: Timestep is 1.93984
131: Timestep is 1.93984
390: Timestep is 1.93984
459: Timestep is 1.93984
257: Timestep is 1.93984
67: Timestep is 1.93984
331: Timestep is 1.93984
194: Timestep is 1.93984
51: Timestep is 1.93984
133: Timestep is 1.93984
391: Timestep is 1.93984
460: Timestep is 1.93984
258: Timestep is 1.93984
68: Timestep is 1.93984
332: Timestep is 1.93984
195: Timestep is 1.93984
1: Timestep is 1.93984
134: Timestep is 1.93984
392: Timestep is 1.93984
461: Timestep is 1.93984
259: Timestep is 1.93984
69: Timestep is 1.93984
333: Timestep is 1.93984
196: Timestep is 1.93984
2: Timestep is 1.93984
135: Timestep is 1.93984
393: Timestep is 1.93984
462: Timestep is 1.93984
260: Timestep is 1.93984
70: Timestep is 1.93984
334: Timestep is 1.93984
197: Timestep is 1.93984
3: Timestep is 1.93984
136: Timestep is 1.93984
394: Timestep is 1.93984
463: Timestep is 1.93984
261: Timestep is 1.93984
71: Timestep is 1.93984
335: Timestep is 1.93984
199: Timestep is 1.93984
4: Timestep is 1.93984
137: Timestep is 1.93984
395: Timestep is 1.93984
464: Timestep is 1.93984
262: Timestep is 1.93984
72: Timestep is 1.93984
200: Timestep is 1.93984
5: Timestep is 1.93984
138: Timestep is 1.93984
396: Timestep is 1.93984
465: Timestep is 1.93984
263: Timestep is 1.93984
73: Timestep is 1.93984
336: Timestep is 1.93984
6: Timestep is 1.93984
139: Timestep is 1.93984
397: Timestep is 1.93984
74: Timestep is 1.93984
337: Timestep is 1.93984
201: Timestep is 1.93984
7: Timestep is 1.93984
466: Timestep is 1.93984
264: Timestep is 1.93984
75: Timestep is 1.93984
338: Timestep is 1.93984
202: Timestep is 1.93984
8: Timestep is 1.93984
140: Timestep is 1.93984
398: Timestep is 1.93984
467: Timestep is 1.93984
265: Timestep is 1.93984
79: Timestep is 1.93984
339: Timestep is 1.93984
203: Timestep is 1.93984
9: Timestep is 1.93984
141: Timestep is 1.93984
399: Timestep is 1.93984
468: Timestep is 1.93984
266: Timestep is 1.93984
80: Timestep is 1.93984
341: Timestep is 1.93984
204: Timestep is 1.93984
10: Timestep is 1.93984
142: Timestep is 1.93984
400: Timestep is 1.93984
469: Timestep is 1.93984
267: Timestep is 1.93984
81: Timestep is 1.93984
342: Timestep is 1.93984
206: Timestep is 1.93984
11: Timestep is 1.93984
143: Timestep is 1.93984
401: Timestep is 1.93984
472: Timestep is 1.93984
268: Timestep is 1.93984
82: Timestep is 1.93984
343: Timestep is 1.93984
207: Timestep is 1.93984
12: Timestep is 1.93984
144: Timestep is 1.93984
402: Timestep is 1.93984
473: Timestep is 1.93984
269: Timestep is 1.93984
83: Timestep is 1.93984
344: Timestep is 1.93984
208: Timestep is 1.93984
13: Timestep is 1.93984
145: Timestep is 1.93984
403: Timestep is 1.93984
474: Timestep is 1.93984
270: Timestep is 1.93984
84: Timestep is 1.93984
345: Timestep is 1.93984
209: Timestep is 1.93984
14: Timestep is 1.93984
146: Timestep is 1.93984
404: Timestep is 1.93984
475: Timestep is 1.93984
271: Timestep is 1.93984
85: Timestep is 1.93984
346: Timestep is 1.93984
210: Timestep is 1.93984
15: Timestep is 1.93984
147: Timestep is 1.93984
405: Timestep is 1.93984
477: Timestep is 1.93984
272: Timestep is 1.93984
86: Timestep is 1.93984
347: Timestep is 1.93984
211: Timestep is 1.93984
16: Timestep is 1.93984
148: Timestep is 1.93984
406: Timestep is 1.93984
479: Timestep is 1.93984
273: Timestep is 1.93984
87: Timestep is 1.93984
348: Timestep is 1.93984
213: Timestep is 1.93984
17: Timestep is 1.93984
149: Timestep is 1.93984
407: Timestep is 1.93984
481: Timestep is 1.93984
274: Timestep is 1.93984
88: Timestep is 1.93984
349: Timestep is 1.93984
214: Timestep is 1.93984
18: Timestep is 1.93984
150: Timestep is 1.93984
408: Timestep is 1.93984
483: Timestep is 1.93984
275: Timestep is 1.93984
89: Timestep is 1.93984
350: Timestep is 1.93984
215: Timestep is 1.93984
19: Timestep is 1.93984
151: Timestep is 1.93984
410: Timestep is 1.93984
484: Timestep is 1.93984
276: Timestep is 1.93984
90: Timestep is 1.93984
351: Timestep is 1.93984
216: Timestep is 1.93984
20: Timestep is 1.93984
152: Timestep is 1.93984
411: Timestep is 1.93984
485: Timestep is 1.93984
277: Timestep is 1.93984
91: Timestep is 1.93984
352: Timestep is 1.93984
217: Timestep is 1.93984
21: Timestep is 1.93984
153: Timestep is 1.93984
412: Timestep is 1.93984
486: Timestep is 1.93984
278: Timestep is 1.93984
92: Timestep is 1.93984
353: Timestep is 1.93984
219: Timestep is 1.93984
22: Timestep is 1.93984
154: Timestep is 1.93984
413: Timestep is 1.93984
487: Timestep is 1.93984
280: Timestep is 1.93984
93: Timestep is 1.93984
355: Timestep is 1.93984
221: Timestep is 1.93984
23: Timestep is 1.93984
155: Timestep is 1.93984
414: Timestep is 1.93984
489: Timestep is 1.93984
281: Timestep is 1.93984
94: Timestep is 1.93984
356: Timestep is 1.93984
222: Timestep is 1.93984
24: Timestep is 1.93984
156: Timestep is 1.93984
415: Timestep is 1.93984
491: Timestep is 1.93984
282: Timestep is 1.93984
358: Timestep is 1.93984
223: Timestep is 1.93984
25: Timestep is 1.93984
157: Timestep is 1.93984
416: Timestep is 1.93984
492: Timestep is 1.93984
283: Timestep is 1.93984
95: Timestep is 1.93984
359: Timestep is 1.93984
224: Timestep is 1.93984
26: Timestep is 1.93984
158: Timestep is 1.93984
417: Timestep is 1.93984
493: Timestep is 1.93984
284: Timestep is 1.93984
96: Timestep is 1.93984
225: Timestep is 1.93984
28: Timestep is 1.93984
159: Timestep is 1.93984
418: Timestep is 1.93984
285: Timestep is 1.93984
97: Timestep is 1.93984
360: Timestep is 1.93984
226: Timestep is 1.93984
29: Timestep is 1.93984
160: Timestep is 1.93984
494: Timestep is 1.93984
98: Timestep is 1.93984
361: Timestep is 1.93984
227: Timestep is 1.93984
30: Timestep is 1.93984
419: Timestep is 1.93984
495: Timestep is 1.93984
286: Timestep is 1.93984
99: Timestep is 1.93984
362: Timestep is 1.93984
228: Timestep is 1.93984
31: Timestep is 1.93984
162: Timestep is 1.93984
420: Timestep is 1.93984
497: Timestep is 1.93984
287: Timestep is 1.93984
100: Timestep is 1.93984
363: Timestep is 1.93984
230: Timestep is 1.93984
32: Timestep is 1.93984
165: Timestep is 1.93984
421: Timestep is 1.93984
498: Timestep is 1.93984
289: Timestep is 1.93984
101: Timestep is 1.93984
364: Timestep is 1.93984
231: Timestep is 1.93984
33: Timestep is 1.93984
167: Timestep is 1.93984
422: Timestep is 1.93984
499: Timestep is 1.93984
290: Timestep is 1.93984
102: Timestep is 1.93984
365: Timestep is 1.93984
232: Timestep is 1.93984
34: Timestep is 1.93984
168: Timestep is 1.93984
423: Timestep is 1.93984
500: Timestep is 1.93984
291: Timestep is 1.93984
103: Timestep is 1.93984
367: Timestep is 1.93984
233: Timestep is 1.93984
35: Timestep is 1.93984
169: Timestep is 1.93984
424: Timestep is 1.93984
501: Timestep is 1.93984
292: Timestep is 1.93984
105: Timestep is 1.93984
368: Timestep is 1.93984
234: Timestep is 1.93984
36: Timestep is 1.93984
170: Timestep is 1.93984
425: Timestep is 1.93984
502: Timestep is 1.93984
293: Timestep is 1.93984
106: Timestep is 1.93984
369: Timestep is 1.93984
235: Timestep is 1.93984
37: Timestep is 1.93984
171: Timestep is 1.93984
426: Timestep is 1.93984
503: Timestep is 1.93984
294: Timestep is 1.93984
107: Timestep is 1.93984
371: Timestep is 1.93984
236: Timestep is 1.93984
38: Timestep is 1.93984
172: Timestep is 1.93984
427: Timestep is 1.93984
504: Timestep is 1.93984
295: Timestep is 1.93984
108: Timestep is 1.93984
372: Timestep is 1.93984
237: Timestep is 1.93984
39: Timestep is 1.93984
173: Timestep is 1.93984
428: Timestep is 1.93984
505: Timestep is 1.93984
296: Timestep is 1.93984
109: Timestep is 1.93984
373: Timestep is 1.93984
238: Timestep is 1.93984
40: Timestep is 1.93984
174: Timestep is 1.93984
429: Timestep is 1.93984
506: Timestep is 1.93984
297: Timestep is 1.93984
110: Timestep is 1.93984
374: Timestep is 1.93984
239: Timestep is 1.93984
41: Timestep is 1.93984
175: Timestep is 1.93984
430: Timestep is 1.93984
507: Timestep is 1.93984
298: Timestep is 1.93984
111: Timestep is 1.93984
375: Timestep is 1.93984
240: Timestep is 1.93984
42: Timestep is 1.93984
176: Timestep is 1.93984
431: Timestep is 1.93984
508: Timestep is 1.93984
299: Timestep is 1.93984
112: Timestep is 1.93984
376: Timestep is 1.93984
241: Timestep is 1.93984
43: Timestep is 1.93984
177: Timestep is 1.93984
432: Timestep is 1.93984
509: Timestep is 1.93984
300: Timestep is 1.93984
114: Timestep is 1.93984
377: Timestep is 1.93984
243: Timestep is 1.93984
44: Timestep is 1.93984
178: Timestep is 1.93984
433: Timestep is 1.93984
510: Timestep is 1.93984
301: Timestep is 1.93984
115: Timestep is 1.93984
378: Timestep is 1.93984
244: Timestep is 1.93984
45: Timestep is 1.93984
179: Timestep is 1.93984
434: Timestep is 1.93984
511: Timestep is 1.93984
302: Timestep is 1.93984
116: Timestep is 1.93984
379: Timestep is 1.93984
245: Timestep is 1.93984
46: Timestep is 1.93984
180: Timestep is 1.93984
435: Timestep is 1.93984
450: Timestep is 1.93984
303: Timestep is 1.93984
118: Timestep is 1.93984
380: Timestep is 1.93984
246: Timestep is 1.93984
47: Timestep is 1.93984
181: Timestep is 1.93984
436: Timestep is 1.93984
452: Timestep is 1.93984
304: Timestep is 1.93984
119: Timestep is 1.93984
381: Timestep is 1.93984
247: Timestep is 1.93984
48: Timestep is 1.93984
182: Timestep is 1.93984
437: Timestep is 1.93984
454: Timestep is 1.93984
305: Timestep is 1.93984
120: Timestep is 1.93984
382: Timestep is 1.93984
249: Timestep is 1.93984
49: Timestep is 1.93984
183: Timestep is 1.93984
438: Timestep is 1.93984
456: Timestep is 1.93984
309: Timestep is 1.93984
121: Timestep is 1.93984
383: Timestep is 1.93984
250: Timestep is 1.93984
50: Timestep is 1.93984
184: Timestep is 1.93984
439: Timestep is 1.93984
458: Timestep is 1.93984
310: Timestep is 1.93984
123: Timestep is 1.93984
320: Timestep is 1.93984
251: Timestep is 1.93984
52: Timestep is 1.93984
186: Timestep is 1.93984
441: Timestep is 1.93984
476: Timestep is 1.93984
311: Timestep is 1.93984
124: Timestep is 1.93984
322: Timestep is 1.93984
252: Timestep is 1.93984
53: Timestep is 1.93984
188: Timestep is 1.93984
443: Timestep is 1.93984
478: Timestep is 1.93984
313: Timestep is 1.93984
125: Timestep is 1.93984
366: Timestep is 1.93984
253: Timestep is 1.93984
54: Timestep is 1.93984
189: Timestep is 1.93984
444: Timestep is 1.93984
480: Timestep is 1.93984
315: Timestep is 1.93984
127: Timestep is 1.93984
254: Timestep is 1.93984
55: Timestep is 1.93984
190: Timestep is 1.93984
445: Timestep is 1.93984
482: Timestep is 1.93984
317: Timestep is 1.93984
56: Timestep is 1.93984
191: Timestep is 1.93984
446: Timestep is 1.93984
496: Timestep is 1.93984
318: Timestep is 1.93984
57: Timestep is 1.93984
447: Timestep is 1.93984
58: Timestep is 1.93984
59: Timestep is 1.93984
60: Timestep is 1.93984
61: Timestep is 1.93984
62: Timestep is 1.93984
63: Timestep is 1.93984
357: Timestep is 1.93984
166: Timestep is 1.93984
1: Write took 0 seconds
1: Write took 0 seconds
1: Write took 0 seconds
1: Write took 0 seconds
1: Write took 0 seconds
1: Write took 0 seconds
1: Write took 0 seconds
1: Write took 0 seconds
1: Write took 0 seconds
1: Write took 0 seconds
1: Write took 0 seconds
1: Write took 0 seconds
1: Write took 0 seconds
1: Write took 0 seconds
1: Write took 0 seconds
1: Write took 0 seconds
1: Write took 0 seconds
1: Write took 0 seconds
1: Write took 0 seconds
1: Write took 0 seconds
