SCF finished!
ZMQ_0 finished!
2020-05-09 03:41:20.338155-04:00
===============
Quantum Package
===============

Git Commit: fixed bug in FOBOSCF
Git Date  : Fri Jun 28 00:16:47 2019 +0200
Git SHA1  : edd9add59ff4547c41a99f129d34b52efa79bcf4


Task server running : tcp://127.0.1.1:41279

.. >>>>> [ WALL TIME:        0.000000 s ] [ CPU  TIME:        0.001609 s ] <<<<< ..

 Read  n_states

.. >>>>> [ WALL TIME:        0.000000 s ] [ CPU  TIME:        0.001656 s ] <<<<< ..

 Read  read_wf
* mo_tot_num                                                   171

.. >>>>> [ WALL TIME:        0.003000 s ] [ CPU  TIME:        0.008063 s ] <<<<< ..

 Read  ao_num
 Read  mo_coef
 * mo_label          Canonical
* Number of determinants                                      3499
* Dimension of the psi arrays                               100000
* N_int                                                          3

.. >>>>> [ WALL TIME:        0.022000 s ] [ CPU  TIME:        0.077017 s ] <<<<< ..

 Read  elec_beta_num

.. >>>>> [ WALL TIME:        0.022000 s ] [ CPU  TIME:        0.077041 s ] <<<<< ..

 Read  elec_alpha_num
 Read psi_det
 Read psi_coef        3499           1

.. >>>>> [ WALL TIME:        0.041000 s ] [ CPU  TIME:        0.165990 s ] <<<<< ..

MOs are now **Natural**

Eigenvalues
-----------

======== ================
       1     1.9676705927
       2     1.9592453337
       3     1.0000447484
       4     0.9904487223
       5     0.0174885463
       6     0.0139133327
       7     0.0087028818
       8     0.0074281126
       9     0.0068301386
      10     0.0051071254
      11     0.0042980936
      12     0.0030351017
      13     0.0019650619
      14     0.0015203517
      15     0.0014327874
      16     0.0011769807
      17     0.0006839003
      18     0.0005462294
      19     0.0005411460
      20     0.0004951141
      21     0.0004893520
      22     0.0004861020
      23     0.0004475730
      24     0.0004225366
      25     0.0003414648
      26     0.0002958105
      27     0.0002878639
      28     0.0002533934
      29     0.0002448686
      30     0.0002194493
      31     0.0002163309
      32     0.0002140797
      33     0.0001971252
      34     0.0001964050
      35     0.0001813090
      36     0.0001658644
      37     0.0001649691
      38     0.0001539756
      39     0.0001393455
      40     0.0001375439
      41     0.0001370819
      42     0.0001278126
      43     0.0001265889
      44     0.0001265454
      45     0.0001226959
      46     0.0001182122
      47     0.0001085359
      48     0.0000951405
      49     0.0000883355
      50     0.0000874963
      51     0.0000784383
      52     0.0000747466
      53     0.0000637519
      54     0.0000612257
      55     0.0000595440
      56     0.0000559426
      57     0.0000504876
      58     0.0000484761
      59     0.0000417863
      60     0.0000416446
      61     0.0000366971
      62     0.0000342504
      63     0.0000327692
      64     0.0000299858
      65     0.0000273007
      66     0.0000262356
      67     0.0000246809
      68     0.0000245268
      69     0.0000226006
      70     0.0000206463
      71     0.0000202797
      72     0.0000179096
      73     0.0000159703
      74     0.0000156079
      75     0.0000102321
      76     0.0000100229
      77     0.0000099923
      78     0.0000099370
      79     0.0000086796
      80     0.0000082621
      81     0.0000068519
      82     0.0000067019
      83     0.0000063580
      84     0.0000062050
      85     0.0000060368
      86     0.0000053232
      87     0.0000043131
      88     0.0000039828
      89     0.0000034877
      90     0.0000000000
      91     0.0000000000
      92     0.0000000000
      93     0.0000000000
      94     0.0000000000
      95     0.0000000000
      96     0.0000000000
      97     0.0000000000
      98     0.0000000000
      99     0.0000000000
     100     0.0000000000
     101     0.0000000000
     102     0.0000000000
     103     0.0000000000
     104     0.0000000000
     105     0.0000000000
     106     0.0000000000
     107     0.0000000000
     108     0.0000000000
     109     0.0000000000
     110     0.0000000000
     111     0.0000000000
     112     0.0000000000
     113     0.0000000000
     114     0.0000000000
     115     0.0000000000
     116     0.0000000000
     117     0.0000000000
     118     0.0000000000
     119     0.0000000000
     120     0.0000000000
     121     0.0000000000
     122     0.0000000000
     123     0.0000000000
     124     0.0000000000
     125     0.0000000000
     126     0.0000000000
     127     0.0000000000
     128     0.0000000000
     129     0.0000000000
     130     0.0000000000
     131     0.0000000000
     132     0.0000000000
     133     0.0000000000
     134     0.0000000000
     135     0.0000000000
     136     0.0000000000
     137     0.0000000000
     138     0.0000000000
     139     0.0000000000
     140     0.0000000000
     141     0.0000000000
     142     0.0000000000
     143     0.0000000000
     144     0.0000000000
     145     0.0000000000
     146     0.0000000000
     147     0.0000000000
     148     0.0000000000
     149     0.0000000000
     150     0.0000000000
     151     0.0000000000
     152     0.0000000000
     153     0.0000000000
     154     0.0000000000
     155     0.0000000000
     156     0.0000000000
     157     0.0000000000
     158     0.0000000000
     159     0.0000000000
     160     0.0000000000
     161     0.0000000000
     162     0.0000000000
     163     0.0000000000
     164     0.0000000000
     165     0.0000000000
     166     0.0000000000
     167     0.0000000000
     168     0.0000000000
     169     0.0000000000
     170     0.0000000000
     171     0.0000000000
======== ================


.. >>>>> [ WALL TIME:        0.055000 s ] [ CPU  TIME:        0.189731 s ] <<<<< ..

 Read mo_occ

.. >>>>> [ WALL TIME:        0.056000 s ] [ CPU  TIME:        0.190202 s ] <<<<< ..

 Read  ao_md5
* Saved determinants                                             1
Wall time : 1.3181s

ZMQ_1 finished!
2020-05-09 03:52:37.142603-04:00
===============
Quantum Package
===============

Git Commit: fixed bug in FOBOSCF
Git Date  : Fri Jun 28 00:16:47 2019 +0200
Git SHA1  : edd9add59ff4547c41a99f129d34b52efa79bcf4


Task server running : tcp://127.0.1.1:41279

.. >>>>> [ WALL TIME:        0.000000 s ] [ CPU  TIME:        0.001366 s ] <<<<< ..

 Read  n_states

.. >>>>> [ WALL TIME:        0.000000 s ] [ CPU  TIME:        0.001414 s ] <<<<< ..

 Read  read_wf
* mo_tot_num                                                   171

.. >>>>> [ WALL TIME:        0.003000 s ] [ CPU  TIME:        0.007566 s ] <<<<< ..

 Read  ao_num
 Read  mo_coef
 * mo_label          Natural
* Number of determinants                                      8398
* Dimension of the psi arrays                               100000
* N_int                                                          3

.. >>>>> [ WALL TIME:        0.023000 s ] [ CPU  TIME:        0.072358 s ] <<<<< ..

 Read  elec_beta_num

.. >>>>> [ WALL TIME:        0.023000 s ] [ CPU  TIME:        0.072380 s ] <<<<< ..

 Read  elec_alpha_num
 Read psi_det
 Read psi_coef        8398           1

.. >>>>> [ WALL TIME:        0.062000 s ] [ CPU  TIME:        0.260418 s ] <<<<< ..

MOs are now **Natural**

Eigenvalues
-----------

======== ================
       1     1.9539051520
       2     1.9417736786
       3     0.9945361702
       4     0.9855821725
       5     0.0274333963
       6     0.0236515375
       7     0.0119729745
       8     0.0113363007
       9     0.0112107401
      10     0.0080655058
      11     0.0079721022
      12     0.0036745880
      13     0.0036366574
      14     0.0024914928
      15     0.0023709599
      16     0.0021501383
      17     0.0015503290
      18     0.0012958154
      19     0.0005130200
      20     0.0005110050
      21     0.0003959924
      22     0.0003586907
      23     0.0002824509
      24     0.0002360070
      25     0.0002337027
      26     0.0001618919
      27     0.0001377266
      28     0.0001187229
      29     0.0001127588
      30     0.0000997557
      31     0.0000920604
      32     0.0000839111
      33     0.0000806396
      34     0.0000779941
      35     0.0000747471
      36     0.0000727094
      37     0.0000717789
      38     0.0000690144
      39     0.0000629534
      40     0.0000602305
      41     0.0000561934
      42     0.0000558157
      43     0.0000540641
      44     0.0000495331
      45     0.0000428652
      46     0.0000411385
      47     0.0000404629
      48     0.0000391089
      49     0.0000386830
      50     0.0000372560
      51     0.0000358055
      52     0.0000339432
      53     0.0000307365
      54     0.0000284644
      55     0.0000272154
      56     0.0000254613
      57     0.0000252147
      58     0.0000245565
      59     0.0000232548
      60     0.0000229823
      61     0.0000226155
      62     0.0000222373
      63     0.0000214751
      64     0.0000211691
      65     0.0000210912
      66     0.0000203271
      67     0.0000197112
      68     0.0000194147
      69     0.0000183851
      70     0.0000180289
      71     0.0000172099
      72     0.0000167412
      73     0.0000164888
      74     0.0000162041
      75     0.0000154989
      76     0.0000148842
      77     0.0000147110
      78     0.0000142845
      79     0.0000137810
      80     0.0000134917
      81     0.0000130813
      82     0.0000127517
      83     0.0000124516
      84     0.0000117123
      85     0.0000116269
      86     0.0000113312
      87     0.0000110219
      88     0.0000105571
      89     0.0000102209
      90     0.0000097670
      91     0.0000095110
      92     0.0000089982
      93     0.0000089673
      94     0.0000087735
      95     0.0000082932
      96     0.0000080187
      97     0.0000079631
      98     0.0000078075
      99     0.0000077634
     100     0.0000069969
     101     0.0000067822
     102     0.0000065428
     103     0.0000064396
     104     0.0000062689
     105     0.0000060459
     106     0.0000059004
     107     0.0000057244
     108     0.0000055526
     109     0.0000053135
     110     0.0000052922
     111     0.0000052599
     112     0.0000050282
     113     0.0000049228
     114     0.0000047235
     115     0.0000045702
     116     0.0000043976
     117     0.0000043515
     118     0.0000039261
     119     0.0000037339
     120     0.0000036306
     121     0.0000034476
     122     0.0000034120
     123     0.0000033607
     124     0.0000033072
     125     0.0000033036
     126     0.0000031282
     127     0.0000029036
     128     0.0000027561
     129     0.0000026673
     130     0.0000025981
     131     0.0000025618
     132     0.0000025382
     133     0.0000024814
     134     0.0000024788
     135     0.0000024766
     136     0.0000022984
     137     0.0000022620
     138     0.0000022317
     139     0.0000022063
     140     0.0000021004
     141     0.0000020682
     142     0.0000020623
     143     0.0000020351
     144     0.0000020297
     145     0.0000019862
     146     0.0000019855
     147     0.0000019724
     148     0.0000018608
     149     0.0000018554
     150     0.0000017256
     151     0.0000015973
     152     0.0000014196
     153     0.0000013862
     154     0.0000013723
     155     0.0000013212
     156     0.0000012910
     157     0.0000012277
     158     0.0000011582
     159     0.0000009491
     160     0.0000007056
     161     0.0000006923
     162     0.0000005930
     163     0.0000005791
     164     0.0000005781
     165     0.0000005398
     166     0.0000004860
     167     0.0000000000
     168     0.0000000000
     169     0.0000000000
     170     0.0000000000
     171     0.0000000000
======== ================


.. >>>>> [ WALL TIME:        0.081000 s ] [ CPU  TIME:        0.297973 s ] <<<<< ..

 Read mo_occ

.. >>>>> [ WALL TIME:        0.083000 s ] [ CPU  TIME:        0.298418 s ] <<<<< ..

 Read  ao_md5
* Saved determinants                                             1
Wall time : 1.43618s

ZMQ_2 finished!
